<?xml version="1.0" encoding="UTF-8"?>
<testsuites name="TS001 Create Campaign with negative testing" time="759" tests="27" failures="0" errors="0">
   <testsuite name="TS001 Create Campaign with negative testing" tests="27" failures="0" errors="0" time="759" timestamp="2018-07-24 14:09:24" hostname="kl.chan - KaiLoon0917.mk.macrokiosk.com" id="Test Suites/TS_Create_Campaign/TS001 Create Campaign with negative testing">
      <properties>
         <property name="deviceName" value=""/>
         <property name="devicePlatform" value=""/>
         <property name="logFolder" value="C:\\Users\\kl.chan\\Katalon Studio\\boldreward\\Reports\\TS_Create_Campaign\\TS001 Create Campaign with negative testing\\20180724_140922"/>
         <property name="logFiles" value="C:\\Users\\kl.chan\\Katalon Studio\\boldreward\\Reports\\TS_Create_Campaign\\TS001 Create Campaign with negative testing\\20180724_140922\\execution0.log"/>
         <property name="attachments" value="C:\\Users\\kl.chan\\Katalon Studio\\boldreward\\Reports\\TS_Create_Campaign\\TS001 Create Campaign with negative testing\\20180724_140922\\1532412600073.png, C:\\Users\\kl.chan\\Katalon Studio\\boldreward\\Reports\\TS_Create_Campaign\\TS001 Create Campaign with negative testing\\20180724_140922\\1532412600451.png, C:\\Users\\kl.chan\\Katalon Studio\\boldreward\\Reports\\TS_Create_Campaign\\TS001 Create Campaign with negative testing\\20180724_140922\\1532412600815.png, C:\\Users\\kl.chan\\Katalon Studio\\boldreward\\Reports\\TS_Create_Campaign\\TS001 Create Campaign with negative testing\\20180724_140922\\1532412601227.png, C:\\Users\\kl.chan\\Katalon Studio\\boldreward\\Reports\\TS_Create_Campaign\\TS001 Create Campaign with negative testing\\20180724_140922\\1532412605187.png, C:\\Users\\kl.chan\\Katalon Studio\\boldreward\\Reports\\TS_Create_Campaign\\TS001 Create Campaign with negative testing\\20180724_140922\\1532412629909.png, C:\\Users\\kl.chan\\Katalon Studio\\boldreward\\Reports\\TS_Create_Campaign\\TS001 Create Campaign with negative testing\\20180724_140922\\1532412630207.png, C:\\Users\\kl.chan\\Katalon Studio\\boldreward\\Reports\\TS_Create_Campaign\\TS001 Create Campaign with negative testing\\20180724_140922\\1532412630485.png, C:\\Users\\kl.chan\\Katalon Studio\\boldreward\\Reports\\TS_Create_Campaign\\TS001 Create Campaign with negative testing\\20180724_140922\\1532412630831.png, C:\\Users\\kl.chan\\Katalon Studio\\boldreward\\Reports\\TS_Create_Campaign\\TS001 Create Campaign with negative testing\\20180724_140922\\1532412634883.png, C:\\Users\\kl.chan\\Katalon Studio\\boldreward\\Reports\\TS_Create_Campaign\\TS001 Create Campaign with negative testing\\20180724_140922\\1532412659100.png, C:\\Users\\kl.chan\\Katalon Studio\\boldreward\\Reports\\TS_Create_Campaign\\TS001 Create Campaign with negative testing\\20180724_140922\\1532412659387.png, C:\\Users\\kl.chan\\Katalon Studio\\boldreward\\Reports\\TS_Create_Campaign\\TS001 Create Campaign with negative testing\\20180724_140922\\1532412659672.png, C:\\Users\\kl.chan\\Katalon Studio\\boldreward\\Reports\\TS_Create_Campaign\\TS001 Create Campaign with negative testing\\20180724_140922\\1532412659979.png, C:\\Users\\kl.chan\\Katalon Studio\\boldreward\\Reports\\TS_Create_Campaign\\TS001 Create Campaign with negative testing\\20180724_140922\\1532412663798.png, C:\\Users\\kl.chan\\Katalon Studio\\boldreward\\Reports\\TS_Create_Campaign\\TS001 Create Campaign with negative testing\\20180724_140922\\1532412688190.png, C:\\Users\\kl.chan\\Katalon Studio\\boldreward\\Reports\\TS_Create_Campaign\\TS001 Create Campaign with negative testing\\20180724_140922\\1532412688475.png, C:\\Users\\kl.chan\\Katalon Studio\\boldreward\\Reports\\TS_Create_Campaign\\TS001 Create Campaign with negative testing\\20180724_140922\\1532412688761.png, C:\\Users\\kl.chan\\Katalon Studio\\boldreward\\Reports\\TS_Create_Campaign\\TS001 Create Campaign with negative testing\\20180724_140922\\1532412689097.png, C:\\Users\\kl.chan\\Katalon Studio\\boldreward\\Reports\\TS_Create_Campaign\\TS001 Create Campaign with negative testing\\20180724_140922\\1532412692896.png, C:\\Users\\kl.chan\\Katalon Studio\\boldreward\\Reports\\TS_Create_Campaign\\TS001 Create Campaign with negative testing\\20180724_140922\\1532412716437.png, C:\\Users\\kl.chan\\Katalon Studio\\boldreward\\Reports\\TS_Create_Campaign\\TS001 Create Campaign with negative testing\\20180724_140922\\1532412716728.png, C:\\Users\\kl.chan\\Katalon Studio\\boldreward\\Reports\\TS_Create_Campaign\\TS001 Create Campaign with negative testing\\20180724_140922\\1532412717048.png, C:\\Users\\kl.chan\\Katalon Studio\\boldreward\\Reports\\TS_Create_Campaign\\TS001 Create Campaign with negative testing\\20180724_140922\\1532412717318.png, C:\\Users\\kl.chan\\Katalon Studio\\boldreward\\Reports\\TS_Create_Campaign\\TS001 Create Campaign with negative testing\\20180724_140922\\1532412717629.png, C:\\Users\\kl.chan\\Katalon Studio\\boldreward\\Reports\\TS_Create_Campaign\\TS001 Create Campaign with negative testing\\20180724_140922\\1532412721440.png, C:\\Users\\kl.chan\\Katalon Studio\\boldreward\\Reports\\TS_Create_Campaign\\TS001 Create Campaign with negative testing\\20180724_140922\\1532412746066.png, C:\\Users\\kl.chan\\Katalon Studio\\boldreward\\Reports\\TS_Create_Campaign\\TS001 Create Campaign with negative testing\\20180724_140922\\1532412746348.png, C:\\Users\\kl.chan\\Katalon Studio\\boldreward\\Reports\\TS_Create_Campaign\\TS001 Create Campaign with negative testing\\20180724_140922\\1532412746631.png, C:\\Users\\kl.chan\\Katalon Studio\\boldreward\\Reports\\TS_Create_Campaign\\TS001 Create Campaign with negative testing\\20180724_140922\\1532412746953.png, C:\\Users\\kl.chan\\Katalon Studio\\boldreward\\Reports\\TS_Create_Campaign\\TS001 Create Campaign with negative testing\\20180724_140922\\1532412749725.png, C:\\Users\\kl.chan\\Katalon Studio\\boldreward\\Reports\\TS_Create_Campaign\\TS001 Create Campaign with negative testing\\20180724_140922\\1532412775117.png, C:\\Users\\kl.chan\\Katalon Studio\\boldreward\\Reports\\TS_Create_Campaign\\TS001 Create Campaign with negative testing\\20180724_140922\\1532412775422.png, C:\\Users\\kl.chan\\Katalon Studio\\boldreward\\Reports\\TS_Create_Campaign\\TS001 Create Campaign with negative testing\\20180724_140922\\1532412775752.png, C:\\Users\\kl.chan\\Katalon Studio\\boldreward\\Reports\\TS_Create_Campaign\\TS001 Create Campaign with negative testing\\20180724_140922\\1532412776111.png, C:\\Users\\kl.chan\\Katalon Studio\\boldreward\\Reports\\TS_Create_Campaign\\TS001 Create Campaign with negative testing\\20180724_140922\\1532412779834.png, C:\\Users\\kl.chan\\Katalon Studio\\boldreward\\Reports\\TS_Create_Campaign\\TS001 Create Campaign with negative testing\\20180724_140922\\1532412802301.png, C:\\Users\\kl.chan\\Katalon Studio\\boldreward\\Reports\\TS_Create_Campaign\\TS001 Create Campaign with negative testing\\20180724_140922\\1532412802575.png, C:\\Users\\kl.chan\\Katalon Studio\\boldreward\\Reports\\TS_Create_Campaign\\TS001 Create Campaign with negative testing\\20180724_140922\\1532412802855.png, C:\\Users\\kl.chan\\Katalon Studio\\boldreward\\Reports\\TS_Create_Campaign\\TS001 Create Campaign with negative testing\\20180724_140922\\1532412803156.png, C:\\Users\\kl.chan\\Katalon Studio\\boldreward\\Reports\\TS_Create_Campaign\\TS001 Create Campaign with negative testing\\20180724_140922\\1532412806798.png, C:\\Users\\kl.chan\\Katalon Studio\\boldreward\\Reports\\TS_Create_Campaign\\TS001 Create Campaign with negative testing\\20180724_140922\\1532412829518.png, C:\\Users\\kl.chan\\Katalon Studio\\boldreward\\Reports\\TS_Create_Campaign\\TS001 Create Campaign with negative testing\\20180724_140922\\1532412829816.png, C:\\Users\\kl.chan\\Katalon Studio\\boldreward\\Reports\\TS_Create_Campaign\\TS001 Create Campaign with negative testing\\20180724_140922\\1532412830173.png, C:\\Users\\kl.chan\\Katalon Studio\\boldreward\\Reports\\TS_Create_Campaign\\TS001 Create Campaign with negative testing\\20180724_140922\\1532412830571.png, C:\\Users\\kl.chan\\Katalon Studio\\boldreward\\Reports\\TS_Create_Campaign\\TS001 Create Campaign with negative testing\\20180724_140922\\1532412834881.png, C:\\Users\\kl.chan\\Katalon Studio\\boldreward\\Reports\\TS_Create_Campaign\\TS001 Create Campaign with negative testing\\20180724_140922\\1532412859621.png, C:\\Users\\kl.chan\\Katalon Studio\\boldreward\\Reports\\TS_Create_Campaign\\TS001 Create Campaign with negative testing\\20180724_140922\\1532412859931.png, C:\\Users\\kl.chan\\Katalon Studio\\boldreward\\Reports\\TS_Create_Campaign\\TS001 Create Campaign with negative testing\\20180724_140922\\1532412860224.png, C:\\Users\\kl.chan\\Katalon Studio\\boldreward\\Reports\\TS_Create_Campaign\\TS001 Create Campaign with negative testing\\20180724_140922\\1532412860537.png, C:\\Users\\kl.chan\\Katalon Studio\\boldreward\\Reports\\TS_Create_Campaign\\TS001 Create Campaign with negative testing\\20180724_140922\\1532412864349.png, C:\\Users\\kl.chan\\Katalon Studio\\boldreward\\Reports\\TS_Create_Campaign\\TS001 Create Campaign with negative testing\\20180724_140922\\1532412888759.png, C:\\Users\\kl.chan\\Katalon Studio\\boldreward\\Reports\\TS_Create_Campaign\\TS001 Create Campaign with negative testing\\20180724_140922\\1532412889035.png, C:\\Users\\kl.chan\\Katalon Studio\\boldreward\\Reports\\TS_Create_Campaign\\TS001 Create Campaign with negative testing\\20180724_140922\\1532412889316.png, C:\\Users\\kl.chan\\Katalon Studio\\boldreward\\Reports\\TS_Create_Campaign\\TS001 Create Campaign with negative testing\\20180724_140922\\1532412889619.png, C:\\Users\\kl.chan\\Katalon Studio\\boldreward\\Reports\\TS_Create_Campaign\\TS001 Create Campaign with negative testing\\20180724_140922\\1532412892935.png, C:\\Users\\kl.chan\\Katalon Studio\\boldreward\\Reports\\TS_Create_Campaign\\TS001 Create Campaign with negative testing\\20180724_140922\\1532412917509.png, C:\\Users\\kl.chan\\Katalon Studio\\boldreward\\Reports\\TS_Create_Campaign\\TS001 Create Campaign with negative testing\\20180724_140922\\1532412917785.png, C:\\Users\\kl.chan\\Katalon Studio\\boldreward\\Reports\\TS_Create_Campaign\\TS001 Create Campaign with negative testing\\20180724_140922\\1532412918060.png, C:\\Users\\kl.chan\\Katalon Studio\\boldreward\\Reports\\TS_Create_Campaign\\TS001 Create Campaign with negative testing\\20180724_140922\\1532412918387.png, C:\\Users\\kl.chan\\Katalon Studio\\boldreward\\Reports\\TS_Create_Campaign\\TS001 Create Campaign with negative testing\\20180724_140922\\1532412921688.png, C:\\Users\\kl.chan\\Katalon Studio\\boldreward\\Reports\\TS_Create_Campaign\\TS001 Create Campaign with negative testing\\20180724_140922\\1532412946223.png, C:\\Users\\kl.chan\\Katalon Studio\\boldreward\\Reports\\TS_Create_Campaign\\TS001 Create Campaign with negative testing\\20180724_140922\\1532412946519.png, C:\\Users\\kl.chan\\Katalon Studio\\boldreward\\Reports\\TS_Create_Campaign\\TS001 Create Campaign with negative testing\\20180724_140922\\1532412946808.png, C:\\Users\\kl.chan\\Katalon Studio\\boldreward\\Reports\\TS_Create_Campaign\\TS001 Create Campaign with negative testing\\20180724_140922\\1532412947132.png, C:\\Users\\kl.chan\\Katalon Studio\\boldreward\\Reports\\TS_Create_Campaign\\TS001 Create Campaign with negative testing\\20180724_140922\\1532412950003.png, C:\\Users\\kl.chan\\Katalon Studio\\boldreward\\Reports\\TS_Create_Campaign\\TS001 Create Campaign with negative testing\\20180724_140922\\1532412974747.png, C:\\Users\\kl.chan\\Katalon Studio\\boldreward\\Reports\\TS_Create_Campaign\\TS001 Create Campaign with negative testing\\20180724_140922\\1532412975047.png, C:\\Users\\kl.chan\\Katalon Studio\\boldreward\\Reports\\TS_Create_Campaign\\TS001 Create Campaign with negative testing\\20180724_140922\\1532412975345.png, C:\\Users\\kl.chan\\Katalon Studio\\boldreward\\Reports\\TS_Create_Campaign\\TS001 Create Campaign with negative testing\\20180724_140922\\1532412975677.png, C:\\Users\\kl.chan\\Katalon Studio\\boldreward\\Reports\\TS_Create_Campaign\\TS001 Create Campaign with negative testing\\20180724_140922\\1532412979827.png, C:\\Users\\kl.chan\\Katalon Studio\\boldreward\\Reports\\TS_Create_Campaign\\TS001 Create Campaign with negative testing\\20180724_140922\\1532413002626.png, C:\\Users\\kl.chan\\Katalon Studio\\boldreward\\Reports\\TS_Create_Campaign\\TS001 Create Campaign with negative testing\\20180724_140922\\1532413002924.png, C:\\Users\\kl.chan\\Katalon Studio\\boldreward\\Reports\\TS_Create_Campaign\\TS001 Create Campaign with negative testing\\20180724_140922\\1532413003212.png, C:\\Users\\kl.chan\\Katalon Studio\\boldreward\\Reports\\TS_Create_Campaign\\TS001 Create Campaign with negative testing\\20180724_140922\\1532413003563.png, C:\\Users\\kl.chan\\Katalon Studio\\boldreward\\Reports\\TS_Create_Campaign\\TS001 Create Campaign with negative testing\\20180724_140922\\1532413007622.png, C:\\Users\\kl.chan\\Katalon Studio\\boldreward\\Reports\\TS_Create_Campaign\\TS001 Create Campaign with negative testing\\20180724_140922\\1532413029936.png, C:\\Users\\kl.chan\\Katalon Studio\\boldreward\\Reports\\TS_Create_Campaign\\TS001 Create Campaign with negative testing\\20180724_140922\\1532413030232.png, C:\\Users\\kl.chan\\Katalon Studio\\boldreward\\Reports\\TS_Create_Campaign\\TS001 Create Campaign with negative testing\\20180724_140922\\1532413030516.png, C:\\Users\\kl.chan\\Katalon Studio\\boldreward\\Reports\\TS_Create_Campaign\\TS001 Create Campaign with negative testing\\20180724_140922\\1532413030871.png, C:\\Users\\kl.chan\\Katalon Studio\\boldreward\\Reports\\TS_Create_Campaign\\TS001 Create Campaign with negative testing\\20180724_140922\\1532413034613.png, C:\\Users\\kl.chan\\Katalon Studio\\boldreward\\Reports\\TS_Create_Campaign\\TS001 Create Campaign with negative testing\\20180724_140922\\1532413057009.png, C:\\Users\\kl.chan\\Katalon Studio\\boldreward\\Reports\\TS_Create_Campaign\\TS001 Create Campaign with negative testing\\20180724_140922\\1532413057295.png, C:\\Users\\kl.chan\\Katalon Studio\\boldreward\\Reports\\TS_Create_Campaign\\TS001 Create Campaign with negative testing\\20180724_140922\\1532413057571.png, C:\\Users\\kl.chan\\Katalon Studio\\boldreward\\Reports\\TS_Create_Campaign\\TS001 Create Campaign with negative testing\\20180724_140922\\1532413057888.png, C:\\Users\\kl.chan\\Katalon Studio\\boldreward\\Reports\\TS_Create_Campaign\\TS001 Create Campaign with negative testing\\20180724_140922\\1532413061653.png, C:\\Users\\kl.chan\\Katalon Studio\\boldreward\\Reports\\TS_Create_Campaign\\TS001 Create Campaign with negative testing\\20180724_140922\\1532413083980.png, C:\\Users\\kl.chan\\Katalon Studio\\boldreward\\Reports\\TS_Create_Campaign\\TS001 Create Campaign with negative testing\\20180724_140922\\1532413084262.png, C:\\Users\\kl.chan\\Katalon Studio\\boldreward\\Reports\\TS_Create_Campaign\\TS001 Create Campaign with negative testing\\20180724_140922\\1532413084572.png, C:\\Users\\kl.chan\\Katalon Studio\\boldreward\\Reports\\TS_Create_Campaign\\TS001 Create Campaign with negative testing\\20180724_140922\\1532413084908.png, C:\\Users\\kl.chan\\Katalon Studio\\boldreward\\Reports\\TS_Create_Campaign\\TS001 Create Campaign with negative testing\\20180724_140922\\1532413088943.png, C:\\Users\\kl.chan\\Katalon Studio\\boldreward\\Reports\\TS_Create_Campaign\\TS001 Create Campaign with negative testing\\20180724_140922\\1532413111371.png, C:\\Users\\kl.chan\\Katalon Studio\\boldreward\\Reports\\TS_Create_Campaign\\TS001 Create Campaign with negative testing\\20180724_140922\\1532413111648.png, C:\\Users\\kl.chan\\Katalon Studio\\boldreward\\Reports\\TS_Create_Campaign\\TS001 Create Campaign with negative testing\\20180724_140922\\1532413111952.png, C:\\Users\\kl.chan\\Katalon Studio\\boldreward\\Reports\\TS_Create_Campaign\\TS001 Create Campaign with negative testing\\20180724_140922\\1532413112266.png, C:\\Users\\kl.chan\\Katalon Studio\\boldreward\\Reports\\TS_Create_Campaign\\TS001 Create Campaign with negative testing\\20180724_140922\\1532413116042.png, C:\\Users\\kl.chan\\Katalon Studio\\boldreward\\Reports\\TS_Create_Campaign\\TS001 Create Campaign with negative testing\\20180724_140922\\1532413138534.png, C:\\Users\\kl.chan\\Katalon Studio\\boldreward\\Reports\\TS_Create_Campaign\\TS001 Create Campaign with negative testing\\20180724_140922\\1532413138854.png, C:\\Users\\kl.chan\\Katalon Studio\\boldreward\\Reports\\TS_Create_Campaign\\TS001 Create Campaign with negative testing\\20180724_140922\\1532413139181.png, C:\\Users\\kl.chan\\Katalon Studio\\boldreward\\Reports\\TS_Create_Campaign\\TS001 Create Campaign with negative testing\\20180724_140922\\1532413139525.png, C:\\Users\\kl.chan\\Katalon Studio\\boldreward\\Reports\\TS_Create_Campaign\\TS001 Create Campaign with negative testing\\20180724_140922\\1532413143607.png, C:\\Users\\kl.chan\\Katalon Studio\\boldreward\\Reports\\TS_Create_Campaign\\TS001 Create Campaign with negative testing\\20180724_140922\\1532413166243.png, C:\\Users\\kl.chan\\Katalon Studio\\boldreward\\Reports\\TS_Create_Campaign\\TS001 Create Campaign with negative testing\\20180724_140922\\1532413166519.png, C:\\Users\\kl.chan\\Katalon Studio\\boldreward\\Reports\\TS_Create_Campaign\\TS001 Create Campaign with negative testing\\20180724_140922\\1532413166812.png, C:\\Users\\kl.chan\\Katalon Studio\\boldreward\\Reports\\TS_Create_Campaign\\TS001 Create Campaign with negative testing\\20180724_140922\\1532413167116.png, C:\\Users\\kl.chan\\Katalon Studio\\boldreward\\Reports\\TS_Create_Campaign\\TS001 Create Campaign with negative testing\\20180724_140922\\1532413170922.png, C:\\Users\\kl.chan\\Katalon Studio\\boldreward\\Reports\\TS_Create_Campaign\\TS001 Create Campaign with negative testing\\20180724_140922\\1532413193098.png, C:\\Users\\kl.chan\\Katalon Studio\\boldreward\\Reports\\TS_Create_Campaign\\TS001 Create Campaign with negative testing\\20180724_140922\\1532413193403.png, C:\\Users\\kl.chan\\Katalon Studio\\boldreward\\Reports\\TS_Create_Campaign\\TS001 Create Campaign with negative testing\\20180724_140922\\1532413193679.png, C:\\Users\\kl.chan\\Katalon Studio\\boldreward\\Reports\\TS_Create_Campaign\\TS001 Create Campaign with negative testing\\20180724_140922\\1532413193982.png, C:\\Users\\kl.chan\\Katalon Studio\\boldreward\\Reports\\TS_Create_Campaign\\TS001 Create Campaign with negative testing\\20180724_140922\\1532413197738.png, C:\\Users\\kl.chan\\Katalon Studio\\boldreward\\Reports\\TS_Create_Campaign\\TS001 Create Campaign with negative testing\\20180724_140922\\1532413219991.png, C:\\Users\\kl.chan\\Katalon Studio\\boldreward\\Reports\\TS_Create_Campaign\\TS001 Create Campaign with negative testing\\20180724_140922\\1532413220280.png, C:\\Users\\kl.chan\\Katalon Studio\\boldreward\\Reports\\TS_Create_Campaign\\TS001 Create Campaign with negative testing\\20180724_140922\\1532413220554.png, C:\\Users\\kl.chan\\Katalon Studio\\boldreward\\Reports\\TS_Create_Campaign\\TS001 Create Campaign with negative testing\\20180724_140922\\1532413220864.png, C:\\Users\\kl.chan\\Katalon Studio\\boldreward\\Reports\\TS_Create_Campaign\\TS001 Create Campaign with negative testing\\20180724_140922\\1532413224641.png, C:\\Users\\kl.chan\\Katalon Studio\\boldreward\\Reports\\TS_Create_Campaign\\TS001 Create Campaign with negative testing\\20180724_140922\\1532413246904.png, C:\\Users\\kl.chan\\Katalon Studio\\boldreward\\Reports\\TS_Create_Campaign\\TS001 Create Campaign with negative testing\\20180724_140922\\1532413247177.png, C:\\Users\\kl.chan\\Katalon Studio\\boldreward\\Reports\\TS_Create_Campaign\\TS001 Create Campaign with negative testing\\20180724_140922\\1532413247450.png, C:\\Users\\kl.chan\\Katalon Studio\\boldreward\\Reports\\TS_Create_Campaign\\TS001 Create Campaign with negative testing\\20180724_140922\\1532413247778.png, C:\\Users\\kl.chan\\Katalon Studio\\boldreward\\Reports\\TS_Create_Campaign\\TS001 Create Campaign with negative testing\\20180724_140922\\1532413251553.png, C:\\Users\\kl.chan\\Katalon Studio\\boldreward\\Reports\\TS_Create_Campaign\\TS001 Create Campaign with negative testing\\20180724_140922\\1532413273774.png, C:\\Users\\kl.chan\\Katalon Studio\\boldreward\\Reports\\TS_Create_Campaign\\TS001 Create Campaign with negative testing\\20180724_140922\\1532413274059.png, C:\\Users\\kl.chan\\Katalon Studio\\boldreward\\Reports\\TS_Create_Campaign\\TS001 Create Campaign with negative testing\\20180724_140922\\1532413274329.png, C:\\Users\\kl.chan\\Katalon Studio\\boldreward\\Reports\\TS_Create_Campaign\\TS001 Create Campaign with negative testing\\20180724_140922\\1532413274621.png, C:\\Users\\kl.chan\\Katalon Studio\\boldreward\\Reports\\TS_Create_Campaign\\TS001 Create Campaign with negative testing\\20180724_140922\\1532413278367.png, C:\\Users\\kl.chan\\Katalon Studio\\boldreward\\Reports\\TS_Create_Campaign\\TS001 Create Campaign with negative testing\\20180724_140922\\1532413308801.png"/>
         <property name="hostName" value="kl.chan - KaiLoon0917.mk.macrokiosk.com"/>
         <property name="os" value="Windows 10 64bit"/>
         <property name="katalonVersion" value="5.5.0.1"/>
         <property name="browser" value="Chrome 67.0.3396.99"/>
         <property name="hostAddress" value="192.168.2.78"/>
         <property name="sessionId" value="fb7abf719bca8bf29e1d16cab760e1c8"/>
         <property name="seleniumVersion" value="3.7.1"/>
         <property name="proxyInformation" value="ProxyInformation{proxyOption=NO_PROXY, proxyServerType=HTTP, password=, proxyServerAddress=, proxyServerPort=0}"/>
         <property name="platform" value="Windows 10"/>
      </properties>
      <testcase name="Test Cases/Sign Up/Package Subscribe/Module Access/subscribe_package_free" classname="Test Cases/Sign Up/Package Subscribe/Module Access/subscribe_package_free" status="PASSED">
         <system-out><![CDATA[2018-07-24 14:09:24 - [TEST_CASE][PASSED] - Test Cases/Sign Up/Package Subscribe/Module Access/subscribe_package_free: Test Cases/Sign Up/Package Subscribe/Module Access/subscribe_package_free

2018-07-24 14:09:24 - [TEST_STEP][PASSED] - Statement - If (openBrowser == false): Call Test Case 'Test Cases/Sign Up/Package Subscribe/Module Access/package_home_URL' successfully

2018-07-24 14:09:25 - [TEST_STEP][PASSED] - callTestCase: Call Test Case 'Test Cases/Sign Up/Package Subscribe/Module Access/package_home_URL' successfully

2018-07-24 14:09:25 - [TEST_CASE][PASSED] - Test Cases/Sign Up/Package Subscribe/Module Access/package_home_URL: Test Cases/Sign Up/Package Subscribe/Module Access/package_home_URL

2018-07-24 14:09:25 - [TEST_STEP][PASSED] - openBrowser: Browser is opened with url: 'http://sit.boldreward.com/home.html'

2018-07-24 14:09:37 - [MESSAGE][PASSED] - Browser is opened with url: 'http://sit.boldreward.com/home.html'

2018-07-24 14:09:37 - [TEST_STEP][PASSED] - maximizeWindow: Current window maximized

2018-07-24 14:09:38 - [MESSAGE][PASSED] - Current window maximized

2018-07-24 14:09:38 - [TEST_STEP][PASSED] - Statement - viewport_width = com.kms.katalon.core.webui.keyword.WebUiBuiltInKeywords.getViewportWidth(): Viewport width is 800

2018-07-24 14:09:38 - [MESSAGE][PASSED] - Viewport width is 800

2018-07-24 14:09:38 - [TEST_STEP][PASSED] - Statement - openBrowser = true: null

2018-07-24 14:09:38 - [MESSAGE][PASSED] - Call Test Case 'Test Cases/Sign Up/Package Subscribe/Module Access/package_home_URL' successfully

2018-07-24 14:09:38 - [TEST_STEP][PASSED] - waitForElementVisible: Object 'Object Repository/Package_Selection_OR/signup_free_link' is visible

2018-07-24 14:09:38 - [MESSAGE][PASSED] - Object 'Object Repository/Package_Selection_OR/signup_free_link' is visible

2018-07-24 14:09:38 - [TEST_STEP][PASSED] - click: Object: 'Object Repository/Package_Selection_OR/signup_free_link' is clicked on

2018-07-24 14:09:40 - [MESSAGE][PASSED] - Object: 'Object Repository/Package_Selection_OR/signup_free_link' is clicked on

2018-07-24 14:09:40 - [TEST_STEP][PASSED] - Statement - randomWords = CustomKeywords.randomWords.GenerateNumber.randomString(4): randomWords.GenerateNumber.randomString is PASSED

2018-07-24 14:09:40 - [MESSAGE][PASSED] - randomWords.GenerateNumber.randomString is PASSED

2018-07-24 14:09:40 - [TEST_STEP][PASSED] - Statement - If (username.trim() != ""): null

2018-07-24 14:09:40 - [TEST_STEP][PASSED] - Statement - username = username + randomWords: null

2018-07-24 14:09:40 - [TEST_STEP][PASSED] - setText: Text 'altest236Ayh' is set on object 'Object Repository/Signup_Form_User_Details_OR/a.first_name_input'

2018-07-24 14:09:40 - [MESSAGE][PASSED] - Text 'altest236Ayh' is set on object 'Object Repository/Signup_Form_User_Details_OR/a.first_name_input'

2018-07-24 14:09:40 - [TEST_STEP][PASSED] - setText: Text 'Last Name' is set on object 'Object Repository/Signup_Form_User_Details_OR/b.last_name_input'

2018-07-24 14:09:40 - [MESSAGE][PASSED] - Text 'Last Name' is set on object 'Object Repository/Signup_Form_User_Details_OR/b.last_name_input'

2018-07-24 14:09:40 - [TEST_STEP][PASSED] - setText: Text 'altest236Ayh' is set on object 'Object Repository/Signup_Form_User_Details_OR/c.username_input'

2018-07-24 14:09:41 - [MESSAGE][PASSED] - Text 'altest236Ayh' is set on object 'Object Repository/Signup_Form_User_Details_OR/c.username_input'

2018-07-24 14:09:41 - [TEST_STEP][PASSED] - setMaskedText: Text '********' is set on object 'Object Repository/Signup_Form_User_Details_OR/d.password_input'

2018-07-24 14:09:41 - [MESSAGE][PASSED] - Text '********' is set on object 'Object Repository/Signup_Form_User_Details_OR/d.password_input'

2018-07-24 14:09:41 - [TEST_STEP][PASSED] - setMaskedText: Text '********' is set on object 'Object Repository/Signup_Form_User_Details_OR/e.confirm_password_input'

2018-07-24 14:09:41 - [MESSAGE][PASSED] - Text '********' is set on object 'Object Repository/Signup_Form_User_Details_OR/e.confirm_password_input'

2018-07-24 14:09:41 - [TEST_STEP][PASSED] - setText: Text 'kl.chan@macrokiosk.com' is set on object 'Object Repository/Signup_Form_User_Details_OR/f.email_input'

2018-07-24 14:09:41 - [MESSAGE][PASSED] - Text 'kl.chan@macrokiosk.com' is set on object 'Object Repository/Signup_Form_User_Details_OR/f.email_input'

2018-07-24 14:09:41 - [TEST_STEP][PASSED] - setText: Text '123456789' is set on object 'Object Repository/Signup_Form_User_Details_OR/g.contact_input'

2018-07-24 14:09:41 - [MESSAGE][PASSED] - Text '123456789' is set on object 'Object Repository/Signup_Form_User_Details_OR/g.contact_input'

2018-07-24 14:09:41 - [TEST_STEP][PASSED] - setText: Text 'Macrokiosk' is set on object 'Object Repository/Signup_Form_User_Details_OR/h.company_input'

2018-07-24 14:09:42 - [MESSAGE][PASSED] - Text 'Macrokiosk' is set on object 'Object Repository/Signup_Form_User_Details_OR/h.company_input'

2018-07-24 14:09:42 - [TEST_STEP][PASSED] - setText: Text 'Software Tester' is set on object 'Object Repository/Signup_Form_User_Details_OR/i.position_input'

2018-07-24 14:09:42 - [MESSAGE][PASSED] - Text 'Software Tester' is set on object 'Object Repository/Signup_Form_User_Details_OR/i.position_input'

2018-07-24 14:09:42 - [TEST_STEP][PASSED] - setText: Text 'Engagement Solution' is set on object 'Object Repository/Signup_Form_User_Details_OR/j.business_input'

2018-07-24 14:09:42 - [MESSAGE][PASSED] - Text 'Engagement Solution' is set on object 'Object Repository/Signup_Form_User_Details_OR/j.business_input'

2018-07-24 14:09:42 - [TEST_STEP][PASSED] - click: Object: 'Object Repository/Signup_Form_User_Details_OR/k.button_Register' is clicked on

2018-07-24 14:09:42 - [MESSAGE][PASSED] - Object: 'Object Repository/Signup_Form_User_Details_OR/k.button_Register' is clicked on

2018-07-24 14:09:42 - [TEST_STEP][PASSED] - waitForElementVisible: Object 'Object Repository/Account_Module_OR/package_name' is visible

2018-07-24 14:09:51 - [MESSAGE][PASSED] - Object 'Object Repository/Account_Module_OR/package_name' is visible

2018-07-24 14:09:51 - [TEST_STEP][PASSED] - verifyElementText: Actual text and expected text of test object 'Object Repository/Account_Module_OR/package_name' are matched.

2018-07-24 14:09:51 - [MESSAGE][PASSED] - Actual text and expected text of test object 'Object Repository/Account_Module_OR/package_name' are matched.

2018-07-24 14:09:51 - [TEST_STEP][PASSED] - Statement - loggedin = true: null]]></system-out>
         <system-err><![CDATA[]]></system-err>
      </testcase>
      <testcase name="Test Cases/Merchant Portal/Campaign/TC001 Campaign - verify all case" classname="Test Cases/Merchant Portal/Campaign/TC001 Campaign - verify all case" status="PASSED">
         <system-out><![CDATA[2018-07-24 14:09:51 - [TEST_CASE][PASSED] - Test Cases/Merchant Portal/Campaign/TC001 Campaign - verify all case: Test Cases/Merchant Portal/Campaign/TC001 Campaign - verify all case

2018-07-24 14:09:51 - [TEST_STEP][PASSED] - Statement - randomWords = CustomKeywords.randomWords.GenerateNumber.randomString(4): randomWords.GenerateNumber.randomString is PASSED

2018-07-24 14:09:51 - [MESSAGE][PASSED] - randomWords.GenerateNumber.randomString is PASSED

2018-07-24 14:09:51 - [TEST_STEP][PASSED] - Statement - If (companyName.trim() != ""): null

2018-07-24 14:09:51 - [TEST_STEP][PASSED] - Statement - If (campaignInstruc.trim() != ""): null

2018-07-24 14:09:51 - [TEST_STEP][PASSED] - Statement - campaignInstruc = campaignInstruc + randomWords: null

2018-07-24 14:09:51 - [TEST_STEP][PASSED] - Statement - If (emailSender.trim() != ""): null

2018-07-24 14:09:51 - [TEST_STEP][PASSED] - Statement - email = emailSender: null

2018-07-24 14:09:51 - [TEST_STEP][PASSED] - Statement - splitEmail = email.split("@"): null

2018-07-24 14:09:51 - [TEST_STEP][PASSED] - Statement - numb = length: null

2018-07-24 14:09:51 - [TEST_STEP][PASSED] - Statement - If (numb > 1): null

2018-07-24 14:09:51 - [TEST_STEP][PASSED] - Statement - emailSender = splitEmail[0] + randomWords + "@" + splitEmail[1]: null

2018-07-24 14:09:51 - [TEST_STEP][PASSED] - Statement - If (emailSubject.trim() != ""): null

2018-07-24 14:09:51 - [TEST_STEP][PASSED] - Statement - emailSubject = emailSubject + randomWords: null

2018-07-24 14:09:51 - [TEST_STEP][PASSED] - Statement - If (emailContent.trim() != ""): null

2018-07-24 14:09:51 - [TEST_STEP][PASSED] - Statement - emailContent = emailContent + randomWords: null

2018-07-24 14:09:51 - [TEST_STEP][PASSED] - callTestCase: Call Test Case 'Test Cases/Merchant Portal/Campaign/Campagin Modules/create campaign' successfully

2018-07-24 14:09:52 - [TEST_CASE][PASSED] - Test Cases/Merchant Portal/Campaign/Campagin Modules/create campaign: Test Cases/Merchant Portal/Campaign/Campagin Modules/create campaign

2018-07-24 14:09:52 - [TEST_STEP][PASSED] - Statement - osName = "": null

2018-07-24 14:09:52 - [TEST_STEP][PASSED] - Statement - osName = CustomKeywords.os.DetectOS.getOperatingSystem(osName): os.DetectOS.getOperatingSystem is PASSED

2018-07-24 14:09:52 - [MESSAGE][PASSED] - os.DetectOS.getOperatingSystem is PASSED

2018-07-24 14:09:52 - [TEST_STEP][PASSED] - Statement - splitString = osName.split(): null

2018-07-24 14:09:52 - [TEST_STEP][PASSED] - Statement - os = splitString[0].toString(): null

2018-07-24 14:09:52 - [TEST_STEP][PASSED] - Statement - If (loggedin == false): null

2018-07-24 14:09:52 - [TEST_STEP][PASSED] - Statement - If (accessModule == false): Call Test Case 'Test Cases/Merchant Portal/Module Access/Campaign' successfully

2018-07-24 14:09:52 - [TEST_STEP][PASSED] - callTestCase: Call Test Case 'Test Cases/Merchant Portal/Module Access/Campaign' successfully

2018-07-24 14:09:52 - [TEST_CASE][PASSED] - Test Cases/Merchant Portal/Module Access/Campaign: Test Cases/Merchant Portal/Module Access/Campaign

2018-07-24 14:09:52 - [TEST_STEP][PASSED] - Statement - If (viewport_width <= 1007): Object: 'Object Repository/a.Not_Assigned_OR/menu_bar' is clicked on

2018-07-24 14:09:52 - [TEST_STEP][PASSED] - click: Object: 'Object Repository/a.Not_Assigned_OR/menu_bar' is clicked on

2018-07-24 14:09:52 - [MESSAGE][PASSED] - Object: 'Object Repository/a.Not_Assigned_OR/menu_bar' is clicked on

2018-07-24 14:09:52 - [TEST_STEP][PASSED] - click: Object: 'Object Repository/Campaign_OR/campaign_link_sidebar' is clicked on

2018-07-24 14:09:53 - [MESSAGE][PASSED] - Object: 'Object Repository/Campaign_OR/campaign_link_sidebar' is clicked on

2018-07-24 14:09:53 - [TEST_STEP][PASSED] - Statement - If (viewport_width <= 1007): Object: 'Object Repository/a.Not_Assigned_OR/menu_bar' is clicked on

2018-07-24 14:09:53 - [TEST_STEP][PASSED] - click: Object: 'Object Repository/a.Not_Assigned_OR/menu_bar' is clicked on

2018-07-24 14:09:53 - [MESSAGE][PASSED] - Object: 'Object Repository/a.Not_Assigned_OR/menu_bar' is clicked on

2018-07-24 14:09:53 - [TEST_STEP][PASSED] - Statement - accessModule = true: null

2018-07-24 14:09:53 - [MESSAGE][PASSED] - Call Test Case 'Test Cases/Merchant Portal/Module Access/Campaign' successfully

2018-07-24 14:09:53 - [TEST_STEP][PASSED] - delay: Delayed 5 second(s)

2018-07-24 14:09:58 - [MESSAGE][PASSED] - Delayed 5 second(s)

2018-07-24 14:09:58 - [TEST_STEP][PASSED] - setText: Text '' is set on object 'Object Repository/Campaign_OR/Fields/a.input_company_name'

2018-07-24 14:09:58 - [MESSAGE][PASSED] - Text '' is set on object 'Object Repository/Campaign_OR/Fields/a.input_company_name'

2018-07-24 14:09:58 - [TEST_STEP][PASSED] - setText: Text 'Please subscribe with us and redeem a free coffee. Come join us now!b2DG' is set on object 'Object Repository/Campaign_OR/Fields/b.textarea_campaign_instruction'

2018-07-24 14:09:58 - [MESSAGE][PASSED] - Text 'Please subscribe with us and redeem a free coffee. Come join us now!b2DG' is set on object 'Object Repository/Campaign_OR/Fields/b.textarea_campaign_instruction'

2018-07-24 14:09:58 - [TEST_STEP][PASSED] - Statement - verifyEmail = false: null

2018-07-24 14:09:58 - [TEST_STEP][PASSED] - Statement - If (radioEmail.toLowerCase() == "true"): null

2018-07-24 14:09:58 - [TEST_STEP][PASSED] - Statement - verifyEmail = true: null

2018-07-24 14:09:58 - [TEST_STEP][PASSED] - Statement - If (verifyEmail == true): Object 'Object Repository/Campaign_OR/input_email' is visible

2018-07-24 14:09:58 - [TEST_STEP][PASSED] - Statement - If (com.kms.katalon.core.webui.keyword.WebUiBuiltInKeywords.verifyElementNotChecked(com.kms.katalon.core.testobject.ObjectRepository.findTestObject(Campaign_OR/Fields/c.checkbox_email), 1, OPTIONAL)): Object 'Object Repository/Campaign_OR/input_email' is visible

2018-07-24 14:09:58 - [MESSAGE][PASSED] - Object 'Object Repository/Campaign_OR/Fields/c.checkbox_email' is not checked

2018-07-24 14:09:58 - [TEST_STEP][PASSED] - delay: Delayed 1 second(s)

2018-07-24 14:09:59 - [MESSAGE][PASSED] - Delayed 1 second(s)

2018-07-24 14:09:59 - [TEST_STEP][PASSED] - click: Object: 'Object Repository/Campaign_OR/Fields/c.checkbox_email' is clicked on

2018-07-24 14:09:59 - [MESSAGE][PASSED] - Object: 'Object Repository/Campaign_OR/Fields/c.checkbox_email' is clicked on

2018-07-24 14:09:59 - [TEST_STEP][PASSED] - verifyElementVisible: Object 'Object Repository/Campaign_OR/input_email' is visible

2018-07-24 14:09:59 - [MESSAGE][PASSED] - Object 'Object Repository/Campaign_OR/input_email' is visible

2018-07-24 14:09:59 - [TEST_STEP][PASSED] - Statement - verifyMobileno = false: null

2018-07-24 14:09:59 - [TEST_STEP][PASSED] - Statement - If (radioMobileno.toLowerCase() == "true"): null

2018-07-24 14:09:59 - [TEST_STEP][PASSED] - Statement - If (verifyMobileno == true): null

2018-07-24 14:09:59 - [TEST_STEP][PASSED] - Statement - Else If (verifyMobileno == false): Object 'Object Repository/Campaign_OR/input_mobileno' is NOT visible

2018-07-24 14:09:59 - [TEST_STEP][PASSED] - Statement - If (com.kms.katalon.core.webui.keyword.WebUiBuiltInKeywords.verifyElementChecked(com.kms.katalon.core.testobject.ObjectRepository.findTestObject(Campaign_OR/Fields/d.checkbox_mobile_number), 1, OPTIONAL)): Object 'Object Repository/Campaign_OR/Fields/d.checkbox_mobile_number' is not checked

2018-07-24 14:10:00 - [MESSAGE][WARNING] - Object 'Object Repository/Campaign_OR/Fields/d.checkbox_mobile_number' is not checked
[[ATTACHMENT|C:\\Users\\kl.chan\\Katalon Studio\\boldreward\\Reports\\TS_Create_Campaign\\TS001 Create Campaign with negative testing\\20180724_140922\\1532412600073.png]]

2018-07-24 14:10:00 - [TEST_STEP][PASSED] - Statement - Else: Object 'Object Repository/Campaign_OR/input_mobileno' is NOT visible

2018-07-24 14:10:00 - [TEST_STEP][PASSED] - verifyElementNotVisible: Object 'Object Repository/Campaign_OR/input_mobileno' is NOT visible

2018-07-24 14:10:00 - [MESSAGE][PASSED] - Object 'Object Repository/Campaign_OR/input_mobileno' is NOT visible

2018-07-24 14:10:00 - [TEST_STEP][PASSED] - Statement - verifyName = false: null

2018-07-24 14:10:00 - [TEST_STEP][PASSED] - Statement - If (radioName.toLowerCase() == "true"): null

2018-07-24 14:10:00 - [TEST_STEP][PASSED] - Statement - If (verifyName == true): null

2018-07-24 14:10:00 - [TEST_STEP][PASSED] - Statement - Else If (verifyName == false): Object 'Object Repository/Campaign_OR/input_name' is NOT visible

2018-07-24 14:10:00 - [TEST_STEP][PASSED] - Statement - If (com.kms.katalon.core.webui.keyword.WebUiBuiltInKeywords.verifyElementChecked(com.kms.katalon.core.testobject.ObjectRepository.findTestObject(Campaign_OR/Fields/e.checkbox_name), 1, OPTIONAL)): Object 'Object Repository/Campaign_OR/Fields/e.checkbox_name' is not checked

2018-07-24 14:10:00 - [MESSAGE][WARNING] - Object 'Object Repository/Campaign_OR/Fields/e.checkbox_name' is not checked
[[ATTACHMENT|C:\\Users\\kl.chan\\Katalon Studio\\boldreward\\Reports\\TS_Create_Campaign\\TS001 Create Campaign with negative testing\\20180724_140922\\1532412600451.png]]

2018-07-24 14:10:00 - [TEST_STEP][PASSED] - Statement - Else: Object 'Object Repository/Campaign_OR/input_name' is NOT visible

2018-07-24 14:10:00 - [TEST_STEP][PASSED] - verifyElementNotVisible: Object 'Object Repository/Campaign_OR/input_name' is NOT visible

2018-07-24 14:10:00 - [MESSAGE][PASSED] - Object 'Object Repository/Campaign_OR/input_name' is NOT visible

2018-07-24 14:10:00 - [TEST_STEP][PASSED] - Statement - verifyGender = false: null

2018-07-24 14:10:00 - [TEST_STEP][PASSED] - Statement - If (radioGender.toLowerCase() == "true"): null

2018-07-24 14:10:00 - [TEST_STEP][PASSED] - Statement - If (verifyGender == true): null

2018-07-24 14:10:00 - [TEST_STEP][PASSED] - Statement - Else If (verifyGender == false): Object 'Object Repository/Campaign_OR/label_Female' is NOT visible

2018-07-24 14:10:00 - [TEST_STEP][PASSED] - Statement - If (com.kms.katalon.core.webui.keyword.WebUiBuiltInKeywords.verifyElementChecked(com.kms.katalon.core.testobject.ObjectRepository.findTestObject(Campaign_OR/Fields/f.checkbox_gender), 1, OPTIONAL)): Object 'Object Repository/Campaign_OR/Fields/f.checkbox_gender' is not checked

2018-07-24 14:10:01 - [MESSAGE][WARNING] - Object 'Object Repository/Campaign_OR/Fields/f.checkbox_gender' is not checked
[[ATTACHMENT|C:\\Users\\kl.chan\\Katalon Studio\\boldreward\\Reports\\TS_Create_Campaign\\TS001 Create Campaign with negative testing\\20180724_140922\\1532412600815.png]]

2018-07-24 14:10:01 - [TEST_STEP][PASSED] - Statement - Else: Object 'Object Repository/Campaign_OR/label_Female' is NOT visible

2018-07-24 14:10:01 - [TEST_STEP][PASSED] - verifyElementNotVisible: Object 'Object Repository/Campaign_OR/label_Male' is NOT visible

2018-07-24 14:10:01 - [MESSAGE][PASSED] - Object 'Object Repository/Campaign_OR/label_Male' is NOT visible

2018-07-24 14:10:01 - [TEST_STEP][PASSED] - verifyElementNotVisible: Object 'Object Repository/Campaign_OR/label_Female' is NOT visible

2018-07-24 14:10:01 - [MESSAGE][PASSED] - Object 'Object Repository/Campaign_OR/label_Female' is NOT visible

2018-07-24 14:10:01 - [TEST_STEP][PASSED] - Statement - verifyDOB = false: null

2018-07-24 14:10:01 - [TEST_STEP][PASSED] - Statement - If (radioDOB.toLowerCase() == "true"): null

2018-07-24 14:10:01 - [TEST_STEP][PASSED] - Statement - If (verifyDOB == true): null

2018-07-24 14:10:01 - [TEST_STEP][PASSED] - Statement - Else If (verifyDOB == false): Object 'Object Repository/Campaign_OR/input_datepicker' is NOT visible

2018-07-24 14:10:01 - [TEST_STEP][PASSED] - Statement - If (com.kms.katalon.core.webui.keyword.WebUiBuiltInKeywords.verifyElementChecked(com.kms.katalon.core.testobject.ObjectRepository.findTestObject(Campaign_OR/Fields/g.checkbox_dob), 1, OPTIONAL)): Object 'Object Repository/Campaign_OR/Fields/g.checkbox_dob' is not checked

2018-07-24 14:10:01 - [MESSAGE][WARNING] - Object 'Object Repository/Campaign_OR/Fields/g.checkbox_dob' is not checked
[[ATTACHMENT|C:\\Users\\kl.chan\\Katalon Studio\\boldreward\\Reports\\TS_Create_Campaign\\TS001 Create Campaign with negative testing\\20180724_140922\\1532412601227.png]]

2018-07-24 14:10:01 - [TEST_STEP][PASSED] - Statement - Else: Object 'Object Repository/Campaign_OR/input_datepicker' is NOT visible

2018-07-24 14:10:01 - [TEST_STEP][PASSED] - verifyElementNotVisible: Object 'Object Repository/Campaign_OR/input_datepicker' is NOT visible

2018-07-24 14:10:01 - [MESSAGE][PASSED] - Object 'Object Repository/Campaign_OR/input_datepicker' is NOT visible

2018-07-24 14:10:01 - [TEST_STEP][PASSED] - Statement - filepath = "": null

2018-07-24 14:10:01 - [TEST_STEP][PASSED] - Statement - If (os == "Windows"): null

2018-07-24 14:10:01 - [TEST_STEP][PASSED] - Statement - filepath = campaignImagePath: null

2018-07-24 14:10:01 - [TEST_STEP][PASSED] - Statement - verifyImgName = "": null

2018-07-24 14:10:01 - [TEST_STEP][PASSED] - Statement - uploadedImg = false: null

2018-07-24 14:10:01 - [TEST_STEP][PASSED] - Statement - If (filepath.trim() != "" && campaignImage.trim() != ""): null

2018-07-24 14:10:01 - [TEST_STEP][PASSED] - sendKeys: Keys 'C:\Users\kl.chan\Katalon Studio\boldreward\Images\Campaign Image\starbucks copy.jpg' sent to object: 'Object Repository/Campaign_OR/Fields/h.button_campaign_image_1'

2018-07-24 14:10:01 - [MESSAGE][PASSED] - Keys 'C:\Users\kl.chan\Katalon Studio\boldreward\Images\Campaign Image\starbucks copy.jpg' sent to object: 'Object Repository/Campaign_OR/Fields/h.button_campaign_image_1'

2018-07-24 14:10:01 - [TEST_STEP][PASSED] - delay: Delayed 1 second(s)

2018-07-24 14:10:02 - [MESSAGE][PASSED] - Delayed 1 second(s)

2018-07-24 14:10:02 - [TEST_STEP][PASSED] - Statement - If (com.kms.katalon.core.webui.keyword.WebUiBuiltInKeywords.waitForElementVisible(com.kms.katalon.core.testobject.ObjectRepository.findTestObject(Campaign_OR/uploadedCampaignImg), 30)): null

2018-07-24 14:10:02 - [MESSAGE][PASSED] - Object 'Object Repository/Campaign_OR/uploadedCampaignImg' is visible

2018-07-24 14:10:02 - [TEST_STEP][PASSED] - Statement - verifyImgName = com.kms.katalon.core.webui.keyword.WebUiBuiltInKeywords.getText(com.kms.katalon.core.testobject.ObjectRepository.findTestObject(Campaign_OR/uploadedCampaignImg)): Text of object 'Object Repository/Campaign_OR/uploadedCampaignImg' is: 'starbucks copy.jpg'

2018-07-24 14:10:02 - [MESSAGE][PASSED] - Text of object 'Object Repository/Campaign_OR/uploadedCampaignImg' is: 'starbucks copy.jpg'

2018-07-24 14:10:02 - [TEST_STEP][PASSED] - Statement - If (verifyImgName.equals(campaignImage) == true): null

2018-07-24 14:10:02 - [TEST_STEP][PASSED] - Statement - uploadedImg = true: null

2018-07-24 14:10:02 - [TEST_STEP][PASSED] - setText: Text 'http://www.starbucks.com.my/' is set on object 'Object Repository/Campaign_OR/Fields/i.k.input_tnc'

2018-07-24 14:10:02 - [MESSAGE][PASSED] - Text 'http://www.starbucks.com.my/' is set on object 'Object Repository/Campaign_OR/Fields/i.k.input_tnc'

2018-07-24 14:10:02 - [TEST_STEP][PASSED] - setText: Text 'kl.chanb2DG@macrokiosk.com' is set on object 'Object Repository/Campaign_OR/Fields/j.input_sender'

2018-07-24 14:10:03 - [MESSAGE][PASSED] - Text 'kl.chanb2DG@macrokiosk.com' is set on object 'Object Repository/Campaign_OR/Fields/j.input_sender'

2018-07-24 14:10:03 - [TEST_STEP][PASSED] - setText: Text 'Starbucks Reserve @ SITb2DG' is set on object 'Object Repository/Campaign_OR/Fields/k.input_subject'

2018-07-24 14:10:03 - [MESSAGE][PASSED] - Text 'Starbucks Reserve @ SITb2DG' is set on object 'Object Repository/Campaign_OR/Fields/k.input_subject'

2018-07-24 14:10:03 - [TEST_STEP][PASSED] - setText: Text 'Hello User, Welcome to our Starbucks Reserve @ SIT. Come subscribe with us and redeem more rewards.b2DG' is set on object 'Object Repository/Campaign_OR/Fields/l.textarea_content'

2018-07-24 14:10:03 - [MESSAGE][PASSED] - Text 'Hello User, Welcome to our Starbucks Reserve @ SIT. Come subscribe with us and redeem more rewards.b2DG' is set on object 'Object Repository/Campaign_OR/Fields/l.textarea_content'

2018-07-24 14:10:03 - [TEST_STEP][PASSED] - Statement - filepath = "": null

2018-07-24 14:10:03 - [TEST_STEP][PASSED] - Statement - If (os == "Windows"): null

2018-07-24 14:10:03 - [TEST_STEP][PASSED] - Statement - filepath = companyLogoPath: null

2018-07-24 14:10:03 - [TEST_STEP][PASSED] - Statement - verifyImgName = "": null

2018-07-24 14:10:03 - [TEST_STEP][PASSED] - Statement - uploadedImg = false: null

2018-07-24 14:10:03 - [TEST_STEP][PASSED] - Statement - reuploadCount = 0: null

2018-07-24 14:10:03 - [TEST_STEP][PASSED] - Statement - If (filepath.trim() != "" && companyLogo.trim() != ""): null

2018-07-24 14:10:03 - [TEST_STEP][PASSED] - sendKeys: Keys 'C:\Users\kl.chan\Katalon Studio\boldreward\Images\Company Logo\starbucks logo.jpg' sent to object: 'Object Repository/Campaign_OR/Fields/m.button_company_logo_1'

2018-07-24 14:10:03 - [MESSAGE][PASSED] - Keys 'C:\Users\kl.chan\Katalon Studio\boldreward\Images\Company Logo\starbucks logo.jpg' sent to object: 'Object Repository/Campaign_OR/Fields/m.button_company_logo_1'

2018-07-24 14:10:03 - [TEST_STEP][PASSED] - delay: Delayed 1 second(s)

2018-07-24 14:10:04 - [MESSAGE][PASSED] - Delayed 1 second(s)

2018-07-24 14:10:04 - [TEST_STEP][PASSED] - Statement - If (com.kms.katalon.core.webui.keyword.WebUiBuiltInKeywords.waitForElementVisible(com.kms.katalon.core.testobject.ObjectRepository.findTestObject(Campaign_OR/uploadedCompanyLogo), 30)): null

2018-07-24 14:10:04 - [MESSAGE][PASSED] - Object 'Object Repository/Campaign_OR/uploadedCompanyLogo' is visible

2018-07-24 14:10:04 - [TEST_STEP][PASSED] - Statement - verifyImgName = com.kms.katalon.core.webui.keyword.WebUiBuiltInKeywords.getText(com.kms.katalon.core.testobject.ObjectRepository.findTestObject(Campaign_OR/uploadedCompanyLogo)): Text of object 'Object Repository/Campaign_OR/uploadedCompanyLogo' is: 'starbucks logo.jpg'

2018-07-24 14:10:05 - [MESSAGE][PASSED] - Text of object 'Object Repository/Campaign_OR/uploadedCompanyLogo' is: 'starbucks logo.jpg'

2018-07-24 14:10:05 - [TEST_STEP][PASSED] - Statement - If (verifyImgName.equals(companyLogo) == true): null

2018-07-24 14:10:05 - [TEST_STEP][PASSED] - Statement - uploadedImg = true: null

2018-07-24 14:10:05 - [TEST_STEP][PASSED] - Statement - If (rewardCode == true): null

2018-07-24 14:10:05 - [TEST_STEP][PASSED] - Statement - Else If (rewardCode == false): Object: 'Object Repository/Campaign_OR/Fields/n.label_No' is clicked on

2018-07-24 14:10:05 - [TEST_STEP][PASSED] - click: Object: 'Object Repository/Campaign_OR/Fields/n.label_No' is clicked on

2018-07-24 14:10:05 - [MESSAGE][PASSED] - Object: 'Object Repository/Campaign_OR/Fields/n.label_No' is clicked on

2018-07-24 14:10:05 - [TEST_STEP][PASSED] - verifyElementChecked: Object 'Object Repository/Campaign_OR/Fields/radio_No' is checked

2018-07-24 14:10:05 - [MESSAGE][PASSED] - Object 'Object Repository/Campaign_OR/Fields/radio_No' is checked

2018-07-24 14:10:05 - [TEST_STEP][PASSED] - verifyElementChecked: Object 'Object Repository/Campaign_OR/Fields/radio_Yes' is not checked

2018-07-24 14:10:05 - [MESSAGE][WARNING] - Object 'Object Repository/Campaign_OR/Fields/radio_Yes' is not checked
[[ATTACHMENT|C:\\Users\\kl.chan\\Katalon Studio\\boldreward\\Reports\\TS_Create_Campaign\\TS001 Create Campaign with negative testing\\20180724_140922\\1532412605187.png]]

2018-07-24 14:10:05 - [TEST_STEP][PASSED] - click: Object: 'Object Repository/Campaign_OR/button_Save' is clicked on

2018-07-24 14:10:05 - [MESSAGE][PASSED] - Object: 'Object Repository/Campaign_OR/button_Save' is clicked on

2018-07-24 14:10:05 - [TEST_STEP][PASSED] - delay: Delayed 2 second(s)

2018-07-24 14:10:07 - [MESSAGE][PASSED] - Delayed 2 second(s)

2018-07-24 14:10:07 - [MESSAGE][PASSED] - Call Test Case 'Test Cases/Merchant Portal/Campaign/Campagin Modules/create campaign' successfully

2018-07-24 14:10:07 - [TEST_STEP][PASSED] - Statement - updateFailed = false: null

2018-07-24 14:10:07 - [TEST_STEP][PASSED] - Statement - If (com.kms.katalon.core.webui.keyword.WebUiBuiltInKeywords.waitForElementVisible(com.kms.katalon.core.testobject.ObjectRepository.findTestObject(a.Not_Assigned_OR/alert_msg_top), 3)): null

2018-07-24 14:10:07 - [MESSAGE][PASSED] - Object 'Object Repository/a.Not_Assigned_OR/alert_msg_top' is visible

2018-07-24 14:10:07 - [TEST_STEP][PASSED] - Statement - verifyPopoutMsg = com.kms.katalon.core.webui.keyword.WebUiBuiltInKeywords.getText(com.kms.katalon.core.testobject.ObjectRepository.findTestObject(a.Not_Assigned_OR/alert_msg_top)): Text of object 'Object Repository/a.Not_Assigned_OR/alert_msg_top' is: 'Oops! Invalid inputs, please try again.'

2018-07-24 14:10:07 - [MESSAGE][PASSED] - Text of object 'Object Repository/a.Not_Assigned_OR/alert_msg_top' is: 'Oops! Invalid inputs, please try again.'

2018-07-24 14:10:07 - [TEST_STEP][PASSED] - Statement - If (verifyPopoutMsg.equals(msgServer) == true): null

2018-07-24 14:10:07 - [TEST_STEP][PASSED] - Statement - updateFailed = true: null

2018-07-24 14:10:07 - [TEST_STEP][PASSED] - Statement - updateSuccess = false: null

2018-07-24 14:10:07 - [TEST_STEP][PASSED] - Statement - If (com.kms.katalon.core.webui.keyword.WebUiBuiltInKeywords.waitForElementVisible(com.kms.katalon.core.testobject.ObjectRepository.findTestObject(Campaign_OR/Error Message/msg_edit_success), 3)): Web element with id: 'Object Repository/Campaign_OR/Error Message/msg_edit_success' located by 'By.xpath: id("errorMessage")/p[@class="error-block"]' not found

2018-07-24 14:10:10 - [MESSAGE][WARNING] - Web element with id: 'Object Repository/Campaign_OR/Error Message/msg_edit_success' located by 'By.xpath: id("errorMessage")/p[@class="error-block"]' not found

2018-07-24 14:10:10 - [TEST_STEP][PASSED] - Statement - createSuccess = false: null

2018-07-24 14:10:10 - [TEST_STEP][PASSED] - Statement - If (com.kms.katalon.core.webui.keyword.WebUiBuiltInKeywords.waitForElementVisible(com.kms.katalon.core.testobject.ObjectRepository.findTestObject(Home_OR/label_home), 3)): Web element with id: 'Object Repository/Home_OR/label_home' located by 'By.xpath: id("wrapper")/div[@class="content-page"]/div[@class="content"]/div[@class="ng-scope"]/div[@class="ng-scope"]/div[@class="page-heading"]/h1[1][count(. | //h1[(text() = ' Home' or . = ' Home')]) = count(//h1[(text() = ' Home' or . = ' Home')])]' not found

2018-07-24 14:10:13 - [MESSAGE][WARNING] - Web element with id: 'Object Repository/Home_OR/label_home' located by 'By.xpath: id("wrapper")/div[@class="content-page"]/div[@class="content"]/div[@class="ng-scope"]/div[@class="ng-scope"]/div[@class="page-heading"]/h1[1][count(. | //h1[(text() = ' Home' or . = ' Home')]) = count(//h1[(text() = ' Home' or . = ' Home')])]' not found

2018-07-24 14:10:13 - [TEST_STEP][PASSED] - Statement - If (updateSuccess == true): null

2018-07-24 14:10:13 - [TEST_STEP][PASSED] - Statement - Else If (updateFailed == true): null

2018-07-24 14:10:13 - [TEST_STEP][PASSED] - Statement - verifyError = false: null

2018-07-24 14:10:13 - [TEST_STEP][PASSED] - Statement - If (companyName.trim() == ""): null

2018-07-24 14:10:13 - [TEST_STEP][PASSED] - verifyElementVisible: Object 'Object Repository/Campaign_OR/Error Message/msg_company_name' is visible

2018-07-24 14:10:13 - [MESSAGE][PASSED] - Object 'Object Repository/Campaign_OR/Error Message/msg_company_name' is visible

2018-07-24 14:10:13 - [TEST_STEP][PASSED] - Statement - verifyEmptyCompanyName = com.kms.katalon.core.webui.keyword.WebUiBuiltInKeywords.getText(com.kms.katalon.core.testobject.ObjectRepository.findTestObject(Campaign_OR/Error Message/msg_company_name)): Text of object 'Object Repository/Campaign_OR/Error Message/msg_company_name' is: 'Please complete this field.'

2018-07-24 14:10:13 - [MESSAGE][PASSED] - Text of object 'Object Repository/Campaign_OR/Error Message/msg_company_name' is: 'Please complete this field.'

2018-07-24 14:10:13 - [TEST_STEP][PASSED] - verifyMatch: Actual text 'Please complete this field.' and expected text 'Please complete this field.' are matched  using regular expression

2018-07-24 14:10:13 - [MESSAGE][PASSED] - Actual text 'Please complete this field.' and expected text 'Please complete this field.' are matched  using regular expression

2018-07-24 14:10:13 - [TEST_STEP][PASSED] - Statement - verifyError = true: null

2018-07-24 14:10:13 - [TEST_STEP][PASSED] - Statement - If (campaignInstruc.trim() == ""): null

2018-07-24 14:10:13 - [TEST_STEP][PASSED] - Statement - If (radioEmail.toLowerCase() == "false"): null

2018-07-24 14:10:13 - [TEST_STEP][PASSED] - Statement - campaignImgName = com.kms.katalon.core.webui.keyword.WebUiBuiltInKeywords.getText(com.kms.katalon.core.testobject.ObjectRepository.findTestObject(Campaign_OR/uploadedCampaignImg)): Text of object 'Object Repository/Campaign_OR/uploadedCampaignImg' is: 'starbucks copy.jpg'

2018-07-24 14:10:13 - [MESSAGE][PASSED] - Text of object 'Object Repository/Campaign_OR/uploadedCampaignImg' is: 'starbucks copy.jpg'

2018-07-24 14:10:13 - [TEST_STEP][PASSED] - Statement - If (campaignImgName == ""): null

2018-07-24 14:10:13 - [TEST_STEP][PASSED] - Statement - If (emailSender.trim() == ""): null

2018-07-24 14:10:13 - [TEST_STEP][PASSED] - Statement - If (emailSubject.trim() == ""): null

2018-07-24 14:10:13 - [TEST_STEP][PASSED] - Statement - If (emailContent.trim() == ""): null

2018-07-24 14:10:13 - [TEST_STEP][PASSED] - Statement - companyLogoName = com.kms.katalon.core.webui.keyword.WebUiBuiltInKeywords.getText(com.kms.katalon.core.testobject.ObjectRepository.findTestObject(Campaign_OR/uploadedCompanyLogo)): Text of object 'Object Repository/Campaign_OR/uploadedCompanyLogo' is: 'starbucks logo.jpg'

2018-07-24 14:10:13 - [MESSAGE][PASSED] - Text of object 'Object Repository/Campaign_OR/uploadedCompanyLogo' is: 'starbucks logo.jpg'

2018-07-24 14:10:13 - [TEST_STEP][PASSED] - Statement - If (companyLogoName == ""): null

2018-07-24 14:10:13 - [TEST_STEP][PASSED] - Statement - If (com.kms.katalon.core.webui.keyword.WebUiBuiltInKeywords.waitForElementVisible(com.kms.katalon.core.testobject.ObjectRepository.findTestObject(Campaign_OR/Error Message/msg_cpgn_image2), 2)): Web element with id: 'Object Repository/Campaign_OR/Error Message/msg_cpgn_image2' located by 'By.xpath: id("campaignImage")/p[@class="error-block ng-binding"][count(. | //p[@class = 'error-block ng-binding' and @ng-hide = 'CC.errorImage == 200 || CC.errorImage == undefined']) = count(//p[@class = 'error-block ng-binding' and @ng-hide = 'CC.errorImage == 200 || CC.errorImage == undefined'])]' not found

2018-07-24 14:10:16 - [MESSAGE][WARNING] - Web element with id: 'Object Repository/Campaign_OR/Error Message/msg_cpgn_image2' located by 'By.xpath: id("campaignImage")/p[@class="error-block ng-binding"][count(. | //p[@class = 'error-block ng-binding' and @ng-hide = 'CC.errorImage == 200 || CC.errorImage == undefined']) = count(//p[@class = 'error-block ng-binding' and @ng-hide = 'CC.errorImage == 200 || CC.errorImage == undefined'])]' not found

2018-07-24 14:10:16 - [TEST_STEP][PASSED] - Statement - If (com.kms.katalon.core.webui.keyword.WebUiBuiltInKeywords.waitForElementVisible(com.kms.katalon.core.testobject.ObjectRepository.findTestObject(Campaign_OR/Error Message/msg_TCURL), 2)): Web element with id: 'Object Repository/Campaign_OR/Error Message/msg_TCURL' located by 'By.xpath: id("wrapper")/div[@class="content-page"]/div[@class="content"]/div[@class="ng-scope"]/div[@class="row ng-scope"]/div[@class="col-md-7"]/div[@class="widget"]/div[@class="widget-content padding"]/div[@class="form-horizontal"]/div[@class="form-group"]/div[@id="tncUrl"]/p[@class="error-block"][count(. | //p[(text() = 'Invalid format, please follow as http://wwww.example.com' or . = 'Invalid format, please follow as http://wwww.example.com')]) = count(//p[(text() = 'Invalid format, please follow as http://wwww.example.com' or . = 'Invalid format, please follow as http://wwww.example.com')])]' not found

2018-07-24 14:10:18 - [MESSAGE][WARNING] - Web element with id: 'Object Repository/Campaign_OR/Error Message/msg_TCURL' located by 'By.xpath: id("wrapper")/div[@class="content-page"]/div[@class="content"]/div[@class="ng-scope"]/div[@class="row ng-scope"]/div[@class="col-md-7"]/div[@class="widget"]/div[@class="widget-content padding"]/div[@class="form-horizontal"]/div[@class="form-group"]/div[@id="tncUrl"]/p[@class="error-block"][count(. | //p[(text() = 'Invalid format, please follow as http://wwww.example.com' or . = 'Invalid format, please follow as http://wwww.example.com')]) = count(//p[(text() = 'Invalid format, please follow as http://wwww.example.com' or . = 'Invalid format, please follow as http://wwww.example.com')])]' not found

2018-07-24 14:10:18 - [TEST_STEP][PASSED] - Statement - If (emailSender.trim() != ""): Web element with id: 'Object Repository/Campaign_OR/Error Message/msg_sender' located by 'By.xpath: id("emailSender")/p[@class="error-block"]' not found

2018-07-24 14:10:18 - [TEST_STEP][PASSED] - Statement - If (com.kms.katalon.core.webui.keyword.WebUiBuiltInKeywords.waitForElementVisible(com.kms.katalon.core.testobject.ObjectRepository.findTestObject(Campaign_OR/Error Message/msg_sender), 2)): Web element with id: 'Object Repository/Campaign_OR/Error Message/msg_sender' located by 'By.xpath: id("emailSender")/p[@class="error-block"]' not found

2018-07-24 14:10:20 - [MESSAGE][WARNING] - Web element with id: 'Object Repository/Campaign_OR/Error Message/msg_sender' located by 'By.xpath: id("emailSender")/p[@class="error-block"]' not found

2018-07-24 14:10:20 - [TEST_STEP][PASSED] - Statement - If (com.kms.katalon.core.webui.keyword.WebUiBuiltInKeywords.waitForElementVisible(com.kms.katalon.core.testobject.ObjectRepository.findTestObject(Campaign_OR/Error Message/msg_company_logo), 2)): Web element with id: 'Object Repository/Campaign_OR/Error Message/msg_company_logo' located by 'By.xpath: id("companyLogo")/p[@class="error-block ng-binding"][count(. | //p[@class = 'error-block ng-binding' and @ng-hide = 'CC.errorLogo == 200 || CC.errorLogo == undefined']) = count(//p[@class = 'error-block ng-binding' and @ng-hide = 'CC.errorLogo == 200 || CC.errorLogo == undefined'])]' not found

2018-07-24 14:10:22 - [MESSAGE][WARNING] - Web element with id: 'Object Repository/Campaign_OR/Error Message/msg_company_logo' located by 'By.xpath: id("companyLogo")/p[@class="error-block ng-binding"][count(. | //p[@class = 'error-block ng-binding' and @ng-hide = 'CC.errorLogo == 200 || CC.errorLogo == undefined']) = count(//p[@class = 'error-block ng-binding' and @ng-hide = 'CC.errorLogo == 200 || CC.errorLogo == undefined'])]' not found

2018-07-24 14:10:22 - [TEST_STEP][PASSED] - refresh: Refresh successfully

2018-07-24 14:10:22 - [MESSAGE][PASSED] - Refresh successfully

2018-07-24 14:10:22 - [TEST_STEP][PASSED] - Statement - If (verifyError == false): null]]></system-out>
         <system-err><![CDATA[]]></system-err>
      </testcase>
      <testcase name="Test Cases/Merchant Portal/Campaign/TC001 Campaign - verify all case" classname="Test Cases/Merchant Portal/Campaign/TC001 Campaign - verify all case" status="PASSED">
         <system-out><![CDATA[2018-07-24 14:10:22 - [TEST_CASE][PASSED] - Test Cases/Merchant Portal/Campaign/TC001 Campaign - verify all case: Test Cases/Merchant Portal/Campaign/TC001 Campaign - verify all case

2018-07-24 14:10:23 - [TEST_STEP][PASSED] - Statement - randomWords = CustomKeywords.randomWords.GenerateNumber.randomString(4): randomWords.GenerateNumber.randomString is PASSED

2018-07-24 14:10:23 - [MESSAGE][PASSED] - randomWords.GenerateNumber.randomString is PASSED

2018-07-24 14:10:23 - [TEST_STEP][PASSED] - Statement - If (companyName.trim() != ""): null

2018-07-24 14:10:23 - [TEST_STEP][PASSED] - Statement - If (campaignInstruc.trim() != ""): null

2018-07-24 14:10:23 - [TEST_STEP][PASSED] - Statement - campaignInstruc = campaignInstruc + randomWords: null

2018-07-24 14:10:23 - [TEST_STEP][PASSED] - Statement - If (emailSender.trim() != ""): null

2018-07-24 14:10:23 - [TEST_STEP][PASSED] - Statement - email = emailSender: null

2018-07-24 14:10:23 - [TEST_STEP][PASSED] - Statement - splitEmail = email.split("@"): null

2018-07-24 14:10:23 - [TEST_STEP][PASSED] - Statement - numb = length: null

2018-07-24 14:10:23 - [TEST_STEP][PASSED] - Statement - If (numb > 1): null

2018-07-24 14:10:23 - [TEST_STEP][PASSED] - Statement - emailSender = splitEmail[0] + randomWords + "@" + splitEmail[1]: null

2018-07-24 14:10:23 - [TEST_STEP][PASSED] - Statement - If (emailSubject.trim() != ""): null

2018-07-24 14:10:23 - [TEST_STEP][PASSED] - Statement - emailSubject = emailSubject + randomWords: null

2018-07-24 14:10:23 - [TEST_STEP][PASSED] - Statement - If (emailContent.trim() != ""): null

2018-07-24 14:10:23 - [TEST_STEP][PASSED] - Statement - emailContent = emailContent + randomWords: null

2018-07-24 14:10:23 - [TEST_STEP][PASSED] - callTestCase: Call Test Case 'Test Cases/Merchant Portal/Campaign/Campagin Modules/create campaign' successfully

2018-07-24 14:10:23 - [TEST_CASE][PASSED] - Test Cases/Merchant Portal/Campaign/Campagin Modules/create campaign: Test Cases/Merchant Portal/Campaign/Campagin Modules/create campaign

2018-07-24 14:10:23 - [TEST_STEP][PASSED] - Statement - osName = "": null

2018-07-24 14:10:23 - [TEST_STEP][PASSED] - Statement - osName = CustomKeywords.os.DetectOS.getOperatingSystem(osName): os.DetectOS.getOperatingSystem is PASSED

2018-07-24 14:10:23 - [MESSAGE][PASSED] - os.DetectOS.getOperatingSystem is PASSED

2018-07-24 14:10:23 - [TEST_STEP][PASSED] - Statement - splitString = osName.split(): null

2018-07-24 14:10:23 - [TEST_STEP][PASSED] - Statement - os = splitString[0].toString(): null

2018-07-24 14:10:23 - [TEST_STEP][PASSED] - Statement - If (loggedin == false): null

2018-07-24 14:10:23 - [TEST_STEP][PASSED] - Statement - If (accessModule == false): null

2018-07-24 14:10:23 - [TEST_STEP][PASSED] - delay: Delayed 5 second(s)

2018-07-24 14:10:28 - [MESSAGE][PASSED] - Delayed 5 second(s)

2018-07-24 14:10:28 - [TEST_STEP][PASSED] - setText: Text ' ' is set on object 'Object Repository/Campaign_OR/Fields/a.input_company_name'

2018-07-24 14:10:28 - [MESSAGE][PASSED] - Text ' ' is set on object 'Object Repository/Campaign_OR/Fields/a.input_company_name'

2018-07-24 14:10:28 - [TEST_STEP][PASSED] - setText: Text 'Please subscribe with us and redeem a free coffee. Come join us now!kR1C' is set on object 'Object Repository/Campaign_OR/Fields/b.textarea_campaign_instruction'

2018-07-24 14:10:28 - [MESSAGE][PASSED] - Text 'Please subscribe with us and redeem a free coffee. Come join us now!kR1C' is set on object 'Object Repository/Campaign_OR/Fields/b.textarea_campaign_instruction'

2018-07-24 14:10:28 - [TEST_STEP][PASSED] - Statement - verifyEmail = false: null

2018-07-24 14:10:28 - [TEST_STEP][PASSED] - Statement - If (radioEmail.toLowerCase() == "true"): null

2018-07-24 14:10:28 - [TEST_STEP][PASSED] - Statement - verifyEmail = true: null

2018-07-24 14:10:28 - [TEST_STEP][PASSED] - Statement - If (verifyEmail == true): Object 'Object Repository/Campaign_OR/input_email' is visible

2018-07-24 14:10:28 - [TEST_STEP][PASSED] - Statement - If (com.kms.katalon.core.webui.keyword.WebUiBuiltInKeywords.verifyElementNotChecked(com.kms.katalon.core.testobject.ObjectRepository.findTestObject(Campaign_OR/Fields/c.checkbox_email), 1, OPTIONAL)): Object 'Object Repository/Campaign_OR/input_email' is visible

2018-07-24 14:10:28 - [MESSAGE][PASSED] - Object 'Object Repository/Campaign_OR/Fields/c.checkbox_email' is not checked

2018-07-24 14:10:28 - [TEST_STEP][PASSED] - delay: Delayed 1 second(s)

2018-07-24 14:10:29 - [MESSAGE][PASSED] - Delayed 1 second(s)

2018-07-24 14:10:29 - [TEST_STEP][PASSED] - click: Object: 'Object Repository/Campaign_OR/Fields/c.checkbox_email' is clicked on

2018-07-24 14:10:29 - [MESSAGE][PASSED] - Object: 'Object Repository/Campaign_OR/Fields/c.checkbox_email' is clicked on

2018-07-24 14:10:29 - [TEST_STEP][PASSED] - verifyElementVisible: Object 'Object Repository/Campaign_OR/input_email' is visible

2018-07-24 14:10:29 - [MESSAGE][PASSED] - Object 'Object Repository/Campaign_OR/input_email' is visible

2018-07-24 14:10:29 - [TEST_STEP][PASSED] - Statement - verifyMobileno = false: null

2018-07-24 14:10:29 - [TEST_STEP][PASSED] - Statement - If (radioMobileno.toLowerCase() == "true"): null

2018-07-24 14:10:29 - [TEST_STEP][PASSED] - Statement - If (verifyMobileno == true): null

2018-07-24 14:10:29 - [TEST_STEP][PASSED] - Statement - Else If (verifyMobileno == false): Object 'Object Repository/Campaign_OR/input_mobileno' is NOT visible

2018-07-24 14:10:29 - [TEST_STEP][PASSED] - Statement - If (com.kms.katalon.core.webui.keyword.WebUiBuiltInKeywords.verifyElementChecked(com.kms.katalon.core.testobject.ObjectRepository.findTestObject(Campaign_OR/Fields/d.checkbox_mobile_number), 1, OPTIONAL)): Object 'Object Repository/Campaign_OR/Fields/d.checkbox_mobile_number' is not checked

2018-07-24 14:10:30 - [MESSAGE][WARNING] - Object 'Object Repository/Campaign_OR/Fields/d.checkbox_mobile_number' is not checked
[[ATTACHMENT|C:\\Users\\kl.chan\\Katalon Studio\\boldreward\\Reports\\TS_Create_Campaign\\TS001 Create Campaign with negative testing\\20180724_140922\\1532412629909.png]]

2018-07-24 14:10:30 - [TEST_STEP][PASSED] - Statement - Else: Object 'Object Repository/Campaign_OR/input_mobileno' is NOT visible

2018-07-24 14:10:30 - [TEST_STEP][PASSED] - verifyElementNotVisible: Object 'Object Repository/Campaign_OR/input_mobileno' is NOT visible

2018-07-24 14:10:30 - [MESSAGE][PASSED] - Object 'Object Repository/Campaign_OR/input_mobileno' is NOT visible

2018-07-24 14:10:30 - [TEST_STEP][PASSED] - Statement - verifyName = false: null

2018-07-24 14:10:30 - [TEST_STEP][PASSED] - Statement - If (radioName.toLowerCase() == "true"): null

2018-07-24 14:10:30 - [TEST_STEP][PASSED] - Statement - If (verifyName == true): null

2018-07-24 14:10:30 - [TEST_STEP][PASSED] - Statement - Else If (verifyName == false): Object 'Object Repository/Campaign_OR/input_name' is NOT visible

2018-07-24 14:10:30 - [TEST_STEP][PASSED] - Statement - If (com.kms.katalon.core.webui.keyword.WebUiBuiltInKeywords.verifyElementChecked(com.kms.katalon.core.testobject.ObjectRepository.findTestObject(Campaign_OR/Fields/e.checkbox_name), 1, OPTIONAL)): Object 'Object Repository/Campaign_OR/Fields/e.checkbox_name' is not checked

2018-07-24 14:10:30 - [MESSAGE][WARNING] - Object 'Object Repository/Campaign_OR/Fields/e.checkbox_name' is not checked
[[ATTACHMENT|C:\\Users\\kl.chan\\Katalon Studio\\boldreward\\Reports\\TS_Create_Campaign\\TS001 Create Campaign with negative testing\\20180724_140922\\1532412630207.png]]

2018-07-24 14:10:30 - [TEST_STEP][PASSED] - Statement - Else: Object 'Object Repository/Campaign_OR/input_name' is NOT visible

2018-07-24 14:10:30 - [TEST_STEP][PASSED] - verifyElementNotVisible: Object 'Object Repository/Campaign_OR/input_name' is NOT visible

2018-07-24 14:10:30 - [MESSAGE][PASSED] - Object 'Object Repository/Campaign_OR/input_name' is NOT visible

2018-07-24 14:10:30 - [TEST_STEP][PASSED] - Statement - verifyGender = false: null

2018-07-24 14:10:30 - [TEST_STEP][PASSED] - Statement - If (radioGender.toLowerCase() == "true"): null

2018-07-24 14:10:30 - [TEST_STEP][PASSED] - Statement - If (verifyGender == true): null

2018-07-24 14:10:30 - [TEST_STEP][PASSED] - Statement - Else If (verifyGender == false): Object 'Object Repository/Campaign_OR/label_Female' is NOT visible

2018-07-24 14:10:30 - [TEST_STEP][PASSED] - Statement - If (com.kms.katalon.core.webui.keyword.WebUiBuiltInKeywords.verifyElementChecked(com.kms.katalon.core.testobject.ObjectRepository.findTestObject(Campaign_OR/Fields/f.checkbox_gender), 1, OPTIONAL)): Object 'Object Repository/Campaign_OR/Fields/f.checkbox_gender' is not checked

2018-07-24 14:10:30 - [MESSAGE][WARNING] - Object 'Object Repository/Campaign_OR/Fields/f.checkbox_gender' is not checked
[[ATTACHMENT|C:\\Users\\kl.chan\\Katalon Studio\\boldreward\\Reports\\TS_Create_Campaign\\TS001 Create Campaign with negative testing\\20180724_140922\\1532412630485.png]]

2018-07-24 14:10:30 - [TEST_STEP][PASSED] - Statement - Else: Object 'Object Repository/Campaign_OR/label_Female' is NOT visible

2018-07-24 14:10:30 - [TEST_STEP][PASSED] - verifyElementNotVisible: Object 'Object Repository/Campaign_OR/label_Male' is NOT visible

2018-07-24 14:10:30 - [MESSAGE][PASSED] - Object 'Object Repository/Campaign_OR/label_Male' is NOT visible

2018-07-24 14:10:30 - [TEST_STEP][PASSED] - verifyElementNotVisible: Object 'Object Repository/Campaign_OR/label_Female' is NOT visible

2018-07-24 14:10:30 - [MESSAGE][PASSED] - Object 'Object Repository/Campaign_OR/label_Female' is NOT visible

2018-07-24 14:10:30 - [TEST_STEP][PASSED] - Statement - verifyDOB = false: null

2018-07-24 14:10:30 - [TEST_STEP][PASSED] - Statement - If (radioDOB.toLowerCase() == "true"): null

2018-07-24 14:10:30 - [TEST_STEP][PASSED] - Statement - If (verifyDOB == true): null

2018-07-24 14:10:30 - [TEST_STEP][PASSED] - Statement - Else If (verifyDOB == false): Object 'Object Repository/Campaign_OR/input_datepicker' is NOT visible

2018-07-24 14:10:30 - [TEST_STEP][PASSED] - Statement - If (com.kms.katalon.core.webui.keyword.WebUiBuiltInKeywords.verifyElementChecked(com.kms.katalon.core.testobject.ObjectRepository.findTestObject(Campaign_OR/Fields/g.checkbox_dob), 1, OPTIONAL)): Object 'Object Repository/Campaign_OR/Fields/g.checkbox_dob' is not checked

2018-07-24 14:10:31 - [MESSAGE][WARNING] - Object 'Object Repository/Campaign_OR/Fields/g.checkbox_dob' is not checked
[[ATTACHMENT|C:\\Users\\kl.chan\\Katalon Studio\\boldreward\\Reports\\TS_Create_Campaign\\TS001 Create Campaign with negative testing\\20180724_140922\\1532412630831.png]]

2018-07-24 14:10:31 - [TEST_STEP][PASSED] - Statement - Else: Object 'Object Repository/Campaign_OR/input_datepicker' is NOT visible

2018-07-24 14:10:31 - [TEST_STEP][PASSED] - verifyElementNotVisible: Object 'Object Repository/Campaign_OR/input_datepicker' is NOT visible

2018-07-24 14:10:31 - [MESSAGE][PASSED] - Object 'Object Repository/Campaign_OR/input_datepicker' is NOT visible

2018-07-24 14:10:31 - [TEST_STEP][PASSED] - Statement - filepath = "": null

2018-07-24 14:10:31 - [TEST_STEP][PASSED] - Statement - If (os == "Windows"): null

2018-07-24 14:10:31 - [TEST_STEP][PASSED] - Statement - filepath = campaignImagePath: null

2018-07-24 14:10:31 - [TEST_STEP][PASSED] - Statement - verifyImgName = "": null

2018-07-24 14:10:31 - [TEST_STEP][PASSED] - Statement - uploadedImg = false: null

2018-07-24 14:10:31 - [TEST_STEP][PASSED] - Statement - If (filepath.trim() != "" && campaignImage.trim() != ""): null

2018-07-24 14:10:31 - [TEST_STEP][PASSED] - sendKeys: Keys 'C:\Users\kl.chan\Katalon Studio\boldreward\Images\Campaign Image\starbucks copy.jpg' sent to object: 'Object Repository/Campaign_OR/Fields/h.button_campaign_image_1'

2018-07-24 14:10:31 - [MESSAGE][PASSED] - Keys 'C:\Users\kl.chan\Katalon Studio\boldreward\Images\Campaign Image\starbucks copy.jpg' sent to object: 'Object Repository/Campaign_OR/Fields/h.button_campaign_image_1'

2018-07-24 14:10:31 - [TEST_STEP][PASSED] - delay: Delayed 1 second(s)

2018-07-24 14:10:32 - [MESSAGE][PASSED] - Delayed 1 second(s)

2018-07-24 14:10:32 - [TEST_STEP][PASSED] - Statement - If (com.kms.katalon.core.webui.keyword.WebUiBuiltInKeywords.waitForElementVisible(com.kms.katalon.core.testobject.ObjectRepository.findTestObject(Campaign_OR/uploadedCampaignImg), 30)): null

2018-07-24 14:10:32 - [MESSAGE][PASSED] - Object 'Object Repository/Campaign_OR/uploadedCampaignImg' is visible

2018-07-24 14:10:32 - [TEST_STEP][PASSED] - Statement - verifyImgName = com.kms.katalon.core.webui.keyword.WebUiBuiltInKeywords.getText(com.kms.katalon.core.testobject.ObjectRepository.findTestObject(Campaign_OR/uploadedCampaignImg)): Text of object 'Object Repository/Campaign_OR/uploadedCampaignImg' is: 'starbucks copy.jpg'

2018-07-24 14:10:32 - [MESSAGE][PASSED] - Text of object 'Object Repository/Campaign_OR/uploadedCampaignImg' is: 'starbucks copy.jpg'

2018-07-24 14:10:32 - [TEST_STEP][PASSED] - Statement - If (verifyImgName.equals(campaignImage) == true): null

2018-07-24 14:10:32 - [TEST_STEP][PASSED] - Statement - uploadedImg = true: null

2018-07-24 14:10:32 - [TEST_STEP][PASSED] - setText: Text 'http://www.starbucks.com.my/' is set on object 'Object Repository/Campaign_OR/Fields/i.k.input_tnc'

2018-07-24 14:10:32 - [MESSAGE][PASSED] - Text 'http://www.starbucks.com.my/' is set on object 'Object Repository/Campaign_OR/Fields/i.k.input_tnc'

2018-07-24 14:10:32 - [TEST_STEP][PASSED] - setText: Text 'kl.chankR1C@macrokiosk.com' is set on object 'Object Repository/Campaign_OR/Fields/j.input_sender'

2018-07-24 14:10:32 - [MESSAGE][PASSED] - Text 'kl.chankR1C@macrokiosk.com' is set on object 'Object Repository/Campaign_OR/Fields/j.input_sender'

2018-07-24 14:10:32 - [TEST_STEP][PASSED] - setText: Text 'Starbucks Reserve @ SITkR1C' is set on object 'Object Repository/Campaign_OR/Fields/k.input_subject'

2018-07-24 14:10:32 - [MESSAGE][PASSED] - Text 'Starbucks Reserve @ SITkR1C' is set on object 'Object Repository/Campaign_OR/Fields/k.input_subject'

2018-07-24 14:10:32 - [TEST_STEP][PASSED] - setText: Text 'Hello User, Welcome to our Starbucks Reserve @ SIT. Come subscribe with us and redeem more rewards.kR1C' is set on object 'Object Repository/Campaign_OR/Fields/l.textarea_content'

2018-07-24 14:10:33 - [MESSAGE][PASSED] - Text 'Hello User, Welcome to our Starbucks Reserve @ SIT. Come subscribe with us and redeem more rewards.kR1C' is set on object 'Object Repository/Campaign_OR/Fields/l.textarea_content'

2018-07-24 14:10:33 - [TEST_STEP][PASSED] - Statement - filepath = "": null

2018-07-24 14:10:33 - [TEST_STEP][PASSED] - Statement - If (os == "Windows"): null

2018-07-24 14:10:33 - [TEST_STEP][PASSED] - Statement - filepath = companyLogoPath: null

2018-07-24 14:10:33 - [TEST_STEP][PASSED] - Statement - verifyImgName = "": null

2018-07-24 14:10:33 - [TEST_STEP][PASSED] - Statement - uploadedImg = false: null

2018-07-24 14:10:33 - [TEST_STEP][PASSED] - Statement - reuploadCount = 0: null

2018-07-24 14:10:33 - [TEST_STEP][PASSED] - Statement - If (filepath.trim() != "" && companyLogo.trim() != ""): null

2018-07-24 14:10:33 - [TEST_STEP][PASSED] - sendKeys: Keys 'C:\Users\kl.chan\Katalon Studio\boldreward\Images\Company Logo\starbucks logo.jpg' sent to object: 'Object Repository/Campaign_OR/Fields/m.button_company_logo_1'

2018-07-24 14:10:33 - [MESSAGE][PASSED] - Keys 'C:\Users\kl.chan\Katalon Studio\boldreward\Images\Company Logo\starbucks logo.jpg' sent to object: 'Object Repository/Campaign_OR/Fields/m.button_company_logo_1'

2018-07-24 14:10:33 - [TEST_STEP][PASSED] - delay: Delayed 1 second(s)

2018-07-24 14:10:34 - [MESSAGE][PASSED] - Delayed 1 second(s)

2018-07-24 14:10:34 - [TEST_STEP][PASSED] - Statement - If (com.kms.katalon.core.webui.keyword.WebUiBuiltInKeywords.waitForElementVisible(com.kms.katalon.core.testobject.ObjectRepository.findTestObject(Campaign_OR/uploadedCompanyLogo), 30)): null

2018-07-24 14:10:34 - [MESSAGE][PASSED] - Object 'Object Repository/Campaign_OR/uploadedCompanyLogo' is visible

2018-07-24 14:10:34 - [TEST_STEP][PASSED] - Statement - verifyImgName = com.kms.katalon.core.webui.keyword.WebUiBuiltInKeywords.getText(com.kms.katalon.core.testobject.ObjectRepository.findTestObject(Campaign_OR/uploadedCompanyLogo)): Text of object 'Object Repository/Campaign_OR/uploadedCompanyLogo' is: 'starbucks logo.jpg'

2018-07-24 14:10:34 - [MESSAGE][PASSED] - Text of object 'Object Repository/Campaign_OR/uploadedCompanyLogo' is: 'starbucks logo.jpg'

2018-07-24 14:10:34 - [TEST_STEP][PASSED] - Statement - If (verifyImgName.equals(companyLogo) == true): null

2018-07-24 14:10:34 - [TEST_STEP][PASSED] - Statement - uploadedImg = true: null

2018-07-24 14:10:34 - [TEST_STEP][PASSED] - Statement - If (rewardCode == true): null

2018-07-24 14:10:34 - [TEST_STEP][PASSED] - Statement - Else If (rewardCode == false): Object: 'Object Repository/Campaign_OR/Fields/n.label_No' is clicked on

2018-07-24 14:10:34 - [TEST_STEP][PASSED] - click: Object: 'Object Repository/Campaign_OR/Fields/n.label_No' is clicked on

2018-07-24 14:10:34 - [MESSAGE][PASSED] - Object: 'Object Repository/Campaign_OR/Fields/n.label_No' is clicked on

2018-07-24 14:10:34 - [TEST_STEP][PASSED] - verifyElementChecked: Object 'Object Repository/Campaign_OR/Fields/radio_No' is checked

2018-07-24 14:10:34 - [MESSAGE][PASSED] - Object 'Object Repository/Campaign_OR/Fields/radio_No' is checked

2018-07-24 14:10:34 - [TEST_STEP][PASSED] - verifyElementChecked: Object 'Object Repository/Campaign_OR/Fields/radio_Yes' is not checked

2018-07-24 14:10:35 - [MESSAGE][WARNING] - Object 'Object Repository/Campaign_OR/Fields/radio_Yes' is not checked
[[ATTACHMENT|C:\\Users\\kl.chan\\Katalon Studio\\boldreward\\Reports\\TS_Create_Campaign\\TS001 Create Campaign with negative testing\\20180724_140922\\1532412634883.png]]

2018-07-24 14:10:35 - [TEST_STEP][PASSED] - click: Object: 'Object Repository/Campaign_OR/button_Save' is clicked on

2018-07-24 14:10:35 - [MESSAGE][PASSED] - Object: 'Object Repository/Campaign_OR/button_Save' is clicked on

2018-07-24 14:10:35 - [TEST_STEP][PASSED] - delay: Delayed 2 second(s)

2018-07-24 14:10:37 - [MESSAGE][PASSED] - Delayed 2 second(s)

2018-07-24 14:10:37 - [MESSAGE][PASSED] - Call Test Case 'Test Cases/Merchant Portal/Campaign/Campagin Modules/create campaign' successfully

2018-07-24 14:10:37 - [TEST_STEP][PASSED] - Statement - updateFailed = false: null

2018-07-24 14:10:37 - [TEST_STEP][PASSED] - Statement - If (com.kms.katalon.core.webui.keyword.WebUiBuiltInKeywords.waitForElementVisible(com.kms.katalon.core.testobject.ObjectRepository.findTestObject(a.Not_Assigned_OR/alert_msg_top), 3)): null

2018-07-24 14:10:37 - [MESSAGE][PASSED] - Object 'Object Repository/a.Not_Assigned_OR/alert_msg_top' is visible

2018-07-24 14:10:37 - [TEST_STEP][PASSED] - Statement - verifyPopoutMsg = com.kms.katalon.core.webui.keyword.WebUiBuiltInKeywords.getText(com.kms.katalon.core.testobject.ObjectRepository.findTestObject(a.Not_Assigned_OR/alert_msg_top)): Text of object 'Object Repository/a.Not_Assigned_OR/alert_msg_top' is: 'Oops! Invalid inputs, please try again.'

2018-07-24 14:10:37 - [MESSAGE][PASSED] - Text of object 'Object Repository/a.Not_Assigned_OR/alert_msg_top' is: 'Oops! Invalid inputs, please try again.'

2018-07-24 14:10:37 - [TEST_STEP][PASSED] - Statement - If (verifyPopoutMsg.equals(msgServer) == true): null

2018-07-24 14:10:37 - [TEST_STEP][PASSED] - Statement - updateFailed = true: null

2018-07-24 14:10:37 - [TEST_STEP][PASSED] - Statement - updateSuccess = false: null

2018-07-24 14:10:37 - [TEST_STEP][PASSED] - Statement - If (com.kms.katalon.core.webui.keyword.WebUiBuiltInKeywords.waitForElementVisible(com.kms.katalon.core.testobject.ObjectRepository.findTestObject(Campaign_OR/Error Message/msg_edit_success), 3)): Web element with id: 'Object Repository/Campaign_OR/Error Message/msg_edit_success' located by 'By.xpath: id("errorMessage")/p[@class="error-block"]' not found

2018-07-24 14:10:40 - [MESSAGE][WARNING] - Web element with id: 'Object Repository/Campaign_OR/Error Message/msg_edit_success' located by 'By.xpath: id("errorMessage")/p[@class="error-block"]' not found

2018-07-24 14:10:40 - [TEST_STEP][PASSED] - Statement - createSuccess = false: null

2018-07-24 14:10:40 - [TEST_STEP][PASSED] - Statement - If (com.kms.katalon.core.webui.keyword.WebUiBuiltInKeywords.waitForElementVisible(com.kms.katalon.core.testobject.ObjectRepository.findTestObject(Home_OR/label_home), 3)): Web element with id: 'Object Repository/Home_OR/label_home' located by 'By.xpath: id("wrapper")/div[@class="content-page"]/div[@class="content"]/div[@class="ng-scope"]/div[@class="ng-scope"]/div[@class="page-heading"]/h1[1][count(. | //h1[(text() = ' Home' or . = ' Home')]) = count(//h1[(text() = ' Home' or . = ' Home')])]' not found

2018-07-24 14:10:43 - [MESSAGE][WARNING] - Web element with id: 'Object Repository/Home_OR/label_home' located by 'By.xpath: id("wrapper")/div[@class="content-page"]/div[@class="content"]/div[@class="ng-scope"]/div[@class="ng-scope"]/div[@class="page-heading"]/h1[1][count(. | //h1[(text() = ' Home' or . = ' Home')]) = count(//h1[(text() = ' Home' or . = ' Home')])]' not found

2018-07-24 14:10:43 - [TEST_STEP][PASSED] - Statement - If (updateSuccess == true): null

2018-07-24 14:10:43 - [TEST_STEP][PASSED] - Statement - Else If (updateFailed == true): null

2018-07-24 14:10:43 - [TEST_STEP][PASSED] - Statement - verifyError = false: null

2018-07-24 14:10:43 - [TEST_STEP][PASSED] - Statement - If (companyName.trim() == ""): null

2018-07-24 14:10:43 - [TEST_STEP][PASSED] - verifyElementVisible: Object 'Object Repository/Campaign_OR/Error Message/msg_company_name' is visible

2018-07-24 14:10:43 - [MESSAGE][PASSED] - Object 'Object Repository/Campaign_OR/Error Message/msg_company_name' is visible

2018-07-24 14:10:43 - [TEST_STEP][PASSED] - Statement - verifyEmptyCompanyName = com.kms.katalon.core.webui.keyword.WebUiBuiltInKeywords.getText(com.kms.katalon.core.testobject.ObjectRepository.findTestObject(Campaign_OR/Error Message/msg_company_name)): Text of object 'Object Repository/Campaign_OR/Error Message/msg_company_name' is: 'Please complete this field.'

2018-07-24 14:10:43 - [MESSAGE][PASSED] - Text of object 'Object Repository/Campaign_OR/Error Message/msg_company_name' is: 'Please complete this field.'

2018-07-24 14:10:43 - [TEST_STEP][PASSED] - verifyMatch: Actual text 'Please complete this field.' and expected text 'Please complete this field.' are matched  using regular expression

2018-07-24 14:10:43 - [MESSAGE][PASSED] - Actual text 'Please complete this field.' and expected text 'Please complete this field.' are matched  using regular expression

2018-07-24 14:10:43 - [TEST_STEP][PASSED] - Statement - verifyError = true: null

2018-07-24 14:10:43 - [TEST_STEP][PASSED] - Statement - If (campaignInstruc.trim() == ""): null

2018-07-24 14:10:43 - [TEST_STEP][PASSED] - Statement - If (radioEmail.toLowerCase() == "false"): null

2018-07-24 14:10:43 - [TEST_STEP][PASSED] - Statement - campaignImgName = com.kms.katalon.core.webui.keyword.WebUiBuiltInKeywords.getText(com.kms.katalon.core.testobject.ObjectRepository.findTestObject(Campaign_OR/uploadedCampaignImg)): Text of object 'Object Repository/Campaign_OR/uploadedCampaignImg' is: 'starbucks copy.jpg'

2018-07-24 14:10:43 - [MESSAGE][PASSED] - Text of object 'Object Repository/Campaign_OR/uploadedCampaignImg' is: 'starbucks copy.jpg'

2018-07-24 14:10:43 - [TEST_STEP][PASSED] - Statement - If (campaignImgName == ""): null

2018-07-24 14:10:43 - [TEST_STEP][PASSED] - Statement - If (emailSender.trim() == ""): null

2018-07-24 14:10:43 - [TEST_STEP][PASSED] - Statement - If (emailSubject.trim() == ""): null

2018-07-24 14:10:43 - [TEST_STEP][PASSED] - Statement - If (emailContent.trim() == ""): null

2018-07-24 14:10:43 - [TEST_STEP][PASSED] - Statement - companyLogoName = com.kms.katalon.core.webui.keyword.WebUiBuiltInKeywords.getText(com.kms.katalon.core.testobject.ObjectRepository.findTestObject(Campaign_OR/uploadedCompanyLogo)): Text of object 'Object Repository/Campaign_OR/uploadedCompanyLogo' is: 'starbucks logo.jpg'

2018-07-24 14:10:43 - [MESSAGE][PASSED] - Text of object 'Object Repository/Campaign_OR/uploadedCompanyLogo' is: 'starbucks logo.jpg'

2018-07-24 14:10:43 - [TEST_STEP][PASSED] - Statement - If (companyLogoName == ""): null

2018-07-24 14:10:43 - [TEST_STEP][PASSED] - Statement - If (com.kms.katalon.core.webui.keyword.WebUiBuiltInKeywords.waitForElementVisible(com.kms.katalon.core.testobject.ObjectRepository.findTestObject(Campaign_OR/Error Message/msg_cpgn_image2), 2)): Web element with id: 'Object Repository/Campaign_OR/Error Message/msg_cpgn_image2' located by 'By.xpath: id("campaignImage")/p[@class="error-block ng-binding"][count(. | //p[@class = 'error-block ng-binding' and @ng-hide = 'CC.errorImage == 200 || CC.errorImage == undefined']) = count(//p[@class = 'error-block ng-binding' and @ng-hide = 'CC.errorImage == 200 || CC.errorImage == undefined'])]' not found

2018-07-24 14:10:45 - [MESSAGE][WARNING] - Web element with id: 'Object Repository/Campaign_OR/Error Message/msg_cpgn_image2' located by 'By.xpath: id("campaignImage")/p[@class="error-block ng-binding"][count(. | //p[@class = 'error-block ng-binding' and @ng-hide = 'CC.errorImage == 200 || CC.errorImage == undefined']) = count(//p[@class = 'error-block ng-binding' and @ng-hide = 'CC.errorImage == 200 || CC.errorImage == undefined'])]' not found

2018-07-24 14:10:45 - [TEST_STEP][PASSED] - Statement - If (com.kms.katalon.core.webui.keyword.WebUiBuiltInKeywords.waitForElementVisible(com.kms.katalon.core.testobject.ObjectRepository.findTestObject(Campaign_OR/Error Message/msg_TCURL), 2)): Web element with id: 'Object Repository/Campaign_OR/Error Message/msg_TCURL' located by 'By.xpath: id("wrapper")/div[@class="content-page"]/div[@class="content"]/div[@class="ng-scope"]/div[@class="row ng-scope"]/div[@class="col-md-7"]/div[@class="widget"]/div[@class="widget-content padding"]/div[@class="form-horizontal"]/div[@class="form-group"]/div[@id="tncUrl"]/p[@class="error-block"][count(. | //p[(text() = 'Invalid format, please follow as http://wwww.example.com' or . = 'Invalid format, please follow as http://wwww.example.com')]) = count(//p[(text() = 'Invalid format, please follow as http://wwww.example.com' or . = 'Invalid format, please follow as http://wwww.example.com')])]' not found

2018-07-24 14:10:47 - [MESSAGE][WARNING] - Web element with id: 'Object Repository/Campaign_OR/Error Message/msg_TCURL' located by 'By.xpath: id("wrapper")/div[@class="content-page"]/div[@class="content"]/div[@class="ng-scope"]/div[@class="row ng-scope"]/div[@class="col-md-7"]/div[@class="widget"]/div[@class="widget-content padding"]/div[@class="form-horizontal"]/div[@class="form-group"]/div[@id="tncUrl"]/p[@class="error-block"][count(. | //p[(text() = 'Invalid format, please follow as http://wwww.example.com' or . = 'Invalid format, please follow as http://wwww.example.com')]) = count(//p[(text() = 'Invalid format, please follow as http://wwww.example.com' or . = 'Invalid format, please follow as http://wwww.example.com')])]' not found

2018-07-24 14:10:47 - [TEST_STEP][PASSED] - Statement - If (emailSender.trim() != ""): Web element with id: 'Object Repository/Campaign_OR/Error Message/msg_sender' located by 'By.xpath: id("emailSender")/p[@class="error-block"]' not found

2018-07-24 14:10:47 - [TEST_STEP][PASSED] - Statement - If (com.kms.katalon.core.webui.keyword.WebUiBuiltInKeywords.waitForElementVisible(com.kms.katalon.core.testobject.ObjectRepository.findTestObject(Campaign_OR/Error Message/msg_sender), 2)): Web element with id: 'Object Repository/Campaign_OR/Error Message/msg_sender' located by 'By.xpath: id("emailSender")/p[@class="error-block"]' not found

2018-07-24 14:10:49 - [MESSAGE][WARNING] - Web element with id: 'Object Repository/Campaign_OR/Error Message/msg_sender' located by 'By.xpath: id("emailSender")/p[@class="error-block"]' not found

2018-07-24 14:10:49 - [TEST_STEP][PASSED] - Statement - If (com.kms.katalon.core.webui.keyword.WebUiBuiltInKeywords.waitForElementVisible(com.kms.katalon.core.testobject.ObjectRepository.findTestObject(Campaign_OR/Error Message/msg_company_logo), 2)): Web element with id: 'Object Repository/Campaign_OR/Error Message/msg_company_logo' located by 'By.xpath: id("companyLogo")/p[@class="error-block ng-binding"][count(. | //p[@class = 'error-block ng-binding' and @ng-hide = 'CC.errorLogo == 200 || CC.errorLogo == undefined']) = count(//p[@class = 'error-block ng-binding' and @ng-hide = 'CC.errorLogo == 200 || CC.errorLogo == undefined'])]' not found

2018-07-24 14:10:51 - [MESSAGE][WARNING] - Web element with id: 'Object Repository/Campaign_OR/Error Message/msg_company_logo' located by 'By.xpath: id("companyLogo")/p[@class="error-block ng-binding"][count(. | //p[@class = 'error-block ng-binding' and @ng-hide = 'CC.errorLogo == 200 || CC.errorLogo == undefined']) = count(//p[@class = 'error-block ng-binding' and @ng-hide = 'CC.errorLogo == 200 || CC.errorLogo == undefined'])]' not found

2018-07-24 14:10:51 - [TEST_STEP][PASSED] - refresh: Refresh successfully

2018-07-24 14:10:52 - [MESSAGE][PASSED] - Refresh successfully

2018-07-24 14:10:52 - [TEST_STEP][PASSED] - Statement - If (verifyError == false): null]]></system-out>
         <system-err><![CDATA[]]></system-err>
      </testcase>
      <testcase name="Test Cases/Merchant Portal/Campaign/TC001 Campaign - verify all case" classname="Test Cases/Merchant Portal/Campaign/TC001 Campaign - verify all case" status="PASSED">
         <system-out><![CDATA[2018-07-24 14:10:52 - [TEST_CASE][PASSED] - Test Cases/Merchant Portal/Campaign/TC001 Campaign - verify all case: Test Cases/Merchant Portal/Campaign/TC001 Campaign - verify all case

2018-07-24 14:10:52 - [TEST_STEP][PASSED] - Statement - randomWords = CustomKeywords.randomWords.GenerateNumber.randomString(4): randomWords.GenerateNumber.randomString is PASSED

2018-07-24 14:10:52 - [MESSAGE][PASSED] - randomWords.GenerateNumber.randomString is PASSED

2018-07-24 14:10:52 - [TEST_STEP][PASSED] - Statement - If (companyName.trim() != ""): null

2018-07-24 14:10:52 - [TEST_STEP][PASSED] - Statement - companyName = companyName + randomWords: null

2018-07-24 14:10:52 - [TEST_STEP][PASSED] - Statement - If (campaignInstruc.trim() != ""): null

2018-07-24 14:10:52 - [TEST_STEP][PASSED] - Statement - If (emailSender.trim() != ""): null

2018-07-24 14:10:52 - [TEST_STEP][PASSED] - Statement - email = emailSender: null

2018-07-24 14:10:52 - [TEST_STEP][PASSED] - Statement - splitEmail = email.split("@"): null

2018-07-24 14:10:52 - [TEST_STEP][PASSED] - Statement - numb = length: null

2018-07-24 14:10:52 - [TEST_STEP][PASSED] - Statement - If (numb > 1): null

2018-07-24 14:10:52 - [TEST_STEP][PASSED] - Statement - emailSender = splitEmail[0] + randomWords + "@" + splitEmail[1]: null

2018-07-24 14:10:52 - [TEST_STEP][PASSED] - Statement - If (emailSubject.trim() != ""): null

2018-07-24 14:10:52 - [TEST_STEP][PASSED] - Statement - emailSubject = emailSubject + randomWords: null

2018-07-24 14:10:52 - [TEST_STEP][PASSED] - Statement - If (emailContent.trim() != ""): null

2018-07-24 14:10:52 - [TEST_STEP][PASSED] - Statement - emailContent = emailContent + randomWords: null

2018-07-24 14:10:52 - [TEST_STEP][PASSED] - callTestCase: Call Test Case 'Test Cases/Merchant Portal/Campaign/Campagin Modules/create campaign' successfully

2018-07-24 14:10:52 - [TEST_CASE][PASSED] - Test Cases/Merchant Portal/Campaign/Campagin Modules/create campaign: Test Cases/Merchant Portal/Campaign/Campagin Modules/create campaign

2018-07-24 14:10:52 - [TEST_STEP][PASSED] - Statement - osName = "": null

2018-07-24 14:10:52 - [TEST_STEP][PASSED] - Statement - osName = CustomKeywords.os.DetectOS.getOperatingSystem(osName): os.DetectOS.getOperatingSystem is PASSED

2018-07-24 14:10:52 - [MESSAGE][PASSED] - os.DetectOS.getOperatingSystem is PASSED

2018-07-24 14:10:52 - [TEST_STEP][PASSED] - Statement - splitString = osName.split(): null

2018-07-24 14:10:52 - [TEST_STEP][PASSED] - Statement - os = splitString[0].toString(): null

2018-07-24 14:10:52 - [TEST_STEP][PASSED] - Statement - If (loggedin == false): null

2018-07-24 14:10:52 - [TEST_STEP][PASSED] - Statement - If (accessModule == false): null

2018-07-24 14:10:52 - [TEST_STEP][PASSED] - delay: Delayed 5 second(s)

2018-07-24 14:10:57 - [MESSAGE][PASSED] - Delayed 5 second(s)

2018-07-24 14:10:57 - [TEST_STEP][PASSED] - setText: Text 'Starbucks Reserve Ltd4O5d' is set on object 'Object Repository/Campaign_OR/Fields/a.input_company_name'

2018-07-24 14:10:57 - [MESSAGE][PASSED] - Text 'Starbucks Reserve Ltd4O5d' is set on object 'Object Repository/Campaign_OR/Fields/a.input_company_name'

2018-07-24 14:10:57 - [TEST_STEP][PASSED] - setText: Text '' is set on object 'Object Repository/Campaign_OR/Fields/b.textarea_campaign_instruction'

2018-07-24 14:10:57 - [MESSAGE][PASSED] - Text '' is set on object 'Object Repository/Campaign_OR/Fields/b.textarea_campaign_instruction'

2018-07-24 14:10:57 - [TEST_STEP][PASSED] - Statement - verifyEmail = false: null

2018-07-24 14:10:57 - [TEST_STEP][PASSED] - Statement - If (radioEmail.toLowerCase() == "true"): null

2018-07-24 14:10:57 - [TEST_STEP][PASSED] - Statement - verifyEmail = true: null

2018-07-24 14:10:57 - [TEST_STEP][PASSED] - Statement - If (verifyEmail == true): Object 'Object Repository/Campaign_OR/input_email' is visible

2018-07-24 14:10:57 - [TEST_STEP][PASSED] - Statement - If (com.kms.katalon.core.webui.keyword.WebUiBuiltInKeywords.verifyElementNotChecked(com.kms.katalon.core.testobject.ObjectRepository.findTestObject(Campaign_OR/Fields/c.checkbox_email), 1, OPTIONAL)): Object 'Object Repository/Campaign_OR/input_email' is visible

2018-07-24 14:10:57 - [MESSAGE][PASSED] - Object 'Object Repository/Campaign_OR/Fields/c.checkbox_email' is not checked

2018-07-24 14:10:57 - [TEST_STEP][PASSED] - delay: Delayed 1 second(s)

2018-07-24 14:10:58 - [MESSAGE][PASSED] - Delayed 1 second(s)

2018-07-24 14:10:58 - [TEST_STEP][PASSED] - click: Object: 'Object Repository/Campaign_OR/Fields/c.checkbox_email' is clicked on

2018-07-24 14:10:59 - [MESSAGE][PASSED] - Object: 'Object Repository/Campaign_OR/Fields/c.checkbox_email' is clicked on

2018-07-24 14:10:59 - [TEST_STEP][PASSED] - verifyElementVisible: Object 'Object Repository/Campaign_OR/input_email' is visible

2018-07-24 14:10:59 - [MESSAGE][PASSED] - Object 'Object Repository/Campaign_OR/input_email' is visible

2018-07-24 14:10:59 - [TEST_STEP][PASSED] - Statement - verifyMobileno = false: null

2018-07-24 14:10:59 - [TEST_STEP][PASSED] - Statement - If (radioMobileno.toLowerCase() == "true"): null

2018-07-24 14:10:59 - [TEST_STEP][PASSED] - Statement - If (verifyMobileno == true): null

2018-07-24 14:10:59 - [TEST_STEP][PASSED] - Statement - Else If (verifyMobileno == false): Object 'Object Repository/Campaign_OR/input_mobileno' is NOT visible

2018-07-24 14:10:59 - [TEST_STEP][PASSED] - Statement - If (com.kms.katalon.core.webui.keyword.WebUiBuiltInKeywords.verifyElementChecked(com.kms.katalon.core.testobject.ObjectRepository.findTestObject(Campaign_OR/Fields/d.checkbox_mobile_number), 1, OPTIONAL)): Object 'Object Repository/Campaign_OR/Fields/d.checkbox_mobile_number' is not checked

2018-07-24 14:10:59 - [MESSAGE][WARNING] - Object 'Object Repository/Campaign_OR/Fields/d.checkbox_mobile_number' is not checked
[[ATTACHMENT|C:\\Users\\kl.chan\\Katalon Studio\\boldreward\\Reports\\TS_Create_Campaign\\TS001 Create Campaign with negative testing\\20180724_140922\\1532412659100.png]]

2018-07-24 14:10:59 - [TEST_STEP][PASSED] - Statement - Else: Object 'Object Repository/Campaign_OR/input_mobileno' is NOT visible

2018-07-24 14:10:59 - [TEST_STEP][PASSED] - verifyElementNotVisible: Object 'Object Repository/Campaign_OR/input_mobileno' is NOT visible

2018-07-24 14:10:59 - [MESSAGE][PASSED] - Object 'Object Repository/Campaign_OR/input_mobileno' is NOT visible

2018-07-24 14:10:59 - [TEST_STEP][PASSED] - Statement - verifyName = false: null

2018-07-24 14:10:59 - [TEST_STEP][PASSED] - Statement - If (radioName.toLowerCase() == "true"): null

2018-07-24 14:10:59 - [TEST_STEP][PASSED] - Statement - If (verifyName == true): null

2018-07-24 14:10:59 - [TEST_STEP][PASSED] - Statement - Else If (verifyName == false): Object 'Object Repository/Campaign_OR/input_name' is NOT visible

2018-07-24 14:10:59 - [TEST_STEP][PASSED] - Statement - If (com.kms.katalon.core.webui.keyword.WebUiBuiltInKeywords.verifyElementChecked(com.kms.katalon.core.testobject.ObjectRepository.findTestObject(Campaign_OR/Fields/e.checkbox_name), 1, OPTIONAL)): Object 'Object Repository/Campaign_OR/Fields/e.checkbox_name' is not checked

2018-07-24 14:10:59 - [MESSAGE][WARNING] - Object 'Object Repository/Campaign_OR/Fields/e.checkbox_name' is not checked
[[ATTACHMENT|C:\\Users\\kl.chan\\Katalon Studio\\boldreward\\Reports\\TS_Create_Campaign\\TS001 Create Campaign with negative testing\\20180724_140922\\1532412659387.png]]

2018-07-24 14:10:59 - [TEST_STEP][PASSED] - Statement - Else: Object 'Object Repository/Campaign_OR/input_name' is NOT visible

2018-07-24 14:10:59 - [TEST_STEP][PASSED] - verifyElementNotVisible: Object 'Object Repository/Campaign_OR/input_name' is NOT visible

2018-07-24 14:10:59 - [MESSAGE][PASSED] - Object 'Object Repository/Campaign_OR/input_name' is NOT visible

2018-07-24 14:10:59 - [TEST_STEP][PASSED] - Statement - verifyGender = false: null

2018-07-24 14:10:59 - [TEST_STEP][PASSED] - Statement - If (radioGender.toLowerCase() == "true"): null

2018-07-24 14:10:59 - [TEST_STEP][PASSED] - Statement - If (verifyGender == true): null

2018-07-24 14:10:59 - [TEST_STEP][PASSED] - Statement - Else If (verifyGender == false): Object 'Object Repository/Campaign_OR/label_Female' is NOT visible

2018-07-24 14:10:59 - [TEST_STEP][PASSED] - Statement - If (com.kms.katalon.core.webui.keyword.WebUiBuiltInKeywords.verifyElementChecked(com.kms.katalon.core.testobject.ObjectRepository.findTestObject(Campaign_OR/Fields/f.checkbox_gender), 1, OPTIONAL)): Object 'Object Repository/Campaign_OR/Fields/f.checkbox_gender' is not checked

2018-07-24 14:10:59 - [MESSAGE][WARNING] - Object 'Object Repository/Campaign_OR/Fields/f.checkbox_gender' is not checked
[[ATTACHMENT|C:\\Users\\kl.chan\\Katalon Studio\\boldreward\\Reports\\TS_Create_Campaign\\TS001 Create Campaign with negative testing\\20180724_140922\\1532412659672.png]]

2018-07-24 14:10:59 - [TEST_STEP][PASSED] - Statement - Else: Object 'Object Repository/Campaign_OR/label_Female' is NOT visible

2018-07-24 14:10:59 - [TEST_STEP][PASSED] - verifyElementNotVisible: Object 'Object Repository/Campaign_OR/label_Male' is NOT visible

2018-07-24 14:10:59 - [MESSAGE][PASSED] - Object 'Object Repository/Campaign_OR/label_Male' is NOT visible

2018-07-24 14:10:59 - [TEST_STEP][PASSED] - verifyElementNotVisible: Object 'Object Repository/Campaign_OR/label_Female' is NOT visible

2018-07-24 14:10:59 - [MESSAGE][PASSED] - Object 'Object Repository/Campaign_OR/label_Female' is NOT visible

2018-07-24 14:10:59 - [TEST_STEP][PASSED] - Statement - verifyDOB = false: null

2018-07-24 14:10:59 - [TEST_STEP][PASSED] - Statement - If (radioDOB.toLowerCase() == "true"): null

2018-07-24 14:10:59 - [TEST_STEP][PASSED] - Statement - If (verifyDOB == true): null

2018-07-24 14:10:59 - [TEST_STEP][PASSED] - Statement - Else If (verifyDOB == false): Object 'Object Repository/Campaign_OR/input_datepicker' is NOT visible

2018-07-24 14:10:59 - [TEST_STEP][PASSED] - Statement - If (com.kms.katalon.core.webui.keyword.WebUiBuiltInKeywords.verifyElementChecked(com.kms.katalon.core.testobject.ObjectRepository.findTestObject(Campaign_OR/Fields/g.checkbox_dob), 1, OPTIONAL)): Object 'Object Repository/Campaign_OR/Fields/g.checkbox_dob' is not checked

2018-07-24 14:11:00 - [MESSAGE][WARNING] - Object 'Object Repository/Campaign_OR/Fields/g.checkbox_dob' is not checked
[[ATTACHMENT|C:\\Users\\kl.chan\\Katalon Studio\\boldreward\\Reports\\TS_Create_Campaign\\TS001 Create Campaign with negative testing\\20180724_140922\\1532412659979.png]]

2018-07-24 14:11:00 - [TEST_STEP][PASSED] - Statement - Else: Object 'Object Repository/Campaign_OR/input_datepicker' is NOT visible

2018-07-24 14:11:00 - [TEST_STEP][PASSED] - verifyElementNotVisible: Object 'Object Repository/Campaign_OR/input_datepicker' is NOT visible

2018-07-24 14:11:00 - [MESSAGE][PASSED] - Object 'Object Repository/Campaign_OR/input_datepicker' is NOT visible

2018-07-24 14:11:00 - [TEST_STEP][PASSED] - Statement - filepath = "": null

2018-07-24 14:11:00 - [TEST_STEP][PASSED] - Statement - If (os == "Windows"): null

2018-07-24 14:11:00 - [TEST_STEP][PASSED] - Statement - filepath = campaignImagePath: null

2018-07-24 14:11:00 - [TEST_STEP][PASSED] - Statement - verifyImgName = "": null

2018-07-24 14:11:00 - [TEST_STEP][PASSED] - Statement - uploadedImg = false: null

2018-07-24 14:11:00 - [TEST_STEP][PASSED] - Statement - If (filepath.trim() != "" && campaignImage.trim() != ""): null

2018-07-24 14:11:00 - [TEST_STEP][PASSED] - sendKeys: Keys 'C:\Users\kl.chan\Katalon Studio\boldreward\Images\Campaign Image\starbucks copy.jpg' sent to object: 'Object Repository/Campaign_OR/Fields/h.button_campaign_image_1'

2018-07-24 14:11:00 - [MESSAGE][PASSED] - Keys 'C:\Users\kl.chan\Katalon Studio\boldreward\Images\Campaign Image\starbucks copy.jpg' sent to object: 'Object Repository/Campaign_OR/Fields/h.button_campaign_image_1'

2018-07-24 14:11:00 - [TEST_STEP][PASSED] - delay: Delayed 1 second(s)

2018-07-24 14:11:01 - [MESSAGE][PASSED] - Delayed 1 second(s)

2018-07-24 14:11:01 - [TEST_STEP][PASSED] - Statement - If (com.kms.katalon.core.webui.keyword.WebUiBuiltInKeywords.waitForElementVisible(com.kms.katalon.core.testobject.ObjectRepository.findTestObject(Campaign_OR/uploadedCampaignImg), 30)): null

2018-07-24 14:11:01 - [MESSAGE][PASSED] - Object 'Object Repository/Campaign_OR/uploadedCampaignImg' is visible

2018-07-24 14:11:01 - [TEST_STEP][PASSED] - Statement - verifyImgName = com.kms.katalon.core.webui.keyword.WebUiBuiltInKeywords.getText(com.kms.katalon.core.testobject.ObjectRepository.findTestObject(Campaign_OR/uploadedCampaignImg)): Text of object 'Object Repository/Campaign_OR/uploadedCampaignImg' is: 'starbucks copy.jpg'

2018-07-24 14:11:01 - [MESSAGE][PASSED] - Text of object 'Object Repository/Campaign_OR/uploadedCampaignImg' is: 'starbucks copy.jpg'

2018-07-24 14:11:01 - [TEST_STEP][PASSED] - Statement - If (verifyImgName.equals(campaignImage) == true): null

2018-07-24 14:11:01 - [TEST_STEP][PASSED] - Statement - uploadedImg = true: null

2018-07-24 14:11:01 - [TEST_STEP][PASSED] - setText: Text 'http://www.starbucks.com.my/' is set on object 'Object Repository/Campaign_OR/Fields/i.k.input_tnc'

2018-07-24 14:11:01 - [MESSAGE][PASSED] - Text 'http://www.starbucks.com.my/' is set on object 'Object Repository/Campaign_OR/Fields/i.k.input_tnc'

2018-07-24 14:11:01 - [TEST_STEP][PASSED] - setText: Text 'kl.chan4O5d@macrokiosk.com' is set on object 'Object Repository/Campaign_OR/Fields/j.input_sender'

2018-07-24 14:11:01 - [MESSAGE][PASSED] - Text 'kl.chan4O5d@macrokiosk.com' is set on object 'Object Repository/Campaign_OR/Fields/j.input_sender'

2018-07-24 14:11:01 - [TEST_STEP][PASSED] - setText: Text 'Starbucks Reserve @ SIT4O5d' is set on object 'Object Repository/Campaign_OR/Fields/k.input_subject'

2018-07-24 14:11:02 - [MESSAGE][PASSED] - Text 'Starbucks Reserve @ SIT4O5d' is set on object 'Object Repository/Campaign_OR/Fields/k.input_subject'

2018-07-24 14:11:02 - [TEST_STEP][PASSED] - setText: Text 'Hello User, Welcome to our Starbucks Reserve @ SIT. Come subscribe with us and redeem more rewards.4O5d' is set on object 'Object Repository/Campaign_OR/Fields/l.textarea_content'

2018-07-24 14:11:02 - [MESSAGE][PASSED] - Text 'Hello User, Welcome to our Starbucks Reserve @ SIT. Come subscribe with us and redeem more rewards.4O5d' is set on object 'Object Repository/Campaign_OR/Fields/l.textarea_content'

2018-07-24 14:11:02 - [TEST_STEP][PASSED] - Statement - filepath = "": null

2018-07-24 14:11:02 - [TEST_STEP][PASSED] - Statement - If (os == "Windows"): null

2018-07-24 14:11:02 - [TEST_STEP][PASSED] - Statement - filepath = companyLogoPath: null

2018-07-24 14:11:02 - [TEST_STEP][PASSED] - Statement - verifyImgName = "": null

2018-07-24 14:11:02 - [TEST_STEP][PASSED] - Statement - uploadedImg = false: null

2018-07-24 14:11:02 - [TEST_STEP][PASSED] - Statement - reuploadCount = 0: null

2018-07-24 14:11:02 - [TEST_STEP][PASSED] - Statement - If (filepath.trim() != "" && companyLogo.trim() != ""): null

2018-07-24 14:11:02 - [TEST_STEP][PASSED] - sendKeys: Keys 'C:\Users\kl.chan\Katalon Studio\boldreward\Images\Company Logo\starbucks logo.jpg' sent to object: 'Object Repository/Campaign_OR/Fields/m.button_company_logo_1'

2018-07-24 14:11:02 - [MESSAGE][PASSED] - Keys 'C:\Users\kl.chan\Katalon Studio\boldreward\Images\Company Logo\starbucks logo.jpg' sent to object: 'Object Repository/Campaign_OR/Fields/m.button_company_logo_1'

2018-07-24 14:11:02 - [TEST_STEP][PASSED] - delay: Delayed 1 second(s)

2018-07-24 14:11:03 - [MESSAGE][PASSED] - Delayed 1 second(s)

2018-07-24 14:11:03 - [TEST_STEP][PASSED] - Statement - If (com.kms.katalon.core.webui.keyword.WebUiBuiltInKeywords.waitForElementVisible(com.kms.katalon.core.testobject.ObjectRepository.findTestObject(Campaign_OR/uploadedCompanyLogo), 30)): null

2018-07-24 14:11:03 - [MESSAGE][PASSED] - Object 'Object Repository/Campaign_OR/uploadedCompanyLogo' is visible

2018-07-24 14:11:03 - [TEST_STEP][PASSED] - Statement - verifyImgName = com.kms.katalon.core.webui.keyword.WebUiBuiltInKeywords.getText(com.kms.katalon.core.testobject.ObjectRepository.findTestObject(Campaign_OR/uploadedCompanyLogo)): Text of object 'Object Repository/Campaign_OR/uploadedCompanyLogo' is: 'starbucks logo.jpg'

2018-07-24 14:11:03 - [MESSAGE][PASSED] - Text of object 'Object Repository/Campaign_OR/uploadedCompanyLogo' is: 'starbucks logo.jpg'

2018-07-24 14:11:03 - [TEST_STEP][PASSED] - Statement - If (verifyImgName.equals(companyLogo) == true): null

2018-07-24 14:11:03 - [TEST_STEP][PASSED] - Statement - uploadedImg = true: null

2018-07-24 14:11:03 - [TEST_STEP][PASSED] - Statement - If (rewardCode == true): null

2018-07-24 14:11:03 - [TEST_STEP][PASSED] - Statement - Else If (rewardCode == false): Object: 'Object Repository/Campaign_OR/Fields/n.label_No' is clicked on

2018-07-24 14:11:03 - [TEST_STEP][PASSED] - click: Object: 'Object Repository/Campaign_OR/Fields/n.label_No' is clicked on

2018-07-24 14:11:03 - [MESSAGE][PASSED] - Object: 'Object Repository/Campaign_OR/Fields/n.label_No' is clicked on

2018-07-24 14:11:03 - [TEST_STEP][PASSED] - verifyElementChecked: Object 'Object Repository/Campaign_OR/Fields/radio_No' is checked

2018-07-24 14:11:03 - [MESSAGE][PASSED] - Object 'Object Repository/Campaign_OR/Fields/radio_No' is checked

2018-07-24 14:11:03 - [TEST_STEP][PASSED] - verifyElementChecked: Object 'Object Repository/Campaign_OR/Fields/radio_Yes' is not checked

2018-07-24 14:11:04 - [MESSAGE][WARNING] - Object 'Object Repository/Campaign_OR/Fields/radio_Yes' is not checked
[[ATTACHMENT|C:\\Users\\kl.chan\\Katalon Studio\\boldreward\\Reports\\TS_Create_Campaign\\TS001 Create Campaign with negative testing\\20180724_140922\\1532412663798.png]]

2018-07-24 14:11:04 - [TEST_STEP][PASSED] - click: Object: 'Object Repository/Campaign_OR/button_Save' is clicked on

2018-07-24 14:11:04 - [MESSAGE][PASSED] - Object: 'Object Repository/Campaign_OR/button_Save' is clicked on

2018-07-24 14:11:04 - [TEST_STEP][PASSED] - delay: Delayed 2 second(s)

2018-07-24 14:11:06 - [MESSAGE][PASSED] - Delayed 2 second(s)

2018-07-24 14:11:06 - [MESSAGE][PASSED] - Call Test Case 'Test Cases/Merchant Portal/Campaign/Campagin Modules/create campaign' successfully

2018-07-24 14:11:06 - [TEST_STEP][PASSED] - Statement - updateFailed = false: null

2018-07-24 14:11:06 - [TEST_STEP][PASSED] - Statement - If (com.kms.katalon.core.webui.keyword.WebUiBuiltInKeywords.waitForElementVisible(com.kms.katalon.core.testobject.ObjectRepository.findTestObject(a.Not_Assigned_OR/alert_msg_top), 3)): null

2018-07-24 14:11:06 - [MESSAGE][PASSED] - Object 'Object Repository/a.Not_Assigned_OR/alert_msg_top' is visible

2018-07-24 14:11:06 - [TEST_STEP][PASSED] - Statement - verifyPopoutMsg = com.kms.katalon.core.webui.keyword.WebUiBuiltInKeywords.getText(com.kms.katalon.core.testobject.ObjectRepository.findTestObject(a.Not_Assigned_OR/alert_msg_top)): Text of object 'Object Repository/a.Not_Assigned_OR/alert_msg_top' is: 'Oops! Invalid inputs, please try again.'

2018-07-24 14:11:06 - [MESSAGE][PASSED] - Text of object 'Object Repository/a.Not_Assigned_OR/alert_msg_top' is: 'Oops! Invalid inputs, please try again.'

2018-07-24 14:11:06 - [TEST_STEP][PASSED] - Statement - If (verifyPopoutMsg.equals(msgServer) == true): null

2018-07-24 14:11:06 - [TEST_STEP][PASSED] - Statement - updateFailed = true: null

2018-07-24 14:11:06 - [TEST_STEP][PASSED] - Statement - updateSuccess = false: null

2018-07-24 14:11:06 - [TEST_STEP][PASSED] - Statement - If (com.kms.katalon.core.webui.keyword.WebUiBuiltInKeywords.waitForElementVisible(com.kms.katalon.core.testobject.ObjectRepository.findTestObject(Campaign_OR/Error Message/msg_edit_success), 3)): Web element with id: 'Object Repository/Campaign_OR/Error Message/msg_edit_success' located by 'By.xpath: id("errorMessage")/p[@class="error-block"]' not found

2018-07-24 14:11:09 - [MESSAGE][WARNING] - Web element with id: 'Object Repository/Campaign_OR/Error Message/msg_edit_success' located by 'By.xpath: id("errorMessage")/p[@class="error-block"]' not found

2018-07-24 14:11:09 - [TEST_STEP][PASSED] - Statement - createSuccess = false: null

2018-07-24 14:11:09 - [TEST_STEP][PASSED] - Statement - If (com.kms.katalon.core.webui.keyword.WebUiBuiltInKeywords.waitForElementVisible(com.kms.katalon.core.testobject.ObjectRepository.findTestObject(Home_OR/label_home), 3)): Web element with id: 'Object Repository/Home_OR/label_home' located by 'By.xpath: id("wrapper")/div[@class="content-page"]/div[@class="content"]/div[@class="ng-scope"]/div[@class="ng-scope"]/div[@class="page-heading"]/h1[1][count(. | //h1[(text() = ' Home' or . = ' Home')]) = count(//h1[(text() = ' Home' or . = ' Home')])]' not found

2018-07-24 14:11:12 - [MESSAGE][WARNING] - Web element with id: 'Object Repository/Home_OR/label_home' located by 'By.xpath: id("wrapper")/div[@class="content-page"]/div[@class="content"]/div[@class="ng-scope"]/div[@class="ng-scope"]/div[@class="page-heading"]/h1[1][count(. | //h1[(text() = ' Home' or . = ' Home')]) = count(//h1[(text() = ' Home' or . = ' Home')])]' not found

2018-07-24 14:11:12 - [TEST_STEP][PASSED] - Statement - If (updateSuccess == true): null

2018-07-24 14:11:12 - [TEST_STEP][PASSED] - Statement - Else If (updateFailed == true): null

2018-07-24 14:11:12 - [TEST_STEP][PASSED] - Statement - verifyError = false: null

2018-07-24 14:11:12 - [TEST_STEP][PASSED] - Statement - If (companyName.trim() == ""): null

2018-07-24 14:11:12 - [TEST_STEP][PASSED] - Statement - If (campaignInstruc.trim() == ""): null

2018-07-24 14:11:12 - [TEST_STEP][PASSED] - verifyElementVisible: Object 'Object Repository/Campaign_OR/Error Message/msg_campaign_instruction' is visible

2018-07-24 14:11:12 - [MESSAGE][PASSED] - Object 'Object Repository/Campaign_OR/Error Message/msg_campaign_instruction' is visible

2018-07-24 14:11:12 - [TEST_STEP][PASSED] - Statement - verifyEmptyCampaignInstruc = com.kms.katalon.core.webui.keyword.WebUiBuiltInKeywords.getText(com.kms.katalon.core.testobject.ObjectRepository.findTestObject(Campaign_OR/Error Message/msg_campaign_instruction)): Text of object 'Object Repository/Campaign_OR/Error Message/msg_campaign_instruction' is: 'Please complete this field.'

2018-07-24 14:11:12 - [MESSAGE][PASSED] - Text of object 'Object Repository/Campaign_OR/Error Message/msg_campaign_instruction' is: 'Please complete this field.'

2018-07-24 14:11:12 - [TEST_STEP][PASSED] - verifyMatch: Actual text 'Please complete this field.' and expected text 'Please complete this field.' are matched  using regular expression

2018-07-24 14:11:12 - [MESSAGE][PASSED] - Actual text 'Please complete this field.' and expected text 'Please complete this field.' are matched  using regular expression

2018-07-24 14:11:12 - [TEST_STEP][PASSED] - Statement - verifyError = true: null

2018-07-24 14:11:12 - [TEST_STEP][PASSED] - Statement - If (radioEmail.toLowerCase() == "false"): null

2018-07-24 14:11:12 - [TEST_STEP][PASSED] - Statement - campaignImgName = com.kms.katalon.core.webui.keyword.WebUiBuiltInKeywords.getText(com.kms.katalon.core.testobject.ObjectRepository.findTestObject(Campaign_OR/uploadedCampaignImg)): Text of object 'Object Repository/Campaign_OR/uploadedCampaignImg' is: 'starbucks copy.jpg'

2018-07-24 14:11:12 - [MESSAGE][PASSED] - Text of object 'Object Repository/Campaign_OR/uploadedCampaignImg' is: 'starbucks copy.jpg'

2018-07-24 14:11:12 - [TEST_STEP][PASSED] - Statement - If (campaignImgName == ""): null

2018-07-24 14:11:12 - [TEST_STEP][PASSED] - Statement - If (emailSender.trim() == ""): null

2018-07-24 14:11:12 - [TEST_STEP][PASSED] - Statement - If (emailSubject.trim() == ""): null

2018-07-24 14:11:12 - [TEST_STEP][PASSED] - Statement - If (emailContent.trim() == ""): null

2018-07-24 14:11:12 - [TEST_STEP][PASSED] - Statement - companyLogoName = com.kms.katalon.core.webui.keyword.WebUiBuiltInKeywords.getText(com.kms.katalon.core.testobject.ObjectRepository.findTestObject(Campaign_OR/uploadedCompanyLogo)): Text of object 'Object Repository/Campaign_OR/uploadedCompanyLogo' is: 'starbucks logo.jpg'

2018-07-24 14:11:12 - [MESSAGE][PASSED] - Text of object 'Object Repository/Campaign_OR/uploadedCompanyLogo' is: 'starbucks logo.jpg'

2018-07-24 14:11:12 - [TEST_STEP][PASSED] - Statement - If (companyLogoName == ""): null

2018-07-24 14:11:12 - [TEST_STEP][PASSED] - Statement - If (com.kms.katalon.core.webui.keyword.WebUiBuiltInKeywords.waitForElementVisible(com.kms.katalon.core.testobject.ObjectRepository.findTestObject(Campaign_OR/Error Message/msg_cpgn_image2), 2)): Web element with id: 'Object Repository/Campaign_OR/Error Message/msg_cpgn_image2' located by 'By.xpath: id("campaignImage")/p[@class="error-block ng-binding"][count(. | //p[@class = 'error-block ng-binding' and @ng-hide = 'CC.errorImage == 200 || CC.errorImage == undefined']) = count(//p[@class = 'error-block ng-binding' and @ng-hide = 'CC.errorImage == 200 || CC.errorImage == undefined'])]' not found

2018-07-24 14:11:14 - [MESSAGE][WARNING] - Web element with id: 'Object Repository/Campaign_OR/Error Message/msg_cpgn_image2' located by 'By.xpath: id("campaignImage")/p[@class="error-block ng-binding"][count(. | //p[@class = 'error-block ng-binding' and @ng-hide = 'CC.errorImage == 200 || CC.errorImage == undefined']) = count(//p[@class = 'error-block ng-binding' and @ng-hide = 'CC.errorImage == 200 || CC.errorImage == undefined'])]' not found

2018-07-24 14:11:14 - [TEST_STEP][PASSED] - Statement - If (com.kms.katalon.core.webui.keyword.WebUiBuiltInKeywords.waitForElementVisible(com.kms.katalon.core.testobject.ObjectRepository.findTestObject(Campaign_OR/Error Message/msg_TCURL), 2)): Web element with id: 'Object Repository/Campaign_OR/Error Message/msg_TCURL' located by 'By.xpath: id("wrapper")/div[@class="content-page"]/div[@class="content"]/div[@class="ng-scope"]/div[@class="row ng-scope"]/div[@class="col-md-7"]/div[@class="widget"]/div[@class="widget-content padding"]/div[@class="form-horizontal"]/div[@class="form-group"]/div[@id="tncUrl"]/p[@class="error-block"][count(. | //p[(text() = 'Invalid format, please follow as http://wwww.example.com' or . = 'Invalid format, please follow as http://wwww.example.com')]) = count(//p[(text() = 'Invalid format, please follow as http://wwww.example.com' or . = 'Invalid format, please follow as http://wwww.example.com')])]' not found

2018-07-24 14:11:16 - [MESSAGE][WARNING] - Web element with id: 'Object Repository/Campaign_OR/Error Message/msg_TCURL' located by 'By.xpath: id("wrapper")/div[@class="content-page"]/div[@class="content"]/div[@class="ng-scope"]/div[@class="row ng-scope"]/div[@class="col-md-7"]/div[@class="widget"]/div[@class="widget-content padding"]/div[@class="form-horizontal"]/div[@class="form-group"]/div[@id="tncUrl"]/p[@class="error-block"][count(. | //p[(text() = 'Invalid format, please follow as http://wwww.example.com' or . = 'Invalid format, please follow as http://wwww.example.com')]) = count(//p[(text() = 'Invalid format, please follow as http://wwww.example.com' or . = 'Invalid format, please follow as http://wwww.example.com')])]' not found

2018-07-24 14:11:16 - [TEST_STEP][PASSED] - Statement - If (emailSender.trim() != ""): Web element with id: 'Object Repository/Campaign_OR/Error Message/msg_sender' located by 'By.xpath: id("emailSender")/p[@class="error-block"]' not found

2018-07-24 14:11:16 - [TEST_STEP][PASSED] - Statement - If (com.kms.katalon.core.webui.keyword.WebUiBuiltInKeywords.waitForElementVisible(com.kms.katalon.core.testobject.ObjectRepository.findTestObject(Campaign_OR/Error Message/msg_sender), 2)): Web element with id: 'Object Repository/Campaign_OR/Error Message/msg_sender' located by 'By.xpath: id("emailSender")/p[@class="error-block"]' not found

2018-07-24 14:11:18 - [MESSAGE][WARNING] - Web element with id: 'Object Repository/Campaign_OR/Error Message/msg_sender' located by 'By.xpath: id("emailSender")/p[@class="error-block"]' not found

2018-07-24 14:11:18 - [TEST_STEP][PASSED] - Statement - If (com.kms.katalon.core.webui.keyword.WebUiBuiltInKeywords.waitForElementVisible(com.kms.katalon.core.testobject.ObjectRepository.findTestObject(Campaign_OR/Error Message/msg_company_logo), 2)): Web element with id: 'Object Repository/Campaign_OR/Error Message/msg_company_logo' located by 'By.xpath: id("companyLogo")/p[@class="error-block ng-binding"][count(. | //p[@class = 'error-block ng-binding' and @ng-hide = 'CC.errorLogo == 200 || CC.errorLogo == undefined']) = count(//p[@class = 'error-block ng-binding' and @ng-hide = 'CC.errorLogo == 200 || CC.errorLogo == undefined'])]' not found

2018-07-24 14:11:20 - [MESSAGE][WARNING] - Web element with id: 'Object Repository/Campaign_OR/Error Message/msg_company_logo' located by 'By.xpath: id("companyLogo")/p[@class="error-block ng-binding"][count(. | //p[@class = 'error-block ng-binding' and @ng-hide = 'CC.errorLogo == 200 || CC.errorLogo == undefined']) = count(//p[@class = 'error-block ng-binding' and @ng-hide = 'CC.errorLogo == 200 || CC.errorLogo == undefined'])]' not found

2018-07-24 14:11:20 - [TEST_STEP][PASSED] - refresh: Refresh successfully

2018-07-24 14:11:21 - [MESSAGE][PASSED] - Refresh successfully

2018-07-24 14:11:21 - [TEST_STEP][PASSED] - Statement - If (verifyError == false): null]]></system-out>
         <system-err><![CDATA[]]></system-err>
      </testcase>
      <testcase name="Test Cases/Merchant Portal/Campaign/TC001 Campaign - verify all case" classname="Test Cases/Merchant Portal/Campaign/TC001 Campaign - verify all case" status="PASSED">
         <system-out><![CDATA[2018-07-24 14:11:21 - [TEST_CASE][PASSED] - Test Cases/Merchant Portal/Campaign/TC001 Campaign - verify all case: Test Cases/Merchant Portal/Campaign/TC001 Campaign - verify all case

2018-07-24 14:11:21 - [TEST_STEP][PASSED] - Statement - randomWords = CustomKeywords.randomWords.GenerateNumber.randomString(4): randomWords.GenerateNumber.randomString is PASSED

2018-07-24 14:11:21 - [MESSAGE][PASSED] - randomWords.GenerateNumber.randomString is PASSED

2018-07-24 14:11:21 - [TEST_STEP][PASSED] - Statement - If (companyName.trim() != ""): null

2018-07-24 14:11:21 - [TEST_STEP][PASSED] - Statement - companyName = companyName + randomWords: null

2018-07-24 14:11:21 - [TEST_STEP][PASSED] - Statement - If (campaignInstruc.trim() != ""): null

2018-07-24 14:11:21 - [TEST_STEP][PASSED] - Statement - If (emailSender.trim() != ""): null

2018-07-24 14:11:21 - [TEST_STEP][PASSED] - Statement - email = emailSender: null

2018-07-24 14:11:21 - [TEST_STEP][PASSED] - Statement - splitEmail = email.split("@"): null

2018-07-24 14:11:21 - [TEST_STEP][PASSED] - Statement - numb = length: null

2018-07-24 14:11:21 - [TEST_STEP][PASSED] - Statement - If (numb > 1): null

2018-07-24 14:11:21 - [TEST_STEP][PASSED] - Statement - emailSender = splitEmail[0] + randomWords + "@" + splitEmail[1]: null

2018-07-24 14:11:21 - [TEST_STEP][PASSED] - Statement - If (emailSubject.trim() != ""): null

2018-07-24 14:11:21 - [TEST_STEP][PASSED] - Statement - emailSubject = emailSubject + randomWords: null

2018-07-24 14:11:21 - [TEST_STEP][PASSED] - Statement - If (emailContent.trim() != ""): null

2018-07-24 14:11:21 - [TEST_STEP][PASSED] - Statement - emailContent = emailContent + randomWords: null

2018-07-24 14:11:21 - [TEST_STEP][PASSED] - callTestCase: Call Test Case 'Test Cases/Merchant Portal/Campaign/Campagin Modules/create campaign' successfully

2018-07-24 14:11:21 - [TEST_CASE][PASSED] - Test Cases/Merchant Portal/Campaign/Campagin Modules/create campaign: Test Cases/Merchant Portal/Campaign/Campagin Modules/create campaign

2018-07-24 14:11:21 - [TEST_STEP][PASSED] - Statement - osName = "": null

2018-07-24 14:11:21 - [TEST_STEP][PASSED] - Statement - osName = CustomKeywords.os.DetectOS.getOperatingSystem(osName): os.DetectOS.getOperatingSystem is PASSED

2018-07-24 14:11:21 - [MESSAGE][PASSED] - os.DetectOS.getOperatingSystem is PASSED

2018-07-24 14:11:21 - [TEST_STEP][PASSED] - Statement - splitString = osName.split(): null

2018-07-24 14:11:21 - [TEST_STEP][PASSED] - Statement - os = splitString[0].toString(): null

2018-07-24 14:11:21 - [TEST_STEP][PASSED] - Statement - If (loggedin == false): null

2018-07-24 14:11:21 - [TEST_STEP][PASSED] - Statement - If (accessModule == false): null

2018-07-24 14:11:21 - [TEST_STEP][PASSED] - delay: Delayed 5 second(s)

2018-07-24 14:11:26 - [MESSAGE][PASSED] - Delayed 5 second(s)

2018-07-24 14:11:26 - [TEST_STEP][PASSED] - setText: Text 'Starbucks Reserve LtdAnej' is set on object 'Object Repository/Campaign_OR/Fields/a.input_company_name'

2018-07-24 14:11:26 - [MESSAGE][PASSED] - Text 'Starbucks Reserve LtdAnej' is set on object 'Object Repository/Campaign_OR/Fields/a.input_company_name'

2018-07-24 14:11:26 - [TEST_STEP][PASSED] - setText: Text ' ' is set on object 'Object Repository/Campaign_OR/Fields/b.textarea_campaign_instruction'

2018-07-24 14:11:26 - [MESSAGE][PASSED] - Text ' ' is set on object 'Object Repository/Campaign_OR/Fields/b.textarea_campaign_instruction'

2018-07-24 14:11:26 - [TEST_STEP][PASSED] - Statement - verifyEmail = false: null

2018-07-24 14:11:26 - [TEST_STEP][PASSED] - Statement - If (radioEmail.toLowerCase() == "true"): null

2018-07-24 14:11:26 - [TEST_STEP][PASSED] - Statement - verifyEmail = true: null

2018-07-24 14:11:26 - [TEST_STEP][PASSED] - Statement - If (verifyEmail == true): Object 'Object Repository/Campaign_OR/input_email' is visible

2018-07-24 14:11:26 - [TEST_STEP][PASSED] - Statement - If (com.kms.katalon.core.webui.keyword.WebUiBuiltInKeywords.verifyElementNotChecked(com.kms.katalon.core.testobject.ObjectRepository.findTestObject(Campaign_OR/Fields/c.checkbox_email), 1, OPTIONAL)): Object 'Object Repository/Campaign_OR/input_email' is visible

2018-07-24 14:11:27 - [MESSAGE][PASSED] - Object 'Object Repository/Campaign_OR/Fields/c.checkbox_email' is not checked

2018-07-24 14:11:27 - [TEST_STEP][PASSED] - delay: Delayed 1 second(s)

2018-07-24 14:11:28 - [MESSAGE][PASSED] - Delayed 1 second(s)

2018-07-24 14:11:28 - [TEST_STEP][PASSED] - click: Object: 'Object Repository/Campaign_OR/Fields/c.checkbox_email' is clicked on

2018-07-24 14:11:28 - [MESSAGE][PASSED] - Object: 'Object Repository/Campaign_OR/Fields/c.checkbox_email' is clicked on

2018-07-24 14:11:28 - [TEST_STEP][PASSED] - verifyElementVisible: Object 'Object Repository/Campaign_OR/input_email' is visible

2018-07-24 14:11:28 - [MESSAGE][PASSED] - Object 'Object Repository/Campaign_OR/input_email' is visible

2018-07-24 14:11:28 - [TEST_STEP][PASSED] - Statement - verifyMobileno = false: null

2018-07-24 14:11:28 - [TEST_STEP][PASSED] - Statement - If (radioMobileno.toLowerCase() == "true"): null

2018-07-24 14:11:28 - [TEST_STEP][PASSED] - Statement - If (verifyMobileno == true): null

2018-07-24 14:11:28 - [TEST_STEP][PASSED] - Statement - Else If (verifyMobileno == false): Object 'Object Repository/Campaign_OR/input_mobileno' is NOT visible

2018-07-24 14:11:28 - [TEST_STEP][PASSED] - Statement - If (com.kms.katalon.core.webui.keyword.WebUiBuiltInKeywords.verifyElementChecked(com.kms.katalon.core.testobject.ObjectRepository.findTestObject(Campaign_OR/Fields/d.checkbox_mobile_number), 1, OPTIONAL)): Object 'Object Repository/Campaign_OR/Fields/d.checkbox_mobile_number' is not checked

2018-07-24 14:11:28 - [MESSAGE][WARNING] - Object 'Object Repository/Campaign_OR/Fields/d.checkbox_mobile_number' is not checked
[[ATTACHMENT|C:\\Users\\kl.chan\\Katalon Studio\\boldreward\\Reports\\TS_Create_Campaign\\TS001 Create Campaign with negative testing\\20180724_140922\\1532412688190.png]]

2018-07-24 14:11:28 - [TEST_STEP][PASSED] - Statement - Else: Object 'Object Repository/Campaign_OR/input_mobileno' is NOT visible

2018-07-24 14:11:28 - [TEST_STEP][PASSED] - verifyElementNotVisible: Object 'Object Repository/Campaign_OR/input_mobileno' is NOT visible

2018-07-24 14:11:28 - [MESSAGE][PASSED] - Object 'Object Repository/Campaign_OR/input_mobileno' is NOT visible

2018-07-24 14:11:28 - [TEST_STEP][PASSED] - Statement - verifyName = false: null

2018-07-24 14:11:28 - [TEST_STEP][PASSED] - Statement - If (radioName.toLowerCase() == "true"): null

2018-07-24 14:11:28 - [TEST_STEP][PASSED] - Statement - If (verifyName == true): null

2018-07-24 14:11:28 - [TEST_STEP][PASSED] - Statement - Else If (verifyName == false): Object 'Object Repository/Campaign_OR/input_name' is NOT visible

2018-07-24 14:11:28 - [TEST_STEP][PASSED] - Statement - If (com.kms.katalon.core.webui.keyword.WebUiBuiltInKeywords.verifyElementChecked(com.kms.katalon.core.testobject.ObjectRepository.findTestObject(Campaign_OR/Fields/e.checkbox_name), 1, OPTIONAL)): Object 'Object Repository/Campaign_OR/Fields/e.checkbox_name' is not checked

2018-07-24 14:11:28 - [MESSAGE][WARNING] - Object 'Object Repository/Campaign_OR/Fields/e.checkbox_name' is not checked
[[ATTACHMENT|C:\\Users\\kl.chan\\Katalon Studio\\boldreward\\Reports\\TS_Create_Campaign\\TS001 Create Campaign with negative testing\\20180724_140922\\1532412688475.png]]

2018-07-24 14:11:28 - [TEST_STEP][PASSED] - Statement - Else: Object 'Object Repository/Campaign_OR/input_name' is NOT visible

2018-07-24 14:11:28 - [TEST_STEP][PASSED] - verifyElementNotVisible: Object 'Object Repository/Campaign_OR/input_name' is NOT visible

2018-07-24 14:11:28 - [MESSAGE][PASSED] - Object 'Object Repository/Campaign_OR/input_name' is NOT visible

2018-07-24 14:11:28 - [TEST_STEP][PASSED] - Statement - verifyGender = false: null

2018-07-24 14:11:28 - [TEST_STEP][PASSED] - Statement - If (radioGender.toLowerCase() == "true"): null

2018-07-24 14:11:28 - [TEST_STEP][PASSED] - Statement - If (verifyGender == true): null

2018-07-24 14:11:28 - [TEST_STEP][PASSED] - Statement - Else If (verifyGender == false): Object 'Object Repository/Campaign_OR/label_Female' is NOT visible

2018-07-24 14:11:28 - [TEST_STEP][PASSED] - Statement - If (com.kms.katalon.core.webui.keyword.WebUiBuiltInKeywords.verifyElementChecked(com.kms.katalon.core.testobject.ObjectRepository.findTestObject(Campaign_OR/Fields/f.checkbox_gender), 1, OPTIONAL)): Object 'Object Repository/Campaign_OR/Fields/f.checkbox_gender' is not checked

2018-07-24 14:11:28 - [MESSAGE][WARNING] - Object 'Object Repository/Campaign_OR/Fields/f.checkbox_gender' is not checked
[[ATTACHMENT|C:\\Users\\kl.chan\\Katalon Studio\\boldreward\\Reports\\TS_Create_Campaign\\TS001 Create Campaign with negative testing\\20180724_140922\\1532412688761.png]]

2018-07-24 14:11:28 - [TEST_STEP][PASSED] - Statement - Else: Object 'Object Repository/Campaign_OR/label_Female' is NOT visible

2018-07-24 14:11:28 - [TEST_STEP][PASSED] - verifyElementNotVisible: Object 'Object Repository/Campaign_OR/label_Male' is NOT visible

2018-07-24 14:11:29 - [MESSAGE][PASSED] - Object 'Object Repository/Campaign_OR/label_Male' is NOT visible

2018-07-24 14:11:29 - [TEST_STEP][PASSED] - verifyElementNotVisible: Object 'Object Repository/Campaign_OR/label_Female' is NOT visible

2018-07-24 14:11:29 - [MESSAGE][PASSED] - Object 'Object Repository/Campaign_OR/label_Female' is NOT visible

2018-07-24 14:11:29 - [TEST_STEP][PASSED] - Statement - verifyDOB = false: null

2018-07-24 14:11:29 - [TEST_STEP][PASSED] - Statement - If (radioDOB.toLowerCase() == "true"): null

2018-07-24 14:11:29 - [TEST_STEP][PASSED] - Statement - If (verifyDOB == true): null

2018-07-24 14:11:29 - [TEST_STEP][PASSED] - Statement - Else If (verifyDOB == false): Object 'Object Repository/Campaign_OR/input_datepicker' is NOT visible

2018-07-24 14:11:29 - [TEST_STEP][PASSED] - Statement - If (com.kms.katalon.core.webui.keyword.WebUiBuiltInKeywords.verifyElementChecked(com.kms.katalon.core.testobject.ObjectRepository.findTestObject(Campaign_OR/Fields/g.checkbox_dob), 1, OPTIONAL)): Object 'Object Repository/Campaign_OR/Fields/g.checkbox_dob' is not checked

2018-07-24 14:11:29 - [MESSAGE][WARNING] - Object 'Object Repository/Campaign_OR/Fields/g.checkbox_dob' is not checked
[[ATTACHMENT|C:\\Users\\kl.chan\\Katalon Studio\\boldreward\\Reports\\TS_Create_Campaign\\TS001 Create Campaign with negative testing\\20180724_140922\\1532412689097.png]]

2018-07-24 14:11:29 - [TEST_STEP][PASSED] - Statement - Else: Object 'Object Repository/Campaign_OR/input_datepicker' is NOT visible

2018-07-24 14:11:29 - [TEST_STEP][PASSED] - verifyElementNotVisible: Object 'Object Repository/Campaign_OR/input_datepicker' is NOT visible

2018-07-24 14:11:29 - [MESSAGE][PASSED] - Object 'Object Repository/Campaign_OR/input_datepicker' is NOT visible

2018-07-24 14:11:29 - [TEST_STEP][PASSED] - Statement - filepath = "": null

2018-07-24 14:11:29 - [TEST_STEP][PASSED] - Statement - If (os == "Windows"): null

2018-07-24 14:11:29 - [TEST_STEP][PASSED] - Statement - filepath = campaignImagePath: null

2018-07-24 14:11:29 - [TEST_STEP][PASSED] - Statement - verifyImgName = "": null

2018-07-24 14:11:29 - [TEST_STEP][PASSED] - Statement - uploadedImg = false: null

2018-07-24 14:11:29 - [TEST_STEP][PASSED] - Statement - If (filepath.trim() != "" && campaignImage.trim() != ""): null

2018-07-24 14:11:29 - [TEST_STEP][PASSED] - sendKeys: Keys 'C:\Users\kl.chan\Katalon Studio\boldreward\Images\Campaign Image\starbucks copy.jpg' sent to object: 'Object Repository/Campaign_OR/Fields/h.button_campaign_image_1'

2018-07-24 14:11:29 - [MESSAGE][PASSED] - Keys 'C:\Users\kl.chan\Katalon Studio\boldreward\Images\Campaign Image\starbucks copy.jpg' sent to object: 'Object Repository/Campaign_OR/Fields/h.button_campaign_image_1'

2018-07-24 14:11:29 - [TEST_STEP][PASSED] - delay: Delayed 1 second(s)

2018-07-24 14:11:30 - [MESSAGE][PASSED] - Delayed 1 second(s)

2018-07-24 14:11:30 - [TEST_STEP][PASSED] - Statement - If (com.kms.katalon.core.webui.keyword.WebUiBuiltInKeywords.waitForElementVisible(com.kms.katalon.core.testobject.ObjectRepository.findTestObject(Campaign_OR/uploadedCampaignImg), 30)): null

2018-07-24 14:11:30 - [MESSAGE][PASSED] - Object 'Object Repository/Campaign_OR/uploadedCampaignImg' is visible

2018-07-24 14:11:30 - [TEST_STEP][PASSED] - Statement - verifyImgName = com.kms.katalon.core.webui.keyword.WebUiBuiltInKeywords.getText(com.kms.katalon.core.testobject.ObjectRepository.findTestObject(Campaign_OR/uploadedCampaignImg)): Text of object 'Object Repository/Campaign_OR/uploadedCampaignImg' is: 'starbucks copy.jpg'

2018-07-24 14:11:30 - [MESSAGE][PASSED] - Text of object 'Object Repository/Campaign_OR/uploadedCampaignImg' is: 'starbucks copy.jpg'

2018-07-24 14:11:30 - [TEST_STEP][PASSED] - Statement - If (verifyImgName.equals(campaignImage) == true): null

2018-07-24 14:11:30 - [TEST_STEP][PASSED] - Statement - uploadedImg = true: null

2018-07-24 14:11:30 - [TEST_STEP][PASSED] - setText: Text 'http://www.starbucks.com.my/' is set on object 'Object Repository/Campaign_OR/Fields/i.k.input_tnc'

2018-07-24 14:11:30 - [MESSAGE][PASSED] - Text 'http://www.starbucks.com.my/' is set on object 'Object Repository/Campaign_OR/Fields/i.k.input_tnc'

2018-07-24 14:11:30 - [TEST_STEP][PASSED] - setText: Text 'kl.chanAnej@macrokiosk.com' is set on object 'Object Repository/Campaign_OR/Fields/j.input_sender'

2018-07-24 14:11:30 - [MESSAGE][PASSED] - Text 'kl.chanAnej@macrokiosk.com' is set on object 'Object Repository/Campaign_OR/Fields/j.input_sender'

2018-07-24 14:11:30 - [TEST_STEP][PASSED] - setText: Text 'Starbucks Reserve @ SITAnej' is set on object 'Object Repository/Campaign_OR/Fields/k.input_subject'

2018-07-24 14:11:31 - [MESSAGE][PASSED] - Text 'Starbucks Reserve @ SITAnej' is set on object 'Object Repository/Campaign_OR/Fields/k.input_subject'

2018-07-24 14:11:31 - [TEST_STEP][PASSED] - setText: Text 'Hello User, Welcome to our Starbucks Reserve @ SIT. Come subscribe with us and redeem more rewards.Anej' is set on object 'Object Repository/Campaign_OR/Fields/l.textarea_content'

2018-07-24 14:11:31 - [MESSAGE][PASSED] - Text 'Hello User, Welcome to our Starbucks Reserve @ SIT. Come subscribe with us and redeem more rewards.Anej' is set on object 'Object Repository/Campaign_OR/Fields/l.textarea_content'

2018-07-24 14:11:31 - [TEST_STEP][PASSED] - Statement - filepath = "": null

2018-07-24 14:11:31 - [TEST_STEP][PASSED] - Statement - If (os == "Windows"): null

2018-07-24 14:11:31 - [TEST_STEP][PASSED] - Statement - filepath = companyLogoPath: null

2018-07-24 14:11:31 - [TEST_STEP][PASSED] - Statement - verifyImgName = "": null

2018-07-24 14:11:31 - [TEST_STEP][PASSED] - Statement - uploadedImg = false: null

2018-07-24 14:11:31 - [TEST_STEP][PASSED] - Statement - reuploadCount = 0: null

2018-07-24 14:11:31 - [TEST_STEP][PASSED] - Statement - If (filepath.trim() != "" && companyLogo.trim() != ""): null

2018-07-24 14:11:31 - [TEST_STEP][PASSED] - sendKeys: Keys 'C:\Users\kl.chan\Katalon Studio\boldreward\Images\Company Logo\starbucks logo.jpg' sent to object: 'Object Repository/Campaign_OR/Fields/m.button_company_logo_1'

2018-07-24 14:11:31 - [MESSAGE][PASSED] - Keys 'C:\Users\kl.chan\Katalon Studio\boldreward\Images\Company Logo\starbucks logo.jpg' sent to object: 'Object Repository/Campaign_OR/Fields/m.button_company_logo_1'

2018-07-24 14:11:31 - [TEST_STEP][PASSED] - delay: Delayed 1 second(s)

2018-07-24 14:11:32 - [MESSAGE][PASSED] - Delayed 1 second(s)

2018-07-24 14:11:32 - [TEST_STEP][PASSED] - Statement - If (com.kms.katalon.core.webui.keyword.WebUiBuiltInKeywords.waitForElementVisible(com.kms.katalon.core.testobject.ObjectRepository.findTestObject(Campaign_OR/uploadedCompanyLogo), 30)): null

2018-07-24 14:11:32 - [MESSAGE][PASSED] - Object 'Object Repository/Campaign_OR/uploadedCompanyLogo' is visible

2018-07-24 14:11:32 - [TEST_STEP][PASSED] - Statement - verifyImgName = com.kms.katalon.core.webui.keyword.WebUiBuiltInKeywords.getText(com.kms.katalon.core.testobject.ObjectRepository.findTestObject(Campaign_OR/uploadedCompanyLogo)): Text of object 'Object Repository/Campaign_OR/uploadedCompanyLogo' is: 'starbucks logo.jpg'

2018-07-24 14:11:32 - [MESSAGE][PASSED] - Text of object 'Object Repository/Campaign_OR/uploadedCompanyLogo' is: 'starbucks logo.jpg'

2018-07-24 14:11:32 - [TEST_STEP][PASSED] - Statement - If (verifyImgName.equals(companyLogo) == true): null

2018-07-24 14:11:32 - [TEST_STEP][PASSED] - Statement - uploadedImg = true: null

2018-07-24 14:11:32 - [TEST_STEP][PASSED] - Statement - If (rewardCode == true): null

2018-07-24 14:11:32 - [TEST_STEP][PASSED] - Statement - Else If (rewardCode == false): Object: 'Object Repository/Campaign_OR/Fields/n.label_No' is clicked on

2018-07-24 14:11:32 - [TEST_STEP][PASSED] - click: Object: 'Object Repository/Campaign_OR/Fields/n.label_No' is clicked on

2018-07-24 14:11:32 - [MESSAGE][PASSED] - Object: 'Object Repository/Campaign_OR/Fields/n.label_No' is clicked on

2018-07-24 14:11:32 - [TEST_STEP][PASSED] - verifyElementChecked: Object 'Object Repository/Campaign_OR/Fields/radio_No' is checked

2018-07-24 14:11:32 - [MESSAGE][PASSED] - Object 'Object Repository/Campaign_OR/Fields/radio_No' is checked

2018-07-24 14:11:32 - [TEST_STEP][PASSED] - verifyElementChecked: Object 'Object Repository/Campaign_OR/Fields/radio_Yes' is not checked

2018-07-24 14:11:33 - [MESSAGE][WARNING] - Object 'Object Repository/Campaign_OR/Fields/radio_Yes' is not checked
[[ATTACHMENT|C:\\Users\\kl.chan\\Katalon Studio\\boldreward\\Reports\\TS_Create_Campaign\\TS001 Create Campaign with negative testing\\20180724_140922\\1532412692896.png]]

2018-07-24 14:11:33 - [TEST_STEP][PASSED] - click: Object: 'Object Repository/Campaign_OR/button_Save' is clicked on

2018-07-24 14:11:33 - [MESSAGE][PASSED] - Object: 'Object Repository/Campaign_OR/button_Save' is clicked on

2018-07-24 14:11:33 - [TEST_STEP][PASSED] - delay: Delayed 2 second(s)

2018-07-24 14:11:35 - [MESSAGE][PASSED] - Delayed 2 second(s)

2018-07-24 14:11:35 - [MESSAGE][PASSED] - Call Test Case 'Test Cases/Merchant Portal/Campaign/Campagin Modules/create campaign' successfully

2018-07-24 14:11:35 - [TEST_STEP][PASSED] - Statement - updateFailed = false: null

2018-07-24 14:11:35 - [TEST_STEP][PASSED] - Statement - If (com.kms.katalon.core.webui.keyword.WebUiBuiltInKeywords.waitForElementVisible(com.kms.katalon.core.testobject.ObjectRepository.findTestObject(a.Not_Assigned_OR/alert_msg_top), 3)): null

2018-07-24 14:11:35 - [MESSAGE][PASSED] - Object 'Object Repository/a.Not_Assigned_OR/alert_msg_top' is visible

2018-07-24 14:11:35 - [TEST_STEP][PASSED] - Statement - verifyPopoutMsg = com.kms.katalon.core.webui.keyword.WebUiBuiltInKeywords.getText(com.kms.katalon.core.testobject.ObjectRepository.findTestObject(a.Not_Assigned_OR/alert_msg_top)): Text of object 'Object Repository/a.Not_Assigned_OR/alert_msg_top' is: 'Oops! Invalid inputs, please try again.'

2018-07-24 14:11:35 - [MESSAGE][PASSED] - Text of object 'Object Repository/a.Not_Assigned_OR/alert_msg_top' is: 'Oops! Invalid inputs, please try again.'

2018-07-24 14:11:35 - [TEST_STEP][PASSED] - Statement - If (verifyPopoutMsg.equals(msgServer) == true): null

2018-07-24 14:11:35 - [TEST_STEP][PASSED] - Statement - updateFailed = true: null

2018-07-24 14:11:35 - [TEST_STEP][PASSED] - Statement - updateSuccess = false: null

2018-07-24 14:11:35 - [TEST_STEP][PASSED] - Statement - If (com.kms.katalon.core.webui.keyword.WebUiBuiltInKeywords.waitForElementVisible(com.kms.katalon.core.testobject.ObjectRepository.findTestObject(Campaign_OR/Error Message/msg_edit_success), 3)): Web element with id: 'Object Repository/Campaign_OR/Error Message/msg_edit_success' located by 'By.xpath: id("errorMessage")/p[@class="error-block"]' not found

2018-07-24 14:11:38 - [MESSAGE][WARNING] - Web element with id: 'Object Repository/Campaign_OR/Error Message/msg_edit_success' located by 'By.xpath: id("errorMessage")/p[@class="error-block"]' not found

2018-07-24 14:11:38 - [TEST_STEP][PASSED] - Statement - createSuccess = false: null

2018-07-24 14:11:38 - [TEST_STEP][PASSED] - Statement - If (com.kms.katalon.core.webui.keyword.WebUiBuiltInKeywords.waitForElementVisible(com.kms.katalon.core.testobject.ObjectRepository.findTestObject(Home_OR/label_home), 3)): Web element with id: 'Object Repository/Home_OR/label_home' located by 'By.xpath: id("wrapper")/div[@class="content-page"]/div[@class="content"]/div[@class="ng-scope"]/div[@class="ng-scope"]/div[@class="page-heading"]/h1[1][count(. | //h1[(text() = ' Home' or . = ' Home')]) = count(//h1[(text() = ' Home' or . = ' Home')])]' not found

2018-07-24 14:11:41 - [MESSAGE][WARNING] - Web element with id: 'Object Repository/Home_OR/label_home' located by 'By.xpath: id("wrapper")/div[@class="content-page"]/div[@class="content"]/div[@class="ng-scope"]/div[@class="ng-scope"]/div[@class="page-heading"]/h1[1][count(. | //h1[(text() = ' Home' or . = ' Home')]) = count(//h1[(text() = ' Home' or . = ' Home')])]' not found

2018-07-24 14:11:41 - [TEST_STEP][PASSED] - Statement - If (updateSuccess == true): null

2018-07-24 14:11:41 - [TEST_STEP][PASSED] - Statement - Else If (updateFailed == true): null

2018-07-24 14:11:41 - [TEST_STEP][PASSED] - Statement - verifyError = false: null

2018-07-24 14:11:41 - [TEST_STEP][PASSED] - Statement - If (companyName.trim() == ""): null

2018-07-24 14:11:41 - [TEST_STEP][PASSED] - Statement - If (campaignInstruc.trim() == ""): null

2018-07-24 14:11:41 - [TEST_STEP][PASSED] - verifyElementVisible: Object 'Object Repository/Campaign_OR/Error Message/msg_campaign_instruction' is visible

2018-07-24 14:11:41 - [MESSAGE][PASSED] - Object 'Object Repository/Campaign_OR/Error Message/msg_campaign_instruction' is visible

2018-07-24 14:11:41 - [TEST_STEP][PASSED] - Statement - verifyEmptyCampaignInstruc = com.kms.katalon.core.webui.keyword.WebUiBuiltInKeywords.getText(com.kms.katalon.core.testobject.ObjectRepository.findTestObject(Campaign_OR/Error Message/msg_campaign_instruction)): Text of object 'Object Repository/Campaign_OR/Error Message/msg_campaign_instruction' is: 'Please complete this field.'

2018-07-24 14:11:41 - [MESSAGE][PASSED] - Text of object 'Object Repository/Campaign_OR/Error Message/msg_campaign_instruction' is: 'Please complete this field.'

2018-07-24 14:11:41 - [TEST_STEP][PASSED] - verifyMatch: Actual text 'Please complete this field.' and expected text 'Please complete this field.' are matched  using regular expression

2018-07-24 14:11:41 - [MESSAGE][PASSED] - Actual text 'Please complete this field.' and expected text 'Please complete this field.' are matched  using regular expression

2018-07-24 14:11:41 - [TEST_STEP][PASSED] - Statement - verifyError = true: null

2018-07-24 14:11:41 - [TEST_STEP][PASSED] - Statement - If (radioEmail.toLowerCase() == "false"): null

2018-07-24 14:11:41 - [TEST_STEP][PASSED] - Statement - campaignImgName = com.kms.katalon.core.webui.keyword.WebUiBuiltInKeywords.getText(com.kms.katalon.core.testobject.ObjectRepository.findTestObject(Campaign_OR/uploadedCampaignImg)): Text of object 'Object Repository/Campaign_OR/uploadedCampaignImg' is: 'starbucks copy.jpg'

2018-07-24 14:11:41 - [MESSAGE][PASSED] - Text of object 'Object Repository/Campaign_OR/uploadedCampaignImg' is: 'starbucks copy.jpg'

2018-07-24 14:11:41 - [TEST_STEP][PASSED] - Statement - If (campaignImgName == ""): null

2018-07-24 14:11:41 - [TEST_STEP][PASSED] - Statement - If (emailSender.trim() == ""): null

2018-07-24 14:11:41 - [TEST_STEP][PASSED] - Statement - If (emailSubject.trim() == ""): null

2018-07-24 14:11:41 - [TEST_STEP][PASSED] - Statement - If (emailContent.trim() == ""): null

2018-07-24 14:11:41 - [TEST_STEP][PASSED] - Statement - companyLogoName = com.kms.katalon.core.webui.keyword.WebUiBuiltInKeywords.getText(com.kms.katalon.core.testobject.ObjectRepository.findTestObject(Campaign_OR/uploadedCompanyLogo)): Text of object 'Object Repository/Campaign_OR/uploadedCompanyLogo' is: 'starbucks logo.jpg'

2018-07-24 14:11:41 - [MESSAGE][PASSED] - Text of object 'Object Repository/Campaign_OR/uploadedCompanyLogo' is: 'starbucks logo.jpg'

2018-07-24 14:11:41 - [TEST_STEP][PASSED] - Statement - If (companyLogoName == ""): null

2018-07-24 14:11:41 - [TEST_STEP][PASSED] - Statement - If (com.kms.katalon.core.webui.keyword.WebUiBuiltInKeywords.waitForElementVisible(com.kms.katalon.core.testobject.ObjectRepository.findTestObject(Campaign_OR/Error Message/msg_cpgn_image2), 2)): Web element with id: 'Object Repository/Campaign_OR/Error Message/msg_cpgn_image2' located by 'By.xpath: id("campaignImage")/p[@class="error-block ng-binding"][count(. | //p[@class = 'error-block ng-binding' and @ng-hide = 'CC.errorImage == 200 || CC.errorImage == undefined']) = count(//p[@class = 'error-block ng-binding' and @ng-hide = 'CC.errorImage == 200 || CC.errorImage == undefined'])]' not found

2018-07-24 14:11:43 - [MESSAGE][WARNING] - Web element with id: 'Object Repository/Campaign_OR/Error Message/msg_cpgn_image2' located by 'By.xpath: id("campaignImage")/p[@class="error-block ng-binding"][count(. | //p[@class = 'error-block ng-binding' and @ng-hide = 'CC.errorImage == 200 || CC.errorImage == undefined']) = count(//p[@class = 'error-block ng-binding' and @ng-hide = 'CC.errorImage == 200 || CC.errorImage == undefined'])]' not found

2018-07-24 14:11:43 - [TEST_STEP][PASSED] - Statement - If (com.kms.katalon.core.webui.keyword.WebUiBuiltInKeywords.waitForElementVisible(com.kms.katalon.core.testobject.ObjectRepository.findTestObject(Campaign_OR/Error Message/msg_TCURL), 2)): Web element with id: 'Object Repository/Campaign_OR/Error Message/msg_TCURL' located by 'By.xpath: id("wrapper")/div[@class="content-page"]/div[@class="content"]/div[@class="ng-scope"]/div[@class="row ng-scope"]/div[@class="col-md-7"]/div[@class="widget"]/div[@class="widget-content padding"]/div[@class="form-horizontal"]/div[@class="form-group"]/div[@id="tncUrl"]/p[@class="error-block"][count(. | //p[(text() = 'Invalid format, please follow as http://wwww.example.com' or . = 'Invalid format, please follow as http://wwww.example.com')]) = count(//p[(text() = 'Invalid format, please follow as http://wwww.example.com' or . = 'Invalid format, please follow as http://wwww.example.com')])]' not found

2018-07-24 14:11:45 - [MESSAGE][WARNING] - Web element with id: 'Object Repository/Campaign_OR/Error Message/msg_TCURL' located by 'By.xpath: id("wrapper")/div[@class="content-page"]/div[@class="content"]/div[@class="ng-scope"]/div[@class="row ng-scope"]/div[@class="col-md-7"]/div[@class="widget"]/div[@class="widget-content padding"]/div[@class="form-horizontal"]/div[@class="form-group"]/div[@id="tncUrl"]/p[@class="error-block"][count(. | //p[(text() = 'Invalid format, please follow as http://wwww.example.com' or . = 'Invalid format, please follow as http://wwww.example.com')]) = count(//p[(text() = 'Invalid format, please follow as http://wwww.example.com' or . = 'Invalid format, please follow as http://wwww.example.com')])]' not found

2018-07-24 14:11:45 - [TEST_STEP][PASSED] - Statement - If (emailSender.trim() != ""): Web element with id: 'Object Repository/Campaign_OR/Error Message/msg_sender' located by 'By.xpath: id("emailSender")/p[@class="error-block"]' not found

2018-07-24 14:11:45 - [TEST_STEP][PASSED] - Statement - If (com.kms.katalon.core.webui.keyword.WebUiBuiltInKeywords.waitForElementVisible(com.kms.katalon.core.testobject.ObjectRepository.findTestObject(Campaign_OR/Error Message/msg_sender), 2)): Web element with id: 'Object Repository/Campaign_OR/Error Message/msg_sender' located by 'By.xpath: id("emailSender")/p[@class="error-block"]' not found

2018-07-24 14:11:47 - [MESSAGE][WARNING] - Web element with id: 'Object Repository/Campaign_OR/Error Message/msg_sender' located by 'By.xpath: id("emailSender")/p[@class="error-block"]' not found

2018-07-24 14:11:47 - [TEST_STEP][PASSED] - Statement - If (com.kms.katalon.core.webui.keyword.WebUiBuiltInKeywords.waitForElementVisible(com.kms.katalon.core.testobject.ObjectRepository.findTestObject(Campaign_OR/Error Message/msg_company_logo), 2)): Web element with id: 'Object Repository/Campaign_OR/Error Message/msg_company_logo' located by 'By.xpath: id("companyLogo")/p[@class="error-block ng-binding"][count(. | //p[@class = 'error-block ng-binding' and @ng-hide = 'CC.errorLogo == 200 || CC.errorLogo == undefined']) = count(//p[@class = 'error-block ng-binding' and @ng-hide = 'CC.errorLogo == 200 || CC.errorLogo == undefined'])]' not found

2018-07-24 14:11:49 - [MESSAGE][WARNING] - Web element with id: 'Object Repository/Campaign_OR/Error Message/msg_company_logo' located by 'By.xpath: id("companyLogo")/p[@class="error-block ng-binding"][count(. | //p[@class = 'error-block ng-binding' and @ng-hide = 'CC.errorLogo == 200 || CC.errorLogo == undefined']) = count(//p[@class = 'error-block ng-binding' and @ng-hide = 'CC.errorLogo == 200 || CC.errorLogo == undefined'])]' not found

2018-07-24 14:11:49 - [TEST_STEP][PASSED] - refresh: Refresh successfully

2018-07-24 14:11:50 - [MESSAGE][PASSED] - Refresh successfully

2018-07-24 14:11:50 - [TEST_STEP][PASSED] - Statement - If (verifyError == false): null]]></system-out>
         <system-err><![CDATA[]]></system-err>
      </testcase>
      <testcase name="Test Cases/Merchant Portal/Campaign/TC001 Campaign - verify all case" classname="Test Cases/Merchant Portal/Campaign/TC001 Campaign - verify all case" status="PASSED">
         <system-out><![CDATA[2018-07-24 14:11:50 - [TEST_CASE][PASSED] - Test Cases/Merchant Portal/Campaign/TC001 Campaign - verify all case: Test Cases/Merchant Portal/Campaign/TC001 Campaign - verify all case

2018-07-24 14:11:50 - [TEST_STEP][PASSED] - Statement - randomWords = CustomKeywords.randomWords.GenerateNumber.randomString(4): randomWords.GenerateNumber.randomString is PASSED

2018-07-24 14:11:50 - [MESSAGE][PASSED] - randomWords.GenerateNumber.randomString is PASSED

2018-07-24 14:11:50 - [TEST_STEP][PASSED] - Statement - If (companyName.trim() != ""): null

2018-07-24 14:11:50 - [TEST_STEP][PASSED] - Statement - companyName = companyName + randomWords: null

2018-07-24 14:11:50 - [TEST_STEP][PASSED] - Statement - If (campaignInstruc.trim() != ""): null

2018-07-24 14:11:50 - [TEST_STEP][PASSED] - Statement - campaignInstruc = campaignInstruc + randomWords: null

2018-07-24 14:11:50 - [TEST_STEP][PASSED] - Statement - If (emailSender.trim() != ""): null

2018-07-24 14:11:50 - [TEST_STEP][PASSED] - Statement - email = emailSender: null

2018-07-24 14:11:50 - [TEST_STEP][PASSED] - Statement - splitEmail = email.split("@"): null

2018-07-24 14:11:50 - [TEST_STEP][PASSED] - Statement - numb = length: null

2018-07-24 14:11:50 - [TEST_STEP][PASSED] - Statement - If (numb > 1): null

2018-07-24 14:11:50 - [TEST_STEP][PASSED] - Statement - emailSender = splitEmail[0] + randomWords + "@" + splitEmail[1]: null

2018-07-24 14:11:50 - [TEST_STEP][PASSED] - Statement - If (emailSubject.trim() != ""): null

2018-07-24 14:11:50 - [TEST_STEP][PASSED] - Statement - emailSubject = emailSubject + randomWords: null

2018-07-24 14:11:50 - [TEST_STEP][PASSED] - Statement - If (emailContent.trim() != ""): null

2018-07-24 14:11:50 - [TEST_STEP][PASSED] - Statement - emailContent = emailContent + randomWords: null

2018-07-24 14:11:50 - [TEST_STEP][PASSED] - callTestCase: Call Test Case 'Test Cases/Merchant Portal/Campaign/Campagin Modules/create campaign' successfully

2018-07-24 14:11:50 - [TEST_CASE][PASSED] - Test Cases/Merchant Portal/Campaign/Campagin Modules/create campaign: Test Cases/Merchant Portal/Campaign/Campagin Modules/create campaign

2018-07-24 14:11:50 - [TEST_STEP][PASSED] - Statement - osName = "": null

2018-07-24 14:11:50 - [TEST_STEP][PASSED] - Statement - osName = CustomKeywords.os.DetectOS.getOperatingSystem(osName): os.DetectOS.getOperatingSystem is PASSED

2018-07-24 14:11:50 - [MESSAGE][PASSED] - os.DetectOS.getOperatingSystem is PASSED

2018-07-24 14:11:50 - [TEST_STEP][PASSED] - Statement - splitString = osName.split(): null

2018-07-24 14:11:50 - [TEST_STEP][PASSED] - Statement - os = splitString[0].toString(): null

2018-07-24 14:11:50 - [TEST_STEP][PASSED] - Statement - If (loggedin == false): null

2018-07-24 14:11:50 - [TEST_STEP][PASSED] - Statement - If (accessModule == false): null

2018-07-24 14:11:50 - [TEST_STEP][PASSED] - delay: Delayed 5 second(s)

2018-07-24 14:11:55 - [MESSAGE][PASSED] - Delayed 5 second(s)

2018-07-24 14:11:55 - [TEST_STEP][PASSED] - setText: Text 'Starbucks Reserve Ltd4Uyf' is set on object 'Object Repository/Campaign_OR/Fields/a.input_company_name'

2018-07-24 14:11:55 - [MESSAGE][PASSED] - Text 'Starbucks Reserve Ltd4Uyf' is set on object 'Object Repository/Campaign_OR/Fields/a.input_company_name'

2018-07-24 14:11:55 - [TEST_STEP][PASSED] - setText: Text 'Please subscribe with us and redeem a free coffee. Come join us now!4Uyf' is set on object 'Object Repository/Campaign_OR/Fields/b.textarea_campaign_instruction'

2018-07-24 14:11:56 - [MESSAGE][PASSED] - Text 'Please subscribe with us and redeem a free coffee. Come join us now!4Uyf' is set on object 'Object Repository/Campaign_OR/Fields/b.textarea_campaign_instruction'

2018-07-24 14:11:56 - [TEST_STEP][PASSED] - Statement - verifyEmail = false: null

2018-07-24 14:11:56 - [TEST_STEP][PASSED] - Statement - If (radioEmail.toLowerCase() == "true"): null

2018-07-24 14:11:56 - [TEST_STEP][PASSED] - Statement - If (verifyEmail == true): null

2018-07-24 14:11:56 - [TEST_STEP][PASSED] - Statement - Else If (verifyEmail == false): Object 'Object Repository/Campaign_OR/input_email' is NOT visible

2018-07-24 14:11:56 - [TEST_STEP][PASSED] - Statement - If (com.kms.katalon.core.webui.keyword.WebUiBuiltInKeywords.verifyElementChecked(com.kms.katalon.core.testobject.ObjectRepository.findTestObject(Campaign_OR/Fields/c.checkbox_email), 1, OPTIONAL)): Object 'Object Repository/Campaign_OR/Fields/c.checkbox_email' is not checked

2018-07-24 14:11:56 - [MESSAGE][WARNING] - Object 'Object Repository/Campaign_OR/Fields/c.checkbox_email' is not checked
[[ATTACHMENT|C:\\Users\\kl.chan\\Katalon Studio\\boldreward\\Reports\\TS_Create_Campaign\\TS001 Create Campaign with negative testing\\20180724_140922\\1532412716437.png]]

2018-07-24 14:11:56 - [TEST_STEP][PASSED] - Statement - Else: Object 'Object Repository/Campaign_OR/input_email' is NOT visible

2018-07-24 14:11:56 - [TEST_STEP][PASSED] - verifyElementNotVisible: Object 'Object Repository/Campaign_OR/input_email' is NOT visible

2018-07-24 14:11:56 - [MESSAGE][PASSED] - Object 'Object Repository/Campaign_OR/input_email' is NOT visible

2018-07-24 14:11:56 - [TEST_STEP][PASSED] - Statement - verifyMobileno = false: null

2018-07-24 14:11:56 - [TEST_STEP][PASSED] - Statement - If (radioMobileno.toLowerCase() == "true"): null

2018-07-24 14:11:56 - [TEST_STEP][PASSED] - Statement - If (verifyMobileno == true): null

2018-07-24 14:11:56 - [TEST_STEP][PASSED] - Statement - Else If (verifyMobileno == false): Object 'Object Repository/Campaign_OR/input_mobileno' is NOT visible

2018-07-24 14:11:56 - [TEST_STEP][PASSED] - Statement - If (com.kms.katalon.core.webui.keyword.WebUiBuiltInKeywords.verifyElementChecked(com.kms.katalon.core.testobject.ObjectRepository.findTestObject(Campaign_OR/Fields/d.checkbox_mobile_number), 1, OPTIONAL)): Object 'Object Repository/Campaign_OR/Fields/d.checkbox_mobile_number' is not checked

2018-07-24 14:11:56 - [MESSAGE][WARNING] - Object 'Object Repository/Campaign_OR/Fields/d.checkbox_mobile_number' is not checked
[[ATTACHMENT|C:\\Users\\kl.chan\\Katalon Studio\\boldreward\\Reports\\TS_Create_Campaign\\TS001 Create Campaign with negative testing\\20180724_140922\\1532412716728.png]]

2018-07-24 14:11:56 - [TEST_STEP][PASSED] - Statement - Else: Object 'Object Repository/Campaign_OR/input_mobileno' is NOT visible

2018-07-24 14:11:56 - [TEST_STEP][PASSED] - verifyElementNotVisible: Object 'Object Repository/Campaign_OR/input_mobileno' is NOT visible

2018-07-24 14:11:57 - [MESSAGE][PASSED] - Object 'Object Repository/Campaign_OR/input_mobileno' is NOT visible

2018-07-24 14:11:57 - [TEST_STEP][PASSED] - Statement - verifyName = false: null

2018-07-24 14:11:57 - [TEST_STEP][PASSED] - Statement - If (radioName.toLowerCase() == "true"): null

2018-07-24 14:11:57 - [TEST_STEP][PASSED] - Statement - If (verifyName == true): null

2018-07-24 14:11:57 - [TEST_STEP][PASSED] - Statement - Else If (verifyName == false): Object 'Object Repository/Campaign_OR/input_name' is NOT visible

2018-07-24 14:11:57 - [TEST_STEP][PASSED] - Statement - If (com.kms.katalon.core.webui.keyword.WebUiBuiltInKeywords.verifyElementChecked(com.kms.katalon.core.testobject.ObjectRepository.findTestObject(Campaign_OR/Fields/e.checkbox_name), 1, OPTIONAL)): Object 'Object Repository/Campaign_OR/Fields/e.checkbox_name' is not checked

2018-07-24 14:11:57 - [MESSAGE][WARNING] - Object 'Object Repository/Campaign_OR/Fields/e.checkbox_name' is not checked
[[ATTACHMENT|C:\\Users\\kl.chan\\Katalon Studio\\boldreward\\Reports\\TS_Create_Campaign\\TS001 Create Campaign with negative testing\\20180724_140922\\1532412717048.png]]

2018-07-24 14:11:57 - [TEST_STEP][PASSED] - Statement - Else: Object 'Object Repository/Campaign_OR/input_name' is NOT visible

2018-07-24 14:11:57 - [TEST_STEP][PASSED] - verifyElementNotVisible: Object 'Object Repository/Campaign_OR/input_name' is NOT visible

2018-07-24 14:11:57 - [MESSAGE][PASSED] - Object 'Object Repository/Campaign_OR/input_name' is NOT visible

2018-07-24 14:11:57 - [TEST_STEP][PASSED] - Statement - verifyGender = false: null

2018-07-24 14:11:57 - [TEST_STEP][PASSED] - Statement - If (radioGender.toLowerCase() == "true"): null

2018-07-24 14:11:57 - [TEST_STEP][PASSED] - Statement - If (verifyGender == true): null

2018-07-24 14:11:57 - [TEST_STEP][PASSED] - Statement - Else If (verifyGender == false): Object 'Object Repository/Campaign_OR/label_Female' is NOT visible

2018-07-24 14:11:57 - [TEST_STEP][PASSED] - Statement - If (com.kms.katalon.core.webui.keyword.WebUiBuiltInKeywords.verifyElementChecked(com.kms.katalon.core.testobject.ObjectRepository.findTestObject(Campaign_OR/Fields/f.checkbox_gender), 1, OPTIONAL)): Object 'Object Repository/Campaign_OR/Fields/f.checkbox_gender' is not checked

2018-07-24 14:11:57 - [MESSAGE][WARNING] - Object 'Object Repository/Campaign_OR/Fields/f.checkbox_gender' is not checked
[[ATTACHMENT|C:\\Users\\kl.chan\\Katalon Studio\\boldreward\\Reports\\TS_Create_Campaign\\TS001 Create Campaign with negative testing\\20180724_140922\\1532412717318.png]]

2018-07-24 14:11:57 - [TEST_STEP][PASSED] - Statement - Else: Object 'Object Repository/Campaign_OR/label_Female' is NOT visible

2018-07-24 14:11:57 - [TEST_STEP][PASSED] - verifyElementNotVisible: Object 'Object Repository/Campaign_OR/label_Male' is NOT visible

2018-07-24 14:11:57 - [MESSAGE][PASSED] - Object 'Object Repository/Campaign_OR/label_Male' is NOT visible

2018-07-24 14:11:57 - [TEST_STEP][PASSED] - verifyElementNotVisible: Object 'Object Repository/Campaign_OR/label_Female' is NOT visible

2018-07-24 14:11:57 - [MESSAGE][PASSED] - Object 'Object Repository/Campaign_OR/label_Female' is NOT visible

2018-07-24 14:11:57 - [TEST_STEP][PASSED] - Statement - verifyDOB = false: null

2018-07-24 14:11:57 - [TEST_STEP][PASSED] - Statement - If (radioDOB.toLowerCase() == "true"): null

2018-07-24 14:11:57 - [TEST_STEP][PASSED] - Statement - If (verifyDOB == true): null

2018-07-24 14:11:57 - [TEST_STEP][PASSED] - Statement - Else If (verifyDOB == false): Object 'Object Repository/Campaign_OR/input_datepicker' is NOT visible

2018-07-24 14:11:57 - [TEST_STEP][PASSED] - Statement - If (com.kms.katalon.core.webui.keyword.WebUiBuiltInKeywords.verifyElementChecked(com.kms.katalon.core.testobject.ObjectRepository.findTestObject(Campaign_OR/Fields/g.checkbox_dob), 1, OPTIONAL)): Object 'Object Repository/Campaign_OR/Fields/g.checkbox_dob' is not checked

2018-07-24 14:11:57 - [MESSAGE][WARNING] - Object 'Object Repository/Campaign_OR/Fields/g.checkbox_dob' is not checked
[[ATTACHMENT|C:\\Users\\kl.chan\\Katalon Studio\\boldreward\\Reports\\TS_Create_Campaign\\TS001 Create Campaign with negative testing\\20180724_140922\\1532412717629.png]]

2018-07-24 14:11:57 - [TEST_STEP][PASSED] - Statement - Else: Object 'Object Repository/Campaign_OR/input_datepicker' is NOT visible

2018-07-24 14:11:57 - [TEST_STEP][PASSED] - verifyElementNotVisible: Object 'Object Repository/Campaign_OR/input_datepicker' is NOT visible

2018-07-24 14:11:57 - [MESSAGE][PASSED] - Object 'Object Repository/Campaign_OR/input_datepicker' is NOT visible

2018-07-24 14:11:57 - [TEST_STEP][PASSED] - Statement - filepath = "": null

2018-07-24 14:11:57 - [TEST_STEP][PASSED] - Statement - If (os == "Windows"): null

2018-07-24 14:11:57 - [TEST_STEP][PASSED] - Statement - filepath = campaignImagePath: null

2018-07-24 14:11:57 - [TEST_STEP][PASSED] - Statement - verifyImgName = "": null

2018-07-24 14:11:57 - [TEST_STEP][PASSED] - Statement - uploadedImg = false: null

2018-07-24 14:11:57 - [TEST_STEP][PASSED] - Statement - If (filepath.trim() != "" && campaignImage.trim() != ""): null

2018-07-24 14:11:57 - [TEST_STEP][PASSED] - sendKeys: Keys 'C:\Users\kl.chan\Katalon Studio\boldreward\Images\Campaign Image\starbucks copy.jpg' sent to object: 'Object Repository/Campaign_OR/Fields/h.button_campaign_image_1'

2018-07-24 14:11:57 - [MESSAGE][PASSED] - Keys 'C:\Users\kl.chan\Katalon Studio\boldreward\Images\Campaign Image\starbucks copy.jpg' sent to object: 'Object Repository/Campaign_OR/Fields/h.button_campaign_image_1'

2018-07-24 14:11:57 - [TEST_STEP][PASSED] - delay: Delayed 1 second(s)

2018-07-24 14:11:58 - [MESSAGE][PASSED] - Delayed 1 second(s)

2018-07-24 14:11:58 - [TEST_STEP][PASSED] - Statement - If (com.kms.katalon.core.webui.keyword.WebUiBuiltInKeywords.waitForElementVisible(com.kms.katalon.core.testobject.ObjectRepository.findTestObject(Campaign_OR/uploadedCampaignImg), 30)): null

2018-07-24 14:11:58 - [MESSAGE][PASSED] - Object 'Object Repository/Campaign_OR/uploadedCampaignImg' is visible

2018-07-24 14:11:58 - [TEST_STEP][PASSED] - Statement - verifyImgName = com.kms.katalon.core.webui.keyword.WebUiBuiltInKeywords.getText(com.kms.katalon.core.testobject.ObjectRepository.findTestObject(Campaign_OR/uploadedCampaignImg)): Text of object 'Object Repository/Campaign_OR/uploadedCampaignImg' is: 'starbucks copy.jpg'

2018-07-24 14:11:58 - [MESSAGE][PASSED] - Text of object 'Object Repository/Campaign_OR/uploadedCampaignImg' is: 'starbucks copy.jpg'

2018-07-24 14:11:58 - [TEST_STEP][PASSED] - Statement - If (verifyImgName.equals(campaignImage) == true): null

2018-07-24 14:11:58 - [TEST_STEP][PASSED] - Statement - uploadedImg = true: null

2018-07-24 14:11:58 - [TEST_STEP][PASSED] - setText: Text 'http://www.starbucks.com.my/' is set on object 'Object Repository/Campaign_OR/Fields/i.k.input_tnc'

2018-07-24 14:11:59 - [MESSAGE][PASSED] - Text 'http://www.starbucks.com.my/' is set on object 'Object Repository/Campaign_OR/Fields/i.k.input_tnc'

2018-07-24 14:11:59 - [TEST_STEP][PASSED] - setText: Text 'kl.chan4Uyf@macrokiosk.com' is set on object 'Object Repository/Campaign_OR/Fields/j.input_sender'

2018-07-24 14:11:59 - [MESSAGE][PASSED] - Text 'kl.chan4Uyf@macrokiosk.com' is set on object 'Object Repository/Campaign_OR/Fields/j.input_sender'

2018-07-24 14:11:59 - [TEST_STEP][PASSED] - setText: Text 'Starbucks Reserve @ SIT4Uyf' is set on object 'Object Repository/Campaign_OR/Fields/k.input_subject'

2018-07-24 14:11:59 - [MESSAGE][PASSED] - Text 'Starbucks Reserve @ SIT4Uyf' is set on object 'Object Repository/Campaign_OR/Fields/k.input_subject'

2018-07-24 14:11:59 - [TEST_STEP][PASSED] - setText: Text 'Hello User, Welcome to our Starbucks Reserve @ SIT. Come subscribe with us and redeem more rewards.4Uyf' is set on object 'Object Repository/Campaign_OR/Fields/l.textarea_content'

2018-07-24 14:12:00 - [MESSAGE][PASSED] - Text 'Hello User, Welcome to our Starbucks Reserve @ SIT. Come subscribe with us and redeem more rewards.4Uyf' is set on object 'Object Repository/Campaign_OR/Fields/l.textarea_content'

2018-07-24 14:12:00 - [TEST_STEP][PASSED] - Statement - filepath = "": null

2018-07-24 14:12:00 - [TEST_STEP][PASSED] - Statement - If (os == "Windows"): null

2018-07-24 14:12:00 - [TEST_STEP][PASSED] - Statement - filepath = companyLogoPath: null

2018-07-24 14:12:00 - [TEST_STEP][PASSED] - Statement - verifyImgName = "": null

2018-07-24 14:12:00 - [TEST_STEP][PASSED] - Statement - uploadedImg = false: null

2018-07-24 14:12:00 - [TEST_STEP][PASSED] - Statement - reuploadCount = 0: null

2018-07-24 14:12:00 - [TEST_STEP][PASSED] - Statement - If (filepath.trim() != "" && companyLogo.trim() != ""): null

2018-07-24 14:12:00 - [TEST_STEP][PASSED] - sendKeys: Keys 'C:\Users\kl.chan\Katalon Studio\boldreward\Images\Company Logo\starbucks logo.jpg' sent to object: 'Object Repository/Campaign_OR/Fields/m.button_company_logo_1'

2018-07-24 14:12:00 - [MESSAGE][PASSED] - Keys 'C:\Users\kl.chan\Katalon Studio\boldreward\Images\Company Logo\starbucks logo.jpg' sent to object: 'Object Repository/Campaign_OR/Fields/m.button_company_logo_1'

2018-07-24 14:12:00 - [TEST_STEP][PASSED] - delay: Delayed 1 second(s)

2018-07-24 14:12:01 - [MESSAGE][PASSED] - Delayed 1 second(s)

2018-07-24 14:12:01 - [TEST_STEP][PASSED] - Statement - If (com.kms.katalon.core.webui.keyword.WebUiBuiltInKeywords.waitForElementVisible(com.kms.katalon.core.testobject.ObjectRepository.findTestObject(Campaign_OR/uploadedCompanyLogo), 30)): null

2018-07-24 14:12:01 - [MESSAGE][PASSED] - Object 'Object Repository/Campaign_OR/uploadedCompanyLogo' is visible

2018-07-24 14:12:01 - [TEST_STEP][PASSED] - Statement - verifyImgName = com.kms.katalon.core.webui.keyword.WebUiBuiltInKeywords.getText(com.kms.katalon.core.testobject.ObjectRepository.findTestObject(Campaign_OR/uploadedCompanyLogo)): Text of object 'Object Repository/Campaign_OR/uploadedCompanyLogo' is: 'starbucks logo.jpg'

2018-07-24 14:12:01 - [MESSAGE][PASSED] - Text of object 'Object Repository/Campaign_OR/uploadedCompanyLogo' is: 'starbucks logo.jpg'

2018-07-24 14:12:01 - [TEST_STEP][PASSED] - Statement - If (verifyImgName.equals(companyLogo) == true): null

2018-07-24 14:12:01 - [TEST_STEP][PASSED] - Statement - uploadedImg = true: null

2018-07-24 14:12:01 - [TEST_STEP][PASSED] - Statement - If (rewardCode == true): null

2018-07-24 14:12:01 - [TEST_STEP][PASSED] - Statement - Else If (rewardCode == false): Object: 'Object Repository/Campaign_OR/Fields/n.label_No' is clicked on

2018-07-24 14:12:01 - [TEST_STEP][PASSED] - click: Object: 'Object Repository/Campaign_OR/Fields/n.label_No' is clicked on

2018-07-24 14:12:01 - [MESSAGE][PASSED] - Object: 'Object Repository/Campaign_OR/Fields/n.label_No' is clicked on

2018-07-24 14:12:01 - [TEST_STEP][PASSED] - verifyElementChecked: Object 'Object Repository/Campaign_OR/Fields/radio_No' is checked

2018-07-24 14:12:01 - [MESSAGE][PASSED] - Object 'Object Repository/Campaign_OR/Fields/radio_No' is checked

2018-07-24 14:12:01 - [TEST_STEP][PASSED] - verifyElementChecked: Object 'Object Repository/Campaign_OR/Fields/radio_Yes' is not checked

2018-07-24 14:12:01 - [MESSAGE][WARNING] - Object 'Object Repository/Campaign_OR/Fields/radio_Yes' is not checked
[[ATTACHMENT|C:\\Users\\kl.chan\\Katalon Studio\\boldreward\\Reports\\TS_Create_Campaign\\TS001 Create Campaign with negative testing\\20180724_140922\\1532412721440.png]]

2018-07-24 14:12:01 - [TEST_STEP][PASSED] - click: Object: 'Object Repository/Campaign_OR/button_Save' is clicked on

2018-07-24 14:12:01 - [MESSAGE][PASSED] - Object: 'Object Repository/Campaign_OR/button_Save' is clicked on

2018-07-24 14:12:01 - [TEST_STEP][PASSED] - delay: Delayed 2 second(s)

2018-07-24 14:12:03 - [MESSAGE][PASSED] - Delayed 2 second(s)

2018-07-24 14:12:03 - [MESSAGE][PASSED] - Call Test Case 'Test Cases/Merchant Portal/Campaign/Campagin Modules/create campaign' successfully

2018-07-24 14:12:03 - [TEST_STEP][PASSED] - Statement - updateFailed = false: null

2018-07-24 14:12:03 - [TEST_STEP][PASSED] - Statement - If (com.kms.katalon.core.webui.keyword.WebUiBuiltInKeywords.waitForElementVisible(com.kms.katalon.core.testobject.ObjectRepository.findTestObject(a.Not_Assigned_OR/alert_msg_top), 3)): null

2018-07-24 14:12:03 - [MESSAGE][PASSED] - Object 'Object Repository/a.Not_Assigned_OR/alert_msg_top' is visible

2018-07-24 14:12:03 - [TEST_STEP][PASSED] - Statement - verifyPopoutMsg = com.kms.katalon.core.webui.keyword.WebUiBuiltInKeywords.getText(com.kms.katalon.core.testobject.ObjectRepository.findTestObject(a.Not_Assigned_OR/alert_msg_top)): Text of object 'Object Repository/a.Not_Assigned_OR/alert_msg_top' is: 'Oops! Invalid inputs, please try again.'

2018-07-24 14:12:03 - [MESSAGE][PASSED] - Text of object 'Object Repository/a.Not_Assigned_OR/alert_msg_top' is: 'Oops! Invalid inputs, please try again.'

2018-07-24 14:12:03 - [TEST_STEP][PASSED] - Statement - If (verifyPopoutMsg.equals(msgServer) == true): null

2018-07-24 14:12:03 - [TEST_STEP][PASSED] - Statement - updateFailed = true: null

2018-07-24 14:12:03 - [TEST_STEP][PASSED] - Statement - updateSuccess = false: null

2018-07-24 14:12:03 - [TEST_STEP][PASSED] - Statement - If (com.kms.katalon.core.webui.keyword.WebUiBuiltInKeywords.waitForElementVisible(com.kms.katalon.core.testobject.ObjectRepository.findTestObject(Campaign_OR/Error Message/msg_edit_success), 3)): Web element with id: 'Object Repository/Campaign_OR/Error Message/msg_edit_success' located by 'By.xpath: id("errorMessage")/p[@class="error-block"]' not found

2018-07-24 14:12:06 - [MESSAGE][WARNING] - Web element with id: 'Object Repository/Campaign_OR/Error Message/msg_edit_success' located by 'By.xpath: id("errorMessage")/p[@class="error-block"]' not found

2018-07-24 14:12:06 - [TEST_STEP][PASSED] - Statement - createSuccess = false: null

2018-07-24 14:12:06 - [TEST_STEP][PASSED] - Statement - If (com.kms.katalon.core.webui.keyword.WebUiBuiltInKeywords.waitForElementVisible(com.kms.katalon.core.testobject.ObjectRepository.findTestObject(Home_OR/label_home), 3)): Web element with id: 'Object Repository/Home_OR/label_home' located by 'By.xpath: id("wrapper")/div[@class="content-page"]/div[@class="content"]/div[@class="ng-scope"]/div[@class="ng-scope"]/div[@class="page-heading"]/h1[1][count(. | //h1[(text() = ' Home' or . = ' Home')]) = count(//h1[(text() = ' Home' or . = ' Home')])]' not found

2018-07-24 14:12:09 - [MESSAGE][WARNING] - Web element with id: 'Object Repository/Home_OR/label_home' located by 'By.xpath: id("wrapper")/div[@class="content-page"]/div[@class="content"]/div[@class="ng-scope"]/div[@class="ng-scope"]/div[@class="page-heading"]/h1[1][count(. | //h1[(text() = ' Home' or . = ' Home')]) = count(//h1[(text() = ' Home' or . = ' Home')])]' not found

2018-07-24 14:12:09 - [TEST_STEP][PASSED] - Statement - If (updateSuccess == true): null

2018-07-24 14:12:09 - [TEST_STEP][PASSED] - Statement - Else If (updateFailed == true): null

2018-07-24 14:12:09 - [TEST_STEP][PASSED] - Statement - verifyError = false: null

2018-07-24 14:12:09 - [TEST_STEP][PASSED] - Statement - If (companyName.trim() == ""): null

2018-07-24 14:12:09 - [TEST_STEP][PASSED] - Statement - If (campaignInstruc.trim() == ""): null

2018-07-24 14:12:09 - [TEST_STEP][PASSED] - Statement - If (radioEmail.toLowerCase() == "false"): null

2018-07-24 14:12:09 - [TEST_STEP][PASSED] - verifyElementNotChecked: Object 'Object Repository/Campaign_OR/Fields/c.checkbox_email' is not checked

2018-07-24 14:12:09 - [MESSAGE][PASSED] - Object 'Object Repository/Campaign_OR/Fields/c.checkbox_email' is not checked

2018-07-24 14:12:09 - [TEST_STEP][PASSED] - Statement - verifyEmptyRadioEmail = com.kms.katalon.core.webui.keyword.WebUiBuiltInKeywords.getText(com.kms.katalon.core.testobject.ObjectRepository.findTestObject(Campaign_OR/Error Message/msg_radio_email)): Text of object 'Object Repository/Campaign_OR/Error Message/msg_radio_email' is: 'Please select Email as it is mandatory field'

2018-07-24 14:12:10 - [MESSAGE][PASSED] - Text of object 'Object Repository/Campaign_OR/Error Message/msg_radio_email' is: 'Please select Email as it is mandatory field'

2018-07-24 14:12:10 - [TEST_STEP][PASSED] - verifyMatch: Actual text 'Please select Email as it is mandatory field' and expected text 'Please select Email as it is mandatory field' are matched  using regular expression

2018-07-24 14:12:10 - [MESSAGE][PASSED] - Actual text 'Please select Email as it is mandatory field' and expected text 'Please select Email as it is mandatory field' are matched  using regular expression

2018-07-24 14:12:10 - [TEST_STEP][PASSED] - Statement - verifyError = true: null

2018-07-24 14:12:10 - [TEST_STEP][PASSED] - Statement - campaignImgName = com.kms.katalon.core.webui.keyword.WebUiBuiltInKeywords.getText(com.kms.katalon.core.testobject.ObjectRepository.findTestObject(Campaign_OR/uploadedCampaignImg)): Text of object 'Object Repository/Campaign_OR/uploadedCampaignImg' is: 'starbucks copy.jpg'

2018-07-24 14:12:10 - [MESSAGE][PASSED] - Text of object 'Object Repository/Campaign_OR/uploadedCampaignImg' is: 'starbucks copy.jpg'

2018-07-24 14:12:10 - [TEST_STEP][PASSED] - Statement - If (campaignImgName == ""): null

2018-07-24 14:12:10 - [TEST_STEP][PASSED] - Statement - If (emailSender.trim() == ""): null

2018-07-24 14:12:10 - [TEST_STEP][PASSED] - Statement - If (emailSubject.trim() == ""): null

2018-07-24 14:12:10 - [TEST_STEP][PASSED] - Statement - If (emailContent.trim() == ""): null

2018-07-24 14:12:10 - [TEST_STEP][PASSED] - Statement - companyLogoName = com.kms.katalon.core.webui.keyword.WebUiBuiltInKeywords.getText(com.kms.katalon.core.testobject.ObjectRepository.findTestObject(Campaign_OR/uploadedCompanyLogo)): Text of object 'Object Repository/Campaign_OR/uploadedCompanyLogo' is: 'starbucks logo.jpg'

2018-07-24 14:12:10 - [MESSAGE][PASSED] - Text of object 'Object Repository/Campaign_OR/uploadedCompanyLogo' is: 'starbucks logo.jpg'

2018-07-24 14:12:10 - [TEST_STEP][PASSED] - Statement - If (companyLogoName == ""): null

2018-07-24 14:12:10 - [TEST_STEP][PASSED] - Statement - If (com.kms.katalon.core.webui.keyword.WebUiBuiltInKeywords.waitForElementVisible(com.kms.katalon.core.testobject.ObjectRepository.findTestObject(Campaign_OR/Error Message/msg_cpgn_image2), 2)): Web element with id: 'Object Repository/Campaign_OR/Error Message/msg_cpgn_image2' located by 'By.xpath: id("campaignImage")/p[@class="error-block ng-binding"][count(. | //p[@class = 'error-block ng-binding' and @ng-hide = 'CC.errorImage == 200 || CC.errorImage == undefined']) = count(//p[@class = 'error-block ng-binding' and @ng-hide = 'CC.errorImage == 200 || CC.errorImage == undefined'])]' not found

2018-07-24 14:12:12 - [MESSAGE][WARNING] - Web element with id: 'Object Repository/Campaign_OR/Error Message/msg_cpgn_image2' located by 'By.xpath: id("campaignImage")/p[@class="error-block ng-binding"][count(. | //p[@class = 'error-block ng-binding' and @ng-hide = 'CC.errorImage == 200 || CC.errorImage == undefined']) = count(//p[@class = 'error-block ng-binding' and @ng-hide = 'CC.errorImage == 200 || CC.errorImage == undefined'])]' not found

2018-07-24 14:12:12 - [TEST_STEP][PASSED] - Statement - If (com.kms.katalon.core.webui.keyword.WebUiBuiltInKeywords.waitForElementVisible(com.kms.katalon.core.testobject.ObjectRepository.findTestObject(Campaign_OR/Error Message/msg_TCURL), 2)): Web element with id: 'Object Repository/Campaign_OR/Error Message/msg_TCURL' located by 'By.xpath: id("wrapper")/div[@class="content-page"]/div[@class="content"]/div[@class="ng-scope"]/div[@class="row ng-scope"]/div[@class="col-md-7"]/div[@class="widget"]/div[@class="widget-content padding"]/div[@class="form-horizontal"]/div[@class="form-group"]/div[@id="tncUrl"]/p[@class="error-block"][count(. | //p[(text() = 'Invalid format, please follow as http://wwww.example.com' or . = 'Invalid format, please follow as http://wwww.example.com')]) = count(//p[(text() = 'Invalid format, please follow as http://wwww.example.com' or . = 'Invalid format, please follow as http://wwww.example.com')])]' not found

2018-07-24 14:12:14 - [MESSAGE][WARNING] - Web element with id: 'Object Repository/Campaign_OR/Error Message/msg_TCURL' located by 'By.xpath: id("wrapper")/div[@class="content-page"]/div[@class="content"]/div[@class="ng-scope"]/div[@class="row ng-scope"]/div[@class="col-md-7"]/div[@class="widget"]/div[@class="widget-content padding"]/div[@class="form-horizontal"]/div[@class="form-group"]/div[@id="tncUrl"]/p[@class="error-block"][count(. | //p[(text() = 'Invalid format, please follow as http://wwww.example.com' or . = 'Invalid format, please follow as http://wwww.example.com')]) = count(//p[(text() = 'Invalid format, please follow as http://wwww.example.com' or . = 'Invalid format, please follow as http://wwww.example.com')])]' not found

2018-07-24 14:12:14 - [TEST_STEP][PASSED] - Statement - If (emailSender.trim() != ""): Web element with id: 'Object Repository/Campaign_OR/Error Message/msg_sender' located by 'By.xpath: id("emailSender")/p[@class="error-block"]' not found

2018-07-24 14:12:14 - [TEST_STEP][PASSED] - Statement - If (com.kms.katalon.core.webui.keyword.WebUiBuiltInKeywords.waitForElementVisible(com.kms.katalon.core.testobject.ObjectRepository.findTestObject(Campaign_OR/Error Message/msg_sender), 2)): Web element with id: 'Object Repository/Campaign_OR/Error Message/msg_sender' located by 'By.xpath: id("emailSender")/p[@class="error-block"]' not found

2018-07-24 14:12:16 - [MESSAGE][WARNING] - Web element with id: 'Object Repository/Campaign_OR/Error Message/msg_sender' located by 'By.xpath: id("emailSender")/p[@class="error-block"]' not found

2018-07-24 14:12:16 - [TEST_STEP][PASSED] - Statement - If (com.kms.katalon.core.webui.keyword.WebUiBuiltInKeywords.waitForElementVisible(com.kms.katalon.core.testobject.ObjectRepository.findTestObject(Campaign_OR/Error Message/msg_company_logo), 2)): Web element with id: 'Object Repository/Campaign_OR/Error Message/msg_company_logo' located by 'By.xpath: id("companyLogo")/p[@class="error-block ng-binding"][count(. | //p[@class = 'error-block ng-binding' and @ng-hide = 'CC.errorLogo == 200 || CC.errorLogo == undefined']) = count(//p[@class = 'error-block ng-binding' and @ng-hide = 'CC.errorLogo == 200 || CC.errorLogo == undefined'])]' not found

2018-07-24 14:12:18 - [MESSAGE][WARNING] - Web element with id: 'Object Repository/Campaign_OR/Error Message/msg_company_logo' located by 'By.xpath: id("companyLogo")/p[@class="error-block ng-binding"][count(. | //p[@class = 'error-block ng-binding' and @ng-hide = 'CC.errorLogo == 200 || CC.errorLogo == undefined']) = count(//p[@class = 'error-block ng-binding' and @ng-hide = 'CC.errorLogo == 200 || CC.errorLogo == undefined'])]' not found

2018-07-24 14:12:18 - [TEST_STEP][PASSED] - refresh: Refresh successfully

2018-07-24 14:12:18 - [MESSAGE][PASSED] - Refresh successfully

2018-07-24 14:12:18 - [TEST_STEP][PASSED] - Statement - If (verifyError == false): null]]></system-out>
         <system-err><![CDATA[]]></system-err>
      </testcase>
      <testcase name="Test Cases/Merchant Portal/Campaign/TC001 Campaign - verify all case" classname="Test Cases/Merchant Portal/Campaign/TC001 Campaign - verify all case" status="PASSED">
         <system-out><![CDATA[2018-07-24 14:12:18 - [TEST_CASE][PASSED] - Test Cases/Merchant Portal/Campaign/TC001 Campaign - verify all case: Test Cases/Merchant Portal/Campaign/TC001 Campaign - verify all case

2018-07-24 14:12:18 - [TEST_STEP][PASSED] - Statement - randomWords = CustomKeywords.randomWords.GenerateNumber.randomString(4): randomWords.GenerateNumber.randomString is PASSED

2018-07-24 14:12:18 - [MESSAGE][PASSED] - randomWords.GenerateNumber.randomString is PASSED

2018-07-24 14:12:18 - [TEST_STEP][PASSED] - Statement - If (companyName.trim() != ""): null

2018-07-24 14:12:18 - [TEST_STEP][PASSED] - Statement - companyName = companyName + randomWords: null

2018-07-24 14:12:18 - [TEST_STEP][PASSED] - Statement - If (campaignInstruc.trim() != ""): null

2018-07-24 14:12:18 - [TEST_STEP][PASSED] - Statement - campaignInstruc = campaignInstruc + randomWords: null

2018-07-24 14:12:18 - [TEST_STEP][PASSED] - Statement - If (emailSender.trim() != ""): null

2018-07-24 14:12:18 - [TEST_STEP][PASSED] - Statement - email = emailSender: null

2018-07-24 14:12:18 - [TEST_STEP][PASSED] - Statement - splitEmail = email.split("@"): null

2018-07-24 14:12:18 - [TEST_STEP][PASSED] - Statement - numb = length: null

2018-07-24 14:12:18 - [TEST_STEP][PASSED] - Statement - If (numb > 1): null

2018-07-24 14:12:18 - [TEST_STEP][PASSED] - Statement - emailSender = splitEmail[0] + randomWords + "@" + splitEmail[1]: null

2018-07-24 14:12:18 - [TEST_STEP][PASSED] - Statement - If (emailSubject.trim() != ""): null

2018-07-24 14:12:18 - [TEST_STEP][PASSED] - Statement - emailSubject = emailSubject + randomWords: null

2018-07-24 14:12:18 - [TEST_STEP][PASSED] - Statement - If (emailContent.trim() != ""): null

2018-07-24 14:12:18 - [TEST_STEP][PASSED] - Statement - emailContent = emailContent + randomWords: null

2018-07-24 14:12:18 - [TEST_STEP][PASSED] - callTestCase: Call Test Case 'Test Cases/Merchant Portal/Campaign/Campagin Modules/create campaign' successfully

2018-07-24 14:12:19 - [TEST_CASE][PASSED] - Test Cases/Merchant Portal/Campaign/Campagin Modules/create campaign: Test Cases/Merchant Portal/Campaign/Campagin Modules/create campaign

2018-07-24 14:12:19 - [TEST_STEP][PASSED] - Statement - osName = "": null

2018-07-24 14:12:19 - [TEST_STEP][PASSED] - Statement - osName = CustomKeywords.os.DetectOS.getOperatingSystem(osName): os.DetectOS.getOperatingSystem is PASSED

2018-07-24 14:12:19 - [MESSAGE][PASSED] - os.DetectOS.getOperatingSystem is PASSED

2018-07-24 14:12:19 - [TEST_STEP][PASSED] - Statement - splitString = osName.split(): null

2018-07-24 14:12:19 - [TEST_STEP][PASSED] - Statement - os = splitString[0].toString(): null

2018-07-24 14:12:19 - [TEST_STEP][PASSED] - Statement - If (loggedin == false): null

2018-07-24 14:12:19 - [TEST_STEP][PASSED] - Statement - If (accessModule == false): null

2018-07-24 14:12:19 - [TEST_STEP][PASSED] - delay: Delayed 5 second(s)

2018-07-24 14:12:24 - [MESSAGE][PASSED] - Delayed 5 second(s)

2018-07-24 14:12:24 - [TEST_STEP][PASSED] - setText: Text 'Starbucks Reserve Ltdbz6Q' is set on object 'Object Repository/Campaign_OR/Fields/a.input_company_name'

2018-07-24 14:12:24 - [MESSAGE][PASSED] - Text 'Starbucks Reserve Ltdbz6Q' is set on object 'Object Repository/Campaign_OR/Fields/a.input_company_name'

2018-07-24 14:12:24 - [TEST_STEP][PASSED] - setText: Text 'Please subscribe with us and redeem a free coffee. Come join us now!bz6Q' is set on object 'Object Repository/Campaign_OR/Fields/b.textarea_campaign_instruction'

2018-07-24 14:12:24 - [MESSAGE][PASSED] - Text 'Please subscribe with us and redeem a free coffee. Come join us now!bz6Q' is set on object 'Object Repository/Campaign_OR/Fields/b.textarea_campaign_instruction'

2018-07-24 14:12:24 - [TEST_STEP][PASSED] - Statement - verifyEmail = false: null

2018-07-24 14:12:24 - [TEST_STEP][PASSED] - Statement - If (radioEmail.toLowerCase() == "true"): null

2018-07-24 14:12:24 - [TEST_STEP][PASSED] - Statement - verifyEmail = true: null

2018-07-24 14:12:24 - [TEST_STEP][PASSED] - Statement - If (verifyEmail == true): Object 'Object Repository/Campaign_OR/input_email' is visible

2018-07-24 14:12:24 - [TEST_STEP][PASSED] - Statement - If (com.kms.katalon.core.webui.keyword.WebUiBuiltInKeywords.verifyElementNotChecked(com.kms.katalon.core.testobject.ObjectRepository.findTestObject(Campaign_OR/Fields/c.checkbox_email), 1, OPTIONAL)): Object 'Object Repository/Campaign_OR/input_email' is visible

2018-07-24 14:12:24 - [MESSAGE][PASSED] - Object 'Object Repository/Campaign_OR/Fields/c.checkbox_email' is not checked

2018-07-24 14:12:24 - [TEST_STEP][PASSED] - delay: Delayed 1 second(s)

2018-07-24 14:12:25 - [MESSAGE][PASSED] - Delayed 1 second(s)

2018-07-24 14:12:25 - [TEST_STEP][PASSED] - click: Object: 'Object Repository/Campaign_OR/Fields/c.checkbox_email' is clicked on

2018-07-24 14:12:25 - [MESSAGE][PASSED] - Object: 'Object Repository/Campaign_OR/Fields/c.checkbox_email' is clicked on

2018-07-24 14:12:25 - [TEST_STEP][PASSED] - verifyElementVisible: Object 'Object Repository/Campaign_OR/input_email' is visible

2018-07-24 14:12:26 - [MESSAGE][PASSED] - Object 'Object Repository/Campaign_OR/input_email' is visible

2018-07-24 14:12:26 - [TEST_STEP][PASSED] - Statement - verifyMobileno = false: null

2018-07-24 14:12:26 - [TEST_STEP][PASSED] - Statement - If (radioMobileno.toLowerCase() == "true"): null

2018-07-24 14:12:26 - [TEST_STEP][PASSED] - Statement - If (verifyMobileno == true): null

2018-07-24 14:12:26 - [TEST_STEP][PASSED] - Statement - Else If (verifyMobileno == false): Object 'Object Repository/Campaign_OR/input_mobileno' is NOT visible

2018-07-24 14:12:26 - [TEST_STEP][PASSED] - Statement - If (com.kms.katalon.core.webui.keyword.WebUiBuiltInKeywords.verifyElementChecked(com.kms.katalon.core.testobject.ObjectRepository.findTestObject(Campaign_OR/Fields/d.checkbox_mobile_number), 1, OPTIONAL)): Object 'Object Repository/Campaign_OR/Fields/d.checkbox_mobile_number' is not checked

2018-07-24 14:12:26 - [MESSAGE][WARNING] - Object 'Object Repository/Campaign_OR/Fields/d.checkbox_mobile_number' is not checked
[[ATTACHMENT|C:\\Users\\kl.chan\\Katalon Studio\\boldreward\\Reports\\TS_Create_Campaign\\TS001 Create Campaign with negative testing\\20180724_140922\\1532412746066.png]]

2018-07-24 14:12:26 - [TEST_STEP][PASSED] - Statement - Else: Object 'Object Repository/Campaign_OR/input_mobileno' is NOT visible

2018-07-24 14:12:26 - [TEST_STEP][PASSED] - verifyElementNotVisible: Object 'Object Repository/Campaign_OR/input_mobileno' is NOT visible

2018-07-24 14:12:26 - [MESSAGE][PASSED] - Object 'Object Repository/Campaign_OR/input_mobileno' is NOT visible

2018-07-24 14:12:26 - [TEST_STEP][PASSED] - Statement - verifyName = false: null

2018-07-24 14:12:26 - [TEST_STEP][PASSED] - Statement - If (radioName.toLowerCase() == "true"): null

2018-07-24 14:12:26 - [TEST_STEP][PASSED] - Statement - If (verifyName == true): null

2018-07-24 14:12:26 - [TEST_STEP][PASSED] - Statement - Else If (verifyName == false): Object 'Object Repository/Campaign_OR/input_name' is NOT visible

2018-07-24 14:12:26 - [TEST_STEP][PASSED] - Statement - If (com.kms.katalon.core.webui.keyword.WebUiBuiltInKeywords.verifyElementChecked(com.kms.katalon.core.testobject.ObjectRepository.findTestObject(Campaign_OR/Fields/e.checkbox_name), 1, OPTIONAL)): Object 'Object Repository/Campaign_OR/Fields/e.checkbox_name' is not checked

2018-07-24 14:12:26 - [MESSAGE][WARNING] - Object 'Object Repository/Campaign_OR/Fields/e.checkbox_name' is not checked
[[ATTACHMENT|C:\\Users\\kl.chan\\Katalon Studio\\boldreward\\Reports\\TS_Create_Campaign\\TS001 Create Campaign with negative testing\\20180724_140922\\1532412746348.png]]

2018-07-24 14:12:26 - [TEST_STEP][PASSED] - Statement - Else: Object 'Object Repository/Campaign_OR/input_name' is NOT visible

2018-07-24 14:12:26 - [TEST_STEP][PASSED] - verifyElementNotVisible: Object 'Object Repository/Campaign_OR/input_name' is NOT visible

2018-07-24 14:12:26 - [MESSAGE][PASSED] - Object 'Object Repository/Campaign_OR/input_name' is NOT visible

2018-07-24 14:12:26 - [TEST_STEP][PASSED] - Statement - verifyGender = false: null

2018-07-24 14:12:26 - [TEST_STEP][PASSED] - Statement - If (radioGender.toLowerCase() == "true"): null

2018-07-24 14:12:26 - [TEST_STEP][PASSED] - Statement - If (verifyGender == true): null

2018-07-24 14:12:26 - [TEST_STEP][PASSED] - Statement - Else If (verifyGender == false): Object 'Object Repository/Campaign_OR/label_Female' is NOT visible

2018-07-24 14:12:26 - [TEST_STEP][PASSED] - Statement - If (com.kms.katalon.core.webui.keyword.WebUiBuiltInKeywords.verifyElementChecked(com.kms.katalon.core.testobject.ObjectRepository.findTestObject(Campaign_OR/Fields/f.checkbox_gender), 1, OPTIONAL)): Object 'Object Repository/Campaign_OR/Fields/f.checkbox_gender' is not checked

2018-07-24 14:12:26 - [MESSAGE][WARNING] - Object 'Object Repository/Campaign_OR/Fields/f.checkbox_gender' is not checked
[[ATTACHMENT|C:\\Users\\kl.chan\\Katalon Studio\\boldreward\\Reports\\TS_Create_Campaign\\TS001 Create Campaign with negative testing\\20180724_140922\\1532412746631.png]]

2018-07-24 14:12:26 - [TEST_STEP][PASSED] - Statement - Else: Object 'Object Repository/Campaign_OR/label_Female' is NOT visible

2018-07-24 14:12:26 - [TEST_STEP][PASSED] - verifyElementNotVisible: Object 'Object Repository/Campaign_OR/label_Male' is NOT visible

2018-07-24 14:12:26 - [MESSAGE][PASSED] - Object 'Object Repository/Campaign_OR/label_Male' is NOT visible

2018-07-24 14:12:26 - [TEST_STEP][PASSED] - verifyElementNotVisible: Object 'Object Repository/Campaign_OR/label_Female' is NOT visible

2018-07-24 14:12:26 - [MESSAGE][PASSED] - Object 'Object Repository/Campaign_OR/label_Female' is NOT visible

2018-07-24 14:12:26 - [TEST_STEP][PASSED] - Statement - verifyDOB = false: null

2018-07-24 14:12:26 - [TEST_STEP][PASSED] - Statement - If (radioDOB.toLowerCase() == "true"): null

2018-07-24 14:12:26 - [TEST_STEP][PASSED] - Statement - If (verifyDOB == true): null

2018-07-24 14:12:26 - [TEST_STEP][PASSED] - Statement - Else If (verifyDOB == false): Object 'Object Repository/Campaign_OR/input_datepicker' is NOT visible

2018-07-24 14:12:26 - [TEST_STEP][PASSED] - Statement - If (com.kms.katalon.core.webui.keyword.WebUiBuiltInKeywords.verifyElementChecked(com.kms.katalon.core.testobject.ObjectRepository.findTestObject(Campaign_OR/Fields/g.checkbox_dob), 1, OPTIONAL)): Object 'Object Repository/Campaign_OR/Fields/g.checkbox_dob' is not checked

2018-07-24 14:12:27 - [MESSAGE][WARNING] - Object 'Object Repository/Campaign_OR/Fields/g.checkbox_dob' is not checked
[[ATTACHMENT|C:\\Users\\kl.chan\\Katalon Studio\\boldreward\\Reports\\TS_Create_Campaign\\TS001 Create Campaign with negative testing\\20180724_140922\\1532412746953.png]]

2018-07-24 14:12:27 - [TEST_STEP][PASSED] - Statement - Else: Object 'Object Repository/Campaign_OR/input_datepicker' is NOT visible

2018-07-24 14:12:27 - [TEST_STEP][PASSED] - verifyElementNotVisible: Object 'Object Repository/Campaign_OR/input_datepicker' is NOT visible

2018-07-24 14:12:27 - [MESSAGE][PASSED] - Object 'Object Repository/Campaign_OR/input_datepicker' is NOT visible

2018-07-24 14:12:27 - [TEST_STEP][PASSED] - Statement - filepath = "": null

2018-07-24 14:12:27 - [TEST_STEP][PASSED] - Statement - If (os == "Windows"): null

2018-07-24 14:12:27 - [TEST_STEP][PASSED] - Statement - filepath = campaignImagePath: null

2018-07-24 14:12:27 - [TEST_STEP][PASSED] - Statement - verifyImgName = "": null

2018-07-24 14:12:27 - [TEST_STEP][PASSED] - Statement - uploadedImg = false: null

2018-07-24 14:12:27 - [TEST_STEP][PASSED] - Statement - If (filepath.trim() != "" && campaignImage.trim() != ""): null

2018-07-24 14:12:27 - [TEST_STEP][PASSED] - setText: Text 'http://www.starbucks.com.my/' is set on object 'Object Repository/Campaign_OR/Fields/i.k.input_tnc'

2018-07-24 14:12:27 - [MESSAGE][PASSED] - Text 'http://www.starbucks.com.my/' is set on object 'Object Repository/Campaign_OR/Fields/i.k.input_tnc'

2018-07-24 14:12:27 - [TEST_STEP][PASSED] - setText: Text 'kl.chanbz6Q@macrokiosk.com' is set on object 'Object Repository/Campaign_OR/Fields/j.input_sender'

2018-07-24 14:12:27 - [MESSAGE][PASSED] - Text 'kl.chanbz6Q@macrokiosk.com' is set on object 'Object Repository/Campaign_OR/Fields/j.input_sender'

2018-07-24 14:12:27 - [TEST_STEP][PASSED] - setText: Text 'Starbucks Reserve @ SITbz6Q' is set on object 'Object Repository/Campaign_OR/Fields/k.input_subject'

2018-07-24 14:12:27 - [MESSAGE][PASSED] - Text 'Starbucks Reserve @ SITbz6Q' is set on object 'Object Repository/Campaign_OR/Fields/k.input_subject'

2018-07-24 14:12:27 - [TEST_STEP][PASSED] - setText: Text 'Hello User, Welcome to our Starbucks Reserve @ SIT. Come subscribe with us and redeem more rewards.bz6Q' is set on object 'Object Repository/Campaign_OR/Fields/l.textarea_content'

2018-07-24 14:12:28 - [MESSAGE][PASSED] - Text 'Hello User, Welcome to our Starbucks Reserve @ SIT. Come subscribe with us and redeem more rewards.bz6Q' is set on object 'Object Repository/Campaign_OR/Fields/l.textarea_content'

2018-07-24 14:12:28 - [TEST_STEP][PASSED] - Statement - filepath = "": null

2018-07-24 14:12:28 - [TEST_STEP][PASSED] - Statement - If (os == "Windows"): null

2018-07-24 14:12:28 - [TEST_STEP][PASSED] - Statement - filepath = companyLogoPath: null

2018-07-24 14:12:28 - [TEST_STEP][PASSED] - Statement - verifyImgName = "": null

2018-07-24 14:12:28 - [TEST_STEP][PASSED] - Statement - uploadedImg = false: null

2018-07-24 14:12:28 - [TEST_STEP][PASSED] - Statement - reuploadCount = 0: null

2018-07-24 14:12:28 - [TEST_STEP][PASSED] - Statement - If (filepath.trim() != "" && companyLogo.trim() != ""): null

2018-07-24 14:12:28 - [TEST_STEP][PASSED] - sendKeys: Keys 'C:\Users\kl.chan\Katalon Studio\boldreward\Images\Company Logo\starbucks logo.jpg' sent to object: 'Object Repository/Campaign_OR/Fields/m.button_company_logo_1'

2018-07-24 14:12:28 - [MESSAGE][PASSED] - Keys 'C:\Users\kl.chan\Katalon Studio\boldreward\Images\Company Logo\starbucks logo.jpg' sent to object: 'Object Repository/Campaign_OR/Fields/m.button_company_logo_1'

2018-07-24 14:12:28 - [TEST_STEP][PASSED] - delay: Delayed 1 second(s)

2018-07-24 14:12:29 - [MESSAGE][PASSED] - Delayed 1 second(s)

2018-07-24 14:12:29 - [TEST_STEP][PASSED] - Statement - If (com.kms.katalon.core.webui.keyword.WebUiBuiltInKeywords.waitForElementVisible(com.kms.katalon.core.testobject.ObjectRepository.findTestObject(Campaign_OR/uploadedCompanyLogo), 30)): null

2018-07-24 14:12:29 - [MESSAGE][PASSED] - Object 'Object Repository/Campaign_OR/uploadedCompanyLogo' is visible

2018-07-24 14:12:29 - [TEST_STEP][PASSED] - Statement - verifyImgName = com.kms.katalon.core.webui.keyword.WebUiBuiltInKeywords.getText(com.kms.katalon.core.testobject.ObjectRepository.findTestObject(Campaign_OR/uploadedCompanyLogo)): Text of object 'Object Repository/Campaign_OR/uploadedCompanyLogo' is: 'starbucks logo.jpg'

2018-07-24 14:12:29 - [MESSAGE][PASSED] - Text of object 'Object Repository/Campaign_OR/uploadedCompanyLogo' is: 'starbucks logo.jpg'

2018-07-24 14:12:29 - [TEST_STEP][PASSED] - Statement - If (verifyImgName.equals(companyLogo) == true): null

2018-07-24 14:12:29 - [TEST_STEP][PASSED] - Statement - uploadedImg = true: null

2018-07-24 14:12:29 - [TEST_STEP][PASSED] - Statement - If (rewardCode == true): null

2018-07-24 14:12:29 - [TEST_STEP][PASSED] - Statement - Else If (rewardCode == false): Object: 'Object Repository/Campaign_OR/Fields/n.label_No' is clicked on

2018-07-24 14:12:29 - [TEST_STEP][PASSED] - click: Object: 'Object Repository/Campaign_OR/Fields/n.label_No' is clicked on

2018-07-24 14:12:29 - [MESSAGE][PASSED] - Object: 'Object Repository/Campaign_OR/Fields/n.label_No' is clicked on

2018-07-24 14:12:29 - [TEST_STEP][PASSED] - verifyElementChecked: Object 'Object Repository/Campaign_OR/Fields/radio_No' is checked

2018-07-24 14:12:29 - [MESSAGE][PASSED] - Object 'Object Repository/Campaign_OR/Fields/radio_No' is checked

2018-07-24 14:12:29 - [TEST_STEP][PASSED] - verifyElementChecked: Object 'Object Repository/Campaign_OR/Fields/radio_Yes' is not checked

2018-07-24 14:12:29 - [MESSAGE][WARNING] - Object 'Object Repository/Campaign_OR/Fields/radio_Yes' is not checked
[[ATTACHMENT|C:\\Users\\kl.chan\\Katalon Studio\\boldreward\\Reports\\TS_Create_Campaign\\TS001 Create Campaign with negative testing\\20180724_140922\\1532412749725.png]]

2018-07-24 14:12:29 - [TEST_STEP][PASSED] - click: Object: 'Object Repository/Campaign_OR/button_Save' is clicked on

2018-07-24 14:12:30 - [MESSAGE][PASSED] - Object: 'Object Repository/Campaign_OR/button_Save' is clicked on

2018-07-24 14:12:30 - [TEST_STEP][PASSED] - delay: Delayed 2 second(s)

2018-07-24 14:12:32 - [MESSAGE][PASSED] - Delayed 2 second(s)

2018-07-24 14:12:32 - [MESSAGE][PASSED] - Call Test Case 'Test Cases/Merchant Portal/Campaign/Campagin Modules/create campaign' successfully

2018-07-24 14:12:32 - [TEST_STEP][PASSED] - Statement - updateFailed = false: null

2018-07-24 14:12:32 - [TEST_STEP][PASSED] - Statement - If (com.kms.katalon.core.webui.keyword.WebUiBuiltInKeywords.waitForElementVisible(com.kms.katalon.core.testobject.ObjectRepository.findTestObject(a.Not_Assigned_OR/alert_msg_top), 3)): null

2018-07-24 14:12:32 - [MESSAGE][PASSED] - Object 'Object Repository/a.Not_Assigned_OR/alert_msg_top' is visible

2018-07-24 14:12:32 - [TEST_STEP][PASSED] - Statement - verifyPopoutMsg = com.kms.katalon.core.webui.keyword.WebUiBuiltInKeywords.getText(com.kms.katalon.core.testobject.ObjectRepository.findTestObject(a.Not_Assigned_OR/alert_msg_top)): Text of object 'Object Repository/a.Not_Assigned_OR/alert_msg_top' is: 'Oops! Invalid inputs, please try again.'

2018-07-24 14:12:32 - [MESSAGE][PASSED] - Text of object 'Object Repository/a.Not_Assigned_OR/alert_msg_top' is: 'Oops! Invalid inputs, please try again.'

2018-07-24 14:12:32 - [TEST_STEP][PASSED] - Statement - If (verifyPopoutMsg.equals(msgServer) == true): null

2018-07-24 14:12:32 - [TEST_STEP][PASSED] - Statement - updateFailed = true: null

2018-07-24 14:12:32 - [TEST_STEP][PASSED] - Statement - updateSuccess = false: null

2018-07-24 14:12:32 - [TEST_STEP][PASSED] - Statement - If (com.kms.katalon.core.webui.keyword.WebUiBuiltInKeywords.waitForElementVisible(com.kms.katalon.core.testobject.ObjectRepository.findTestObject(Campaign_OR/Error Message/msg_edit_success), 3)): Web element with id: 'Object Repository/Campaign_OR/Error Message/msg_edit_success' located by 'By.xpath: id("errorMessage")/p[@class="error-block"]' not found

2018-07-24 14:12:35 - [MESSAGE][WARNING] - Web element with id: 'Object Repository/Campaign_OR/Error Message/msg_edit_success' located by 'By.xpath: id("errorMessage")/p[@class="error-block"]' not found

2018-07-24 14:12:35 - [TEST_STEP][PASSED] - Statement - createSuccess = false: null

2018-07-24 14:12:35 - [TEST_STEP][PASSED] - Statement - If (com.kms.katalon.core.webui.keyword.WebUiBuiltInKeywords.waitForElementVisible(com.kms.katalon.core.testobject.ObjectRepository.findTestObject(Home_OR/label_home), 3)): Web element with id: 'Object Repository/Home_OR/label_home' located by 'By.xpath: id("wrapper")/div[@class="content-page"]/div[@class="content"]/div[@class="ng-scope"]/div[@class="ng-scope"]/div[@class="page-heading"]/h1[1][count(. | //h1[(text() = ' Home' or . = ' Home')]) = count(//h1[(text() = ' Home' or . = ' Home')])]' not found

2018-07-24 14:12:38 - [MESSAGE][WARNING] - Web element with id: 'Object Repository/Home_OR/label_home' located by 'By.xpath: id("wrapper")/div[@class="content-page"]/div[@class="content"]/div[@class="ng-scope"]/div[@class="ng-scope"]/div[@class="page-heading"]/h1[1][count(. | //h1[(text() = ' Home' or . = ' Home')]) = count(//h1[(text() = ' Home' or . = ' Home')])]' not found

2018-07-24 14:12:38 - [TEST_STEP][PASSED] - Statement - If (updateSuccess == true): null

2018-07-24 14:12:38 - [TEST_STEP][PASSED] - Statement - Else If (updateFailed == true): null

2018-07-24 14:12:38 - [TEST_STEP][PASSED] - Statement - verifyError = false: null

2018-07-24 14:12:38 - [TEST_STEP][PASSED] - Statement - If (companyName.trim() == ""): null

2018-07-24 14:12:38 - [TEST_STEP][PASSED] - Statement - If (campaignInstruc.trim() == ""): null

2018-07-24 14:12:38 - [TEST_STEP][PASSED] - Statement - If (radioEmail.toLowerCase() == "false"): null

2018-07-24 14:12:38 - [TEST_STEP][PASSED] - Statement - campaignImgName = com.kms.katalon.core.webui.keyword.WebUiBuiltInKeywords.getText(com.kms.katalon.core.testobject.ObjectRepository.findTestObject(Campaign_OR/uploadedCampaignImg)): Text of object 'Object Repository/Campaign_OR/uploadedCampaignImg' is: ''

2018-07-24 14:12:38 - [MESSAGE][PASSED] - Text of object 'Object Repository/Campaign_OR/uploadedCampaignImg' is: ''

2018-07-24 14:12:38 - [TEST_STEP][PASSED] - Statement - If (campaignImgName == ""): null

2018-07-24 14:12:38 - [TEST_STEP][PASSED] - verifyElementVisible: Object 'Object Repository/Campaign_OR/Error Message/msg_cpgn_image' is visible

2018-07-24 14:12:38 - [MESSAGE][PASSED] - Object 'Object Repository/Campaign_OR/Error Message/msg_cpgn_image' is visible

2018-07-24 14:12:38 - [TEST_STEP][PASSED] - Statement - verifyEmptyCampaignImg = com.kms.katalon.core.webui.keyword.WebUiBuiltInKeywords.getText(com.kms.katalon.core.testobject.ObjectRepository.findTestObject(Campaign_OR/Error Message/msg_cpgn_image)): Text of object 'Object Repository/Campaign_OR/Error Message/msg_cpgn_image' is: 'Please complete this field.'

2018-07-24 14:12:38 - [MESSAGE][PASSED] - Text of object 'Object Repository/Campaign_OR/Error Message/msg_cpgn_image' is: 'Please complete this field.'

2018-07-24 14:12:38 - [TEST_STEP][PASSED] - verifyMatch: Actual text 'Please complete this field.' and expected text 'Please complete this field.' are matched  using regular expression

2018-07-24 14:12:38 - [MESSAGE][PASSED] - Actual text 'Please complete this field.' and expected text 'Please complete this field.' are matched  using regular expression

2018-07-24 14:12:38 - [TEST_STEP][PASSED] - Statement - verifyError = true: null

2018-07-24 14:12:38 - [TEST_STEP][PASSED] - Statement - If (emailSender.trim() == ""): null

2018-07-24 14:12:38 - [TEST_STEP][PASSED] - Statement - If (emailSubject.trim() == ""): null

2018-07-24 14:12:38 - [TEST_STEP][PASSED] - Statement - If (emailContent.trim() == ""): null

2018-07-24 14:12:38 - [TEST_STEP][PASSED] - Statement - companyLogoName = com.kms.katalon.core.webui.keyword.WebUiBuiltInKeywords.getText(com.kms.katalon.core.testobject.ObjectRepository.findTestObject(Campaign_OR/uploadedCompanyLogo)): Text of object 'Object Repository/Campaign_OR/uploadedCompanyLogo' is: 'starbucks logo.jpg'

2018-07-24 14:12:38 - [MESSAGE][PASSED] - Text of object 'Object Repository/Campaign_OR/uploadedCompanyLogo' is: 'starbucks logo.jpg'

2018-07-24 14:12:38 - [TEST_STEP][PASSED] - Statement - If (companyLogoName == ""): null

2018-07-24 14:12:38 - [TEST_STEP][PASSED] - Statement - If (com.kms.katalon.core.webui.keyword.WebUiBuiltInKeywords.waitForElementVisible(com.kms.katalon.core.testobject.ObjectRepository.findTestObject(Campaign_OR/Error Message/msg_cpgn_image2), 2)): Web element with id: 'Object Repository/Campaign_OR/Error Message/msg_cpgn_image2' located by 'By.xpath: id("campaignImage")/p[@class="error-block ng-binding"][count(. | //p[@class = 'error-block ng-binding' and @ng-hide = 'CC.errorImage == 200 || CC.errorImage == undefined']) = count(//p[@class = 'error-block ng-binding' and @ng-hide = 'CC.errorImage == 200 || CC.errorImage == undefined'])]' not found

2018-07-24 14:12:40 - [MESSAGE][WARNING] - Web element with id: 'Object Repository/Campaign_OR/Error Message/msg_cpgn_image2' located by 'By.xpath: id("campaignImage")/p[@class="error-block ng-binding"][count(. | //p[@class = 'error-block ng-binding' and @ng-hide = 'CC.errorImage == 200 || CC.errorImage == undefined']) = count(//p[@class = 'error-block ng-binding' and @ng-hide = 'CC.errorImage == 200 || CC.errorImage == undefined'])]' not found

2018-07-24 14:12:40 - [TEST_STEP][PASSED] - Statement - If (com.kms.katalon.core.webui.keyword.WebUiBuiltInKeywords.waitForElementVisible(com.kms.katalon.core.testobject.ObjectRepository.findTestObject(Campaign_OR/Error Message/msg_TCURL), 2)): Web element with id: 'Object Repository/Campaign_OR/Error Message/msg_TCURL' located by 'By.xpath: id("wrapper")/div[@class="content-page"]/div[@class="content"]/div[@class="ng-scope"]/div[@class="row ng-scope"]/div[@class="col-md-7"]/div[@class="widget"]/div[@class="widget-content padding"]/div[@class="form-horizontal"]/div[@class="form-group"]/div[@id="tncUrl"]/p[@class="error-block"][count(. | //p[(text() = 'Invalid format, please follow as http://wwww.example.com' or . = 'Invalid format, please follow as http://wwww.example.com')]) = count(//p[(text() = 'Invalid format, please follow as http://wwww.example.com' or . = 'Invalid format, please follow as http://wwww.example.com')])]' not found

2018-07-24 14:12:42 - [MESSAGE][WARNING] - Web element with id: 'Object Repository/Campaign_OR/Error Message/msg_TCURL' located by 'By.xpath: id("wrapper")/div[@class="content-page"]/div[@class="content"]/div[@class="ng-scope"]/div[@class="row ng-scope"]/div[@class="col-md-7"]/div[@class="widget"]/div[@class="widget-content padding"]/div[@class="form-horizontal"]/div[@class="form-group"]/div[@id="tncUrl"]/p[@class="error-block"][count(. | //p[(text() = 'Invalid format, please follow as http://wwww.example.com' or . = 'Invalid format, please follow as http://wwww.example.com')]) = count(//p[(text() = 'Invalid format, please follow as http://wwww.example.com' or . = 'Invalid format, please follow as http://wwww.example.com')])]' not found

2018-07-24 14:12:42 - [TEST_STEP][PASSED] - Statement - If (emailSender.trim() != ""): Web element with id: 'Object Repository/Campaign_OR/Error Message/msg_sender' located by 'By.xpath: id("emailSender")/p[@class="error-block"]' not found

2018-07-24 14:12:42 - [TEST_STEP][PASSED] - Statement - If (com.kms.katalon.core.webui.keyword.WebUiBuiltInKeywords.waitForElementVisible(com.kms.katalon.core.testobject.ObjectRepository.findTestObject(Campaign_OR/Error Message/msg_sender), 2)): Web element with id: 'Object Repository/Campaign_OR/Error Message/msg_sender' located by 'By.xpath: id("emailSender")/p[@class="error-block"]' not found

2018-07-24 14:12:44 - [MESSAGE][WARNING] - Web element with id: 'Object Repository/Campaign_OR/Error Message/msg_sender' located by 'By.xpath: id("emailSender")/p[@class="error-block"]' not found

2018-07-24 14:12:44 - [TEST_STEP][PASSED] - Statement - If (com.kms.katalon.core.webui.keyword.WebUiBuiltInKeywords.waitForElementVisible(com.kms.katalon.core.testobject.ObjectRepository.findTestObject(Campaign_OR/Error Message/msg_company_logo), 2)): Web element with id: 'Object Repository/Campaign_OR/Error Message/msg_company_logo' located by 'By.xpath: id("companyLogo")/p[@class="error-block ng-binding"][count(. | //p[@class = 'error-block ng-binding' and @ng-hide = 'CC.errorLogo == 200 || CC.errorLogo == undefined']) = count(//p[@class = 'error-block ng-binding' and @ng-hide = 'CC.errorLogo == 200 || CC.errorLogo == undefined'])]' not found

2018-07-24 14:12:46 - [MESSAGE][WARNING] - Web element with id: 'Object Repository/Campaign_OR/Error Message/msg_company_logo' located by 'By.xpath: id("companyLogo")/p[@class="error-block ng-binding"][count(. | //p[@class = 'error-block ng-binding' and @ng-hide = 'CC.errorLogo == 200 || CC.errorLogo == undefined']) = count(//p[@class = 'error-block ng-binding' and @ng-hide = 'CC.errorLogo == 200 || CC.errorLogo == undefined'])]' not found

2018-07-24 14:12:46 - [TEST_STEP][PASSED] - refresh: Refresh successfully

2018-07-24 14:12:47 - [MESSAGE][PASSED] - Refresh successfully

2018-07-24 14:12:47 - [TEST_STEP][PASSED] - Statement - If (verifyError == false): null]]></system-out>
         <system-err><![CDATA[]]></system-err>
      </testcase>
      <testcase name="Test Cases/Merchant Portal/Campaign/TC001 Campaign - verify all case" classname="Test Cases/Merchant Portal/Campaign/TC001 Campaign - verify all case" status="PASSED">
         <system-out><![CDATA[2018-07-24 14:12:47 - [TEST_CASE][PASSED] - Test Cases/Merchant Portal/Campaign/TC001 Campaign - verify all case: Test Cases/Merchant Portal/Campaign/TC001 Campaign - verify all case

2018-07-24 14:12:48 - [TEST_STEP][PASSED] - Statement - randomWords = CustomKeywords.randomWords.GenerateNumber.randomString(4): randomWords.GenerateNumber.randomString is PASSED

2018-07-24 14:12:48 - [MESSAGE][PASSED] - randomWords.GenerateNumber.randomString is PASSED

2018-07-24 14:12:48 - [TEST_STEP][PASSED] - Statement - If (companyName.trim() != ""): null

2018-07-24 14:12:48 - [TEST_STEP][PASSED] - Statement - companyName = companyName + randomWords: null

2018-07-24 14:12:48 - [TEST_STEP][PASSED] - Statement - If (campaignInstruc.trim() != ""): null

2018-07-24 14:12:48 - [TEST_STEP][PASSED] - Statement - campaignInstruc = campaignInstruc + randomWords: null

2018-07-24 14:12:48 - [TEST_STEP][PASSED] - Statement - If (emailSender.trim() != ""): null

2018-07-24 14:12:48 - [TEST_STEP][PASSED] - Statement - If (emailSubject.trim() != ""): null

2018-07-24 14:12:48 - [TEST_STEP][PASSED] - Statement - emailSubject = emailSubject + randomWords: null

2018-07-24 14:12:48 - [TEST_STEP][PASSED] - Statement - If (emailContent.trim() != ""): null

2018-07-24 14:12:48 - [TEST_STEP][PASSED] - Statement - emailContent = emailContent + randomWords: null

2018-07-24 14:12:48 - [TEST_STEP][PASSED] - callTestCase: Call Test Case 'Test Cases/Merchant Portal/Campaign/Campagin Modules/create campaign' successfully

2018-07-24 14:12:48 - [TEST_CASE][PASSED] - Test Cases/Merchant Portal/Campaign/Campagin Modules/create campaign: Test Cases/Merchant Portal/Campaign/Campagin Modules/create campaign

2018-07-24 14:12:48 - [TEST_STEP][PASSED] - Statement - osName = "": null

2018-07-24 14:12:48 - [TEST_STEP][PASSED] - Statement - osName = CustomKeywords.os.DetectOS.getOperatingSystem(osName): os.DetectOS.getOperatingSystem is PASSED

2018-07-24 14:12:48 - [MESSAGE][PASSED] - os.DetectOS.getOperatingSystem is PASSED

2018-07-24 14:12:48 - [TEST_STEP][PASSED] - Statement - splitString = osName.split(): null

2018-07-24 14:12:48 - [TEST_STEP][PASSED] - Statement - os = splitString[0].toString(): null

2018-07-24 14:12:48 - [TEST_STEP][PASSED] - Statement - If (loggedin == false): null

2018-07-24 14:12:48 - [TEST_STEP][PASSED] - Statement - If (accessModule == false): null

2018-07-24 14:12:48 - [TEST_STEP][PASSED] - delay: Delayed 5 second(s)

2018-07-24 14:12:53 - [MESSAGE][PASSED] - Delayed 5 second(s)

2018-07-24 14:12:53 - [TEST_STEP][PASSED] - setText: Text 'Starbucks Reserve LtdKKhg' is set on object 'Object Repository/Campaign_OR/Fields/a.input_company_name'

2018-07-24 14:12:53 - [MESSAGE][PASSED] - Text 'Starbucks Reserve LtdKKhg' is set on object 'Object Repository/Campaign_OR/Fields/a.input_company_name'

2018-07-24 14:12:53 - [TEST_STEP][PASSED] - setText: Text 'Please subscribe with us and redeem a free coffee. Come join us now!KKhg' is set on object 'Object Repository/Campaign_OR/Fields/b.textarea_campaign_instruction'

2018-07-24 14:12:53 - [MESSAGE][PASSED] - Text 'Please subscribe with us and redeem a free coffee. Come join us now!KKhg' is set on object 'Object Repository/Campaign_OR/Fields/b.textarea_campaign_instruction'

2018-07-24 14:12:53 - [TEST_STEP][PASSED] - Statement - verifyEmail = false: null

2018-07-24 14:12:53 - [TEST_STEP][PASSED] - Statement - If (radioEmail.toLowerCase() == "true"): null

2018-07-24 14:12:53 - [TEST_STEP][PASSED] - Statement - verifyEmail = true: null

2018-07-24 14:12:53 - [TEST_STEP][PASSED] - Statement - If (verifyEmail == true): Object 'Object Repository/Campaign_OR/input_email' is visible

2018-07-24 14:12:53 - [TEST_STEP][PASSED] - Statement - If (com.kms.katalon.core.webui.keyword.WebUiBuiltInKeywords.verifyElementNotChecked(com.kms.katalon.core.testobject.ObjectRepository.findTestObject(Campaign_OR/Fields/c.checkbox_email), 1, OPTIONAL)): Object 'Object Repository/Campaign_OR/input_email' is visible

2018-07-24 14:12:53 - [MESSAGE][PASSED] - Object 'Object Repository/Campaign_OR/Fields/c.checkbox_email' is not checked

2018-07-24 14:12:53 - [TEST_STEP][PASSED] - delay: Delayed 1 second(s)

2018-07-24 14:12:54 - [MESSAGE][PASSED] - Delayed 1 second(s)

2018-07-24 14:12:54 - [TEST_STEP][PASSED] - click: Object: 'Object Repository/Campaign_OR/Fields/c.checkbox_email' is clicked on

2018-07-24 14:12:55 - [MESSAGE][PASSED] - Object: 'Object Repository/Campaign_OR/Fields/c.checkbox_email' is clicked on

2018-07-24 14:12:55 - [TEST_STEP][PASSED] - verifyElementVisible: Object 'Object Repository/Campaign_OR/input_email' is visible

2018-07-24 14:12:55 - [MESSAGE][PASSED] - Object 'Object Repository/Campaign_OR/input_email' is visible

2018-07-24 14:12:55 - [TEST_STEP][PASSED] - Statement - verifyMobileno = false: null

2018-07-24 14:12:55 - [TEST_STEP][PASSED] - Statement - If (radioMobileno.toLowerCase() == "true"): null

2018-07-24 14:12:55 - [TEST_STEP][PASSED] - Statement - If (verifyMobileno == true): null

2018-07-24 14:12:55 - [TEST_STEP][PASSED] - Statement - Else If (verifyMobileno == false): Object 'Object Repository/Campaign_OR/input_mobileno' is NOT visible

2018-07-24 14:12:55 - [TEST_STEP][PASSED] - Statement - If (com.kms.katalon.core.webui.keyword.WebUiBuiltInKeywords.verifyElementChecked(com.kms.katalon.core.testobject.ObjectRepository.findTestObject(Campaign_OR/Fields/d.checkbox_mobile_number), 1, OPTIONAL)): Object 'Object Repository/Campaign_OR/Fields/d.checkbox_mobile_number' is not checked

2018-07-24 14:12:55 - [MESSAGE][WARNING] - Object 'Object Repository/Campaign_OR/Fields/d.checkbox_mobile_number' is not checked
[[ATTACHMENT|C:\\Users\\kl.chan\\Katalon Studio\\boldreward\\Reports\\TS_Create_Campaign\\TS001 Create Campaign with negative testing\\20180724_140922\\1532412775117.png]]

2018-07-24 14:12:55 - [TEST_STEP][PASSED] - Statement - Else: Object 'Object Repository/Campaign_OR/input_mobileno' is NOT visible

2018-07-24 14:12:55 - [TEST_STEP][PASSED] - verifyElementNotVisible: Object 'Object Repository/Campaign_OR/input_mobileno' is NOT visible

2018-07-24 14:12:55 - [MESSAGE][PASSED] - Object 'Object Repository/Campaign_OR/input_mobileno' is NOT visible

2018-07-24 14:12:55 - [TEST_STEP][PASSED] - Statement - verifyName = false: null

2018-07-24 14:12:55 - [TEST_STEP][PASSED] - Statement - If (radioName.toLowerCase() == "true"): null

2018-07-24 14:12:55 - [TEST_STEP][PASSED] - Statement - If (verifyName == true): null

2018-07-24 14:12:55 - [TEST_STEP][PASSED] - Statement - Else If (verifyName == false): Object 'Object Repository/Campaign_OR/input_name' is NOT visible

2018-07-24 14:12:55 - [TEST_STEP][PASSED] - Statement - If (com.kms.katalon.core.webui.keyword.WebUiBuiltInKeywords.verifyElementChecked(com.kms.katalon.core.testobject.ObjectRepository.findTestObject(Campaign_OR/Fields/e.checkbox_name), 1, OPTIONAL)): Object 'Object Repository/Campaign_OR/Fields/e.checkbox_name' is not checked

2018-07-24 14:12:55 - [MESSAGE][WARNING] - Object 'Object Repository/Campaign_OR/Fields/e.checkbox_name' is not checked
[[ATTACHMENT|C:\\Users\\kl.chan\\Katalon Studio\\boldreward\\Reports\\TS_Create_Campaign\\TS001 Create Campaign with negative testing\\20180724_140922\\1532412775422.png]]

2018-07-24 14:12:55 - [TEST_STEP][PASSED] - Statement - Else: Object 'Object Repository/Campaign_OR/input_name' is NOT visible

2018-07-24 14:12:55 - [TEST_STEP][PASSED] - verifyElementNotVisible: Object 'Object Repository/Campaign_OR/input_name' is NOT visible

2018-07-24 14:12:55 - [MESSAGE][PASSED] - Object 'Object Repository/Campaign_OR/input_name' is NOT visible

2018-07-24 14:12:55 - [TEST_STEP][PASSED] - Statement - verifyGender = false: null

2018-07-24 14:12:55 - [TEST_STEP][PASSED] - Statement - If (radioGender.toLowerCase() == "true"): null

2018-07-24 14:12:55 - [TEST_STEP][PASSED] - Statement - If (verifyGender == true): null

2018-07-24 14:12:55 - [TEST_STEP][PASSED] - Statement - Else If (verifyGender == false): Object 'Object Repository/Campaign_OR/label_Female' is NOT visible

2018-07-24 14:12:55 - [TEST_STEP][PASSED] - Statement - If (com.kms.katalon.core.webui.keyword.WebUiBuiltInKeywords.verifyElementChecked(com.kms.katalon.core.testobject.ObjectRepository.findTestObject(Campaign_OR/Fields/f.checkbox_gender), 1, OPTIONAL)): Object 'Object Repository/Campaign_OR/Fields/f.checkbox_gender' is not checked

2018-07-24 14:12:55 - [MESSAGE][WARNING] - Object 'Object Repository/Campaign_OR/Fields/f.checkbox_gender' is not checked
[[ATTACHMENT|C:\\Users\\kl.chan\\Katalon Studio\\boldreward\\Reports\\TS_Create_Campaign\\TS001 Create Campaign with negative testing\\20180724_140922\\1532412775752.png]]

2018-07-24 14:12:55 - [TEST_STEP][PASSED] - Statement - Else: Object 'Object Repository/Campaign_OR/label_Female' is NOT visible

2018-07-24 14:12:55 - [TEST_STEP][PASSED] - verifyElementNotVisible: Object 'Object Repository/Campaign_OR/label_Male' is NOT visible

2018-07-24 14:12:56 - [MESSAGE][PASSED] - Object 'Object Repository/Campaign_OR/label_Male' is NOT visible

2018-07-24 14:12:56 - [TEST_STEP][PASSED] - verifyElementNotVisible: Object 'Object Repository/Campaign_OR/label_Female' is NOT visible

2018-07-24 14:12:56 - [MESSAGE][PASSED] - Object 'Object Repository/Campaign_OR/label_Female' is NOT visible

2018-07-24 14:12:56 - [TEST_STEP][PASSED] - Statement - verifyDOB = false: null

2018-07-24 14:12:56 - [TEST_STEP][PASSED] - Statement - If (radioDOB.toLowerCase() == "true"): null

2018-07-24 14:12:56 - [TEST_STEP][PASSED] - Statement - If (verifyDOB == true): null

2018-07-24 14:12:56 - [TEST_STEP][PASSED] - Statement - Else If (verifyDOB == false): Object 'Object Repository/Campaign_OR/input_datepicker' is NOT visible

2018-07-24 14:12:56 - [TEST_STEP][PASSED] - Statement - If (com.kms.katalon.core.webui.keyword.WebUiBuiltInKeywords.verifyElementChecked(com.kms.katalon.core.testobject.ObjectRepository.findTestObject(Campaign_OR/Fields/g.checkbox_dob), 1, OPTIONAL)): Object 'Object Repository/Campaign_OR/Fields/g.checkbox_dob' is not checked

2018-07-24 14:12:56 - [MESSAGE][WARNING] - Object 'Object Repository/Campaign_OR/Fields/g.checkbox_dob' is not checked
[[ATTACHMENT|C:\\Users\\kl.chan\\Katalon Studio\\boldreward\\Reports\\TS_Create_Campaign\\TS001 Create Campaign with negative testing\\20180724_140922\\1532412776111.png]]

2018-07-24 14:12:56 - [TEST_STEP][PASSED] - Statement - Else: Object 'Object Repository/Campaign_OR/input_datepicker' is NOT visible

2018-07-24 14:12:56 - [TEST_STEP][PASSED] - verifyElementNotVisible: Object 'Object Repository/Campaign_OR/input_datepicker' is NOT visible

2018-07-24 14:12:56 - [MESSAGE][PASSED] - Object 'Object Repository/Campaign_OR/input_datepicker' is NOT visible

2018-07-24 14:12:56 - [TEST_STEP][PASSED] - Statement - filepath = "": null

2018-07-24 14:12:56 - [TEST_STEP][PASSED] - Statement - If (os == "Windows"): null

2018-07-24 14:12:56 - [TEST_STEP][PASSED] - Statement - filepath = campaignImagePath: null

2018-07-24 14:12:56 - [TEST_STEP][PASSED] - Statement - verifyImgName = "": null

2018-07-24 14:12:56 - [TEST_STEP][PASSED] - Statement - uploadedImg = false: null

2018-07-24 14:12:56 - [TEST_STEP][PASSED] - Statement - If (filepath.trim() != "" && campaignImage.trim() != ""): null

2018-07-24 14:12:56 - [TEST_STEP][PASSED] - sendKeys: Keys 'C:\Users\kl.chan\Katalon Studio\boldreward\Images\Campaign Image\starbucks copy.jpg' sent to object: 'Object Repository/Campaign_OR/Fields/h.button_campaign_image_1'

2018-07-24 14:12:56 - [MESSAGE][PASSED] - Keys 'C:\Users\kl.chan\Katalon Studio\boldreward\Images\Campaign Image\starbucks copy.jpg' sent to object: 'Object Repository/Campaign_OR/Fields/h.button_campaign_image_1'

2018-07-24 14:12:56 - [TEST_STEP][PASSED] - delay: Delayed 1 second(s)

2018-07-24 14:12:57 - [MESSAGE][PASSED] - Delayed 1 second(s)

2018-07-24 14:12:57 - [TEST_STEP][PASSED] - Statement - If (com.kms.katalon.core.webui.keyword.WebUiBuiltInKeywords.waitForElementVisible(com.kms.katalon.core.testobject.ObjectRepository.findTestObject(Campaign_OR/uploadedCampaignImg), 30)): null

2018-07-24 14:12:57 - [MESSAGE][PASSED] - Object 'Object Repository/Campaign_OR/uploadedCampaignImg' is visible

2018-07-24 14:12:57 - [TEST_STEP][PASSED] - Statement - verifyImgName = com.kms.katalon.core.webui.keyword.WebUiBuiltInKeywords.getText(com.kms.katalon.core.testobject.ObjectRepository.findTestObject(Campaign_OR/uploadedCampaignImg)): Text of object 'Object Repository/Campaign_OR/uploadedCampaignImg' is: 'starbucks copy.jpg'

2018-07-24 14:12:57 - [MESSAGE][PASSED] - Text of object 'Object Repository/Campaign_OR/uploadedCampaignImg' is: 'starbucks copy.jpg'

2018-07-24 14:12:57 - [TEST_STEP][PASSED] - Statement - If (verifyImgName.equals(campaignImage) == true): null

2018-07-24 14:12:57 - [TEST_STEP][PASSED] - Statement - uploadedImg = true: null

2018-07-24 14:12:57 - [TEST_STEP][PASSED] - setText: Text 'http://www.starbucks.com.my/' is set on object 'Object Repository/Campaign_OR/Fields/i.k.input_tnc'

2018-07-24 14:12:57 - [MESSAGE][PASSED] - Text 'http://www.starbucks.com.my/' is set on object 'Object Repository/Campaign_OR/Fields/i.k.input_tnc'

2018-07-24 14:12:57 - [TEST_STEP][PASSED] - setText: Text '' is set on object 'Object Repository/Campaign_OR/Fields/j.input_sender'

2018-07-24 14:12:57 - [MESSAGE][PASSED] - Text '' is set on object 'Object Repository/Campaign_OR/Fields/j.input_sender'

2018-07-24 14:12:57 - [TEST_STEP][PASSED] - setText: Text 'Starbucks Reserve @ SITKKhg' is set on object 'Object Repository/Campaign_OR/Fields/k.input_subject'

2018-07-24 14:12:58 - [MESSAGE][PASSED] - Text 'Starbucks Reserve @ SITKKhg' is set on object 'Object Repository/Campaign_OR/Fields/k.input_subject'

2018-07-24 14:12:58 - [TEST_STEP][PASSED] - setText: Text 'Hello User, Welcome to our Starbucks Reserve @ SIT. Come subscribe with us and redeem more rewards.KKhg' is set on object 'Object Repository/Campaign_OR/Fields/l.textarea_content'

2018-07-24 14:12:58 - [MESSAGE][PASSED] - Text 'Hello User, Welcome to our Starbucks Reserve @ SIT. Come subscribe with us and redeem more rewards.KKhg' is set on object 'Object Repository/Campaign_OR/Fields/l.textarea_content'

2018-07-24 14:12:58 - [TEST_STEP][PASSED] - Statement - filepath = "": null

2018-07-24 14:12:58 - [TEST_STEP][PASSED] - Statement - If (os == "Windows"): null

2018-07-24 14:12:58 - [TEST_STEP][PASSED] - Statement - filepath = companyLogoPath: null

2018-07-24 14:12:58 - [TEST_STEP][PASSED] - Statement - verifyImgName = "": null

2018-07-24 14:12:58 - [TEST_STEP][PASSED] - Statement - uploadedImg = false: null

2018-07-24 14:12:58 - [TEST_STEP][PASSED] - Statement - reuploadCount = 0: null

2018-07-24 14:12:58 - [TEST_STEP][PASSED] - Statement - If (filepath.trim() != "" && companyLogo.trim() != ""): null

2018-07-24 14:12:58 - [TEST_STEP][PASSED] - sendKeys: Keys 'C:\Users\kl.chan\Katalon Studio\boldreward\Images\Company Logo\starbucks logo.jpg' sent to object: 'Object Repository/Campaign_OR/Fields/m.button_company_logo_1'

2018-07-24 14:12:58 - [MESSAGE][PASSED] - Keys 'C:\Users\kl.chan\Katalon Studio\boldreward\Images\Company Logo\starbucks logo.jpg' sent to object: 'Object Repository/Campaign_OR/Fields/m.button_company_logo_1'

2018-07-24 14:12:58 - [TEST_STEP][PASSED] - delay: Delayed 1 second(s)

2018-07-24 14:12:59 - [MESSAGE][PASSED] - Delayed 1 second(s)

2018-07-24 14:12:59 - [TEST_STEP][PASSED] - Statement - If (com.kms.katalon.core.webui.keyword.WebUiBuiltInKeywords.waitForElementVisible(com.kms.katalon.core.testobject.ObjectRepository.findTestObject(Campaign_OR/uploadedCompanyLogo), 30)): null

2018-07-24 14:12:59 - [MESSAGE][PASSED] - Object 'Object Repository/Campaign_OR/uploadedCompanyLogo' is visible

2018-07-24 14:12:59 - [TEST_STEP][PASSED] - Statement - verifyImgName = com.kms.katalon.core.webui.keyword.WebUiBuiltInKeywords.getText(com.kms.katalon.core.testobject.ObjectRepository.findTestObject(Campaign_OR/uploadedCompanyLogo)): Text of object 'Object Repository/Campaign_OR/uploadedCompanyLogo' is: 'starbucks logo.jpg'

2018-07-24 14:12:59 - [MESSAGE][PASSED] - Text of object 'Object Repository/Campaign_OR/uploadedCompanyLogo' is: 'starbucks logo.jpg'

2018-07-24 14:12:59 - [TEST_STEP][PASSED] - Statement - If (verifyImgName.equals(companyLogo) == true): null

2018-07-24 14:12:59 - [TEST_STEP][PASSED] - Statement - uploadedImg = true: null

2018-07-24 14:12:59 - [TEST_STEP][PASSED] - Statement - If (rewardCode == true): null

2018-07-24 14:12:59 - [TEST_STEP][PASSED] - Statement - Else If (rewardCode == false): Object: 'Object Repository/Campaign_OR/Fields/n.label_No' is clicked on

2018-07-24 14:12:59 - [TEST_STEP][PASSED] - click: Object: 'Object Repository/Campaign_OR/Fields/n.label_No' is clicked on

2018-07-24 14:12:59 - [MESSAGE][PASSED] - Object: 'Object Repository/Campaign_OR/Fields/n.label_No' is clicked on

2018-07-24 14:12:59 - [TEST_STEP][PASSED] - verifyElementChecked: Object 'Object Repository/Campaign_OR/Fields/radio_No' is checked

2018-07-24 14:12:59 - [MESSAGE][PASSED] - Object 'Object Repository/Campaign_OR/Fields/radio_No' is checked

2018-07-24 14:12:59 - [TEST_STEP][PASSED] - verifyElementChecked: Object 'Object Repository/Campaign_OR/Fields/radio_Yes' is not checked

2018-07-24 14:13:00 - [MESSAGE][WARNING] - Object 'Object Repository/Campaign_OR/Fields/radio_Yes' is not checked
[[ATTACHMENT|C:\\Users\\kl.chan\\Katalon Studio\\boldreward\\Reports\\TS_Create_Campaign\\TS001 Create Campaign with negative testing\\20180724_140922\\1532412779834.png]]

2018-07-24 14:13:00 - [TEST_STEP][PASSED] - click: Object: 'Object Repository/Campaign_OR/button_Save' is clicked on

2018-07-24 14:13:00 - [MESSAGE][PASSED] - Object: 'Object Repository/Campaign_OR/button_Save' is clicked on

2018-07-24 14:13:00 - [TEST_STEP][PASSED] - delay: Delayed 2 second(s)

2018-07-24 14:13:02 - [MESSAGE][PASSED] - Delayed 2 second(s)

2018-07-24 14:13:02 - [MESSAGE][PASSED] - Call Test Case 'Test Cases/Merchant Portal/Campaign/Campagin Modules/create campaign' successfully

2018-07-24 14:13:02 - [TEST_STEP][PASSED] - Statement - updateFailed = false: null

2018-07-24 14:13:02 - [TEST_STEP][PASSED] - Statement - If (com.kms.katalon.core.webui.keyword.WebUiBuiltInKeywords.waitForElementVisible(com.kms.katalon.core.testobject.ObjectRepository.findTestObject(a.Not_Assigned_OR/alert_msg_top), 3)): null

2018-07-24 14:13:02 - [MESSAGE][PASSED] - Object 'Object Repository/a.Not_Assigned_OR/alert_msg_top' is visible

2018-07-24 14:13:02 - [TEST_STEP][PASSED] - Statement - verifyPopoutMsg = com.kms.katalon.core.webui.keyword.WebUiBuiltInKeywords.getText(com.kms.katalon.core.testobject.ObjectRepository.findTestObject(a.Not_Assigned_OR/alert_msg_top)): Text of object 'Object Repository/a.Not_Assigned_OR/alert_msg_top' is: 'Oops! Invalid inputs, please try again.'

2018-07-24 14:13:02 - [MESSAGE][PASSED] - Text of object 'Object Repository/a.Not_Assigned_OR/alert_msg_top' is: 'Oops! Invalid inputs, please try again.'

2018-07-24 14:13:02 - [TEST_STEP][PASSED] - Statement - If (verifyPopoutMsg.equals(msgServer) == true): null

2018-07-24 14:13:02 - [TEST_STEP][PASSED] - Statement - updateFailed = true: null

2018-07-24 14:13:02 - [TEST_STEP][PASSED] - Statement - updateSuccess = false: null

2018-07-24 14:13:02 - [TEST_STEP][PASSED] - Statement - If (com.kms.katalon.core.webui.keyword.WebUiBuiltInKeywords.waitForElementVisible(com.kms.katalon.core.testobject.ObjectRepository.findTestObject(Campaign_OR/Error Message/msg_edit_success), 3)): Web element with id: 'Object Repository/Campaign_OR/Error Message/msg_edit_success' located by 'By.xpath: id("errorMessage")/p[@class="error-block"]' not found

2018-07-24 14:13:05 - [MESSAGE][WARNING] - Web element with id: 'Object Repository/Campaign_OR/Error Message/msg_edit_success' located by 'By.xpath: id("errorMessage")/p[@class="error-block"]' not found

2018-07-24 14:13:05 - [TEST_STEP][PASSED] - Statement - createSuccess = false: null

2018-07-24 14:13:05 - [TEST_STEP][PASSED] - Statement - If (com.kms.katalon.core.webui.keyword.WebUiBuiltInKeywords.waitForElementVisible(com.kms.katalon.core.testobject.ObjectRepository.findTestObject(Home_OR/label_home), 3)): Web element with id: 'Object Repository/Home_OR/label_home' located by 'By.xpath: id("wrapper")/div[@class="content-page"]/div[@class="content"]/div[@class="ng-scope"]/div[@class="ng-scope"]/div[@class="page-heading"]/h1[1][count(. | //h1[(text() = ' Home' or . = ' Home')]) = count(//h1[(text() = ' Home' or . = ' Home')])]' not found

2018-07-24 14:13:08 - [MESSAGE][WARNING] - Web element with id: 'Object Repository/Home_OR/label_home' located by 'By.xpath: id("wrapper")/div[@class="content-page"]/div[@class="content"]/div[@class="ng-scope"]/div[@class="ng-scope"]/div[@class="page-heading"]/h1[1][count(. | //h1[(text() = ' Home' or . = ' Home')]) = count(//h1[(text() = ' Home' or . = ' Home')])]' not found

2018-07-24 14:13:08 - [TEST_STEP][PASSED] - Statement - If (updateSuccess == true): null

2018-07-24 14:13:08 - [TEST_STEP][PASSED] - Statement - Else If (updateFailed == true): null

2018-07-24 14:13:08 - [TEST_STEP][PASSED] - Statement - verifyError = false: null

2018-07-24 14:13:08 - [TEST_STEP][PASSED] - Statement - If (companyName.trim() == ""): null

2018-07-24 14:13:08 - [TEST_STEP][PASSED] - Statement - If (campaignInstruc.trim() == ""): null

2018-07-24 14:13:08 - [TEST_STEP][PASSED] - Statement - If (radioEmail.toLowerCase() == "false"): null

2018-07-24 14:13:08 - [TEST_STEP][PASSED] - Statement - campaignImgName = com.kms.katalon.core.webui.keyword.WebUiBuiltInKeywords.getText(com.kms.katalon.core.testobject.ObjectRepository.findTestObject(Campaign_OR/uploadedCampaignImg)): Text of object 'Object Repository/Campaign_OR/uploadedCampaignImg' is: 'starbucks copy.jpg'

2018-07-24 14:13:08 - [MESSAGE][PASSED] - Text of object 'Object Repository/Campaign_OR/uploadedCampaignImg' is: 'starbucks copy.jpg'

2018-07-24 14:13:08 - [TEST_STEP][PASSED] - Statement - If (campaignImgName == ""): null

2018-07-24 14:13:08 - [TEST_STEP][PASSED] - Statement - If (emailSender.trim() == ""): null

2018-07-24 14:13:08 - [TEST_STEP][PASSED] - verifyElementVisible: Object 'Object Repository/Campaign_OR/Error Message/msg_sender' is visible

2018-07-24 14:13:08 - [MESSAGE][PASSED] - Object 'Object Repository/Campaign_OR/Error Message/msg_sender' is visible

2018-07-24 14:13:08 - [TEST_STEP][PASSED] - Statement - verifyEmptySender = com.kms.katalon.core.webui.keyword.WebUiBuiltInKeywords.getText(com.kms.katalon.core.testobject.ObjectRepository.findTestObject(Campaign_OR/Error Message/msg_sender)): Text of object 'Object Repository/Campaign_OR/Error Message/msg_sender' is: 'Please complete this field.'

2018-07-24 14:13:08 - [MESSAGE][PASSED] - Text of object 'Object Repository/Campaign_OR/Error Message/msg_sender' is: 'Please complete this field.'

2018-07-24 14:13:08 - [TEST_STEP][PASSED] - verifyMatch: Actual text 'Please complete this field.' and expected text 'Please complete this field.' are matched  using regular expression

2018-07-24 14:13:08 - [MESSAGE][PASSED] - Actual text 'Please complete this field.' and expected text 'Please complete this field.' are matched  using regular expression

2018-07-24 14:13:08 - [TEST_STEP][PASSED] - Statement - verifyError = true: null

2018-07-24 14:13:08 - [TEST_STEP][PASSED] - Statement - If (emailSubject.trim() == ""): null

2018-07-24 14:13:08 - [TEST_STEP][PASSED] - Statement - If (emailContent.trim() == ""): null

2018-07-24 14:13:08 - [TEST_STEP][PASSED] - Statement - companyLogoName = com.kms.katalon.core.webui.keyword.WebUiBuiltInKeywords.getText(com.kms.katalon.core.testobject.ObjectRepository.findTestObject(Campaign_OR/uploadedCompanyLogo)): Text of object 'Object Repository/Campaign_OR/uploadedCompanyLogo' is: 'starbucks logo.jpg'

2018-07-24 14:13:08 - [MESSAGE][PASSED] - Text of object 'Object Repository/Campaign_OR/uploadedCompanyLogo' is: 'starbucks logo.jpg'

2018-07-24 14:13:08 - [TEST_STEP][PASSED] - Statement - If (companyLogoName == ""): null

2018-07-24 14:13:08 - [TEST_STEP][PASSED] - Statement - If (com.kms.katalon.core.webui.keyword.WebUiBuiltInKeywords.waitForElementVisible(com.kms.katalon.core.testobject.ObjectRepository.findTestObject(Campaign_OR/Error Message/msg_cpgn_image2), 2)): Web element with id: 'Object Repository/Campaign_OR/Error Message/msg_cpgn_image2' located by 'By.xpath: id("campaignImage")/p[@class="error-block ng-binding"][count(. | //p[@class = 'error-block ng-binding' and @ng-hide = 'CC.errorImage == 200 || CC.errorImage == undefined']) = count(//p[@class = 'error-block ng-binding' and @ng-hide = 'CC.errorImage == 200 || CC.errorImage == undefined'])]' not found

2018-07-24 14:13:10 - [MESSAGE][WARNING] - Web element with id: 'Object Repository/Campaign_OR/Error Message/msg_cpgn_image2' located by 'By.xpath: id("campaignImage")/p[@class="error-block ng-binding"][count(. | //p[@class = 'error-block ng-binding' and @ng-hide = 'CC.errorImage == 200 || CC.errorImage == undefined']) = count(//p[@class = 'error-block ng-binding' and @ng-hide = 'CC.errorImage == 200 || CC.errorImage == undefined'])]' not found

2018-07-24 14:13:10 - [TEST_STEP][PASSED] - Statement - If (com.kms.katalon.core.webui.keyword.WebUiBuiltInKeywords.waitForElementVisible(com.kms.katalon.core.testobject.ObjectRepository.findTestObject(Campaign_OR/Error Message/msg_TCURL), 2)): Web element with id: 'Object Repository/Campaign_OR/Error Message/msg_TCURL' located by 'By.xpath: id("wrapper")/div[@class="content-page"]/div[@class="content"]/div[@class="ng-scope"]/div[@class="row ng-scope"]/div[@class="col-md-7"]/div[@class="widget"]/div[@class="widget-content padding"]/div[@class="form-horizontal"]/div[@class="form-group"]/div[@id="tncUrl"]/p[@class="error-block"][count(. | //p[(text() = 'Invalid format, please follow as http://wwww.example.com' or . = 'Invalid format, please follow as http://wwww.example.com')]) = count(//p[(text() = 'Invalid format, please follow as http://wwww.example.com' or . = 'Invalid format, please follow as http://wwww.example.com')])]' not found

2018-07-24 14:13:12 - [MESSAGE][WARNING] - Web element with id: 'Object Repository/Campaign_OR/Error Message/msg_TCURL' located by 'By.xpath: id("wrapper")/div[@class="content-page"]/div[@class="content"]/div[@class="ng-scope"]/div[@class="row ng-scope"]/div[@class="col-md-7"]/div[@class="widget"]/div[@class="widget-content padding"]/div[@class="form-horizontal"]/div[@class="form-group"]/div[@id="tncUrl"]/p[@class="error-block"][count(. | //p[(text() = 'Invalid format, please follow as http://wwww.example.com' or . = 'Invalid format, please follow as http://wwww.example.com')]) = count(//p[(text() = 'Invalid format, please follow as http://wwww.example.com' or . = 'Invalid format, please follow as http://wwww.example.com')])]' not found

2018-07-24 14:13:12 - [TEST_STEP][PASSED] - Statement - If (emailSender.trim() != ""): null

2018-07-24 14:13:12 - [TEST_STEP][PASSED] - Statement - If (com.kms.katalon.core.webui.keyword.WebUiBuiltInKeywords.waitForElementVisible(com.kms.katalon.core.testobject.ObjectRepository.findTestObject(Campaign_OR/Error Message/msg_company_logo), 2)): Web element with id: 'Object Repository/Campaign_OR/Error Message/msg_company_logo' located by 'By.xpath: id("companyLogo")/p[@class="error-block ng-binding"][count(. | //p[@class = 'error-block ng-binding' and @ng-hide = 'CC.errorLogo == 200 || CC.errorLogo == undefined']) = count(//p[@class = 'error-block ng-binding' and @ng-hide = 'CC.errorLogo == 200 || CC.errorLogo == undefined'])]' not found

2018-07-24 14:13:14 - [MESSAGE][WARNING] - Web element with id: 'Object Repository/Campaign_OR/Error Message/msg_company_logo' located by 'By.xpath: id("companyLogo")/p[@class="error-block ng-binding"][count(. | //p[@class = 'error-block ng-binding' and @ng-hide = 'CC.errorLogo == 200 || CC.errorLogo == undefined']) = count(//p[@class = 'error-block ng-binding' and @ng-hide = 'CC.errorLogo == 200 || CC.errorLogo == undefined'])]' not found

2018-07-24 14:13:14 - [TEST_STEP][PASSED] - refresh: Refresh successfully

2018-07-24 14:13:15 - [MESSAGE][PASSED] - Refresh successfully

2018-07-24 14:13:15 - [TEST_STEP][PASSED] - Statement - If (verifyError == false): null]]></system-out>
         <system-err><![CDATA[]]></system-err>
      </testcase>
      <testcase name="Test Cases/Merchant Portal/Campaign/TC001 Campaign - verify all case" classname="Test Cases/Merchant Portal/Campaign/TC001 Campaign - verify all case" status="PASSED">
         <system-out><![CDATA[2018-07-24 14:13:15 - [TEST_CASE][PASSED] - Test Cases/Merchant Portal/Campaign/TC001 Campaign - verify all case: Test Cases/Merchant Portal/Campaign/TC001 Campaign - verify all case

2018-07-24 14:13:15 - [TEST_STEP][PASSED] - Statement - randomWords = CustomKeywords.randomWords.GenerateNumber.randomString(4): randomWords.GenerateNumber.randomString is PASSED

2018-07-24 14:13:15 - [MESSAGE][PASSED] - randomWords.GenerateNumber.randomString is PASSED

2018-07-24 14:13:15 - [TEST_STEP][PASSED] - Statement - If (companyName.trim() != ""): null

2018-07-24 14:13:15 - [TEST_STEP][PASSED] - Statement - companyName = companyName + randomWords: null

2018-07-24 14:13:15 - [TEST_STEP][PASSED] - Statement - If (campaignInstruc.trim() != ""): null

2018-07-24 14:13:15 - [TEST_STEP][PASSED] - Statement - campaignInstruc = campaignInstruc + randomWords: null

2018-07-24 14:13:15 - [TEST_STEP][PASSED] - Statement - If (emailSender.trim() != ""): null

2018-07-24 14:13:15 - [TEST_STEP][PASSED] - Statement - If (emailSubject.trim() != ""): null

2018-07-24 14:13:15 - [TEST_STEP][PASSED] - Statement - emailSubject = emailSubject + randomWords: null

2018-07-24 14:13:15 - [TEST_STEP][PASSED] - Statement - If (emailContent.trim() != ""): null

2018-07-24 14:13:15 - [TEST_STEP][PASSED] - Statement - emailContent = emailContent + randomWords: null

2018-07-24 14:13:15 - [TEST_STEP][PASSED] - callTestCase: Call Test Case 'Test Cases/Merchant Portal/Campaign/Campagin Modules/create campaign' successfully

2018-07-24 14:13:15 - [TEST_CASE][PASSED] - Test Cases/Merchant Portal/Campaign/Campagin Modules/create campaign: Test Cases/Merchant Portal/Campaign/Campagin Modules/create campaign

2018-07-24 14:13:15 - [TEST_STEP][PASSED] - Statement - osName = "": null

2018-07-24 14:13:15 - [TEST_STEP][PASSED] - Statement - osName = CustomKeywords.os.DetectOS.getOperatingSystem(osName): os.DetectOS.getOperatingSystem is PASSED

2018-07-24 14:13:15 - [MESSAGE][PASSED] - os.DetectOS.getOperatingSystem is PASSED

2018-07-24 14:13:15 - [TEST_STEP][PASSED] - Statement - splitString = osName.split(): null

2018-07-24 14:13:15 - [TEST_STEP][PASSED] - Statement - os = splitString[0].toString(): null

2018-07-24 14:13:15 - [TEST_STEP][PASSED] - Statement - If (loggedin == false): null

2018-07-24 14:13:15 - [TEST_STEP][PASSED] - Statement - If (accessModule == false): null

2018-07-24 14:13:15 - [TEST_STEP][PASSED] - delay: Delayed 5 second(s)

2018-07-24 14:13:20 - [MESSAGE][PASSED] - Delayed 5 second(s)

2018-07-24 14:13:20 - [TEST_STEP][PASSED] - setText: Text 'Starbucks Reserve LtdeBeY' is set on object 'Object Repository/Campaign_OR/Fields/a.input_company_name'

2018-07-24 14:13:20 - [MESSAGE][PASSED] - Text 'Starbucks Reserve LtdeBeY' is set on object 'Object Repository/Campaign_OR/Fields/a.input_company_name'

2018-07-24 14:13:20 - [TEST_STEP][PASSED] - setText: Text 'Please subscribe with us and redeem a free coffee. Come join us now!eBeY' is set on object 'Object Repository/Campaign_OR/Fields/b.textarea_campaign_instruction'

2018-07-24 14:13:21 - [MESSAGE][PASSED] - Text 'Please subscribe with us and redeem a free coffee. Come join us now!eBeY' is set on object 'Object Repository/Campaign_OR/Fields/b.textarea_campaign_instruction'

2018-07-24 14:13:21 - [TEST_STEP][PASSED] - Statement - verifyEmail = false: null

2018-07-24 14:13:21 - [TEST_STEP][PASSED] - Statement - If (radioEmail.toLowerCase() == "true"): null

2018-07-24 14:13:21 - [TEST_STEP][PASSED] - Statement - verifyEmail = true: null

2018-07-24 14:13:21 - [TEST_STEP][PASSED] - Statement - If (verifyEmail == true): Object 'Object Repository/Campaign_OR/input_email' is visible

2018-07-24 14:13:21 - [TEST_STEP][PASSED] - Statement - If (com.kms.katalon.core.webui.keyword.WebUiBuiltInKeywords.verifyElementNotChecked(com.kms.katalon.core.testobject.ObjectRepository.findTestObject(Campaign_OR/Fields/c.checkbox_email), 1, OPTIONAL)): Object 'Object Repository/Campaign_OR/input_email' is visible

2018-07-24 14:13:21 - [MESSAGE][PASSED] - Object 'Object Repository/Campaign_OR/Fields/c.checkbox_email' is not checked

2018-07-24 14:13:21 - [TEST_STEP][PASSED] - delay: Delayed 1 second(s)

2018-07-24 14:13:22 - [MESSAGE][PASSED] - Delayed 1 second(s)

2018-07-24 14:13:22 - [TEST_STEP][PASSED] - click: Object: 'Object Repository/Campaign_OR/Fields/c.checkbox_email' is clicked on

2018-07-24 14:13:22 - [MESSAGE][PASSED] - Object: 'Object Repository/Campaign_OR/Fields/c.checkbox_email' is clicked on

2018-07-24 14:13:22 - [TEST_STEP][PASSED] - verifyElementVisible: Object 'Object Repository/Campaign_OR/input_email' is visible

2018-07-24 14:13:22 - [MESSAGE][PASSED] - Object 'Object Repository/Campaign_OR/input_email' is visible

2018-07-24 14:13:22 - [TEST_STEP][PASSED] - Statement - verifyMobileno = false: null

2018-07-24 14:13:22 - [TEST_STEP][PASSED] - Statement - If (radioMobileno.toLowerCase() == "true"): null

2018-07-24 14:13:22 - [TEST_STEP][PASSED] - Statement - If (verifyMobileno == true): null

2018-07-24 14:13:22 - [TEST_STEP][PASSED] - Statement - Else If (verifyMobileno == false): Object 'Object Repository/Campaign_OR/input_mobileno' is NOT visible

2018-07-24 14:13:22 - [TEST_STEP][PASSED] - Statement - If (com.kms.katalon.core.webui.keyword.WebUiBuiltInKeywords.verifyElementChecked(com.kms.katalon.core.testobject.ObjectRepository.findTestObject(Campaign_OR/Fields/d.checkbox_mobile_number), 1, OPTIONAL)): Object 'Object Repository/Campaign_OR/Fields/d.checkbox_mobile_number' is not checked

2018-07-24 14:13:22 - [MESSAGE][WARNING] - Object 'Object Repository/Campaign_OR/Fields/d.checkbox_mobile_number' is not checked
[[ATTACHMENT|C:\\Users\\kl.chan\\Katalon Studio\\boldreward\\Reports\\TS_Create_Campaign\\TS001 Create Campaign with negative testing\\20180724_140922\\1532412802301.png]]

2018-07-24 14:13:22 - [TEST_STEP][PASSED] - Statement - Else: Object 'Object Repository/Campaign_OR/input_mobileno' is NOT visible

2018-07-24 14:13:22 - [TEST_STEP][PASSED] - verifyElementNotVisible: Object 'Object Repository/Campaign_OR/input_mobileno' is NOT visible

2018-07-24 14:13:22 - [MESSAGE][PASSED] - Object 'Object Repository/Campaign_OR/input_mobileno' is NOT visible

2018-07-24 14:13:22 - [TEST_STEP][PASSED] - Statement - verifyName = false: null

2018-07-24 14:13:22 - [TEST_STEP][PASSED] - Statement - If (radioName.toLowerCase() == "true"): null

2018-07-24 14:13:22 - [TEST_STEP][PASSED] - Statement - If (verifyName == true): null

2018-07-24 14:13:22 - [TEST_STEP][PASSED] - Statement - Else If (verifyName == false): Object 'Object Repository/Campaign_OR/input_name' is NOT visible

2018-07-24 14:13:22 - [TEST_STEP][PASSED] - Statement - If (com.kms.katalon.core.webui.keyword.WebUiBuiltInKeywords.verifyElementChecked(com.kms.katalon.core.testobject.ObjectRepository.findTestObject(Campaign_OR/Fields/e.checkbox_name), 1, OPTIONAL)): Object 'Object Repository/Campaign_OR/Fields/e.checkbox_name' is not checked

2018-07-24 14:13:22 - [MESSAGE][WARNING] - Object 'Object Repository/Campaign_OR/Fields/e.checkbox_name' is not checked
[[ATTACHMENT|C:\\Users\\kl.chan\\Katalon Studio\\boldreward\\Reports\\TS_Create_Campaign\\TS001 Create Campaign with negative testing\\20180724_140922\\1532412802575.png]]

2018-07-24 14:13:22 - [TEST_STEP][PASSED] - Statement - Else: Object 'Object Repository/Campaign_OR/input_name' is NOT visible

2018-07-24 14:13:22 - [TEST_STEP][PASSED] - verifyElementNotVisible: Object 'Object Repository/Campaign_OR/input_name' is NOT visible

2018-07-24 14:13:22 - [MESSAGE][PASSED] - Object 'Object Repository/Campaign_OR/input_name' is NOT visible

2018-07-24 14:13:22 - [TEST_STEP][PASSED] - Statement - verifyGender = false: null

2018-07-24 14:13:22 - [TEST_STEP][PASSED] - Statement - If (radioGender.toLowerCase() == "true"): null

2018-07-24 14:13:22 - [TEST_STEP][PASSED] - Statement - If (verifyGender == true): null

2018-07-24 14:13:22 - [TEST_STEP][PASSED] - Statement - Else If (verifyGender == false): Object 'Object Repository/Campaign_OR/label_Female' is NOT visible

2018-07-24 14:13:22 - [TEST_STEP][PASSED] - Statement - If (com.kms.katalon.core.webui.keyword.WebUiBuiltInKeywords.verifyElementChecked(com.kms.katalon.core.testobject.ObjectRepository.findTestObject(Campaign_OR/Fields/f.checkbox_gender), 1, OPTIONAL)): Object 'Object Repository/Campaign_OR/Fields/f.checkbox_gender' is not checked

2018-07-24 14:13:23 - [MESSAGE][WARNING] - Object 'Object Repository/Campaign_OR/Fields/f.checkbox_gender' is not checked
[[ATTACHMENT|C:\\Users\\kl.chan\\Katalon Studio\\boldreward\\Reports\\TS_Create_Campaign\\TS001 Create Campaign with negative testing\\20180724_140922\\1532412802855.png]]

2018-07-24 14:13:23 - [TEST_STEP][PASSED] - Statement - Else: Object 'Object Repository/Campaign_OR/label_Female' is NOT visible

2018-07-24 14:13:23 - [TEST_STEP][PASSED] - verifyElementNotVisible: Object 'Object Repository/Campaign_OR/label_Male' is NOT visible

2018-07-24 14:13:23 - [MESSAGE][PASSED] - Object 'Object Repository/Campaign_OR/label_Male' is NOT visible

2018-07-24 14:13:23 - [TEST_STEP][PASSED] - verifyElementNotVisible: Object 'Object Repository/Campaign_OR/label_Female' is NOT visible

2018-07-24 14:13:23 - [MESSAGE][PASSED] - Object 'Object Repository/Campaign_OR/label_Female' is NOT visible

2018-07-24 14:13:23 - [TEST_STEP][PASSED] - Statement - verifyDOB = false: null

2018-07-24 14:13:23 - [TEST_STEP][PASSED] - Statement - If (radioDOB.toLowerCase() == "true"): null

2018-07-24 14:13:23 - [TEST_STEP][PASSED] - Statement - If (verifyDOB == true): null

2018-07-24 14:13:23 - [TEST_STEP][PASSED] - Statement - Else If (verifyDOB == false): Object 'Object Repository/Campaign_OR/input_datepicker' is NOT visible

2018-07-24 14:13:23 - [TEST_STEP][PASSED] - Statement - If (com.kms.katalon.core.webui.keyword.WebUiBuiltInKeywords.verifyElementChecked(com.kms.katalon.core.testobject.ObjectRepository.findTestObject(Campaign_OR/Fields/g.checkbox_dob), 1, OPTIONAL)): Object 'Object Repository/Campaign_OR/Fields/g.checkbox_dob' is not checked

2018-07-24 14:13:23 - [MESSAGE][WARNING] - Object 'Object Repository/Campaign_OR/Fields/g.checkbox_dob' is not checked
[[ATTACHMENT|C:\\Users\\kl.chan\\Katalon Studio\\boldreward\\Reports\\TS_Create_Campaign\\TS001 Create Campaign with negative testing\\20180724_140922\\1532412803156.png]]

2018-07-24 14:13:23 - [TEST_STEP][PASSED] - Statement - Else: Object 'Object Repository/Campaign_OR/input_datepicker' is NOT visible

2018-07-24 14:13:23 - [TEST_STEP][PASSED] - verifyElementNotVisible: Object 'Object Repository/Campaign_OR/input_datepicker' is NOT visible

2018-07-24 14:13:23 - [MESSAGE][PASSED] - Object 'Object Repository/Campaign_OR/input_datepicker' is NOT visible

2018-07-24 14:13:23 - [TEST_STEP][PASSED] - Statement - filepath = "": null

2018-07-24 14:13:23 - [TEST_STEP][PASSED] - Statement - If (os == "Windows"): null

2018-07-24 14:13:23 - [TEST_STEP][PASSED] - Statement - filepath = campaignImagePath: null

2018-07-24 14:13:23 - [TEST_STEP][PASSED] - Statement - verifyImgName = "": null

2018-07-24 14:13:23 - [TEST_STEP][PASSED] - Statement - uploadedImg = false: null

2018-07-24 14:13:23 - [TEST_STEP][PASSED] - Statement - If (filepath.trim() != "" && campaignImage.trim() != ""): null

2018-07-24 14:13:23 - [TEST_STEP][PASSED] - sendKeys: Keys 'C:\Users\kl.chan\Katalon Studio\boldreward\Images\Campaign Image\starbucks copy.jpg' sent to object: 'Object Repository/Campaign_OR/Fields/h.button_campaign_image_1'

2018-07-24 14:13:23 - [MESSAGE][PASSED] - Keys 'C:\Users\kl.chan\Katalon Studio\boldreward\Images\Campaign Image\starbucks copy.jpg' sent to object: 'Object Repository/Campaign_OR/Fields/h.button_campaign_image_1'

2018-07-24 14:13:23 - [TEST_STEP][PASSED] - delay: Delayed 1 second(s)

2018-07-24 14:13:24 - [MESSAGE][PASSED] - Delayed 1 second(s)

2018-07-24 14:13:24 - [TEST_STEP][PASSED] - Statement - If (com.kms.katalon.core.webui.keyword.WebUiBuiltInKeywords.waitForElementVisible(com.kms.katalon.core.testobject.ObjectRepository.findTestObject(Campaign_OR/uploadedCampaignImg), 30)): null

2018-07-24 14:13:24 - [MESSAGE][PASSED] - Object 'Object Repository/Campaign_OR/uploadedCampaignImg' is visible

2018-07-24 14:13:24 - [TEST_STEP][PASSED] - Statement - verifyImgName = com.kms.katalon.core.webui.keyword.WebUiBuiltInKeywords.getText(com.kms.katalon.core.testobject.ObjectRepository.findTestObject(Campaign_OR/uploadedCampaignImg)): Text of object 'Object Repository/Campaign_OR/uploadedCampaignImg' is: 'starbucks copy.jpg'

2018-07-24 14:13:24 - [MESSAGE][PASSED] - Text of object 'Object Repository/Campaign_OR/uploadedCampaignImg' is: 'starbucks copy.jpg'

2018-07-24 14:13:24 - [TEST_STEP][PASSED] - Statement - If (verifyImgName.equals(campaignImage) == true): null

2018-07-24 14:13:24 - [TEST_STEP][PASSED] - Statement - uploadedImg = true: null

2018-07-24 14:13:24 - [TEST_STEP][PASSED] - setText: Text 'http://www.starbucks.com.my/' is set on object 'Object Repository/Campaign_OR/Fields/i.k.input_tnc'

2018-07-24 14:13:24 - [MESSAGE][PASSED] - Text 'http://www.starbucks.com.my/' is set on object 'Object Repository/Campaign_OR/Fields/i.k.input_tnc'

2018-07-24 14:13:24 - [TEST_STEP][PASSED] - setText: Text ' ' is set on object 'Object Repository/Campaign_OR/Fields/j.input_sender'

2018-07-24 14:13:24 - [MESSAGE][PASSED] - Text ' ' is set on object 'Object Repository/Campaign_OR/Fields/j.input_sender'

2018-07-24 14:13:24 - [TEST_STEP][PASSED] - setText: Text 'Starbucks Reserve @ SITeBeY' is set on object 'Object Repository/Campaign_OR/Fields/k.input_subject'

2018-07-24 14:13:25 - [MESSAGE][PASSED] - Text 'Starbucks Reserve @ SITeBeY' is set on object 'Object Repository/Campaign_OR/Fields/k.input_subject'

2018-07-24 14:13:25 - [TEST_STEP][PASSED] - setText: Text 'Hello User, Welcome to our Starbucks Reserve @ SIT. Come subscribe with us and redeem more rewards.eBeY' is set on object 'Object Repository/Campaign_OR/Fields/l.textarea_content'

2018-07-24 14:13:25 - [MESSAGE][PASSED] - Text 'Hello User, Welcome to our Starbucks Reserve @ SIT. Come subscribe with us and redeem more rewards.eBeY' is set on object 'Object Repository/Campaign_OR/Fields/l.textarea_content'

2018-07-24 14:13:25 - [TEST_STEP][PASSED] - Statement - filepath = "": null

2018-07-24 14:13:25 - [TEST_STEP][PASSED] - Statement - If (os == "Windows"): null

2018-07-24 14:13:25 - [TEST_STEP][PASSED] - Statement - filepath = companyLogoPath: null

2018-07-24 14:13:25 - [TEST_STEP][PASSED] - Statement - verifyImgName = "": null

2018-07-24 14:13:25 - [TEST_STEP][PASSED] - Statement - uploadedImg = false: null

2018-07-24 14:13:25 - [TEST_STEP][PASSED] - Statement - reuploadCount = 0: null

2018-07-24 14:13:25 - [TEST_STEP][PASSED] - Statement - If (filepath.trim() != "" && companyLogo.trim() != ""): null

2018-07-24 14:13:25 - [TEST_STEP][PASSED] - sendKeys: Keys 'C:\Users\kl.chan\Katalon Studio\boldreward\Images\Company Logo\starbucks logo.jpg' sent to object: 'Object Repository/Campaign_OR/Fields/m.button_company_logo_1'

2018-07-24 14:13:25 - [MESSAGE][PASSED] - Keys 'C:\Users\kl.chan\Katalon Studio\boldreward\Images\Company Logo\starbucks logo.jpg' sent to object: 'Object Repository/Campaign_OR/Fields/m.button_company_logo_1'

2018-07-24 14:13:25 - [TEST_STEP][PASSED] - delay: Delayed 1 second(s)

2018-07-24 14:13:26 - [MESSAGE][PASSED] - Delayed 1 second(s)

2018-07-24 14:13:26 - [TEST_STEP][PASSED] - Statement - If (com.kms.katalon.core.webui.keyword.WebUiBuiltInKeywords.waitForElementVisible(com.kms.katalon.core.testobject.ObjectRepository.findTestObject(Campaign_OR/uploadedCompanyLogo), 30)): null

2018-07-24 14:13:26 - [MESSAGE][PASSED] - Object 'Object Repository/Campaign_OR/uploadedCompanyLogo' is visible

2018-07-24 14:13:26 - [TEST_STEP][PASSED] - Statement - verifyImgName = com.kms.katalon.core.webui.keyword.WebUiBuiltInKeywords.getText(com.kms.katalon.core.testobject.ObjectRepository.findTestObject(Campaign_OR/uploadedCompanyLogo)): Text of object 'Object Repository/Campaign_OR/uploadedCompanyLogo' is: 'starbucks logo.jpg'

2018-07-24 14:13:26 - [MESSAGE][PASSED] - Text of object 'Object Repository/Campaign_OR/uploadedCompanyLogo' is: 'starbucks logo.jpg'

2018-07-24 14:13:26 - [TEST_STEP][PASSED] - Statement - If (verifyImgName.equals(companyLogo) == true): null

2018-07-24 14:13:26 - [TEST_STEP][PASSED] - Statement - uploadedImg = true: null

2018-07-24 14:13:26 - [TEST_STEP][PASSED] - Statement - If (rewardCode == true): null

2018-07-24 14:13:26 - [TEST_STEP][PASSED] - Statement - Else If (rewardCode == false): Object: 'Object Repository/Campaign_OR/Fields/n.label_No' is clicked on

2018-07-24 14:13:26 - [TEST_STEP][PASSED] - click: Object: 'Object Repository/Campaign_OR/Fields/n.label_No' is clicked on

2018-07-24 14:13:26 - [MESSAGE][PASSED] - Object: 'Object Repository/Campaign_OR/Fields/n.label_No' is clicked on

2018-07-24 14:13:26 - [TEST_STEP][PASSED] - verifyElementChecked: Object 'Object Repository/Campaign_OR/Fields/radio_No' is checked

2018-07-24 14:13:26 - [MESSAGE][PASSED] - Object 'Object Repository/Campaign_OR/Fields/radio_No' is checked

2018-07-24 14:13:26 - [TEST_STEP][PASSED] - verifyElementChecked: Object 'Object Repository/Campaign_OR/Fields/radio_Yes' is not checked

2018-07-24 14:13:27 - [MESSAGE][WARNING] - Object 'Object Repository/Campaign_OR/Fields/radio_Yes' is not checked
[[ATTACHMENT|C:\\Users\\kl.chan\\Katalon Studio\\boldreward\\Reports\\TS_Create_Campaign\\TS001 Create Campaign with negative testing\\20180724_140922\\1532412806798.png]]

2018-07-24 14:13:27 - [TEST_STEP][PASSED] - click: Object: 'Object Repository/Campaign_OR/button_Save' is clicked on

2018-07-24 14:13:27 - [MESSAGE][PASSED] - Object: 'Object Repository/Campaign_OR/button_Save' is clicked on

2018-07-24 14:13:27 - [TEST_STEP][PASSED] - delay: Delayed 2 second(s)

2018-07-24 14:13:29 - [MESSAGE][PASSED] - Delayed 2 second(s)

2018-07-24 14:13:29 - [MESSAGE][PASSED] - Call Test Case 'Test Cases/Merchant Portal/Campaign/Campagin Modules/create campaign' successfully

2018-07-24 14:13:29 - [TEST_STEP][PASSED] - Statement - updateFailed = false: null

2018-07-24 14:13:29 - [TEST_STEP][PASSED] - Statement - If (com.kms.katalon.core.webui.keyword.WebUiBuiltInKeywords.waitForElementVisible(com.kms.katalon.core.testobject.ObjectRepository.findTestObject(a.Not_Assigned_OR/alert_msg_top), 3)): null

2018-07-24 14:13:29 - [MESSAGE][PASSED] - Object 'Object Repository/a.Not_Assigned_OR/alert_msg_top' is visible

2018-07-24 14:13:29 - [TEST_STEP][PASSED] - Statement - verifyPopoutMsg = com.kms.katalon.core.webui.keyword.WebUiBuiltInKeywords.getText(com.kms.katalon.core.testobject.ObjectRepository.findTestObject(a.Not_Assigned_OR/alert_msg_top)): Text of object 'Object Repository/a.Not_Assigned_OR/alert_msg_top' is: 'Oops! Invalid inputs, please try again.'

2018-07-24 14:13:29 - [MESSAGE][PASSED] - Text of object 'Object Repository/a.Not_Assigned_OR/alert_msg_top' is: 'Oops! Invalid inputs, please try again.'

2018-07-24 14:13:29 - [TEST_STEP][PASSED] - Statement - If (verifyPopoutMsg.equals(msgServer) == true): null

2018-07-24 14:13:29 - [TEST_STEP][PASSED] - Statement - updateFailed = true: null

2018-07-24 14:13:29 - [TEST_STEP][PASSED] - Statement - updateSuccess = false: null

2018-07-24 14:13:29 - [TEST_STEP][PASSED] - Statement - If (com.kms.katalon.core.webui.keyword.WebUiBuiltInKeywords.waitForElementVisible(com.kms.katalon.core.testobject.ObjectRepository.findTestObject(Campaign_OR/Error Message/msg_edit_success), 3)): Web element with id: 'Object Repository/Campaign_OR/Error Message/msg_edit_success' located by 'By.xpath: id("errorMessage")/p[@class="error-block"]' not found

2018-07-24 14:13:32 - [MESSAGE][WARNING] - Web element with id: 'Object Repository/Campaign_OR/Error Message/msg_edit_success' located by 'By.xpath: id("errorMessage")/p[@class="error-block"]' not found

2018-07-24 14:13:32 - [TEST_STEP][PASSED] - Statement - createSuccess = false: null

2018-07-24 14:13:32 - [TEST_STEP][PASSED] - Statement - If (com.kms.katalon.core.webui.keyword.WebUiBuiltInKeywords.waitForElementVisible(com.kms.katalon.core.testobject.ObjectRepository.findTestObject(Home_OR/label_home), 3)): Web element with id: 'Object Repository/Home_OR/label_home' located by 'By.xpath: id("wrapper")/div[@class="content-page"]/div[@class="content"]/div[@class="ng-scope"]/div[@class="ng-scope"]/div[@class="page-heading"]/h1[1][count(. | //h1[(text() = ' Home' or . = ' Home')]) = count(//h1[(text() = ' Home' or . = ' Home')])]' not found

2018-07-24 14:13:35 - [MESSAGE][WARNING] - Web element with id: 'Object Repository/Home_OR/label_home' located by 'By.xpath: id("wrapper")/div[@class="content-page"]/div[@class="content"]/div[@class="ng-scope"]/div[@class="ng-scope"]/div[@class="page-heading"]/h1[1][count(. | //h1[(text() = ' Home' or . = ' Home')]) = count(//h1[(text() = ' Home' or . = ' Home')])]' not found

2018-07-24 14:13:35 - [TEST_STEP][PASSED] - Statement - If (updateSuccess == true): null

2018-07-24 14:13:35 - [TEST_STEP][PASSED] - Statement - Else If (updateFailed == true): null

2018-07-24 14:13:35 - [TEST_STEP][PASSED] - Statement - verifyError = false: null

2018-07-24 14:13:35 - [TEST_STEP][PASSED] - Statement - If (companyName.trim() == ""): null

2018-07-24 14:13:35 - [TEST_STEP][PASSED] - Statement - If (campaignInstruc.trim() == ""): null

2018-07-24 14:13:35 - [TEST_STEP][PASSED] - Statement - If (radioEmail.toLowerCase() == "false"): null

2018-07-24 14:13:35 - [TEST_STEP][PASSED] - Statement - campaignImgName = com.kms.katalon.core.webui.keyword.WebUiBuiltInKeywords.getText(com.kms.katalon.core.testobject.ObjectRepository.findTestObject(Campaign_OR/uploadedCampaignImg)): Text of object 'Object Repository/Campaign_OR/uploadedCampaignImg' is: 'starbucks copy.jpg'

2018-07-24 14:13:35 - [MESSAGE][PASSED] - Text of object 'Object Repository/Campaign_OR/uploadedCampaignImg' is: 'starbucks copy.jpg'

2018-07-24 14:13:35 - [TEST_STEP][PASSED] - Statement - If (campaignImgName == ""): null

2018-07-24 14:13:35 - [TEST_STEP][PASSED] - Statement - If (emailSender.trim() == ""): null

2018-07-24 14:13:35 - [TEST_STEP][PASSED] - verifyElementVisible: Object 'Object Repository/Campaign_OR/Error Message/msg_sender' is visible

2018-07-24 14:13:35 - [MESSAGE][PASSED] - Object 'Object Repository/Campaign_OR/Error Message/msg_sender' is visible

2018-07-24 14:13:35 - [TEST_STEP][PASSED] - Statement - verifyEmptySender = com.kms.katalon.core.webui.keyword.WebUiBuiltInKeywords.getText(com.kms.katalon.core.testobject.ObjectRepository.findTestObject(Campaign_OR/Error Message/msg_sender)): Text of object 'Object Repository/Campaign_OR/Error Message/msg_sender' is: 'Please complete this field.'

2018-07-24 14:13:35 - [MESSAGE][PASSED] - Text of object 'Object Repository/Campaign_OR/Error Message/msg_sender' is: 'Please complete this field.'

2018-07-24 14:13:35 - [TEST_STEP][PASSED] - verifyMatch: Actual text 'Please complete this field.' and expected text 'Please complete this field.' are matched  using regular expression

2018-07-24 14:13:35 - [MESSAGE][PASSED] - Actual text 'Please complete this field.' and expected text 'Please complete this field.' are matched  using regular expression

2018-07-24 14:13:35 - [TEST_STEP][PASSED] - Statement - verifyError = true: null

2018-07-24 14:13:35 - [TEST_STEP][PASSED] - Statement - If (emailSubject.trim() == ""): null

2018-07-24 14:13:35 - [TEST_STEP][PASSED] - Statement - If (emailContent.trim() == ""): null

2018-07-24 14:13:35 - [TEST_STEP][PASSED] - Statement - companyLogoName = com.kms.katalon.core.webui.keyword.WebUiBuiltInKeywords.getText(com.kms.katalon.core.testobject.ObjectRepository.findTestObject(Campaign_OR/uploadedCompanyLogo)): Text of object 'Object Repository/Campaign_OR/uploadedCompanyLogo' is: 'starbucks logo.jpg'

2018-07-24 14:13:35 - [MESSAGE][PASSED] - Text of object 'Object Repository/Campaign_OR/uploadedCompanyLogo' is: 'starbucks logo.jpg'

2018-07-24 14:13:35 - [TEST_STEP][PASSED] - Statement - If (companyLogoName == ""): null

2018-07-24 14:13:35 - [TEST_STEP][PASSED] - Statement - If (com.kms.katalon.core.webui.keyword.WebUiBuiltInKeywords.waitForElementVisible(com.kms.katalon.core.testobject.ObjectRepository.findTestObject(Campaign_OR/Error Message/msg_cpgn_image2), 2)): Web element with id: 'Object Repository/Campaign_OR/Error Message/msg_cpgn_image2' located by 'By.xpath: id("campaignImage")/p[@class="error-block ng-binding"][count(. | //p[@class = 'error-block ng-binding' and @ng-hide = 'CC.errorImage == 200 || CC.errorImage == undefined']) = count(//p[@class = 'error-block ng-binding' and @ng-hide = 'CC.errorImage == 200 || CC.errorImage == undefined'])]' not found

2018-07-24 14:13:37 - [MESSAGE][WARNING] - Web element with id: 'Object Repository/Campaign_OR/Error Message/msg_cpgn_image2' located by 'By.xpath: id("campaignImage")/p[@class="error-block ng-binding"][count(. | //p[@class = 'error-block ng-binding' and @ng-hide = 'CC.errorImage == 200 || CC.errorImage == undefined']) = count(//p[@class = 'error-block ng-binding' and @ng-hide = 'CC.errorImage == 200 || CC.errorImage == undefined'])]' not found

2018-07-24 14:13:37 - [TEST_STEP][PASSED] - Statement - If (com.kms.katalon.core.webui.keyword.WebUiBuiltInKeywords.waitForElementVisible(com.kms.katalon.core.testobject.ObjectRepository.findTestObject(Campaign_OR/Error Message/msg_TCURL), 2)): Web element with id: 'Object Repository/Campaign_OR/Error Message/msg_TCURL' located by 'By.xpath: id("wrapper")/div[@class="content-page"]/div[@class="content"]/div[@class="ng-scope"]/div[@class="row ng-scope"]/div[@class="col-md-7"]/div[@class="widget"]/div[@class="widget-content padding"]/div[@class="form-horizontal"]/div[@class="form-group"]/div[@id="tncUrl"]/p[@class="error-block"][count(. | //p[(text() = 'Invalid format, please follow as http://wwww.example.com' or . = 'Invalid format, please follow as http://wwww.example.com')]) = count(//p[(text() = 'Invalid format, please follow as http://wwww.example.com' or . = 'Invalid format, please follow as http://wwww.example.com')])]' not found

2018-07-24 14:13:39 - [MESSAGE][WARNING] - Web element with id: 'Object Repository/Campaign_OR/Error Message/msg_TCURL' located by 'By.xpath: id("wrapper")/div[@class="content-page"]/div[@class="content"]/div[@class="ng-scope"]/div[@class="row ng-scope"]/div[@class="col-md-7"]/div[@class="widget"]/div[@class="widget-content padding"]/div[@class="form-horizontal"]/div[@class="form-group"]/div[@id="tncUrl"]/p[@class="error-block"][count(. | //p[(text() = 'Invalid format, please follow as http://wwww.example.com' or . = 'Invalid format, please follow as http://wwww.example.com')]) = count(//p[(text() = 'Invalid format, please follow as http://wwww.example.com' or . = 'Invalid format, please follow as http://wwww.example.com')])]' not found

2018-07-24 14:13:39 - [TEST_STEP][PASSED] - Statement - If (emailSender.trim() != ""): null

2018-07-24 14:13:39 - [TEST_STEP][PASSED] - Statement - If (com.kms.katalon.core.webui.keyword.WebUiBuiltInKeywords.waitForElementVisible(com.kms.katalon.core.testobject.ObjectRepository.findTestObject(Campaign_OR/Error Message/msg_company_logo), 2)): Web element with id: 'Object Repository/Campaign_OR/Error Message/msg_company_logo' located by 'By.xpath: id("companyLogo")/p[@class="error-block ng-binding"][count(. | //p[@class = 'error-block ng-binding' and @ng-hide = 'CC.errorLogo == 200 || CC.errorLogo == undefined']) = count(//p[@class = 'error-block ng-binding' and @ng-hide = 'CC.errorLogo == 200 || CC.errorLogo == undefined'])]' not found

2018-07-24 14:13:41 - [MESSAGE][WARNING] - Web element with id: 'Object Repository/Campaign_OR/Error Message/msg_company_logo' located by 'By.xpath: id("companyLogo")/p[@class="error-block ng-binding"][count(. | //p[@class = 'error-block ng-binding' and @ng-hide = 'CC.errorLogo == 200 || CC.errorLogo == undefined']) = count(//p[@class = 'error-block ng-binding' and @ng-hide = 'CC.errorLogo == 200 || CC.errorLogo == undefined'])]' not found

2018-07-24 14:13:41 - [TEST_STEP][PASSED] - refresh: Refresh successfully

2018-07-24 14:13:42 - [MESSAGE][PASSED] - Refresh successfully

2018-07-24 14:13:42 - [TEST_STEP][PASSED] - Statement - If (verifyError == false): null]]></system-out>
         <system-err><![CDATA[]]></system-err>
      </testcase>
      <testcase name="Test Cases/Merchant Portal/Campaign/TC001 Campaign - verify all case" classname="Test Cases/Merchant Portal/Campaign/TC001 Campaign - verify all case" status="PASSED">
         <system-out><![CDATA[2018-07-24 14:13:42 - [TEST_CASE][PASSED] - Test Cases/Merchant Portal/Campaign/TC001 Campaign - verify all case: Test Cases/Merchant Portal/Campaign/TC001 Campaign - verify all case

2018-07-24 14:13:42 - [TEST_STEP][PASSED] - Statement - randomWords = CustomKeywords.randomWords.GenerateNumber.randomString(4): randomWords.GenerateNumber.randomString is PASSED

2018-07-24 14:13:42 - [MESSAGE][PASSED] - randomWords.GenerateNumber.randomString is PASSED

2018-07-24 14:13:42 - [TEST_STEP][PASSED] - Statement - If (companyName.trim() != ""): null

2018-07-24 14:13:42 - [TEST_STEP][PASSED] - Statement - companyName = companyName + randomWords: null

2018-07-24 14:13:42 - [TEST_STEP][PASSED] - Statement - If (campaignInstruc.trim() != ""): null

2018-07-24 14:13:42 - [TEST_STEP][PASSED] - Statement - campaignInstruc = campaignInstruc + randomWords: null

2018-07-24 14:13:42 - [TEST_STEP][PASSED] - Statement - If (emailSender.trim() != ""): null

2018-07-24 14:13:42 - [TEST_STEP][PASSED] - Statement - email = emailSender: null

2018-07-24 14:13:42 - [TEST_STEP][PASSED] - Statement - splitEmail = email.split("@"): null

2018-07-24 14:13:42 - [TEST_STEP][PASSED] - Statement - numb = length: null

2018-07-24 14:13:42 - [TEST_STEP][PASSED] - Statement - If (numb > 1): null

2018-07-24 14:13:42 - [TEST_STEP][PASSED] - Statement - emailSender = splitEmail[0] + randomWords + "@" + splitEmail[1]: null

2018-07-24 14:13:42 - [TEST_STEP][PASSED] - Statement - If (emailSubject.trim() != ""): null

2018-07-24 14:13:42 - [TEST_STEP][PASSED] - Statement - If (emailContent.trim() != ""): null

2018-07-24 14:13:42 - [TEST_STEP][PASSED] - Statement - emailContent = emailContent + randomWords: null

2018-07-24 14:13:42 - [TEST_STEP][PASSED] - callTestCase: Call Test Case 'Test Cases/Merchant Portal/Campaign/Campagin Modules/create campaign' successfully

2018-07-24 14:13:42 - [TEST_CASE][PASSED] - Test Cases/Merchant Portal/Campaign/Campagin Modules/create campaign: Test Cases/Merchant Portal/Campaign/Campagin Modules/create campaign

2018-07-24 14:13:42 - [TEST_STEP][PASSED] - Statement - osName = "": null

2018-07-24 14:13:42 - [TEST_STEP][PASSED] - Statement - osName = CustomKeywords.os.DetectOS.getOperatingSystem(osName): os.DetectOS.getOperatingSystem is PASSED

2018-07-24 14:13:42 - [MESSAGE][PASSED] - os.DetectOS.getOperatingSystem is PASSED

2018-07-24 14:13:42 - [TEST_STEP][PASSED] - Statement - splitString = osName.split(): null

2018-07-24 14:13:42 - [TEST_STEP][PASSED] - Statement - os = splitString[0].toString(): null

2018-07-24 14:13:42 - [TEST_STEP][PASSED] - Statement - If (loggedin == false): null

2018-07-24 14:13:42 - [TEST_STEP][PASSED] - Statement - If (accessModule == false): null

2018-07-24 14:13:42 - [TEST_STEP][PASSED] - delay: Delayed 5 second(s)

2018-07-24 14:13:47 - [MESSAGE][PASSED] - Delayed 5 second(s)

2018-07-24 14:13:47 - [TEST_STEP][PASSED] - setText: Text 'Starbucks Reserve LtdNOkW' is set on object 'Object Repository/Campaign_OR/Fields/a.input_company_name'

2018-07-24 14:13:47 - [MESSAGE][PASSED] - Text 'Starbucks Reserve LtdNOkW' is set on object 'Object Repository/Campaign_OR/Fields/a.input_company_name'

2018-07-24 14:13:47 - [TEST_STEP][PASSED] - setText: Text 'Please subscribe with us and redeem a free coffee. Come join us now!NOkW' is set on object 'Object Repository/Campaign_OR/Fields/b.textarea_campaign_instruction'

2018-07-24 14:13:48 - [MESSAGE][PASSED] - Text 'Please subscribe with us and redeem a free coffee. Come join us now!NOkW' is set on object 'Object Repository/Campaign_OR/Fields/b.textarea_campaign_instruction'

2018-07-24 14:13:48 - [TEST_STEP][PASSED] - Statement - verifyEmail = false: null

2018-07-24 14:13:48 - [TEST_STEP][PASSED] - Statement - If (radioEmail.toLowerCase() == "true"): null

2018-07-24 14:13:48 - [TEST_STEP][PASSED] - Statement - verifyEmail = true: null

2018-07-24 14:13:48 - [TEST_STEP][PASSED] - Statement - If (verifyEmail == true): Object 'Object Repository/Campaign_OR/input_email' is visible

2018-07-24 14:13:48 - [TEST_STEP][PASSED] - Statement - If (com.kms.katalon.core.webui.keyword.WebUiBuiltInKeywords.verifyElementNotChecked(com.kms.katalon.core.testobject.ObjectRepository.findTestObject(Campaign_OR/Fields/c.checkbox_email), 1, OPTIONAL)): Object 'Object Repository/Campaign_OR/input_email' is visible

2018-07-24 14:13:48 - [MESSAGE][PASSED] - Object 'Object Repository/Campaign_OR/Fields/c.checkbox_email' is not checked

2018-07-24 14:13:48 - [TEST_STEP][PASSED] - delay: Delayed 1 second(s)

2018-07-24 14:13:49 - [MESSAGE][PASSED] - Delayed 1 second(s)

2018-07-24 14:13:49 - [TEST_STEP][PASSED] - click: Object: 'Object Repository/Campaign_OR/Fields/c.checkbox_email' is clicked on

2018-07-24 14:13:49 - [MESSAGE][PASSED] - Object: 'Object Repository/Campaign_OR/Fields/c.checkbox_email' is clicked on

2018-07-24 14:13:49 - [TEST_STEP][PASSED] - verifyElementVisible: Object 'Object Repository/Campaign_OR/input_email' is visible

2018-07-24 14:13:49 - [MESSAGE][PASSED] - Object 'Object Repository/Campaign_OR/input_email' is visible

2018-07-24 14:13:49 - [TEST_STEP][PASSED] - Statement - verifyMobileno = false: null

2018-07-24 14:13:49 - [TEST_STEP][PASSED] - Statement - If (radioMobileno.toLowerCase() == "true"): null

2018-07-24 14:13:49 - [TEST_STEP][PASSED] - Statement - If (verifyMobileno == true): null

2018-07-24 14:13:49 - [TEST_STEP][PASSED] - Statement - Else If (verifyMobileno == false): Object 'Object Repository/Campaign_OR/input_mobileno' is NOT visible

2018-07-24 14:13:49 - [TEST_STEP][PASSED] - Statement - If (com.kms.katalon.core.webui.keyword.WebUiBuiltInKeywords.verifyElementChecked(com.kms.katalon.core.testobject.ObjectRepository.findTestObject(Campaign_OR/Fields/d.checkbox_mobile_number), 1, OPTIONAL)): Object 'Object Repository/Campaign_OR/Fields/d.checkbox_mobile_number' is not checked

2018-07-24 14:13:49 - [MESSAGE][WARNING] - Object 'Object Repository/Campaign_OR/Fields/d.checkbox_mobile_number' is not checked
[[ATTACHMENT|C:\\Users\\kl.chan\\Katalon Studio\\boldreward\\Reports\\TS_Create_Campaign\\TS001 Create Campaign with negative testing\\20180724_140922\\1532412829518.png]]

2018-07-24 14:13:49 - [TEST_STEP][PASSED] - Statement - Else: Object 'Object Repository/Campaign_OR/input_mobileno' is NOT visible

2018-07-24 14:13:49 - [TEST_STEP][PASSED] - verifyElementNotVisible: Object 'Object Repository/Campaign_OR/input_mobileno' is NOT visible

2018-07-24 14:13:49 - [MESSAGE][PASSED] - Object 'Object Repository/Campaign_OR/input_mobileno' is NOT visible

2018-07-24 14:13:49 - [TEST_STEP][PASSED] - Statement - verifyName = false: null

2018-07-24 14:13:49 - [TEST_STEP][PASSED] - Statement - If (radioName.toLowerCase() == "true"): null

2018-07-24 14:13:49 - [TEST_STEP][PASSED] - Statement - If (verifyName == true): null

2018-07-24 14:13:49 - [TEST_STEP][PASSED] - Statement - Else If (verifyName == false): Object 'Object Repository/Campaign_OR/input_name' is NOT visible

2018-07-24 14:13:49 - [TEST_STEP][PASSED] - Statement - If (com.kms.katalon.core.webui.keyword.WebUiBuiltInKeywords.verifyElementChecked(com.kms.katalon.core.testobject.ObjectRepository.findTestObject(Campaign_OR/Fields/e.checkbox_name), 1, OPTIONAL)): Object 'Object Repository/Campaign_OR/Fields/e.checkbox_name' is not checked

2018-07-24 14:13:50 - [MESSAGE][WARNING] - Object 'Object Repository/Campaign_OR/Fields/e.checkbox_name' is not checked
[[ATTACHMENT|C:\\Users\\kl.chan\\Katalon Studio\\boldreward\\Reports\\TS_Create_Campaign\\TS001 Create Campaign with negative testing\\20180724_140922\\1532412829816.png]]

2018-07-24 14:13:50 - [TEST_STEP][PASSED] - Statement - Else: Object 'Object Repository/Campaign_OR/input_name' is NOT visible

2018-07-24 14:13:50 - [TEST_STEP][PASSED] - verifyElementNotVisible: Object 'Object Repository/Campaign_OR/input_name' is NOT visible

2018-07-24 14:13:50 - [MESSAGE][PASSED] - Object 'Object Repository/Campaign_OR/input_name' is NOT visible

2018-07-24 14:13:50 - [TEST_STEP][PASSED] - Statement - verifyGender = false: null

2018-07-24 14:13:50 - [TEST_STEP][PASSED] - Statement - If (radioGender.toLowerCase() == "true"): null

2018-07-24 14:13:50 - [TEST_STEP][PASSED] - Statement - If (verifyGender == true): null

2018-07-24 14:13:50 - [TEST_STEP][PASSED] - Statement - Else If (verifyGender == false): Object 'Object Repository/Campaign_OR/label_Female' is NOT visible

2018-07-24 14:13:50 - [TEST_STEP][PASSED] - Statement - If (com.kms.katalon.core.webui.keyword.WebUiBuiltInKeywords.verifyElementChecked(com.kms.katalon.core.testobject.ObjectRepository.findTestObject(Campaign_OR/Fields/f.checkbox_gender), 1, OPTIONAL)): Object 'Object Repository/Campaign_OR/Fields/f.checkbox_gender' is not checked

2018-07-24 14:13:50 - [MESSAGE][WARNING] - Object 'Object Repository/Campaign_OR/Fields/f.checkbox_gender' is not checked
[[ATTACHMENT|C:\\Users\\kl.chan\\Katalon Studio\\boldreward\\Reports\\TS_Create_Campaign\\TS001 Create Campaign with negative testing\\20180724_140922\\1532412830173.png]]

2018-07-24 14:13:50 - [TEST_STEP][PASSED] - Statement - Else: Object 'Object Repository/Campaign_OR/label_Female' is NOT visible

2018-07-24 14:13:50 - [TEST_STEP][PASSED] - verifyElementNotVisible: Object 'Object Repository/Campaign_OR/label_Male' is NOT visible

2018-07-24 14:13:50 - [MESSAGE][PASSED] - Object 'Object Repository/Campaign_OR/label_Male' is NOT visible

2018-07-24 14:13:50 - [TEST_STEP][PASSED] - verifyElementNotVisible: Object 'Object Repository/Campaign_OR/label_Female' is NOT visible

2018-07-24 14:13:50 - [MESSAGE][PASSED] - Object 'Object Repository/Campaign_OR/label_Female' is NOT visible

2018-07-24 14:13:50 - [TEST_STEP][PASSED] - Statement - verifyDOB = false: null

2018-07-24 14:13:50 - [TEST_STEP][PASSED] - Statement - If (radioDOB.toLowerCase() == "true"): null

2018-07-24 14:13:50 - [TEST_STEP][PASSED] - Statement - If (verifyDOB == true): null

2018-07-24 14:13:50 - [TEST_STEP][PASSED] - Statement - Else If (verifyDOB == false): Object 'Object Repository/Campaign_OR/input_datepicker' is NOT visible

2018-07-24 14:13:50 - [TEST_STEP][PASSED] - Statement - If (com.kms.katalon.core.webui.keyword.WebUiBuiltInKeywords.verifyElementChecked(com.kms.katalon.core.testobject.ObjectRepository.findTestObject(Campaign_OR/Fields/g.checkbox_dob), 1, OPTIONAL)): Object 'Object Repository/Campaign_OR/Fields/g.checkbox_dob' is not checked

2018-07-24 14:13:50 - [MESSAGE][WARNING] - Object 'Object Repository/Campaign_OR/Fields/g.checkbox_dob' is not checked
[[ATTACHMENT|C:\\Users\\kl.chan\\Katalon Studio\\boldreward\\Reports\\TS_Create_Campaign\\TS001 Create Campaign with negative testing\\20180724_140922\\1532412830571.png]]

2018-07-24 14:13:50 - [TEST_STEP][PASSED] - Statement - Else: Object 'Object Repository/Campaign_OR/input_datepicker' is NOT visible

2018-07-24 14:13:50 - [TEST_STEP][PASSED] - verifyElementNotVisible: Object 'Object Repository/Campaign_OR/input_datepicker' is NOT visible

2018-07-24 14:13:50 - [MESSAGE][PASSED] - Object 'Object Repository/Campaign_OR/input_datepicker' is NOT visible

2018-07-24 14:13:50 - [TEST_STEP][PASSED] - Statement - filepath = "": null

2018-07-24 14:13:50 - [TEST_STEP][PASSED] - Statement - If (os == "Windows"): null

2018-07-24 14:13:50 - [TEST_STEP][PASSED] - Statement - filepath = campaignImagePath: null

2018-07-24 14:13:50 - [TEST_STEP][PASSED] - Statement - verifyImgName = "": null

2018-07-24 14:13:50 - [TEST_STEP][PASSED] - Statement - uploadedImg = false: null

2018-07-24 14:13:50 - [TEST_STEP][PASSED] - Statement - If (filepath.trim() != "" && campaignImage.trim() != ""): null

2018-07-24 14:13:50 - [TEST_STEP][PASSED] - sendKeys: Keys 'C:\Users\kl.chan\Katalon Studio\boldreward\Images\Campaign Image\starbucks copy.jpg' sent to object: 'Object Repository/Campaign_OR/Fields/h.button_campaign_image_1'

2018-07-24 14:13:50 - [MESSAGE][PASSED] - Keys 'C:\Users\kl.chan\Katalon Studio\boldreward\Images\Campaign Image\starbucks copy.jpg' sent to object: 'Object Repository/Campaign_OR/Fields/h.button_campaign_image_1'

2018-07-24 14:13:50 - [TEST_STEP][PASSED] - delay: Delayed 1 second(s)

2018-07-24 14:13:51 - [MESSAGE][PASSED] - Delayed 1 second(s)

2018-07-24 14:13:51 - [TEST_STEP][PASSED] - Statement - If (com.kms.katalon.core.webui.keyword.WebUiBuiltInKeywords.waitForElementVisible(com.kms.katalon.core.testobject.ObjectRepository.findTestObject(Campaign_OR/uploadedCampaignImg), 30)): null

2018-07-24 14:13:51 - [MESSAGE][PASSED] - Object 'Object Repository/Campaign_OR/uploadedCampaignImg' is visible

2018-07-24 14:13:51 - [TEST_STEP][PASSED] - Statement - verifyImgName = com.kms.katalon.core.webui.keyword.WebUiBuiltInKeywords.getText(com.kms.katalon.core.testobject.ObjectRepository.findTestObject(Campaign_OR/uploadedCampaignImg)): Text of object 'Object Repository/Campaign_OR/uploadedCampaignImg' is: 'starbucks copy.jpg'

2018-07-24 14:13:52 - [MESSAGE][PASSED] - Text of object 'Object Repository/Campaign_OR/uploadedCampaignImg' is: 'starbucks copy.jpg'

2018-07-24 14:13:52 - [TEST_STEP][PASSED] - Statement - If (verifyImgName.equals(campaignImage) == true): null

2018-07-24 14:13:52 - [TEST_STEP][PASSED] - Statement - uploadedImg = true: null

2018-07-24 14:13:52 - [TEST_STEP][PASSED] - setText: Text 'http://www.starbucks.com.my/' is set on object 'Object Repository/Campaign_OR/Fields/i.k.input_tnc'

2018-07-24 14:13:52 - [MESSAGE][PASSED] - Text 'http://www.starbucks.com.my/' is set on object 'Object Repository/Campaign_OR/Fields/i.k.input_tnc'

2018-07-24 14:13:52 - [TEST_STEP][PASSED] - setText: Text 'kl.chanNOkW@macrokiosk.com' is set on object 'Object Repository/Campaign_OR/Fields/j.input_sender'

2018-07-24 14:13:52 - [MESSAGE][PASSED] - Text 'kl.chanNOkW@macrokiosk.com' is set on object 'Object Repository/Campaign_OR/Fields/j.input_sender'

2018-07-24 14:13:52 - [TEST_STEP][PASSED] - setText: Text '' is set on object 'Object Repository/Campaign_OR/Fields/k.input_subject'

2018-07-24 14:13:52 - [MESSAGE][PASSED] - Text '' is set on object 'Object Repository/Campaign_OR/Fields/k.input_subject'

2018-07-24 14:13:52 - [TEST_STEP][PASSED] - setText: Text 'Hello User, Welcome to our Starbucks Reserve @ SIT. Come subscribe with us and redeem more rewards.NOkW' is set on object 'Object Repository/Campaign_OR/Fields/l.textarea_content'

2018-07-24 14:13:53 - [MESSAGE][PASSED] - Text 'Hello User, Welcome to our Starbucks Reserve @ SIT. Come subscribe with us and redeem more rewards.NOkW' is set on object 'Object Repository/Campaign_OR/Fields/l.textarea_content'

2018-07-24 14:13:53 - [TEST_STEP][PASSED] - Statement - filepath = "": null

2018-07-24 14:13:53 - [TEST_STEP][PASSED] - Statement - If (os == "Windows"): null

2018-07-24 14:13:53 - [TEST_STEP][PASSED] - Statement - filepath = companyLogoPath: null

2018-07-24 14:13:53 - [TEST_STEP][PASSED] - Statement - verifyImgName = "": null

2018-07-24 14:13:53 - [TEST_STEP][PASSED] - Statement - uploadedImg = false: null

2018-07-24 14:13:53 - [TEST_STEP][PASSED] - Statement - reuploadCount = 0: null

2018-07-24 14:13:53 - [TEST_STEP][PASSED] - Statement - If (filepath.trim() != "" && companyLogo.trim() != ""): null

2018-07-24 14:13:53 - [TEST_STEP][PASSED] - sendKeys: Keys 'C:\Users\kl.chan\Katalon Studio\boldreward\Images\Company Logo\starbucks logo.jpg' sent to object: 'Object Repository/Campaign_OR/Fields/m.button_company_logo_1'

2018-07-24 14:13:53 - [MESSAGE][PASSED] - Keys 'C:\Users\kl.chan\Katalon Studio\boldreward\Images\Company Logo\starbucks logo.jpg' sent to object: 'Object Repository/Campaign_OR/Fields/m.button_company_logo_1'

2018-07-24 14:13:53 - [TEST_STEP][PASSED] - delay: Delayed 1 second(s)

2018-07-24 14:13:54 - [MESSAGE][PASSED] - Delayed 1 second(s)

2018-07-24 14:13:54 - [TEST_STEP][PASSED] - Statement - If (com.kms.katalon.core.webui.keyword.WebUiBuiltInKeywords.waitForElementVisible(com.kms.katalon.core.testobject.ObjectRepository.findTestObject(Campaign_OR/uploadedCompanyLogo), 30)): null

2018-07-24 14:13:54 - [MESSAGE][PASSED] - Object 'Object Repository/Campaign_OR/uploadedCompanyLogo' is visible

2018-07-24 14:13:54 - [TEST_STEP][PASSED] - Statement - verifyImgName = com.kms.katalon.core.webui.keyword.WebUiBuiltInKeywords.getText(com.kms.katalon.core.testobject.ObjectRepository.findTestObject(Campaign_OR/uploadedCompanyLogo)): Text of object 'Object Repository/Campaign_OR/uploadedCompanyLogo' is: 'starbucks logo.jpg'

2018-07-24 14:13:54 - [MESSAGE][PASSED] - Text of object 'Object Repository/Campaign_OR/uploadedCompanyLogo' is: 'starbucks logo.jpg'

2018-07-24 14:13:54 - [TEST_STEP][PASSED] - Statement - If (verifyImgName.equals(companyLogo) == true): null

2018-07-24 14:13:54 - [TEST_STEP][PASSED] - Statement - uploadedImg = true: null

2018-07-24 14:13:54 - [TEST_STEP][PASSED] - Statement - If (rewardCode == true): null

2018-07-24 14:13:54 - [TEST_STEP][PASSED] - Statement - Else If (rewardCode == false): Object: 'Object Repository/Campaign_OR/Fields/n.label_No' is clicked on

2018-07-24 14:13:54 - [TEST_STEP][PASSED] - click: Object: 'Object Repository/Campaign_OR/Fields/n.label_No' is clicked on

2018-07-24 14:13:54 - [MESSAGE][PASSED] - Object: 'Object Repository/Campaign_OR/Fields/n.label_No' is clicked on

2018-07-24 14:13:54 - [TEST_STEP][PASSED] - verifyElementChecked: Object 'Object Repository/Campaign_OR/Fields/radio_No' is checked

2018-07-24 14:13:54 - [MESSAGE][PASSED] - Object 'Object Repository/Campaign_OR/Fields/radio_No' is checked

2018-07-24 14:13:54 - [TEST_STEP][PASSED] - verifyElementChecked: Object 'Object Repository/Campaign_OR/Fields/radio_Yes' is not checked

2018-07-24 14:13:55 - [MESSAGE][WARNING] - Object 'Object Repository/Campaign_OR/Fields/radio_Yes' is not checked
[[ATTACHMENT|C:\\Users\\kl.chan\\Katalon Studio\\boldreward\\Reports\\TS_Create_Campaign\\TS001 Create Campaign with negative testing\\20180724_140922\\1532412834881.png]]

2018-07-24 14:13:55 - [TEST_STEP][PASSED] - click: Object: 'Object Repository/Campaign_OR/button_Save' is clicked on

2018-07-24 14:13:55 - [MESSAGE][PASSED] - Object: 'Object Repository/Campaign_OR/button_Save' is clicked on

2018-07-24 14:13:55 - [TEST_STEP][PASSED] - delay: Delayed 2 second(s)

2018-07-24 14:13:57 - [MESSAGE][PASSED] - Delayed 2 second(s)

2018-07-24 14:13:57 - [MESSAGE][PASSED] - Call Test Case 'Test Cases/Merchant Portal/Campaign/Campagin Modules/create campaign' successfully

2018-07-24 14:13:57 - [TEST_STEP][PASSED] - Statement - updateFailed = false: null

2018-07-24 14:13:57 - [TEST_STEP][PASSED] - Statement - If (com.kms.katalon.core.webui.keyword.WebUiBuiltInKeywords.waitForElementVisible(com.kms.katalon.core.testobject.ObjectRepository.findTestObject(a.Not_Assigned_OR/alert_msg_top), 3)): null

2018-07-24 14:13:57 - [MESSAGE][PASSED] - Object 'Object Repository/a.Not_Assigned_OR/alert_msg_top' is visible

2018-07-24 14:13:57 - [TEST_STEP][PASSED] - Statement - verifyPopoutMsg = com.kms.katalon.core.webui.keyword.WebUiBuiltInKeywords.getText(com.kms.katalon.core.testobject.ObjectRepository.findTestObject(a.Not_Assigned_OR/alert_msg_top)): Text of object 'Object Repository/a.Not_Assigned_OR/alert_msg_top' is: 'Oops! Invalid inputs, please try again.'

2018-07-24 14:13:57 - [MESSAGE][PASSED] - Text of object 'Object Repository/a.Not_Assigned_OR/alert_msg_top' is: 'Oops! Invalid inputs, please try again.'

2018-07-24 14:13:57 - [TEST_STEP][PASSED] - Statement - If (verifyPopoutMsg.equals(msgServer) == true): null

2018-07-24 14:13:57 - [TEST_STEP][PASSED] - Statement - updateFailed = true: null

2018-07-24 14:13:57 - [TEST_STEP][PASSED] - Statement - updateSuccess = false: null

2018-07-24 14:13:57 - [TEST_STEP][PASSED] - Statement - If (com.kms.katalon.core.webui.keyword.WebUiBuiltInKeywords.waitForElementVisible(com.kms.katalon.core.testobject.ObjectRepository.findTestObject(Campaign_OR/Error Message/msg_edit_success), 3)): Web element with id: 'Object Repository/Campaign_OR/Error Message/msg_edit_success' located by 'By.xpath: id("errorMessage")/p[@class="error-block"]' not found

2018-07-24 14:14:00 - [MESSAGE][WARNING] - Web element with id: 'Object Repository/Campaign_OR/Error Message/msg_edit_success' located by 'By.xpath: id("errorMessage")/p[@class="error-block"]' not found

2018-07-24 14:14:00 - [TEST_STEP][PASSED] - Statement - createSuccess = false: null

2018-07-24 14:14:00 - [TEST_STEP][PASSED] - Statement - If (com.kms.katalon.core.webui.keyword.WebUiBuiltInKeywords.waitForElementVisible(com.kms.katalon.core.testobject.ObjectRepository.findTestObject(Home_OR/label_home), 3)): Web element with id: 'Object Repository/Home_OR/label_home' located by 'By.xpath: id("wrapper")/div[@class="content-page"]/div[@class="content"]/div[@class="ng-scope"]/div[@class="ng-scope"]/div[@class="page-heading"]/h1[1][count(. | //h1[(text() = ' Home' or . = ' Home')]) = count(//h1[(text() = ' Home' or . = ' Home')])]' not found

2018-07-24 14:14:03 - [MESSAGE][WARNING] - Web element with id: 'Object Repository/Home_OR/label_home' located by 'By.xpath: id("wrapper")/div[@class="content-page"]/div[@class="content"]/div[@class="ng-scope"]/div[@class="ng-scope"]/div[@class="page-heading"]/h1[1][count(. | //h1[(text() = ' Home' or . = ' Home')]) = count(//h1[(text() = ' Home' or . = ' Home')])]' not found

2018-07-24 14:14:03 - [TEST_STEP][PASSED] - Statement - If (updateSuccess == true): null

2018-07-24 14:14:03 - [TEST_STEP][PASSED] - Statement - Else If (updateFailed == true): null

2018-07-24 14:14:03 - [TEST_STEP][PASSED] - Statement - verifyError = false: null

2018-07-24 14:14:03 - [TEST_STEP][PASSED] - Statement - If (companyName.trim() == ""): null

2018-07-24 14:14:03 - [TEST_STEP][PASSED] - Statement - If (campaignInstruc.trim() == ""): null

2018-07-24 14:14:03 - [TEST_STEP][PASSED] - Statement - If (radioEmail.toLowerCase() == "false"): null

2018-07-24 14:14:03 - [TEST_STEP][PASSED] - Statement - campaignImgName = com.kms.katalon.core.webui.keyword.WebUiBuiltInKeywords.getText(com.kms.katalon.core.testobject.ObjectRepository.findTestObject(Campaign_OR/uploadedCampaignImg)): Text of object 'Object Repository/Campaign_OR/uploadedCampaignImg' is: 'starbucks copy.jpg'

2018-07-24 14:14:03 - [MESSAGE][PASSED] - Text of object 'Object Repository/Campaign_OR/uploadedCampaignImg' is: 'starbucks copy.jpg'

2018-07-24 14:14:03 - [TEST_STEP][PASSED] - Statement - If (campaignImgName == ""): null

2018-07-24 14:14:03 - [TEST_STEP][PASSED] - Statement - If (emailSender.trim() == ""): null

2018-07-24 14:14:03 - [TEST_STEP][PASSED] - Statement - If (emailSubject.trim() == ""): null

2018-07-24 14:14:03 - [TEST_STEP][PASSED] - verifyElementVisible: Object 'Object Repository/Campaign_OR/Error Message/msg_subject' is visible

2018-07-24 14:14:03 - [MESSAGE][PASSED] - Object 'Object Repository/Campaign_OR/Error Message/msg_subject' is visible

2018-07-24 14:14:03 - [TEST_STEP][PASSED] - Statement - verifyEmptySubject = com.kms.katalon.core.webui.keyword.WebUiBuiltInKeywords.getText(com.kms.katalon.core.testobject.ObjectRepository.findTestObject(Campaign_OR/Error Message/msg_subject)): Text of object 'Object Repository/Campaign_OR/Error Message/msg_subject' is: 'Please complete this field.'

2018-07-24 14:14:03 - [MESSAGE][PASSED] - Text of object 'Object Repository/Campaign_OR/Error Message/msg_subject' is: 'Please complete this field.'

2018-07-24 14:14:03 - [TEST_STEP][PASSED] - verifyMatch: Actual text 'Please complete this field.' and expected text 'Please complete this field.' are matched  using regular expression

2018-07-24 14:14:03 - [MESSAGE][PASSED] - Actual text 'Please complete this field.' and expected text 'Please complete this field.' are matched  using regular expression

2018-07-24 14:14:03 - [TEST_STEP][PASSED] - Statement - verifyError = true: null

2018-07-24 14:14:03 - [TEST_STEP][PASSED] - Statement - If (emailContent.trim() == ""): null

2018-07-24 14:14:03 - [TEST_STEP][PASSED] - Statement - companyLogoName = com.kms.katalon.core.webui.keyword.WebUiBuiltInKeywords.getText(com.kms.katalon.core.testobject.ObjectRepository.findTestObject(Campaign_OR/uploadedCompanyLogo)): Text of object 'Object Repository/Campaign_OR/uploadedCompanyLogo' is: 'starbucks logo.jpg'

2018-07-24 14:14:03 - [MESSAGE][PASSED] - Text of object 'Object Repository/Campaign_OR/uploadedCompanyLogo' is: 'starbucks logo.jpg'

2018-07-24 14:14:03 - [TEST_STEP][PASSED] - Statement - If (companyLogoName == ""): null

2018-07-24 14:14:03 - [TEST_STEP][PASSED] - Statement - If (com.kms.katalon.core.webui.keyword.WebUiBuiltInKeywords.waitForElementVisible(com.kms.katalon.core.testobject.ObjectRepository.findTestObject(Campaign_OR/Error Message/msg_cpgn_image2), 2)): Web element with id: 'Object Repository/Campaign_OR/Error Message/msg_cpgn_image2' located by 'By.xpath: id("campaignImage")/p[@class="error-block ng-binding"][count(. | //p[@class = 'error-block ng-binding' and @ng-hide = 'CC.errorImage == 200 || CC.errorImage == undefined']) = count(//p[@class = 'error-block ng-binding' and @ng-hide = 'CC.errorImage == 200 || CC.errorImage == undefined'])]' not found

2018-07-24 14:14:05 - [MESSAGE][WARNING] - Web element with id: 'Object Repository/Campaign_OR/Error Message/msg_cpgn_image2' located by 'By.xpath: id("campaignImage")/p[@class="error-block ng-binding"][count(. | //p[@class = 'error-block ng-binding' and @ng-hide = 'CC.errorImage == 200 || CC.errorImage == undefined']) = count(//p[@class = 'error-block ng-binding' and @ng-hide = 'CC.errorImage == 200 || CC.errorImage == undefined'])]' not found

2018-07-24 14:14:05 - [TEST_STEP][PASSED] - Statement - If (com.kms.katalon.core.webui.keyword.WebUiBuiltInKeywords.waitForElementVisible(com.kms.katalon.core.testobject.ObjectRepository.findTestObject(Campaign_OR/Error Message/msg_TCURL), 2)): Web element with id: 'Object Repository/Campaign_OR/Error Message/msg_TCURL' located by 'By.xpath: id("wrapper")/div[@class="content-page"]/div[@class="content"]/div[@class="ng-scope"]/div[@class="row ng-scope"]/div[@class="col-md-7"]/div[@class="widget"]/div[@class="widget-content padding"]/div[@class="form-horizontal"]/div[@class="form-group"]/div[@id="tncUrl"]/p[@class="error-block"][count(. | //p[(text() = 'Invalid format, please follow as http://wwww.example.com' or . = 'Invalid format, please follow as http://wwww.example.com')]) = count(//p[(text() = 'Invalid format, please follow as http://wwww.example.com' or . = 'Invalid format, please follow as http://wwww.example.com')])]' not found

2018-07-24 14:14:07 - [MESSAGE][WARNING] - Web element with id: 'Object Repository/Campaign_OR/Error Message/msg_TCURL' located by 'By.xpath: id("wrapper")/div[@class="content-page"]/div[@class="content"]/div[@class="ng-scope"]/div[@class="row ng-scope"]/div[@class="col-md-7"]/div[@class="widget"]/div[@class="widget-content padding"]/div[@class="form-horizontal"]/div[@class="form-group"]/div[@id="tncUrl"]/p[@class="error-block"][count(. | //p[(text() = 'Invalid format, please follow as http://wwww.example.com' or . = 'Invalid format, please follow as http://wwww.example.com')]) = count(//p[(text() = 'Invalid format, please follow as http://wwww.example.com' or . = 'Invalid format, please follow as http://wwww.example.com')])]' not found

2018-07-24 14:14:07 - [TEST_STEP][PASSED] - Statement - If (emailSender.trim() != ""): Web element with id: 'Object Repository/Campaign_OR/Error Message/msg_sender' located by 'By.xpath: id("emailSender")/p[@class="error-block"]' not found

2018-07-24 14:14:07 - [TEST_STEP][PASSED] - Statement - If (com.kms.katalon.core.webui.keyword.WebUiBuiltInKeywords.waitForElementVisible(com.kms.katalon.core.testobject.ObjectRepository.findTestObject(Campaign_OR/Error Message/msg_sender), 2)): Web element with id: 'Object Repository/Campaign_OR/Error Message/msg_sender' located by 'By.xpath: id("emailSender")/p[@class="error-block"]' not found

2018-07-24 14:14:09 - [MESSAGE][WARNING] - Web element with id: 'Object Repository/Campaign_OR/Error Message/msg_sender' located by 'By.xpath: id("emailSender")/p[@class="error-block"]' not found

2018-07-24 14:14:09 - [TEST_STEP][PASSED] - Statement - If (com.kms.katalon.core.webui.keyword.WebUiBuiltInKeywords.waitForElementVisible(com.kms.katalon.core.testobject.ObjectRepository.findTestObject(Campaign_OR/Error Message/msg_company_logo), 2)): Web element with id: 'Object Repository/Campaign_OR/Error Message/msg_company_logo' located by 'By.xpath: id("companyLogo")/p[@class="error-block ng-binding"][count(. | //p[@class = 'error-block ng-binding' and @ng-hide = 'CC.errorLogo == 200 || CC.errorLogo == undefined']) = count(//p[@class = 'error-block ng-binding' and @ng-hide = 'CC.errorLogo == 200 || CC.errorLogo == undefined'])]' not found

2018-07-24 14:14:11 - [MESSAGE][WARNING] - Web element with id: 'Object Repository/Campaign_OR/Error Message/msg_company_logo' located by 'By.xpath: id("companyLogo")/p[@class="error-block ng-binding"][count(. | //p[@class = 'error-block ng-binding' and @ng-hide = 'CC.errorLogo == 200 || CC.errorLogo == undefined']) = count(//p[@class = 'error-block ng-binding' and @ng-hide = 'CC.errorLogo == 200 || CC.errorLogo == undefined'])]' not found

2018-07-24 14:14:11 - [TEST_STEP][PASSED] - refresh: Refresh successfully

2018-07-24 14:14:12 - [MESSAGE][PASSED] - Refresh successfully

2018-07-24 14:14:12 - [TEST_STEP][PASSED] - Statement - If (verifyError == false): null]]></system-out>
         <system-err><![CDATA[]]></system-err>
      </testcase>
      <testcase name="Test Cases/Merchant Portal/Campaign/TC001 Campaign - verify all case" classname="Test Cases/Merchant Portal/Campaign/TC001 Campaign - verify all case" status="PASSED">
         <system-out><![CDATA[2018-07-24 14:14:12 - [TEST_CASE][PASSED] - Test Cases/Merchant Portal/Campaign/TC001 Campaign - verify all case: Test Cases/Merchant Portal/Campaign/TC001 Campaign - verify all case

2018-07-24 14:14:12 - [TEST_STEP][PASSED] - Statement - randomWords = CustomKeywords.randomWords.GenerateNumber.randomString(4): randomWords.GenerateNumber.randomString is PASSED

2018-07-24 14:14:12 - [MESSAGE][PASSED] - randomWords.GenerateNumber.randomString is PASSED

2018-07-24 14:14:12 - [TEST_STEP][PASSED] - Statement - If (companyName.trim() != ""): null

2018-07-24 14:14:12 - [TEST_STEP][PASSED] - Statement - companyName = companyName + randomWords: null

2018-07-24 14:14:12 - [TEST_STEP][PASSED] - Statement - If (campaignInstruc.trim() != ""): null

2018-07-24 14:14:12 - [TEST_STEP][PASSED] - Statement - campaignInstruc = campaignInstruc + randomWords: null

2018-07-24 14:14:12 - [TEST_STEP][PASSED] - Statement - If (emailSender.trim() != ""): null

2018-07-24 14:14:12 - [TEST_STEP][PASSED] - Statement - email = emailSender: null

2018-07-24 14:14:12 - [TEST_STEP][PASSED] - Statement - splitEmail = email.split("@"): null

2018-07-24 14:14:12 - [TEST_STEP][PASSED] - Statement - numb = length: null

2018-07-24 14:14:12 - [TEST_STEP][PASSED] - Statement - If (numb > 1): null

2018-07-24 14:14:12 - [TEST_STEP][PASSED] - Statement - emailSender = splitEmail[0] + randomWords + "@" + splitEmail[1]: null

2018-07-24 14:14:12 - [TEST_STEP][PASSED] - Statement - If (emailSubject.trim() != ""): null

2018-07-24 14:14:12 - [TEST_STEP][PASSED] - Statement - If (emailContent.trim() != ""): null

2018-07-24 14:14:12 - [TEST_STEP][PASSED] - Statement - emailContent = emailContent + randomWords: null

2018-07-24 14:14:12 - [TEST_STEP][PASSED] - callTestCase: Call Test Case 'Test Cases/Merchant Portal/Campaign/Campagin Modules/create campaign' successfully

2018-07-24 14:14:12 - [TEST_CASE][PASSED] - Test Cases/Merchant Portal/Campaign/Campagin Modules/create campaign: Test Cases/Merchant Portal/Campaign/Campagin Modules/create campaign

2018-07-24 14:14:12 - [TEST_STEP][PASSED] - Statement - osName = "": null

2018-07-24 14:14:12 - [TEST_STEP][PASSED] - Statement - osName = CustomKeywords.os.DetectOS.getOperatingSystem(osName): os.DetectOS.getOperatingSystem is PASSED

2018-07-24 14:14:12 - [MESSAGE][PASSED] - os.DetectOS.getOperatingSystem is PASSED

2018-07-24 14:14:12 - [TEST_STEP][PASSED] - Statement - splitString = osName.split(): null

2018-07-24 14:14:12 - [TEST_STEP][PASSED] - Statement - os = splitString[0].toString(): null

2018-07-24 14:14:12 - [TEST_STEP][PASSED] - Statement - If (loggedin == false): null

2018-07-24 14:14:12 - [TEST_STEP][PASSED] - Statement - If (accessModule == false): null

2018-07-24 14:14:12 - [TEST_STEP][PASSED] - delay: Delayed 5 second(s)

2018-07-24 14:14:17 - [MESSAGE][PASSED] - Delayed 5 second(s)

2018-07-24 14:14:17 - [TEST_STEP][PASSED] - setText: Text 'Starbucks Reserve Ltd3fA1' is set on object 'Object Repository/Campaign_OR/Fields/a.input_company_name'

2018-07-24 14:14:18 - [MESSAGE][PASSED] - Text 'Starbucks Reserve Ltd3fA1' is set on object 'Object Repository/Campaign_OR/Fields/a.input_company_name'

2018-07-24 14:14:18 - [TEST_STEP][PASSED] - setText: Text 'Please subscribe with us and redeem a free coffee. Come join us now!3fA1' is set on object 'Object Repository/Campaign_OR/Fields/b.textarea_campaign_instruction'

2018-07-24 14:14:18 - [MESSAGE][PASSED] - Text 'Please subscribe with us and redeem a free coffee. Come join us now!3fA1' is set on object 'Object Repository/Campaign_OR/Fields/b.textarea_campaign_instruction'

2018-07-24 14:14:18 - [TEST_STEP][PASSED] - Statement - verifyEmail = false: null

2018-07-24 14:14:18 - [TEST_STEP][PASSED] - Statement - If (radioEmail.toLowerCase() == "true"): null

2018-07-24 14:14:18 - [TEST_STEP][PASSED] - Statement - verifyEmail = true: null

2018-07-24 14:14:18 - [TEST_STEP][PASSED] - Statement - If (verifyEmail == true): Object 'Object Repository/Campaign_OR/input_email' is visible

2018-07-24 14:14:18 - [TEST_STEP][PASSED] - Statement - If (com.kms.katalon.core.webui.keyword.WebUiBuiltInKeywords.verifyElementNotChecked(com.kms.katalon.core.testobject.ObjectRepository.findTestObject(Campaign_OR/Fields/c.checkbox_email), 1, OPTIONAL)): Object 'Object Repository/Campaign_OR/input_email' is visible

2018-07-24 14:14:18 - [MESSAGE][PASSED] - Object 'Object Repository/Campaign_OR/Fields/c.checkbox_email' is not checked

2018-07-24 14:14:18 - [TEST_STEP][PASSED] - delay: Delayed 1 second(s)

2018-07-24 14:14:19 - [MESSAGE][PASSED] - Delayed 1 second(s)

2018-07-24 14:14:19 - [TEST_STEP][PASSED] - click: Object: 'Object Repository/Campaign_OR/Fields/c.checkbox_email' is clicked on

2018-07-24 14:14:19 - [MESSAGE][PASSED] - Object: 'Object Repository/Campaign_OR/Fields/c.checkbox_email' is clicked on

2018-07-24 14:14:19 - [TEST_STEP][PASSED] - verifyElementVisible: Object 'Object Repository/Campaign_OR/input_email' is visible

2018-07-24 14:14:19 - [MESSAGE][PASSED] - Object 'Object Repository/Campaign_OR/input_email' is visible

2018-07-24 14:14:19 - [TEST_STEP][PASSED] - Statement - verifyMobileno = false: null

2018-07-24 14:14:19 - [TEST_STEP][PASSED] - Statement - If (radioMobileno.toLowerCase() == "true"): null

2018-07-24 14:14:19 - [TEST_STEP][PASSED] - Statement - If (verifyMobileno == true): null

2018-07-24 14:14:19 - [TEST_STEP][PASSED] - Statement - Else If (verifyMobileno == false): Object 'Object Repository/Campaign_OR/input_mobileno' is NOT visible

2018-07-24 14:14:19 - [TEST_STEP][PASSED] - Statement - If (com.kms.katalon.core.webui.keyword.WebUiBuiltInKeywords.verifyElementChecked(com.kms.katalon.core.testobject.ObjectRepository.findTestObject(Campaign_OR/Fields/d.checkbox_mobile_number), 1, OPTIONAL)): Object 'Object Repository/Campaign_OR/Fields/d.checkbox_mobile_number' is not checked

2018-07-24 14:14:19 - [MESSAGE][WARNING] - Object 'Object Repository/Campaign_OR/Fields/d.checkbox_mobile_number' is not checked
[[ATTACHMENT|C:\\Users\\kl.chan\\Katalon Studio\\boldreward\\Reports\\TS_Create_Campaign\\TS001 Create Campaign with negative testing\\20180724_140922\\1532412859621.png]]

2018-07-24 14:14:19 - [TEST_STEP][PASSED] - Statement - Else: Object 'Object Repository/Campaign_OR/input_mobileno' is NOT visible

2018-07-24 14:14:19 - [TEST_STEP][PASSED] - verifyElementNotVisible: Object 'Object Repository/Campaign_OR/input_mobileno' is NOT visible

2018-07-24 14:14:19 - [MESSAGE][PASSED] - Object 'Object Repository/Campaign_OR/input_mobileno' is NOT visible

2018-07-24 14:14:19 - [TEST_STEP][PASSED] - Statement - verifyName = false: null

2018-07-24 14:14:19 - [TEST_STEP][PASSED] - Statement - If (radioName.toLowerCase() == "true"): null

2018-07-24 14:14:19 - [TEST_STEP][PASSED] - Statement - If (verifyName == true): null

2018-07-24 14:14:19 - [TEST_STEP][PASSED] - Statement - Else If (verifyName == false): Object 'Object Repository/Campaign_OR/input_name' is NOT visible

2018-07-24 14:14:19 - [TEST_STEP][PASSED] - Statement - If (com.kms.katalon.core.webui.keyword.WebUiBuiltInKeywords.verifyElementChecked(com.kms.katalon.core.testobject.ObjectRepository.findTestObject(Campaign_OR/Fields/e.checkbox_name), 1, OPTIONAL)): Object 'Object Repository/Campaign_OR/Fields/e.checkbox_name' is not checked

2018-07-24 14:14:20 - [MESSAGE][WARNING] - Object 'Object Repository/Campaign_OR/Fields/e.checkbox_name' is not checked
[[ATTACHMENT|C:\\Users\\kl.chan\\Katalon Studio\\boldreward\\Reports\\TS_Create_Campaign\\TS001 Create Campaign with negative testing\\20180724_140922\\1532412859931.png]]

2018-07-24 14:14:20 - [TEST_STEP][PASSED] - Statement - Else: Object 'Object Repository/Campaign_OR/input_name' is NOT visible

2018-07-24 14:14:20 - [TEST_STEP][PASSED] - verifyElementNotVisible: Object 'Object Repository/Campaign_OR/input_name' is NOT visible

2018-07-24 14:14:20 - [MESSAGE][PASSED] - Object 'Object Repository/Campaign_OR/input_name' is NOT visible

2018-07-24 14:14:20 - [TEST_STEP][PASSED] - Statement - verifyGender = false: null

2018-07-24 14:14:20 - [TEST_STEP][PASSED] - Statement - If (radioGender.toLowerCase() == "true"): null

2018-07-24 14:14:20 - [TEST_STEP][PASSED] - Statement - If (verifyGender == true): null

2018-07-24 14:14:20 - [TEST_STEP][PASSED] - Statement - Else If (verifyGender == false): Object 'Object Repository/Campaign_OR/label_Female' is NOT visible

2018-07-24 14:14:20 - [TEST_STEP][PASSED] - Statement - If (com.kms.katalon.core.webui.keyword.WebUiBuiltInKeywords.verifyElementChecked(com.kms.katalon.core.testobject.ObjectRepository.findTestObject(Campaign_OR/Fields/f.checkbox_gender), 1, OPTIONAL)): Object 'Object Repository/Campaign_OR/Fields/f.checkbox_gender' is not checked

2018-07-24 14:14:20 - [MESSAGE][WARNING] - Object 'Object Repository/Campaign_OR/Fields/f.checkbox_gender' is not checked
[[ATTACHMENT|C:\\Users\\kl.chan\\Katalon Studio\\boldreward\\Reports\\TS_Create_Campaign\\TS001 Create Campaign with negative testing\\20180724_140922\\1532412860224.png]]

2018-07-24 14:14:20 - [TEST_STEP][PASSED] - Statement - Else: Object 'Object Repository/Campaign_OR/label_Female' is NOT visible

2018-07-24 14:14:20 - [TEST_STEP][PASSED] - verifyElementNotVisible: Object 'Object Repository/Campaign_OR/label_Male' is NOT visible

2018-07-24 14:14:20 - [MESSAGE][PASSED] - Object 'Object Repository/Campaign_OR/label_Male' is NOT visible

2018-07-24 14:14:20 - [TEST_STEP][PASSED] - verifyElementNotVisible: Object 'Object Repository/Campaign_OR/label_Female' is NOT visible

2018-07-24 14:14:20 - [MESSAGE][PASSED] - Object 'Object Repository/Campaign_OR/label_Female' is NOT visible

2018-07-24 14:14:20 - [TEST_STEP][PASSED] - Statement - verifyDOB = false: null

2018-07-24 14:14:20 - [TEST_STEP][PASSED] - Statement - If (radioDOB.toLowerCase() == "true"): null

2018-07-24 14:14:20 - [TEST_STEP][PASSED] - Statement - If (verifyDOB == true): null

2018-07-24 14:14:20 - [TEST_STEP][PASSED] - Statement - Else If (verifyDOB == false): Object 'Object Repository/Campaign_OR/input_datepicker' is NOT visible

2018-07-24 14:14:20 - [TEST_STEP][PASSED] - Statement - If (com.kms.katalon.core.webui.keyword.WebUiBuiltInKeywords.verifyElementChecked(com.kms.katalon.core.testobject.ObjectRepository.findTestObject(Campaign_OR/Fields/g.checkbox_dob), 1, OPTIONAL)): Object 'Object Repository/Campaign_OR/Fields/g.checkbox_dob' is not checked

2018-07-24 14:14:20 - [MESSAGE][WARNING] - Object 'Object Repository/Campaign_OR/Fields/g.checkbox_dob' is not checked
[[ATTACHMENT|C:\\Users\\kl.chan\\Katalon Studio\\boldreward\\Reports\\TS_Create_Campaign\\TS001 Create Campaign with negative testing\\20180724_140922\\1532412860537.png]]

2018-07-24 14:14:20 - [TEST_STEP][PASSED] - Statement - Else: Object 'Object Repository/Campaign_OR/input_datepicker' is NOT visible

2018-07-24 14:14:20 - [TEST_STEP][PASSED] - verifyElementNotVisible: Object 'Object Repository/Campaign_OR/input_datepicker' is NOT visible

2018-07-24 14:14:20 - [MESSAGE][PASSED] - Object 'Object Repository/Campaign_OR/input_datepicker' is NOT visible

2018-07-24 14:14:20 - [TEST_STEP][PASSED] - Statement - filepath = "": null

2018-07-24 14:14:20 - [TEST_STEP][PASSED] - Statement - If (os == "Windows"): null

2018-07-24 14:14:20 - [TEST_STEP][PASSED] - Statement - filepath = campaignImagePath: null

2018-07-24 14:14:20 - [TEST_STEP][PASSED] - Statement - verifyImgName = "": null

2018-07-24 14:14:20 - [TEST_STEP][PASSED] - Statement - uploadedImg = false: null

2018-07-24 14:14:20 - [TEST_STEP][PASSED] - Statement - If (filepath.trim() != "" && campaignImage.trim() != ""): null

2018-07-24 14:14:20 - [TEST_STEP][PASSED] - sendKeys: Keys 'C:\Users\kl.chan\Katalon Studio\boldreward\Images\Campaign Image\starbucks copy.jpg' sent to object: 'Object Repository/Campaign_OR/Fields/h.button_campaign_image_1'

2018-07-24 14:14:20 - [MESSAGE][PASSED] - Keys 'C:\Users\kl.chan\Katalon Studio\boldreward\Images\Campaign Image\starbucks copy.jpg' sent to object: 'Object Repository/Campaign_OR/Fields/h.button_campaign_image_1'

2018-07-24 14:14:20 - [TEST_STEP][PASSED] - delay: Delayed 1 second(s)

2018-07-24 14:14:21 - [MESSAGE][PASSED] - Delayed 1 second(s)

2018-07-24 14:14:21 - [TEST_STEP][PASSED] - Statement - If (com.kms.katalon.core.webui.keyword.WebUiBuiltInKeywords.waitForElementVisible(com.kms.katalon.core.testobject.ObjectRepository.findTestObject(Campaign_OR/uploadedCampaignImg), 30)): null

2018-07-24 14:14:21 - [MESSAGE][PASSED] - Object 'Object Repository/Campaign_OR/uploadedCampaignImg' is visible

2018-07-24 14:14:21 - [TEST_STEP][PASSED] - Statement - verifyImgName = com.kms.katalon.core.webui.keyword.WebUiBuiltInKeywords.getText(com.kms.katalon.core.testobject.ObjectRepository.findTestObject(Campaign_OR/uploadedCampaignImg)): Text of object 'Object Repository/Campaign_OR/uploadedCampaignImg' is: 'starbucks copy.jpg'

2018-07-24 14:14:21 - [MESSAGE][PASSED] - Text of object 'Object Repository/Campaign_OR/uploadedCampaignImg' is: 'starbucks copy.jpg'

2018-07-24 14:14:21 - [TEST_STEP][PASSED] - Statement - If (verifyImgName.equals(campaignImage) == true): null

2018-07-24 14:14:21 - [TEST_STEP][PASSED] - Statement - uploadedImg = true: null

2018-07-24 14:14:21 - [TEST_STEP][PASSED] - setText: Text 'http://www.starbucks.com.my/' is set on object 'Object Repository/Campaign_OR/Fields/i.k.input_tnc'

2018-07-24 14:14:22 - [MESSAGE][PASSED] - Text 'http://www.starbucks.com.my/' is set on object 'Object Repository/Campaign_OR/Fields/i.k.input_tnc'

2018-07-24 14:14:22 - [TEST_STEP][PASSED] - setText: Text 'kl.chan3fA1@macrokiosk.com' is set on object 'Object Repository/Campaign_OR/Fields/j.input_sender'

2018-07-24 14:14:22 - [MESSAGE][PASSED] - Text 'kl.chan3fA1@macrokiosk.com' is set on object 'Object Repository/Campaign_OR/Fields/j.input_sender'

2018-07-24 14:14:22 - [TEST_STEP][PASSED] - setText: Text ' ' is set on object 'Object Repository/Campaign_OR/Fields/k.input_subject'

2018-07-24 14:14:22 - [MESSAGE][PASSED] - Text ' ' is set on object 'Object Repository/Campaign_OR/Fields/k.input_subject'

2018-07-24 14:14:22 - [TEST_STEP][PASSED] - setText: Text 'Hello User, Welcome to our Starbucks Reserve @ SIT. Come subscribe with us and redeem more rewards.3fA1' is set on object 'Object Repository/Campaign_OR/Fields/l.textarea_content'

2018-07-24 14:14:23 - [MESSAGE][PASSED] - Text 'Hello User, Welcome to our Starbucks Reserve @ SIT. Come subscribe with us and redeem more rewards.3fA1' is set on object 'Object Repository/Campaign_OR/Fields/l.textarea_content'

2018-07-24 14:14:23 - [TEST_STEP][PASSED] - Statement - filepath = "": null

2018-07-24 14:14:23 - [TEST_STEP][PASSED] - Statement - If (os == "Windows"): null

2018-07-24 14:14:23 - [TEST_STEP][PASSED] - Statement - filepath = companyLogoPath: null

2018-07-24 14:14:23 - [TEST_STEP][PASSED] - Statement - verifyImgName = "": null

2018-07-24 14:14:23 - [TEST_STEP][PASSED] - Statement - uploadedImg = false: null

2018-07-24 14:14:23 - [TEST_STEP][PASSED] - Statement - reuploadCount = 0: null

2018-07-24 14:14:23 - [TEST_STEP][PASSED] - Statement - If (filepath.trim() != "" && companyLogo.trim() != ""): null

2018-07-24 14:14:23 - [TEST_STEP][PASSED] - sendKeys: Keys 'C:\Users\kl.chan\Katalon Studio\boldreward\Images\Company Logo\starbucks logo.jpg' sent to object: 'Object Repository/Campaign_OR/Fields/m.button_company_logo_1'

2018-07-24 14:14:23 - [MESSAGE][PASSED] - Keys 'C:\Users\kl.chan\Katalon Studio\boldreward\Images\Company Logo\starbucks logo.jpg' sent to object: 'Object Repository/Campaign_OR/Fields/m.button_company_logo_1'

2018-07-24 14:14:23 - [TEST_STEP][PASSED] - delay: Delayed 1 second(s)

2018-07-24 14:14:24 - [MESSAGE][PASSED] - Delayed 1 second(s)

2018-07-24 14:14:24 - [TEST_STEP][PASSED] - Statement - If (com.kms.katalon.core.webui.keyword.WebUiBuiltInKeywords.waitForElementVisible(com.kms.katalon.core.testobject.ObjectRepository.findTestObject(Campaign_OR/uploadedCompanyLogo), 30)): null

2018-07-24 14:14:24 - [MESSAGE][PASSED] - Object 'Object Repository/Campaign_OR/uploadedCompanyLogo' is visible

2018-07-24 14:14:24 - [TEST_STEP][PASSED] - Statement - verifyImgName = com.kms.katalon.core.webui.keyword.WebUiBuiltInKeywords.getText(com.kms.katalon.core.testobject.ObjectRepository.findTestObject(Campaign_OR/uploadedCompanyLogo)): Text of object 'Object Repository/Campaign_OR/uploadedCompanyLogo' is: 'starbucks logo.jpg'

2018-07-24 14:14:24 - [MESSAGE][PASSED] - Text of object 'Object Repository/Campaign_OR/uploadedCompanyLogo' is: 'starbucks logo.jpg'

2018-07-24 14:14:24 - [TEST_STEP][PASSED] - Statement - If (verifyImgName.equals(companyLogo) == true): null

2018-07-24 14:14:24 - [TEST_STEP][PASSED] - Statement - uploadedImg = true: null

2018-07-24 14:14:24 - [TEST_STEP][PASSED] - Statement - If (rewardCode == true): null

2018-07-24 14:14:24 - [TEST_STEP][PASSED] - Statement - Else If (rewardCode == false): Object: 'Object Repository/Campaign_OR/Fields/n.label_No' is clicked on

2018-07-24 14:14:24 - [TEST_STEP][PASSED] - click: Object: 'Object Repository/Campaign_OR/Fields/n.label_No' is clicked on

2018-07-24 14:14:24 - [MESSAGE][PASSED] - Object: 'Object Repository/Campaign_OR/Fields/n.label_No' is clicked on

2018-07-24 14:14:24 - [TEST_STEP][PASSED] - verifyElementChecked: Object 'Object Repository/Campaign_OR/Fields/radio_No' is checked

2018-07-24 14:14:24 - [MESSAGE][PASSED] - Object 'Object Repository/Campaign_OR/Fields/radio_No' is checked

2018-07-24 14:14:24 - [TEST_STEP][PASSED] - verifyElementChecked: Object 'Object Repository/Campaign_OR/Fields/radio_Yes' is not checked

2018-07-24 14:14:24 - [MESSAGE][WARNING] - Object 'Object Repository/Campaign_OR/Fields/radio_Yes' is not checked
[[ATTACHMENT|C:\\Users\\kl.chan\\Katalon Studio\\boldreward\\Reports\\TS_Create_Campaign\\TS001 Create Campaign with negative testing\\20180724_140922\\1532412864349.png]]

2018-07-24 14:14:24 - [TEST_STEP][PASSED] - click: Object: 'Object Repository/Campaign_OR/button_Save' is clicked on

2018-07-24 14:14:24 - [MESSAGE][PASSED] - Object: 'Object Repository/Campaign_OR/button_Save' is clicked on

2018-07-24 14:14:24 - [TEST_STEP][PASSED] - delay: Delayed 2 second(s)

2018-07-24 14:14:26 - [MESSAGE][PASSED] - Delayed 2 second(s)

2018-07-24 14:14:26 - [MESSAGE][PASSED] - Call Test Case 'Test Cases/Merchant Portal/Campaign/Campagin Modules/create campaign' successfully

2018-07-24 14:14:26 - [TEST_STEP][PASSED] - Statement - updateFailed = false: null

2018-07-24 14:14:26 - [TEST_STEP][PASSED] - Statement - If (com.kms.katalon.core.webui.keyword.WebUiBuiltInKeywords.waitForElementVisible(com.kms.katalon.core.testobject.ObjectRepository.findTestObject(a.Not_Assigned_OR/alert_msg_top), 3)): null

2018-07-24 14:14:26 - [MESSAGE][PASSED] - Object 'Object Repository/a.Not_Assigned_OR/alert_msg_top' is visible

2018-07-24 14:14:26 - [TEST_STEP][PASSED] - Statement - verifyPopoutMsg = com.kms.katalon.core.webui.keyword.WebUiBuiltInKeywords.getText(com.kms.katalon.core.testobject.ObjectRepository.findTestObject(a.Not_Assigned_OR/alert_msg_top)): Text of object 'Object Repository/a.Not_Assigned_OR/alert_msg_top' is: 'Oops! Invalid inputs, please try again.'

2018-07-24 14:14:26 - [MESSAGE][PASSED] - Text of object 'Object Repository/a.Not_Assigned_OR/alert_msg_top' is: 'Oops! Invalid inputs, please try again.'

2018-07-24 14:14:26 - [TEST_STEP][PASSED] - Statement - If (verifyPopoutMsg.equals(msgServer) == true): null

2018-07-24 14:14:26 - [TEST_STEP][PASSED] - Statement - updateFailed = true: null

2018-07-24 14:14:26 - [TEST_STEP][PASSED] - Statement - updateSuccess = false: null

2018-07-24 14:14:26 - [TEST_STEP][PASSED] - Statement - If (com.kms.katalon.core.webui.keyword.WebUiBuiltInKeywords.waitForElementVisible(com.kms.katalon.core.testobject.ObjectRepository.findTestObject(Campaign_OR/Error Message/msg_edit_success), 3)): Web element with id: 'Object Repository/Campaign_OR/Error Message/msg_edit_success' located by 'By.xpath: id("errorMessage")/p[@class="error-block"]' not found

2018-07-24 14:14:29 - [MESSAGE][WARNING] - Web element with id: 'Object Repository/Campaign_OR/Error Message/msg_edit_success' located by 'By.xpath: id("errorMessage")/p[@class="error-block"]' not found

2018-07-24 14:14:29 - [TEST_STEP][PASSED] - Statement - createSuccess = false: null

2018-07-24 14:14:29 - [TEST_STEP][PASSED] - Statement - If (com.kms.katalon.core.webui.keyword.WebUiBuiltInKeywords.waitForElementVisible(com.kms.katalon.core.testobject.ObjectRepository.findTestObject(Home_OR/label_home), 3)): Web element with id: 'Object Repository/Home_OR/label_home' located by 'By.xpath: id("wrapper")/div[@class="content-page"]/div[@class="content"]/div[@class="ng-scope"]/div[@class="ng-scope"]/div[@class="page-heading"]/h1[1][count(. | //h1[(text() = ' Home' or . = ' Home')]) = count(//h1[(text() = ' Home' or . = ' Home')])]' not found

2018-07-24 14:14:32 - [MESSAGE][WARNING] - Web element with id: 'Object Repository/Home_OR/label_home' located by 'By.xpath: id("wrapper")/div[@class="content-page"]/div[@class="content"]/div[@class="ng-scope"]/div[@class="ng-scope"]/div[@class="page-heading"]/h1[1][count(. | //h1[(text() = ' Home' or . = ' Home')]) = count(//h1[(text() = ' Home' or . = ' Home')])]' not found

2018-07-24 14:14:32 - [TEST_STEP][PASSED] - Statement - If (updateSuccess == true): null

2018-07-24 14:14:32 - [TEST_STEP][PASSED] - Statement - Else If (updateFailed == true): null

2018-07-24 14:14:32 - [TEST_STEP][PASSED] - Statement - verifyError = false: null

2018-07-24 14:14:32 - [TEST_STEP][PASSED] - Statement - If (companyName.trim() == ""): null

2018-07-24 14:14:32 - [TEST_STEP][PASSED] - Statement - If (campaignInstruc.trim() == ""): null

2018-07-24 14:14:32 - [TEST_STEP][PASSED] - Statement - If (radioEmail.toLowerCase() == "false"): null

2018-07-24 14:14:32 - [TEST_STEP][PASSED] - Statement - campaignImgName = com.kms.katalon.core.webui.keyword.WebUiBuiltInKeywords.getText(com.kms.katalon.core.testobject.ObjectRepository.findTestObject(Campaign_OR/uploadedCampaignImg)): Text of object 'Object Repository/Campaign_OR/uploadedCampaignImg' is: 'starbucks copy.jpg'

2018-07-24 14:14:32 - [MESSAGE][PASSED] - Text of object 'Object Repository/Campaign_OR/uploadedCampaignImg' is: 'starbucks copy.jpg'

2018-07-24 14:14:32 - [TEST_STEP][PASSED] - Statement - If (campaignImgName == ""): null

2018-07-24 14:14:32 - [TEST_STEP][PASSED] - Statement - If (emailSender.trim() == ""): null

2018-07-24 14:14:32 - [TEST_STEP][PASSED] - Statement - If (emailSubject.trim() == ""): null

2018-07-24 14:14:32 - [TEST_STEP][PASSED] - verifyElementVisible: Object 'Object Repository/Campaign_OR/Error Message/msg_subject' is visible

2018-07-24 14:14:32 - [MESSAGE][PASSED] - Object 'Object Repository/Campaign_OR/Error Message/msg_subject' is visible

2018-07-24 14:14:32 - [TEST_STEP][PASSED] - Statement - verifyEmptySubject = com.kms.katalon.core.webui.keyword.WebUiBuiltInKeywords.getText(com.kms.katalon.core.testobject.ObjectRepository.findTestObject(Campaign_OR/Error Message/msg_subject)): Text of object 'Object Repository/Campaign_OR/Error Message/msg_subject' is: 'Please complete this field.'

2018-07-24 14:14:32 - [MESSAGE][PASSED] - Text of object 'Object Repository/Campaign_OR/Error Message/msg_subject' is: 'Please complete this field.'

2018-07-24 14:14:32 - [TEST_STEP][PASSED] - verifyMatch: Actual text 'Please complete this field.' and expected text 'Please complete this field.' are matched  using regular expression

2018-07-24 14:14:32 - [MESSAGE][PASSED] - Actual text 'Please complete this field.' and expected text 'Please complete this field.' are matched  using regular expression

2018-07-24 14:14:32 - [TEST_STEP][PASSED] - Statement - verifyError = true: null

2018-07-24 14:14:32 - [TEST_STEP][PASSED] - Statement - If (emailContent.trim() == ""): null

2018-07-24 14:14:32 - [TEST_STEP][PASSED] - Statement - companyLogoName = com.kms.katalon.core.webui.keyword.WebUiBuiltInKeywords.getText(com.kms.katalon.core.testobject.ObjectRepository.findTestObject(Campaign_OR/uploadedCompanyLogo)): Text of object 'Object Repository/Campaign_OR/uploadedCompanyLogo' is: 'starbucks logo.jpg'

2018-07-24 14:14:32 - [MESSAGE][PASSED] - Text of object 'Object Repository/Campaign_OR/uploadedCompanyLogo' is: 'starbucks logo.jpg'

2018-07-24 14:14:32 - [TEST_STEP][PASSED] - Statement - If (companyLogoName == ""): null

2018-07-24 14:14:32 - [TEST_STEP][PASSED] - Statement - If (com.kms.katalon.core.webui.keyword.WebUiBuiltInKeywords.waitForElementVisible(com.kms.katalon.core.testobject.ObjectRepository.findTestObject(Campaign_OR/Error Message/msg_cpgn_image2), 2)): Web element with id: 'Object Repository/Campaign_OR/Error Message/msg_cpgn_image2' located by 'By.xpath: id("campaignImage")/p[@class="error-block ng-binding"][count(. | //p[@class = 'error-block ng-binding' and @ng-hide = 'CC.errorImage == 200 || CC.errorImage == undefined']) = count(//p[@class = 'error-block ng-binding' and @ng-hide = 'CC.errorImage == 200 || CC.errorImage == undefined'])]' not found

2018-07-24 14:14:35 - [MESSAGE][WARNING] - Web element with id: 'Object Repository/Campaign_OR/Error Message/msg_cpgn_image2' located by 'By.xpath: id("campaignImage")/p[@class="error-block ng-binding"][count(. | //p[@class = 'error-block ng-binding' and @ng-hide = 'CC.errorImage == 200 || CC.errorImage == undefined']) = count(//p[@class = 'error-block ng-binding' and @ng-hide = 'CC.errorImage == 200 || CC.errorImage == undefined'])]' not found

2018-07-24 14:14:35 - [TEST_STEP][PASSED] - Statement - If (com.kms.katalon.core.webui.keyword.WebUiBuiltInKeywords.waitForElementVisible(com.kms.katalon.core.testobject.ObjectRepository.findTestObject(Campaign_OR/Error Message/msg_TCURL), 2)): Web element with id: 'Object Repository/Campaign_OR/Error Message/msg_TCURL' located by 'By.xpath: id("wrapper")/div[@class="content-page"]/div[@class="content"]/div[@class="ng-scope"]/div[@class="row ng-scope"]/div[@class="col-md-7"]/div[@class="widget"]/div[@class="widget-content padding"]/div[@class="form-horizontal"]/div[@class="form-group"]/div[@id="tncUrl"]/p[@class="error-block"][count(. | //p[(text() = 'Invalid format, please follow as http://wwww.example.com' or . = 'Invalid format, please follow as http://wwww.example.com')]) = count(//p[(text() = 'Invalid format, please follow as http://wwww.example.com' or . = 'Invalid format, please follow as http://wwww.example.com')])]' not found

2018-07-24 14:14:37 - [MESSAGE][WARNING] - Web element with id: 'Object Repository/Campaign_OR/Error Message/msg_TCURL' located by 'By.xpath: id("wrapper")/div[@class="content-page"]/div[@class="content"]/div[@class="ng-scope"]/div[@class="row ng-scope"]/div[@class="col-md-7"]/div[@class="widget"]/div[@class="widget-content padding"]/div[@class="form-horizontal"]/div[@class="form-group"]/div[@id="tncUrl"]/p[@class="error-block"][count(. | //p[(text() = 'Invalid format, please follow as http://wwww.example.com' or . = 'Invalid format, please follow as http://wwww.example.com')]) = count(//p[(text() = 'Invalid format, please follow as http://wwww.example.com' or . = 'Invalid format, please follow as http://wwww.example.com')])]' not found

2018-07-24 14:14:37 - [TEST_STEP][PASSED] - Statement - If (emailSender.trim() != ""): Web element with id: 'Object Repository/Campaign_OR/Error Message/msg_sender' located by 'By.xpath: id("emailSender")/p[@class="error-block"]' not found

2018-07-24 14:14:37 - [TEST_STEP][PASSED] - Statement - If (com.kms.katalon.core.webui.keyword.WebUiBuiltInKeywords.waitForElementVisible(com.kms.katalon.core.testobject.ObjectRepository.findTestObject(Campaign_OR/Error Message/msg_sender), 2)): Web element with id: 'Object Repository/Campaign_OR/Error Message/msg_sender' located by 'By.xpath: id("emailSender")/p[@class="error-block"]' not found

2018-07-24 14:14:39 - [MESSAGE][WARNING] - Web element with id: 'Object Repository/Campaign_OR/Error Message/msg_sender' located by 'By.xpath: id("emailSender")/p[@class="error-block"]' not found

2018-07-24 14:14:39 - [TEST_STEP][PASSED] - Statement - If (com.kms.katalon.core.webui.keyword.WebUiBuiltInKeywords.waitForElementVisible(com.kms.katalon.core.testobject.ObjectRepository.findTestObject(Campaign_OR/Error Message/msg_company_logo), 2)): Web element with id: 'Object Repository/Campaign_OR/Error Message/msg_company_logo' located by 'By.xpath: id("companyLogo")/p[@class="error-block ng-binding"][count(. | //p[@class = 'error-block ng-binding' and @ng-hide = 'CC.errorLogo == 200 || CC.errorLogo == undefined']) = count(//p[@class = 'error-block ng-binding' and @ng-hide = 'CC.errorLogo == 200 || CC.errorLogo == undefined'])]' not found

2018-07-24 14:14:41 - [MESSAGE][WARNING] - Web element with id: 'Object Repository/Campaign_OR/Error Message/msg_company_logo' located by 'By.xpath: id("companyLogo")/p[@class="error-block ng-binding"][count(. | //p[@class = 'error-block ng-binding' and @ng-hide = 'CC.errorLogo == 200 || CC.errorLogo == undefined']) = count(//p[@class = 'error-block ng-binding' and @ng-hide = 'CC.errorLogo == 200 || CC.errorLogo == undefined'])]' not found

2018-07-24 14:14:41 - [TEST_STEP][PASSED] - refresh: Refresh successfully

2018-07-24 14:14:41 - [MESSAGE][PASSED] - Refresh successfully

2018-07-24 14:14:41 - [TEST_STEP][PASSED] - Statement - If (verifyError == false): null]]></system-out>
         <system-err><![CDATA[]]></system-err>
      </testcase>
      <testcase name="Test Cases/Merchant Portal/Campaign/TC001 Campaign - verify all case" classname="Test Cases/Merchant Portal/Campaign/TC001 Campaign - verify all case" status="PASSED">
         <system-out><![CDATA[2018-07-24 14:14:41 - [TEST_CASE][PASSED] - Test Cases/Merchant Portal/Campaign/TC001 Campaign - verify all case: Test Cases/Merchant Portal/Campaign/TC001 Campaign - verify all case

2018-07-24 14:14:41 - [TEST_STEP][PASSED] - Statement - randomWords = CustomKeywords.randomWords.GenerateNumber.randomString(4): randomWords.GenerateNumber.randomString is PASSED

2018-07-24 14:14:41 - [MESSAGE][PASSED] - randomWords.GenerateNumber.randomString is PASSED

2018-07-24 14:14:41 - [TEST_STEP][PASSED] - Statement - If (companyName.trim() != ""): null

2018-07-24 14:14:41 - [TEST_STEP][PASSED] - Statement - companyName = companyName + randomWords: null

2018-07-24 14:14:41 - [TEST_STEP][PASSED] - Statement - If (campaignInstruc.trim() != ""): null

2018-07-24 14:14:41 - [TEST_STEP][PASSED] - Statement - campaignInstruc = campaignInstruc + randomWords: null

2018-07-24 14:14:41 - [TEST_STEP][PASSED] - Statement - If (emailSender.trim() != ""): null

2018-07-24 14:14:41 - [TEST_STEP][PASSED] - Statement - email = emailSender: null

2018-07-24 14:14:41 - [TEST_STEP][PASSED] - Statement - splitEmail = email.split("@"): null

2018-07-24 14:14:41 - [TEST_STEP][PASSED] - Statement - numb = length: null

2018-07-24 14:14:41 - [TEST_STEP][PASSED] - Statement - If (numb > 1): null

2018-07-24 14:14:41 - [TEST_STEP][PASSED] - Statement - emailSender = splitEmail[0] + randomWords + "@" + splitEmail[1]: null

2018-07-24 14:14:41 - [TEST_STEP][PASSED] - Statement - If (emailSubject.trim() != ""): null

2018-07-24 14:14:41 - [TEST_STEP][PASSED] - Statement - emailSubject = emailSubject + randomWords: null

2018-07-24 14:14:41 - [TEST_STEP][PASSED] - Statement - If (emailContent.trim() != ""): null

2018-07-24 14:14:41 - [TEST_STEP][PASSED] - callTestCase: Call Test Case 'Test Cases/Merchant Portal/Campaign/Campagin Modules/create campaign' successfully

2018-07-24 14:14:41 - [TEST_CASE][PASSED] - Test Cases/Merchant Portal/Campaign/Campagin Modules/create campaign: Test Cases/Merchant Portal/Campaign/Campagin Modules/create campaign

2018-07-24 14:14:41 - [TEST_STEP][PASSED] - Statement - osName = "": null

2018-07-24 14:14:41 - [TEST_STEP][PASSED] - Statement - osName = CustomKeywords.os.DetectOS.getOperatingSystem(osName): os.DetectOS.getOperatingSystem is PASSED

2018-07-24 14:14:41 - [MESSAGE][PASSED] - os.DetectOS.getOperatingSystem is PASSED

2018-07-24 14:14:41 - [TEST_STEP][PASSED] - Statement - splitString = osName.split(): null

2018-07-24 14:14:41 - [TEST_STEP][PASSED] - Statement - os = splitString[0].toString(): null

2018-07-24 14:14:41 - [TEST_STEP][PASSED] - Statement - If (loggedin == false): null

2018-07-24 14:14:41 - [TEST_STEP][PASSED] - Statement - If (accessModule == false): null

2018-07-24 14:14:41 - [TEST_STEP][PASSED] - delay: Delayed 5 second(s)

2018-07-24 14:14:46 - [MESSAGE][PASSED] - Delayed 5 second(s)

2018-07-24 14:14:46 - [TEST_STEP][PASSED] - setText: Text 'Starbucks Reserve LtdZxbL' is set on object 'Object Repository/Campaign_OR/Fields/a.input_company_name'

2018-07-24 14:14:47 - [MESSAGE][PASSED] - Text 'Starbucks Reserve LtdZxbL' is set on object 'Object Repository/Campaign_OR/Fields/a.input_company_name'

2018-07-24 14:14:47 - [TEST_STEP][PASSED] - setText: Text 'Please subscribe with us and redeem a free coffee. Come join us now!ZxbL' is set on object 'Object Repository/Campaign_OR/Fields/b.textarea_campaign_instruction'

2018-07-24 14:14:47 - [MESSAGE][PASSED] - Text 'Please subscribe with us and redeem a free coffee. Come join us now!ZxbL' is set on object 'Object Repository/Campaign_OR/Fields/b.textarea_campaign_instruction'

2018-07-24 14:14:47 - [TEST_STEP][PASSED] - Statement - verifyEmail = false: null

2018-07-24 14:14:47 - [TEST_STEP][PASSED] - Statement - If (radioEmail.toLowerCase() == "true"): null

2018-07-24 14:14:47 - [TEST_STEP][PASSED] - Statement - verifyEmail = true: null

2018-07-24 14:14:47 - [TEST_STEP][PASSED] - Statement - If (verifyEmail == true): Object 'Object Repository/Campaign_OR/input_email' is visible

2018-07-24 14:14:47 - [TEST_STEP][PASSED] - Statement - If (com.kms.katalon.core.webui.keyword.WebUiBuiltInKeywords.verifyElementNotChecked(com.kms.katalon.core.testobject.ObjectRepository.findTestObject(Campaign_OR/Fields/c.checkbox_email), 1, OPTIONAL)): Object 'Object Repository/Campaign_OR/input_email' is visible

2018-07-24 14:14:47 - [MESSAGE][PASSED] - Object 'Object Repository/Campaign_OR/Fields/c.checkbox_email' is not checked

2018-07-24 14:14:47 - [TEST_STEP][PASSED] - delay: Delayed 1 second(s)

2018-07-24 14:14:48 - [MESSAGE][PASSED] - Delayed 1 second(s)

2018-07-24 14:14:48 - [TEST_STEP][PASSED] - click: Object: 'Object Repository/Campaign_OR/Fields/c.checkbox_email' is clicked on

2018-07-24 14:14:48 - [MESSAGE][PASSED] - Object: 'Object Repository/Campaign_OR/Fields/c.checkbox_email' is clicked on

2018-07-24 14:14:48 - [TEST_STEP][PASSED] - verifyElementVisible: Object 'Object Repository/Campaign_OR/input_email' is visible

2018-07-24 14:14:48 - [MESSAGE][PASSED] - Object 'Object Repository/Campaign_OR/input_email' is visible

2018-07-24 14:14:48 - [TEST_STEP][PASSED] - Statement - verifyMobileno = false: null

2018-07-24 14:14:48 - [TEST_STEP][PASSED] - Statement - If (radioMobileno.toLowerCase() == "true"): null

2018-07-24 14:14:48 - [TEST_STEP][PASSED] - Statement - If (verifyMobileno == true): null

2018-07-24 14:14:48 - [TEST_STEP][PASSED] - Statement - Else If (verifyMobileno == false): Object 'Object Repository/Campaign_OR/input_mobileno' is NOT visible

2018-07-24 14:14:48 - [TEST_STEP][PASSED] - Statement - If (com.kms.katalon.core.webui.keyword.WebUiBuiltInKeywords.verifyElementChecked(com.kms.katalon.core.testobject.ObjectRepository.findTestObject(Campaign_OR/Fields/d.checkbox_mobile_number), 1, OPTIONAL)): Object 'Object Repository/Campaign_OR/Fields/d.checkbox_mobile_number' is not checked

2018-07-24 14:14:48 - [MESSAGE][WARNING] - Object 'Object Repository/Campaign_OR/Fields/d.checkbox_mobile_number' is not checked
[[ATTACHMENT|C:\\Users\\kl.chan\\Katalon Studio\\boldreward\\Reports\\TS_Create_Campaign\\TS001 Create Campaign with negative testing\\20180724_140922\\1532412888759.png]]

2018-07-24 14:14:48 - [TEST_STEP][PASSED] - Statement - Else: Object 'Object Repository/Campaign_OR/input_mobileno' is NOT visible

2018-07-24 14:14:48 - [TEST_STEP][PASSED] - verifyElementNotVisible: Object 'Object Repository/Campaign_OR/input_mobileno' is NOT visible

2018-07-24 14:14:49 - [MESSAGE][PASSED] - Object 'Object Repository/Campaign_OR/input_mobileno' is NOT visible

2018-07-24 14:14:49 - [TEST_STEP][PASSED] - Statement - verifyName = false: null

2018-07-24 14:14:49 - [TEST_STEP][PASSED] - Statement - If (radioName.toLowerCase() == "true"): null

2018-07-24 14:14:49 - [TEST_STEP][PASSED] - Statement - If (verifyName == true): null

2018-07-24 14:14:49 - [TEST_STEP][PASSED] - Statement - Else If (verifyName == false): Object 'Object Repository/Campaign_OR/input_name' is NOT visible

2018-07-24 14:14:49 - [TEST_STEP][PASSED] - Statement - If (com.kms.katalon.core.webui.keyword.WebUiBuiltInKeywords.verifyElementChecked(com.kms.katalon.core.testobject.ObjectRepository.findTestObject(Campaign_OR/Fields/e.checkbox_name), 1, OPTIONAL)): Object 'Object Repository/Campaign_OR/Fields/e.checkbox_name' is not checked

2018-07-24 14:14:49 - [MESSAGE][WARNING] - Object 'Object Repository/Campaign_OR/Fields/e.checkbox_name' is not checked
[[ATTACHMENT|C:\\Users\\kl.chan\\Katalon Studio\\boldreward\\Reports\\TS_Create_Campaign\\TS001 Create Campaign with negative testing\\20180724_140922\\1532412889035.png]]

2018-07-24 14:14:49 - [TEST_STEP][PASSED] - Statement - Else: Object 'Object Repository/Campaign_OR/input_name' is NOT visible

2018-07-24 14:14:49 - [TEST_STEP][PASSED] - verifyElementNotVisible: Object 'Object Repository/Campaign_OR/input_name' is NOT visible

2018-07-24 14:14:49 - [MESSAGE][PASSED] - Object 'Object Repository/Campaign_OR/input_name' is NOT visible

2018-07-24 14:14:49 - [TEST_STEP][PASSED] - Statement - verifyGender = false: null

2018-07-24 14:14:49 - [TEST_STEP][PASSED] - Statement - If (radioGender.toLowerCase() == "true"): null

2018-07-24 14:14:49 - [TEST_STEP][PASSED] - Statement - If (verifyGender == true): null

2018-07-24 14:14:49 - [TEST_STEP][PASSED] - Statement - Else If (verifyGender == false): Object 'Object Repository/Campaign_OR/label_Female' is NOT visible

2018-07-24 14:14:49 - [TEST_STEP][PASSED] - Statement - If (com.kms.katalon.core.webui.keyword.WebUiBuiltInKeywords.verifyElementChecked(com.kms.katalon.core.testobject.ObjectRepository.findTestObject(Campaign_OR/Fields/f.checkbox_gender), 1, OPTIONAL)): Object 'Object Repository/Campaign_OR/Fields/f.checkbox_gender' is not checked

2018-07-24 14:14:49 - [MESSAGE][WARNING] - Object 'Object Repository/Campaign_OR/Fields/f.checkbox_gender' is not checked
[[ATTACHMENT|C:\\Users\\kl.chan\\Katalon Studio\\boldreward\\Reports\\TS_Create_Campaign\\TS001 Create Campaign with negative testing\\20180724_140922\\1532412889316.png]]

2018-07-24 14:14:49 - [TEST_STEP][PASSED] - Statement - Else: Object 'Object Repository/Campaign_OR/label_Female' is NOT visible

2018-07-24 14:14:49 - [TEST_STEP][PASSED] - verifyElementNotVisible: Object 'Object Repository/Campaign_OR/label_Male' is NOT visible

2018-07-24 14:14:49 - [MESSAGE][PASSED] - Object 'Object Repository/Campaign_OR/label_Male' is NOT visible

2018-07-24 14:14:49 - [TEST_STEP][PASSED] - verifyElementNotVisible: Object 'Object Repository/Campaign_OR/label_Female' is NOT visible

2018-07-24 14:14:49 - [MESSAGE][PASSED] - Object 'Object Repository/Campaign_OR/label_Female' is NOT visible

2018-07-24 14:14:49 - [TEST_STEP][PASSED] - Statement - verifyDOB = false: null

2018-07-24 14:14:49 - [TEST_STEP][PASSED] - Statement - If (radioDOB.toLowerCase() == "true"): null

2018-07-24 14:14:49 - [TEST_STEP][PASSED] - Statement - If (verifyDOB == true): null

2018-07-24 14:14:49 - [TEST_STEP][PASSED] - Statement - Else If (verifyDOB == false): Object 'Object Repository/Campaign_OR/input_datepicker' is NOT visible

2018-07-24 14:14:49 - [TEST_STEP][PASSED] - Statement - If (com.kms.katalon.core.webui.keyword.WebUiBuiltInKeywords.verifyElementChecked(com.kms.katalon.core.testobject.ObjectRepository.findTestObject(Campaign_OR/Fields/g.checkbox_dob), 1, OPTIONAL)): Object 'Object Repository/Campaign_OR/Fields/g.checkbox_dob' is not checked

2018-07-24 14:14:49 - [MESSAGE][WARNING] - Object 'Object Repository/Campaign_OR/Fields/g.checkbox_dob' is not checked
[[ATTACHMENT|C:\\Users\\kl.chan\\Katalon Studio\\boldreward\\Reports\\TS_Create_Campaign\\TS001 Create Campaign with negative testing\\20180724_140922\\1532412889619.png]]

2018-07-24 14:14:49 - [TEST_STEP][PASSED] - Statement - Else: Object 'Object Repository/Campaign_OR/input_datepicker' is NOT visible

2018-07-24 14:14:49 - [TEST_STEP][PASSED] - verifyElementNotVisible: Object 'Object Repository/Campaign_OR/input_datepicker' is NOT visible

2018-07-24 14:14:49 - [MESSAGE][PASSED] - Object 'Object Repository/Campaign_OR/input_datepicker' is NOT visible

2018-07-24 14:14:49 - [TEST_STEP][PASSED] - Statement - filepath = "": null

2018-07-24 14:14:49 - [TEST_STEP][PASSED] - Statement - If (os == "Windows"): null

2018-07-24 14:14:49 - [TEST_STEP][PASSED] - Statement - filepath = campaignImagePath: null

2018-07-24 14:14:49 - [TEST_STEP][PASSED] - Statement - verifyImgName = "": null

2018-07-24 14:14:49 - [TEST_STEP][PASSED] - Statement - uploadedImg = false: null

2018-07-24 14:14:49 - [TEST_STEP][PASSED] - Statement - If (filepath.trim() != "" && campaignImage.trim() != ""): null

2018-07-24 14:14:49 - [TEST_STEP][PASSED] - sendKeys: Keys 'C:\Users\kl.chan\Katalon Studio\boldreward\Images\Campaign Image\starbucks copy.jpg' sent to object: 'Object Repository/Campaign_OR/Fields/h.button_campaign_image_1'

2018-07-24 14:14:49 - [MESSAGE][PASSED] - Keys 'C:\Users\kl.chan\Katalon Studio\boldreward\Images\Campaign Image\starbucks copy.jpg' sent to object: 'Object Repository/Campaign_OR/Fields/h.button_campaign_image_1'

2018-07-24 14:14:49 - [TEST_STEP][PASSED] - delay: Delayed 1 second(s)

2018-07-24 14:14:50 - [MESSAGE][PASSED] - Delayed 1 second(s)

2018-07-24 14:14:50 - [TEST_STEP][PASSED] - Statement - If (com.kms.katalon.core.webui.keyword.WebUiBuiltInKeywords.waitForElementVisible(com.kms.katalon.core.testobject.ObjectRepository.findTestObject(Campaign_OR/uploadedCampaignImg), 30)): null

2018-07-24 14:14:50 - [MESSAGE][PASSED] - Object 'Object Repository/Campaign_OR/uploadedCampaignImg' is visible

2018-07-24 14:14:50 - [TEST_STEP][PASSED] - Statement - verifyImgName = com.kms.katalon.core.webui.keyword.WebUiBuiltInKeywords.getText(com.kms.katalon.core.testobject.ObjectRepository.findTestObject(Campaign_OR/uploadedCampaignImg)): Text of object 'Object Repository/Campaign_OR/uploadedCampaignImg' is: 'starbucks copy.jpg'

2018-07-24 14:14:50 - [MESSAGE][PASSED] - Text of object 'Object Repository/Campaign_OR/uploadedCampaignImg' is: 'starbucks copy.jpg'

2018-07-24 14:14:50 - [TEST_STEP][PASSED] - Statement - If (verifyImgName.equals(campaignImage) == true): null

2018-07-24 14:14:50 - [TEST_STEP][PASSED] - Statement - uploadedImg = true: null

2018-07-24 14:14:50 - [TEST_STEP][PASSED] - setText: Text 'http://www.starbucks.com.my/' is set on object 'Object Repository/Campaign_OR/Fields/i.k.input_tnc'

2018-07-24 14:14:51 - [MESSAGE][PASSED] - Text 'http://www.starbucks.com.my/' is set on object 'Object Repository/Campaign_OR/Fields/i.k.input_tnc'

2018-07-24 14:14:51 - [TEST_STEP][PASSED] - setText: Text 'kl.chanZxbL@macrokiosk.com' is set on object 'Object Repository/Campaign_OR/Fields/j.input_sender'

2018-07-24 14:14:51 - [MESSAGE][PASSED] - Text 'kl.chanZxbL@macrokiosk.com' is set on object 'Object Repository/Campaign_OR/Fields/j.input_sender'

2018-07-24 14:14:51 - [TEST_STEP][PASSED] - setText: Text 'Starbucks Reserve @ SITZxbL' is set on object 'Object Repository/Campaign_OR/Fields/k.input_subject'

2018-07-24 14:14:51 - [MESSAGE][PASSED] - Text 'Starbucks Reserve @ SITZxbL' is set on object 'Object Repository/Campaign_OR/Fields/k.input_subject'

2018-07-24 14:14:51 - [TEST_STEP][PASSED] - setText: Text '' is set on object 'Object Repository/Campaign_OR/Fields/l.textarea_content'

2018-07-24 14:14:51 - [MESSAGE][PASSED] - Text '' is set on object 'Object Repository/Campaign_OR/Fields/l.textarea_content'

2018-07-24 14:14:51 - [TEST_STEP][PASSED] - Statement - filepath = "": null

2018-07-24 14:14:51 - [TEST_STEP][PASSED] - Statement - If (os == "Windows"): null

2018-07-24 14:14:51 - [TEST_STEP][PASSED] - Statement - filepath = companyLogoPath: null

2018-07-24 14:14:51 - [TEST_STEP][PASSED] - Statement - verifyImgName = "": null

2018-07-24 14:14:51 - [TEST_STEP][PASSED] - Statement - uploadedImg = false: null

2018-07-24 14:14:51 - [TEST_STEP][PASSED] - Statement - reuploadCount = 0: null

2018-07-24 14:14:51 - [TEST_STEP][PASSED] - Statement - If (filepath.trim() != "" && companyLogo.trim() != ""): null

2018-07-24 14:14:51 - [TEST_STEP][PASSED] - sendKeys: Keys 'C:\Users\kl.chan\Katalon Studio\boldreward\Images\Company Logo\starbucks logo.jpg' sent to object: 'Object Repository/Campaign_OR/Fields/m.button_company_logo_1'

2018-07-24 14:14:51 - [MESSAGE][PASSED] - Keys 'C:\Users\kl.chan\Katalon Studio\boldreward\Images\Company Logo\starbucks logo.jpg' sent to object: 'Object Repository/Campaign_OR/Fields/m.button_company_logo_1'

2018-07-24 14:14:51 - [TEST_STEP][PASSED] - delay: Delayed 1 second(s)

2018-07-24 14:14:52 - [MESSAGE][PASSED] - Delayed 1 second(s)

2018-07-24 14:14:52 - [TEST_STEP][PASSED] - Statement - If (com.kms.katalon.core.webui.keyword.WebUiBuiltInKeywords.waitForElementVisible(com.kms.katalon.core.testobject.ObjectRepository.findTestObject(Campaign_OR/uploadedCompanyLogo), 30)): null

2018-07-24 14:14:52 - [MESSAGE][PASSED] - Object 'Object Repository/Campaign_OR/uploadedCompanyLogo' is visible

2018-07-24 14:14:52 - [TEST_STEP][PASSED] - Statement - verifyImgName = com.kms.katalon.core.webui.keyword.WebUiBuiltInKeywords.getText(com.kms.katalon.core.testobject.ObjectRepository.findTestObject(Campaign_OR/uploadedCompanyLogo)): Text of object 'Object Repository/Campaign_OR/uploadedCompanyLogo' is: 'starbucks logo.jpg'

2018-07-24 14:14:52 - [MESSAGE][PASSED] - Text of object 'Object Repository/Campaign_OR/uploadedCompanyLogo' is: 'starbucks logo.jpg'

2018-07-24 14:14:52 - [TEST_STEP][PASSED] - Statement - If (verifyImgName.equals(companyLogo) == true): null

2018-07-24 14:14:52 - [TEST_STEP][PASSED] - Statement - uploadedImg = true: null

2018-07-24 14:14:52 - [TEST_STEP][PASSED] - Statement - If (rewardCode == true): null

2018-07-24 14:14:52 - [TEST_STEP][PASSED] - Statement - Else If (rewardCode == false): Object: 'Object Repository/Campaign_OR/Fields/n.label_No' is clicked on

2018-07-24 14:14:52 - [TEST_STEP][PASSED] - click: Object: 'Object Repository/Campaign_OR/Fields/n.label_No' is clicked on

2018-07-24 14:14:52 - [MESSAGE][PASSED] - Object: 'Object Repository/Campaign_OR/Fields/n.label_No' is clicked on

2018-07-24 14:14:52 - [TEST_STEP][PASSED] - verifyElementChecked: Object 'Object Repository/Campaign_OR/Fields/radio_No' is checked

2018-07-24 14:14:52 - [MESSAGE][PASSED] - Object 'Object Repository/Campaign_OR/Fields/radio_No' is checked

2018-07-24 14:14:52 - [TEST_STEP][PASSED] - verifyElementChecked: Object 'Object Repository/Campaign_OR/Fields/radio_Yes' is not checked

2018-07-24 14:14:53 - [MESSAGE][WARNING] - Object 'Object Repository/Campaign_OR/Fields/radio_Yes' is not checked
[[ATTACHMENT|C:\\Users\\kl.chan\\Katalon Studio\\boldreward\\Reports\\TS_Create_Campaign\\TS001 Create Campaign with negative testing\\20180724_140922\\1532412892935.png]]

2018-07-24 14:14:53 - [TEST_STEP][PASSED] - click: Object: 'Object Repository/Campaign_OR/button_Save' is clicked on

2018-07-24 14:14:53 - [MESSAGE][PASSED] - Object: 'Object Repository/Campaign_OR/button_Save' is clicked on

2018-07-24 14:14:53 - [TEST_STEP][PASSED] - delay: Delayed 2 second(s)

2018-07-24 14:14:55 - [MESSAGE][PASSED] - Delayed 2 second(s)

2018-07-24 14:14:55 - [MESSAGE][PASSED] - Call Test Case 'Test Cases/Merchant Portal/Campaign/Campagin Modules/create campaign' successfully

2018-07-24 14:14:55 - [TEST_STEP][PASSED] - Statement - updateFailed = false: null

2018-07-24 14:14:55 - [TEST_STEP][PASSED] - Statement - If (com.kms.katalon.core.webui.keyword.WebUiBuiltInKeywords.waitForElementVisible(com.kms.katalon.core.testobject.ObjectRepository.findTestObject(a.Not_Assigned_OR/alert_msg_top), 3)): null

2018-07-24 14:14:55 - [MESSAGE][PASSED] - Object 'Object Repository/a.Not_Assigned_OR/alert_msg_top' is visible

2018-07-24 14:14:55 - [TEST_STEP][PASSED] - Statement - verifyPopoutMsg = com.kms.katalon.core.webui.keyword.WebUiBuiltInKeywords.getText(com.kms.katalon.core.testobject.ObjectRepository.findTestObject(a.Not_Assigned_OR/alert_msg_top)): Text of object 'Object Repository/a.Not_Assigned_OR/alert_msg_top' is: 'Oops! Invalid inputs, please try again.'

2018-07-24 14:14:55 - [MESSAGE][PASSED] - Text of object 'Object Repository/a.Not_Assigned_OR/alert_msg_top' is: 'Oops! Invalid inputs, please try again.'

2018-07-24 14:14:55 - [TEST_STEP][PASSED] - Statement - If (verifyPopoutMsg.equals(msgServer) == true): null

2018-07-24 14:14:55 - [TEST_STEP][PASSED] - Statement - updateFailed = true: null

2018-07-24 14:14:55 - [TEST_STEP][PASSED] - Statement - updateSuccess = false: null

2018-07-24 14:14:55 - [TEST_STEP][PASSED] - Statement - If (com.kms.katalon.core.webui.keyword.WebUiBuiltInKeywords.waitForElementVisible(com.kms.katalon.core.testobject.ObjectRepository.findTestObject(Campaign_OR/Error Message/msg_edit_success), 3)): Web element with id: 'Object Repository/Campaign_OR/Error Message/msg_edit_success' located by 'By.xpath: id("errorMessage")/p[@class="error-block"]' not found

2018-07-24 14:14:58 - [MESSAGE][WARNING] - Web element with id: 'Object Repository/Campaign_OR/Error Message/msg_edit_success' located by 'By.xpath: id("errorMessage")/p[@class="error-block"]' not found

2018-07-24 14:14:58 - [TEST_STEP][PASSED] - Statement - createSuccess = false: null

2018-07-24 14:14:58 - [TEST_STEP][PASSED] - Statement - If (com.kms.katalon.core.webui.keyword.WebUiBuiltInKeywords.waitForElementVisible(com.kms.katalon.core.testobject.ObjectRepository.findTestObject(Home_OR/label_home), 3)): Web element with id: 'Object Repository/Home_OR/label_home' located by 'By.xpath: id("wrapper")/div[@class="content-page"]/div[@class="content"]/div[@class="ng-scope"]/div[@class="ng-scope"]/div[@class="page-heading"]/h1[1][count(. | //h1[(text() = ' Home' or . = ' Home')]) = count(//h1[(text() = ' Home' or . = ' Home')])]' not found

2018-07-24 14:15:01 - [MESSAGE][WARNING] - Web element with id: 'Object Repository/Home_OR/label_home' located by 'By.xpath: id("wrapper")/div[@class="content-page"]/div[@class="content"]/div[@class="ng-scope"]/div[@class="ng-scope"]/div[@class="page-heading"]/h1[1][count(. | //h1[(text() = ' Home' or . = ' Home')]) = count(//h1[(text() = ' Home' or . = ' Home')])]' not found

2018-07-24 14:15:01 - [TEST_STEP][PASSED] - Statement - If (updateSuccess == true): null

2018-07-24 14:15:01 - [TEST_STEP][PASSED] - Statement - Else If (updateFailed == true): null

2018-07-24 14:15:01 - [TEST_STEP][PASSED] - Statement - verifyError = false: null

2018-07-24 14:15:01 - [TEST_STEP][PASSED] - Statement - If (companyName.trim() == ""): null

2018-07-24 14:15:01 - [TEST_STEP][PASSED] - Statement - If (campaignInstruc.trim() == ""): null

2018-07-24 14:15:01 - [TEST_STEP][PASSED] - Statement - If (radioEmail.toLowerCase() == "false"): null

2018-07-24 14:15:01 - [TEST_STEP][PASSED] - Statement - campaignImgName = com.kms.katalon.core.webui.keyword.WebUiBuiltInKeywords.getText(com.kms.katalon.core.testobject.ObjectRepository.findTestObject(Campaign_OR/uploadedCampaignImg)): Text of object 'Object Repository/Campaign_OR/uploadedCampaignImg' is: 'starbucks copy.jpg'

2018-07-24 14:15:01 - [MESSAGE][PASSED] - Text of object 'Object Repository/Campaign_OR/uploadedCampaignImg' is: 'starbucks copy.jpg'

2018-07-24 14:15:01 - [TEST_STEP][PASSED] - Statement - If (campaignImgName == ""): null

2018-07-24 14:15:01 - [TEST_STEP][PASSED] - Statement - If (emailSender.trim() == ""): null

2018-07-24 14:15:01 - [TEST_STEP][PASSED] - Statement - If (emailSubject.trim() == ""): null

2018-07-24 14:15:01 - [TEST_STEP][PASSED] - Statement - If (emailContent.trim() == ""): null

2018-07-24 14:15:01 - [TEST_STEP][PASSED] - verifyElementVisible: Object 'Object Repository/Campaign_OR/Error Message/msg_email_content' is visible

2018-07-24 14:15:01 - [MESSAGE][PASSED] - Object 'Object Repository/Campaign_OR/Error Message/msg_email_content' is visible

2018-07-24 14:15:01 - [TEST_STEP][PASSED] - Statement - verifyEmptyContent = com.kms.katalon.core.webui.keyword.WebUiBuiltInKeywords.getText(com.kms.katalon.core.testobject.ObjectRepository.findTestObject(Campaign_OR/Error Message/msg_email_content)): Text of object 'Object Repository/Campaign_OR/Error Message/msg_email_content' is: 'Please complete this field.'

2018-07-24 14:15:01 - [MESSAGE][PASSED] - Text of object 'Object Repository/Campaign_OR/Error Message/msg_email_content' is: 'Please complete this field.'

2018-07-24 14:15:01 - [TEST_STEP][PASSED] - verifyMatch: Actual text 'Please complete this field.' and expected text 'Please complete this field.' are matched  using regular expression

2018-07-24 14:15:01 - [MESSAGE][PASSED] - Actual text 'Please complete this field.' and expected text 'Please complete this field.' are matched  using regular expression

2018-07-24 14:15:01 - [TEST_STEP][PASSED] - Statement - verifyError = true: null

2018-07-24 14:15:01 - [TEST_STEP][PASSED] - Statement - companyLogoName = com.kms.katalon.core.webui.keyword.WebUiBuiltInKeywords.getText(com.kms.katalon.core.testobject.ObjectRepository.findTestObject(Campaign_OR/uploadedCompanyLogo)): Text of object 'Object Repository/Campaign_OR/uploadedCompanyLogo' is: 'starbucks logo.jpg'

2018-07-24 14:15:01 - [MESSAGE][PASSED] - Text of object 'Object Repository/Campaign_OR/uploadedCompanyLogo' is: 'starbucks logo.jpg'

2018-07-24 14:15:01 - [TEST_STEP][PASSED] - Statement - If (companyLogoName == ""): null

2018-07-24 14:15:01 - [TEST_STEP][PASSED] - Statement - If (com.kms.katalon.core.webui.keyword.WebUiBuiltInKeywords.waitForElementVisible(com.kms.katalon.core.testobject.ObjectRepository.findTestObject(Campaign_OR/Error Message/msg_cpgn_image2), 2)): Web element with id: 'Object Repository/Campaign_OR/Error Message/msg_cpgn_image2' located by 'By.xpath: id("campaignImage")/p[@class="error-block ng-binding"][count(. | //p[@class = 'error-block ng-binding' and @ng-hide = 'CC.errorImage == 200 || CC.errorImage == undefined']) = count(//p[@class = 'error-block ng-binding' and @ng-hide = 'CC.errorImage == 200 || CC.errorImage == undefined'])]' not found

2018-07-24 14:15:03 - [MESSAGE][WARNING] - Web element with id: 'Object Repository/Campaign_OR/Error Message/msg_cpgn_image2' located by 'By.xpath: id("campaignImage")/p[@class="error-block ng-binding"][count(. | //p[@class = 'error-block ng-binding' and @ng-hide = 'CC.errorImage == 200 || CC.errorImage == undefined']) = count(//p[@class = 'error-block ng-binding' and @ng-hide = 'CC.errorImage == 200 || CC.errorImage == undefined'])]' not found

2018-07-24 14:15:03 - [TEST_STEP][PASSED] - Statement - If (com.kms.katalon.core.webui.keyword.WebUiBuiltInKeywords.waitForElementVisible(com.kms.katalon.core.testobject.ObjectRepository.findTestObject(Campaign_OR/Error Message/msg_TCURL), 2)): Web element with id: 'Object Repository/Campaign_OR/Error Message/msg_TCURL' located by 'By.xpath: id("wrapper")/div[@class="content-page"]/div[@class="content"]/div[@class="ng-scope"]/div[@class="row ng-scope"]/div[@class="col-md-7"]/div[@class="widget"]/div[@class="widget-content padding"]/div[@class="form-horizontal"]/div[@class="form-group"]/div[@id="tncUrl"]/p[@class="error-block"][count(. | //p[(text() = 'Invalid format, please follow as http://wwww.example.com' or . = 'Invalid format, please follow as http://wwww.example.com')]) = count(//p[(text() = 'Invalid format, please follow as http://wwww.example.com' or . = 'Invalid format, please follow as http://wwww.example.com')])]' not found

2018-07-24 14:15:05 - [MESSAGE][WARNING] - Web element with id: 'Object Repository/Campaign_OR/Error Message/msg_TCURL' located by 'By.xpath: id("wrapper")/div[@class="content-page"]/div[@class="content"]/div[@class="ng-scope"]/div[@class="row ng-scope"]/div[@class="col-md-7"]/div[@class="widget"]/div[@class="widget-content padding"]/div[@class="form-horizontal"]/div[@class="form-group"]/div[@id="tncUrl"]/p[@class="error-block"][count(. | //p[(text() = 'Invalid format, please follow as http://wwww.example.com' or . = 'Invalid format, please follow as http://wwww.example.com')]) = count(//p[(text() = 'Invalid format, please follow as http://wwww.example.com' or . = 'Invalid format, please follow as http://wwww.example.com')])]' not found

2018-07-24 14:15:05 - [TEST_STEP][PASSED] - Statement - If (emailSender.trim() != ""): Web element with id: 'Object Repository/Campaign_OR/Error Message/msg_sender' located by 'By.xpath: id("emailSender")/p[@class="error-block"]' not found

2018-07-24 14:15:05 - [TEST_STEP][PASSED] - Statement - If (com.kms.katalon.core.webui.keyword.WebUiBuiltInKeywords.waitForElementVisible(com.kms.katalon.core.testobject.ObjectRepository.findTestObject(Campaign_OR/Error Message/msg_sender), 2)): Web element with id: 'Object Repository/Campaign_OR/Error Message/msg_sender' located by 'By.xpath: id("emailSender")/p[@class="error-block"]' not found

2018-07-24 14:15:07 - [MESSAGE][WARNING] - Web element with id: 'Object Repository/Campaign_OR/Error Message/msg_sender' located by 'By.xpath: id("emailSender")/p[@class="error-block"]' not found

2018-07-24 14:15:07 - [TEST_STEP][PASSED] - Statement - If (com.kms.katalon.core.webui.keyword.WebUiBuiltInKeywords.waitForElementVisible(com.kms.katalon.core.testobject.ObjectRepository.findTestObject(Campaign_OR/Error Message/msg_company_logo), 2)): Web element with id: 'Object Repository/Campaign_OR/Error Message/msg_company_logo' located by 'By.xpath: id("companyLogo")/p[@class="error-block ng-binding"][count(. | //p[@class = 'error-block ng-binding' and @ng-hide = 'CC.errorLogo == 200 || CC.errorLogo == undefined']) = count(//p[@class = 'error-block ng-binding' and @ng-hide = 'CC.errorLogo == 200 || CC.errorLogo == undefined'])]' not found

2018-07-24 14:15:09 - [MESSAGE][WARNING] - Web element with id: 'Object Repository/Campaign_OR/Error Message/msg_company_logo' located by 'By.xpath: id("companyLogo")/p[@class="error-block ng-binding"][count(. | //p[@class = 'error-block ng-binding' and @ng-hide = 'CC.errorLogo == 200 || CC.errorLogo == undefined']) = count(//p[@class = 'error-block ng-binding' and @ng-hide = 'CC.errorLogo == 200 || CC.errorLogo == undefined'])]' not found

2018-07-24 14:15:09 - [TEST_STEP][PASSED] - refresh: Refresh successfully

2018-07-24 14:15:10 - [MESSAGE][PASSED] - Refresh successfully

2018-07-24 14:15:10 - [TEST_STEP][PASSED] - Statement - If (verifyError == false): null]]></system-out>
         <system-err><![CDATA[]]></system-err>
      </testcase>
      <testcase name="Test Cases/Merchant Portal/Campaign/TC001 Campaign - verify all case" classname="Test Cases/Merchant Portal/Campaign/TC001 Campaign - verify all case" status="PASSED">
         <system-out><![CDATA[2018-07-24 14:15:10 - [TEST_CASE][PASSED] - Test Cases/Merchant Portal/Campaign/TC001 Campaign - verify all case: Test Cases/Merchant Portal/Campaign/TC001 Campaign - verify all case

2018-07-24 14:15:10 - [TEST_STEP][PASSED] - Statement - randomWords = CustomKeywords.randomWords.GenerateNumber.randomString(4): randomWords.GenerateNumber.randomString is PASSED

2018-07-24 14:15:10 - [MESSAGE][PASSED] - randomWords.GenerateNumber.randomString is PASSED

2018-07-24 14:15:10 - [TEST_STEP][PASSED] - Statement - If (companyName.trim() != ""): null

2018-07-24 14:15:10 - [TEST_STEP][PASSED] - Statement - companyName = companyName + randomWords: null

2018-07-24 14:15:10 - [TEST_STEP][PASSED] - Statement - If (campaignInstruc.trim() != ""): null

2018-07-24 14:15:10 - [TEST_STEP][PASSED] - Statement - campaignInstruc = campaignInstruc + randomWords: null

2018-07-24 14:15:10 - [TEST_STEP][PASSED] - Statement - If (emailSender.trim() != ""): null

2018-07-24 14:15:10 - [TEST_STEP][PASSED] - Statement - email = emailSender: null

2018-07-24 14:15:10 - [TEST_STEP][PASSED] - Statement - splitEmail = email.split("@"): null

2018-07-24 14:15:10 - [TEST_STEP][PASSED] - Statement - numb = length: null

2018-07-24 14:15:10 - [TEST_STEP][PASSED] - Statement - If (numb > 1): null

2018-07-24 14:15:10 - [TEST_STEP][PASSED] - Statement - emailSender = splitEmail[0] + randomWords + "@" + splitEmail[1]: null

2018-07-24 14:15:10 - [TEST_STEP][PASSED] - Statement - If (emailSubject.trim() != ""): null

2018-07-24 14:15:10 - [TEST_STEP][PASSED] - Statement - emailSubject = emailSubject + randomWords: null

2018-07-24 14:15:10 - [TEST_STEP][PASSED] - Statement - If (emailContent.trim() != ""): null

2018-07-24 14:15:10 - [TEST_STEP][PASSED] - callTestCase: Call Test Case 'Test Cases/Merchant Portal/Campaign/Campagin Modules/create campaign' successfully

2018-07-24 14:15:10 - [TEST_CASE][PASSED] - Test Cases/Merchant Portal/Campaign/Campagin Modules/create campaign: Test Cases/Merchant Portal/Campaign/Campagin Modules/create campaign

2018-07-24 14:15:10 - [TEST_STEP][PASSED] - Statement - osName = "": null

2018-07-24 14:15:10 - [TEST_STEP][PASSED] - Statement - osName = CustomKeywords.os.DetectOS.getOperatingSystem(osName): os.DetectOS.getOperatingSystem is PASSED

2018-07-24 14:15:10 - [MESSAGE][PASSED] - os.DetectOS.getOperatingSystem is PASSED

2018-07-24 14:15:10 - [TEST_STEP][PASSED] - Statement - splitString = osName.split(): null

2018-07-24 14:15:10 - [TEST_STEP][PASSED] - Statement - os = splitString[0].toString(): null

2018-07-24 14:15:10 - [TEST_STEP][PASSED] - Statement - If (loggedin == false): null

2018-07-24 14:15:10 - [TEST_STEP][PASSED] - Statement - If (accessModule == false): null

2018-07-24 14:15:10 - [TEST_STEP][PASSED] - delay: Delayed 5 second(s)

2018-07-24 14:15:15 - [MESSAGE][PASSED] - Delayed 5 second(s)

2018-07-24 14:15:15 - [TEST_STEP][PASSED] - setText: Text 'Starbucks Reserve LtdDxeH' is set on object 'Object Repository/Campaign_OR/Fields/a.input_company_name'

2018-07-24 14:15:15 - [MESSAGE][PASSED] - Text 'Starbucks Reserve LtdDxeH' is set on object 'Object Repository/Campaign_OR/Fields/a.input_company_name'

2018-07-24 14:15:15 - [TEST_STEP][PASSED] - setText: Text 'Please subscribe with us and redeem a free coffee. Come join us now!DxeH' is set on object 'Object Repository/Campaign_OR/Fields/b.textarea_campaign_instruction'

2018-07-24 14:15:16 - [MESSAGE][PASSED] - Text 'Please subscribe with us and redeem a free coffee. Come join us now!DxeH' is set on object 'Object Repository/Campaign_OR/Fields/b.textarea_campaign_instruction'

2018-07-24 14:15:16 - [TEST_STEP][PASSED] - Statement - verifyEmail = false: null

2018-07-24 14:15:16 - [TEST_STEP][PASSED] - Statement - If (radioEmail.toLowerCase() == "true"): null

2018-07-24 14:15:16 - [TEST_STEP][PASSED] - Statement - verifyEmail = true: null

2018-07-24 14:15:16 - [TEST_STEP][PASSED] - Statement - If (verifyEmail == true): Object 'Object Repository/Campaign_OR/input_email' is visible

2018-07-24 14:15:16 - [TEST_STEP][PASSED] - Statement - If (com.kms.katalon.core.webui.keyword.WebUiBuiltInKeywords.verifyElementNotChecked(com.kms.katalon.core.testobject.ObjectRepository.findTestObject(Campaign_OR/Fields/c.checkbox_email), 1, OPTIONAL)): Object 'Object Repository/Campaign_OR/input_email' is visible

2018-07-24 14:15:16 - [MESSAGE][PASSED] - Object 'Object Repository/Campaign_OR/Fields/c.checkbox_email' is not checked

2018-07-24 14:15:16 - [TEST_STEP][PASSED] - delay: Delayed 1 second(s)

2018-07-24 14:15:17 - [MESSAGE][PASSED] - Delayed 1 second(s)

2018-07-24 14:15:17 - [TEST_STEP][PASSED] - click: Object: 'Object Repository/Campaign_OR/Fields/c.checkbox_email' is clicked on

2018-07-24 14:15:17 - [MESSAGE][PASSED] - Object: 'Object Repository/Campaign_OR/Fields/c.checkbox_email' is clicked on

2018-07-24 14:15:17 - [TEST_STEP][PASSED] - verifyElementVisible: Object 'Object Repository/Campaign_OR/input_email' is visible

2018-07-24 14:15:17 - [MESSAGE][PASSED] - Object 'Object Repository/Campaign_OR/input_email' is visible

2018-07-24 14:15:17 - [TEST_STEP][PASSED] - Statement - verifyMobileno = false: null

2018-07-24 14:15:17 - [TEST_STEP][PASSED] - Statement - If (radioMobileno.toLowerCase() == "true"): null

2018-07-24 14:15:17 - [TEST_STEP][PASSED] - Statement - If (verifyMobileno == true): null

2018-07-24 14:15:17 - [TEST_STEP][PASSED] - Statement - Else If (verifyMobileno == false): Object 'Object Repository/Campaign_OR/input_mobileno' is NOT visible

2018-07-24 14:15:17 - [TEST_STEP][PASSED] - Statement - If (com.kms.katalon.core.webui.keyword.WebUiBuiltInKeywords.verifyElementChecked(com.kms.katalon.core.testobject.ObjectRepository.findTestObject(Campaign_OR/Fields/d.checkbox_mobile_number), 1, OPTIONAL)): Object 'Object Repository/Campaign_OR/Fields/d.checkbox_mobile_number' is not checked

2018-07-24 14:15:17 - [MESSAGE][WARNING] - Object 'Object Repository/Campaign_OR/Fields/d.checkbox_mobile_number' is not checked
[[ATTACHMENT|C:\\Users\\kl.chan\\Katalon Studio\\boldreward\\Reports\\TS_Create_Campaign\\TS001 Create Campaign with negative testing\\20180724_140922\\1532412917509.png]]

2018-07-24 14:15:17 - [TEST_STEP][PASSED] - Statement - Else: Object 'Object Repository/Campaign_OR/input_mobileno' is NOT visible

2018-07-24 14:15:17 - [TEST_STEP][PASSED] - verifyElementNotVisible: Object 'Object Repository/Campaign_OR/input_mobileno' is NOT visible

2018-07-24 14:15:17 - [MESSAGE][PASSED] - Object 'Object Repository/Campaign_OR/input_mobileno' is NOT visible

2018-07-24 14:15:17 - [TEST_STEP][PASSED] - Statement - verifyName = false: null

2018-07-24 14:15:17 - [TEST_STEP][PASSED] - Statement - If (radioName.toLowerCase() == "true"): null

2018-07-24 14:15:17 - [TEST_STEP][PASSED] - Statement - If (verifyName == true): null

2018-07-24 14:15:17 - [TEST_STEP][PASSED] - Statement - Else If (verifyName == false): Object 'Object Repository/Campaign_OR/input_name' is NOT visible

2018-07-24 14:15:17 - [TEST_STEP][PASSED] - Statement - If (com.kms.katalon.core.webui.keyword.WebUiBuiltInKeywords.verifyElementChecked(com.kms.katalon.core.testobject.ObjectRepository.findTestObject(Campaign_OR/Fields/e.checkbox_name), 1, OPTIONAL)): Object 'Object Repository/Campaign_OR/Fields/e.checkbox_name' is not checked

2018-07-24 14:15:18 - [MESSAGE][WARNING] - Object 'Object Repository/Campaign_OR/Fields/e.checkbox_name' is not checked
[[ATTACHMENT|C:\\Users\\kl.chan\\Katalon Studio\\boldreward\\Reports\\TS_Create_Campaign\\TS001 Create Campaign with negative testing\\20180724_140922\\1532412917785.png]]

2018-07-24 14:15:18 - [TEST_STEP][PASSED] - Statement - Else: Object 'Object Repository/Campaign_OR/input_name' is NOT visible

2018-07-24 14:15:18 - [TEST_STEP][PASSED] - verifyElementNotVisible: Object 'Object Repository/Campaign_OR/input_name' is NOT visible

2018-07-24 14:15:18 - [MESSAGE][PASSED] - Object 'Object Repository/Campaign_OR/input_name' is NOT visible

2018-07-24 14:15:18 - [TEST_STEP][PASSED] - Statement - verifyGender = false: null

2018-07-24 14:15:18 - [TEST_STEP][PASSED] - Statement - If (radioGender.toLowerCase() == "true"): null

2018-07-24 14:15:18 - [TEST_STEP][PASSED] - Statement - If (verifyGender == true): null

2018-07-24 14:15:18 - [TEST_STEP][PASSED] - Statement - Else If (verifyGender == false): Object 'Object Repository/Campaign_OR/label_Female' is NOT visible

2018-07-24 14:15:18 - [TEST_STEP][PASSED] - Statement - If (com.kms.katalon.core.webui.keyword.WebUiBuiltInKeywords.verifyElementChecked(com.kms.katalon.core.testobject.ObjectRepository.findTestObject(Campaign_OR/Fields/f.checkbox_gender), 1, OPTIONAL)): Object 'Object Repository/Campaign_OR/Fields/f.checkbox_gender' is not checked

2018-07-24 14:15:18 - [MESSAGE][WARNING] - Object 'Object Repository/Campaign_OR/Fields/f.checkbox_gender' is not checked
[[ATTACHMENT|C:\\Users\\kl.chan\\Katalon Studio\\boldreward\\Reports\\TS_Create_Campaign\\TS001 Create Campaign with negative testing\\20180724_140922\\1532412918060.png]]

2018-07-24 14:15:18 - [TEST_STEP][PASSED] - Statement - Else: Object 'Object Repository/Campaign_OR/label_Female' is NOT visible

2018-07-24 14:15:18 - [TEST_STEP][PASSED] - verifyElementNotVisible: Object 'Object Repository/Campaign_OR/label_Male' is NOT visible

2018-07-24 14:15:18 - [MESSAGE][PASSED] - Object 'Object Repository/Campaign_OR/label_Male' is NOT visible

2018-07-24 14:15:18 - [TEST_STEP][PASSED] - verifyElementNotVisible: Object 'Object Repository/Campaign_OR/label_Female' is NOT visible

2018-07-24 14:15:18 - [MESSAGE][PASSED] - Object 'Object Repository/Campaign_OR/label_Female' is NOT visible

2018-07-24 14:15:18 - [TEST_STEP][PASSED] - Statement - verifyDOB = false: null

2018-07-24 14:15:18 - [TEST_STEP][PASSED] - Statement - If (radioDOB.toLowerCase() == "true"): null

2018-07-24 14:15:18 - [TEST_STEP][PASSED] - Statement - If (verifyDOB == true): null

2018-07-24 14:15:18 - [TEST_STEP][PASSED] - Statement - Else If (verifyDOB == false): Object 'Object Repository/Campaign_OR/input_datepicker' is NOT visible

2018-07-24 14:15:18 - [TEST_STEP][PASSED] - Statement - If (com.kms.katalon.core.webui.keyword.WebUiBuiltInKeywords.verifyElementChecked(com.kms.katalon.core.testobject.ObjectRepository.findTestObject(Campaign_OR/Fields/g.checkbox_dob), 1, OPTIONAL)): Object 'Object Repository/Campaign_OR/Fields/g.checkbox_dob' is not checked

2018-07-24 14:15:18 - [MESSAGE][WARNING] - Object 'Object Repository/Campaign_OR/Fields/g.checkbox_dob' is not checked
[[ATTACHMENT|C:\\Users\\kl.chan\\Katalon Studio\\boldreward\\Reports\\TS_Create_Campaign\\TS001 Create Campaign with negative testing\\20180724_140922\\1532412918387.png]]

2018-07-24 14:15:18 - [TEST_STEP][PASSED] - Statement - Else: Object 'Object Repository/Campaign_OR/input_datepicker' is NOT visible

2018-07-24 14:15:18 - [TEST_STEP][PASSED] - verifyElementNotVisible: Object 'Object Repository/Campaign_OR/input_datepicker' is NOT visible

2018-07-24 14:15:18 - [MESSAGE][PASSED] - Object 'Object Repository/Campaign_OR/input_datepicker' is NOT visible

2018-07-24 14:15:18 - [TEST_STEP][PASSED] - Statement - filepath = "": null

2018-07-24 14:15:18 - [TEST_STEP][PASSED] - Statement - If (os == "Windows"): null

2018-07-24 14:15:18 - [TEST_STEP][PASSED] - Statement - filepath = campaignImagePath: null

2018-07-24 14:15:18 - [TEST_STEP][PASSED] - Statement - verifyImgName = "": null

2018-07-24 14:15:18 - [TEST_STEP][PASSED] - Statement - uploadedImg = false: null

2018-07-24 14:15:18 - [TEST_STEP][PASSED] - Statement - If (filepath.trim() != "" && campaignImage.trim() != ""): null

2018-07-24 14:15:18 - [TEST_STEP][PASSED] - sendKeys: Keys 'C:\Users\kl.chan\Katalon Studio\boldreward\Images\Campaign Image\starbucks copy.jpg' sent to object: 'Object Repository/Campaign_OR/Fields/h.button_campaign_image_1'

2018-07-24 14:15:18 - [MESSAGE][PASSED] - Keys 'C:\Users\kl.chan\Katalon Studio\boldreward\Images\Campaign Image\starbucks copy.jpg' sent to object: 'Object Repository/Campaign_OR/Fields/h.button_campaign_image_1'

2018-07-24 14:15:18 - [TEST_STEP][PASSED] - delay: Delayed 1 second(s)

2018-07-24 14:15:19 - [MESSAGE][PASSED] - Delayed 1 second(s)

2018-07-24 14:15:19 - [TEST_STEP][PASSED] - Statement - If (com.kms.katalon.core.webui.keyword.WebUiBuiltInKeywords.waitForElementVisible(com.kms.katalon.core.testobject.ObjectRepository.findTestObject(Campaign_OR/uploadedCampaignImg), 30)): null

2018-07-24 14:15:19 - [MESSAGE][PASSED] - Object 'Object Repository/Campaign_OR/uploadedCampaignImg' is visible

2018-07-24 14:15:19 - [TEST_STEP][PASSED] - Statement - verifyImgName = com.kms.katalon.core.webui.keyword.WebUiBuiltInKeywords.getText(com.kms.katalon.core.testobject.ObjectRepository.findTestObject(Campaign_OR/uploadedCampaignImg)): Text of object 'Object Repository/Campaign_OR/uploadedCampaignImg' is: 'starbucks copy.jpg'

2018-07-24 14:15:19 - [MESSAGE][PASSED] - Text of object 'Object Repository/Campaign_OR/uploadedCampaignImg' is: 'starbucks copy.jpg'

2018-07-24 14:15:19 - [TEST_STEP][PASSED] - Statement - If (verifyImgName.equals(campaignImage) == true): null

2018-07-24 14:15:19 - [TEST_STEP][PASSED] - Statement - uploadedImg = true: null

2018-07-24 14:15:19 - [TEST_STEP][PASSED] - setText: Text 'http://www.starbucks.com.my/' is set on object 'Object Repository/Campaign_OR/Fields/i.k.input_tnc'

2018-07-24 14:15:19 - [MESSAGE][PASSED] - Text 'http://www.starbucks.com.my/' is set on object 'Object Repository/Campaign_OR/Fields/i.k.input_tnc'

2018-07-24 14:15:19 - [TEST_STEP][PASSED] - setText: Text 'kl.chanDxeH@macrokiosk.com' is set on object 'Object Repository/Campaign_OR/Fields/j.input_sender'

2018-07-24 14:15:20 - [MESSAGE][PASSED] - Text 'kl.chanDxeH@macrokiosk.com' is set on object 'Object Repository/Campaign_OR/Fields/j.input_sender'

2018-07-24 14:15:20 - [TEST_STEP][PASSED] - setText: Text 'Starbucks Reserve @ SITDxeH' is set on object 'Object Repository/Campaign_OR/Fields/k.input_subject'

2018-07-24 14:15:20 - [MESSAGE][PASSED] - Text 'Starbucks Reserve @ SITDxeH' is set on object 'Object Repository/Campaign_OR/Fields/k.input_subject'

2018-07-24 14:15:20 - [TEST_STEP][PASSED] - setText: Text ' ' is set on object 'Object Repository/Campaign_OR/Fields/l.textarea_content'

2018-07-24 14:15:20 - [MESSAGE][PASSED] - Text ' ' is set on object 'Object Repository/Campaign_OR/Fields/l.textarea_content'

2018-07-24 14:15:20 - [TEST_STEP][PASSED] - Statement - filepath = "": null

2018-07-24 14:15:20 - [TEST_STEP][PASSED] - Statement - If (os == "Windows"): null

2018-07-24 14:15:20 - [TEST_STEP][PASSED] - Statement - filepath = companyLogoPath: null

2018-07-24 14:15:20 - [TEST_STEP][PASSED] - Statement - verifyImgName = "": null

2018-07-24 14:15:20 - [TEST_STEP][PASSED] - Statement - uploadedImg = false: null

2018-07-24 14:15:20 - [TEST_STEP][PASSED] - Statement - reuploadCount = 0: null

2018-07-24 14:15:20 - [TEST_STEP][PASSED] - Statement - If (filepath.trim() != "" && companyLogo.trim() != ""): null

2018-07-24 14:15:20 - [TEST_STEP][PASSED] - sendKeys: Keys 'C:\Users\kl.chan\Katalon Studio\boldreward\Images\Company Logo\starbucks logo.jpg' sent to object: 'Object Repository/Campaign_OR/Fields/m.button_company_logo_1'

2018-07-24 14:15:20 - [MESSAGE][PASSED] - Keys 'C:\Users\kl.chan\Katalon Studio\boldreward\Images\Company Logo\starbucks logo.jpg' sent to object: 'Object Repository/Campaign_OR/Fields/m.button_company_logo_1'

2018-07-24 14:15:20 - [TEST_STEP][PASSED] - delay: Delayed 1 second(s)

2018-07-24 14:15:21 - [MESSAGE][PASSED] - Delayed 1 second(s)

2018-07-24 14:15:21 - [TEST_STEP][PASSED] - Statement - If (com.kms.katalon.core.webui.keyword.WebUiBuiltInKeywords.waitForElementVisible(com.kms.katalon.core.testobject.ObjectRepository.findTestObject(Campaign_OR/uploadedCompanyLogo), 30)): null

2018-07-24 14:15:21 - [MESSAGE][PASSED] - Object 'Object Repository/Campaign_OR/uploadedCompanyLogo' is visible

2018-07-24 14:15:21 - [TEST_STEP][PASSED] - Statement - verifyImgName = com.kms.katalon.core.webui.keyword.WebUiBuiltInKeywords.getText(com.kms.katalon.core.testobject.ObjectRepository.findTestObject(Campaign_OR/uploadedCompanyLogo)): Text of object 'Object Repository/Campaign_OR/uploadedCompanyLogo' is: 'starbucks logo.jpg'

2018-07-24 14:15:21 - [MESSAGE][PASSED] - Text of object 'Object Repository/Campaign_OR/uploadedCompanyLogo' is: 'starbucks logo.jpg'

2018-07-24 14:15:21 - [TEST_STEP][PASSED] - Statement - If (verifyImgName.equals(companyLogo) == true): null

2018-07-24 14:15:21 - [TEST_STEP][PASSED] - Statement - uploadedImg = true: null

2018-07-24 14:15:21 - [TEST_STEP][PASSED] - Statement - If (rewardCode == true): null

2018-07-24 14:15:21 - [TEST_STEP][PASSED] - Statement - Else If (rewardCode == false): Object: 'Object Repository/Campaign_OR/Fields/n.label_No' is clicked on

2018-07-24 14:15:21 - [TEST_STEP][PASSED] - click: Object: 'Object Repository/Campaign_OR/Fields/n.label_No' is clicked on

2018-07-24 14:15:21 - [MESSAGE][PASSED] - Object: 'Object Repository/Campaign_OR/Fields/n.label_No' is clicked on

2018-07-24 14:15:21 - [TEST_STEP][PASSED] - verifyElementChecked: Object 'Object Repository/Campaign_OR/Fields/radio_No' is checked

2018-07-24 14:15:21 - [MESSAGE][PASSED] - Object 'Object Repository/Campaign_OR/Fields/radio_No' is checked

2018-07-24 14:15:21 - [TEST_STEP][PASSED] - verifyElementChecked: Object 'Object Repository/Campaign_OR/Fields/radio_Yes' is not checked

2018-07-24 14:15:21 - [MESSAGE][WARNING] - Object 'Object Repository/Campaign_OR/Fields/radio_Yes' is not checked
[[ATTACHMENT|C:\\Users\\kl.chan\\Katalon Studio\\boldreward\\Reports\\TS_Create_Campaign\\TS001 Create Campaign with negative testing\\20180724_140922\\1532412921688.png]]

2018-07-24 14:15:21 - [TEST_STEP][PASSED] - click: Object: 'Object Repository/Campaign_OR/button_Save' is clicked on

2018-07-24 14:15:21 - [MESSAGE][PASSED] - Object: 'Object Repository/Campaign_OR/button_Save' is clicked on

2018-07-24 14:15:21 - [TEST_STEP][PASSED] - delay: Delayed 2 second(s)

2018-07-24 14:15:23 - [MESSAGE][PASSED] - Delayed 2 second(s)

2018-07-24 14:15:23 - [MESSAGE][PASSED] - Call Test Case 'Test Cases/Merchant Portal/Campaign/Campagin Modules/create campaign' successfully

2018-07-24 14:15:23 - [TEST_STEP][PASSED] - Statement - updateFailed = false: null

2018-07-24 14:15:23 - [TEST_STEP][PASSED] - Statement - If (com.kms.katalon.core.webui.keyword.WebUiBuiltInKeywords.waitForElementVisible(com.kms.katalon.core.testobject.ObjectRepository.findTestObject(a.Not_Assigned_OR/alert_msg_top), 3)): null

2018-07-24 14:15:24 - [MESSAGE][PASSED] - Object 'Object Repository/a.Not_Assigned_OR/alert_msg_top' is visible

2018-07-24 14:15:24 - [TEST_STEP][PASSED] - Statement - verifyPopoutMsg = com.kms.katalon.core.webui.keyword.WebUiBuiltInKeywords.getText(com.kms.katalon.core.testobject.ObjectRepository.findTestObject(a.Not_Assigned_OR/alert_msg_top)): Text of object 'Object Repository/a.Not_Assigned_OR/alert_msg_top' is: 'Oops! Invalid inputs, please try again.'

2018-07-24 14:15:24 - [MESSAGE][PASSED] - Text of object 'Object Repository/a.Not_Assigned_OR/alert_msg_top' is: 'Oops! Invalid inputs, please try again.'

2018-07-24 14:15:24 - [TEST_STEP][PASSED] - Statement - If (verifyPopoutMsg.equals(msgServer) == true): null

2018-07-24 14:15:24 - [TEST_STEP][PASSED] - Statement - updateFailed = true: null

2018-07-24 14:15:24 - [TEST_STEP][PASSED] - Statement - updateSuccess = false: null

2018-07-24 14:15:24 - [TEST_STEP][PASSED] - Statement - If (com.kms.katalon.core.webui.keyword.WebUiBuiltInKeywords.waitForElementVisible(com.kms.katalon.core.testobject.ObjectRepository.findTestObject(Campaign_OR/Error Message/msg_edit_success), 3)): Web element with id: 'Object Repository/Campaign_OR/Error Message/msg_edit_success' located by 'By.xpath: id("errorMessage")/p[@class="error-block"]' not found

2018-07-24 14:15:27 - [MESSAGE][WARNING] - Web element with id: 'Object Repository/Campaign_OR/Error Message/msg_edit_success' located by 'By.xpath: id("errorMessage")/p[@class="error-block"]' not found

2018-07-24 14:15:27 - [TEST_STEP][PASSED] - Statement - createSuccess = false: null

2018-07-24 14:15:27 - [TEST_STEP][PASSED] - Statement - If (com.kms.katalon.core.webui.keyword.WebUiBuiltInKeywords.waitForElementVisible(com.kms.katalon.core.testobject.ObjectRepository.findTestObject(Home_OR/label_home), 3)): Web element with id: 'Object Repository/Home_OR/label_home' located by 'By.xpath: id("wrapper")/div[@class="content-page"]/div[@class="content"]/div[@class="ng-scope"]/div[@class="ng-scope"]/div[@class="page-heading"]/h1[1][count(. | //h1[(text() = ' Home' or . = ' Home')]) = count(//h1[(text() = ' Home' or . = ' Home')])]' not found

2018-07-24 14:15:30 - [MESSAGE][WARNING] - Web element with id: 'Object Repository/Home_OR/label_home' located by 'By.xpath: id("wrapper")/div[@class="content-page"]/div[@class="content"]/div[@class="ng-scope"]/div[@class="ng-scope"]/div[@class="page-heading"]/h1[1][count(. | //h1[(text() = ' Home' or . = ' Home')]) = count(//h1[(text() = ' Home' or . = ' Home')])]' not found

2018-07-24 14:15:30 - [TEST_STEP][PASSED] - Statement - If (updateSuccess == true): null

2018-07-24 14:15:30 - [TEST_STEP][PASSED] - Statement - Else If (updateFailed == true): null

2018-07-24 14:15:30 - [TEST_STEP][PASSED] - Statement - verifyError = false: null

2018-07-24 14:15:30 - [TEST_STEP][PASSED] - Statement - If (companyName.trim() == ""): null

2018-07-24 14:15:30 - [TEST_STEP][PASSED] - Statement - If (campaignInstruc.trim() == ""): null

2018-07-24 14:15:30 - [TEST_STEP][PASSED] - Statement - If (radioEmail.toLowerCase() == "false"): null

2018-07-24 14:15:30 - [TEST_STEP][PASSED] - Statement - campaignImgName = com.kms.katalon.core.webui.keyword.WebUiBuiltInKeywords.getText(com.kms.katalon.core.testobject.ObjectRepository.findTestObject(Campaign_OR/uploadedCampaignImg)): Text of object 'Object Repository/Campaign_OR/uploadedCampaignImg' is: 'starbucks copy.jpg'

2018-07-24 14:15:30 - [MESSAGE][PASSED] - Text of object 'Object Repository/Campaign_OR/uploadedCampaignImg' is: 'starbucks copy.jpg'

2018-07-24 14:15:30 - [TEST_STEP][PASSED] - Statement - If (campaignImgName == ""): null

2018-07-24 14:15:30 - [TEST_STEP][PASSED] - Statement - If (emailSender.trim() == ""): null

2018-07-24 14:15:30 - [TEST_STEP][PASSED] - Statement - If (emailSubject.trim() == ""): null

2018-07-24 14:15:30 - [TEST_STEP][PASSED] - Statement - If (emailContent.trim() == ""): null

2018-07-24 14:15:30 - [TEST_STEP][PASSED] - verifyElementVisible: Object 'Object Repository/Campaign_OR/Error Message/msg_email_content' is visible

2018-07-24 14:15:30 - [MESSAGE][PASSED] - Object 'Object Repository/Campaign_OR/Error Message/msg_email_content' is visible

2018-07-24 14:15:30 - [TEST_STEP][PASSED] - Statement - verifyEmptyContent = com.kms.katalon.core.webui.keyword.WebUiBuiltInKeywords.getText(com.kms.katalon.core.testobject.ObjectRepository.findTestObject(Campaign_OR/Error Message/msg_email_content)): Text of object 'Object Repository/Campaign_OR/Error Message/msg_email_content' is: 'Please complete this field.'

2018-07-24 14:15:30 - [MESSAGE][PASSED] - Text of object 'Object Repository/Campaign_OR/Error Message/msg_email_content' is: 'Please complete this field.'

2018-07-24 14:15:30 - [TEST_STEP][PASSED] - verifyMatch: Actual text 'Please complete this field.' and expected text 'Please complete this field.' are matched  using regular expression

2018-07-24 14:15:30 - [MESSAGE][PASSED] - Actual text 'Please complete this field.' and expected text 'Please complete this field.' are matched  using regular expression

2018-07-24 14:15:30 - [TEST_STEP][PASSED] - Statement - verifyError = true: null

2018-07-24 14:15:30 - [TEST_STEP][PASSED] - Statement - companyLogoName = com.kms.katalon.core.webui.keyword.WebUiBuiltInKeywords.getText(com.kms.katalon.core.testobject.ObjectRepository.findTestObject(Campaign_OR/uploadedCompanyLogo)): Text of object 'Object Repository/Campaign_OR/uploadedCompanyLogo' is: 'starbucks logo.jpg'

2018-07-24 14:15:30 - [MESSAGE][PASSED] - Text of object 'Object Repository/Campaign_OR/uploadedCompanyLogo' is: 'starbucks logo.jpg'

2018-07-24 14:15:30 - [TEST_STEP][PASSED] - Statement - If (companyLogoName == ""): null

2018-07-24 14:15:30 - [TEST_STEP][PASSED] - Statement - If (com.kms.katalon.core.webui.keyword.WebUiBuiltInKeywords.waitForElementVisible(com.kms.katalon.core.testobject.ObjectRepository.findTestObject(Campaign_OR/Error Message/msg_cpgn_image2), 2)): Web element with id: 'Object Repository/Campaign_OR/Error Message/msg_cpgn_image2' located by 'By.xpath: id("campaignImage")/p[@class="error-block ng-binding"][count(. | //p[@class = 'error-block ng-binding' and @ng-hide = 'CC.errorImage == 200 || CC.errorImage == undefined']) = count(//p[@class = 'error-block ng-binding' and @ng-hide = 'CC.errorImage == 200 || CC.errorImage == undefined'])]' not found

2018-07-24 14:15:32 - [MESSAGE][WARNING] - Web element with id: 'Object Repository/Campaign_OR/Error Message/msg_cpgn_image2' located by 'By.xpath: id("campaignImage")/p[@class="error-block ng-binding"][count(. | //p[@class = 'error-block ng-binding' and @ng-hide = 'CC.errorImage == 200 || CC.errorImage == undefined']) = count(//p[@class = 'error-block ng-binding' and @ng-hide = 'CC.errorImage == 200 || CC.errorImage == undefined'])]' not found

2018-07-24 14:15:32 - [TEST_STEP][PASSED] - Statement - If (com.kms.katalon.core.webui.keyword.WebUiBuiltInKeywords.waitForElementVisible(com.kms.katalon.core.testobject.ObjectRepository.findTestObject(Campaign_OR/Error Message/msg_TCURL), 2)): Web element with id: 'Object Repository/Campaign_OR/Error Message/msg_TCURL' located by 'By.xpath: id("wrapper")/div[@class="content-page"]/div[@class="content"]/div[@class="ng-scope"]/div[@class="row ng-scope"]/div[@class="col-md-7"]/div[@class="widget"]/div[@class="widget-content padding"]/div[@class="form-horizontal"]/div[@class="form-group"]/div[@id="tncUrl"]/p[@class="error-block"][count(. | //p[(text() = 'Invalid format, please follow as http://wwww.example.com' or . = 'Invalid format, please follow as http://wwww.example.com')]) = count(//p[(text() = 'Invalid format, please follow as http://wwww.example.com' or . = 'Invalid format, please follow as http://wwww.example.com')])]' not found

2018-07-24 14:15:34 - [MESSAGE][WARNING] - Web element with id: 'Object Repository/Campaign_OR/Error Message/msg_TCURL' located by 'By.xpath: id("wrapper")/div[@class="content-page"]/div[@class="content"]/div[@class="ng-scope"]/div[@class="row ng-scope"]/div[@class="col-md-7"]/div[@class="widget"]/div[@class="widget-content padding"]/div[@class="form-horizontal"]/div[@class="form-group"]/div[@id="tncUrl"]/p[@class="error-block"][count(. | //p[(text() = 'Invalid format, please follow as http://wwww.example.com' or . = 'Invalid format, please follow as http://wwww.example.com')]) = count(//p[(text() = 'Invalid format, please follow as http://wwww.example.com' or . = 'Invalid format, please follow as http://wwww.example.com')])]' not found

2018-07-24 14:15:34 - [TEST_STEP][PASSED] - Statement - If (emailSender.trim() != ""): Web element with id: 'Object Repository/Campaign_OR/Error Message/msg_sender' located by 'By.xpath: id("emailSender")/p[@class="error-block"]' not found

2018-07-24 14:15:34 - [TEST_STEP][PASSED] - Statement - If (com.kms.katalon.core.webui.keyword.WebUiBuiltInKeywords.waitForElementVisible(com.kms.katalon.core.testobject.ObjectRepository.findTestObject(Campaign_OR/Error Message/msg_sender), 2)): Web element with id: 'Object Repository/Campaign_OR/Error Message/msg_sender' located by 'By.xpath: id("emailSender")/p[@class="error-block"]' not found

2018-07-24 14:15:36 - [MESSAGE][WARNING] - Web element with id: 'Object Repository/Campaign_OR/Error Message/msg_sender' located by 'By.xpath: id("emailSender")/p[@class="error-block"]' not found

2018-07-24 14:15:36 - [TEST_STEP][PASSED] - Statement - If (com.kms.katalon.core.webui.keyword.WebUiBuiltInKeywords.waitForElementVisible(com.kms.katalon.core.testobject.ObjectRepository.findTestObject(Campaign_OR/Error Message/msg_company_logo), 2)): Web element with id: 'Object Repository/Campaign_OR/Error Message/msg_company_logo' located by 'By.xpath: id("companyLogo")/p[@class="error-block ng-binding"][count(. | //p[@class = 'error-block ng-binding' and @ng-hide = 'CC.errorLogo == 200 || CC.errorLogo == undefined']) = count(//p[@class = 'error-block ng-binding' and @ng-hide = 'CC.errorLogo == 200 || CC.errorLogo == undefined'])]' not found

2018-07-24 14:15:38 - [MESSAGE][WARNING] - Web element with id: 'Object Repository/Campaign_OR/Error Message/msg_company_logo' located by 'By.xpath: id("companyLogo")/p[@class="error-block ng-binding"][count(. | //p[@class = 'error-block ng-binding' and @ng-hide = 'CC.errorLogo == 200 || CC.errorLogo == undefined']) = count(//p[@class = 'error-block ng-binding' and @ng-hide = 'CC.errorLogo == 200 || CC.errorLogo == undefined'])]' not found

2018-07-24 14:15:38 - [TEST_STEP][PASSED] - refresh: Refresh successfully

2018-07-24 14:15:39 - [MESSAGE][PASSED] - Refresh successfully

2018-07-24 14:15:39 - [TEST_STEP][PASSED] - Statement - If (verifyError == false): null]]></system-out>
         <system-err><![CDATA[]]></system-err>
      </testcase>
      <testcase name="Test Cases/Merchant Portal/Campaign/TC001 Campaign - verify all case" classname="Test Cases/Merchant Portal/Campaign/TC001 Campaign - verify all case" status="PASSED">
         <system-out><![CDATA[2018-07-24 14:15:39 - [TEST_CASE][PASSED] - Test Cases/Merchant Portal/Campaign/TC001 Campaign - verify all case: Test Cases/Merchant Portal/Campaign/TC001 Campaign - verify all case

2018-07-24 14:15:39 - [TEST_STEP][PASSED] - Statement - randomWords = CustomKeywords.randomWords.GenerateNumber.randomString(4): randomWords.GenerateNumber.randomString is PASSED

2018-07-24 14:15:39 - [MESSAGE][PASSED] - randomWords.GenerateNumber.randomString is PASSED

2018-07-24 14:15:39 - [TEST_STEP][PASSED] - Statement - If (companyName.trim() != ""): null

2018-07-24 14:15:39 - [TEST_STEP][PASSED] - Statement - companyName = companyName + randomWords: null

2018-07-24 14:15:39 - [TEST_STEP][PASSED] - Statement - If (campaignInstruc.trim() != ""): null

2018-07-24 14:15:39 - [TEST_STEP][PASSED] - Statement - campaignInstruc = campaignInstruc + randomWords: null

2018-07-24 14:15:39 - [TEST_STEP][PASSED] - Statement - If (emailSender.trim() != ""): null

2018-07-24 14:15:39 - [TEST_STEP][PASSED] - Statement - email = emailSender: null

2018-07-24 14:15:39 - [TEST_STEP][PASSED] - Statement - splitEmail = email.split("@"): null

2018-07-24 14:15:39 - [TEST_STEP][PASSED] - Statement - numb = length: null

2018-07-24 14:15:39 - [TEST_STEP][PASSED] - Statement - If (numb > 1): null

2018-07-24 14:15:39 - [TEST_STEP][PASSED] - Statement - emailSender = splitEmail[0] + randomWords + "@" + splitEmail[1]: null

2018-07-24 14:15:39 - [TEST_STEP][PASSED] - Statement - If (emailSubject.trim() != ""): null

2018-07-24 14:15:39 - [TEST_STEP][PASSED] - Statement - emailSubject = emailSubject + randomWords: null

2018-07-24 14:15:39 - [TEST_STEP][PASSED] - Statement - If (emailContent.trim() != ""): null

2018-07-24 14:15:39 - [TEST_STEP][PASSED] - Statement - emailContent = emailContent + randomWords: null

2018-07-24 14:15:39 - [TEST_STEP][PASSED] - callTestCase: Call Test Case 'Test Cases/Merchant Portal/Campaign/Campagin Modules/create campaign' successfully

2018-07-24 14:15:39 - [TEST_CASE][PASSED] - Test Cases/Merchant Portal/Campaign/Campagin Modules/create campaign: Test Cases/Merchant Portal/Campaign/Campagin Modules/create campaign

2018-07-24 14:15:39 - [TEST_STEP][PASSED] - Statement - osName = "": null

2018-07-24 14:15:39 - [TEST_STEP][PASSED] - Statement - osName = CustomKeywords.os.DetectOS.getOperatingSystem(osName): os.DetectOS.getOperatingSystem is PASSED

2018-07-24 14:15:39 - [MESSAGE][PASSED] - os.DetectOS.getOperatingSystem is PASSED

2018-07-24 14:15:39 - [TEST_STEP][PASSED] - Statement - splitString = osName.split(): null

2018-07-24 14:15:39 - [TEST_STEP][PASSED] - Statement - os = splitString[0].toString(): null

2018-07-24 14:15:39 - [TEST_STEP][PASSED] - Statement - If (loggedin == false): null

2018-07-24 14:15:39 - [TEST_STEP][PASSED] - Statement - If (accessModule == false): null

2018-07-24 14:15:39 - [TEST_STEP][PASSED] - delay: Delayed 5 second(s)

2018-07-24 14:15:44 - [MESSAGE][PASSED] - Delayed 5 second(s)

2018-07-24 14:15:44 - [TEST_STEP][PASSED] - setText: Text 'Starbucks Reserve LtdFzn4' is set on object 'Object Repository/Campaign_OR/Fields/a.input_company_name'

2018-07-24 14:15:44 - [MESSAGE][PASSED] - Text 'Starbucks Reserve LtdFzn4' is set on object 'Object Repository/Campaign_OR/Fields/a.input_company_name'

2018-07-24 14:15:44 - [TEST_STEP][PASSED] - setText: Text 'Please subscribe with us and redeem a free coffee. Come join us now!Fzn4' is set on object 'Object Repository/Campaign_OR/Fields/b.textarea_campaign_instruction'

2018-07-24 14:15:45 - [MESSAGE][PASSED] - Text 'Please subscribe with us and redeem a free coffee. Come join us now!Fzn4' is set on object 'Object Repository/Campaign_OR/Fields/b.textarea_campaign_instruction'

2018-07-24 14:15:45 - [TEST_STEP][PASSED] - Statement - verifyEmail = false: null

2018-07-24 14:15:45 - [TEST_STEP][PASSED] - Statement - If (radioEmail.toLowerCase() == "true"): null

2018-07-24 14:15:45 - [TEST_STEP][PASSED] - Statement - verifyEmail = true: null

2018-07-24 14:15:45 - [TEST_STEP][PASSED] - Statement - If (verifyEmail == true): Object 'Object Repository/Campaign_OR/input_email' is visible

2018-07-24 14:15:45 - [TEST_STEP][PASSED] - Statement - If (com.kms.katalon.core.webui.keyword.WebUiBuiltInKeywords.verifyElementNotChecked(com.kms.katalon.core.testobject.ObjectRepository.findTestObject(Campaign_OR/Fields/c.checkbox_email), 1, OPTIONAL)): Object 'Object Repository/Campaign_OR/input_email' is visible

2018-07-24 14:15:45 - [MESSAGE][PASSED] - Object 'Object Repository/Campaign_OR/Fields/c.checkbox_email' is not checked

2018-07-24 14:15:45 - [TEST_STEP][PASSED] - delay: Delayed 1 second(s)

2018-07-24 14:15:46 - [MESSAGE][PASSED] - Delayed 1 second(s)

2018-07-24 14:15:46 - [TEST_STEP][PASSED] - click: Object: 'Object Repository/Campaign_OR/Fields/c.checkbox_email' is clicked on

2018-07-24 14:15:46 - [MESSAGE][PASSED] - Object: 'Object Repository/Campaign_OR/Fields/c.checkbox_email' is clicked on

2018-07-24 14:15:46 - [TEST_STEP][PASSED] - verifyElementVisible: Object 'Object Repository/Campaign_OR/input_email' is visible

2018-07-24 14:15:46 - [MESSAGE][PASSED] - Object 'Object Repository/Campaign_OR/input_email' is visible

2018-07-24 14:15:46 - [TEST_STEP][PASSED] - Statement - verifyMobileno = false: null

2018-07-24 14:15:46 - [TEST_STEP][PASSED] - Statement - If (radioMobileno.toLowerCase() == "true"): null

2018-07-24 14:15:46 - [TEST_STEP][PASSED] - Statement - If (verifyMobileno == true): null

2018-07-24 14:15:46 - [TEST_STEP][PASSED] - Statement - Else If (verifyMobileno == false): Object 'Object Repository/Campaign_OR/input_mobileno' is NOT visible

2018-07-24 14:15:46 - [TEST_STEP][PASSED] - Statement - If (com.kms.katalon.core.webui.keyword.WebUiBuiltInKeywords.verifyElementChecked(com.kms.katalon.core.testobject.ObjectRepository.findTestObject(Campaign_OR/Fields/d.checkbox_mobile_number), 1, OPTIONAL)): Object 'Object Repository/Campaign_OR/Fields/d.checkbox_mobile_number' is not checked

2018-07-24 14:15:46 - [MESSAGE][WARNING] - Object 'Object Repository/Campaign_OR/Fields/d.checkbox_mobile_number' is not checked
[[ATTACHMENT|C:\\Users\\kl.chan\\Katalon Studio\\boldreward\\Reports\\TS_Create_Campaign\\TS001 Create Campaign with negative testing\\20180724_140922\\1532412946223.png]]

2018-07-24 14:15:46 - [TEST_STEP][PASSED] - Statement - Else: Object 'Object Repository/Campaign_OR/input_mobileno' is NOT visible

2018-07-24 14:15:46 - [TEST_STEP][PASSED] - verifyElementNotVisible: Object 'Object Repository/Campaign_OR/input_mobileno' is NOT visible

2018-07-24 14:15:46 - [MESSAGE][PASSED] - Object 'Object Repository/Campaign_OR/input_mobileno' is NOT visible

2018-07-24 14:15:46 - [TEST_STEP][PASSED] - Statement - verifyName = false: null

2018-07-24 14:15:46 - [TEST_STEP][PASSED] - Statement - If (radioName.toLowerCase() == "true"): null

2018-07-24 14:15:46 - [TEST_STEP][PASSED] - Statement - If (verifyName == true): null

2018-07-24 14:15:46 - [TEST_STEP][PASSED] - Statement - Else If (verifyName == false): Object 'Object Repository/Campaign_OR/input_name' is NOT visible

2018-07-24 14:15:46 - [TEST_STEP][PASSED] - Statement - If (com.kms.katalon.core.webui.keyword.WebUiBuiltInKeywords.verifyElementChecked(com.kms.katalon.core.testobject.ObjectRepository.findTestObject(Campaign_OR/Fields/e.checkbox_name), 1, OPTIONAL)): Object 'Object Repository/Campaign_OR/Fields/e.checkbox_name' is not checked

2018-07-24 14:15:46 - [MESSAGE][WARNING] - Object 'Object Repository/Campaign_OR/Fields/e.checkbox_name' is not checked
[[ATTACHMENT|C:\\Users\\kl.chan\\Katalon Studio\\boldreward\\Reports\\TS_Create_Campaign\\TS001 Create Campaign with negative testing\\20180724_140922\\1532412946519.png]]

2018-07-24 14:15:46 - [TEST_STEP][PASSED] - Statement - Else: Object 'Object Repository/Campaign_OR/input_name' is NOT visible

2018-07-24 14:15:46 - [TEST_STEP][PASSED] - verifyElementNotVisible: Object 'Object Repository/Campaign_OR/input_name' is NOT visible

2018-07-24 14:15:46 - [MESSAGE][PASSED] - Object 'Object Repository/Campaign_OR/input_name' is NOT visible

2018-07-24 14:15:46 - [TEST_STEP][PASSED] - Statement - verifyGender = false: null

2018-07-24 14:15:46 - [TEST_STEP][PASSED] - Statement - If (radioGender.toLowerCase() == "true"): null

2018-07-24 14:15:46 - [TEST_STEP][PASSED] - Statement - If (verifyGender == true): null

2018-07-24 14:15:46 - [TEST_STEP][PASSED] - Statement - Else If (verifyGender == false): Object 'Object Repository/Campaign_OR/label_Female' is NOT visible

2018-07-24 14:15:46 - [TEST_STEP][PASSED] - Statement - If (com.kms.katalon.core.webui.keyword.WebUiBuiltInKeywords.verifyElementChecked(com.kms.katalon.core.testobject.ObjectRepository.findTestObject(Campaign_OR/Fields/f.checkbox_gender), 1, OPTIONAL)): Object 'Object Repository/Campaign_OR/Fields/f.checkbox_gender' is not checked

2018-07-24 14:15:47 - [MESSAGE][WARNING] - Object 'Object Repository/Campaign_OR/Fields/f.checkbox_gender' is not checked
[[ATTACHMENT|C:\\Users\\kl.chan\\Katalon Studio\\boldreward\\Reports\\TS_Create_Campaign\\TS001 Create Campaign with negative testing\\20180724_140922\\1532412946808.png]]

2018-07-24 14:15:47 - [TEST_STEP][PASSED] - Statement - Else: Object 'Object Repository/Campaign_OR/label_Female' is NOT visible

2018-07-24 14:15:47 - [TEST_STEP][PASSED] - verifyElementNotVisible: Object 'Object Repository/Campaign_OR/label_Male' is NOT visible

2018-07-24 14:15:47 - [MESSAGE][PASSED] - Object 'Object Repository/Campaign_OR/label_Male' is NOT visible

2018-07-24 14:15:47 - [TEST_STEP][PASSED] - verifyElementNotVisible: Object 'Object Repository/Campaign_OR/label_Female' is NOT visible

2018-07-24 14:15:47 - [MESSAGE][PASSED] - Object 'Object Repository/Campaign_OR/label_Female' is NOT visible

2018-07-24 14:15:47 - [TEST_STEP][PASSED] - Statement - verifyDOB = false: null

2018-07-24 14:15:47 - [TEST_STEP][PASSED] - Statement - If (radioDOB.toLowerCase() == "true"): null

2018-07-24 14:15:47 - [TEST_STEP][PASSED] - Statement - If (verifyDOB == true): null

2018-07-24 14:15:47 - [TEST_STEP][PASSED] - Statement - Else If (verifyDOB == false): Object 'Object Repository/Campaign_OR/input_datepicker' is NOT visible

2018-07-24 14:15:47 - [TEST_STEP][PASSED] - Statement - If (com.kms.katalon.core.webui.keyword.WebUiBuiltInKeywords.verifyElementChecked(com.kms.katalon.core.testobject.ObjectRepository.findTestObject(Campaign_OR/Fields/g.checkbox_dob), 1, OPTIONAL)): Object 'Object Repository/Campaign_OR/Fields/g.checkbox_dob' is not checked

2018-07-24 14:15:47 - [MESSAGE][WARNING] - Object 'Object Repository/Campaign_OR/Fields/g.checkbox_dob' is not checked
[[ATTACHMENT|C:\\Users\\kl.chan\\Katalon Studio\\boldreward\\Reports\\TS_Create_Campaign\\TS001 Create Campaign with negative testing\\20180724_140922\\1532412947132.png]]

2018-07-24 14:15:47 - [TEST_STEP][PASSED] - Statement - Else: Object 'Object Repository/Campaign_OR/input_datepicker' is NOT visible

2018-07-24 14:15:47 - [TEST_STEP][PASSED] - verifyElementNotVisible: Object 'Object Repository/Campaign_OR/input_datepicker' is NOT visible

2018-07-24 14:15:47 - [MESSAGE][PASSED] - Object 'Object Repository/Campaign_OR/input_datepicker' is NOT visible

2018-07-24 14:15:47 - [TEST_STEP][PASSED] - Statement - filepath = "": null

2018-07-24 14:15:47 - [TEST_STEP][PASSED] - Statement - If (os == "Windows"): null

2018-07-24 14:15:47 - [TEST_STEP][PASSED] - Statement - filepath = campaignImagePath: null

2018-07-24 14:15:47 - [TEST_STEP][PASSED] - Statement - verifyImgName = "": null

2018-07-24 14:15:47 - [TEST_STEP][PASSED] - Statement - uploadedImg = false: null

2018-07-24 14:15:47 - [TEST_STEP][PASSED] - Statement - If (filepath.trim() != "" && campaignImage.trim() != ""): null

2018-07-24 14:15:47 - [TEST_STEP][PASSED] - sendKeys: Keys 'C:\Users\kl.chan\Katalon Studio\boldreward\Images\Campaign Image\starbucks copy.jpg' sent to object: 'Object Repository/Campaign_OR/Fields/h.button_campaign_image_1'

2018-07-24 14:15:47 - [MESSAGE][PASSED] - Keys 'C:\Users\kl.chan\Katalon Studio\boldreward\Images\Campaign Image\starbucks copy.jpg' sent to object: 'Object Repository/Campaign_OR/Fields/h.button_campaign_image_1'

2018-07-24 14:15:47 - [TEST_STEP][PASSED] - delay: Delayed 1 second(s)

2018-07-24 14:15:48 - [MESSAGE][PASSED] - Delayed 1 second(s)

2018-07-24 14:15:48 - [TEST_STEP][PASSED] - Statement - If (com.kms.katalon.core.webui.keyword.WebUiBuiltInKeywords.waitForElementVisible(com.kms.katalon.core.testobject.ObjectRepository.findTestObject(Campaign_OR/uploadedCampaignImg), 30)): null

2018-07-24 14:15:48 - [MESSAGE][PASSED] - Object 'Object Repository/Campaign_OR/uploadedCampaignImg' is visible

2018-07-24 14:15:48 - [TEST_STEP][PASSED] - Statement - verifyImgName = com.kms.katalon.core.webui.keyword.WebUiBuiltInKeywords.getText(com.kms.katalon.core.testobject.ObjectRepository.findTestObject(Campaign_OR/uploadedCampaignImg)): Text of object 'Object Repository/Campaign_OR/uploadedCampaignImg' is: 'starbucks copy.jpg'

2018-07-24 14:15:48 - [MESSAGE][PASSED] - Text of object 'Object Repository/Campaign_OR/uploadedCampaignImg' is: 'starbucks copy.jpg'

2018-07-24 14:15:48 - [TEST_STEP][PASSED] - Statement - If (verifyImgName.equals(campaignImage) == true): null

2018-07-24 14:15:48 - [TEST_STEP][PASSED] - Statement - uploadedImg = true: null

2018-07-24 14:15:48 - [TEST_STEP][PASSED] - setText: Text 'http://www.starbucks.com.my/' is set on object 'Object Repository/Campaign_OR/Fields/i.k.input_tnc'

2018-07-24 14:15:48 - [MESSAGE][PASSED] - Text 'http://www.starbucks.com.my/' is set on object 'Object Repository/Campaign_OR/Fields/i.k.input_tnc'

2018-07-24 14:15:48 - [TEST_STEP][PASSED] - setText: Text 'kl.chanFzn4@macrokiosk.com' is set on object 'Object Repository/Campaign_OR/Fields/j.input_sender'

2018-07-24 14:15:49 - [MESSAGE][PASSED] - Text 'kl.chanFzn4@macrokiosk.com' is set on object 'Object Repository/Campaign_OR/Fields/j.input_sender'

2018-07-24 14:15:49 - [TEST_STEP][PASSED] - setText: Text 'Starbucks Reserve @ SITFzn4' is set on object 'Object Repository/Campaign_OR/Fields/k.input_subject'

2018-07-24 14:15:49 - [MESSAGE][PASSED] - Text 'Starbucks Reserve @ SITFzn4' is set on object 'Object Repository/Campaign_OR/Fields/k.input_subject'

2018-07-24 14:15:49 - [TEST_STEP][PASSED] - setText: Text 'Hello User, Welcome to our Starbucks Reserve @ SIT. Come subscribe with us and redeem more rewards.Fzn4' is set on object 'Object Repository/Campaign_OR/Fields/l.textarea_content'

2018-07-24 14:15:49 - [MESSAGE][PASSED] - Text 'Hello User, Welcome to our Starbucks Reserve @ SIT. Come subscribe with us and redeem more rewards.Fzn4' is set on object 'Object Repository/Campaign_OR/Fields/l.textarea_content'

2018-07-24 14:15:49 - [TEST_STEP][PASSED] - Statement - filepath = "": null

2018-07-24 14:15:49 - [TEST_STEP][PASSED] - Statement - If (os == "Windows"): null

2018-07-24 14:15:49 - [TEST_STEP][PASSED] - Statement - filepath = companyLogoPath: null

2018-07-24 14:15:49 - [TEST_STEP][PASSED] - Statement - verifyImgName = "": null

2018-07-24 14:15:49 - [TEST_STEP][PASSED] - Statement - uploadedImg = false: null

2018-07-24 14:15:49 - [TEST_STEP][PASSED] - Statement - reuploadCount = 0: null

2018-07-24 14:15:49 - [TEST_STEP][PASSED] - Statement - If (filepath.trim() != "" && companyLogo.trim() != ""): null

2018-07-24 14:15:49 - [TEST_STEP][PASSED] - Statement - If (rewardCode == true): null

2018-07-24 14:15:49 - [TEST_STEP][PASSED] - Statement - Else If (rewardCode == false): Object: 'Object Repository/Campaign_OR/Fields/n.label_No' is clicked on

2018-07-24 14:15:49 - [TEST_STEP][PASSED] - click: Object: 'Object Repository/Campaign_OR/Fields/n.label_No' is clicked on

2018-07-24 14:15:49 - [MESSAGE][PASSED] - Object: 'Object Repository/Campaign_OR/Fields/n.label_No' is clicked on

2018-07-24 14:15:49 - [TEST_STEP][PASSED] - verifyElementChecked: Object 'Object Repository/Campaign_OR/Fields/radio_No' is checked

2018-07-24 14:15:49 - [MESSAGE][PASSED] - Object 'Object Repository/Campaign_OR/Fields/radio_No' is checked

2018-07-24 14:15:49 - [TEST_STEP][PASSED] - verifyElementChecked: Object 'Object Repository/Campaign_OR/Fields/radio_Yes' is not checked

2018-07-24 14:15:50 - [MESSAGE][WARNING] - Object 'Object Repository/Campaign_OR/Fields/radio_Yes' is not checked
[[ATTACHMENT|C:\\Users\\kl.chan\\Katalon Studio\\boldreward\\Reports\\TS_Create_Campaign\\TS001 Create Campaign with negative testing\\20180724_140922\\1532412950003.png]]

2018-07-24 14:15:50 - [TEST_STEP][PASSED] - click: Object: 'Object Repository/Campaign_OR/button_Save' is clicked on

2018-07-24 14:15:50 - [MESSAGE][PASSED] - Object: 'Object Repository/Campaign_OR/button_Save' is clicked on

2018-07-24 14:15:50 - [TEST_STEP][PASSED] - delay: Delayed 2 second(s)

2018-07-24 14:15:52 - [MESSAGE][PASSED] - Delayed 2 second(s)

2018-07-24 14:15:52 - [MESSAGE][PASSED] - Call Test Case 'Test Cases/Merchant Portal/Campaign/Campagin Modules/create campaign' successfully

2018-07-24 14:15:52 - [TEST_STEP][PASSED] - Statement - updateFailed = false: null

2018-07-24 14:15:52 - [TEST_STEP][PASSED] - Statement - If (com.kms.katalon.core.webui.keyword.WebUiBuiltInKeywords.waitForElementVisible(com.kms.katalon.core.testobject.ObjectRepository.findTestObject(a.Not_Assigned_OR/alert_msg_top), 3)): null

2018-07-24 14:15:52 - [MESSAGE][PASSED] - Object 'Object Repository/a.Not_Assigned_OR/alert_msg_top' is visible

2018-07-24 14:15:52 - [TEST_STEP][PASSED] - Statement - verifyPopoutMsg = com.kms.katalon.core.webui.keyword.WebUiBuiltInKeywords.getText(com.kms.katalon.core.testobject.ObjectRepository.findTestObject(a.Not_Assigned_OR/alert_msg_top)): Text of object 'Object Repository/a.Not_Assigned_OR/alert_msg_top' is: 'Oops! Invalid inputs, please try again.'

2018-07-24 14:15:52 - [MESSAGE][PASSED] - Text of object 'Object Repository/a.Not_Assigned_OR/alert_msg_top' is: 'Oops! Invalid inputs, please try again.'

2018-07-24 14:15:52 - [TEST_STEP][PASSED] - Statement - If (verifyPopoutMsg.equals(msgServer) == true): null

2018-07-24 14:15:52 - [TEST_STEP][PASSED] - Statement - updateFailed = true: null

2018-07-24 14:15:52 - [TEST_STEP][PASSED] - Statement - updateSuccess = false: null

2018-07-24 14:15:52 - [TEST_STEP][PASSED] - Statement - If (com.kms.katalon.core.webui.keyword.WebUiBuiltInKeywords.waitForElementVisible(com.kms.katalon.core.testobject.ObjectRepository.findTestObject(Campaign_OR/Error Message/msg_edit_success), 3)): Web element with id: 'Object Repository/Campaign_OR/Error Message/msg_edit_success' located by 'By.xpath: id("errorMessage")/p[@class="error-block"]' not found

2018-07-24 14:15:55 - [MESSAGE][WARNING] - Web element with id: 'Object Repository/Campaign_OR/Error Message/msg_edit_success' located by 'By.xpath: id("errorMessage")/p[@class="error-block"]' not found

2018-07-24 14:15:55 - [TEST_STEP][PASSED] - Statement - createSuccess = false: null

2018-07-24 14:15:55 - [TEST_STEP][PASSED] - Statement - If (com.kms.katalon.core.webui.keyword.WebUiBuiltInKeywords.waitForElementVisible(com.kms.katalon.core.testobject.ObjectRepository.findTestObject(Home_OR/label_home), 3)): Web element with id: 'Object Repository/Home_OR/label_home' located by 'By.xpath: id("wrapper")/div[@class="content-page"]/div[@class="content"]/div[@class="ng-scope"]/div[@class="ng-scope"]/div[@class="page-heading"]/h1[1][count(. | //h1[(text() = ' Home' or . = ' Home')]) = count(//h1[(text() = ' Home' or . = ' Home')])]' not found

2018-07-24 14:15:58 - [MESSAGE][WARNING] - Web element with id: 'Object Repository/Home_OR/label_home' located by 'By.xpath: id("wrapper")/div[@class="content-page"]/div[@class="content"]/div[@class="ng-scope"]/div[@class="ng-scope"]/div[@class="page-heading"]/h1[1][count(. | //h1[(text() = ' Home' or . = ' Home')]) = count(//h1[(text() = ' Home' or . = ' Home')])]' not found

2018-07-24 14:15:58 - [TEST_STEP][PASSED] - Statement - If (updateSuccess == true): null

2018-07-24 14:15:58 - [TEST_STEP][PASSED] - Statement - Else If (updateFailed == true): null

2018-07-24 14:15:58 - [TEST_STEP][PASSED] - Statement - verifyError = false: null

2018-07-24 14:15:58 - [TEST_STEP][PASSED] - Statement - If (companyName.trim() == ""): null

2018-07-24 14:15:58 - [TEST_STEP][PASSED] - Statement - If (campaignInstruc.trim() == ""): null

2018-07-24 14:15:58 - [TEST_STEP][PASSED] - Statement - If (radioEmail.toLowerCase() == "false"): null

2018-07-24 14:15:58 - [TEST_STEP][PASSED] - Statement - campaignImgName = com.kms.katalon.core.webui.keyword.WebUiBuiltInKeywords.getText(com.kms.katalon.core.testobject.ObjectRepository.findTestObject(Campaign_OR/uploadedCampaignImg)): Text of object 'Object Repository/Campaign_OR/uploadedCampaignImg' is: 'starbucks copy.jpg'

2018-07-24 14:15:58 - [MESSAGE][PASSED] - Text of object 'Object Repository/Campaign_OR/uploadedCampaignImg' is: 'starbucks copy.jpg'

2018-07-24 14:15:58 - [TEST_STEP][PASSED] - Statement - If (campaignImgName == ""): null

2018-07-24 14:15:58 - [TEST_STEP][PASSED] - Statement - If (emailSender.trim() == ""): null

2018-07-24 14:15:58 - [TEST_STEP][PASSED] - Statement - If (emailSubject.trim() == ""): null

2018-07-24 14:15:58 - [TEST_STEP][PASSED] - Statement - If (emailContent.trim() == ""): null

2018-07-24 14:15:58 - [TEST_STEP][PASSED] - Statement - companyLogoName = com.kms.katalon.core.webui.keyword.WebUiBuiltInKeywords.getText(com.kms.katalon.core.testobject.ObjectRepository.findTestObject(Campaign_OR/uploadedCompanyLogo)): Text of object 'Object Repository/Campaign_OR/uploadedCompanyLogo' is: ''

2018-07-24 14:15:58 - [MESSAGE][PASSED] - Text of object 'Object Repository/Campaign_OR/uploadedCompanyLogo' is: ''

2018-07-24 14:15:58 - [TEST_STEP][PASSED] - Statement - If (companyLogoName == ""): null

2018-07-24 14:15:58 - [TEST_STEP][PASSED] - verifyElementVisible: Object 'Object Repository/Campaign_OR/Error Message/msg_company_logo2' is visible

2018-07-24 14:15:58 - [MESSAGE][PASSED] - Object 'Object Repository/Campaign_OR/Error Message/msg_company_logo2' is visible

2018-07-24 14:15:58 - [TEST_STEP][PASSED] - Statement - verifyEmptyCampaignImg = com.kms.katalon.core.webui.keyword.WebUiBuiltInKeywords.getText(com.kms.katalon.core.testobject.ObjectRepository.findTestObject(Campaign_OR/Error Message/msg_company_logo2)): Text of object 'Object Repository/Campaign_OR/Error Message/msg_company_logo2' is: 'Please complete this field.'

2018-07-24 14:15:58 - [MESSAGE][PASSED] - Text of object 'Object Repository/Campaign_OR/Error Message/msg_company_logo2' is: 'Please complete this field.'

2018-07-24 14:15:58 - [TEST_STEP][PASSED] - verifyMatch: Actual text 'Please complete this field.' and expected text 'Please complete this field.' are matched  using regular expression

2018-07-24 14:15:58 - [MESSAGE][PASSED] - Actual text 'Please complete this field.' and expected text 'Please complete this field.' are matched  using regular expression

2018-07-24 14:15:58 - [TEST_STEP][PASSED] - Statement - verifyError = true: null

2018-07-24 14:15:58 - [TEST_STEP][PASSED] - Statement - If (com.kms.katalon.core.webui.keyword.WebUiBuiltInKeywords.waitForElementVisible(com.kms.katalon.core.testobject.ObjectRepository.findTestObject(Campaign_OR/Error Message/msg_cpgn_image2), 2)): Web element with id: 'Object Repository/Campaign_OR/Error Message/msg_cpgn_image2' located by 'By.xpath: id("campaignImage")/p[@class="error-block ng-binding"][count(. | //p[@class = 'error-block ng-binding' and @ng-hide = 'CC.errorImage == 200 || CC.errorImage == undefined']) = count(//p[@class = 'error-block ng-binding' and @ng-hide = 'CC.errorImage == 200 || CC.errorImage == undefined'])]' not found

2018-07-24 14:16:00 - [MESSAGE][WARNING] - Web element with id: 'Object Repository/Campaign_OR/Error Message/msg_cpgn_image2' located by 'By.xpath: id("campaignImage")/p[@class="error-block ng-binding"][count(. | //p[@class = 'error-block ng-binding' and @ng-hide = 'CC.errorImage == 200 || CC.errorImage == undefined']) = count(//p[@class = 'error-block ng-binding' and @ng-hide = 'CC.errorImage == 200 || CC.errorImage == undefined'])]' not found

2018-07-24 14:16:00 - [TEST_STEP][PASSED] - Statement - If (com.kms.katalon.core.webui.keyword.WebUiBuiltInKeywords.waitForElementVisible(com.kms.katalon.core.testobject.ObjectRepository.findTestObject(Campaign_OR/Error Message/msg_TCURL), 2)): Web element with id: 'Object Repository/Campaign_OR/Error Message/msg_TCURL' located by 'By.xpath: id("wrapper")/div[@class="content-page"]/div[@class="content"]/div[@class="ng-scope"]/div[@class="row ng-scope"]/div[@class="col-md-7"]/div[@class="widget"]/div[@class="widget-content padding"]/div[@class="form-horizontal"]/div[@class="form-group"]/div[@id="tncUrl"]/p[@class="error-block"][count(. | //p[(text() = 'Invalid format, please follow as http://wwww.example.com' or . = 'Invalid format, please follow as http://wwww.example.com')]) = count(//p[(text() = 'Invalid format, please follow as http://wwww.example.com' or . = 'Invalid format, please follow as http://wwww.example.com')])]' not found

2018-07-24 14:16:02 - [MESSAGE][WARNING] - Web element with id: 'Object Repository/Campaign_OR/Error Message/msg_TCURL' located by 'By.xpath: id("wrapper")/div[@class="content-page"]/div[@class="content"]/div[@class="ng-scope"]/div[@class="row ng-scope"]/div[@class="col-md-7"]/div[@class="widget"]/div[@class="widget-content padding"]/div[@class="form-horizontal"]/div[@class="form-group"]/div[@id="tncUrl"]/p[@class="error-block"][count(. | //p[(text() = 'Invalid format, please follow as http://wwww.example.com' or . = 'Invalid format, please follow as http://wwww.example.com')]) = count(//p[(text() = 'Invalid format, please follow as http://wwww.example.com' or . = 'Invalid format, please follow as http://wwww.example.com')])]' not found

2018-07-24 14:16:02 - [TEST_STEP][PASSED] - Statement - If (emailSender.trim() != ""): Web element with id: 'Object Repository/Campaign_OR/Error Message/msg_sender' located by 'By.xpath: id("emailSender")/p[@class="error-block"]' not found

2018-07-24 14:16:02 - [TEST_STEP][PASSED] - Statement - If (com.kms.katalon.core.webui.keyword.WebUiBuiltInKeywords.waitForElementVisible(com.kms.katalon.core.testobject.ObjectRepository.findTestObject(Campaign_OR/Error Message/msg_sender), 2)): Web element with id: 'Object Repository/Campaign_OR/Error Message/msg_sender' located by 'By.xpath: id("emailSender")/p[@class="error-block"]' not found

2018-07-24 14:16:04 - [MESSAGE][WARNING] - Web element with id: 'Object Repository/Campaign_OR/Error Message/msg_sender' located by 'By.xpath: id("emailSender")/p[@class="error-block"]' not found

2018-07-24 14:16:04 - [TEST_STEP][PASSED] - Statement - If (com.kms.katalon.core.webui.keyword.WebUiBuiltInKeywords.waitForElementVisible(com.kms.katalon.core.testobject.ObjectRepository.findTestObject(Campaign_OR/Error Message/msg_company_logo), 2)): Web element with id: 'Object Repository/Campaign_OR/Error Message/msg_company_logo' located by 'By.xpath: id("companyLogo")/p[@class="error-block ng-binding"][count(. | //p[@class = 'error-block ng-binding' and @ng-hide = 'CC.errorLogo == 200 || CC.errorLogo == undefined']) = count(//p[@class = 'error-block ng-binding' and @ng-hide = 'CC.errorLogo == 200 || CC.errorLogo == undefined'])]' not found

2018-07-24 14:16:06 - [MESSAGE][WARNING] - Web element with id: 'Object Repository/Campaign_OR/Error Message/msg_company_logo' located by 'By.xpath: id("companyLogo")/p[@class="error-block ng-binding"][count(. | //p[@class = 'error-block ng-binding' and @ng-hide = 'CC.errorLogo == 200 || CC.errorLogo == undefined']) = count(//p[@class = 'error-block ng-binding' and @ng-hide = 'CC.errorLogo == 200 || CC.errorLogo == undefined'])]' not found

2018-07-24 14:16:06 - [TEST_STEP][PASSED] - refresh: Refresh successfully

2018-07-24 14:16:07 - [MESSAGE][PASSED] - Refresh successfully

2018-07-24 14:16:07 - [TEST_STEP][PASSED] - Statement - If (verifyError == false): null]]></system-out>
         <system-err><![CDATA[]]></system-err>
      </testcase>
      <testcase name="Test Cases/Merchant Portal/Campaign/TC001 Campaign - verify all case" classname="Test Cases/Merchant Portal/Campaign/TC001 Campaign - verify all case" status="PASSED">
         <system-out><![CDATA[2018-07-24 14:16:07 - [TEST_CASE][PASSED] - Test Cases/Merchant Portal/Campaign/TC001 Campaign - verify all case: Test Cases/Merchant Portal/Campaign/TC001 Campaign - verify all case

2018-07-24 14:16:07 - [TEST_STEP][PASSED] - Statement - randomWords = CustomKeywords.randomWords.GenerateNumber.randomString(4): randomWords.GenerateNumber.randomString is PASSED

2018-07-24 14:16:07 - [MESSAGE][PASSED] - randomWords.GenerateNumber.randomString is PASSED

2018-07-24 14:16:07 - [TEST_STEP][PASSED] - Statement - If (companyName.trim() != ""): null

2018-07-24 14:16:07 - [TEST_STEP][PASSED] - Statement - companyName = companyName + randomWords: null

2018-07-24 14:16:07 - [TEST_STEP][PASSED] - Statement - If (campaignInstruc.trim() != ""): null

2018-07-24 14:16:07 - [TEST_STEP][PASSED] - Statement - campaignInstruc = campaignInstruc + randomWords: null

2018-07-24 14:16:07 - [TEST_STEP][PASSED] - Statement - If (emailSender.trim() != ""): null

2018-07-24 14:16:07 - [TEST_STEP][PASSED] - Statement - email = emailSender: null

2018-07-24 14:16:07 - [TEST_STEP][PASSED] - Statement - splitEmail = email.split("@"): null

2018-07-24 14:16:07 - [TEST_STEP][PASSED] - Statement - numb = length: null

2018-07-24 14:16:07 - [TEST_STEP][PASSED] - Statement - If (numb > 1): null

2018-07-24 14:16:07 - [TEST_STEP][PASSED] - Statement - emailSender = splitEmail[0] + randomWords + "@" + splitEmail[1]: null

2018-07-24 14:16:07 - [TEST_STEP][PASSED] - Statement - If (emailSubject.trim() != ""): null

2018-07-24 14:16:07 - [TEST_STEP][PASSED] - Statement - emailSubject = emailSubject + randomWords: null

2018-07-24 14:16:07 - [TEST_STEP][PASSED] - Statement - If (emailContent.trim() != ""): null

2018-07-24 14:16:07 - [TEST_STEP][PASSED] - Statement - emailContent = emailContent + randomWords: null

2018-07-24 14:16:07 - [TEST_STEP][PASSED] - callTestCase: Call Test Case 'Test Cases/Merchant Portal/Campaign/Campagin Modules/create campaign' successfully

2018-07-24 14:16:07 - [TEST_CASE][PASSED] - Test Cases/Merchant Portal/Campaign/Campagin Modules/create campaign: Test Cases/Merchant Portal/Campaign/Campagin Modules/create campaign

2018-07-24 14:16:07 - [TEST_STEP][PASSED] - Statement - osName = "": null

2018-07-24 14:16:07 - [TEST_STEP][PASSED] - Statement - osName = CustomKeywords.os.DetectOS.getOperatingSystem(osName): os.DetectOS.getOperatingSystem is PASSED

2018-07-24 14:16:07 - [MESSAGE][PASSED] - os.DetectOS.getOperatingSystem is PASSED

2018-07-24 14:16:07 - [TEST_STEP][PASSED] - Statement - splitString = osName.split(): null

2018-07-24 14:16:07 - [TEST_STEP][PASSED] - Statement - os = splitString[0].toString(): null

2018-07-24 14:16:07 - [TEST_STEP][PASSED] - Statement - If (loggedin == false): null

2018-07-24 14:16:07 - [TEST_STEP][PASSED] - Statement - If (accessModule == false): null

2018-07-24 14:16:07 - [TEST_STEP][PASSED] - delay: Delayed 5 second(s)

2018-07-24 14:16:12 - [MESSAGE][PASSED] - Delayed 5 second(s)

2018-07-24 14:16:12 - [TEST_STEP][PASSED] - setText: Text 'Starbucks Reserve LtdiWDq' is set on object 'Object Repository/Campaign_OR/Fields/a.input_company_name'

2018-07-24 14:16:13 - [MESSAGE][PASSED] - Text 'Starbucks Reserve LtdiWDq' is set on object 'Object Repository/Campaign_OR/Fields/a.input_company_name'

2018-07-24 14:16:13 - [TEST_STEP][PASSED] - setText: Text 'Please subscribe with us and redeem a free coffee. Come join us now!iWDq' is set on object 'Object Repository/Campaign_OR/Fields/b.textarea_campaign_instruction'

2018-07-24 14:16:13 - [MESSAGE][PASSED] - Text 'Please subscribe with us and redeem a free coffee. Come join us now!iWDq' is set on object 'Object Repository/Campaign_OR/Fields/b.textarea_campaign_instruction'

2018-07-24 14:16:13 - [TEST_STEP][PASSED] - Statement - verifyEmail = false: null

2018-07-24 14:16:13 - [TEST_STEP][PASSED] - Statement - If (radioEmail.toLowerCase() == "true"): null

2018-07-24 14:16:13 - [TEST_STEP][PASSED] - Statement - verifyEmail = true: null

2018-07-24 14:16:13 - [TEST_STEP][PASSED] - Statement - If (verifyEmail == true): Object 'Object Repository/Campaign_OR/input_email' is visible

2018-07-24 14:16:13 - [TEST_STEP][PASSED] - Statement - If (com.kms.katalon.core.webui.keyword.WebUiBuiltInKeywords.verifyElementNotChecked(com.kms.katalon.core.testobject.ObjectRepository.findTestObject(Campaign_OR/Fields/c.checkbox_email), 1, OPTIONAL)): Object 'Object Repository/Campaign_OR/input_email' is visible

2018-07-24 14:16:13 - [MESSAGE][PASSED] - Object 'Object Repository/Campaign_OR/Fields/c.checkbox_email' is not checked

2018-07-24 14:16:13 - [TEST_STEP][PASSED] - delay: Delayed 1 second(s)

2018-07-24 14:16:14 - [MESSAGE][PASSED] - Delayed 1 second(s)

2018-07-24 14:16:14 - [TEST_STEP][PASSED] - click: Object: 'Object Repository/Campaign_OR/Fields/c.checkbox_email' is clicked on

2018-07-24 14:16:14 - [MESSAGE][PASSED] - Object: 'Object Repository/Campaign_OR/Fields/c.checkbox_email' is clicked on

2018-07-24 14:16:14 - [TEST_STEP][PASSED] - verifyElementVisible: Object 'Object Repository/Campaign_OR/input_email' is visible

2018-07-24 14:16:14 - [MESSAGE][PASSED] - Object 'Object Repository/Campaign_OR/input_email' is visible

2018-07-24 14:16:14 - [TEST_STEP][PASSED] - Statement - verifyMobileno = false: null

2018-07-24 14:16:14 - [TEST_STEP][PASSED] - Statement - If (radioMobileno.toLowerCase() == "true"): null

2018-07-24 14:16:14 - [TEST_STEP][PASSED] - Statement - If (verifyMobileno == true): null

2018-07-24 14:16:14 - [TEST_STEP][PASSED] - Statement - Else If (verifyMobileno == false): Object 'Object Repository/Campaign_OR/input_mobileno' is NOT visible

2018-07-24 14:16:14 - [TEST_STEP][PASSED] - Statement - If (com.kms.katalon.core.webui.keyword.WebUiBuiltInKeywords.verifyElementChecked(com.kms.katalon.core.testobject.ObjectRepository.findTestObject(Campaign_OR/Fields/d.checkbox_mobile_number), 1, OPTIONAL)): Object 'Object Repository/Campaign_OR/Fields/d.checkbox_mobile_number' is not checked

2018-07-24 14:16:14 - [MESSAGE][WARNING] - Object 'Object Repository/Campaign_OR/Fields/d.checkbox_mobile_number' is not checked
[[ATTACHMENT|C:\\Users\\kl.chan\\Katalon Studio\\boldreward\\Reports\\TS_Create_Campaign\\TS001 Create Campaign with negative testing\\20180724_140922\\1532412974747.png]]

2018-07-24 14:16:14 - [TEST_STEP][PASSED] - Statement - Else: Object 'Object Repository/Campaign_OR/input_mobileno' is NOT visible

2018-07-24 14:16:14 - [TEST_STEP][PASSED] - verifyElementNotVisible: Object 'Object Repository/Campaign_OR/input_mobileno' is NOT visible

2018-07-24 14:16:15 - [MESSAGE][PASSED] - Object 'Object Repository/Campaign_OR/input_mobileno' is NOT visible

2018-07-24 14:16:15 - [TEST_STEP][PASSED] - Statement - verifyName = false: null

2018-07-24 14:16:15 - [TEST_STEP][PASSED] - Statement - If (radioName.toLowerCase() == "true"): null

2018-07-24 14:16:15 - [TEST_STEP][PASSED] - Statement - If (verifyName == true): null

2018-07-24 14:16:15 - [TEST_STEP][PASSED] - Statement - Else If (verifyName == false): Object 'Object Repository/Campaign_OR/input_name' is NOT visible

2018-07-24 14:16:15 - [TEST_STEP][PASSED] - Statement - If (com.kms.katalon.core.webui.keyword.WebUiBuiltInKeywords.verifyElementChecked(com.kms.katalon.core.testobject.ObjectRepository.findTestObject(Campaign_OR/Fields/e.checkbox_name), 1, OPTIONAL)): Object 'Object Repository/Campaign_OR/Fields/e.checkbox_name' is not checked

2018-07-24 14:16:15 - [MESSAGE][WARNING] - Object 'Object Repository/Campaign_OR/Fields/e.checkbox_name' is not checked
[[ATTACHMENT|C:\\Users\\kl.chan\\Katalon Studio\\boldreward\\Reports\\TS_Create_Campaign\\TS001 Create Campaign with negative testing\\20180724_140922\\1532412975047.png]]

2018-07-24 14:16:15 - [TEST_STEP][PASSED] - Statement - Else: Object 'Object Repository/Campaign_OR/input_name' is NOT visible

2018-07-24 14:16:15 - [TEST_STEP][PASSED] - verifyElementNotVisible: Object 'Object Repository/Campaign_OR/input_name' is NOT visible

2018-07-24 14:16:15 - [MESSAGE][PASSED] - Object 'Object Repository/Campaign_OR/input_name' is NOT visible

2018-07-24 14:16:15 - [TEST_STEP][PASSED] - Statement - verifyGender = false: null

2018-07-24 14:16:15 - [TEST_STEP][PASSED] - Statement - If (radioGender.toLowerCase() == "true"): null

2018-07-24 14:16:15 - [TEST_STEP][PASSED] - Statement - If (verifyGender == true): null

2018-07-24 14:16:15 - [TEST_STEP][PASSED] - Statement - Else If (verifyGender == false): Object 'Object Repository/Campaign_OR/label_Female' is NOT visible

2018-07-24 14:16:15 - [TEST_STEP][PASSED] - Statement - If (com.kms.katalon.core.webui.keyword.WebUiBuiltInKeywords.verifyElementChecked(com.kms.katalon.core.testobject.ObjectRepository.findTestObject(Campaign_OR/Fields/f.checkbox_gender), 1, OPTIONAL)): Object 'Object Repository/Campaign_OR/Fields/f.checkbox_gender' is not checked

2018-07-24 14:16:15 - [MESSAGE][WARNING] - Object 'Object Repository/Campaign_OR/Fields/f.checkbox_gender' is not checked
[[ATTACHMENT|C:\\Users\\kl.chan\\Katalon Studio\\boldreward\\Reports\\TS_Create_Campaign\\TS001 Create Campaign with negative testing\\20180724_140922\\1532412975345.png]]

2018-07-24 14:16:15 - [TEST_STEP][PASSED] - Statement - Else: Object 'Object Repository/Campaign_OR/label_Female' is NOT visible

2018-07-24 14:16:15 - [TEST_STEP][PASSED] - verifyElementNotVisible: Object 'Object Repository/Campaign_OR/label_Male' is NOT visible

2018-07-24 14:16:15 - [MESSAGE][PASSED] - Object 'Object Repository/Campaign_OR/label_Male' is NOT visible

2018-07-24 14:16:15 - [TEST_STEP][PASSED] - verifyElementNotVisible: Object 'Object Repository/Campaign_OR/label_Female' is NOT visible

2018-07-24 14:16:15 - [MESSAGE][PASSED] - Object 'Object Repository/Campaign_OR/label_Female' is NOT visible

2018-07-24 14:16:15 - [TEST_STEP][PASSED] - Statement - verifyDOB = false: null

2018-07-24 14:16:15 - [TEST_STEP][PASSED] - Statement - If (radioDOB.toLowerCase() == "true"): null

2018-07-24 14:16:15 - [TEST_STEP][PASSED] - Statement - If (verifyDOB == true): null

2018-07-24 14:16:15 - [TEST_STEP][PASSED] - Statement - Else If (verifyDOB == false): Object 'Object Repository/Campaign_OR/input_datepicker' is NOT visible

2018-07-24 14:16:15 - [TEST_STEP][PASSED] - Statement - If (com.kms.katalon.core.webui.keyword.WebUiBuiltInKeywords.verifyElementChecked(com.kms.katalon.core.testobject.ObjectRepository.findTestObject(Campaign_OR/Fields/g.checkbox_dob), 1, OPTIONAL)): Object 'Object Repository/Campaign_OR/Fields/g.checkbox_dob' is not checked

2018-07-24 14:16:15 - [MESSAGE][WARNING] - Object 'Object Repository/Campaign_OR/Fields/g.checkbox_dob' is not checked
[[ATTACHMENT|C:\\Users\\kl.chan\\Katalon Studio\\boldreward\\Reports\\TS_Create_Campaign\\TS001 Create Campaign with negative testing\\20180724_140922\\1532412975677.png]]

2018-07-24 14:16:15 - [TEST_STEP][PASSED] - Statement - Else: Object 'Object Repository/Campaign_OR/input_datepicker' is NOT visible

2018-07-24 14:16:15 - [TEST_STEP][PASSED] - verifyElementNotVisible: Object 'Object Repository/Campaign_OR/input_datepicker' is NOT visible

2018-07-24 14:16:15 - [MESSAGE][PASSED] - Object 'Object Repository/Campaign_OR/input_datepicker' is NOT visible

2018-07-24 14:16:15 - [TEST_STEP][PASSED] - Statement - filepath = "": null

2018-07-24 14:16:15 - [TEST_STEP][PASSED] - Statement - If (os == "Windows"): null

2018-07-24 14:16:15 - [TEST_STEP][PASSED] - Statement - filepath = campaignImagePath: null

2018-07-24 14:16:15 - [TEST_STEP][PASSED] - Statement - verifyImgName = "": null

2018-07-24 14:16:15 - [TEST_STEP][PASSED] - Statement - uploadedImg = false: null

2018-07-24 14:16:15 - [TEST_STEP][PASSED] - Statement - If (filepath.trim() != "" && campaignImage.trim() != ""): null

2018-07-24 14:16:15 - [TEST_STEP][PASSED] - sendKeys: Keys 'C:\Users\kl.chan\Katalon Studio\boldreward\Images\Campaign Image\389 x 200.jpg' sent to object: 'Object Repository/Campaign_OR/Fields/h.button_campaign_image_1'

2018-07-24 14:16:16 - [MESSAGE][PASSED] - Keys 'C:\Users\kl.chan\Katalon Studio\boldreward\Images\Campaign Image\389 x 200.jpg' sent to object: 'Object Repository/Campaign_OR/Fields/h.button_campaign_image_1'

2018-07-24 14:16:16 - [TEST_STEP][PASSED] - delay: Delayed 1 second(s)

2018-07-24 14:16:17 - [MESSAGE][PASSED] - Delayed 1 second(s)

2018-07-24 14:16:17 - [TEST_STEP][PASSED] - Statement - If (com.kms.katalon.core.webui.keyword.WebUiBuiltInKeywords.waitForElementVisible(com.kms.katalon.core.testobject.ObjectRepository.findTestObject(Campaign_OR/uploadedCampaignImg), 30)): null

2018-07-24 14:16:17 - [MESSAGE][PASSED] - Object 'Object Repository/Campaign_OR/uploadedCampaignImg' is visible

2018-07-24 14:16:17 - [TEST_STEP][PASSED] - Statement - verifyImgName = com.kms.katalon.core.webui.keyword.WebUiBuiltInKeywords.getText(com.kms.katalon.core.testobject.ObjectRepository.findTestObject(Campaign_OR/uploadedCampaignImg)): Text of object 'Object Repository/Campaign_OR/uploadedCampaignImg' is: '389 x 200.jpg'

2018-07-24 14:16:17 - [MESSAGE][PASSED] - Text of object 'Object Repository/Campaign_OR/uploadedCampaignImg' is: '389 x 200.jpg'

2018-07-24 14:16:17 - [TEST_STEP][PASSED] - Statement - If (verifyImgName.equals(campaignImage) == true): null

2018-07-24 14:16:17 - [TEST_STEP][PASSED] - Statement - uploadedImg = true: null

2018-07-24 14:16:17 - [TEST_STEP][PASSED] - setText: Text 'http://www.starbucks.com.my/' is set on object 'Object Repository/Campaign_OR/Fields/i.k.input_tnc'

2018-07-24 14:16:17 - [MESSAGE][PASSED] - Text 'http://www.starbucks.com.my/' is set on object 'Object Repository/Campaign_OR/Fields/i.k.input_tnc'

2018-07-24 14:16:17 - [TEST_STEP][PASSED] - setText: Text 'kl.chaniWDq@macrokiosk.com' is set on object 'Object Repository/Campaign_OR/Fields/j.input_sender'

2018-07-24 14:16:17 - [MESSAGE][PASSED] - Text 'kl.chaniWDq@macrokiosk.com' is set on object 'Object Repository/Campaign_OR/Fields/j.input_sender'

2018-07-24 14:16:17 - [TEST_STEP][PASSED] - setText: Text 'Starbucks Reserve @ SITiWDq' is set on object 'Object Repository/Campaign_OR/Fields/k.input_subject'

2018-07-24 14:16:17 - [MESSAGE][PASSED] - Text 'Starbucks Reserve @ SITiWDq' is set on object 'Object Repository/Campaign_OR/Fields/k.input_subject'

2018-07-24 14:16:17 - [TEST_STEP][PASSED] - setText: Text 'Hello User, Welcome to our Starbucks Reserve @ SIT. Come subscribe with us and redeem more rewards.iWDq' is set on object 'Object Repository/Campaign_OR/Fields/l.textarea_content'

2018-07-24 14:16:18 - [MESSAGE][PASSED] - Text 'Hello User, Welcome to our Starbucks Reserve @ SIT. Come subscribe with us and redeem more rewards.iWDq' is set on object 'Object Repository/Campaign_OR/Fields/l.textarea_content'

2018-07-24 14:16:18 - [TEST_STEP][PASSED] - Statement - filepath = "": null

2018-07-24 14:16:18 - [TEST_STEP][PASSED] - Statement - If (os == "Windows"): null

2018-07-24 14:16:18 - [TEST_STEP][PASSED] - Statement - filepath = companyLogoPath: null

2018-07-24 14:16:18 - [TEST_STEP][PASSED] - Statement - verifyImgName = "": null

2018-07-24 14:16:18 - [TEST_STEP][PASSED] - Statement - uploadedImg = false: null

2018-07-24 14:16:18 - [TEST_STEP][PASSED] - Statement - reuploadCount = 0: null

2018-07-24 14:16:18 - [TEST_STEP][PASSED] - Statement - If (filepath.trim() != "" && companyLogo.trim() != ""): null

2018-07-24 14:16:18 - [TEST_STEP][PASSED] - sendKeys: Keys 'C:\Users\kl.chan\Katalon Studio\boldreward\Images\Company Logo\starbucks logo.jpg' sent to object: 'Object Repository/Campaign_OR/Fields/m.button_company_logo_1'

2018-07-24 14:16:18 - [MESSAGE][PASSED] - Keys 'C:\Users\kl.chan\Katalon Studio\boldreward\Images\Company Logo\starbucks logo.jpg' sent to object: 'Object Repository/Campaign_OR/Fields/m.button_company_logo_1'

2018-07-24 14:16:18 - [TEST_STEP][PASSED] - delay: Delayed 1 second(s)

2018-07-24 14:16:19 - [MESSAGE][PASSED] - Delayed 1 second(s)

2018-07-24 14:16:19 - [TEST_STEP][PASSED] - Statement - If (com.kms.katalon.core.webui.keyword.WebUiBuiltInKeywords.waitForElementVisible(com.kms.katalon.core.testobject.ObjectRepository.findTestObject(Campaign_OR/uploadedCompanyLogo), 30)): null

2018-07-24 14:16:19 - [MESSAGE][PASSED] - Object 'Object Repository/Campaign_OR/uploadedCompanyLogo' is visible

2018-07-24 14:16:19 - [TEST_STEP][PASSED] - Statement - verifyImgName = com.kms.katalon.core.webui.keyword.WebUiBuiltInKeywords.getText(com.kms.katalon.core.testobject.ObjectRepository.findTestObject(Campaign_OR/uploadedCompanyLogo)): Text of object 'Object Repository/Campaign_OR/uploadedCompanyLogo' is: 'starbucks logo.jpg'

2018-07-24 14:16:19 - [MESSAGE][PASSED] - Text of object 'Object Repository/Campaign_OR/uploadedCompanyLogo' is: 'starbucks logo.jpg'

2018-07-24 14:16:19 - [TEST_STEP][PASSED] - Statement - If (verifyImgName.equals(companyLogo) == true): null

2018-07-24 14:16:19 - [TEST_STEP][PASSED] - Statement - uploadedImg = true: null

2018-07-24 14:16:19 - [TEST_STEP][PASSED] - Statement - If (rewardCode == true): null

2018-07-24 14:16:19 - [TEST_STEP][PASSED] - Statement - Else If (rewardCode == false): Object: 'Object Repository/Campaign_OR/Fields/n.label_No' is clicked on

2018-07-24 14:16:19 - [TEST_STEP][PASSED] - click: Object: 'Object Repository/Campaign_OR/Fields/n.label_No' is clicked on

2018-07-24 14:16:19 - [MESSAGE][PASSED] - Object: 'Object Repository/Campaign_OR/Fields/n.label_No' is clicked on

2018-07-24 14:16:19 - [TEST_STEP][PASSED] - verifyElementChecked: Object 'Object Repository/Campaign_OR/Fields/radio_No' is checked

2018-07-24 14:16:19 - [MESSAGE][PASSED] - Object 'Object Repository/Campaign_OR/Fields/radio_No' is checked

2018-07-24 14:16:19 - [TEST_STEP][PASSED] - verifyElementChecked: Object 'Object Repository/Campaign_OR/Fields/radio_Yes' is not checked

2018-07-24 14:16:20 - [MESSAGE][WARNING] - Object 'Object Repository/Campaign_OR/Fields/radio_Yes' is not checked
[[ATTACHMENT|C:\\Users\\kl.chan\\Katalon Studio\\boldreward\\Reports\\TS_Create_Campaign\\TS001 Create Campaign with negative testing\\20180724_140922\\1532412979827.png]]

2018-07-24 14:16:20 - [TEST_STEP][PASSED] - click: Object: 'Object Repository/Campaign_OR/button_Save' is clicked on

2018-07-24 14:16:20 - [MESSAGE][PASSED] - Object: 'Object Repository/Campaign_OR/button_Save' is clicked on

2018-07-24 14:16:20 - [TEST_STEP][PASSED] - delay: Delayed 2 second(s)

2018-07-24 14:16:22 - [MESSAGE][PASSED] - Delayed 2 second(s)

2018-07-24 14:16:22 - [MESSAGE][PASSED] - Call Test Case 'Test Cases/Merchant Portal/Campaign/Campagin Modules/create campaign' successfully

2018-07-24 14:16:22 - [TEST_STEP][PASSED] - Statement - updateFailed = false: null

2018-07-24 14:16:22 - [TEST_STEP][PASSED] - Statement - If (com.kms.katalon.core.webui.keyword.WebUiBuiltInKeywords.waitForElementVisible(com.kms.katalon.core.testobject.ObjectRepository.findTestObject(a.Not_Assigned_OR/alert_msg_top), 3)): null

2018-07-24 14:16:22 - [MESSAGE][PASSED] - Object 'Object Repository/a.Not_Assigned_OR/alert_msg_top' is visible

2018-07-24 14:16:22 - [TEST_STEP][PASSED] - Statement - verifyPopoutMsg = com.kms.katalon.core.webui.keyword.WebUiBuiltInKeywords.getText(com.kms.katalon.core.testobject.ObjectRepository.findTestObject(a.Not_Assigned_OR/alert_msg_top)): Text of object 'Object Repository/a.Not_Assigned_OR/alert_msg_top' is: 'Oops! Invalid inputs, please try again.'

2018-07-24 14:16:22 - [MESSAGE][PASSED] - Text of object 'Object Repository/a.Not_Assigned_OR/alert_msg_top' is: 'Oops! Invalid inputs, please try again.'

2018-07-24 14:16:22 - [TEST_STEP][PASSED] - Statement - If (verifyPopoutMsg.equals(msgServer) == true): null

2018-07-24 14:16:22 - [TEST_STEP][PASSED] - Statement - updateFailed = true: null

2018-07-24 14:16:22 - [TEST_STEP][PASSED] - Statement - updateSuccess = false: null

2018-07-24 14:16:22 - [TEST_STEP][PASSED] - Statement - If (com.kms.katalon.core.webui.keyword.WebUiBuiltInKeywords.waitForElementVisible(com.kms.katalon.core.testobject.ObjectRepository.findTestObject(Campaign_OR/Error Message/msg_edit_success), 3)): Web element with id: 'Object Repository/Campaign_OR/Error Message/msg_edit_success' located by 'By.xpath: id("errorMessage")/p[@class="error-block"]' not found

2018-07-24 14:16:25 - [MESSAGE][WARNING] - Web element with id: 'Object Repository/Campaign_OR/Error Message/msg_edit_success' located by 'By.xpath: id("errorMessage")/p[@class="error-block"]' not found

2018-07-24 14:16:25 - [TEST_STEP][PASSED] - Statement - createSuccess = false: null

2018-07-24 14:16:25 - [TEST_STEP][PASSED] - Statement - If (com.kms.katalon.core.webui.keyword.WebUiBuiltInKeywords.waitForElementVisible(com.kms.katalon.core.testobject.ObjectRepository.findTestObject(Home_OR/label_home), 3)): Web element with id: 'Object Repository/Home_OR/label_home' located by 'By.xpath: id("wrapper")/div[@class="content-page"]/div[@class="content"]/div[@class="ng-scope"]/div[@class="ng-scope"]/div[@class="page-heading"]/h1[1][count(. | //h1[(text() = ' Home' or . = ' Home')]) = count(//h1[(text() = ' Home' or . = ' Home')])]' not found

2018-07-24 14:16:28 - [MESSAGE][WARNING] - Web element with id: 'Object Repository/Home_OR/label_home' located by 'By.xpath: id("wrapper")/div[@class="content-page"]/div[@class="content"]/div[@class="ng-scope"]/div[@class="ng-scope"]/div[@class="page-heading"]/h1[1][count(. | //h1[(text() = ' Home' or . = ' Home')]) = count(//h1[(text() = ' Home' or . = ' Home')])]' not found

2018-07-24 14:16:28 - [TEST_STEP][PASSED] - Statement - If (updateSuccess == true): null

2018-07-24 14:16:28 - [TEST_STEP][PASSED] - Statement - Else If (updateFailed == true): null

2018-07-24 14:16:28 - [TEST_STEP][PASSED] - Statement - verifyError = false: null

2018-07-24 14:16:28 - [TEST_STEP][PASSED] - Statement - If (companyName.trim() == ""): null

2018-07-24 14:16:28 - [TEST_STEP][PASSED] - Statement - If (campaignInstruc.trim() == ""): null

2018-07-24 14:16:28 - [TEST_STEP][PASSED] - Statement - If (radioEmail.toLowerCase() == "false"): null

2018-07-24 14:16:28 - [TEST_STEP][PASSED] - Statement - campaignImgName = com.kms.katalon.core.webui.keyword.WebUiBuiltInKeywords.getText(com.kms.katalon.core.testobject.ObjectRepository.findTestObject(Campaign_OR/uploadedCampaignImg)): Text of object 'Object Repository/Campaign_OR/uploadedCampaignImg' is: '389 x 200.jpg'

2018-07-24 14:16:28 - [MESSAGE][PASSED] - Text of object 'Object Repository/Campaign_OR/uploadedCampaignImg' is: '389 x 200.jpg'

2018-07-24 14:16:28 - [TEST_STEP][PASSED] - Statement - If (campaignImgName == ""): null

2018-07-24 14:16:28 - [TEST_STEP][PASSED] - Statement - If (emailSender.trim() == ""): null

2018-07-24 14:16:28 - [TEST_STEP][PASSED] - Statement - If (emailSubject.trim() == ""): null

2018-07-24 14:16:28 - [TEST_STEP][PASSED] - Statement - If (emailContent.trim() == ""): null

2018-07-24 14:16:28 - [TEST_STEP][PASSED] - Statement - companyLogoName = com.kms.katalon.core.webui.keyword.WebUiBuiltInKeywords.getText(com.kms.katalon.core.testobject.ObjectRepository.findTestObject(Campaign_OR/uploadedCompanyLogo)): Text of object 'Object Repository/Campaign_OR/uploadedCompanyLogo' is: 'starbucks logo.jpg'

2018-07-24 14:16:28 - [MESSAGE][PASSED] - Text of object 'Object Repository/Campaign_OR/uploadedCompanyLogo' is: 'starbucks logo.jpg'

2018-07-24 14:16:28 - [TEST_STEP][PASSED] - Statement - If (companyLogoName == ""): null

2018-07-24 14:16:28 - [TEST_STEP][PASSED] - Statement - If (com.kms.katalon.core.webui.keyword.WebUiBuiltInKeywords.waitForElementVisible(com.kms.katalon.core.testobject.ObjectRepository.findTestObject(Campaign_OR/Error Message/msg_cpgn_image2), 2)): null

2018-07-24 14:16:28 - [MESSAGE][PASSED] - Object 'Object Repository/Campaign_OR/Error Message/msg_cpgn_image2' is visible

2018-07-24 14:16:28 - [TEST_STEP][PASSED] - Statement - verifyCampaignImgError = com.kms.katalon.core.webui.keyword.WebUiBuiltInKeywords.getText(com.kms.katalon.core.testobject.ObjectRepository.findTestObject(Campaign_OR/Error Message/msg_cpgn_image2)): Text of object 'Object Repository/Campaign_OR/Error Message/msg_cpgn_image2' is: 'Invalid image dimension'

2018-07-24 14:16:28 - [MESSAGE][PASSED] - Text of object 'Object Repository/Campaign_OR/Error Message/msg_cpgn_image2' is: 'Invalid image dimension'

2018-07-24 14:16:28 - [TEST_STEP][PASSED] - Statement - If (verifyCampaignImgError.equals(msgInvalidSize)): null

2018-07-24 14:16:28 - [TEST_STEP][PASSED] - Statement - Else If (verifyCampaignImgError.equals(msgInvalidDi)): null

2018-07-24 14:16:28 - [TEST_STEP][PASSED] - Statement - verifyError = true: null

2018-07-24 14:16:28 - [TEST_STEP][PASSED] - Statement - If (com.kms.katalon.core.webui.keyword.WebUiBuiltInKeywords.waitForElementVisible(com.kms.katalon.core.testobject.ObjectRepository.findTestObject(Campaign_OR/Error Message/msg_TCURL), 2)): Web element with id: 'Object Repository/Campaign_OR/Error Message/msg_TCURL' located by 'By.xpath: id("wrapper")/div[@class="content-page"]/div[@class="content"]/div[@class="ng-scope"]/div[@class="row ng-scope"]/div[@class="col-md-7"]/div[@class="widget"]/div[@class="widget-content padding"]/div[@class="form-horizontal"]/div[@class="form-group"]/div[@id="tncUrl"]/p[@class="error-block"][count(. | //p[(text() = 'Invalid format, please follow as http://wwww.example.com' or . = 'Invalid format, please follow as http://wwww.example.com')]) = count(//p[(text() = 'Invalid format, please follow as http://wwww.example.com' or . = 'Invalid format, please follow as http://wwww.example.com')])]' not found

2018-07-24 14:16:30 - [MESSAGE][WARNING] - Web element with id: 'Object Repository/Campaign_OR/Error Message/msg_TCURL' located by 'By.xpath: id("wrapper")/div[@class="content-page"]/div[@class="content"]/div[@class="ng-scope"]/div[@class="row ng-scope"]/div[@class="col-md-7"]/div[@class="widget"]/div[@class="widget-content padding"]/div[@class="form-horizontal"]/div[@class="form-group"]/div[@id="tncUrl"]/p[@class="error-block"][count(. | //p[(text() = 'Invalid format, please follow as http://wwww.example.com' or . = 'Invalid format, please follow as http://wwww.example.com')]) = count(//p[(text() = 'Invalid format, please follow as http://wwww.example.com' or . = 'Invalid format, please follow as http://wwww.example.com')])]' not found

2018-07-24 14:16:30 - [TEST_STEP][PASSED] - Statement - If (emailSender.trim() != ""): Web element with id: 'Object Repository/Campaign_OR/Error Message/msg_sender' located by 'By.xpath: id("emailSender")/p[@class="error-block"]' not found

2018-07-24 14:16:30 - [TEST_STEP][PASSED] - Statement - If (com.kms.katalon.core.webui.keyword.WebUiBuiltInKeywords.waitForElementVisible(com.kms.katalon.core.testobject.ObjectRepository.findTestObject(Campaign_OR/Error Message/msg_sender), 2)): Web element with id: 'Object Repository/Campaign_OR/Error Message/msg_sender' located by 'By.xpath: id("emailSender")/p[@class="error-block"]' not found

2018-07-24 14:16:32 - [MESSAGE][WARNING] - Web element with id: 'Object Repository/Campaign_OR/Error Message/msg_sender' located by 'By.xpath: id("emailSender")/p[@class="error-block"]' not found

2018-07-24 14:16:32 - [TEST_STEP][PASSED] - Statement - If (com.kms.katalon.core.webui.keyword.WebUiBuiltInKeywords.waitForElementVisible(com.kms.katalon.core.testobject.ObjectRepository.findTestObject(Campaign_OR/Error Message/msg_company_logo), 2)): Web element with id: 'Object Repository/Campaign_OR/Error Message/msg_company_logo' located by 'By.xpath: id("companyLogo")/p[@class="error-block ng-binding"][count(. | //p[@class = 'error-block ng-binding' and @ng-hide = 'CC.errorLogo == 200 || CC.errorLogo == undefined']) = count(//p[@class = 'error-block ng-binding' and @ng-hide = 'CC.errorLogo == 200 || CC.errorLogo == undefined'])]' not found

2018-07-24 14:16:34 - [MESSAGE][WARNING] - Web element with id: 'Object Repository/Campaign_OR/Error Message/msg_company_logo' located by 'By.xpath: id("companyLogo")/p[@class="error-block ng-binding"][count(. | //p[@class = 'error-block ng-binding' and @ng-hide = 'CC.errorLogo == 200 || CC.errorLogo == undefined']) = count(//p[@class = 'error-block ng-binding' and @ng-hide = 'CC.errorLogo == 200 || CC.errorLogo == undefined'])]' not found

2018-07-24 14:16:34 - [TEST_STEP][PASSED] - refresh: Refresh successfully

2018-07-24 14:16:35 - [MESSAGE][PASSED] - Refresh successfully

2018-07-24 14:16:35 - [TEST_STEP][PASSED] - Statement - If (verifyError == false): null]]></system-out>
         <system-err><![CDATA[]]></system-err>
      </testcase>
      <testcase name="Test Cases/Merchant Portal/Campaign/TC001 Campaign - verify all case" classname="Test Cases/Merchant Portal/Campaign/TC001 Campaign - verify all case" status="PASSED">
         <system-out><![CDATA[2018-07-24 14:16:35 - [TEST_CASE][PASSED] - Test Cases/Merchant Portal/Campaign/TC001 Campaign - verify all case: Test Cases/Merchant Portal/Campaign/TC001 Campaign - verify all case

2018-07-24 14:16:35 - [TEST_STEP][PASSED] - Statement - randomWords = CustomKeywords.randomWords.GenerateNumber.randomString(4): randomWords.GenerateNumber.randomString is PASSED

2018-07-24 14:16:35 - [MESSAGE][PASSED] - randomWords.GenerateNumber.randomString is PASSED

2018-07-24 14:16:35 - [TEST_STEP][PASSED] - Statement - If (companyName.trim() != ""): null

2018-07-24 14:16:35 - [TEST_STEP][PASSED] - Statement - companyName = companyName + randomWords: null

2018-07-24 14:16:35 - [TEST_STEP][PASSED] - Statement - If (campaignInstruc.trim() != ""): null

2018-07-24 14:16:35 - [TEST_STEP][PASSED] - Statement - campaignInstruc = campaignInstruc + randomWords: null

2018-07-24 14:16:35 - [TEST_STEP][PASSED] - Statement - If (emailSender.trim() != ""): null

2018-07-24 14:16:35 - [TEST_STEP][PASSED] - Statement - email = emailSender: null

2018-07-24 14:16:35 - [TEST_STEP][PASSED] - Statement - splitEmail = email.split("@"): null

2018-07-24 14:16:35 - [TEST_STEP][PASSED] - Statement - numb = length: null

2018-07-24 14:16:35 - [TEST_STEP][PASSED] - Statement - If (numb > 1): null

2018-07-24 14:16:35 - [TEST_STEP][PASSED] - Statement - emailSender = splitEmail[0] + randomWords + "@" + splitEmail[1]: null

2018-07-24 14:16:35 - [TEST_STEP][PASSED] - Statement - If (emailSubject.trim() != ""): null

2018-07-24 14:16:35 - [TEST_STEP][PASSED] - Statement - emailSubject = emailSubject + randomWords: null

2018-07-24 14:16:35 - [TEST_STEP][PASSED] - Statement - If (emailContent.trim() != ""): null

2018-07-24 14:16:35 - [TEST_STEP][PASSED] - Statement - emailContent = emailContent + randomWords: null

2018-07-24 14:16:35 - [TEST_STEP][PASSED] - callTestCase: Call Test Case 'Test Cases/Merchant Portal/Campaign/Campagin Modules/create campaign' successfully

2018-07-24 14:16:35 - [TEST_CASE][PASSED] - Test Cases/Merchant Portal/Campaign/Campagin Modules/create campaign: Test Cases/Merchant Portal/Campaign/Campagin Modules/create campaign

2018-07-24 14:16:35 - [TEST_STEP][PASSED] - Statement - osName = "": null

2018-07-24 14:16:35 - [TEST_STEP][PASSED] - Statement - osName = CustomKeywords.os.DetectOS.getOperatingSystem(osName): os.DetectOS.getOperatingSystem is PASSED

2018-07-24 14:16:35 - [MESSAGE][PASSED] - os.DetectOS.getOperatingSystem is PASSED

2018-07-24 14:16:35 - [TEST_STEP][PASSED] - Statement - splitString = osName.split(): null

2018-07-24 14:16:35 - [TEST_STEP][PASSED] - Statement - os = splitString[0].toString(): null

2018-07-24 14:16:35 - [TEST_STEP][PASSED] - Statement - If (loggedin == false): null

2018-07-24 14:16:35 - [TEST_STEP][PASSED] - Statement - If (accessModule == false): null

2018-07-24 14:16:35 - [TEST_STEP][PASSED] - delay: Delayed 5 second(s)

2018-07-24 14:16:40 - [MESSAGE][PASSED] - Delayed 5 second(s)

2018-07-24 14:16:40 - [TEST_STEP][PASSED] - setText: Text 'Starbucks Reserve LtdZNAe' is set on object 'Object Repository/Campaign_OR/Fields/a.input_company_name'

2018-07-24 14:16:40 - [MESSAGE][PASSED] - Text 'Starbucks Reserve LtdZNAe' is set on object 'Object Repository/Campaign_OR/Fields/a.input_company_name'

2018-07-24 14:16:40 - [TEST_STEP][PASSED] - setText: Text 'Please subscribe with us and redeem a free coffee. Come join us now!ZNAe' is set on object 'Object Repository/Campaign_OR/Fields/b.textarea_campaign_instruction'

2018-07-24 14:16:41 - [MESSAGE][PASSED] - Text 'Please subscribe with us and redeem a free coffee. Come join us now!ZNAe' is set on object 'Object Repository/Campaign_OR/Fields/b.textarea_campaign_instruction'

2018-07-24 14:16:41 - [TEST_STEP][PASSED] - Statement - verifyEmail = false: null

2018-07-24 14:16:41 - [TEST_STEP][PASSED] - Statement - If (radioEmail.toLowerCase() == "true"): null

2018-07-24 14:16:41 - [TEST_STEP][PASSED] - Statement - verifyEmail = true: null

2018-07-24 14:16:41 - [TEST_STEP][PASSED] - Statement - If (verifyEmail == true): Object 'Object Repository/Campaign_OR/input_email' is visible

2018-07-24 14:16:41 - [TEST_STEP][PASSED] - Statement - If (com.kms.katalon.core.webui.keyword.WebUiBuiltInKeywords.verifyElementNotChecked(com.kms.katalon.core.testobject.ObjectRepository.findTestObject(Campaign_OR/Fields/c.checkbox_email), 1, OPTIONAL)): Object 'Object Repository/Campaign_OR/input_email' is visible

2018-07-24 14:16:41 - [MESSAGE][PASSED] - Object 'Object Repository/Campaign_OR/Fields/c.checkbox_email' is not checked

2018-07-24 14:16:41 - [TEST_STEP][PASSED] - delay: Delayed 1 second(s)

2018-07-24 14:16:42 - [MESSAGE][PASSED] - Delayed 1 second(s)

2018-07-24 14:16:42 - [TEST_STEP][PASSED] - click: Object: 'Object Repository/Campaign_OR/Fields/c.checkbox_email' is clicked on

2018-07-24 14:16:42 - [MESSAGE][PASSED] - Object: 'Object Repository/Campaign_OR/Fields/c.checkbox_email' is clicked on

2018-07-24 14:16:42 - [TEST_STEP][PASSED] - verifyElementVisible: Object 'Object Repository/Campaign_OR/input_email' is visible

2018-07-24 14:16:42 - [MESSAGE][PASSED] - Object 'Object Repository/Campaign_OR/input_email' is visible

2018-07-24 14:16:42 - [TEST_STEP][PASSED] - Statement - verifyMobileno = false: null

2018-07-24 14:16:42 - [TEST_STEP][PASSED] - Statement - If (radioMobileno.toLowerCase() == "true"): null

2018-07-24 14:16:42 - [TEST_STEP][PASSED] - Statement - If (verifyMobileno == true): null

2018-07-24 14:16:42 - [TEST_STEP][PASSED] - Statement - Else If (verifyMobileno == false): Object 'Object Repository/Campaign_OR/input_mobileno' is NOT visible

2018-07-24 14:16:42 - [TEST_STEP][PASSED] - Statement - If (com.kms.katalon.core.webui.keyword.WebUiBuiltInKeywords.verifyElementChecked(com.kms.katalon.core.testobject.ObjectRepository.findTestObject(Campaign_OR/Fields/d.checkbox_mobile_number), 1, OPTIONAL)): Object 'Object Repository/Campaign_OR/Fields/d.checkbox_mobile_number' is not checked

2018-07-24 14:16:42 - [MESSAGE][WARNING] - Object 'Object Repository/Campaign_OR/Fields/d.checkbox_mobile_number' is not checked
[[ATTACHMENT|C:\\Users\\kl.chan\\Katalon Studio\\boldreward\\Reports\\TS_Create_Campaign\\TS001 Create Campaign with negative testing\\20180724_140922\\1532413002626.png]]

2018-07-24 14:16:42 - [TEST_STEP][PASSED] - Statement - Else: Object 'Object Repository/Campaign_OR/input_mobileno' is NOT visible

2018-07-24 14:16:42 - [TEST_STEP][PASSED] - verifyElementNotVisible: Object 'Object Repository/Campaign_OR/input_mobileno' is NOT visible

2018-07-24 14:16:42 - [MESSAGE][PASSED] - Object 'Object Repository/Campaign_OR/input_mobileno' is NOT visible

2018-07-24 14:16:42 - [TEST_STEP][PASSED] - Statement - verifyName = false: null

2018-07-24 14:16:42 - [TEST_STEP][PASSED] - Statement - If (radioName.toLowerCase() == "true"): null

2018-07-24 14:16:42 - [TEST_STEP][PASSED] - Statement - If (verifyName == true): null

2018-07-24 14:16:42 - [TEST_STEP][PASSED] - Statement - Else If (verifyName == false): Object 'Object Repository/Campaign_OR/input_name' is NOT visible

2018-07-24 14:16:42 - [TEST_STEP][PASSED] - Statement - If (com.kms.katalon.core.webui.keyword.WebUiBuiltInKeywords.verifyElementChecked(com.kms.katalon.core.testobject.ObjectRepository.findTestObject(Campaign_OR/Fields/e.checkbox_name), 1, OPTIONAL)): Object 'Object Repository/Campaign_OR/Fields/e.checkbox_name' is not checked

2018-07-24 14:16:43 - [MESSAGE][WARNING] - Object 'Object Repository/Campaign_OR/Fields/e.checkbox_name' is not checked
[[ATTACHMENT|C:\\Users\\kl.chan\\Katalon Studio\\boldreward\\Reports\\TS_Create_Campaign\\TS001 Create Campaign with negative testing\\20180724_140922\\1532413002924.png]]

2018-07-24 14:16:43 - [TEST_STEP][PASSED] - Statement - Else: Object 'Object Repository/Campaign_OR/input_name' is NOT visible

2018-07-24 14:16:43 - [TEST_STEP][PASSED] - verifyElementNotVisible: Object 'Object Repository/Campaign_OR/input_name' is NOT visible

2018-07-24 14:16:43 - [MESSAGE][PASSED] - Object 'Object Repository/Campaign_OR/input_name' is NOT visible

2018-07-24 14:16:43 - [TEST_STEP][PASSED] - Statement - verifyGender = false: null

2018-07-24 14:16:43 - [TEST_STEP][PASSED] - Statement - If (radioGender.toLowerCase() == "true"): null

2018-07-24 14:16:43 - [TEST_STEP][PASSED] - Statement - If (verifyGender == true): null

2018-07-24 14:16:43 - [TEST_STEP][PASSED] - Statement - Else If (verifyGender == false): Object 'Object Repository/Campaign_OR/label_Female' is NOT visible

2018-07-24 14:16:43 - [TEST_STEP][PASSED] - Statement - If (com.kms.katalon.core.webui.keyword.WebUiBuiltInKeywords.verifyElementChecked(com.kms.katalon.core.testobject.ObjectRepository.findTestObject(Campaign_OR/Fields/f.checkbox_gender), 1, OPTIONAL)): Object 'Object Repository/Campaign_OR/Fields/f.checkbox_gender' is not checked

2018-07-24 14:16:43 - [MESSAGE][WARNING] - Object 'Object Repository/Campaign_OR/Fields/f.checkbox_gender' is not checked
[[ATTACHMENT|C:\\Users\\kl.chan\\Katalon Studio\\boldreward\\Reports\\TS_Create_Campaign\\TS001 Create Campaign with negative testing\\20180724_140922\\1532413003212.png]]

2018-07-24 14:16:43 - [TEST_STEP][PASSED] - Statement - Else: Object 'Object Repository/Campaign_OR/label_Female' is NOT visible

2018-07-24 14:16:43 - [TEST_STEP][PASSED] - verifyElementNotVisible: Object 'Object Repository/Campaign_OR/label_Male' is NOT visible

2018-07-24 14:16:43 - [MESSAGE][PASSED] - Object 'Object Repository/Campaign_OR/label_Male' is NOT visible

2018-07-24 14:16:43 - [TEST_STEP][PASSED] - verifyElementNotVisible: Object 'Object Repository/Campaign_OR/label_Female' is NOT visible

2018-07-24 14:16:43 - [MESSAGE][PASSED] - Object 'Object Repository/Campaign_OR/label_Female' is NOT visible

2018-07-24 14:16:43 - [TEST_STEP][PASSED] - Statement - verifyDOB = false: null

2018-07-24 14:16:43 - [TEST_STEP][PASSED] - Statement - If (radioDOB.toLowerCase() == "true"): null

2018-07-24 14:16:43 - [TEST_STEP][PASSED] - Statement - If (verifyDOB == true): null

2018-07-24 14:16:43 - [TEST_STEP][PASSED] - Statement - Else If (verifyDOB == false): Object 'Object Repository/Campaign_OR/input_datepicker' is NOT visible

2018-07-24 14:16:43 - [TEST_STEP][PASSED] - Statement - If (com.kms.katalon.core.webui.keyword.WebUiBuiltInKeywords.verifyElementChecked(com.kms.katalon.core.testobject.ObjectRepository.findTestObject(Campaign_OR/Fields/g.checkbox_dob), 1, OPTIONAL)): Object 'Object Repository/Campaign_OR/Fields/g.checkbox_dob' is not checked

2018-07-24 14:16:43 - [MESSAGE][WARNING] - Object 'Object Repository/Campaign_OR/Fields/g.checkbox_dob' is not checked
[[ATTACHMENT|C:\\Users\\kl.chan\\Katalon Studio\\boldreward\\Reports\\TS_Create_Campaign\\TS001 Create Campaign with negative testing\\20180724_140922\\1532413003563.png]]

2018-07-24 14:16:43 - [TEST_STEP][PASSED] - Statement - Else: Object 'Object Repository/Campaign_OR/input_datepicker' is NOT visible

2018-07-24 14:16:43 - [TEST_STEP][PASSED] - verifyElementNotVisible: Object 'Object Repository/Campaign_OR/input_datepicker' is NOT visible

2018-07-24 14:16:43 - [MESSAGE][PASSED] - Object 'Object Repository/Campaign_OR/input_datepicker' is NOT visible

2018-07-24 14:16:43 - [TEST_STEP][PASSED] - Statement - filepath = "": null

2018-07-24 14:16:43 - [TEST_STEP][PASSED] - Statement - If (os == "Windows"): null

2018-07-24 14:16:43 - [TEST_STEP][PASSED] - Statement - filepath = campaignImagePath: null

2018-07-24 14:16:43 - [TEST_STEP][PASSED] - Statement - verifyImgName = "": null

2018-07-24 14:16:43 - [TEST_STEP][PASSED] - Statement - uploadedImg = false: null

2018-07-24 14:16:43 - [TEST_STEP][PASSED] - Statement - If (filepath.trim() != "" && campaignImage.trim() != ""): null

2018-07-24 14:16:43 - [TEST_STEP][PASSED] - sendKeys: Keys 'C:\Users\kl.chan\Katalon Studio\boldreward\Images\Campaign Image\390 x 199.jpg' sent to object: 'Object Repository/Campaign_OR/Fields/h.button_campaign_image_1'

2018-07-24 14:16:43 - [MESSAGE][PASSED] - Keys 'C:\Users\kl.chan\Katalon Studio\boldreward\Images\Campaign Image\390 x 199.jpg' sent to object: 'Object Repository/Campaign_OR/Fields/h.button_campaign_image_1'

2018-07-24 14:16:43 - [TEST_STEP][PASSED] - delay: Delayed 1 second(s)

2018-07-24 14:16:44 - [MESSAGE][PASSED] - Delayed 1 second(s)

2018-07-24 14:16:44 - [TEST_STEP][PASSED] - Statement - If (com.kms.katalon.core.webui.keyword.WebUiBuiltInKeywords.waitForElementVisible(com.kms.katalon.core.testobject.ObjectRepository.findTestObject(Campaign_OR/uploadedCampaignImg), 30)): null

2018-07-24 14:16:44 - [MESSAGE][PASSED] - Object 'Object Repository/Campaign_OR/uploadedCampaignImg' is visible

2018-07-24 14:16:44 - [TEST_STEP][PASSED] - Statement - verifyImgName = com.kms.katalon.core.webui.keyword.WebUiBuiltInKeywords.getText(com.kms.katalon.core.testobject.ObjectRepository.findTestObject(Campaign_OR/uploadedCampaignImg)): Text of object 'Object Repository/Campaign_OR/uploadedCampaignImg' is: '390 x 199.jpg'

2018-07-24 14:16:44 - [MESSAGE][PASSED] - Text of object 'Object Repository/Campaign_OR/uploadedCampaignImg' is: '390 x 199.jpg'

2018-07-24 14:16:44 - [TEST_STEP][PASSED] - Statement - If (verifyImgName.equals(campaignImage) == true): null

2018-07-24 14:16:44 - [TEST_STEP][PASSED] - Statement - uploadedImg = true: null

2018-07-24 14:16:44 - [TEST_STEP][PASSED] - setText: Text 'http://www.starbucks.com.my/' is set on object 'Object Repository/Campaign_OR/Fields/i.k.input_tnc'

2018-07-24 14:16:45 - [MESSAGE][PASSED] - Text 'http://www.starbucks.com.my/' is set on object 'Object Repository/Campaign_OR/Fields/i.k.input_tnc'

2018-07-24 14:16:45 - [TEST_STEP][PASSED] - setText: Text 'kl.chanZNAe@macrokiosk.com' is set on object 'Object Repository/Campaign_OR/Fields/j.input_sender'

2018-07-24 14:16:45 - [MESSAGE][PASSED] - Text 'kl.chanZNAe@macrokiosk.com' is set on object 'Object Repository/Campaign_OR/Fields/j.input_sender'

2018-07-24 14:16:45 - [TEST_STEP][PASSED] - setText: Text 'Starbucks Reserve @ SITZNAe' is set on object 'Object Repository/Campaign_OR/Fields/k.input_subject'

2018-07-24 14:16:45 - [MESSAGE][PASSED] - Text 'Starbucks Reserve @ SITZNAe' is set on object 'Object Repository/Campaign_OR/Fields/k.input_subject'

2018-07-24 14:16:45 - [TEST_STEP][PASSED] - setText: Text 'Hello User, Welcome to our Starbucks Reserve @ SIT. Come subscribe with us and redeem more rewards.ZNAe' is set on object 'Object Repository/Campaign_OR/Fields/l.textarea_content'

2018-07-24 14:16:46 - [MESSAGE][PASSED] - Text 'Hello User, Welcome to our Starbucks Reserve @ SIT. Come subscribe with us and redeem more rewards.ZNAe' is set on object 'Object Repository/Campaign_OR/Fields/l.textarea_content'

2018-07-24 14:16:46 - [TEST_STEP][PASSED] - Statement - filepath = "": null

2018-07-24 14:16:46 - [TEST_STEP][PASSED] - Statement - If (os == "Windows"): null

2018-07-24 14:16:46 - [TEST_STEP][PASSED] - Statement - filepath = companyLogoPath: null

2018-07-24 14:16:46 - [TEST_STEP][PASSED] - Statement - verifyImgName = "": null

2018-07-24 14:16:46 - [TEST_STEP][PASSED] - Statement - uploadedImg = false: null

2018-07-24 14:16:46 - [TEST_STEP][PASSED] - Statement - reuploadCount = 0: null

2018-07-24 14:16:46 - [TEST_STEP][PASSED] - Statement - If (filepath.trim() != "" && companyLogo.trim() != ""): null

2018-07-24 14:16:46 - [TEST_STEP][PASSED] - sendKeys: Keys 'C:\Users\kl.chan\Katalon Studio\boldreward\Images\Company Logo\starbucks logo.jpg' sent to object: 'Object Repository/Campaign_OR/Fields/m.button_company_logo_1'

2018-07-24 14:16:46 - [MESSAGE][PASSED] - Keys 'C:\Users\kl.chan\Katalon Studio\boldreward\Images\Company Logo\starbucks logo.jpg' sent to object: 'Object Repository/Campaign_OR/Fields/m.button_company_logo_1'

2018-07-24 14:16:46 - [TEST_STEP][PASSED] - delay: Delayed 1 second(s)

2018-07-24 14:16:47 - [MESSAGE][PASSED] - Delayed 1 second(s)

2018-07-24 14:16:47 - [TEST_STEP][PASSED] - Statement - If (com.kms.katalon.core.webui.keyword.WebUiBuiltInKeywords.waitForElementVisible(com.kms.katalon.core.testobject.ObjectRepository.findTestObject(Campaign_OR/uploadedCompanyLogo), 30)): null

2018-07-24 14:16:47 - [MESSAGE][PASSED] - Object 'Object Repository/Campaign_OR/uploadedCompanyLogo' is visible

2018-07-24 14:16:47 - [TEST_STEP][PASSED] - Statement - verifyImgName = com.kms.katalon.core.webui.keyword.WebUiBuiltInKeywords.getText(com.kms.katalon.core.testobject.ObjectRepository.findTestObject(Campaign_OR/uploadedCompanyLogo)): Text of object 'Object Repository/Campaign_OR/uploadedCompanyLogo' is: 'starbucks logo.jpg'

2018-07-24 14:16:47 - [MESSAGE][PASSED] - Text of object 'Object Repository/Campaign_OR/uploadedCompanyLogo' is: 'starbucks logo.jpg'

2018-07-24 14:16:47 - [TEST_STEP][PASSED] - Statement - If (verifyImgName.equals(companyLogo) == true): null

2018-07-24 14:16:47 - [TEST_STEP][PASSED] - Statement - uploadedImg = true: null

2018-07-24 14:16:47 - [TEST_STEP][PASSED] - Statement - If (rewardCode == true): null

2018-07-24 14:16:47 - [TEST_STEP][PASSED] - Statement - Else If (rewardCode == false): Object: 'Object Repository/Campaign_OR/Fields/n.label_No' is clicked on

2018-07-24 14:16:47 - [TEST_STEP][PASSED] - click: Object: 'Object Repository/Campaign_OR/Fields/n.label_No' is clicked on

2018-07-24 14:16:47 - [MESSAGE][PASSED] - Object: 'Object Repository/Campaign_OR/Fields/n.label_No' is clicked on

2018-07-24 14:16:47 - [TEST_STEP][PASSED] - verifyElementChecked: Object 'Object Repository/Campaign_OR/Fields/radio_No' is checked

2018-07-24 14:16:47 - [MESSAGE][PASSED] - Object 'Object Repository/Campaign_OR/Fields/radio_No' is checked

2018-07-24 14:16:47 - [TEST_STEP][PASSED] - verifyElementChecked: Object 'Object Repository/Campaign_OR/Fields/radio_Yes' is not checked

2018-07-24 14:16:47 - [MESSAGE][WARNING] - Object 'Object Repository/Campaign_OR/Fields/radio_Yes' is not checked
[[ATTACHMENT|C:\\Users\\kl.chan\\Katalon Studio\\boldreward\\Reports\\TS_Create_Campaign\\TS001 Create Campaign with negative testing\\20180724_140922\\1532413007622.png]]

2018-07-24 14:16:47 - [TEST_STEP][PASSED] - click: Object: 'Object Repository/Campaign_OR/button_Save' is clicked on

2018-07-24 14:16:47 - [MESSAGE][PASSED] - Object: 'Object Repository/Campaign_OR/button_Save' is clicked on

2018-07-24 14:16:47 - [TEST_STEP][PASSED] - delay: Delayed 2 second(s)

2018-07-24 14:16:49 - [MESSAGE][PASSED] - Delayed 2 second(s)

2018-07-24 14:16:49 - [MESSAGE][PASSED] - Call Test Case 'Test Cases/Merchant Portal/Campaign/Campagin Modules/create campaign' successfully

2018-07-24 14:16:49 - [TEST_STEP][PASSED] - Statement - updateFailed = false: null

2018-07-24 14:16:49 - [TEST_STEP][PASSED] - Statement - If (com.kms.katalon.core.webui.keyword.WebUiBuiltInKeywords.waitForElementVisible(com.kms.katalon.core.testobject.ObjectRepository.findTestObject(a.Not_Assigned_OR/alert_msg_top), 3)): null

2018-07-24 14:16:49 - [MESSAGE][PASSED] - Object 'Object Repository/a.Not_Assigned_OR/alert_msg_top' is visible

2018-07-24 14:16:49 - [TEST_STEP][PASSED] - Statement - verifyPopoutMsg = com.kms.katalon.core.webui.keyword.WebUiBuiltInKeywords.getText(com.kms.katalon.core.testobject.ObjectRepository.findTestObject(a.Not_Assigned_OR/alert_msg_top)): Text of object 'Object Repository/a.Not_Assigned_OR/alert_msg_top' is: 'Oops! Invalid inputs, please try again.'

2018-07-24 14:16:50 - [MESSAGE][PASSED] - Text of object 'Object Repository/a.Not_Assigned_OR/alert_msg_top' is: 'Oops! Invalid inputs, please try again.'

2018-07-24 14:16:50 - [TEST_STEP][PASSED] - Statement - If (verifyPopoutMsg.equals(msgServer) == true): null

2018-07-24 14:16:50 - [TEST_STEP][PASSED] - Statement - updateFailed = true: null

2018-07-24 14:16:50 - [TEST_STEP][PASSED] - Statement - updateSuccess = false: null

2018-07-24 14:16:50 - [TEST_STEP][PASSED] - Statement - If (com.kms.katalon.core.webui.keyword.WebUiBuiltInKeywords.waitForElementVisible(com.kms.katalon.core.testobject.ObjectRepository.findTestObject(Campaign_OR/Error Message/msg_edit_success), 3)): Web element with id: 'Object Repository/Campaign_OR/Error Message/msg_edit_success' located by 'By.xpath: id("errorMessage")/p[@class="error-block"]' not found

2018-07-24 14:16:53 - [MESSAGE][WARNING] - Web element with id: 'Object Repository/Campaign_OR/Error Message/msg_edit_success' located by 'By.xpath: id("errorMessage")/p[@class="error-block"]' not found

2018-07-24 14:16:53 - [TEST_STEP][PASSED] - Statement - createSuccess = false: null

2018-07-24 14:16:53 - [TEST_STEP][PASSED] - Statement - If (com.kms.katalon.core.webui.keyword.WebUiBuiltInKeywords.waitForElementVisible(com.kms.katalon.core.testobject.ObjectRepository.findTestObject(Home_OR/label_home), 3)): Web element with id: 'Object Repository/Home_OR/label_home' located by 'By.xpath: id("wrapper")/div[@class="content-page"]/div[@class="content"]/div[@class="ng-scope"]/div[@class="ng-scope"]/div[@class="page-heading"]/h1[1][count(. | //h1[(text() = ' Home' or . = ' Home')]) = count(//h1[(text() = ' Home' or . = ' Home')])]' not found

2018-07-24 14:16:56 - [MESSAGE][WARNING] - Web element with id: 'Object Repository/Home_OR/label_home' located by 'By.xpath: id("wrapper")/div[@class="content-page"]/div[@class="content"]/div[@class="ng-scope"]/div[@class="ng-scope"]/div[@class="page-heading"]/h1[1][count(. | //h1[(text() = ' Home' or . = ' Home')]) = count(//h1[(text() = ' Home' or . = ' Home')])]' not found

2018-07-24 14:16:56 - [TEST_STEP][PASSED] - Statement - If (updateSuccess == true): null

2018-07-24 14:16:56 - [TEST_STEP][PASSED] - Statement - Else If (updateFailed == true): null

2018-07-24 14:16:56 - [TEST_STEP][PASSED] - Statement - verifyError = false: null

2018-07-24 14:16:56 - [TEST_STEP][PASSED] - Statement - If (companyName.trim() == ""): null

2018-07-24 14:16:56 - [TEST_STEP][PASSED] - Statement - If (campaignInstruc.trim() == ""): null

2018-07-24 14:16:56 - [TEST_STEP][PASSED] - Statement - If (radioEmail.toLowerCase() == "false"): null

2018-07-24 14:16:56 - [TEST_STEP][PASSED] - Statement - campaignImgName = com.kms.katalon.core.webui.keyword.WebUiBuiltInKeywords.getText(com.kms.katalon.core.testobject.ObjectRepository.findTestObject(Campaign_OR/uploadedCampaignImg)): Text of object 'Object Repository/Campaign_OR/uploadedCampaignImg' is: '390 x 199.jpg'

2018-07-24 14:16:56 - [MESSAGE][PASSED] - Text of object 'Object Repository/Campaign_OR/uploadedCampaignImg' is: '390 x 199.jpg'

2018-07-24 14:16:56 - [TEST_STEP][PASSED] - Statement - If (campaignImgName == ""): null

2018-07-24 14:16:56 - [TEST_STEP][PASSED] - Statement - If (emailSender.trim() == ""): null

2018-07-24 14:16:56 - [TEST_STEP][PASSED] - Statement - If (emailSubject.trim() == ""): null

2018-07-24 14:16:56 - [TEST_STEP][PASSED] - Statement - If (emailContent.trim() == ""): null

2018-07-24 14:16:56 - [TEST_STEP][PASSED] - Statement - companyLogoName = com.kms.katalon.core.webui.keyword.WebUiBuiltInKeywords.getText(com.kms.katalon.core.testobject.ObjectRepository.findTestObject(Campaign_OR/uploadedCompanyLogo)): Text of object 'Object Repository/Campaign_OR/uploadedCompanyLogo' is: 'starbucks logo.jpg'

2018-07-24 14:16:56 - [MESSAGE][PASSED] - Text of object 'Object Repository/Campaign_OR/uploadedCompanyLogo' is: 'starbucks logo.jpg'

2018-07-24 14:16:56 - [TEST_STEP][PASSED] - Statement - If (companyLogoName == ""): null

2018-07-24 14:16:56 - [TEST_STEP][PASSED] - Statement - If (com.kms.katalon.core.webui.keyword.WebUiBuiltInKeywords.waitForElementVisible(com.kms.katalon.core.testobject.ObjectRepository.findTestObject(Campaign_OR/Error Message/msg_cpgn_image2), 2)): null

2018-07-24 14:16:56 - [MESSAGE][PASSED] - Object 'Object Repository/Campaign_OR/Error Message/msg_cpgn_image2' is visible

2018-07-24 14:16:56 - [TEST_STEP][PASSED] - Statement - verifyCampaignImgError = com.kms.katalon.core.webui.keyword.WebUiBuiltInKeywords.getText(com.kms.katalon.core.testobject.ObjectRepository.findTestObject(Campaign_OR/Error Message/msg_cpgn_image2)): Text of object 'Object Repository/Campaign_OR/Error Message/msg_cpgn_image2' is: 'Invalid image dimension'

2018-07-24 14:16:56 - [MESSAGE][PASSED] - Text of object 'Object Repository/Campaign_OR/Error Message/msg_cpgn_image2' is: 'Invalid image dimension'

2018-07-24 14:16:56 - [TEST_STEP][PASSED] - Statement - If (verifyCampaignImgError.equals(msgInvalidSize)): null

2018-07-24 14:16:56 - [TEST_STEP][PASSED] - Statement - Else If (verifyCampaignImgError.equals(msgInvalidDi)): null

2018-07-24 14:16:56 - [TEST_STEP][PASSED] - Statement - verifyError = true: null

2018-07-24 14:16:56 - [TEST_STEP][PASSED] - Statement - If (com.kms.katalon.core.webui.keyword.WebUiBuiltInKeywords.waitForElementVisible(com.kms.katalon.core.testobject.ObjectRepository.findTestObject(Campaign_OR/Error Message/msg_TCURL), 2)): Web element with id: 'Object Repository/Campaign_OR/Error Message/msg_TCURL' located by 'By.xpath: id("wrapper")/div[@class="content-page"]/div[@class="content"]/div[@class="ng-scope"]/div[@class="row ng-scope"]/div[@class="col-md-7"]/div[@class="widget"]/div[@class="widget-content padding"]/div[@class="form-horizontal"]/div[@class="form-group"]/div[@id="tncUrl"]/p[@class="error-block"][count(. | //p[(text() = 'Invalid format, please follow as http://wwww.example.com' or . = 'Invalid format, please follow as http://wwww.example.com')]) = count(//p[(text() = 'Invalid format, please follow as http://wwww.example.com' or . = 'Invalid format, please follow as http://wwww.example.com')])]' not found

2018-07-24 14:16:58 - [MESSAGE][WARNING] - Web element with id: 'Object Repository/Campaign_OR/Error Message/msg_TCURL' located by 'By.xpath: id("wrapper")/div[@class="content-page"]/div[@class="content"]/div[@class="ng-scope"]/div[@class="row ng-scope"]/div[@class="col-md-7"]/div[@class="widget"]/div[@class="widget-content padding"]/div[@class="form-horizontal"]/div[@class="form-group"]/div[@id="tncUrl"]/p[@class="error-block"][count(. | //p[(text() = 'Invalid format, please follow as http://wwww.example.com' or . = 'Invalid format, please follow as http://wwww.example.com')]) = count(//p[(text() = 'Invalid format, please follow as http://wwww.example.com' or . = 'Invalid format, please follow as http://wwww.example.com')])]' not found

2018-07-24 14:16:58 - [TEST_STEP][PASSED] - Statement - If (emailSender.trim() != ""): Web element with id: 'Object Repository/Campaign_OR/Error Message/msg_sender' located by 'By.xpath: id("emailSender")/p[@class="error-block"]' not found

2018-07-24 14:16:58 - [TEST_STEP][PASSED] - Statement - If (com.kms.katalon.core.webui.keyword.WebUiBuiltInKeywords.waitForElementVisible(com.kms.katalon.core.testobject.ObjectRepository.findTestObject(Campaign_OR/Error Message/msg_sender), 2)): Web element with id: 'Object Repository/Campaign_OR/Error Message/msg_sender' located by 'By.xpath: id("emailSender")/p[@class="error-block"]' not found

2018-07-24 14:17:00 - [MESSAGE][WARNING] - Web element with id: 'Object Repository/Campaign_OR/Error Message/msg_sender' located by 'By.xpath: id("emailSender")/p[@class="error-block"]' not found

2018-07-24 14:17:00 - [TEST_STEP][PASSED] - Statement - If (com.kms.katalon.core.webui.keyword.WebUiBuiltInKeywords.waitForElementVisible(com.kms.katalon.core.testobject.ObjectRepository.findTestObject(Campaign_OR/Error Message/msg_company_logo), 2)): Web element with id: 'Object Repository/Campaign_OR/Error Message/msg_company_logo' located by 'By.xpath: id("companyLogo")/p[@class="error-block ng-binding"][count(. | //p[@class = 'error-block ng-binding' and @ng-hide = 'CC.errorLogo == 200 || CC.errorLogo == undefined']) = count(//p[@class = 'error-block ng-binding' and @ng-hide = 'CC.errorLogo == 200 || CC.errorLogo == undefined'])]' not found

2018-07-24 14:17:02 - [MESSAGE][WARNING] - Web element with id: 'Object Repository/Campaign_OR/Error Message/msg_company_logo' located by 'By.xpath: id("companyLogo")/p[@class="error-block ng-binding"][count(. | //p[@class = 'error-block ng-binding' and @ng-hide = 'CC.errorLogo == 200 || CC.errorLogo == undefined']) = count(//p[@class = 'error-block ng-binding' and @ng-hide = 'CC.errorLogo == 200 || CC.errorLogo == undefined'])]' not found

2018-07-24 14:17:02 - [TEST_STEP][PASSED] - refresh: Refresh successfully

2018-07-24 14:17:02 - [MESSAGE][PASSED] - Refresh successfully

2018-07-24 14:17:02 - [TEST_STEP][PASSED] - Statement - If (verifyError == false): null]]></system-out>
         <system-err><![CDATA[]]></system-err>
      </testcase>
      <testcase name="Test Cases/Merchant Portal/Campaign/TC001 Campaign - verify all case" classname="Test Cases/Merchant Portal/Campaign/TC001 Campaign - verify all case" status="PASSED">
         <system-out><![CDATA[2018-07-24 14:17:02 - [TEST_CASE][PASSED] - Test Cases/Merchant Portal/Campaign/TC001 Campaign - verify all case: Test Cases/Merchant Portal/Campaign/TC001 Campaign - verify all case

2018-07-24 14:17:02 - [TEST_STEP][PASSED] - Statement - randomWords = CustomKeywords.randomWords.GenerateNumber.randomString(4): randomWords.GenerateNumber.randomString is PASSED

2018-07-24 14:17:02 - [MESSAGE][PASSED] - randomWords.GenerateNumber.randomString is PASSED

2018-07-24 14:17:02 - [TEST_STEP][PASSED] - Statement - If (companyName.trim() != ""): null

2018-07-24 14:17:02 - [TEST_STEP][PASSED] - Statement - companyName = companyName + randomWords: null

2018-07-24 14:17:02 - [TEST_STEP][PASSED] - Statement - If (campaignInstruc.trim() != ""): null

2018-07-24 14:17:02 - [TEST_STEP][PASSED] - Statement - campaignInstruc = campaignInstruc + randomWords: null

2018-07-24 14:17:03 - [TEST_STEP][PASSED] - Statement - If (emailSender.trim() != ""): null

2018-07-24 14:17:03 - [TEST_STEP][PASSED] - Statement - email = emailSender: null

2018-07-24 14:17:03 - [TEST_STEP][PASSED] - Statement - splitEmail = email.split("@"): null

2018-07-24 14:17:03 - [TEST_STEP][PASSED] - Statement - numb = length: null

2018-07-24 14:17:03 - [TEST_STEP][PASSED] - Statement - If (numb > 1): null

2018-07-24 14:17:03 - [TEST_STEP][PASSED] - Statement - emailSender = splitEmail[0] + randomWords + "@" + splitEmail[1]: null

2018-07-24 14:17:03 - [TEST_STEP][PASSED] - Statement - If (emailSubject.trim() != ""): null

2018-07-24 14:17:03 - [TEST_STEP][PASSED] - Statement - emailSubject = emailSubject + randomWords: null

2018-07-24 14:17:03 - [TEST_STEP][PASSED] - Statement - If (emailContent.trim() != ""): null

2018-07-24 14:17:03 - [TEST_STEP][PASSED] - Statement - emailContent = emailContent + randomWords: null

2018-07-24 14:17:03 - [TEST_STEP][PASSED] - callTestCase: Call Test Case 'Test Cases/Merchant Portal/Campaign/Campagin Modules/create campaign' successfully

2018-07-24 14:17:03 - [TEST_CASE][PASSED] - Test Cases/Merchant Portal/Campaign/Campagin Modules/create campaign: Test Cases/Merchant Portal/Campaign/Campagin Modules/create campaign

2018-07-24 14:17:03 - [TEST_STEP][PASSED] - Statement - osName = "": null

2018-07-24 14:17:03 - [TEST_STEP][PASSED] - Statement - osName = CustomKeywords.os.DetectOS.getOperatingSystem(osName): os.DetectOS.getOperatingSystem is PASSED

2018-07-24 14:17:03 - [MESSAGE][PASSED] - os.DetectOS.getOperatingSystem is PASSED

2018-07-24 14:17:03 - [TEST_STEP][PASSED] - Statement - splitString = osName.split(): null

2018-07-24 14:17:03 - [TEST_STEP][PASSED] - Statement - os = splitString[0].toString(): null

2018-07-24 14:17:03 - [TEST_STEP][PASSED] - Statement - If (loggedin == false): null

2018-07-24 14:17:03 - [TEST_STEP][PASSED] - Statement - If (accessModule == false): null

2018-07-24 14:17:03 - [TEST_STEP][PASSED] - delay: Delayed 5 second(s)

2018-07-24 14:17:08 - [MESSAGE][PASSED] - Delayed 5 second(s)

2018-07-24 14:17:08 - [TEST_STEP][PASSED] - setText: Text 'Starbucks Reserve LtdNuCn' is set on object 'Object Repository/Campaign_OR/Fields/a.input_company_name'

2018-07-24 14:17:08 - [MESSAGE][PASSED] - Text 'Starbucks Reserve LtdNuCn' is set on object 'Object Repository/Campaign_OR/Fields/a.input_company_name'

2018-07-24 14:17:08 - [TEST_STEP][PASSED] - setText: Text 'Please subscribe with us and redeem a free coffee. Come join us now!NuCn' is set on object 'Object Repository/Campaign_OR/Fields/b.textarea_campaign_instruction'

2018-07-24 14:17:08 - [MESSAGE][PASSED] - Text 'Please subscribe with us and redeem a free coffee. Come join us now!NuCn' is set on object 'Object Repository/Campaign_OR/Fields/b.textarea_campaign_instruction'

2018-07-24 14:17:08 - [TEST_STEP][PASSED] - Statement - verifyEmail = false: null

2018-07-24 14:17:08 - [TEST_STEP][PASSED] - Statement - If (radioEmail.toLowerCase() == "true"): null

2018-07-24 14:17:08 - [TEST_STEP][PASSED] - Statement - verifyEmail = true: null

2018-07-24 14:17:08 - [TEST_STEP][PASSED] - Statement - If (verifyEmail == true): Object 'Object Repository/Campaign_OR/input_email' is visible

2018-07-24 14:17:08 - [TEST_STEP][PASSED] - Statement - If (com.kms.katalon.core.webui.keyword.WebUiBuiltInKeywords.verifyElementNotChecked(com.kms.katalon.core.testobject.ObjectRepository.findTestObject(Campaign_OR/Fields/c.checkbox_email), 1, OPTIONAL)): Object 'Object Repository/Campaign_OR/input_email' is visible

2018-07-24 14:17:08 - [MESSAGE][PASSED] - Object 'Object Repository/Campaign_OR/Fields/c.checkbox_email' is not checked

2018-07-24 14:17:08 - [TEST_STEP][PASSED] - delay: Delayed 1 second(s)

2018-07-24 14:17:09 - [MESSAGE][PASSED] - Delayed 1 second(s)

2018-07-24 14:17:09 - [TEST_STEP][PASSED] - click: Object: 'Object Repository/Campaign_OR/Fields/c.checkbox_email' is clicked on

2018-07-24 14:17:09 - [MESSAGE][PASSED] - Object: 'Object Repository/Campaign_OR/Fields/c.checkbox_email' is clicked on

2018-07-24 14:17:09 - [TEST_STEP][PASSED] - verifyElementVisible: Object 'Object Repository/Campaign_OR/input_email' is visible

2018-07-24 14:17:09 - [MESSAGE][PASSED] - Object 'Object Repository/Campaign_OR/input_email' is visible

2018-07-24 14:17:09 - [TEST_STEP][PASSED] - Statement - verifyMobileno = false: null

2018-07-24 14:17:09 - [TEST_STEP][PASSED] - Statement - If (radioMobileno.toLowerCase() == "true"): null

2018-07-24 14:17:09 - [TEST_STEP][PASSED] - Statement - If (verifyMobileno == true): null

2018-07-24 14:17:09 - [TEST_STEP][PASSED] - Statement - Else If (verifyMobileno == false): Object 'Object Repository/Campaign_OR/input_mobileno' is NOT visible

2018-07-24 14:17:09 - [TEST_STEP][PASSED] - Statement - If (com.kms.katalon.core.webui.keyword.WebUiBuiltInKeywords.verifyElementChecked(com.kms.katalon.core.testobject.ObjectRepository.findTestObject(Campaign_OR/Fields/d.checkbox_mobile_number), 1, OPTIONAL)): Object 'Object Repository/Campaign_OR/Fields/d.checkbox_mobile_number' is not checked

2018-07-24 14:17:10 - [MESSAGE][WARNING] - Object 'Object Repository/Campaign_OR/Fields/d.checkbox_mobile_number' is not checked
[[ATTACHMENT|C:\\Users\\kl.chan\\Katalon Studio\\boldreward\\Reports\\TS_Create_Campaign\\TS001 Create Campaign with negative testing\\20180724_140922\\1532413029936.png]]

2018-07-24 14:17:10 - [TEST_STEP][PASSED] - Statement - Else: Object 'Object Repository/Campaign_OR/input_mobileno' is NOT visible

2018-07-24 14:17:10 - [TEST_STEP][PASSED] - verifyElementNotVisible: Object 'Object Repository/Campaign_OR/input_mobileno' is NOT visible

2018-07-24 14:17:10 - [MESSAGE][PASSED] - Object 'Object Repository/Campaign_OR/input_mobileno' is NOT visible

2018-07-24 14:17:10 - [TEST_STEP][PASSED] - Statement - verifyName = false: null

2018-07-24 14:17:10 - [TEST_STEP][PASSED] - Statement - If (radioName.toLowerCase() == "true"): null

2018-07-24 14:17:10 - [TEST_STEP][PASSED] - Statement - If (verifyName == true): null

2018-07-24 14:17:10 - [TEST_STEP][PASSED] - Statement - Else If (verifyName == false): Object 'Object Repository/Campaign_OR/input_name' is NOT visible

2018-07-24 14:17:10 - [TEST_STEP][PASSED] - Statement - If (com.kms.katalon.core.webui.keyword.WebUiBuiltInKeywords.verifyElementChecked(com.kms.katalon.core.testobject.ObjectRepository.findTestObject(Campaign_OR/Fields/e.checkbox_name), 1, OPTIONAL)): Object 'Object Repository/Campaign_OR/Fields/e.checkbox_name' is not checked

2018-07-24 14:17:10 - [MESSAGE][WARNING] - Object 'Object Repository/Campaign_OR/Fields/e.checkbox_name' is not checked
[[ATTACHMENT|C:\\Users\\kl.chan\\Katalon Studio\\boldreward\\Reports\\TS_Create_Campaign\\TS001 Create Campaign with negative testing\\20180724_140922\\1532413030232.png]]

2018-07-24 14:17:10 - [TEST_STEP][PASSED] - Statement - Else: Object 'Object Repository/Campaign_OR/input_name' is NOT visible

2018-07-24 14:17:10 - [TEST_STEP][PASSED] - verifyElementNotVisible: Object 'Object Repository/Campaign_OR/input_name' is NOT visible

2018-07-24 14:17:10 - [MESSAGE][PASSED] - Object 'Object Repository/Campaign_OR/input_name' is NOT visible

2018-07-24 14:17:10 - [TEST_STEP][PASSED] - Statement - verifyGender = false: null

2018-07-24 14:17:10 - [TEST_STEP][PASSED] - Statement - If (radioGender.toLowerCase() == "true"): null

2018-07-24 14:17:10 - [TEST_STEP][PASSED] - Statement - If (verifyGender == true): null

2018-07-24 14:17:10 - [TEST_STEP][PASSED] - Statement - Else If (verifyGender == false): Object 'Object Repository/Campaign_OR/label_Female' is NOT visible

2018-07-24 14:17:10 - [TEST_STEP][PASSED] - Statement - If (com.kms.katalon.core.webui.keyword.WebUiBuiltInKeywords.verifyElementChecked(com.kms.katalon.core.testobject.ObjectRepository.findTestObject(Campaign_OR/Fields/f.checkbox_gender), 1, OPTIONAL)): Object 'Object Repository/Campaign_OR/Fields/f.checkbox_gender' is not checked

2018-07-24 14:17:10 - [MESSAGE][WARNING] - Object 'Object Repository/Campaign_OR/Fields/f.checkbox_gender' is not checked
[[ATTACHMENT|C:\\Users\\kl.chan\\Katalon Studio\\boldreward\\Reports\\TS_Create_Campaign\\TS001 Create Campaign with negative testing\\20180724_140922\\1532413030516.png]]

2018-07-24 14:17:10 - [TEST_STEP][PASSED] - Statement - Else: Object 'Object Repository/Campaign_OR/label_Female' is NOT visible

2018-07-24 14:17:10 - [TEST_STEP][PASSED] - verifyElementNotVisible: Object 'Object Repository/Campaign_OR/label_Male' is NOT visible

2018-07-24 14:17:10 - [MESSAGE][PASSED] - Object 'Object Repository/Campaign_OR/label_Male' is NOT visible

2018-07-24 14:17:10 - [TEST_STEP][PASSED] - verifyElementNotVisible: Object 'Object Repository/Campaign_OR/label_Female' is NOT visible

2018-07-24 14:17:10 - [MESSAGE][PASSED] - Object 'Object Repository/Campaign_OR/label_Female' is NOT visible

2018-07-24 14:17:10 - [TEST_STEP][PASSED] - Statement - verifyDOB = false: null

2018-07-24 14:17:10 - [TEST_STEP][PASSED] - Statement - If (radioDOB.toLowerCase() == "true"): null

2018-07-24 14:17:10 - [TEST_STEP][PASSED] - Statement - If (verifyDOB == true): null

2018-07-24 14:17:10 - [TEST_STEP][PASSED] - Statement - Else If (verifyDOB == false): Object 'Object Repository/Campaign_OR/input_datepicker' is NOT visible

2018-07-24 14:17:10 - [TEST_STEP][PASSED] - Statement - If (com.kms.katalon.core.webui.keyword.WebUiBuiltInKeywords.verifyElementChecked(com.kms.katalon.core.testobject.ObjectRepository.findTestObject(Campaign_OR/Fields/g.checkbox_dob), 1, OPTIONAL)): Object 'Object Repository/Campaign_OR/Fields/g.checkbox_dob' is not checked

2018-07-24 14:17:11 - [MESSAGE][WARNING] - Object 'Object Repository/Campaign_OR/Fields/g.checkbox_dob' is not checked
[[ATTACHMENT|C:\\Users\\kl.chan\\Katalon Studio\\boldreward\\Reports\\TS_Create_Campaign\\TS001 Create Campaign with negative testing\\20180724_140922\\1532413030871.png]]

2018-07-24 14:17:11 - [TEST_STEP][PASSED] - Statement - Else: Object 'Object Repository/Campaign_OR/input_datepicker' is NOT visible

2018-07-24 14:17:11 - [TEST_STEP][PASSED] - verifyElementNotVisible: Object 'Object Repository/Campaign_OR/input_datepicker' is NOT visible

2018-07-24 14:17:11 - [MESSAGE][PASSED] - Object 'Object Repository/Campaign_OR/input_datepicker' is NOT visible

2018-07-24 14:17:11 - [TEST_STEP][PASSED] - Statement - filepath = "": null

2018-07-24 14:17:11 - [TEST_STEP][PASSED] - Statement - If (os == "Windows"): null

2018-07-24 14:17:11 - [TEST_STEP][PASSED] - Statement - filepath = campaignImagePath: null

2018-07-24 14:17:11 - [TEST_STEP][PASSED] - Statement - verifyImgName = "": null

2018-07-24 14:17:11 - [TEST_STEP][PASSED] - Statement - uploadedImg = false: null

2018-07-24 14:17:11 - [TEST_STEP][PASSED] - Statement - If (filepath.trim() != "" && campaignImage.trim() != ""): null

2018-07-24 14:17:11 - [TEST_STEP][PASSED] - sendKeys: Keys 'C:\Users\kl.chan\Katalon Studio\boldreward\Images\Campaign Image\390 x 201.jpg' sent to object: 'Object Repository/Campaign_OR/Fields/h.button_campaign_image_1'

2018-07-24 14:17:11 - [MESSAGE][PASSED] - Keys 'C:\Users\kl.chan\Katalon Studio\boldreward\Images\Campaign Image\390 x 201.jpg' sent to object: 'Object Repository/Campaign_OR/Fields/h.button_campaign_image_1'

2018-07-24 14:17:11 - [TEST_STEP][PASSED] - delay: Delayed 1 second(s)

2018-07-24 14:17:12 - [MESSAGE][PASSED] - Delayed 1 second(s)

2018-07-24 14:17:12 - [TEST_STEP][PASSED] - Statement - If (com.kms.katalon.core.webui.keyword.WebUiBuiltInKeywords.waitForElementVisible(com.kms.katalon.core.testobject.ObjectRepository.findTestObject(Campaign_OR/uploadedCampaignImg), 30)): null

2018-07-24 14:17:12 - [MESSAGE][PASSED] - Object 'Object Repository/Campaign_OR/uploadedCampaignImg' is visible

2018-07-24 14:17:12 - [TEST_STEP][PASSED] - Statement - verifyImgName = com.kms.katalon.core.webui.keyword.WebUiBuiltInKeywords.getText(com.kms.katalon.core.testobject.ObjectRepository.findTestObject(Campaign_OR/uploadedCampaignImg)): Text of object 'Object Repository/Campaign_OR/uploadedCampaignImg' is: '390 x 201.jpg'

2018-07-24 14:17:12 - [MESSAGE][PASSED] - Text of object 'Object Repository/Campaign_OR/uploadedCampaignImg' is: '390 x 201.jpg'

2018-07-24 14:17:12 - [TEST_STEP][PASSED] - Statement - If (verifyImgName.equals(campaignImage) == true): null

2018-07-24 14:17:12 - [TEST_STEP][PASSED] - Statement - uploadedImg = true: null

2018-07-24 14:17:12 - [TEST_STEP][PASSED] - setText: Text 'http://www.starbucks.com.my/' is set on object 'Object Repository/Campaign_OR/Fields/i.k.input_tnc'

2018-07-24 14:17:12 - [MESSAGE][PASSED] - Text 'http://www.starbucks.com.my/' is set on object 'Object Repository/Campaign_OR/Fields/i.k.input_tnc'

2018-07-24 14:17:12 - [TEST_STEP][PASSED] - setText: Text 'kl.chanNuCn@macrokiosk.com' is set on object 'Object Repository/Campaign_OR/Fields/j.input_sender'

2018-07-24 14:17:12 - [MESSAGE][PASSED] - Text 'kl.chanNuCn@macrokiosk.com' is set on object 'Object Repository/Campaign_OR/Fields/j.input_sender'

2018-07-24 14:17:12 - [TEST_STEP][PASSED] - setText: Text 'Starbucks Reserve @ SITNuCn' is set on object 'Object Repository/Campaign_OR/Fields/k.input_subject'

2018-07-24 14:17:12 - [MESSAGE][PASSED] - Text 'Starbucks Reserve @ SITNuCn' is set on object 'Object Repository/Campaign_OR/Fields/k.input_subject'

2018-07-24 14:17:12 - [TEST_STEP][PASSED] - setText: Text 'Hello User, Welcome to our Starbucks Reserve @ SIT. Come subscribe with us and redeem more rewards.NuCn' is set on object 'Object Repository/Campaign_OR/Fields/l.textarea_content'

2018-07-24 14:17:13 - [MESSAGE][PASSED] - Text 'Hello User, Welcome to our Starbucks Reserve @ SIT. Come subscribe with us and redeem more rewards.NuCn' is set on object 'Object Repository/Campaign_OR/Fields/l.textarea_content'

2018-07-24 14:17:13 - [TEST_STEP][PASSED] - Statement - filepath = "": null

2018-07-24 14:17:13 - [TEST_STEP][PASSED] - Statement - If (os == "Windows"): null

2018-07-24 14:17:13 - [TEST_STEP][PASSED] - Statement - filepath = companyLogoPath: null

2018-07-24 14:17:13 - [TEST_STEP][PASSED] - Statement - verifyImgName = "": null

2018-07-24 14:17:13 - [TEST_STEP][PASSED] - Statement - uploadedImg = false: null

2018-07-24 14:17:13 - [TEST_STEP][PASSED] - Statement - reuploadCount = 0: null

2018-07-24 14:17:13 - [TEST_STEP][PASSED] - Statement - If (filepath.trim() != "" && companyLogo.trim() != ""): null

2018-07-24 14:17:13 - [TEST_STEP][PASSED] - sendKeys: Keys 'C:\Users\kl.chan\Katalon Studio\boldreward\Images\Company Logo\starbucks logo.jpg' sent to object: 'Object Repository/Campaign_OR/Fields/m.button_company_logo_1'

2018-07-24 14:17:13 - [MESSAGE][PASSED] - Keys 'C:\Users\kl.chan\Katalon Studio\boldreward\Images\Company Logo\starbucks logo.jpg' sent to object: 'Object Repository/Campaign_OR/Fields/m.button_company_logo_1'

2018-07-24 14:17:13 - [TEST_STEP][PASSED] - delay: Delayed 1 second(s)

2018-07-24 14:17:14 - [MESSAGE][PASSED] - Delayed 1 second(s)

2018-07-24 14:17:14 - [TEST_STEP][PASSED] - Statement - If (com.kms.katalon.core.webui.keyword.WebUiBuiltInKeywords.waitForElementVisible(com.kms.katalon.core.testobject.ObjectRepository.findTestObject(Campaign_OR/uploadedCompanyLogo), 30)): null

2018-07-24 14:17:14 - [MESSAGE][PASSED] - Object 'Object Repository/Campaign_OR/uploadedCompanyLogo' is visible

2018-07-24 14:17:14 - [TEST_STEP][PASSED] - Statement - verifyImgName = com.kms.katalon.core.webui.keyword.WebUiBuiltInKeywords.getText(com.kms.katalon.core.testobject.ObjectRepository.findTestObject(Campaign_OR/uploadedCompanyLogo)): Text of object 'Object Repository/Campaign_OR/uploadedCompanyLogo' is: 'starbucks logo.jpg'

2018-07-24 14:17:14 - [MESSAGE][PASSED] - Text of object 'Object Repository/Campaign_OR/uploadedCompanyLogo' is: 'starbucks logo.jpg'

2018-07-24 14:17:14 - [TEST_STEP][PASSED] - Statement - If (verifyImgName.equals(companyLogo) == true): null

2018-07-24 14:17:14 - [TEST_STEP][PASSED] - Statement - uploadedImg = true: null

2018-07-24 14:17:14 - [TEST_STEP][PASSED] - Statement - If (rewardCode == true): null

2018-07-24 14:17:14 - [TEST_STEP][PASSED] - Statement - Else If (rewardCode == false): Object: 'Object Repository/Campaign_OR/Fields/n.label_No' is clicked on

2018-07-24 14:17:14 - [TEST_STEP][PASSED] - click: Object: 'Object Repository/Campaign_OR/Fields/n.label_No' is clicked on

2018-07-24 14:17:14 - [MESSAGE][PASSED] - Object: 'Object Repository/Campaign_OR/Fields/n.label_No' is clicked on

2018-07-24 14:17:14 - [TEST_STEP][PASSED] - verifyElementChecked: Object 'Object Repository/Campaign_OR/Fields/radio_No' is checked

2018-07-24 14:17:14 - [MESSAGE][PASSED] - Object 'Object Repository/Campaign_OR/Fields/radio_No' is checked

2018-07-24 14:17:14 - [TEST_STEP][PASSED] - verifyElementChecked: Object 'Object Repository/Campaign_OR/Fields/radio_Yes' is not checked

2018-07-24 14:17:14 - [MESSAGE][WARNING] - Object 'Object Repository/Campaign_OR/Fields/radio_Yes' is not checked
[[ATTACHMENT|C:\\Users\\kl.chan\\Katalon Studio\\boldreward\\Reports\\TS_Create_Campaign\\TS001 Create Campaign with negative testing\\20180724_140922\\1532413034613.png]]

2018-07-24 14:17:14 - [TEST_STEP][PASSED] - click: Object: 'Object Repository/Campaign_OR/button_Save' is clicked on

2018-07-24 14:17:14 - [MESSAGE][PASSED] - Object: 'Object Repository/Campaign_OR/button_Save' is clicked on

2018-07-24 14:17:14 - [TEST_STEP][PASSED] - delay: Delayed 2 second(s)

2018-07-24 14:17:16 - [MESSAGE][PASSED] - Delayed 2 second(s)

2018-07-24 14:17:16 - [MESSAGE][PASSED] - Call Test Case 'Test Cases/Merchant Portal/Campaign/Campagin Modules/create campaign' successfully

2018-07-24 14:17:16 - [TEST_STEP][PASSED] - Statement - updateFailed = false: null

2018-07-24 14:17:16 - [TEST_STEP][PASSED] - Statement - If (com.kms.katalon.core.webui.keyword.WebUiBuiltInKeywords.waitForElementVisible(com.kms.katalon.core.testobject.ObjectRepository.findTestObject(a.Not_Assigned_OR/alert_msg_top), 3)): null

2018-07-24 14:17:16 - [MESSAGE][PASSED] - Object 'Object Repository/a.Not_Assigned_OR/alert_msg_top' is visible

2018-07-24 14:17:16 - [TEST_STEP][PASSED] - Statement - verifyPopoutMsg = com.kms.katalon.core.webui.keyword.WebUiBuiltInKeywords.getText(com.kms.katalon.core.testobject.ObjectRepository.findTestObject(a.Not_Assigned_OR/alert_msg_top)): Text of object 'Object Repository/a.Not_Assigned_OR/alert_msg_top' is: 'Oops! Invalid inputs, please try again.'

2018-07-24 14:17:16 - [MESSAGE][PASSED] - Text of object 'Object Repository/a.Not_Assigned_OR/alert_msg_top' is: 'Oops! Invalid inputs, please try again.'

2018-07-24 14:17:16 - [TEST_STEP][PASSED] - Statement - If (verifyPopoutMsg.equals(msgServer) == true): null

2018-07-24 14:17:16 - [TEST_STEP][PASSED] - Statement - updateFailed = true: null

2018-07-24 14:17:16 - [TEST_STEP][PASSED] - Statement - updateSuccess = false: null

2018-07-24 14:17:16 - [TEST_STEP][PASSED] - Statement - If (com.kms.katalon.core.webui.keyword.WebUiBuiltInKeywords.waitForElementVisible(com.kms.katalon.core.testobject.ObjectRepository.findTestObject(Campaign_OR/Error Message/msg_edit_success), 3)): Web element with id: 'Object Repository/Campaign_OR/Error Message/msg_edit_success' located by 'By.xpath: id("errorMessage")/p[@class="error-block"]' not found

2018-07-24 14:17:20 - [MESSAGE][WARNING] - Web element with id: 'Object Repository/Campaign_OR/Error Message/msg_edit_success' located by 'By.xpath: id("errorMessage")/p[@class="error-block"]' not found

2018-07-24 14:17:20 - [TEST_STEP][PASSED] - Statement - createSuccess = false: null

2018-07-24 14:17:20 - [TEST_STEP][PASSED] - Statement - If (com.kms.katalon.core.webui.keyword.WebUiBuiltInKeywords.waitForElementVisible(com.kms.katalon.core.testobject.ObjectRepository.findTestObject(Home_OR/label_home), 3)): Web element with id: 'Object Repository/Home_OR/label_home' located by 'By.xpath: id("wrapper")/div[@class="content-page"]/div[@class="content"]/div[@class="ng-scope"]/div[@class="ng-scope"]/div[@class="page-heading"]/h1[1][count(. | //h1[(text() = ' Home' or . = ' Home')]) = count(//h1[(text() = ' Home' or . = ' Home')])]' not found

2018-07-24 14:17:23 - [MESSAGE][WARNING] - Web element with id: 'Object Repository/Home_OR/label_home' located by 'By.xpath: id("wrapper")/div[@class="content-page"]/div[@class="content"]/div[@class="ng-scope"]/div[@class="ng-scope"]/div[@class="page-heading"]/h1[1][count(. | //h1[(text() = ' Home' or . = ' Home')]) = count(//h1[(text() = ' Home' or . = ' Home')])]' not found

2018-07-24 14:17:23 - [TEST_STEP][PASSED] - Statement - If (updateSuccess == true): null

2018-07-24 14:17:23 - [TEST_STEP][PASSED] - Statement - Else If (updateFailed == true): null

2018-07-24 14:17:23 - [TEST_STEP][PASSED] - Statement - verifyError = false: null

2018-07-24 14:17:23 - [TEST_STEP][PASSED] - Statement - If (companyName.trim() == ""): null

2018-07-24 14:17:23 - [TEST_STEP][PASSED] - Statement - If (campaignInstruc.trim() == ""): null

2018-07-24 14:17:23 - [TEST_STEP][PASSED] - Statement - If (radioEmail.toLowerCase() == "false"): null

2018-07-24 14:17:23 - [TEST_STEP][PASSED] - Statement - campaignImgName = com.kms.katalon.core.webui.keyword.WebUiBuiltInKeywords.getText(com.kms.katalon.core.testobject.ObjectRepository.findTestObject(Campaign_OR/uploadedCampaignImg)): Text of object 'Object Repository/Campaign_OR/uploadedCampaignImg' is: '390 x 201.jpg'

2018-07-24 14:17:23 - [MESSAGE][PASSED] - Text of object 'Object Repository/Campaign_OR/uploadedCampaignImg' is: '390 x 201.jpg'

2018-07-24 14:17:23 - [TEST_STEP][PASSED] - Statement - If (campaignImgName == ""): null

2018-07-24 14:17:23 - [TEST_STEP][PASSED] - Statement - If (emailSender.trim() == ""): null

2018-07-24 14:17:23 - [TEST_STEP][PASSED] - Statement - If (emailSubject.trim() == ""): null

2018-07-24 14:17:23 - [TEST_STEP][PASSED] - Statement - If (emailContent.trim() == ""): null

2018-07-24 14:17:23 - [TEST_STEP][PASSED] - Statement - companyLogoName = com.kms.katalon.core.webui.keyword.WebUiBuiltInKeywords.getText(com.kms.katalon.core.testobject.ObjectRepository.findTestObject(Campaign_OR/uploadedCompanyLogo)): Text of object 'Object Repository/Campaign_OR/uploadedCompanyLogo' is: 'starbucks logo.jpg'

2018-07-24 14:17:23 - [MESSAGE][PASSED] - Text of object 'Object Repository/Campaign_OR/uploadedCompanyLogo' is: 'starbucks logo.jpg'

2018-07-24 14:17:23 - [TEST_STEP][PASSED] - Statement - If (companyLogoName == ""): null

2018-07-24 14:17:23 - [TEST_STEP][PASSED] - Statement - If (com.kms.katalon.core.webui.keyword.WebUiBuiltInKeywords.waitForElementVisible(com.kms.katalon.core.testobject.ObjectRepository.findTestObject(Campaign_OR/Error Message/msg_cpgn_image2), 2)): null

2018-07-24 14:17:23 - [MESSAGE][PASSED] - Object 'Object Repository/Campaign_OR/Error Message/msg_cpgn_image2' is visible

2018-07-24 14:17:23 - [TEST_STEP][PASSED] - Statement - verifyCampaignImgError = com.kms.katalon.core.webui.keyword.WebUiBuiltInKeywords.getText(com.kms.katalon.core.testobject.ObjectRepository.findTestObject(Campaign_OR/Error Message/msg_cpgn_image2)): Text of object 'Object Repository/Campaign_OR/Error Message/msg_cpgn_image2' is: 'Invalid image dimension'

2018-07-24 14:17:23 - [MESSAGE][PASSED] - Text of object 'Object Repository/Campaign_OR/Error Message/msg_cpgn_image2' is: 'Invalid image dimension'

2018-07-24 14:17:23 - [TEST_STEP][PASSED] - Statement - If (verifyCampaignImgError.equals(msgInvalidSize)): null

2018-07-24 14:17:23 - [TEST_STEP][PASSED] - Statement - Else If (verifyCampaignImgError.equals(msgInvalidDi)): null

2018-07-24 14:17:23 - [TEST_STEP][PASSED] - Statement - verifyError = true: null

2018-07-24 14:17:23 - [TEST_STEP][PASSED] - Statement - If (com.kms.katalon.core.webui.keyword.WebUiBuiltInKeywords.waitForElementVisible(com.kms.katalon.core.testobject.ObjectRepository.findTestObject(Campaign_OR/Error Message/msg_TCURL), 2)): Web element with id: 'Object Repository/Campaign_OR/Error Message/msg_TCURL' located by 'By.xpath: id("wrapper")/div[@class="content-page"]/div[@class="content"]/div[@class="ng-scope"]/div[@class="row ng-scope"]/div[@class="col-md-7"]/div[@class="widget"]/div[@class="widget-content padding"]/div[@class="form-horizontal"]/div[@class="form-group"]/div[@id="tncUrl"]/p[@class="error-block"][count(. | //p[(text() = 'Invalid format, please follow as http://wwww.example.com' or . = 'Invalid format, please follow as http://wwww.example.com')]) = count(//p[(text() = 'Invalid format, please follow as http://wwww.example.com' or . = 'Invalid format, please follow as http://wwww.example.com')])]' not found

2018-07-24 14:17:25 - [MESSAGE][WARNING] - Web element with id: 'Object Repository/Campaign_OR/Error Message/msg_TCURL' located by 'By.xpath: id("wrapper")/div[@class="content-page"]/div[@class="content"]/div[@class="ng-scope"]/div[@class="row ng-scope"]/div[@class="col-md-7"]/div[@class="widget"]/div[@class="widget-content padding"]/div[@class="form-horizontal"]/div[@class="form-group"]/div[@id="tncUrl"]/p[@class="error-block"][count(. | //p[(text() = 'Invalid format, please follow as http://wwww.example.com' or . = 'Invalid format, please follow as http://wwww.example.com')]) = count(//p[(text() = 'Invalid format, please follow as http://wwww.example.com' or . = 'Invalid format, please follow as http://wwww.example.com')])]' not found

2018-07-24 14:17:25 - [TEST_STEP][PASSED] - Statement - If (emailSender.trim() != ""): Web element with id: 'Object Repository/Campaign_OR/Error Message/msg_sender' located by 'By.xpath: id("emailSender")/p[@class="error-block"]' not found

2018-07-24 14:17:25 - [TEST_STEP][PASSED] - Statement - If (com.kms.katalon.core.webui.keyword.WebUiBuiltInKeywords.waitForElementVisible(com.kms.katalon.core.testobject.ObjectRepository.findTestObject(Campaign_OR/Error Message/msg_sender), 2)): Web element with id: 'Object Repository/Campaign_OR/Error Message/msg_sender' located by 'By.xpath: id("emailSender")/p[@class="error-block"]' not found

2018-07-24 14:17:27 - [MESSAGE][WARNING] - Web element with id: 'Object Repository/Campaign_OR/Error Message/msg_sender' located by 'By.xpath: id("emailSender")/p[@class="error-block"]' not found

2018-07-24 14:17:27 - [TEST_STEP][PASSED] - Statement - If (com.kms.katalon.core.webui.keyword.WebUiBuiltInKeywords.waitForElementVisible(com.kms.katalon.core.testobject.ObjectRepository.findTestObject(Campaign_OR/Error Message/msg_company_logo), 2)): Web element with id: 'Object Repository/Campaign_OR/Error Message/msg_company_logo' located by 'By.xpath: id("companyLogo")/p[@class="error-block ng-binding"][count(. | //p[@class = 'error-block ng-binding' and @ng-hide = 'CC.errorLogo == 200 || CC.errorLogo == undefined']) = count(//p[@class = 'error-block ng-binding' and @ng-hide = 'CC.errorLogo == 200 || CC.errorLogo == undefined'])]' not found

2018-07-24 14:17:29 - [MESSAGE][WARNING] - Web element with id: 'Object Repository/Campaign_OR/Error Message/msg_company_logo' located by 'By.xpath: id("companyLogo")/p[@class="error-block ng-binding"][count(. | //p[@class = 'error-block ng-binding' and @ng-hide = 'CC.errorLogo == 200 || CC.errorLogo == undefined']) = count(//p[@class = 'error-block ng-binding' and @ng-hide = 'CC.errorLogo == 200 || CC.errorLogo == undefined'])]' not found

2018-07-24 14:17:29 - [TEST_STEP][PASSED] - refresh: Refresh successfully

2018-07-24 14:17:29 - [MESSAGE][PASSED] - Refresh successfully

2018-07-24 14:17:29 - [TEST_STEP][PASSED] - Statement - If (verifyError == false): null]]></system-out>
         <system-err><![CDATA[]]></system-err>
      </testcase>
      <testcase name="Test Cases/Merchant Portal/Campaign/TC001 Campaign - verify all case" classname="Test Cases/Merchant Portal/Campaign/TC001 Campaign - verify all case" status="PASSED">
         <system-out><![CDATA[2018-07-24 14:17:29 - [TEST_CASE][PASSED] - Test Cases/Merchant Portal/Campaign/TC001 Campaign - verify all case: Test Cases/Merchant Portal/Campaign/TC001 Campaign - verify all case

2018-07-24 14:17:30 - [TEST_STEP][PASSED] - Statement - randomWords = CustomKeywords.randomWords.GenerateNumber.randomString(4): randomWords.GenerateNumber.randomString is PASSED

2018-07-24 14:17:30 - [MESSAGE][PASSED] - randomWords.GenerateNumber.randomString is PASSED

2018-07-24 14:17:30 - [TEST_STEP][PASSED] - Statement - If (companyName.trim() != ""): null

2018-07-24 14:17:30 - [TEST_STEP][PASSED] - Statement - companyName = companyName + randomWords: null

2018-07-24 14:17:30 - [TEST_STEP][PASSED] - Statement - If (campaignInstruc.trim() != ""): null

2018-07-24 14:17:30 - [TEST_STEP][PASSED] - Statement - campaignInstruc = campaignInstruc + randomWords: null

2018-07-24 14:17:30 - [TEST_STEP][PASSED] - Statement - If (emailSender.trim() != ""): null

2018-07-24 14:17:30 - [TEST_STEP][PASSED] - Statement - email = emailSender: null

2018-07-24 14:17:30 - [TEST_STEP][PASSED] - Statement - splitEmail = email.split("@"): null

2018-07-24 14:17:30 - [TEST_STEP][PASSED] - Statement - numb = length: null

2018-07-24 14:17:30 - [TEST_STEP][PASSED] - Statement - If (numb > 1): null

2018-07-24 14:17:30 - [TEST_STEP][PASSED] - Statement - emailSender = splitEmail[0] + randomWords + "@" + splitEmail[1]: null

2018-07-24 14:17:30 - [TEST_STEP][PASSED] - Statement - If (emailSubject.trim() != ""): null

2018-07-24 14:17:30 - [TEST_STEP][PASSED] - Statement - emailSubject = emailSubject + randomWords: null

2018-07-24 14:17:30 - [TEST_STEP][PASSED] - Statement - If (emailContent.trim() != ""): null

2018-07-24 14:17:30 - [TEST_STEP][PASSED] - Statement - emailContent = emailContent + randomWords: null

2018-07-24 14:17:30 - [TEST_STEP][PASSED] - callTestCase: Call Test Case 'Test Cases/Merchant Portal/Campaign/Campagin Modules/create campaign' successfully

2018-07-24 14:17:30 - [TEST_CASE][PASSED] - Test Cases/Merchant Portal/Campaign/Campagin Modules/create campaign: Test Cases/Merchant Portal/Campaign/Campagin Modules/create campaign

2018-07-24 14:17:30 - [TEST_STEP][PASSED] - Statement - osName = "": null

2018-07-24 14:17:30 - [TEST_STEP][PASSED] - Statement - osName = CustomKeywords.os.DetectOS.getOperatingSystem(osName): os.DetectOS.getOperatingSystem is PASSED

2018-07-24 14:17:30 - [MESSAGE][PASSED] - os.DetectOS.getOperatingSystem is PASSED

2018-07-24 14:17:30 - [TEST_STEP][PASSED] - Statement - splitString = osName.split(): null

2018-07-24 14:17:30 - [TEST_STEP][PASSED] - Statement - os = splitString[0].toString(): null

2018-07-24 14:17:30 - [TEST_STEP][PASSED] - Statement - If (loggedin == false): null

2018-07-24 14:17:30 - [TEST_STEP][PASSED] - Statement - If (accessModule == false): null

2018-07-24 14:17:30 - [TEST_STEP][PASSED] - delay: Delayed 5 second(s)

2018-07-24 14:17:35 - [MESSAGE][PASSED] - Delayed 5 second(s)

2018-07-24 14:17:35 - [TEST_STEP][PASSED] - setText: Text 'Starbucks Reserve LtdUPAw' is set on object 'Object Repository/Campaign_OR/Fields/a.input_company_name'

2018-07-24 14:17:35 - [MESSAGE][PASSED] - Text 'Starbucks Reserve LtdUPAw' is set on object 'Object Repository/Campaign_OR/Fields/a.input_company_name'

2018-07-24 14:17:35 - [TEST_STEP][PASSED] - setText: Text 'Please subscribe with us and redeem a free coffee. Come join us now!UPAw' is set on object 'Object Repository/Campaign_OR/Fields/b.textarea_campaign_instruction'

2018-07-24 14:17:35 - [MESSAGE][PASSED] - Text 'Please subscribe with us and redeem a free coffee. Come join us now!UPAw' is set on object 'Object Repository/Campaign_OR/Fields/b.textarea_campaign_instruction'

2018-07-24 14:17:35 - [TEST_STEP][PASSED] - Statement - verifyEmail = false: null

2018-07-24 14:17:35 - [TEST_STEP][PASSED] - Statement - If (radioEmail.toLowerCase() == "true"): null

2018-07-24 14:17:35 - [TEST_STEP][PASSED] - Statement - verifyEmail = true: null

2018-07-24 14:17:35 - [TEST_STEP][PASSED] - Statement - If (verifyEmail == true): Object 'Object Repository/Campaign_OR/input_email' is visible

2018-07-24 14:17:35 - [TEST_STEP][PASSED] - Statement - If (com.kms.katalon.core.webui.keyword.WebUiBuiltInKeywords.verifyElementNotChecked(com.kms.katalon.core.testobject.ObjectRepository.findTestObject(Campaign_OR/Fields/c.checkbox_email), 1, OPTIONAL)): Object 'Object Repository/Campaign_OR/input_email' is visible

2018-07-24 14:17:35 - [MESSAGE][PASSED] - Object 'Object Repository/Campaign_OR/Fields/c.checkbox_email' is not checked

2018-07-24 14:17:35 - [TEST_STEP][PASSED] - delay: Delayed 1 second(s)

2018-07-24 14:17:36 - [MESSAGE][PASSED] - Delayed 1 second(s)

2018-07-24 14:17:36 - [TEST_STEP][PASSED] - click: Object: 'Object Repository/Campaign_OR/Fields/c.checkbox_email' is clicked on

2018-07-24 14:17:36 - [MESSAGE][PASSED] - Object: 'Object Repository/Campaign_OR/Fields/c.checkbox_email' is clicked on

2018-07-24 14:17:36 - [TEST_STEP][PASSED] - verifyElementVisible: Object 'Object Repository/Campaign_OR/input_email' is visible

2018-07-24 14:17:36 - [MESSAGE][PASSED] - Object 'Object Repository/Campaign_OR/input_email' is visible

2018-07-24 14:17:36 - [TEST_STEP][PASSED] - Statement - verifyMobileno = false: null

2018-07-24 14:17:36 - [TEST_STEP][PASSED] - Statement - If (radioMobileno.toLowerCase() == "true"): null

2018-07-24 14:17:36 - [TEST_STEP][PASSED] - Statement - If (verifyMobileno == true): null

2018-07-24 14:17:36 - [TEST_STEP][PASSED] - Statement - Else If (verifyMobileno == false): Object 'Object Repository/Campaign_OR/input_mobileno' is NOT visible

2018-07-24 14:17:36 - [TEST_STEP][PASSED] - Statement - If (com.kms.katalon.core.webui.keyword.WebUiBuiltInKeywords.verifyElementChecked(com.kms.katalon.core.testobject.ObjectRepository.findTestObject(Campaign_OR/Fields/d.checkbox_mobile_number), 1, OPTIONAL)): Object 'Object Repository/Campaign_OR/Fields/d.checkbox_mobile_number' is not checked

2018-07-24 14:17:37 - [MESSAGE][WARNING] - Object 'Object Repository/Campaign_OR/Fields/d.checkbox_mobile_number' is not checked
[[ATTACHMENT|C:\\Users\\kl.chan\\Katalon Studio\\boldreward\\Reports\\TS_Create_Campaign\\TS001 Create Campaign with negative testing\\20180724_140922\\1532413057009.png]]

2018-07-24 14:17:37 - [TEST_STEP][PASSED] - Statement - Else: Object 'Object Repository/Campaign_OR/input_mobileno' is NOT visible

2018-07-24 14:17:37 - [TEST_STEP][PASSED] - verifyElementNotVisible: Object 'Object Repository/Campaign_OR/input_mobileno' is NOT visible

2018-07-24 14:17:37 - [MESSAGE][PASSED] - Object 'Object Repository/Campaign_OR/input_mobileno' is NOT visible

2018-07-24 14:17:37 - [TEST_STEP][PASSED] - Statement - verifyName = false: null

2018-07-24 14:17:37 - [TEST_STEP][PASSED] - Statement - If (radioName.toLowerCase() == "true"): null

2018-07-24 14:17:37 - [TEST_STEP][PASSED] - Statement - If (verifyName == true): null

2018-07-24 14:17:37 - [TEST_STEP][PASSED] - Statement - Else If (verifyName == false): Object 'Object Repository/Campaign_OR/input_name' is NOT visible

2018-07-24 14:17:37 - [TEST_STEP][PASSED] - Statement - If (com.kms.katalon.core.webui.keyword.WebUiBuiltInKeywords.verifyElementChecked(com.kms.katalon.core.testobject.ObjectRepository.findTestObject(Campaign_OR/Fields/e.checkbox_name), 1, OPTIONAL)): Object 'Object Repository/Campaign_OR/Fields/e.checkbox_name' is not checked

2018-07-24 14:17:37 - [MESSAGE][WARNING] - Object 'Object Repository/Campaign_OR/Fields/e.checkbox_name' is not checked
[[ATTACHMENT|C:\\Users\\kl.chan\\Katalon Studio\\boldreward\\Reports\\TS_Create_Campaign\\TS001 Create Campaign with negative testing\\20180724_140922\\1532413057295.png]]

2018-07-24 14:17:37 - [TEST_STEP][PASSED] - Statement - Else: Object 'Object Repository/Campaign_OR/input_name' is NOT visible

2018-07-24 14:17:37 - [TEST_STEP][PASSED] - verifyElementNotVisible: Object 'Object Repository/Campaign_OR/input_name' is NOT visible

2018-07-24 14:17:37 - [MESSAGE][PASSED] - Object 'Object Repository/Campaign_OR/input_name' is NOT visible

2018-07-24 14:17:37 - [TEST_STEP][PASSED] - Statement - verifyGender = false: null

2018-07-24 14:17:37 - [TEST_STEP][PASSED] - Statement - If (radioGender.toLowerCase() == "true"): null

2018-07-24 14:17:37 - [TEST_STEP][PASSED] - Statement - If (verifyGender == true): null

2018-07-24 14:17:37 - [TEST_STEP][PASSED] - Statement - Else If (verifyGender == false): Object 'Object Repository/Campaign_OR/label_Female' is NOT visible

2018-07-24 14:17:37 - [TEST_STEP][PASSED] - Statement - If (com.kms.katalon.core.webui.keyword.WebUiBuiltInKeywords.verifyElementChecked(com.kms.katalon.core.testobject.ObjectRepository.findTestObject(Campaign_OR/Fields/f.checkbox_gender), 1, OPTIONAL)): Object 'Object Repository/Campaign_OR/Fields/f.checkbox_gender' is not checked

2018-07-24 14:17:37 - [MESSAGE][WARNING] - Object 'Object Repository/Campaign_OR/Fields/f.checkbox_gender' is not checked
[[ATTACHMENT|C:\\Users\\kl.chan\\Katalon Studio\\boldreward\\Reports\\TS_Create_Campaign\\TS001 Create Campaign with negative testing\\20180724_140922\\1532413057571.png]]

2018-07-24 14:17:37 - [TEST_STEP][PASSED] - Statement - Else: Object 'Object Repository/Campaign_OR/label_Female' is NOT visible

2018-07-24 14:17:37 - [TEST_STEP][PASSED] - verifyElementNotVisible: Object 'Object Repository/Campaign_OR/label_Male' is NOT visible

2018-07-24 14:17:37 - [MESSAGE][PASSED] - Object 'Object Repository/Campaign_OR/label_Male' is NOT visible

2018-07-24 14:17:37 - [TEST_STEP][PASSED] - verifyElementNotVisible: Object 'Object Repository/Campaign_OR/label_Female' is NOT visible

2018-07-24 14:17:37 - [MESSAGE][PASSED] - Object 'Object Repository/Campaign_OR/label_Female' is NOT visible

2018-07-24 14:17:37 - [TEST_STEP][PASSED] - Statement - verifyDOB = false: null

2018-07-24 14:17:37 - [TEST_STEP][PASSED] - Statement - If (radioDOB.toLowerCase() == "true"): null

2018-07-24 14:17:37 - [TEST_STEP][PASSED] - Statement - If (verifyDOB == true): null

2018-07-24 14:17:37 - [TEST_STEP][PASSED] - Statement - Else If (verifyDOB == false): Object 'Object Repository/Campaign_OR/input_datepicker' is NOT visible

2018-07-24 14:17:37 - [TEST_STEP][PASSED] - Statement - If (com.kms.katalon.core.webui.keyword.WebUiBuiltInKeywords.verifyElementChecked(com.kms.katalon.core.testobject.ObjectRepository.findTestObject(Campaign_OR/Fields/g.checkbox_dob), 1, OPTIONAL)): Object 'Object Repository/Campaign_OR/Fields/g.checkbox_dob' is not checked

2018-07-24 14:17:38 - [MESSAGE][WARNING] - Object 'Object Repository/Campaign_OR/Fields/g.checkbox_dob' is not checked
[[ATTACHMENT|C:\\Users\\kl.chan\\Katalon Studio\\boldreward\\Reports\\TS_Create_Campaign\\TS001 Create Campaign with negative testing\\20180724_140922\\1532413057888.png]]

2018-07-24 14:17:38 - [TEST_STEP][PASSED] - Statement - Else: Object 'Object Repository/Campaign_OR/input_datepicker' is NOT visible

2018-07-24 14:17:38 - [TEST_STEP][PASSED] - verifyElementNotVisible: Object 'Object Repository/Campaign_OR/input_datepicker' is NOT visible

2018-07-24 14:17:38 - [MESSAGE][PASSED] - Object 'Object Repository/Campaign_OR/input_datepicker' is NOT visible

2018-07-24 14:17:38 - [TEST_STEP][PASSED] - Statement - filepath = "": null

2018-07-24 14:17:38 - [TEST_STEP][PASSED] - Statement - If (os == "Windows"): null

2018-07-24 14:17:38 - [TEST_STEP][PASSED] - Statement - filepath = campaignImagePath: null

2018-07-24 14:17:38 - [TEST_STEP][PASSED] - Statement - verifyImgName = "": null

2018-07-24 14:17:38 - [TEST_STEP][PASSED] - Statement - uploadedImg = false: null

2018-07-24 14:17:38 - [TEST_STEP][PASSED] - Statement - If (filepath.trim() != "" && campaignImage.trim() != ""): null

2018-07-24 14:17:38 - [TEST_STEP][PASSED] - sendKeys: Keys 'C:\Users\kl.chan\Katalon Studio\boldreward\Images\Campaign Image\391 x 200.jpg' sent to object: 'Object Repository/Campaign_OR/Fields/h.button_campaign_image_1'

2018-07-24 14:17:38 - [MESSAGE][PASSED] - Keys 'C:\Users\kl.chan\Katalon Studio\boldreward\Images\Campaign Image\391 x 200.jpg' sent to object: 'Object Repository/Campaign_OR/Fields/h.button_campaign_image_1'

2018-07-24 14:17:38 - [TEST_STEP][PASSED] - delay: Delayed 1 second(s)

2018-07-24 14:17:39 - [MESSAGE][PASSED] - Delayed 1 second(s)

2018-07-24 14:17:39 - [TEST_STEP][PASSED] - Statement - If (com.kms.katalon.core.webui.keyword.WebUiBuiltInKeywords.waitForElementVisible(com.kms.katalon.core.testobject.ObjectRepository.findTestObject(Campaign_OR/uploadedCampaignImg), 30)): null

2018-07-24 14:17:39 - [MESSAGE][PASSED] - Object 'Object Repository/Campaign_OR/uploadedCampaignImg' is visible

2018-07-24 14:17:39 - [TEST_STEP][PASSED] - Statement - verifyImgName = com.kms.katalon.core.webui.keyword.WebUiBuiltInKeywords.getText(com.kms.katalon.core.testobject.ObjectRepository.findTestObject(Campaign_OR/uploadedCampaignImg)): Text of object 'Object Repository/Campaign_OR/uploadedCampaignImg' is: '391 x 200.jpg'

2018-07-24 14:17:39 - [MESSAGE][PASSED] - Text of object 'Object Repository/Campaign_OR/uploadedCampaignImg' is: '391 x 200.jpg'

2018-07-24 14:17:39 - [TEST_STEP][PASSED] - Statement - If (verifyImgName.equals(campaignImage) == true): null

2018-07-24 14:17:39 - [TEST_STEP][PASSED] - Statement - uploadedImg = true: null

2018-07-24 14:17:39 - [TEST_STEP][PASSED] - setText: Text 'http://www.starbucks.com.my/' is set on object 'Object Repository/Campaign_OR/Fields/i.k.input_tnc'

2018-07-24 14:17:39 - [MESSAGE][PASSED] - Text 'http://www.starbucks.com.my/' is set on object 'Object Repository/Campaign_OR/Fields/i.k.input_tnc'

2018-07-24 14:17:39 - [TEST_STEP][PASSED] - setText: Text 'kl.chanUPAw@macrokiosk.com' is set on object 'Object Repository/Campaign_OR/Fields/j.input_sender'

2018-07-24 14:17:39 - [MESSAGE][PASSED] - Text 'kl.chanUPAw@macrokiosk.com' is set on object 'Object Repository/Campaign_OR/Fields/j.input_sender'

2018-07-24 14:17:39 - [TEST_STEP][PASSED] - setText: Text 'Starbucks Reserve @ SITUPAw' is set on object 'Object Repository/Campaign_OR/Fields/k.input_subject'

2018-07-24 14:17:39 - [MESSAGE][PASSED] - Text 'Starbucks Reserve @ SITUPAw' is set on object 'Object Repository/Campaign_OR/Fields/k.input_subject'

2018-07-24 14:17:39 - [TEST_STEP][PASSED] - setText: Text 'Hello User, Welcome to our Starbucks Reserve @ SIT. Come subscribe with us and redeem more rewards.UPAw' is set on object 'Object Repository/Campaign_OR/Fields/l.textarea_content'

2018-07-24 14:17:40 - [MESSAGE][PASSED] - Text 'Hello User, Welcome to our Starbucks Reserve @ SIT. Come subscribe with us and redeem more rewards.UPAw' is set on object 'Object Repository/Campaign_OR/Fields/l.textarea_content'

2018-07-24 14:17:40 - [TEST_STEP][PASSED] - Statement - filepath = "": null

2018-07-24 14:17:40 - [TEST_STEP][PASSED] - Statement - If (os == "Windows"): null

2018-07-24 14:17:40 - [TEST_STEP][PASSED] - Statement - filepath = companyLogoPath: null

2018-07-24 14:17:40 - [TEST_STEP][PASSED] - Statement - verifyImgName = "": null

2018-07-24 14:17:40 - [TEST_STEP][PASSED] - Statement - uploadedImg = false: null

2018-07-24 14:17:40 - [TEST_STEP][PASSED] - Statement - reuploadCount = 0: null

2018-07-24 14:17:40 - [TEST_STEP][PASSED] - Statement - If (filepath.trim() != "" && companyLogo.trim() != ""): null

2018-07-24 14:17:40 - [TEST_STEP][PASSED] - sendKeys: Keys 'C:\Users\kl.chan\Katalon Studio\boldreward\Images\Company Logo\starbucks logo.jpg' sent to object: 'Object Repository/Campaign_OR/Fields/m.button_company_logo_1'

2018-07-24 14:17:40 - [MESSAGE][PASSED] - Keys 'C:\Users\kl.chan\Katalon Studio\boldreward\Images\Company Logo\starbucks logo.jpg' sent to object: 'Object Repository/Campaign_OR/Fields/m.button_company_logo_1'

2018-07-24 14:17:40 - [TEST_STEP][PASSED] - delay: Delayed 1 second(s)

2018-07-24 14:17:41 - [MESSAGE][PASSED] - Delayed 1 second(s)

2018-07-24 14:17:41 - [TEST_STEP][PASSED] - Statement - If (com.kms.katalon.core.webui.keyword.WebUiBuiltInKeywords.waitForElementVisible(com.kms.katalon.core.testobject.ObjectRepository.findTestObject(Campaign_OR/uploadedCompanyLogo), 30)): null

2018-07-24 14:17:41 - [MESSAGE][PASSED] - Object 'Object Repository/Campaign_OR/uploadedCompanyLogo' is visible

2018-07-24 14:17:41 - [TEST_STEP][PASSED] - Statement - verifyImgName = com.kms.katalon.core.webui.keyword.WebUiBuiltInKeywords.getText(com.kms.katalon.core.testobject.ObjectRepository.findTestObject(Campaign_OR/uploadedCompanyLogo)): Text of object 'Object Repository/Campaign_OR/uploadedCompanyLogo' is: 'starbucks logo.jpg'

2018-07-24 14:17:41 - [MESSAGE][PASSED] - Text of object 'Object Repository/Campaign_OR/uploadedCompanyLogo' is: 'starbucks logo.jpg'

2018-07-24 14:17:41 - [TEST_STEP][PASSED] - Statement - If (verifyImgName.equals(companyLogo) == true): null

2018-07-24 14:17:41 - [TEST_STEP][PASSED] - Statement - uploadedImg = true: null

2018-07-24 14:17:41 - [TEST_STEP][PASSED] - Statement - If (rewardCode == true): null

2018-07-24 14:17:41 - [TEST_STEP][PASSED] - Statement - Else If (rewardCode == false): Object: 'Object Repository/Campaign_OR/Fields/n.label_No' is clicked on

2018-07-24 14:17:41 - [TEST_STEP][PASSED] - click: Object: 'Object Repository/Campaign_OR/Fields/n.label_No' is clicked on

2018-07-24 14:17:41 - [MESSAGE][PASSED] - Object: 'Object Repository/Campaign_OR/Fields/n.label_No' is clicked on

2018-07-24 14:17:41 - [TEST_STEP][PASSED] - verifyElementChecked: Object 'Object Repository/Campaign_OR/Fields/radio_No' is checked

2018-07-24 14:17:41 - [MESSAGE][PASSED] - Object 'Object Repository/Campaign_OR/Fields/radio_No' is checked

2018-07-24 14:17:41 - [TEST_STEP][PASSED] - verifyElementChecked: Object 'Object Repository/Campaign_OR/Fields/radio_Yes' is not checked

2018-07-24 14:17:41 - [MESSAGE][WARNING] - Object 'Object Repository/Campaign_OR/Fields/radio_Yes' is not checked
[[ATTACHMENT|C:\\Users\\kl.chan\\Katalon Studio\\boldreward\\Reports\\TS_Create_Campaign\\TS001 Create Campaign with negative testing\\20180724_140922\\1532413061653.png]]

2018-07-24 14:17:41 - [TEST_STEP][PASSED] - click: Object: 'Object Repository/Campaign_OR/button_Save' is clicked on

2018-07-24 14:17:41 - [MESSAGE][PASSED] - Object: 'Object Repository/Campaign_OR/button_Save' is clicked on

2018-07-24 14:17:41 - [TEST_STEP][PASSED] - delay: Delayed 2 second(s)

2018-07-24 14:17:43 - [MESSAGE][PASSED] - Delayed 2 second(s)

2018-07-24 14:17:43 - [MESSAGE][PASSED] - Call Test Case 'Test Cases/Merchant Portal/Campaign/Campagin Modules/create campaign' successfully

2018-07-24 14:17:43 - [TEST_STEP][PASSED] - Statement - updateFailed = false: null

2018-07-24 14:17:43 - [TEST_STEP][PASSED] - Statement - If (com.kms.katalon.core.webui.keyword.WebUiBuiltInKeywords.waitForElementVisible(com.kms.katalon.core.testobject.ObjectRepository.findTestObject(a.Not_Assigned_OR/alert_msg_top), 3)): null

2018-07-24 14:17:43 - [MESSAGE][PASSED] - Object 'Object Repository/a.Not_Assigned_OR/alert_msg_top' is visible

2018-07-24 14:17:43 - [TEST_STEP][PASSED] - Statement - verifyPopoutMsg = com.kms.katalon.core.webui.keyword.WebUiBuiltInKeywords.getText(com.kms.katalon.core.testobject.ObjectRepository.findTestObject(a.Not_Assigned_OR/alert_msg_top)): Text of object 'Object Repository/a.Not_Assigned_OR/alert_msg_top' is: 'Oops! Invalid inputs, please try again.'

2018-07-24 14:17:44 - [MESSAGE][PASSED] - Text of object 'Object Repository/a.Not_Assigned_OR/alert_msg_top' is: 'Oops! Invalid inputs, please try again.'

2018-07-24 14:17:44 - [TEST_STEP][PASSED] - Statement - If (verifyPopoutMsg.equals(msgServer) == true): null

2018-07-24 14:17:44 - [TEST_STEP][PASSED] - Statement - updateFailed = true: null

2018-07-24 14:17:44 - [TEST_STEP][PASSED] - Statement - updateSuccess = false: null

2018-07-24 14:17:44 - [TEST_STEP][PASSED] - Statement - If (com.kms.katalon.core.webui.keyword.WebUiBuiltInKeywords.waitForElementVisible(com.kms.katalon.core.testobject.ObjectRepository.findTestObject(Campaign_OR/Error Message/msg_edit_success), 3)): Web element with id: 'Object Repository/Campaign_OR/Error Message/msg_edit_success' located by 'By.xpath: id("errorMessage")/p[@class="error-block"]' not found

2018-07-24 14:17:47 - [MESSAGE][WARNING] - Web element with id: 'Object Repository/Campaign_OR/Error Message/msg_edit_success' located by 'By.xpath: id("errorMessage")/p[@class="error-block"]' not found

2018-07-24 14:17:47 - [TEST_STEP][PASSED] - Statement - createSuccess = false: null

2018-07-24 14:17:47 - [TEST_STEP][PASSED] - Statement - If (com.kms.katalon.core.webui.keyword.WebUiBuiltInKeywords.waitForElementVisible(com.kms.katalon.core.testobject.ObjectRepository.findTestObject(Home_OR/label_home), 3)): Web element with id: 'Object Repository/Home_OR/label_home' located by 'By.xpath: id("wrapper")/div[@class="content-page"]/div[@class="content"]/div[@class="ng-scope"]/div[@class="ng-scope"]/div[@class="page-heading"]/h1[1][count(. | //h1[(text() = ' Home' or . = ' Home')]) = count(//h1[(text() = ' Home' or . = ' Home')])]' not found

2018-07-24 14:17:50 - [MESSAGE][WARNING] - Web element with id: 'Object Repository/Home_OR/label_home' located by 'By.xpath: id("wrapper")/div[@class="content-page"]/div[@class="content"]/div[@class="ng-scope"]/div[@class="ng-scope"]/div[@class="page-heading"]/h1[1][count(. | //h1[(text() = ' Home' or . = ' Home')]) = count(//h1[(text() = ' Home' or . = ' Home')])]' not found

2018-07-24 14:17:50 - [TEST_STEP][PASSED] - Statement - If (updateSuccess == true): null

2018-07-24 14:17:50 - [TEST_STEP][PASSED] - Statement - Else If (updateFailed == true): null

2018-07-24 14:17:50 - [TEST_STEP][PASSED] - Statement - verifyError = false: null

2018-07-24 14:17:50 - [TEST_STEP][PASSED] - Statement - If (companyName.trim() == ""): null

2018-07-24 14:17:50 - [TEST_STEP][PASSED] - Statement - If (campaignInstruc.trim() == ""): null

2018-07-24 14:17:50 - [TEST_STEP][PASSED] - Statement - If (radioEmail.toLowerCase() == "false"): null

2018-07-24 14:17:50 - [TEST_STEP][PASSED] - Statement - campaignImgName = com.kms.katalon.core.webui.keyword.WebUiBuiltInKeywords.getText(com.kms.katalon.core.testobject.ObjectRepository.findTestObject(Campaign_OR/uploadedCampaignImg)): Text of object 'Object Repository/Campaign_OR/uploadedCampaignImg' is: '391 x 200.jpg'

2018-07-24 14:17:50 - [MESSAGE][PASSED] - Text of object 'Object Repository/Campaign_OR/uploadedCampaignImg' is: '391 x 200.jpg'

2018-07-24 14:17:50 - [TEST_STEP][PASSED] - Statement - If (campaignImgName == ""): null

2018-07-24 14:17:50 - [TEST_STEP][PASSED] - Statement - If (emailSender.trim() == ""): null

2018-07-24 14:17:50 - [TEST_STEP][PASSED] - Statement - If (emailSubject.trim() == ""): null

2018-07-24 14:17:50 - [TEST_STEP][PASSED] - Statement - If (emailContent.trim() == ""): null

2018-07-24 14:17:50 - [TEST_STEP][PASSED] - Statement - companyLogoName = com.kms.katalon.core.webui.keyword.WebUiBuiltInKeywords.getText(com.kms.katalon.core.testobject.ObjectRepository.findTestObject(Campaign_OR/uploadedCompanyLogo)): Text of object 'Object Repository/Campaign_OR/uploadedCompanyLogo' is: 'starbucks logo.jpg'

2018-07-24 14:17:50 - [MESSAGE][PASSED] - Text of object 'Object Repository/Campaign_OR/uploadedCompanyLogo' is: 'starbucks logo.jpg'

2018-07-24 14:17:50 - [TEST_STEP][PASSED] - Statement - If (companyLogoName == ""): null

2018-07-24 14:17:50 - [TEST_STEP][PASSED] - Statement - If (com.kms.katalon.core.webui.keyword.WebUiBuiltInKeywords.waitForElementVisible(com.kms.katalon.core.testobject.ObjectRepository.findTestObject(Campaign_OR/Error Message/msg_cpgn_image2), 2)): null

2018-07-24 14:17:50 - [MESSAGE][PASSED] - Object 'Object Repository/Campaign_OR/Error Message/msg_cpgn_image2' is visible

2018-07-24 14:17:50 - [TEST_STEP][PASSED] - Statement - verifyCampaignImgError = com.kms.katalon.core.webui.keyword.WebUiBuiltInKeywords.getText(com.kms.katalon.core.testobject.ObjectRepository.findTestObject(Campaign_OR/Error Message/msg_cpgn_image2)): Text of object 'Object Repository/Campaign_OR/Error Message/msg_cpgn_image2' is: 'Invalid image dimension'

2018-07-24 14:17:50 - [MESSAGE][PASSED] - Text of object 'Object Repository/Campaign_OR/Error Message/msg_cpgn_image2' is: 'Invalid image dimension'

2018-07-24 14:17:50 - [TEST_STEP][PASSED] - Statement - If (verifyCampaignImgError.equals(msgInvalidSize)): null

2018-07-24 14:17:50 - [TEST_STEP][PASSED] - Statement - Else If (verifyCampaignImgError.equals(msgInvalidDi)): null

2018-07-24 14:17:50 - [TEST_STEP][PASSED] - Statement - verifyError = true: null

2018-07-24 14:17:50 - [TEST_STEP][PASSED] - Statement - If (com.kms.katalon.core.webui.keyword.WebUiBuiltInKeywords.waitForElementVisible(com.kms.katalon.core.testobject.ObjectRepository.findTestObject(Campaign_OR/Error Message/msg_TCURL), 2)): Web element with id: 'Object Repository/Campaign_OR/Error Message/msg_TCURL' located by 'By.xpath: id("wrapper")/div[@class="content-page"]/div[@class="content"]/div[@class="ng-scope"]/div[@class="row ng-scope"]/div[@class="col-md-7"]/div[@class="widget"]/div[@class="widget-content padding"]/div[@class="form-horizontal"]/div[@class="form-group"]/div[@id="tncUrl"]/p[@class="error-block"][count(. | //p[(text() = 'Invalid format, please follow as http://wwww.example.com' or . = 'Invalid format, please follow as http://wwww.example.com')]) = count(//p[(text() = 'Invalid format, please follow as http://wwww.example.com' or . = 'Invalid format, please follow as http://wwww.example.com')])]' not found

2018-07-24 14:17:52 - [MESSAGE][WARNING] - Web element with id: 'Object Repository/Campaign_OR/Error Message/msg_TCURL' located by 'By.xpath: id("wrapper")/div[@class="content-page"]/div[@class="content"]/div[@class="ng-scope"]/div[@class="row ng-scope"]/div[@class="col-md-7"]/div[@class="widget"]/div[@class="widget-content padding"]/div[@class="form-horizontal"]/div[@class="form-group"]/div[@id="tncUrl"]/p[@class="error-block"][count(. | //p[(text() = 'Invalid format, please follow as http://wwww.example.com' or . = 'Invalid format, please follow as http://wwww.example.com')]) = count(//p[(text() = 'Invalid format, please follow as http://wwww.example.com' or . = 'Invalid format, please follow as http://wwww.example.com')])]' not found

2018-07-24 14:17:52 - [TEST_STEP][PASSED] - Statement - If (emailSender.trim() != ""): Web element with id: 'Object Repository/Campaign_OR/Error Message/msg_sender' located by 'By.xpath: id("emailSender")/p[@class="error-block"]' not found

2018-07-24 14:17:52 - [TEST_STEP][PASSED] - Statement - If (com.kms.katalon.core.webui.keyword.WebUiBuiltInKeywords.waitForElementVisible(com.kms.katalon.core.testobject.ObjectRepository.findTestObject(Campaign_OR/Error Message/msg_sender), 2)): Web element with id: 'Object Repository/Campaign_OR/Error Message/msg_sender' located by 'By.xpath: id("emailSender")/p[@class="error-block"]' not found

2018-07-24 14:17:54 - [MESSAGE][WARNING] - Web element with id: 'Object Repository/Campaign_OR/Error Message/msg_sender' located by 'By.xpath: id("emailSender")/p[@class="error-block"]' not found

2018-07-24 14:17:54 - [TEST_STEP][PASSED] - Statement - If (com.kms.katalon.core.webui.keyword.WebUiBuiltInKeywords.waitForElementVisible(com.kms.katalon.core.testobject.ObjectRepository.findTestObject(Campaign_OR/Error Message/msg_company_logo), 2)): Web element with id: 'Object Repository/Campaign_OR/Error Message/msg_company_logo' located by 'By.xpath: id("companyLogo")/p[@class="error-block ng-binding"][count(. | //p[@class = 'error-block ng-binding' and @ng-hide = 'CC.errorLogo == 200 || CC.errorLogo == undefined']) = count(//p[@class = 'error-block ng-binding' and @ng-hide = 'CC.errorLogo == 200 || CC.errorLogo == undefined'])]' not found

2018-07-24 14:17:56 - [MESSAGE][WARNING] - Web element with id: 'Object Repository/Campaign_OR/Error Message/msg_company_logo' located by 'By.xpath: id("companyLogo")/p[@class="error-block ng-binding"][count(. | //p[@class = 'error-block ng-binding' and @ng-hide = 'CC.errorLogo == 200 || CC.errorLogo == undefined']) = count(//p[@class = 'error-block ng-binding' and @ng-hide = 'CC.errorLogo == 200 || CC.errorLogo == undefined'])]' not found

2018-07-24 14:17:56 - [TEST_STEP][PASSED] - refresh: Refresh successfully

2018-07-24 14:17:56 - [MESSAGE][PASSED] - Refresh successfully

2018-07-24 14:17:56 - [TEST_STEP][PASSED] - Statement - If (verifyError == false): null]]></system-out>
         <system-err><![CDATA[]]></system-err>
      </testcase>
      <testcase name="Test Cases/Merchant Portal/Campaign/TC001 Campaign - verify all case" classname="Test Cases/Merchant Portal/Campaign/TC001 Campaign - verify all case" status="PASSED">
         <system-out><![CDATA[2018-07-24 14:17:56 - [TEST_CASE][PASSED] - Test Cases/Merchant Portal/Campaign/TC001 Campaign - verify all case: Test Cases/Merchant Portal/Campaign/TC001 Campaign - verify all case

2018-07-24 14:17:57 - [TEST_STEP][PASSED] - Statement - randomWords = CustomKeywords.randomWords.GenerateNumber.randomString(4): randomWords.GenerateNumber.randomString is PASSED

2018-07-24 14:17:57 - [MESSAGE][PASSED] - randomWords.GenerateNumber.randomString is PASSED

2018-07-24 14:17:57 - [TEST_STEP][PASSED] - Statement - If (companyName.trim() != ""): null

2018-07-24 14:17:57 - [TEST_STEP][PASSED] - Statement - companyName = companyName + randomWords: null

2018-07-24 14:17:57 - [TEST_STEP][PASSED] - Statement - If (campaignInstruc.trim() != ""): null

2018-07-24 14:17:57 - [TEST_STEP][PASSED] - Statement - campaignInstruc = campaignInstruc + randomWords: null

2018-07-24 14:17:57 - [TEST_STEP][PASSED] - Statement - If (emailSender.trim() != ""): null

2018-07-24 14:17:57 - [TEST_STEP][PASSED] - Statement - email = emailSender: null

2018-07-24 14:17:57 - [TEST_STEP][PASSED] - Statement - splitEmail = email.split("@"): null

2018-07-24 14:17:57 - [TEST_STEP][PASSED] - Statement - numb = length: null

2018-07-24 14:17:57 - [TEST_STEP][PASSED] - Statement - If (numb > 1): null

2018-07-24 14:17:57 - [TEST_STEP][PASSED] - Statement - emailSender = splitEmail[0] + randomWords + "@" + splitEmail[1]: null

2018-07-24 14:17:57 - [TEST_STEP][PASSED] - Statement - If (emailSubject.trim() != ""): null

2018-07-24 14:17:57 - [TEST_STEP][PASSED] - Statement - emailSubject = emailSubject + randomWords: null

2018-07-24 14:17:57 - [TEST_STEP][PASSED] - Statement - If (emailContent.trim() != ""): null

2018-07-24 14:17:57 - [TEST_STEP][PASSED] - Statement - emailContent = emailContent + randomWords: null

2018-07-24 14:17:57 - [TEST_STEP][PASSED] - callTestCase: Call Test Case 'Test Cases/Merchant Portal/Campaign/Campagin Modules/create campaign' successfully

2018-07-24 14:17:57 - [TEST_CASE][PASSED] - Test Cases/Merchant Portal/Campaign/Campagin Modules/create campaign: Test Cases/Merchant Portal/Campaign/Campagin Modules/create campaign

2018-07-24 14:17:57 - [TEST_STEP][PASSED] - Statement - osName = "": null

2018-07-24 14:17:57 - [TEST_STEP][PASSED] - Statement - osName = CustomKeywords.os.DetectOS.getOperatingSystem(osName): os.DetectOS.getOperatingSystem is PASSED

2018-07-24 14:17:57 - [MESSAGE][PASSED] - os.DetectOS.getOperatingSystem is PASSED

2018-07-24 14:17:57 - [TEST_STEP][PASSED] - Statement - splitString = osName.split(): null

2018-07-24 14:17:57 - [TEST_STEP][PASSED] - Statement - os = splitString[0].toString(): null

2018-07-24 14:17:57 - [TEST_STEP][PASSED] - Statement - If (loggedin == false): null

2018-07-24 14:17:57 - [TEST_STEP][PASSED] - Statement - If (accessModule == false): null

2018-07-24 14:17:57 - [TEST_STEP][PASSED] - delay: Delayed 5 second(s)

2018-07-24 14:18:02 - [MESSAGE][PASSED] - Delayed 5 second(s)

2018-07-24 14:18:02 - [TEST_STEP][PASSED] - setText: Text 'Starbucks Reserve LtdBjs7' is set on object 'Object Repository/Campaign_OR/Fields/a.input_company_name'

2018-07-24 14:18:02 - [MESSAGE][PASSED] - Text 'Starbucks Reserve LtdBjs7' is set on object 'Object Repository/Campaign_OR/Fields/a.input_company_name'

2018-07-24 14:18:02 - [TEST_STEP][PASSED] - setText: Text 'Please subscribe with us and redeem a free coffee. Come join us now!Bjs7' is set on object 'Object Repository/Campaign_OR/Fields/b.textarea_campaign_instruction'

2018-07-24 14:18:02 - [MESSAGE][PASSED] - Text 'Please subscribe with us and redeem a free coffee. Come join us now!Bjs7' is set on object 'Object Repository/Campaign_OR/Fields/b.textarea_campaign_instruction'

2018-07-24 14:18:02 - [TEST_STEP][PASSED] - Statement - verifyEmail = false: null

2018-07-24 14:18:02 - [TEST_STEP][PASSED] - Statement - If (radioEmail.toLowerCase() == "true"): null

2018-07-24 14:18:02 - [TEST_STEP][PASSED] - Statement - verifyEmail = true: null

2018-07-24 14:18:02 - [TEST_STEP][PASSED] - Statement - If (verifyEmail == true): Object 'Object Repository/Campaign_OR/input_email' is visible

2018-07-24 14:18:02 - [TEST_STEP][PASSED] - Statement - If (com.kms.katalon.core.webui.keyword.WebUiBuiltInKeywords.verifyElementNotChecked(com.kms.katalon.core.testobject.ObjectRepository.findTestObject(Campaign_OR/Fields/c.checkbox_email), 1, OPTIONAL)): Object 'Object Repository/Campaign_OR/input_email' is visible

2018-07-24 14:18:02 - [MESSAGE][PASSED] - Object 'Object Repository/Campaign_OR/Fields/c.checkbox_email' is not checked

2018-07-24 14:18:02 - [TEST_STEP][PASSED] - delay: Delayed 1 second(s)

2018-07-24 14:18:03 - [MESSAGE][PASSED] - Delayed 1 second(s)

2018-07-24 14:18:03 - [TEST_STEP][PASSED] - click: Object: 'Object Repository/Campaign_OR/Fields/c.checkbox_email' is clicked on

2018-07-24 14:18:03 - [MESSAGE][PASSED] - Object: 'Object Repository/Campaign_OR/Fields/c.checkbox_email' is clicked on

2018-07-24 14:18:03 - [TEST_STEP][PASSED] - verifyElementVisible: Object 'Object Repository/Campaign_OR/input_email' is visible

2018-07-24 14:18:03 - [MESSAGE][PASSED] - Object 'Object Repository/Campaign_OR/input_email' is visible

2018-07-24 14:18:03 - [TEST_STEP][PASSED] - Statement - verifyMobileno = false: null

2018-07-24 14:18:03 - [TEST_STEP][PASSED] - Statement - If (radioMobileno.toLowerCase() == "true"): null

2018-07-24 14:18:03 - [TEST_STEP][PASSED] - Statement - If (verifyMobileno == true): null

2018-07-24 14:18:03 - [TEST_STEP][PASSED] - Statement - Else If (verifyMobileno == false): Object 'Object Repository/Campaign_OR/input_mobileno' is NOT visible

2018-07-24 14:18:03 - [TEST_STEP][PASSED] - Statement - If (com.kms.katalon.core.webui.keyword.WebUiBuiltInKeywords.verifyElementChecked(com.kms.katalon.core.testobject.ObjectRepository.findTestObject(Campaign_OR/Fields/d.checkbox_mobile_number), 1, OPTIONAL)): Object 'Object Repository/Campaign_OR/Fields/d.checkbox_mobile_number' is not checked

2018-07-24 14:18:04 - [MESSAGE][WARNING] - Object 'Object Repository/Campaign_OR/Fields/d.checkbox_mobile_number' is not checked
[[ATTACHMENT|C:\\Users\\kl.chan\\Katalon Studio\\boldreward\\Reports\\TS_Create_Campaign\\TS001 Create Campaign with negative testing\\20180724_140922\\1532413083980.png]]

2018-07-24 14:18:04 - [TEST_STEP][PASSED] - Statement - Else: Object 'Object Repository/Campaign_OR/input_mobileno' is NOT visible

2018-07-24 14:18:04 - [TEST_STEP][PASSED] - verifyElementNotVisible: Object 'Object Repository/Campaign_OR/input_mobileno' is NOT visible

2018-07-24 14:18:04 - [MESSAGE][PASSED] - Object 'Object Repository/Campaign_OR/input_mobileno' is NOT visible

2018-07-24 14:18:04 - [TEST_STEP][PASSED] - Statement - verifyName = false: null

2018-07-24 14:18:04 - [TEST_STEP][PASSED] - Statement - If (radioName.toLowerCase() == "true"): null

2018-07-24 14:18:04 - [TEST_STEP][PASSED] - Statement - If (verifyName == true): null

2018-07-24 14:18:04 - [TEST_STEP][PASSED] - Statement - Else If (verifyName == false): Object 'Object Repository/Campaign_OR/input_name' is NOT visible

2018-07-24 14:18:04 - [TEST_STEP][PASSED] - Statement - If (com.kms.katalon.core.webui.keyword.WebUiBuiltInKeywords.verifyElementChecked(com.kms.katalon.core.testobject.ObjectRepository.findTestObject(Campaign_OR/Fields/e.checkbox_name), 1, OPTIONAL)): Object 'Object Repository/Campaign_OR/Fields/e.checkbox_name' is not checked

2018-07-24 14:18:04 - [MESSAGE][WARNING] - Object 'Object Repository/Campaign_OR/Fields/e.checkbox_name' is not checked
[[ATTACHMENT|C:\\Users\\kl.chan\\Katalon Studio\\boldreward\\Reports\\TS_Create_Campaign\\TS001 Create Campaign with negative testing\\20180724_140922\\1532413084262.png]]

2018-07-24 14:18:04 - [TEST_STEP][PASSED] - Statement - Else: Object 'Object Repository/Campaign_OR/input_name' is NOT visible

2018-07-24 14:18:04 - [TEST_STEP][PASSED] - verifyElementNotVisible: Object 'Object Repository/Campaign_OR/input_name' is NOT visible

2018-07-24 14:18:04 - [MESSAGE][PASSED] - Object 'Object Repository/Campaign_OR/input_name' is NOT visible

2018-07-24 14:18:04 - [TEST_STEP][PASSED] - Statement - verifyGender = false: null

2018-07-24 14:18:04 - [TEST_STEP][PASSED] - Statement - If (radioGender.toLowerCase() == "true"): null

2018-07-24 14:18:04 - [TEST_STEP][PASSED] - Statement - If (verifyGender == true): null

2018-07-24 14:18:04 - [TEST_STEP][PASSED] - Statement - Else If (verifyGender == false): Object 'Object Repository/Campaign_OR/label_Female' is NOT visible

2018-07-24 14:18:04 - [TEST_STEP][PASSED] - Statement - If (com.kms.katalon.core.webui.keyword.WebUiBuiltInKeywords.verifyElementChecked(com.kms.katalon.core.testobject.ObjectRepository.findTestObject(Campaign_OR/Fields/f.checkbox_gender), 1, OPTIONAL)): Object 'Object Repository/Campaign_OR/Fields/f.checkbox_gender' is not checked

2018-07-24 14:18:04 - [MESSAGE][WARNING] - Object 'Object Repository/Campaign_OR/Fields/f.checkbox_gender' is not checked
[[ATTACHMENT|C:\\Users\\kl.chan\\Katalon Studio\\boldreward\\Reports\\TS_Create_Campaign\\TS001 Create Campaign with negative testing\\20180724_140922\\1532413084572.png]]

2018-07-24 14:18:04 - [TEST_STEP][PASSED] - Statement - Else: Object 'Object Repository/Campaign_OR/label_Female' is NOT visible

2018-07-24 14:18:04 - [TEST_STEP][PASSED] - verifyElementNotVisible: Object 'Object Repository/Campaign_OR/label_Male' is NOT visible

2018-07-24 14:18:04 - [MESSAGE][PASSED] - Object 'Object Repository/Campaign_OR/label_Male' is NOT visible

2018-07-24 14:18:04 - [TEST_STEP][PASSED] - verifyElementNotVisible: Object 'Object Repository/Campaign_OR/label_Female' is NOT visible

2018-07-24 14:18:04 - [MESSAGE][PASSED] - Object 'Object Repository/Campaign_OR/label_Female' is NOT visible

2018-07-24 14:18:04 - [TEST_STEP][PASSED] - Statement - verifyDOB = false: null

2018-07-24 14:18:04 - [TEST_STEP][PASSED] - Statement - If (radioDOB.toLowerCase() == "true"): null

2018-07-24 14:18:04 - [TEST_STEP][PASSED] - Statement - If (verifyDOB == true): null

2018-07-24 14:18:04 - [TEST_STEP][PASSED] - Statement - Else If (verifyDOB == false): Object 'Object Repository/Campaign_OR/input_datepicker' is NOT visible

2018-07-24 14:18:04 - [TEST_STEP][PASSED] - Statement - If (com.kms.katalon.core.webui.keyword.WebUiBuiltInKeywords.verifyElementChecked(com.kms.katalon.core.testobject.ObjectRepository.findTestObject(Campaign_OR/Fields/g.checkbox_dob), 1, OPTIONAL)): Object 'Object Repository/Campaign_OR/Fields/g.checkbox_dob' is not checked

2018-07-24 14:18:05 - [MESSAGE][WARNING] - Object 'Object Repository/Campaign_OR/Fields/g.checkbox_dob' is not checked
[[ATTACHMENT|C:\\Users\\kl.chan\\Katalon Studio\\boldreward\\Reports\\TS_Create_Campaign\\TS001 Create Campaign with negative testing\\20180724_140922\\1532413084908.png]]

2018-07-24 14:18:05 - [TEST_STEP][PASSED] - Statement - Else: Object 'Object Repository/Campaign_OR/input_datepicker' is NOT visible

2018-07-24 14:18:05 - [TEST_STEP][PASSED] - verifyElementNotVisible: Object 'Object Repository/Campaign_OR/input_datepicker' is NOT visible

2018-07-24 14:18:05 - [MESSAGE][PASSED] - Object 'Object Repository/Campaign_OR/input_datepicker' is NOT visible

2018-07-24 14:18:05 - [TEST_STEP][PASSED] - Statement - filepath = "": null

2018-07-24 14:18:05 - [TEST_STEP][PASSED] - Statement - If (os == "Windows"): null

2018-07-24 14:18:05 - [TEST_STEP][PASSED] - Statement - filepath = campaignImagePath: null

2018-07-24 14:18:05 - [TEST_STEP][PASSED] - Statement - verifyImgName = "": null

2018-07-24 14:18:05 - [TEST_STEP][PASSED] - Statement - uploadedImg = false: null

2018-07-24 14:18:05 - [TEST_STEP][PASSED] - Statement - If (filepath.trim() != "" && campaignImage.trim() != ""): null

2018-07-24 14:18:05 - [TEST_STEP][PASSED] - sendKeys: Keys 'C:\Users\kl.chan\Katalon Studio\boldreward\Images\Campaign Image\Oversize.png' sent to object: 'Object Repository/Campaign_OR/Fields/h.button_campaign_image_1'

2018-07-24 14:18:05 - [MESSAGE][PASSED] - Keys 'C:\Users\kl.chan\Katalon Studio\boldreward\Images\Campaign Image\Oversize.png' sent to object: 'Object Repository/Campaign_OR/Fields/h.button_campaign_image_1'

2018-07-24 14:18:05 - [TEST_STEP][PASSED] - delay: Delayed 1 second(s)

2018-07-24 14:18:06 - [MESSAGE][PASSED] - Delayed 1 second(s)

2018-07-24 14:18:06 - [TEST_STEP][PASSED] - Statement - If (com.kms.katalon.core.webui.keyword.WebUiBuiltInKeywords.waitForElementVisible(com.kms.katalon.core.testobject.ObjectRepository.findTestObject(Campaign_OR/uploadedCampaignImg), 30)): null

2018-07-24 14:18:06 - [MESSAGE][PASSED] - Object 'Object Repository/Campaign_OR/uploadedCampaignImg' is visible

2018-07-24 14:18:06 - [TEST_STEP][PASSED] - Statement - verifyImgName = com.kms.katalon.core.webui.keyword.WebUiBuiltInKeywords.getText(com.kms.katalon.core.testobject.ObjectRepository.findTestObject(Campaign_OR/uploadedCampaignImg)): Text of object 'Object Repository/Campaign_OR/uploadedCampaignImg' is: 'Oversize.png'

2018-07-24 14:18:06 - [MESSAGE][PASSED] - Text of object 'Object Repository/Campaign_OR/uploadedCampaignImg' is: 'Oversize.png'

2018-07-24 14:18:06 - [TEST_STEP][PASSED] - Statement - If (verifyImgName.equals(campaignImage) == true): null

2018-07-24 14:18:06 - [TEST_STEP][PASSED] - Statement - uploadedImg = true: null

2018-07-24 14:18:06 - [TEST_STEP][PASSED] - setText: Text 'http://www.starbucks.com.my/' is set on object 'Object Repository/Campaign_OR/Fields/i.k.input_tnc'

2018-07-24 14:18:06 - [MESSAGE][PASSED] - Text 'http://www.starbucks.com.my/' is set on object 'Object Repository/Campaign_OR/Fields/i.k.input_tnc'

2018-07-24 14:18:06 - [TEST_STEP][PASSED] - setText: Text 'kl.chanBjs7@macrokiosk.com' is set on object 'Object Repository/Campaign_OR/Fields/j.input_sender'

2018-07-24 14:18:06 - [MESSAGE][PASSED] - Text 'kl.chanBjs7@macrokiosk.com' is set on object 'Object Repository/Campaign_OR/Fields/j.input_sender'

2018-07-24 14:18:06 - [TEST_STEP][PASSED] - setText: Text 'Starbucks Reserve @ SITBjs7' is set on object 'Object Repository/Campaign_OR/Fields/k.input_subject'

2018-07-24 14:18:07 - [MESSAGE][PASSED] - Text 'Starbucks Reserve @ SITBjs7' is set on object 'Object Repository/Campaign_OR/Fields/k.input_subject'

2018-07-24 14:18:07 - [TEST_STEP][PASSED] - setText: Text 'Hello User, Welcome to our Starbucks Reserve @ SIT. Come subscribe with us and redeem more rewards.Bjs7' is set on object 'Object Repository/Campaign_OR/Fields/l.textarea_content'

2018-07-24 14:18:07 - [MESSAGE][PASSED] - Text 'Hello User, Welcome to our Starbucks Reserve @ SIT. Come subscribe with us and redeem more rewards.Bjs7' is set on object 'Object Repository/Campaign_OR/Fields/l.textarea_content'

2018-07-24 14:18:07 - [TEST_STEP][PASSED] - Statement - filepath = "": null

2018-07-24 14:18:07 - [TEST_STEP][PASSED] - Statement - If (os == "Windows"): null

2018-07-24 14:18:07 - [TEST_STEP][PASSED] - Statement - filepath = companyLogoPath: null

2018-07-24 14:18:07 - [TEST_STEP][PASSED] - Statement - verifyImgName = "": null

2018-07-24 14:18:07 - [TEST_STEP][PASSED] - Statement - uploadedImg = false: null

2018-07-24 14:18:07 - [TEST_STEP][PASSED] - Statement - reuploadCount = 0: null

2018-07-24 14:18:07 - [TEST_STEP][PASSED] - Statement - If (filepath.trim() != "" && companyLogo.trim() != ""): null

2018-07-24 14:18:07 - [TEST_STEP][PASSED] - sendKeys: Keys 'C:\Users\kl.chan\Katalon Studio\boldreward\Images\Company Logo\starbucks logo.jpg' sent to object: 'Object Repository/Campaign_OR/Fields/m.button_company_logo_1'

2018-07-24 14:18:07 - [MESSAGE][PASSED] - Keys 'C:\Users\kl.chan\Katalon Studio\boldreward\Images\Company Logo\starbucks logo.jpg' sent to object: 'Object Repository/Campaign_OR/Fields/m.button_company_logo_1'

2018-07-24 14:18:07 - [TEST_STEP][PASSED] - delay: Delayed 1 second(s)

2018-07-24 14:18:08 - [MESSAGE][PASSED] - Delayed 1 second(s)

2018-07-24 14:18:08 - [TEST_STEP][PASSED] - Statement - If (com.kms.katalon.core.webui.keyword.WebUiBuiltInKeywords.waitForElementVisible(com.kms.katalon.core.testobject.ObjectRepository.findTestObject(Campaign_OR/uploadedCompanyLogo), 30)): null

2018-07-24 14:18:08 - [MESSAGE][PASSED] - Object 'Object Repository/Campaign_OR/uploadedCompanyLogo' is visible

2018-07-24 14:18:08 - [TEST_STEP][PASSED] - Statement - verifyImgName = com.kms.katalon.core.webui.keyword.WebUiBuiltInKeywords.getText(com.kms.katalon.core.testobject.ObjectRepository.findTestObject(Campaign_OR/uploadedCompanyLogo)): Text of object 'Object Repository/Campaign_OR/uploadedCompanyLogo' is: 'starbucks logo.jpg'

2018-07-24 14:18:08 - [MESSAGE][PASSED] - Text of object 'Object Repository/Campaign_OR/uploadedCompanyLogo' is: 'starbucks logo.jpg'

2018-07-24 14:18:08 - [TEST_STEP][PASSED] - Statement - If (verifyImgName.equals(companyLogo) == true): null

2018-07-24 14:18:08 - [TEST_STEP][PASSED] - Statement - uploadedImg = true: null

2018-07-24 14:18:08 - [TEST_STEP][PASSED] - Statement - If (rewardCode == true): null

2018-07-24 14:18:08 - [TEST_STEP][PASSED] - Statement - Else If (rewardCode == false): Object: 'Object Repository/Campaign_OR/Fields/n.label_No' is clicked on

2018-07-24 14:18:08 - [TEST_STEP][PASSED] - click: Object: 'Object Repository/Campaign_OR/Fields/n.label_No' is clicked on

2018-07-24 14:18:08 - [MESSAGE][PASSED] - Object: 'Object Repository/Campaign_OR/Fields/n.label_No' is clicked on

2018-07-24 14:18:08 - [TEST_STEP][PASSED] - verifyElementChecked: Object 'Object Repository/Campaign_OR/Fields/radio_No' is checked

2018-07-24 14:18:08 - [MESSAGE][PASSED] - Object 'Object Repository/Campaign_OR/Fields/radio_No' is checked

2018-07-24 14:18:08 - [TEST_STEP][PASSED] - verifyElementChecked: Object 'Object Repository/Campaign_OR/Fields/radio_Yes' is not checked

2018-07-24 14:18:09 - [MESSAGE][WARNING] - Object 'Object Repository/Campaign_OR/Fields/radio_Yes' is not checked
[[ATTACHMENT|C:\\Users\\kl.chan\\Katalon Studio\\boldreward\\Reports\\TS_Create_Campaign\\TS001 Create Campaign with negative testing\\20180724_140922\\1532413088943.png]]

2018-07-24 14:18:09 - [TEST_STEP][PASSED] - click: Object: 'Object Repository/Campaign_OR/button_Save' is clicked on

2018-07-24 14:18:09 - [MESSAGE][PASSED] - Object: 'Object Repository/Campaign_OR/button_Save' is clicked on

2018-07-24 14:18:09 - [TEST_STEP][PASSED] - delay: Delayed 2 second(s)

2018-07-24 14:18:11 - [MESSAGE][PASSED] - Delayed 2 second(s)

2018-07-24 14:18:11 - [MESSAGE][PASSED] - Call Test Case 'Test Cases/Merchant Portal/Campaign/Campagin Modules/create campaign' successfully

2018-07-24 14:18:11 - [TEST_STEP][PASSED] - Statement - updateFailed = false: null

2018-07-24 14:18:11 - [TEST_STEP][PASSED] - Statement - If (com.kms.katalon.core.webui.keyword.WebUiBuiltInKeywords.waitForElementVisible(com.kms.katalon.core.testobject.ObjectRepository.findTestObject(a.Not_Assigned_OR/alert_msg_top), 3)): null

2018-07-24 14:18:11 - [MESSAGE][PASSED] - Object 'Object Repository/a.Not_Assigned_OR/alert_msg_top' is visible

2018-07-24 14:18:11 - [TEST_STEP][PASSED] - Statement - verifyPopoutMsg = com.kms.katalon.core.webui.keyword.WebUiBuiltInKeywords.getText(com.kms.katalon.core.testobject.ObjectRepository.findTestObject(a.Not_Assigned_OR/alert_msg_top)): Text of object 'Object Repository/a.Not_Assigned_OR/alert_msg_top' is: 'Oops! Invalid inputs, please try again.'

2018-07-24 14:18:11 - [MESSAGE][PASSED] - Text of object 'Object Repository/a.Not_Assigned_OR/alert_msg_top' is: 'Oops! Invalid inputs, please try again.'

2018-07-24 14:18:11 - [TEST_STEP][PASSED] - Statement - If (verifyPopoutMsg.equals(msgServer) == true): null

2018-07-24 14:18:11 - [TEST_STEP][PASSED] - Statement - updateFailed = true: null

2018-07-24 14:18:11 - [TEST_STEP][PASSED] - Statement - updateSuccess = false: null

2018-07-24 14:18:11 - [TEST_STEP][PASSED] - Statement - If (com.kms.katalon.core.webui.keyword.WebUiBuiltInKeywords.waitForElementVisible(com.kms.katalon.core.testobject.ObjectRepository.findTestObject(Campaign_OR/Error Message/msg_edit_success), 3)): Web element with id: 'Object Repository/Campaign_OR/Error Message/msg_edit_success' located by 'By.xpath: id("errorMessage")/p[@class="error-block"]' not found

2018-07-24 14:18:14 - [MESSAGE][WARNING] - Web element with id: 'Object Repository/Campaign_OR/Error Message/msg_edit_success' located by 'By.xpath: id("errorMessage")/p[@class="error-block"]' not found

2018-07-24 14:18:14 - [TEST_STEP][PASSED] - Statement - createSuccess = false: null

2018-07-24 14:18:14 - [TEST_STEP][PASSED] - Statement - If (com.kms.katalon.core.webui.keyword.WebUiBuiltInKeywords.waitForElementVisible(com.kms.katalon.core.testobject.ObjectRepository.findTestObject(Home_OR/label_home), 3)): Web element with id: 'Object Repository/Home_OR/label_home' located by 'By.xpath: id("wrapper")/div[@class="content-page"]/div[@class="content"]/div[@class="ng-scope"]/div[@class="ng-scope"]/div[@class="page-heading"]/h1[1][count(. | //h1[(text() = ' Home' or . = ' Home')]) = count(//h1[(text() = ' Home' or . = ' Home')])]' not found

2018-07-24 14:18:17 - [MESSAGE][WARNING] - Web element with id: 'Object Repository/Home_OR/label_home' located by 'By.xpath: id("wrapper")/div[@class="content-page"]/div[@class="content"]/div[@class="ng-scope"]/div[@class="ng-scope"]/div[@class="page-heading"]/h1[1][count(. | //h1[(text() = ' Home' or . = ' Home')]) = count(//h1[(text() = ' Home' or . = ' Home')])]' not found

2018-07-24 14:18:17 - [TEST_STEP][PASSED] - Statement - If (updateSuccess == true): null

2018-07-24 14:18:17 - [TEST_STEP][PASSED] - Statement - Else If (updateFailed == true): null

2018-07-24 14:18:17 - [TEST_STEP][PASSED] - Statement - verifyError = false: null

2018-07-24 14:18:17 - [TEST_STEP][PASSED] - Statement - If (companyName.trim() == ""): null

2018-07-24 14:18:17 - [TEST_STEP][PASSED] - Statement - If (campaignInstruc.trim() == ""): null

2018-07-24 14:18:17 - [TEST_STEP][PASSED] - Statement - If (radioEmail.toLowerCase() == "false"): null

2018-07-24 14:18:17 - [TEST_STEP][PASSED] - Statement - campaignImgName = com.kms.katalon.core.webui.keyword.WebUiBuiltInKeywords.getText(com.kms.katalon.core.testobject.ObjectRepository.findTestObject(Campaign_OR/uploadedCampaignImg)): Text of object 'Object Repository/Campaign_OR/uploadedCampaignImg' is: 'Oversize.png'

2018-07-24 14:18:17 - [MESSAGE][PASSED] - Text of object 'Object Repository/Campaign_OR/uploadedCampaignImg' is: 'Oversize.png'

2018-07-24 14:18:17 - [TEST_STEP][PASSED] - Statement - If (campaignImgName == ""): null

2018-07-24 14:18:17 - [TEST_STEP][PASSED] - Statement - If (emailSender.trim() == ""): null

2018-07-24 14:18:17 - [TEST_STEP][PASSED] - Statement - If (emailSubject.trim() == ""): null

2018-07-24 14:18:17 - [TEST_STEP][PASSED] - Statement - If (emailContent.trim() == ""): null

2018-07-24 14:18:17 - [TEST_STEP][PASSED] - Statement - companyLogoName = com.kms.katalon.core.webui.keyword.WebUiBuiltInKeywords.getText(com.kms.katalon.core.testobject.ObjectRepository.findTestObject(Campaign_OR/uploadedCompanyLogo)): Text of object 'Object Repository/Campaign_OR/uploadedCompanyLogo' is: 'starbucks logo.jpg'

2018-07-24 14:18:17 - [MESSAGE][PASSED] - Text of object 'Object Repository/Campaign_OR/uploadedCompanyLogo' is: 'starbucks logo.jpg'

2018-07-24 14:18:17 - [TEST_STEP][PASSED] - Statement - If (companyLogoName == ""): null

2018-07-24 14:18:17 - [TEST_STEP][PASSED] - Statement - If (com.kms.katalon.core.webui.keyword.WebUiBuiltInKeywords.waitForElementVisible(com.kms.katalon.core.testobject.ObjectRepository.findTestObject(Campaign_OR/Error Message/msg_cpgn_image2), 2)): null

2018-07-24 14:18:17 - [MESSAGE][PASSED] - Object 'Object Repository/Campaign_OR/Error Message/msg_cpgn_image2' is visible

2018-07-24 14:18:17 - [TEST_STEP][PASSED] - Statement - verifyCampaignImgError = com.kms.katalon.core.webui.keyword.WebUiBuiltInKeywords.getText(com.kms.katalon.core.testobject.ObjectRepository.findTestObject(Campaign_OR/Error Message/msg_cpgn_image2)): Text of object 'Object Repository/Campaign_OR/Error Message/msg_cpgn_image2' is: 'Invalid image size'

2018-07-24 14:18:17 - [MESSAGE][PASSED] - Text of object 'Object Repository/Campaign_OR/Error Message/msg_cpgn_image2' is: 'Invalid image size'

2018-07-24 14:18:17 - [TEST_STEP][PASSED] - Statement - If (verifyCampaignImgError.equals(msgInvalidSize)): null

2018-07-24 14:18:17 - [TEST_STEP][PASSED] - Statement - verifyError = true: null

2018-07-24 14:18:17 - [TEST_STEP][PASSED] - Statement - If (com.kms.katalon.core.webui.keyword.WebUiBuiltInKeywords.waitForElementVisible(com.kms.katalon.core.testobject.ObjectRepository.findTestObject(Campaign_OR/Error Message/msg_TCURL), 2)): Web element with id: 'Object Repository/Campaign_OR/Error Message/msg_TCURL' located by 'By.xpath: id("wrapper")/div[@class="content-page"]/div[@class="content"]/div[@class="ng-scope"]/div[@class="row ng-scope"]/div[@class="col-md-7"]/div[@class="widget"]/div[@class="widget-content padding"]/div[@class="form-horizontal"]/div[@class="form-group"]/div[@id="tncUrl"]/p[@class="error-block"][count(. | //p[(text() = 'Invalid format, please follow as http://wwww.example.com' or . = 'Invalid format, please follow as http://wwww.example.com')]) = count(//p[(text() = 'Invalid format, please follow as http://wwww.example.com' or . = 'Invalid format, please follow as http://wwww.example.com')])]' not found

2018-07-24 14:18:19 - [MESSAGE][WARNING] - Web element with id: 'Object Repository/Campaign_OR/Error Message/msg_TCURL' located by 'By.xpath: id("wrapper")/div[@class="content-page"]/div[@class="content"]/div[@class="ng-scope"]/div[@class="row ng-scope"]/div[@class="col-md-7"]/div[@class="widget"]/div[@class="widget-content padding"]/div[@class="form-horizontal"]/div[@class="form-group"]/div[@id="tncUrl"]/p[@class="error-block"][count(. | //p[(text() = 'Invalid format, please follow as http://wwww.example.com' or . = 'Invalid format, please follow as http://wwww.example.com')]) = count(//p[(text() = 'Invalid format, please follow as http://wwww.example.com' or . = 'Invalid format, please follow as http://wwww.example.com')])]' not found

2018-07-24 14:18:19 - [TEST_STEP][PASSED] - Statement - If (emailSender.trim() != ""): Web element with id: 'Object Repository/Campaign_OR/Error Message/msg_sender' located by 'By.xpath: id("emailSender")/p[@class="error-block"]' not found

2018-07-24 14:18:19 - [TEST_STEP][PASSED] - Statement - If (com.kms.katalon.core.webui.keyword.WebUiBuiltInKeywords.waitForElementVisible(com.kms.katalon.core.testobject.ObjectRepository.findTestObject(Campaign_OR/Error Message/msg_sender), 2)): Web element with id: 'Object Repository/Campaign_OR/Error Message/msg_sender' located by 'By.xpath: id("emailSender")/p[@class="error-block"]' not found

2018-07-24 14:18:21 - [MESSAGE][WARNING] - Web element with id: 'Object Repository/Campaign_OR/Error Message/msg_sender' located by 'By.xpath: id("emailSender")/p[@class="error-block"]' not found

2018-07-24 14:18:21 - [TEST_STEP][PASSED] - Statement - If (com.kms.katalon.core.webui.keyword.WebUiBuiltInKeywords.waitForElementVisible(com.kms.katalon.core.testobject.ObjectRepository.findTestObject(Campaign_OR/Error Message/msg_company_logo), 2)): Web element with id: 'Object Repository/Campaign_OR/Error Message/msg_company_logo' located by 'By.xpath: id("companyLogo")/p[@class="error-block ng-binding"][count(. | //p[@class = 'error-block ng-binding' and @ng-hide = 'CC.errorLogo == 200 || CC.errorLogo == undefined']) = count(//p[@class = 'error-block ng-binding' and @ng-hide = 'CC.errorLogo == 200 || CC.errorLogo == undefined'])]' not found

2018-07-24 14:18:23 - [MESSAGE][WARNING] - Web element with id: 'Object Repository/Campaign_OR/Error Message/msg_company_logo' located by 'By.xpath: id("companyLogo")/p[@class="error-block ng-binding"][count(. | //p[@class = 'error-block ng-binding' and @ng-hide = 'CC.errorLogo == 200 || CC.errorLogo == undefined']) = count(//p[@class = 'error-block ng-binding' and @ng-hide = 'CC.errorLogo == 200 || CC.errorLogo == undefined'])]' not found

2018-07-24 14:18:23 - [TEST_STEP][PASSED] - refresh: Refresh successfully

2018-07-24 14:18:24 - [MESSAGE][PASSED] - Refresh successfully

2018-07-24 14:18:24 - [TEST_STEP][PASSED] - Statement - If (verifyError == false): null]]></system-out>
         <system-err><![CDATA[]]></system-err>
      </testcase>
      <testcase name="Test Cases/Merchant Portal/Campaign/TC001 Campaign - verify all case" classname="Test Cases/Merchant Portal/Campaign/TC001 Campaign - verify all case" status="PASSED">
         <system-out><![CDATA[2018-07-24 14:18:24 - [TEST_CASE][PASSED] - Test Cases/Merchant Portal/Campaign/TC001 Campaign - verify all case: Test Cases/Merchant Portal/Campaign/TC001 Campaign - verify all case

2018-07-24 14:18:24 - [TEST_STEP][PASSED] - Statement - randomWords = CustomKeywords.randomWords.GenerateNumber.randomString(4): randomWords.GenerateNumber.randomString is PASSED

2018-07-24 14:18:24 - [MESSAGE][PASSED] - randomWords.GenerateNumber.randomString is PASSED

2018-07-24 14:18:24 - [TEST_STEP][PASSED] - Statement - If (companyName.trim() != ""): null

2018-07-24 14:18:24 - [TEST_STEP][PASSED] - Statement - companyName = companyName + randomWords: null

2018-07-24 14:18:24 - [TEST_STEP][PASSED] - Statement - If (campaignInstruc.trim() != ""): null

2018-07-24 14:18:24 - [TEST_STEP][PASSED] - Statement - campaignInstruc = campaignInstruc + randomWords: null

2018-07-24 14:18:24 - [TEST_STEP][PASSED] - Statement - If (emailSender.trim() != ""): null

2018-07-24 14:18:24 - [TEST_STEP][PASSED] - Statement - email = emailSender: null

2018-07-24 14:18:24 - [TEST_STEP][PASSED] - Statement - splitEmail = email.split("@"): null

2018-07-24 14:18:24 - [TEST_STEP][PASSED] - Statement - numb = length: null

2018-07-24 14:18:24 - [TEST_STEP][PASSED] - Statement - If (numb > 1): null

2018-07-24 14:18:24 - [TEST_STEP][PASSED] - Statement - emailSender = splitEmail[0] + randomWords + "@" + splitEmail[1]: null

2018-07-24 14:18:24 - [TEST_STEP][PASSED] - Statement - If (emailSubject.trim() != ""): null

2018-07-24 14:18:24 - [TEST_STEP][PASSED] - Statement - emailSubject = emailSubject + randomWords: null

2018-07-24 14:18:24 - [TEST_STEP][PASSED] - Statement - If (emailContent.trim() != ""): null

2018-07-24 14:18:24 - [TEST_STEP][PASSED] - Statement - emailContent = emailContent + randomWords: null

2018-07-24 14:18:24 - [TEST_STEP][PASSED] - callTestCase: Call Test Case 'Test Cases/Merchant Portal/Campaign/Campagin Modules/create campaign' successfully

2018-07-24 14:18:24 - [TEST_CASE][PASSED] - Test Cases/Merchant Portal/Campaign/Campagin Modules/create campaign: Test Cases/Merchant Portal/Campaign/Campagin Modules/create campaign

2018-07-24 14:18:24 - [TEST_STEP][PASSED] - Statement - osName = "": null

2018-07-24 14:18:24 - [TEST_STEP][PASSED] - Statement - osName = CustomKeywords.os.DetectOS.getOperatingSystem(osName): os.DetectOS.getOperatingSystem is PASSED

2018-07-24 14:18:24 - [MESSAGE][PASSED] - os.DetectOS.getOperatingSystem is PASSED

2018-07-24 14:18:24 - [TEST_STEP][PASSED] - Statement - splitString = osName.split(): null

2018-07-24 14:18:24 - [TEST_STEP][PASSED] - Statement - os = splitString[0].toString(): null

2018-07-24 14:18:24 - [TEST_STEP][PASSED] - Statement - If (loggedin == false): null

2018-07-24 14:18:24 - [TEST_STEP][PASSED] - Statement - If (accessModule == false): null

2018-07-24 14:18:24 - [TEST_STEP][PASSED] - delay: Delayed 5 second(s)

2018-07-24 14:18:29 - [MESSAGE][PASSED] - Delayed 5 second(s)

2018-07-24 14:18:29 - [TEST_STEP][PASSED] - setText: Text 'Starbucks Reserve LtdZGeI' is set on object 'Object Repository/Campaign_OR/Fields/a.input_company_name'

2018-07-24 14:18:29 - [MESSAGE][PASSED] - Text 'Starbucks Reserve LtdZGeI' is set on object 'Object Repository/Campaign_OR/Fields/a.input_company_name'

2018-07-24 14:18:29 - [TEST_STEP][PASSED] - setText: Text 'Please subscribe with us and redeem a free coffee. Come join us now!ZGeI' is set on object 'Object Repository/Campaign_OR/Fields/b.textarea_campaign_instruction'

2018-07-24 14:18:30 - [MESSAGE][PASSED] - Text 'Please subscribe with us and redeem a free coffee. Come join us now!ZGeI' is set on object 'Object Repository/Campaign_OR/Fields/b.textarea_campaign_instruction'

2018-07-24 14:18:30 - [TEST_STEP][PASSED] - Statement - verifyEmail = false: null

2018-07-24 14:18:30 - [TEST_STEP][PASSED] - Statement - If (radioEmail.toLowerCase() == "true"): null

2018-07-24 14:18:30 - [TEST_STEP][PASSED] - Statement - verifyEmail = true: null

2018-07-24 14:18:30 - [TEST_STEP][PASSED] - Statement - If (verifyEmail == true): Object 'Object Repository/Campaign_OR/input_email' is visible

2018-07-24 14:18:30 - [TEST_STEP][PASSED] - Statement - If (com.kms.katalon.core.webui.keyword.WebUiBuiltInKeywords.verifyElementNotChecked(com.kms.katalon.core.testobject.ObjectRepository.findTestObject(Campaign_OR/Fields/c.checkbox_email), 1, OPTIONAL)): Object 'Object Repository/Campaign_OR/input_email' is visible

2018-07-24 14:18:30 - [MESSAGE][PASSED] - Object 'Object Repository/Campaign_OR/Fields/c.checkbox_email' is not checked

2018-07-24 14:18:30 - [TEST_STEP][PASSED] - delay: Delayed 1 second(s)

2018-07-24 14:18:31 - [MESSAGE][PASSED] - Delayed 1 second(s)

2018-07-24 14:18:31 - [TEST_STEP][PASSED] - click: Object: 'Object Repository/Campaign_OR/Fields/c.checkbox_email' is clicked on

2018-07-24 14:18:31 - [MESSAGE][PASSED] - Object: 'Object Repository/Campaign_OR/Fields/c.checkbox_email' is clicked on

2018-07-24 14:18:31 - [TEST_STEP][PASSED] - verifyElementVisible: Object 'Object Repository/Campaign_OR/input_email' is visible

2018-07-24 14:18:31 - [MESSAGE][PASSED] - Object 'Object Repository/Campaign_OR/input_email' is visible

2018-07-24 14:18:31 - [TEST_STEP][PASSED] - Statement - verifyMobileno = false: null

2018-07-24 14:18:31 - [TEST_STEP][PASSED] - Statement - If (radioMobileno.toLowerCase() == "true"): null

2018-07-24 14:18:31 - [TEST_STEP][PASSED] - Statement - If (verifyMobileno == true): null

2018-07-24 14:18:31 - [TEST_STEP][PASSED] - Statement - Else If (verifyMobileno == false): Object 'Object Repository/Campaign_OR/input_mobileno' is NOT visible

2018-07-24 14:18:31 - [TEST_STEP][PASSED] - Statement - If (com.kms.katalon.core.webui.keyword.WebUiBuiltInKeywords.verifyElementChecked(com.kms.katalon.core.testobject.ObjectRepository.findTestObject(Campaign_OR/Fields/d.checkbox_mobile_number), 1, OPTIONAL)): Object 'Object Repository/Campaign_OR/Fields/d.checkbox_mobile_number' is not checked

2018-07-24 14:18:31 - [MESSAGE][WARNING] - Object 'Object Repository/Campaign_OR/Fields/d.checkbox_mobile_number' is not checked
[[ATTACHMENT|C:\\Users\\kl.chan\\Katalon Studio\\boldreward\\Reports\\TS_Create_Campaign\\TS001 Create Campaign with negative testing\\20180724_140922\\1532413111371.png]]

2018-07-24 14:18:31 - [TEST_STEP][PASSED] - Statement - Else: Object 'Object Repository/Campaign_OR/input_mobileno' is NOT visible

2018-07-24 14:18:31 - [TEST_STEP][PASSED] - verifyElementNotVisible: Object 'Object Repository/Campaign_OR/input_mobileno' is NOT visible

2018-07-24 14:18:31 - [MESSAGE][PASSED] - Object 'Object Repository/Campaign_OR/input_mobileno' is NOT visible

2018-07-24 14:18:31 - [TEST_STEP][PASSED] - Statement - verifyName = false: null

2018-07-24 14:18:31 - [TEST_STEP][PASSED] - Statement - If (radioName.toLowerCase() == "true"): null

2018-07-24 14:18:31 - [TEST_STEP][PASSED] - Statement - If (verifyName == true): null

2018-07-24 14:18:31 - [TEST_STEP][PASSED] - Statement - Else If (verifyName == false): Object 'Object Repository/Campaign_OR/input_name' is NOT visible

2018-07-24 14:18:31 - [TEST_STEP][PASSED] - Statement - If (com.kms.katalon.core.webui.keyword.WebUiBuiltInKeywords.verifyElementChecked(com.kms.katalon.core.testobject.ObjectRepository.findTestObject(Campaign_OR/Fields/e.checkbox_name), 1, OPTIONAL)): Object 'Object Repository/Campaign_OR/Fields/e.checkbox_name' is not checked

2018-07-24 14:18:31 - [MESSAGE][WARNING] - Object 'Object Repository/Campaign_OR/Fields/e.checkbox_name' is not checked
[[ATTACHMENT|C:\\Users\\kl.chan\\Katalon Studio\\boldreward\\Reports\\TS_Create_Campaign\\TS001 Create Campaign with negative testing\\20180724_140922\\1532413111648.png]]

2018-07-24 14:18:31 - [TEST_STEP][PASSED] - Statement - Else: Object 'Object Repository/Campaign_OR/input_name' is NOT visible

2018-07-24 14:18:31 - [TEST_STEP][PASSED] - verifyElementNotVisible: Object 'Object Repository/Campaign_OR/input_name' is NOT visible

2018-07-24 14:18:31 - [MESSAGE][PASSED] - Object 'Object Repository/Campaign_OR/input_name' is NOT visible

2018-07-24 14:18:31 - [TEST_STEP][PASSED] - Statement - verifyGender = false: null

2018-07-24 14:18:31 - [TEST_STEP][PASSED] - Statement - If (radioGender.toLowerCase() == "true"): null

2018-07-24 14:18:31 - [TEST_STEP][PASSED] - Statement - If (verifyGender == true): null

2018-07-24 14:18:31 - [TEST_STEP][PASSED] - Statement - Else If (verifyGender == false): Object 'Object Repository/Campaign_OR/label_Female' is NOT visible

2018-07-24 14:18:31 - [TEST_STEP][PASSED] - Statement - If (com.kms.katalon.core.webui.keyword.WebUiBuiltInKeywords.verifyElementChecked(com.kms.katalon.core.testobject.ObjectRepository.findTestObject(Campaign_OR/Fields/f.checkbox_gender), 1, OPTIONAL)): Object 'Object Repository/Campaign_OR/Fields/f.checkbox_gender' is not checked

2018-07-24 14:18:32 - [MESSAGE][WARNING] - Object 'Object Repository/Campaign_OR/Fields/f.checkbox_gender' is not checked
[[ATTACHMENT|C:\\Users\\kl.chan\\Katalon Studio\\boldreward\\Reports\\TS_Create_Campaign\\TS001 Create Campaign with negative testing\\20180724_140922\\1532413111952.png]]

2018-07-24 14:18:32 - [TEST_STEP][PASSED] - Statement - Else: Object 'Object Repository/Campaign_OR/label_Female' is NOT visible

2018-07-24 14:18:32 - [TEST_STEP][PASSED] - verifyElementNotVisible: Object 'Object Repository/Campaign_OR/label_Male' is NOT visible

2018-07-24 14:18:32 - [MESSAGE][PASSED] - Object 'Object Repository/Campaign_OR/label_Male' is NOT visible

2018-07-24 14:18:32 - [TEST_STEP][PASSED] - verifyElementNotVisible: Object 'Object Repository/Campaign_OR/label_Female' is NOT visible

2018-07-24 14:18:32 - [MESSAGE][PASSED] - Object 'Object Repository/Campaign_OR/label_Female' is NOT visible

2018-07-24 14:18:32 - [TEST_STEP][PASSED] - Statement - verifyDOB = false: null

2018-07-24 14:18:32 - [TEST_STEP][PASSED] - Statement - If (radioDOB.toLowerCase() == "true"): null

2018-07-24 14:18:32 - [TEST_STEP][PASSED] - Statement - If (verifyDOB == true): null

2018-07-24 14:18:32 - [TEST_STEP][PASSED] - Statement - Else If (verifyDOB == false): Object 'Object Repository/Campaign_OR/input_datepicker' is NOT visible

2018-07-24 14:18:32 - [TEST_STEP][PASSED] - Statement - If (com.kms.katalon.core.webui.keyword.WebUiBuiltInKeywords.verifyElementChecked(com.kms.katalon.core.testobject.ObjectRepository.findTestObject(Campaign_OR/Fields/g.checkbox_dob), 1, OPTIONAL)): Object 'Object Repository/Campaign_OR/Fields/g.checkbox_dob' is not checked

2018-07-24 14:18:32 - [MESSAGE][WARNING] - Object 'Object Repository/Campaign_OR/Fields/g.checkbox_dob' is not checked
[[ATTACHMENT|C:\\Users\\kl.chan\\Katalon Studio\\boldreward\\Reports\\TS_Create_Campaign\\TS001 Create Campaign with negative testing\\20180724_140922\\1532413112266.png]]

2018-07-24 14:18:32 - [TEST_STEP][PASSED] - Statement - Else: Object 'Object Repository/Campaign_OR/input_datepicker' is NOT visible

2018-07-24 14:18:32 - [TEST_STEP][PASSED] - verifyElementNotVisible: Object 'Object Repository/Campaign_OR/input_datepicker' is NOT visible

2018-07-24 14:18:32 - [MESSAGE][PASSED] - Object 'Object Repository/Campaign_OR/input_datepicker' is NOT visible

2018-07-24 14:18:32 - [TEST_STEP][PASSED] - Statement - filepath = "": null

2018-07-24 14:18:32 - [TEST_STEP][PASSED] - Statement - If (os == "Windows"): null

2018-07-24 14:18:32 - [TEST_STEP][PASSED] - Statement - filepath = campaignImagePath: null

2018-07-24 14:18:32 - [TEST_STEP][PASSED] - Statement - verifyImgName = "": null

2018-07-24 14:18:32 - [TEST_STEP][PASSED] - Statement - uploadedImg = false: null

2018-07-24 14:18:32 - [TEST_STEP][PASSED] - Statement - If (filepath.trim() != "" && campaignImage.trim() != ""): null

2018-07-24 14:18:32 - [TEST_STEP][PASSED] - sendKeys: Keys 'C:\Users\kl.chan\Katalon Studio\boldreward\Images\Campaign Image\starbucks copy.jpg' sent to object: 'Object Repository/Campaign_OR/Fields/h.button_campaign_image_1'

2018-07-24 14:18:32 - [MESSAGE][PASSED] - Keys 'C:\Users\kl.chan\Katalon Studio\boldreward\Images\Campaign Image\starbucks copy.jpg' sent to object: 'Object Repository/Campaign_OR/Fields/h.button_campaign_image_1'

2018-07-24 14:18:32 - [TEST_STEP][PASSED] - delay: Delayed 1 second(s)

2018-07-24 14:18:33 - [MESSAGE][PASSED] - Delayed 1 second(s)

2018-07-24 14:18:33 - [TEST_STEP][PASSED] - Statement - If (com.kms.katalon.core.webui.keyword.WebUiBuiltInKeywords.waitForElementVisible(com.kms.katalon.core.testobject.ObjectRepository.findTestObject(Campaign_OR/uploadedCampaignImg), 30)): null

2018-07-24 14:18:33 - [MESSAGE][PASSED] - Object 'Object Repository/Campaign_OR/uploadedCampaignImg' is visible

2018-07-24 14:18:33 - [TEST_STEP][PASSED] - Statement - verifyImgName = com.kms.katalon.core.webui.keyword.WebUiBuiltInKeywords.getText(com.kms.katalon.core.testobject.ObjectRepository.findTestObject(Campaign_OR/uploadedCampaignImg)): Text of object 'Object Repository/Campaign_OR/uploadedCampaignImg' is: 'starbucks copy.jpg'

2018-07-24 14:18:33 - [MESSAGE][PASSED] - Text of object 'Object Repository/Campaign_OR/uploadedCampaignImg' is: 'starbucks copy.jpg'

2018-07-24 14:18:33 - [TEST_STEP][PASSED] - Statement - If (verifyImgName.equals(campaignImage) == true): null

2018-07-24 14:18:33 - [TEST_STEP][PASSED] - Statement - uploadedImg = true: null

2018-07-24 14:18:33 - [TEST_STEP][PASSED] - setText: Text 'starbucks.com.my' is set on object 'Object Repository/Campaign_OR/Fields/i.k.input_tnc'

2018-07-24 14:18:33 - [MESSAGE][PASSED] - Text 'starbucks.com.my' is set on object 'Object Repository/Campaign_OR/Fields/i.k.input_tnc'

2018-07-24 14:18:33 - [TEST_STEP][PASSED] - setText: Text 'kl.chanZGeI@macrokiosk.com' is set on object 'Object Repository/Campaign_OR/Fields/j.input_sender'

2018-07-24 14:18:34 - [MESSAGE][PASSED] - Text 'kl.chanZGeI@macrokiosk.com' is set on object 'Object Repository/Campaign_OR/Fields/j.input_sender'

2018-07-24 14:18:34 - [TEST_STEP][PASSED] - setText: Text 'Starbucks Reserve @ SITZGeI' is set on object 'Object Repository/Campaign_OR/Fields/k.input_subject'

2018-07-24 14:18:34 - [MESSAGE][PASSED] - Text 'Starbucks Reserve @ SITZGeI' is set on object 'Object Repository/Campaign_OR/Fields/k.input_subject'

2018-07-24 14:18:34 - [TEST_STEP][PASSED] - setText: Text 'Hello User, Welcome to our Starbucks Reserve @ SIT. Come subscribe with us and redeem more rewards.ZGeI' is set on object 'Object Repository/Campaign_OR/Fields/l.textarea_content'

2018-07-24 14:18:34 - [MESSAGE][PASSED] - Text 'Hello User, Welcome to our Starbucks Reserve @ SIT. Come subscribe with us and redeem more rewards.ZGeI' is set on object 'Object Repository/Campaign_OR/Fields/l.textarea_content'

2018-07-24 14:18:34 - [TEST_STEP][PASSED] - Statement - filepath = "": null

2018-07-24 14:18:34 - [TEST_STEP][PASSED] - Statement - If (os == "Windows"): null

2018-07-24 14:18:34 - [TEST_STEP][PASSED] - Statement - filepath = companyLogoPath: null

2018-07-24 14:18:34 - [TEST_STEP][PASSED] - Statement - verifyImgName = "": null

2018-07-24 14:18:34 - [TEST_STEP][PASSED] - Statement - uploadedImg = false: null

2018-07-24 14:18:34 - [TEST_STEP][PASSED] - Statement - reuploadCount = 0: null

2018-07-24 14:18:34 - [TEST_STEP][PASSED] - Statement - If (filepath.trim() != "" && companyLogo.trim() != ""): null

2018-07-24 14:18:34 - [TEST_STEP][PASSED] - sendKeys: Keys 'C:\Users\kl.chan\Katalon Studio\boldreward\Images\Company Logo\starbucks logo.jpg' sent to object: 'Object Repository/Campaign_OR/Fields/m.button_company_logo_1'

2018-07-24 14:18:34 - [MESSAGE][PASSED] - Keys 'C:\Users\kl.chan\Katalon Studio\boldreward\Images\Company Logo\starbucks logo.jpg' sent to object: 'Object Repository/Campaign_OR/Fields/m.button_company_logo_1'

2018-07-24 14:18:34 - [TEST_STEP][PASSED] - delay: Delayed 1 second(s)

2018-07-24 14:18:35 - [MESSAGE][PASSED] - Delayed 1 second(s)

2018-07-24 14:18:35 - [TEST_STEP][PASSED] - Statement - If (com.kms.katalon.core.webui.keyword.WebUiBuiltInKeywords.waitForElementVisible(com.kms.katalon.core.testobject.ObjectRepository.findTestObject(Campaign_OR/uploadedCompanyLogo), 30)): null

2018-07-24 14:18:35 - [MESSAGE][PASSED] - Object 'Object Repository/Campaign_OR/uploadedCompanyLogo' is visible

2018-07-24 14:18:35 - [TEST_STEP][PASSED] - Statement - verifyImgName = com.kms.katalon.core.webui.keyword.WebUiBuiltInKeywords.getText(com.kms.katalon.core.testobject.ObjectRepository.findTestObject(Campaign_OR/uploadedCompanyLogo)): Text of object 'Object Repository/Campaign_OR/uploadedCompanyLogo' is: 'starbucks logo.jpg'

2018-07-24 14:18:35 - [MESSAGE][PASSED] - Text of object 'Object Repository/Campaign_OR/uploadedCompanyLogo' is: 'starbucks logo.jpg'

2018-07-24 14:18:35 - [TEST_STEP][PASSED] - Statement - If (verifyImgName.equals(companyLogo) == true): null

2018-07-24 14:18:35 - [TEST_STEP][PASSED] - Statement - uploadedImg = true: null

2018-07-24 14:18:35 - [TEST_STEP][PASSED] - Statement - If (rewardCode == true): null

2018-07-24 14:18:35 - [TEST_STEP][PASSED] - Statement - Else If (rewardCode == false): Object: 'Object Repository/Campaign_OR/Fields/n.label_No' is clicked on

2018-07-24 14:18:35 - [TEST_STEP][PASSED] - click: Object: 'Object Repository/Campaign_OR/Fields/n.label_No' is clicked on

2018-07-24 14:18:35 - [MESSAGE][PASSED] - Object: 'Object Repository/Campaign_OR/Fields/n.label_No' is clicked on

2018-07-24 14:18:35 - [TEST_STEP][PASSED] - verifyElementChecked: Object 'Object Repository/Campaign_OR/Fields/radio_No' is checked

2018-07-24 14:18:36 - [MESSAGE][PASSED] - Object 'Object Repository/Campaign_OR/Fields/radio_No' is checked

2018-07-24 14:18:36 - [TEST_STEP][PASSED] - verifyElementChecked: Object 'Object Repository/Campaign_OR/Fields/radio_Yes' is not checked

2018-07-24 14:18:36 - [MESSAGE][WARNING] - Object 'Object Repository/Campaign_OR/Fields/radio_Yes' is not checked
[[ATTACHMENT|C:\\Users\\kl.chan\\Katalon Studio\\boldreward\\Reports\\TS_Create_Campaign\\TS001 Create Campaign with negative testing\\20180724_140922\\1532413116042.png]]

2018-07-24 14:18:36 - [TEST_STEP][PASSED] - click: Object: 'Object Repository/Campaign_OR/button_Save' is clicked on

2018-07-24 14:18:36 - [MESSAGE][PASSED] - Object: 'Object Repository/Campaign_OR/button_Save' is clicked on

2018-07-24 14:18:36 - [TEST_STEP][PASSED] - delay: Delayed 2 second(s)

2018-07-24 14:18:38 - [MESSAGE][PASSED] - Delayed 2 second(s)

2018-07-24 14:18:38 - [MESSAGE][PASSED] - Call Test Case 'Test Cases/Merchant Portal/Campaign/Campagin Modules/create campaign' successfully

2018-07-24 14:18:38 - [TEST_STEP][PASSED] - Statement - updateFailed = false: null

2018-07-24 14:18:38 - [TEST_STEP][PASSED] - Statement - If (com.kms.katalon.core.webui.keyword.WebUiBuiltInKeywords.waitForElementVisible(com.kms.katalon.core.testobject.ObjectRepository.findTestObject(a.Not_Assigned_OR/alert_msg_top), 3)): null

2018-07-24 14:18:38 - [MESSAGE][PASSED] - Object 'Object Repository/a.Not_Assigned_OR/alert_msg_top' is visible

2018-07-24 14:18:38 - [TEST_STEP][PASSED] - Statement - verifyPopoutMsg = com.kms.katalon.core.webui.keyword.WebUiBuiltInKeywords.getText(com.kms.katalon.core.testobject.ObjectRepository.findTestObject(a.Not_Assigned_OR/alert_msg_top)): Text of object 'Object Repository/a.Not_Assigned_OR/alert_msg_top' is: 'Oops! Invalid inputs, please try again.'

2018-07-24 14:18:38 - [MESSAGE][PASSED] - Text of object 'Object Repository/a.Not_Assigned_OR/alert_msg_top' is: 'Oops! Invalid inputs, please try again.'

2018-07-24 14:18:38 - [TEST_STEP][PASSED] - Statement - If (verifyPopoutMsg.equals(msgServer) == true): null

2018-07-24 14:18:38 - [TEST_STEP][PASSED] - Statement - updateFailed = true: null

2018-07-24 14:18:38 - [TEST_STEP][PASSED] - Statement - updateSuccess = false: null

2018-07-24 14:18:38 - [TEST_STEP][PASSED] - Statement - If (com.kms.katalon.core.webui.keyword.WebUiBuiltInKeywords.waitForElementVisible(com.kms.katalon.core.testobject.ObjectRepository.findTestObject(Campaign_OR/Error Message/msg_edit_success), 3)): Web element with id: 'Object Repository/Campaign_OR/Error Message/msg_edit_success' located by 'By.xpath: id("errorMessage")/p[@class="error-block"]' not found

2018-07-24 14:18:41 - [MESSAGE][WARNING] - Web element with id: 'Object Repository/Campaign_OR/Error Message/msg_edit_success' located by 'By.xpath: id("errorMessage")/p[@class="error-block"]' not found

2018-07-24 14:18:41 - [TEST_STEP][PASSED] - Statement - createSuccess = false: null

2018-07-24 14:18:41 - [TEST_STEP][PASSED] - Statement - If (com.kms.katalon.core.webui.keyword.WebUiBuiltInKeywords.waitForElementVisible(com.kms.katalon.core.testobject.ObjectRepository.findTestObject(Home_OR/label_home), 3)): Web element with id: 'Object Repository/Home_OR/label_home' located by 'By.xpath: id("wrapper")/div[@class="content-page"]/div[@class="content"]/div[@class="ng-scope"]/div[@class="ng-scope"]/div[@class="page-heading"]/h1[1][count(. | //h1[(text() = ' Home' or . = ' Home')]) = count(//h1[(text() = ' Home' or . = ' Home')])]' not found

2018-07-24 14:18:44 - [MESSAGE][WARNING] - Web element with id: 'Object Repository/Home_OR/label_home' located by 'By.xpath: id("wrapper")/div[@class="content-page"]/div[@class="content"]/div[@class="ng-scope"]/div[@class="ng-scope"]/div[@class="page-heading"]/h1[1][count(. | //h1[(text() = ' Home' or . = ' Home')]) = count(//h1[(text() = ' Home' or . = ' Home')])]' not found

2018-07-24 14:18:44 - [TEST_STEP][PASSED] - Statement - If (updateSuccess == true): null

2018-07-24 14:18:44 - [TEST_STEP][PASSED] - Statement - Else If (updateFailed == true): null

2018-07-24 14:18:44 - [TEST_STEP][PASSED] - Statement - verifyError = false: null

2018-07-24 14:18:44 - [TEST_STEP][PASSED] - Statement - If (companyName.trim() == ""): null

2018-07-24 14:18:44 - [TEST_STEP][PASSED] - Statement - If (campaignInstruc.trim() == ""): null

2018-07-24 14:18:44 - [TEST_STEP][PASSED] - Statement - If (radioEmail.toLowerCase() == "false"): null

2018-07-24 14:18:44 - [TEST_STEP][PASSED] - Statement - campaignImgName = com.kms.katalon.core.webui.keyword.WebUiBuiltInKeywords.getText(com.kms.katalon.core.testobject.ObjectRepository.findTestObject(Campaign_OR/uploadedCampaignImg)): Text of object 'Object Repository/Campaign_OR/uploadedCampaignImg' is: 'starbucks copy.jpg'

2018-07-24 14:18:44 - [MESSAGE][PASSED] - Text of object 'Object Repository/Campaign_OR/uploadedCampaignImg' is: 'starbucks copy.jpg'

2018-07-24 14:18:44 - [TEST_STEP][PASSED] - Statement - If (campaignImgName == ""): null

2018-07-24 14:18:44 - [TEST_STEP][PASSED] - Statement - If (emailSender.trim() == ""): null

2018-07-24 14:18:44 - [TEST_STEP][PASSED] - Statement - If (emailSubject.trim() == ""): null

2018-07-24 14:18:44 - [TEST_STEP][PASSED] - Statement - If (emailContent.trim() == ""): null

2018-07-24 14:18:44 - [TEST_STEP][PASSED] - Statement - companyLogoName = com.kms.katalon.core.webui.keyword.WebUiBuiltInKeywords.getText(com.kms.katalon.core.testobject.ObjectRepository.findTestObject(Campaign_OR/uploadedCompanyLogo)): Text of object 'Object Repository/Campaign_OR/uploadedCompanyLogo' is: 'starbucks logo.jpg'

2018-07-24 14:18:44 - [MESSAGE][PASSED] - Text of object 'Object Repository/Campaign_OR/uploadedCompanyLogo' is: 'starbucks logo.jpg'

2018-07-24 14:18:44 - [TEST_STEP][PASSED] - Statement - If (companyLogoName == ""): null

2018-07-24 14:18:44 - [TEST_STEP][PASSED] - Statement - If (com.kms.katalon.core.webui.keyword.WebUiBuiltInKeywords.waitForElementVisible(com.kms.katalon.core.testobject.ObjectRepository.findTestObject(Campaign_OR/Error Message/msg_cpgn_image2), 2)): Web element with id: 'Object Repository/Campaign_OR/Error Message/msg_cpgn_image2' located by 'By.xpath: id("campaignImage")/p[@class="error-block ng-binding"][count(. | //p[@class = 'error-block ng-binding' and @ng-hide = 'CC.errorImage == 200 || CC.errorImage == undefined']) = count(//p[@class = 'error-block ng-binding' and @ng-hide = 'CC.errorImage == 200 || CC.errorImage == undefined'])]' not found

2018-07-24 14:18:46 - [MESSAGE][WARNING] - Web element with id: 'Object Repository/Campaign_OR/Error Message/msg_cpgn_image2' located by 'By.xpath: id("campaignImage")/p[@class="error-block ng-binding"][count(. | //p[@class = 'error-block ng-binding' and @ng-hide = 'CC.errorImage == 200 || CC.errorImage == undefined']) = count(//p[@class = 'error-block ng-binding' and @ng-hide = 'CC.errorImage == 200 || CC.errorImage == undefined'])]' not found

2018-07-24 14:18:46 - [TEST_STEP][PASSED] - Statement - If (com.kms.katalon.core.webui.keyword.WebUiBuiltInKeywords.waitForElementVisible(com.kms.katalon.core.testobject.ObjectRepository.findTestObject(Campaign_OR/Error Message/msg_TCURL), 2)): null

2018-07-24 14:18:46 - [MESSAGE][PASSED] - Object 'Object Repository/Campaign_OR/Error Message/msg_TCURL' is visible

2018-07-24 14:18:46 - [TEST_STEP][PASSED] - Statement - verifyURL = com.kms.katalon.core.webui.keyword.WebUiBuiltInKeywords.getText(com.kms.katalon.core.testobject.ObjectRepository.findTestObject(Campaign_OR/Error Message/msg_TCURL)): Text of object 'Object Repository/Campaign_OR/Error Message/msg_TCURL' is: 'Invalid format, please follow as http://wwww.example.com'

2018-07-24 14:18:46 - [MESSAGE][PASSED] - Text of object 'Object Repository/Campaign_OR/Error Message/msg_TCURL' is: 'Invalid format, please follow as http://wwww.example.com'

2018-07-24 14:18:46 - [TEST_STEP][PASSED] - Statement - If (verifyURL.equals(msgTC) == true): null

2018-07-24 14:18:46 - [TEST_STEP][PASSED] - Statement - verifyError = true: null

2018-07-24 14:18:46 - [TEST_STEP][PASSED] - Statement - If (emailSender.trim() != ""): Web element with id: 'Object Repository/Campaign_OR/Error Message/msg_sender' located by 'By.xpath: id("emailSender")/p[@class="error-block"]' not found

2018-07-24 14:18:46 - [TEST_STEP][PASSED] - Statement - If (com.kms.katalon.core.webui.keyword.WebUiBuiltInKeywords.waitForElementVisible(com.kms.katalon.core.testobject.ObjectRepository.findTestObject(Campaign_OR/Error Message/msg_sender), 2)): Web element with id: 'Object Repository/Campaign_OR/Error Message/msg_sender' located by 'By.xpath: id("emailSender")/p[@class="error-block"]' not found

2018-07-24 14:18:48 - [MESSAGE][WARNING] - Web element with id: 'Object Repository/Campaign_OR/Error Message/msg_sender' located by 'By.xpath: id("emailSender")/p[@class="error-block"]' not found

2018-07-24 14:18:48 - [TEST_STEP][PASSED] - Statement - If (com.kms.katalon.core.webui.keyword.WebUiBuiltInKeywords.waitForElementVisible(com.kms.katalon.core.testobject.ObjectRepository.findTestObject(Campaign_OR/Error Message/msg_company_logo), 2)): Web element with id: 'Object Repository/Campaign_OR/Error Message/msg_company_logo' located by 'By.xpath: id("companyLogo")/p[@class="error-block ng-binding"][count(. | //p[@class = 'error-block ng-binding' and @ng-hide = 'CC.errorLogo == 200 || CC.errorLogo == undefined']) = count(//p[@class = 'error-block ng-binding' and @ng-hide = 'CC.errorLogo == 200 || CC.errorLogo == undefined'])]' not found

2018-07-24 14:18:50 - [MESSAGE][WARNING] - Web element with id: 'Object Repository/Campaign_OR/Error Message/msg_company_logo' located by 'By.xpath: id("companyLogo")/p[@class="error-block ng-binding"][count(. | //p[@class = 'error-block ng-binding' and @ng-hide = 'CC.errorLogo == 200 || CC.errorLogo == undefined']) = count(//p[@class = 'error-block ng-binding' and @ng-hide = 'CC.errorLogo == 200 || CC.errorLogo == undefined'])]' not found

2018-07-24 14:18:50 - [TEST_STEP][PASSED] - refresh: Refresh successfully

2018-07-24 14:18:51 - [MESSAGE][PASSED] - Refresh successfully

2018-07-24 14:18:51 - [TEST_STEP][PASSED] - Statement - If (verifyError == false): null]]></system-out>
         <system-err><![CDATA[]]></system-err>
      </testcase>
      <testcase name="Test Cases/Merchant Portal/Campaign/TC001 Campaign - verify all case" classname="Test Cases/Merchant Portal/Campaign/TC001 Campaign - verify all case" status="PASSED">
         <system-out><![CDATA[2018-07-24 14:18:51 - [TEST_CASE][PASSED] - Test Cases/Merchant Portal/Campaign/TC001 Campaign - verify all case: Test Cases/Merchant Portal/Campaign/TC001 Campaign - verify all case

2018-07-24 14:18:51 - [TEST_STEP][PASSED] - Statement - randomWords = CustomKeywords.randomWords.GenerateNumber.randomString(4): randomWords.GenerateNumber.randomString is PASSED

2018-07-24 14:18:51 - [MESSAGE][PASSED] - randomWords.GenerateNumber.randomString is PASSED

2018-07-24 14:18:51 - [TEST_STEP][PASSED] - Statement - If (companyName.trim() != ""): null

2018-07-24 14:18:51 - [TEST_STEP][PASSED] - Statement - companyName = companyName + randomWords: null

2018-07-24 14:18:51 - [TEST_STEP][PASSED] - Statement - If (campaignInstruc.trim() != ""): null

2018-07-24 14:18:51 - [TEST_STEP][PASSED] - Statement - campaignInstruc = campaignInstruc + randomWords: null

2018-07-24 14:18:51 - [TEST_STEP][PASSED] - Statement - If (emailSender.trim() != ""): null

2018-07-24 14:18:51 - [TEST_STEP][PASSED] - Statement - email = emailSender: null

2018-07-24 14:18:51 - [TEST_STEP][PASSED] - Statement - splitEmail = email.split("@"): null

2018-07-24 14:18:51 - [TEST_STEP][PASSED] - Statement - numb = length: null

2018-07-24 14:18:51 - [TEST_STEP][PASSED] - Statement - If (numb > 1): null

2018-07-24 14:18:51 - [TEST_STEP][PASSED] - Statement - If (emailSubject.trim() != ""): null

2018-07-24 14:18:51 - [TEST_STEP][PASSED] - Statement - emailSubject = emailSubject + randomWords: null

2018-07-24 14:18:51 - [TEST_STEP][PASSED] - Statement - If (emailContent.trim() != ""): null

2018-07-24 14:18:51 - [TEST_STEP][PASSED] - Statement - emailContent = emailContent + randomWords: null

2018-07-24 14:18:51 - [TEST_STEP][PASSED] - callTestCase: Call Test Case 'Test Cases/Merchant Portal/Campaign/Campagin Modules/create campaign' successfully

2018-07-24 14:18:51 - [TEST_CASE][PASSED] - Test Cases/Merchant Portal/Campaign/Campagin Modules/create campaign: Test Cases/Merchant Portal/Campaign/Campagin Modules/create campaign

2018-07-24 14:18:51 - [TEST_STEP][PASSED] - Statement - osName = "": null

2018-07-24 14:18:51 - [TEST_STEP][PASSED] - Statement - osName = CustomKeywords.os.DetectOS.getOperatingSystem(osName): os.DetectOS.getOperatingSystem is PASSED

2018-07-24 14:18:51 - [MESSAGE][PASSED] - os.DetectOS.getOperatingSystem is PASSED

2018-07-24 14:18:51 - [TEST_STEP][PASSED] - Statement - splitString = osName.split(): null

2018-07-24 14:18:51 - [TEST_STEP][PASSED] - Statement - os = splitString[0].toString(): null

2018-07-24 14:18:51 - [TEST_STEP][PASSED] - Statement - If (loggedin == false): null

2018-07-24 14:18:51 - [TEST_STEP][PASSED] - Statement - If (accessModule == false): null

2018-07-24 14:18:51 - [TEST_STEP][PASSED] - delay: Delayed 5 second(s)

2018-07-24 14:18:56 - [MESSAGE][PASSED] - Delayed 5 second(s)

2018-07-24 14:18:56 - [TEST_STEP][PASSED] - setText: Text 'Starbucks Reserve LtdGLpy' is set on object 'Object Repository/Campaign_OR/Fields/a.input_company_name'

2018-07-24 14:18:56 - [MESSAGE][PASSED] - Text 'Starbucks Reserve LtdGLpy' is set on object 'Object Repository/Campaign_OR/Fields/a.input_company_name'

2018-07-24 14:18:56 - [TEST_STEP][PASSED] - setText: Text 'Please subscribe with us and redeem a free coffee. Come join us now!GLpy' is set on object 'Object Repository/Campaign_OR/Fields/b.textarea_campaign_instruction'

2018-07-24 14:18:57 - [MESSAGE][PASSED] - Text 'Please subscribe with us and redeem a free coffee. Come join us now!GLpy' is set on object 'Object Repository/Campaign_OR/Fields/b.textarea_campaign_instruction'

2018-07-24 14:18:57 - [TEST_STEP][PASSED] - Statement - verifyEmail = false: null

2018-07-24 14:18:57 - [TEST_STEP][PASSED] - Statement - If (radioEmail.toLowerCase() == "true"): null

2018-07-24 14:18:57 - [TEST_STEP][PASSED] - Statement - verifyEmail = true: null

2018-07-24 14:18:57 - [TEST_STEP][PASSED] - Statement - If (verifyEmail == true): Object 'Object Repository/Campaign_OR/input_email' is visible

2018-07-24 14:18:57 - [TEST_STEP][PASSED] - Statement - If (com.kms.katalon.core.webui.keyword.WebUiBuiltInKeywords.verifyElementNotChecked(com.kms.katalon.core.testobject.ObjectRepository.findTestObject(Campaign_OR/Fields/c.checkbox_email), 1, OPTIONAL)): Object 'Object Repository/Campaign_OR/input_email' is visible

2018-07-24 14:18:57 - [MESSAGE][PASSED] - Object 'Object Repository/Campaign_OR/Fields/c.checkbox_email' is not checked

2018-07-24 14:18:57 - [TEST_STEP][PASSED] - delay: Delayed 1 second(s)

2018-07-24 14:18:58 - [MESSAGE][PASSED] - Delayed 1 second(s)

2018-07-24 14:18:58 - [TEST_STEP][PASSED] - click: Object: 'Object Repository/Campaign_OR/Fields/c.checkbox_email' is clicked on

2018-07-24 14:18:58 - [MESSAGE][PASSED] - Object: 'Object Repository/Campaign_OR/Fields/c.checkbox_email' is clicked on

2018-07-24 14:18:58 - [TEST_STEP][PASSED] - verifyElementVisible: Object 'Object Repository/Campaign_OR/input_email' is visible

2018-07-24 14:18:58 - [MESSAGE][PASSED] - Object 'Object Repository/Campaign_OR/input_email' is visible

2018-07-24 14:18:58 - [TEST_STEP][PASSED] - Statement - verifyMobileno = false: null

2018-07-24 14:18:58 - [TEST_STEP][PASSED] - Statement - If (radioMobileno.toLowerCase() == "true"): null

2018-07-24 14:18:58 - [TEST_STEP][PASSED] - Statement - If (verifyMobileno == true): null

2018-07-24 14:18:58 - [TEST_STEP][PASSED] - Statement - Else If (verifyMobileno == false): Object 'Object Repository/Campaign_OR/input_mobileno' is NOT visible

2018-07-24 14:18:58 - [TEST_STEP][PASSED] - Statement - If (com.kms.katalon.core.webui.keyword.WebUiBuiltInKeywords.verifyElementChecked(com.kms.katalon.core.testobject.ObjectRepository.findTestObject(Campaign_OR/Fields/d.checkbox_mobile_number), 1, OPTIONAL)): Object 'Object Repository/Campaign_OR/Fields/d.checkbox_mobile_number' is not checked

2018-07-24 14:18:58 - [MESSAGE][WARNING] - Object 'Object Repository/Campaign_OR/Fields/d.checkbox_mobile_number' is not checked
[[ATTACHMENT|C:\\Users\\kl.chan\\Katalon Studio\\boldreward\\Reports\\TS_Create_Campaign\\TS001 Create Campaign with negative testing\\20180724_140922\\1532413138534.png]]

2018-07-24 14:18:58 - [TEST_STEP][PASSED] - Statement - Else: Object 'Object Repository/Campaign_OR/input_mobileno' is NOT visible

2018-07-24 14:18:58 - [TEST_STEP][PASSED] - verifyElementNotVisible: Object 'Object Repository/Campaign_OR/input_mobileno' is NOT visible

2018-07-24 14:18:58 - [MESSAGE][PASSED] - Object 'Object Repository/Campaign_OR/input_mobileno' is NOT visible

2018-07-24 14:18:58 - [TEST_STEP][PASSED] - Statement - verifyName = false: null

2018-07-24 14:18:58 - [TEST_STEP][PASSED] - Statement - If (radioName.toLowerCase() == "true"): null

2018-07-24 14:18:58 - [TEST_STEP][PASSED] - Statement - If (verifyName == true): null

2018-07-24 14:18:58 - [TEST_STEP][PASSED] - Statement - Else If (verifyName == false): Object 'Object Repository/Campaign_OR/input_name' is NOT visible

2018-07-24 14:18:58 - [TEST_STEP][PASSED] - Statement - If (com.kms.katalon.core.webui.keyword.WebUiBuiltInKeywords.verifyElementChecked(com.kms.katalon.core.testobject.ObjectRepository.findTestObject(Campaign_OR/Fields/e.checkbox_name), 1, OPTIONAL)): Object 'Object Repository/Campaign_OR/Fields/e.checkbox_name' is not checked

2018-07-24 14:18:59 - [MESSAGE][WARNING] - Object 'Object Repository/Campaign_OR/Fields/e.checkbox_name' is not checked
[[ATTACHMENT|C:\\Users\\kl.chan\\Katalon Studio\\boldreward\\Reports\\TS_Create_Campaign\\TS001 Create Campaign with negative testing\\20180724_140922\\1532413138854.png]]

2018-07-24 14:18:59 - [TEST_STEP][PASSED] - Statement - Else: Object 'Object Repository/Campaign_OR/input_name' is NOT visible

2018-07-24 14:18:59 - [TEST_STEP][PASSED] - verifyElementNotVisible: Object 'Object Repository/Campaign_OR/input_name' is NOT visible

2018-07-24 14:18:59 - [MESSAGE][PASSED] - Object 'Object Repository/Campaign_OR/input_name' is NOT visible

2018-07-24 14:18:59 - [TEST_STEP][PASSED] - Statement - verifyGender = false: null

2018-07-24 14:18:59 - [TEST_STEP][PASSED] - Statement - If (radioGender.toLowerCase() == "true"): null

2018-07-24 14:18:59 - [TEST_STEP][PASSED] - Statement - If (verifyGender == true): null

2018-07-24 14:18:59 - [TEST_STEP][PASSED] - Statement - Else If (verifyGender == false): Object 'Object Repository/Campaign_OR/label_Female' is NOT visible

2018-07-24 14:18:59 - [TEST_STEP][PASSED] - Statement - If (com.kms.katalon.core.webui.keyword.WebUiBuiltInKeywords.verifyElementChecked(com.kms.katalon.core.testobject.ObjectRepository.findTestObject(Campaign_OR/Fields/f.checkbox_gender), 1, OPTIONAL)): Object 'Object Repository/Campaign_OR/Fields/f.checkbox_gender' is not checked

2018-07-24 14:18:59 - [MESSAGE][WARNING] - Object 'Object Repository/Campaign_OR/Fields/f.checkbox_gender' is not checked
[[ATTACHMENT|C:\\Users\\kl.chan\\Katalon Studio\\boldreward\\Reports\\TS_Create_Campaign\\TS001 Create Campaign with negative testing\\20180724_140922\\1532413139181.png]]

2018-07-24 14:18:59 - [TEST_STEP][PASSED] - Statement - Else: Object 'Object Repository/Campaign_OR/label_Female' is NOT visible

2018-07-24 14:18:59 - [TEST_STEP][PASSED] - verifyElementNotVisible: Object 'Object Repository/Campaign_OR/label_Male' is NOT visible

2018-07-24 14:18:59 - [MESSAGE][PASSED] - Object 'Object Repository/Campaign_OR/label_Male' is NOT visible

2018-07-24 14:18:59 - [TEST_STEP][PASSED] - verifyElementNotVisible: Object 'Object Repository/Campaign_OR/label_Female' is NOT visible

2018-07-24 14:18:59 - [MESSAGE][PASSED] - Object 'Object Repository/Campaign_OR/label_Female' is NOT visible

2018-07-24 14:18:59 - [TEST_STEP][PASSED] - Statement - verifyDOB = false: null

2018-07-24 14:18:59 - [TEST_STEP][PASSED] - Statement - If (radioDOB.toLowerCase() == "true"): null

2018-07-24 14:18:59 - [TEST_STEP][PASSED] - Statement - If (verifyDOB == true): null

2018-07-24 14:18:59 - [TEST_STEP][PASSED] - Statement - Else If (verifyDOB == false): Object 'Object Repository/Campaign_OR/input_datepicker' is NOT visible

2018-07-24 14:18:59 - [TEST_STEP][PASSED] - Statement - If (com.kms.katalon.core.webui.keyword.WebUiBuiltInKeywords.verifyElementChecked(com.kms.katalon.core.testobject.ObjectRepository.findTestObject(Campaign_OR/Fields/g.checkbox_dob), 1, OPTIONAL)): Object 'Object Repository/Campaign_OR/Fields/g.checkbox_dob' is not checked

2018-07-24 14:18:59 - [MESSAGE][WARNING] - Object 'Object Repository/Campaign_OR/Fields/g.checkbox_dob' is not checked
[[ATTACHMENT|C:\\Users\\kl.chan\\Katalon Studio\\boldreward\\Reports\\TS_Create_Campaign\\TS001 Create Campaign with negative testing\\20180724_140922\\1532413139525.png]]

2018-07-24 14:18:59 - [TEST_STEP][PASSED] - Statement - Else: Object 'Object Repository/Campaign_OR/input_datepicker' is NOT visible

2018-07-24 14:18:59 - [TEST_STEP][PASSED] - verifyElementNotVisible: Object 'Object Repository/Campaign_OR/input_datepicker' is NOT visible

2018-07-24 14:18:59 - [MESSAGE][PASSED] - Object 'Object Repository/Campaign_OR/input_datepicker' is NOT visible

2018-07-24 14:18:59 - [TEST_STEP][PASSED] - Statement - filepath = "": null

2018-07-24 14:18:59 - [TEST_STEP][PASSED] - Statement - If (os == "Windows"): null

2018-07-24 14:18:59 - [TEST_STEP][PASSED] - Statement - filepath = campaignImagePath: null

2018-07-24 14:18:59 - [TEST_STEP][PASSED] - Statement - verifyImgName = "": null

2018-07-24 14:18:59 - [TEST_STEP][PASSED] - Statement - uploadedImg = false: null

2018-07-24 14:18:59 - [TEST_STEP][PASSED] - Statement - If (filepath.trim() != "" && campaignImage.trim() != ""): null

2018-07-24 14:18:59 - [TEST_STEP][PASSED] - sendKeys: Keys 'C:\Users\kl.chan\Katalon Studio\boldreward\Images\Campaign Image\starbucks copy.jpg' sent to object: 'Object Repository/Campaign_OR/Fields/h.button_campaign_image_1'

2018-07-24 14:18:59 - [MESSAGE][PASSED] - Keys 'C:\Users\kl.chan\Katalon Studio\boldreward\Images\Campaign Image\starbucks copy.jpg' sent to object: 'Object Repository/Campaign_OR/Fields/h.button_campaign_image_1'

2018-07-24 14:18:59 - [TEST_STEP][PASSED] - delay: Delayed 1 second(s)

2018-07-24 14:19:00 - [MESSAGE][PASSED] - Delayed 1 second(s)

2018-07-24 14:19:00 - [TEST_STEP][PASSED] - Statement - If (com.kms.katalon.core.webui.keyword.WebUiBuiltInKeywords.waitForElementVisible(com.kms.katalon.core.testobject.ObjectRepository.findTestObject(Campaign_OR/uploadedCampaignImg), 30)): null

2018-07-24 14:19:00 - [MESSAGE][PASSED] - Object 'Object Repository/Campaign_OR/uploadedCampaignImg' is visible

2018-07-24 14:19:00 - [TEST_STEP][PASSED] - Statement - verifyImgName = com.kms.katalon.core.webui.keyword.WebUiBuiltInKeywords.getText(com.kms.katalon.core.testobject.ObjectRepository.findTestObject(Campaign_OR/uploadedCampaignImg)): Text of object 'Object Repository/Campaign_OR/uploadedCampaignImg' is: 'starbucks copy.jpg'

2018-07-24 14:19:00 - [MESSAGE][PASSED] - Text of object 'Object Repository/Campaign_OR/uploadedCampaignImg' is: 'starbucks copy.jpg'

2018-07-24 14:19:00 - [TEST_STEP][PASSED] - Statement - If (verifyImgName.equals(campaignImage) == true): null

2018-07-24 14:19:00 - [TEST_STEP][PASSED] - Statement - uploadedImg = true: null

2018-07-24 14:19:00 - [TEST_STEP][PASSED] - setText: Text 'http://www.starbucks.com.my/' is set on object 'Object Repository/Campaign_OR/Fields/i.k.input_tnc'

2018-07-24 14:19:01 - [MESSAGE][PASSED] - Text 'http://www.starbucks.com.my/' is set on object 'Object Repository/Campaign_OR/Fields/i.k.input_tnc'

2018-07-24 14:19:01 - [TEST_STEP][PASSED] - setText: Text 'kl.chanmacrokiosk.com' is set on object 'Object Repository/Campaign_OR/Fields/j.input_sender'

2018-07-24 14:19:01 - [MESSAGE][PASSED] - Text 'kl.chanmacrokiosk.com' is set on object 'Object Repository/Campaign_OR/Fields/j.input_sender'

2018-07-24 14:19:01 - [TEST_STEP][PASSED] - setText: Text 'Starbucks Reserve @ SITGLpy' is set on object 'Object Repository/Campaign_OR/Fields/k.input_subject'

2018-07-24 14:19:01 - [MESSAGE][PASSED] - Text 'Starbucks Reserve @ SITGLpy' is set on object 'Object Repository/Campaign_OR/Fields/k.input_subject'

2018-07-24 14:19:01 - [TEST_STEP][PASSED] - setText: Text 'Hello User, Welcome to our Starbucks Reserve @ SIT. Come subscribe with us and redeem more rewards.GLpy' is set on object 'Object Repository/Campaign_OR/Fields/l.textarea_content'

2018-07-24 14:19:02 - [MESSAGE][PASSED] - Text 'Hello User, Welcome to our Starbucks Reserve @ SIT. Come subscribe with us and redeem more rewards.GLpy' is set on object 'Object Repository/Campaign_OR/Fields/l.textarea_content'

2018-07-24 14:19:02 - [TEST_STEP][PASSED] - Statement - filepath = "": null

2018-07-24 14:19:02 - [TEST_STEP][PASSED] - Statement - If (os == "Windows"): null

2018-07-24 14:19:02 - [TEST_STEP][PASSED] - Statement - filepath = companyLogoPath: null

2018-07-24 14:19:02 - [TEST_STEP][PASSED] - Statement - verifyImgName = "": null

2018-07-24 14:19:02 - [TEST_STEP][PASSED] - Statement - uploadedImg = false: null

2018-07-24 14:19:02 - [TEST_STEP][PASSED] - Statement - reuploadCount = 0: null

2018-07-24 14:19:02 - [TEST_STEP][PASSED] - Statement - If (filepath.trim() != "" && companyLogo.trim() != ""): null

2018-07-24 14:19:02 - [TEST_STEP][PASSED] - sendKeys: Keys 'C:\Users\kl.chan\Katalon Studio\boldreward\Images\Company Logo\starbucks logo.jpg' sent to object: 'Object Repository/Campaign_OR/Fields/m.button_company_logo_1'

2018-07-24 14:19:02 - [MESSAGE][PASSED] - Keys 'C:\Users\kl.chan\Katalon Studio\boldreward\Images\Company Logo\starbucks logo.jpg' sent to object: 'Object Repository/Campaign_OR/Fields/m.button_company_logo_1'

2018-07-24 14:19:02 - [TEST_STEP][PASSED] - delay: Delayed 1 second(s)

2018-07-24 14:19:03 - [MESSAGE][PASSED] - Delayed 1 second(s)

2018-07-24 14:19:03 - [TEST_STEP][PASSED] - Statement - If (com.kms.katalon.core.webui.keyword.WebUiBuiltInKeywords.waitForElementVisible(com.kms.katalon.core.testobject.ObjectRepository.findTestObject(Campaign_OR/uploadedCompanyLogo), 30)): null

2018-07-24 14:19:03 - [MESSAGE][PASSED] - Object 'Object Repository/Campaign_OR/uploadedCompanyLogo' is visible

2018-07-24 14:19:03 - [TEST_STEP][PASSED] - Statement - verifyImgName = com.kms.katalon.core.webui.keyword.WebUiBuiltInKeywords.getText(com.kms.katalon.core.testobject.ObjectRepository.findTestObject(Campaign_OR/uploadedCompanyLogo)): Text of object 'Object Repository/Campaign_OR/uploadedCompanyLogo' is: 'starbucks logo.jpg'

2018-07-24 14:19:03 - [MESSAGE][PASSED] - Text of object 'Object Repository/Campaign_OR/uploadedCompanyLogo' is: 'starbucks logo.jpg'

2018-07-24 14:19:03 - [TEST_STEP][PASSED] - Statement - If (verifyImgName.equals(companyLogo) == true): null

2018-07-24 14:19:03 - [TEST_STEP][PASSED] - Statement - uploadedImg = true: null

2018-07-24 14:19:03 - [TEST_STEP][PASSED] - Statement - If (rewardCode == true): null

2018-07-24 14:19:03 - [TEST_STEP][PASSED] - Statement - Else If (rewardCode == false): Object: 'Object Repository/Campaign_OR/Fields/n.label_No' is clicked on

2018-07-24 14:19:03 - [TEST_STEP][PASSED] - click: Object: 'Object Repository/Campaign_OR/Fields/n.label_No' is clicked on

2018-07-24 14:19:03 - [MESSAGE][PASSED] - Object: 'Object Repository/Campaign_OR/Fields/n.label_No' is clicked on

2018-07-24 14:19:03 - [TEST_STEP][PASSED] - verifyElementChecked: Object 'Object Repository/Campaign_OR/Fields/radio_No' is checked

2018-07-24 14:19:03 - [MESSAGE][PASSED] - Object 'Object Repository/Campaign_OR/Fields/radio_No' is checked

2018-07-24 14:19:03 - [TEST_STEP][PASSED] - verifyElementChecked: Object 'Object Repository/Campaign_OR/Fields/radio_Yes' is not checked

2018-07-24 14:19:03 - [MESSAGE][WARNING] - Object 'Object Repository/Campaign_OR/Fields/radio_Yes' is not checked
[[ATTACHMENT|C:\\Users\\kl.chan\\Katalon Studio\\boldreward\\Reports\\TS_Create_Campaign\\TS001 Create Campaign with negative testing\\20180724_140922\\1532413143607.png]]

2018-07-24 14:19:03 - [TEST_STEP][PASSED] - click: Object: 'Object Repository/Campaign_OR/button_Save' is clicked on

2018-07-24 14:19:03 - [MESSAGE][PASSED] - Object: 'Object Repository/Campaign_OR/button_Save' is clicked on

2018-07-24 14:19:03 - [TEST_STEP][PASSED] - delay: Delayed 2 second(s)

2018-07-24 14:19:05 - [MESSAGE][PASSED] - Delayed 2 second(s)

2018-07-24 14:19:05 - [MESSAGE][PASSED] - Call Test Case 'Test Cases/Merchant Portal/Campaign/Campagin Modules/create campaign' successfully

2018-07-24 14:19:05 - [TEST_STEP][PASSED] - Statement - updateFailed = false: null

2018-07-24 14:19:05 - [TEST_STEP][PASSED] - Statement - If (com.kms.katalon.core.webui.keyword.WebUiBuiltInKeywords.waitForElementVisible(com.kms.katalon.core.testobject.ObjectRepository.findTestObject(a.Not_Assigned_OR/alert_msg_top), 3)): null

2018-07-24 14:19:05 - [MESSAGE][PASSED] - Object 'Object Repository/a.Not_Assigned_OR/alert_msg_top' is visible

2018-07-24 14:19:05 - [TEST_STEP][PASSED] - Statement - verifyPopoutMsg = com.kms.katalon.core.webui.keyword.WebUiBuiltInKeywords.getText(com.kms.katalon.core.testobject.ObjectRepository.findTestObject(a.Not_Assigned_OR/alert_msg_top)): Text of object 'Object Repository/a.Not_Assigned_OR/alert_msg_top' is: 'Oops! Invalid inputs, please try again.'

2018-07-24 14:19:05 - [MESSAGE][PASSED] - Text of object 'Object Repository/a.Not_Assigned_OR/alert_msg_top' is: 'Oops! Invalid inputs, please try again.'

2018-07-24 14:19:05 - [TEST_STEP][PASSED] - Statement - If (verifyPopoutMsg.equals(msgServer) == true): null

2018-07-24 14:19:05 - [TEST_STEP][PASSED] - Statement - updateFailed = true: null

2018-07-24 14:19:05 - [TEST_STEP][PASSED] - Statement - updateSuccess = false: null

2018-07-24 14:19:05 - [TEST_STEP][PASSED] - Statement - If (com.kms.katalon.core.webui.keyword.WebUiBuiltInKeywords.waitForElementVisible(com.kms.katalon.core.testobject.ObjectRepository.findTestObject(Campaign_OR/Error Message/msg_edit_success), 3)): Web element with id: 'Object Repository/Campaign_OR/Error Message/msg_edit_success' located by 'By.xpath: id("errorMessage")/p[@class="error-block"]' not found

2018-07-24 14:19:09 - [MESSAGE][WARNING] - Web element with id: 'Object Repository/Campaign_OR/Error Message/msg_edit_success' located by 'By.xpath: id("errorMessage")/p[@class="error-block"]' not found

2018-07-24 14:19:09 - [TEST_STEP][PASSED] - Statement - createSuccess = false: null

2018-07-24 14:19:09 - [TEST_STEP][PASSED] - Statement - If (com.kms.katalon.core.webui.keyword.WebUiBuiltInKeywords.waitForElementVisible(com.kms.katalon.core.testobject.ObjectRepository.findTestObject(Home_OR/label_home), 3)): Web element with id: 'Object Repository/Home_OR/label_home' located by 'By.xpath: id("wrapper")/div[@class="content-page"]/div[@class="content"]/div[@class="ng-scope"]/div[@class="ng-scope"]/div[@class="page-heading"]/h1[1][count(. | //h1[(text() = ' Home' or . = ' Home')]) = count(//h1[(text() = ' Home' or . = ' Home')])]' not found

2018-07-24 14:19:12 - [MESSAGE][WARNING] - Web element with id: 'Object Repository/Home_OR/label_home' located by 'By.xpath: id("wrapper")/div[@class="content-page"]/div[@class="content"]/div[@class="ng-scope"]/div[@class="ng-scope"]/div[@class="page-heading"]/h1[1][count(. | //h1[(text() = ' Home' or . = ' Home')]) = count(//h1[(text() = ' Home' or . = ' Home')])]' not found

2018-07-24 14:19:12 - [TEST_STEP][PASSED] - Statement - If (updateSuccess == true): null

2018-07-24 14:19:12 - [TEST_STEP][PASSED] - Statement - Else If (updateFailed == true): null

2018-07-24 14:19:12 - [TEST_STEP][PASSED] - Statement - verifyError = false: null

2018-07-24 14:19:12 - [TEST_STEP][PASSED] - Statement - If (companyName.trim() == ""): null

2018-07-24 14:19:12 - [TEST_STEP][PASSED] - Statement - If (campaignInstruc.trim() == ""): null

2018-07-24 14:19:12 - [TEST_STEP][PASSED] - Statement - If (radioEmail.toLowerCase() == "false"): null

2018-07-24 14:19:12 - [TEST_STEP][PASSED] - Statement - campaignImgName = com.kms.katalon.core.webui.keyword.WebUiBuiltInKeywords.getText(com.kms.katalon.core.testobject.ObjectRepository.findTestObject(Campaign_OR/uploadedCampaignImg)): Text of object 'Object Repository/Campaign_OR/uploadedCampaignImg' is: 'starbucks copy.jpg'

2018-07-24 14:19:12 - [MESSAGE][PASSED] - Text of object 'Object Repository/Campaign_OR/uploadedCampaignImg' is: 'starbucks copy.jpg'

2018-07-24 14:19:12 - [TEST_STEP][PASSED] - Statement - If (campaignImgName == ""): null

2018-07-24 14:19:12 - [TEST_STEP][PASSED] - Statement - If (emailSender.trim() == ""): null

2018-07-24 14:19:12 - [TEST_STEP][PASSED] - Statement - If (emailSubject.trim() == ""): null

2018-07-24 14:19:12 - [TEST_STEP][PASSED] - Statement - If (emailContent.trim() == ""): null

2018-07-24 14:19:12 - [TEST_STEP][PASSED] - Statement - companyLogoName = com.kms.katalon.core.webui.keyword.WebUiBuiltInKeywords.getText(com.kms.katalon.core.testobject.ObjectRepository.findTestObject(Campaign_OR/uploadedCompanyLogo)): Text of object 'Object Repository/Campaign_OR/uploadedCompanyLogo' is: 'starbucks logo.jpg'

2018-07-24 14:19:12 - [MESSAGE][PASSED] - Text of object 'Object Repository/Campaign_OR/uploadedCompanyLogo' is: 'starbucks logo.jpg'

2018-07-24 14:19:12 - [TEST_STEP][PASSED] - Statement - If (companyLogoName == ""): null

2018-07-24 14:19:12 - [TEST_STEP][PASSED] - Statement - If (com.kms.katalon.core.webui.keyword.WebUiBuiltInKeywords.waitForElementVisible(com.kms.katalon.core.testobject.ObjectRepository.findTestObject(Campaign_OR/Error Message/msg_cpgn_image2), 2)): Web element with id: 'Object Repository/Campaign_OR/Error Message/msg_cpgn_image2' located by 'By.xpath: id("campaignImage")/p[@class="error-block ng-binding"][count(. | //p[@class = 'error-block ng-binding' and @ng-hide = 'CC.errorImage == 200 || CC.errorImage == undefined']) = count(//p[@class = 'error-block ng-binding' and @ng-hide = 'CC.errorImage == 200 || CC.errorImage == undefined'])]' not found

2018-07-24 14:19:14 - [MESSAGE][WARNING] - Web element with id: 'Object Repository/Campaign_OR/Error Message/msg_cpgn_image2' located by 'By.xpath: id("campaignImage")/p[@class="error-block ng-binding"][count(. | //p[@class = 'error-block ng-binding' and @ng-hide = 'CC.errorImage == 200 || CC.errorImage == undefined']) = count(//p[@class = 'error-block ng-binding' and @ng-hide = 'CC.errorImage == 200 || CC.errorImage == undefined'])]' not found

2018-07-24 14:19:14 - [TEST_STEP][PASSED] - Statement - If (com.kms.katalon.core.webui.keyword.WebUiBuiltInKeywords.waitForElementVisible(com.kms.katalon.core.testobject.ObjectRepository.findTestObject(Campaign_OR/Error Message/msg_TCURL), 2)): Web element with id: 'Object Repository/Campaign_OR/Error Message/msg_TCURL' located by 'By.xpath: id("wrapper")/div[@class="content-page"]/div[@class="content"]/div[@class="ng-scope"]/div[@class="row ng-scope"]/div[@class="col-md-7"]/div[@class="widget"]/div[@class="widget-content padding"]/div[@class="form-horizontal"]/div[@class="form-group"]/div[@id="tncUrl"]/p[@class="error-block"][count(. | //p[(text() = 'Invalid format, please follow as http://wwww.example.com' or . = 'Invalid format, please follow as http://wwww.example.com')]) = count(//p[(text() = 'Invalid format, please follow as http://wwww.example.com' or . = 'Invalid format, please follow as http://wwww.example.com')])]' not found

2018-07-24 14:19:16 - [MESSAGE][WARNING] - Web element with id: 'Object Repository/Campaign_OR/Error Message/msg_TCURL' located by 'By.xpath: id("wrapper")/div[@class="content-page"]/div[@class="content"]/div[@class="ng-scope"]/div[@class="row ng-scope"]/div[@class="col-md-7"]/div[@class="widget"]/div[@class="widget-content padding"]/div[@class="form-horizontal"]/div[@class="form-group"]/div[@id="tncUrl"]/p[@class="error-block"][count(. | //p[(text() = 'Invalid format, please follow as http://wwww.example.com' or . = 'Invalid format, please follow as http://wwww.example.com')]) = count(//p[(text() = 'Invalid format, please follow as http://wwww.example.com' or . = 'Invalid format, please follow as http://wwww.example.com')])]' not found

2018-07-24 14:19:16 - [TEST_STEP][PASSED] - Statement - If (emailSender.trim() != ""): null

2018-07-24 14:19:16 - [TEST_STEP][PASSED] - Statement - If (com.kms.katalon.core.webui.keyword.WebUiBuiltInKeywords.waitForElementVisible(com.kms.katalon.core.testobject.ObjectRepository.findTestObject(Campaign_OR/Error Message/msg_sender), 2)): null

2018-07-24 14:19:16 - [MESSAGE][PASSED] - Object 'Object Repository/Campaign_OR/Error Message/msg_sender' is visible

2018-07-24 14:19:16 - [TEST_STEP][PASSED] - Statement - verifyEmail = com.kms.katalon.core.webui.keyword.WebUiBuiltInKeywords.getText(com.kms.katalon.core.testobject.ObjectRepository.findTestObject(Campaign_OR/Error Message/msg_sender)): Text of object 'Object Repository/Campaign_OR/Error Message/msg_sender' is: 'Invalid email address.'

2018-07-24 14:19:16 - [MESSAGE][PASSED] - Text of object 'Object Repository/Campaign_OR/Error Message/msg_sender' is: 'Invalid email address.'

2018-07-24 14:19:16 - [TEST_STEP][PASSED] - Statement - If (verifyEmail.equals(msgInvalidEmail)): null

2018-07-24 14:19:16 - [TEST_STEP][PASSED] - Statement - verifyError = true: null

2018-07-24 14:19:16 - [TEST_STEP][PASSED] - Statement - If (com.kms.katalon.core.webui.keyword.WebUiBuiltInKeywords.waitForElementVisible(com.kms.katalon.core.testobject.ObjectRepository.findTestObject(Campaign_OR/Error Message/msg_company_logo), 2)): Web element with id: 'Object Repository/Campaign_OR/Error Message/msg_company_logo' located by 'By.xpath: id("companyLogo")/p[@class="error-block ng-binding"][count(. | //p[@class = 'error-block ng-binding' and @ng-hide = 'CC.errorLogo == 200 || CC.errorLogo == undefined']) = count(//p[@class = 'error-block ng-binding' and @ng-hide = 'CC.errorLogo == 200 || CC.errorLogo == undefined'])]' not found

2018-07-24 14:19:18 - [MESSAGE][WARNING] - Web element with id: 'Object Repository/Campaign_OR/Error Message/msg_company_logo' located by 'By.xpath: id("companyLogo")/p[@class="error-block ng-binding"][count(. | //p[@class = 'error-block ng-binding' and @ng-hide = 'CC.errorLogo == 200 || CC.errorLogo == undefined']) = count(//p[@class = 'error-block ng-binding' and @ng-hide = 'CC.errorLogo == 200 || CC.errorLogo == undefined'])]' not found

2018-07-24 14:19:18 - [TEST_STEP][PASSED] - refresh: Refresh successfully

2018-07-24 14:19:19 - [MESSAGE][PASSED] - Refresh successfully

2018-07-24 14:19:19 - [TEST_STEP][PASSED] - Statement - If (verifyError == false): null]]></system-out>
         <system-err><![CDATA[]]></system-err>
      </testcase>
      <testcase name="Test Cases/Merchant Portal/Campaign/TC001 Campaign - verify all case" classname="Test Cases/Merchant Portal/Campaign/TC001 Campaign - verify all case" status="PASSED">
         <system-out><![CDATA[2018-07-24 14:19:19 - [TEST_CASE][PASSED] - Test Cases/Merchant Portal/Campaign/TC001 Campaign - verify all case: Test Cases/Merchant Portal/Campaign/TC001 Campaign - verify all case

2018-07-24 14:19:19 - [TEST_STEP][PASSED] - Statement - randomWords = CustomKeywords.randomWords.GenerateNumber.randomString(4): randomWords.GenerateNumber.randomString is PASSED

2018-07-24 14:19:19 - [MESSAGE][PASSED] - randomWords.GenerateNumber.randomString is PASSED

2018-07-24 14:19:19 - [TEST_STEP][PASSED] - Statement - If (companyName.trim() != ""): null

2018-07-24 14:19:19 - [TEST_STEP][PASSED] - Statement - companyName = companyName + randomWords: null

2018-07-24 14:19:19 - [TEST_STEP][PASSED] - Statement - If (campaignInstruc.trim() != ""): null

2018-07-24 14:19:19 - [TEST_STEP][PASSED] - Statement - campaignInstruc = campaignInstruc + randomWords: null

2018-07-24 14:19:19 - [TEST_STEP][PASSED] - Statement - If (emailSender.trim() != ""): null

2018-07-24 14:19:19 - [TEST_STEP][PASSED] - Statement - email = emailSender: null

2018-07-24 14:19:19 - [TEST_STEP][PASSED] - Statement - splitEmail = email.split("@"): null

2018-07-24 14:19:19 - [TEST_STEP][PASSED] - Statement - numb = length: null

2018-07-24 14:19:19 - [TEST_STEP][PASSED] - Statement - If (numb > 1): null

2018-07-24 14:19:19 - [TEST_STEP][PASSED] - Statement - emailSender = splitEmail[0] + randomWords + "@" + splitEmail[1]: null

2018-07-24 14:19:19 - [TEST_STEP][PASSED] - Statement - If (emailSubject.trim() != ""): null

2018-07-24 14:19:19 - [TEST_STEP][PASSED] - Statement - emailSubject = emailSubject + randomWords: null

2018-07-24 14:19:19 - [TEST_STEP][PASSED] - Statement - If (emailContent.trim() != ""): null

2018-07-24 14:19:19 - [TEST_STEP][PASSED] - Statement - emailContent = emailContent + randomWords: null

2018-07-24 14:19:19 - [TEST_STEP][PASSED] - callTestCase: Call Test Case 'Test Cases/Merchant Portal/Campaign/Campagin Modules/create campaign' successfully

2018-07-24 14:19:19 - [TEST_CASE][PASSED] - Test Cases/Merchant Portal/Campaign/Campagin Modules/create campaign: Test Cases/Merchant Portal/Campaign/Campagin Modules/create campaign

2018-07-24 14:19:19 - [TEST_STEP][PASSED] - Statement - osName = "": null

2018-07-24 14:19:19 - [TEST_STEP][PASSED] - Statement - osName = CustomKeywords.os.DetectOS.getOperatingSystem(osName): os.DetectOS.getOperatingSystem is PASSED

2018-07-24 14:19:19 - [MESSAGE][PASSED] - os.DetectOS.getOperatingSystem is PASSED

2018-07-24 14:19:19 - [TEST_STEP][PASSED] - Statement - splitString = osName.split(): null

2018-07-24 14:19:19 - [TEST_STEP][PASSED] - Statement - os = splitString[0].toString(): null

2018-07-24 14:19:19 - [TEST_STEP][PASSED] - Statement - If (loggedin == false): null

2018-07-24 14:19:19 - [TEST_STEP][PASSED] - Statement - If (accessModule == false): null

2018-07-24 14:19:19 - [TEST_STEP][PASSED] - delay: Delayed 5 second(s)

2018-07-24 14:19:24 - [MESSAGE][PASSED] - Delayed 5 second(s)

2018-07-24 14:19:24 - [TEST_STEP][PASSED] - setText: Text 'Starbucks Reserve LtdWq8g' is set on object 'Object Repository/Campaign_OR/Fields/a.input_company_name'

2018-07-24 14:19:24 - [MESSAGE][PASSED] - Text 'Starbucks Reserve LtdWq8g' is set on object 'Object Repository/Campaign_OR/Fields/a.input_company_name'

2018-07-24 14:19:24 - [TEST_STEP][PASSED] - setText: Text 'Please subscribe with us and redeem a free coffee. Come join us now!Wq8g' is set on object 'Object Repository/Campaign_OR/Fields/b.textarea_campaign_instruction'

2018-07-24 14:19:25 - [MESSAGE][PASSED] - Text 'Please subscribe with us and redeem a free coffee. Come join us now!Wq8g' is set on object 'Object Repository/Campaign_OR/Fields/b.textarea_campaign_instruction'

2018-07-24 14:19:25 - [TEST_STEP][PASSED] - Statement - verifyEmail = false: null

2018-07-24 14:19:25 - [TEST_STEP][PASSED] - Statement - If (radioEmail.toLowerCase() == "true"): null

2018-07-24 14:19:25 - [TEST_STEP][PASSED] - Statement - verifyEmail = true: null

2018-07-24 14:19:25 - [TEST_STEP][PASSED] - Statement - If (verifyEmail == true): Object 'Object Repository/Campaign_OR/input_email' is visible

2018-07-24 14:19:25 - [TEST_STEP][PASSED] - Statement - If (com.kms.katalon.core.webui.keyword.WebUiBuiltInKeywords.verifyElementNotChecked(com.kms.katalon.core.testobject.ObjectRepository.findTestObject(Campaign_OR/Fields/c.checkbox_email), 1, OPTIONAL)): Object 'Object Repository/Campaign_OR/input_email' is visible

2018-07-24 14:19:25 - [MESSAGE][PASSED] - Object 'Object Repository/Campaign_OR/Fields/c.checkbox_email' is not checked

2018-07-24 14:19:25 - [TEST_STEP][PASSED] - delay: Delayed 1 second(s)

2018-07-24 14:19:26 - [MESSAGE][PASSED] - Delayed 1 second(s)

2018-07-24 14:19:26 - [TEST_STEP][PASSED] - click: Object: 'Object Repository/Campaign_OR/Fields/c.checkbox_email' is clicked on

2018-07-24 14:19:26 - [MESSAGE][PASSED] - Object: 'Object Repository/Campaign_OR/Fields/c.checkbox_email' is clicked on

2018-07-24 14:19:26 - [TEST_STEP][PASSED] - verifyElementVisible: Object 'Object Repository/Campaign_OR/input_email' is visible

2018-07-24 14:19:26 - [MESSAGE][PASSED] - Object 'Object Repository/Campaign_OR/input_email' is visible

2018-07-24 14:19:26 - [TEST_STEP][PASSED] - Statement - verifyMobileno = false: null

2018-07-24 14:19:26 - [TEST_STEP][PASSED] - Statement - If (radioMobileno.toLowerCase() == "true"): null

2018-07-24 14:19:26 - [TEST_STEP][PASSED] - Statement - If (verifyMobileno == true): null

2018-07-24 14:19:26 - [TEST_STEP][PASSED] - Statement - Else If (verifyMobileno == false): Object 'Object Repository/Campaign_OR/input_mobileno' is NOT visible

2018-07-24 14:19:26 - [TEST_STEP][PASSED] - Statement - If (com.kms.katalon.core.webui.keyword.WebUiBuiltInKeywords.verifyElementChecked(com.kms.katalon.core.testobject.ObjectRepository.findTestObject(Campaign_OR/Fields/d.checkbox_mobile_number), 1, OPTIONAL)): Object 'Object Repository/Campaign_OR/Fields/d.checkbox_mobile_number' is not checked

2018-07-24 14:19:26 - [MESSAGE][WARNING] - Object 'Object Repository/Campaign_OR/Fields/d.checkbox_mobile_number' is not checked
[[ATTACHMENT|C:\\Users\\kl.chan\\Katalon Studio\\boldreward\\Reports\\TS_Create_Campaign\\TS001 Create Campaign with negative testing\\20180724_140922\\1532413166243.png]]

2018-07-24 14:19:26 - [TEST_STEP][PASSED] - Statement - Else: Object 'Object Repository/Campaign_OR/input_mobileno' is NOT visible

2018-07-24 14:19:26 - [TEST_STEP][PASSED] - verifyElementNotVisible: Object 'Object Repository/Campaign_OR/input_mobileno' is NOT visible

2018-07-24 14:19:26 - [MESSAGE][PASSED] - Object 'Object Repository/Campaign_OR/input_mobileno' is NOT visible

2018-07-24 14:19:26 - [TEST_STEP][PASSED] - Statement - verifyName = false: null

2018-07-24 14:19:26 - [TEST_STEP][PASSED] - Statement - If (radioName.toLowerCase() == "true"): null

2018-07-24 14:19:26 - [TEST_STEP][PASSED] - Statement - If (verifyName == true): null

2018-07-24 14:19:26 - [TEST_STEP][PASSED] - Statement - Else If (verifyName == false): Object 'Object Repository/Campaign_OR/input_name' is NOT visible

2018-07-24 14:19:26 - [TEST_STEP][PASSED] - Statement - If (com.kms.katalon.core.webui.keyword.WebUiBuiltInKeywords.verifyElementChecked(com.kms.katalon.core.testobject.ObjectRepository.findTestObject(Campaign_OR/Fields/e.checkbox_name), 1, OPTIONAL)): Object 'Object Repository/Campaign_OR/Fields/e.checkbox_name' is not checked

2018-07-24 14:19:26 - [MESSAGE][WARNING] - Object 'Object Repository/Campaign_OR/Fields/e.checkbox_name' is not checked
[[ATTACHMENT|C:\\Users\\kl.chan\\Katalon Studio\\boldreward\\Reports\\TS_Create_Campaign\\TS001 Create Campaign with negative testing\\20180724_140922\\1532413166519.png]]

2018-07-24 14:19:26 - [TEST_STEP][PASSED] - Statement - Else: Object 'Object Repository/Campaign_OR/input_name' is NOT visible

2018-07-24 14:19:26 - [TEST_STEP][PASSED] - verifyElementNotVisible: Object 'Object Repository/Campaign_OR/input_name' is NOT visible

2018-07-24 14:19:26 - [MESSAGE][PASSED] - Object 'Object Repository/Campaign_OR/input_name' is NOT visible

2018-07-24 14:19:26 - [TEST_STEP][PASSED] - Statement - verifyGender = false: null

2018-07-24 14:19:26 - [TEST_STEP][PASSED] - Statement - If (radioGender.toLowerCase() == "true"): null

2018-07-24 14:19:26 - [TEST_STEP][PASSED] - Statement - If (verifyGender == true): null

2018-07-24 14:19:26 - [TEST_STEP][PASSED] - Statement - Else If (verifyGender == false): Object 'Object Repository/Campaign_OR/label_Female' is NOT visible

2018-07-24 14:19:26 - [TEST_STEP][PASSED] - Statement - If (com.kms.katalon.core.webui.keyword.WebUiBuiltInKeywords.verifyElementChecked(com.kms.katalon.core.testobject.ObjectRepository.findTestObject(Campaign_OR/Fields/f.checkbox_gender), 1, OPTIONAL)): Object 'Object Repository/Campaign_OR/Fields/f.checkbox_gender' is not checked

2018-07-24 14:19:27 - [MESSAGE][WARNING] - Object 'Object Repository/Campaign_OR/Fields/f.checkbox_gender' is not checked
[[ATTACHMENT|C:\\Users\\kl.chan\\Katalon Studio\\boldreward\\Reports\\TS_Create_Campaign\\TS001 Create Campaign with negative testing\\20180724_140922\\1532413166812.png]]

2018-07-24 14:19:27 - [TEST_STEP][PASSED] - Statement - Else: Object 'Object Repository/Campaign_OR/label_Female' is NOT visible

2018-07-24 14:19:27 - [TEST_STEP][PASSED] - verifyElementNotVisible: Object 'Object Repository/Campaign_OR/label_Male' is NOT visible

2018-07-24 14:19:27 - [MESSAGE][PASSED] - Object 'Object Repository/Campaign_OR/label_Male' is NOT visible

2018-07-24 14:19:27 - [TEST_STEP][PASSED] - verifyElementNotVisible: Object 'Object Repository/Campaign_OR/label_Female' is NOT visible

2018-07-24 14:19:27 - [MESSAGE][PASSED] - Object 'Object Repository/Campaign_OR/label_Female' is NOT visible

2018-07-24 14:19:27 - [TEST_STEP][PASSED] - Statement - verifyDOB = false: null

2018-07-24 14:19:27 - [TEST_STEP][PASSED] - Statement - If (radioDOB.toLowerCase() == "true"): null

2018-07-24 14:19:27 - [TEST_STEP][PASSED] - Statement - If (verifyDOB == true): null

2018-07-24 14:19:27 - [TEST_STEP][PASSED] - Statement - Else If (verifyDOB == false): Object 'Object Repository/Campaign_OR/input_datepicker' is NOT visible

2018-07-24 14:19:27 - [TEST_STEP][PASSED] - Statement - If (com.kms.katalon.core.webui.keyword.WebUiBuiltInKeywords.verifyElementChecked(com.kms.katalon.core.testobject.ObjectRepository.findTestObject(Campaign_OR/Fields/g.checkbox_dob), 1, OPTIONAL)): Object 'Object Repository/Campaign_OR/Fields/g.checkbox_dob' is not checked

2018-07-24 14:19:27 - [MESSAGE][WARNING] - Object 'Object Repository/Campaign_OR/Fields/g.checkbox_dob' is not checked
[[ATTACHMENT|C:\\Users\\kl.chan\\Katalon Studio\\boldreward\\Reports\\TS_Create_Campaign\\TS001 Create Campaign with negative testing\\20180724_140922\\1532413167116.png]]

2018-07-24 14:19:27 - [TEST_STEP][PASSED] - Statement - Else: Object 'Object Repository/Campaign_OR/input_datepicker' is NOT visible

2018-07-24 14:19:27 - [TEST_STEP][PASSED] - verifyElementNotVisible: Object 'Object Repository/Campaign_OR/input_datepicker' is NOT visible

2018-07-24 14:19:27 - [MESSAGE][PASSED] - Object 'Object Repository/Campaign_OR/input_datepicker' is NOT visible

2018-07-24 14:19:27 - [TEST_STEP][PASSED] - Statement - filepath = "": null

2018-07-24 14:19:27 - [TEST_STEP][PASSED] - Statement - If (os == "Windows"): null

2018-07-24 14:19:27 - [TEST_STEP][PASSED] - Statement - filepath = campaignImagePath: null

2018-07-24 14:19:27 - [TEST_STEP][PASSED] - Statement - verifyImgName = "": null

2018-07-24 14:19:27 - [TEST_STEP][PASSED] - Statement - uploadedImg = false: null

2018-07-24 14:19:27 - [TEST_STEP][PASSED] - Statement - If (filepath.trim() != "" && campaignImage.trim() != ""): null

2018-07-24 14:19:27 - [TEST_STEP][PASSED] - sendKeys: Keys 'C:\Users\kl.chan\Katalon Studio\boldreward\Images\Campaign Image\starbucks copy.jpg' sent to object: 'Object Repository/Campaign_OR/Fields/h.button_campaign_image_1'

2018-07-24 14:19:27 - [MESSAGE][PASSED] - Keys 'C:\Users\kl.chan\Katalon Studio\boldreward\Images\Campaign Image\starbucks copy.jpg' sent to object: 'Object Repository/Campaign_OR/Fields/h.button_campaign_image_1'

2018-07-24 14:19:27 - [TEST_STEP][PASSED] - delay: Delayed 1 second(s)

2018-07-24 14:19:28 - [MESSAGE][PASSED] - Delayed 1 second(s)

2018-07-24 14:19:28 - [TEST_STEP][PASSED] - Statement - If (com.kms.katalon.core.webui.keyword.WebUiBuiltInKeywords.waitForElementVisible(com.kms.katalon.core.testobject.ObjectRepository.findTestObject(Campaign_OR/uploadedCampaignImg), 30)): null

2018-07-24 14:19:28 - [MESSAGE][PASSED] - Object 'Object Repository/Campaign_OR/uploadedCampaignImg' is visible

2018-07-24 14:19:28 - [TEST_STEP][PASSED] - Statement - verifyImgName = com.kms.katalon.core.webui.keyword.WebUiBuiltInKeywords.getText(com.kms.katalon.core.testobject.ObjectRepository.findTestObject(Campaign_OR/uploadedCampaignImg)): Text of object 'Object Repository/Campaign_OR/uploadedCampaignImg' is: 'starbucks copy.jpg'

2018-07-24 14:19:28 - [MESSAGE][PASSED] - Text of object 'Object Repository/Campaign_OR/uploadedCampaignImg' is: 'starbucks copy.jpg'

2018-07-24 14:19:28 - [TEST_STEP][PASSED] - Statement - If (verifyImgName.equals(campaignImage) == true): null

2018-07-24 14:19:28 - [TEST_STEP][PASSED] - Statement - uploadedImg = true: null

2018-07-24 14:19:28 - [TEST_STEP][PASSED] - setText: Text 'http://www.starbucks.com.my/' is set on object 'Object Repository/Campaign_OR/Fields/i.k.input_tnc'

2018-07-24 14:19:28 - [MESSAGE][PASSED] - Text 'http://www.starbucks.com.my/' is set on object 'Object Repository/Campaign_OR/Fields/i.k.input_tnc'

2018-07-24 14:19:28 - [TEST_STEP][PASSED] - setText: Text 'kl.chanWq8g@macrokiosk.com' is set on object 'Object Repository/Campaign_OR/Fields/j.input_sender'

2018-07-24 14:19:28 - [MESSAGE][PASSED] - Text 'kl.chanWq8g@macrokiosk.com' is set on object 'Object Repository/Campaign_OR/Fields/j.input_sender'

2018-07-24 14:19:28 - [TEST_STEP][PASSED] - setText: Text 'Starbucks Reserve @ SITWq8g' is set on object 'Object Repository/Campaign_OR/Fields/k.input_subject'

2018-07-24 14:19:29 - [MESSAGE][PASSED] - Text 'Starbucks Reserve @ SITWq8g' is set on object 'Object Repository/Campaign_OR/Fields/k.input_subject'

2018-07-24 14:19:29 - [TEST_STEP][PASSED] - setText: Text 'Hello User, Welcome to our Starbucks Reserve @ SIT. Come subscribe with us and redeem more rewards.Wq8g' is set on object 'Object Repository/Campaign_OR/Fields/l.textarea_content'

2018-07-24 14:19:29 - [MESSAGE][PASSED] - Text 'Hello User, Welcome to our Starbucks Reserve @ SIT. Come subscribe with us and redeem more rewards.Wq8g' is set on object 'Object Repository/Campaign_OR/Fields/l.textarea_content'

2018-07-24 14:19:29 - [TEST_STEP][PASSED] - Statement - filepath = "": null

2018-07-24 14:19:29 - [TEST_STEP][PASSED] - Statement - If (os == "Windows"): null

2018-07-24 14:19:29 - [TEST_STEP][PASSED] - Statement - filepath = companyLogoPath: null

2018-07-24 14:19:29 - [TEST_STEP][PASSED] - Statement - verifyImgName = "": null

2018-07-24 14:19:29 - [TEST_STEP][PASSED] - Statement - uploadedImg = false: null

2018-07-24 14:19:29 - [TEST_STEP][PASSED] - Statement - reuploadCount = 0: null

2018-07-24 14:19:29 - [TEST_STEP][PASSED] - Statement - If (filepath.trim() != "" && companyLogo.trim() != ""): null

2018-07-24 14:19:29 - [TEST_STEP][PASSED] - sendKeys: Keys 'C:\Users\kl.chan\Katalon Studio\boldreward\Images\Company Logo\436_60.jpg' sent to object: 'Object Repository/Campaign_OR/Fields/m.button_company_logo_1'

2018-07-24 14:19:29 - [MESSAGE][PASSED] - Keys 'C:\Users\kl.chan\Katalon Studio\boldreward\Images\Company Logo\436_60.jpg' sent to object: 'Object Repository/Campaign_OR/Fields/m.button_company_logo_1'

2018-07-24 14:19:29 - [TEST_STEP][PASSED] - delay: Delayed 1 second(s)

2018-07-24 14:19:30 - [MESSAGE][PASSED] - Delayed 1 second(s)

2018-07-24 14:19:30 - [TEST_STEP][PASSED] - Statement - If (com.kms.katalon.core.webui.keyword.WebUiBuiltInKeywords.waitForElementVisible(com.kms.katalon.core.testobject.ObjectRepository.findTestObject(Campaign_OR/uploadedCompanyLogo), 30)): null

2018-07-24 14:19:30 - [MESSAGE][PASSED] - Object 'Object Repository/Campaign_OR/uploadedCompanyLogo' is visible

2018-07-24 14:19:30 - [TEST_STEP][PASSED] - Statement - verifyImgName = com.kms.katalon.core.webui.keyword.WebUiBuiltInKeywords.getText(com.kms.katalon.core.testobject.ObjectRepository.findTestObject(Campaign_OR/uploadedCompanyLogo)): Text of object 'Object Repository/Campaign_OR/uploadedCompanyLogo' is: '436_60.jpg'

2018-07-24 14:19:30 - [MESSAGE][PASSED] - Text of object 'Object Repository/Campaign_OR/uploadedCompanyLogo' is: '436_60.jpg'

2018-07-24 14:19:30 - [TEST_STEP][PASSED] - Statement - If (verifyImgName.equals(companyLogo) == true): null

2018-07-24 14:19:30 - [TEST_STEP][PASSED] - Statement - uploadedImg = true: null

2018-07-24 14:19:30 - [TEST_STEP][PASSED] - Statement - If (rewardCode == true): null

2018-07-24 14:19:30 - [TEST_STEP][PASSED] - Statement - Else If (rewardCode == false): Object: 'Object Repository/Campaign_OR/Fields/n.label_No' is clicked on

2018-07-24 14:19:30 - [TEST_STEP][PASSED] - click: Object: 'Object Repository/Campaign_OR/Fields/n.label_No' is clicked on

2018-07-24 14:19:30 - [MESSAGE][PASSED] - Object: 'Object Repository/Campaign_OR/Fields/n.label_No' is clicked on

2018-07-24 14:19:30 - [TEST_STEP][PASSED] - verifyElementChecked: Object 'Object Repository/Campaign_OR/Fields/radio_No' is checked

2018-07-24 14:19:30 - [MESSAGE][PASSED] - Object 'Object Repository/Campaign_OR/Fields/radio_No' is checked

2018-07-24 14:19:30 - [TEST_STEP][PASSED] - verifyElementChecked: Object 'Object Repository/Campaign_OR/Fields/radio_Yes' is not checked

2018-07-24 14:19:31 - [MESSAGE][WARNING] - Object 'Object Repository/Campaign_OR/Fields/radio_Yes' is not checked
[[ATTACHMENT|C:\\Users\\kl.chan\\Katalon Studio\\boldreward\\Reports\\TS_Create_Campaign\\TS001 Create Campaign with negative testing\\20180724_140922\\1532413170922.png]]

2018-07-24 14:19:31 - [TEST_STEP][PASSED] - click: Object: 'Object Repository/Campaign_OR/button_Save' is clicked on

2018-07-24 14:19:31 - [MESSAGE][PASSED] - Object: 'Object Repository/Campaign_OR/button_Save' is clicked on

2018-07-24 14:19:31 - [TEST_STEP][PASSED] - delay: Delayed 2 second(s)

2018-07-24 14:19:33 - [MESSAGE][PASSED] - Delayed 2 second(s)

2018-07-24 14:19:33 - [MESSAGE][PASSED] - Call Test Case 'Test Cases/Merchant Portal/Campaign/Campagin Modules/create campaign' successfully

2018-07-24 14:19:33 - [TEST_STEP][PASSED] - Statement - updateFailed = false: null

2018-07-24 14:19:33 - [TEST_STEP][PASSED] - Statement - If (com.kms.katalon.core.webui.keyword.WebUiBuiltInKeywords.waitForElementVisible(com.kms.katalon.core.testobject.ObjectRepository.findTestObject(a.Not_Assigned_OR/alert_msg_top), 3)): null

2018-07-24 14:19:33 - [MESSAGE][PASSED] - Object 'Object Repository/a.Not_Assigned_OR/alert_msg_top' is visible

2018-07-24 14:19:33 - [TEST_STEP][PASSED] - Statement - verifyPopoutMsg = com.kms.katalon.core.webui.keyword.WebUiBuiltInKeywords.getText(com.kms.katalon.core.testobject.ObjectRepository.findTestObject(a.Not_Assigned_OR/alert_msg_top)): Text of object 'Object Repository/a.Not_Assigned_OR/alert_msg_top' is: 'Oops! Invalid inputs, please try again.'

2018-07-24 14:19:33 - [MESSAGE][PASSED] - Text of object 'Object Repository/a.Not_Assigned_OR/alert_msg_top' is: 'Oops! Invalid inputs, please try again.'

2018-07-24 14:19:33 - [TEST_STEP][PASSED] - Statement - If (verifyPopoutMsg.equals(msgServer) == true): null

2018-07-24 14:19:33 - [TEST_STEP][PASSED] - Statement - updateFailed = true: null

2018-07-24 14:19:33 - [TEST_STEP][PASSED] - Statement - updateSuccess = false: null

2018-07-24 14:19:33 - [TEST_STEP][PASSED] - Statement - If (com.kms.katalon.core.webui.keyword.WebUiBuiltInKeywords.waitForElementVisible(com.kms.katalon.core.testobject.ObjectRepository.findTestObject(Campaign_OR/Error Message/msg_edit_success), 3)): Web element with id: 'Object Repository/Campaign_OR/Error Message/msg_edit_success' located by 'By.xpath: id("errorMessage")/p[@class="error-block"]' not found

2018-07-24 14:19:36 - [MESSAGE][WARNING] - Web element with id: 'Object Repository/Campaign_OR/Error Message/msg_edit_success' located by 'By.xpath: id("errorMessage")/p[@class="error-block"]' not found

2018-07-24 14:19:36 - [TEST_STEP][PASSED] - Statement - createSuccess = false: null

2018-07-24 14:19:36 - [TEST_STEP][PASSED] - Statement - If (com.kms.katalon.core.webui.keyword.WebUiBuiltInKeywords.waitForElementVisible(com.kms.katalon.core.testobject.ObjectRepository.findTestObject(Home_OR/label_home), 3)): Web element with id: 'Object Repository/Home_OR/label_home' located by 'By.xpath: id("wrapper")/div[@class="content-page"]/div[@class="content"]/div[@class="ng-scope"]/div[@class="ng-scope"]/div[@class="page-heading"]/h1[1][count(. | //h1[(text() = ' Home' or . = ' Home')]) = count(//h1[(text() = ' Home' or . = ' Home')])]' not found

2018-07-24 14:19:39 - [MESSAGE][WARNING] - Web element with id: 'Object Repository/Home_OR/label_home' located by 'By.xpath: id("wrapper")/div[@class="content-page"]/div[@class="content"]/div[@class="ng-scope"]/div[@class="ng-scope"]/div[@class="page-heading"]/h1[1][count(. | //h1[(text() = ' Home' or . = ' Home')]) = count(//h1[(text() = ' Home' or . = ' Home')])]' not found

2018-07-24 14:19:39 - [TEST_STEP][PASSED] - Statement - If (updateSuccess == true): null

2018-07-24 14:19:39 - [TEST_STEP][PASSED] - Statement - Else If (updateFailed == true): null

2018-07-24 14:19:39 - [TEST_STEP][PASSED] - Statement - verifyError = false: null

2018-07-24 14:19:39 - [TEST_STEP][PASSED] - Statement - If (companyName.trim() == ""): null

2018-07-24 14:19:39 - [TEST_STEP][PASSED] - Statement - If (campaignInstruc.trim() == ""): null

2018-07-24 14:19:39 - [TEST_STEP][PASSED] - Statement - If (radioEmail.toLowerCase() == "false"): null

2018-07-24 14:19:39 - [TEST_STEP][PASSED] - Statement - campaignImgName = com.kms.katalon.core.webui.keyword.WebUiBuiltInKeywords.getText(com.kms.katalon.core.testobject.ObjectRepository.findTestObject(Campaign_OR/uploadedCampaignImg)): Text of object 'Object Repository/Campaign_OR/uploadedCampaignImg' is: 'starbucks copy.jpg'

2018-07-24 14:19:39 - [MESSAGE][PASSED] - Text of object 'Object Repository/Campaign_OR/uploadedCampaignImg' is: 'starbucks copy.jpg'

2018-07-24 14:19:39 - [TEST_STEP][PASSED] - Statement - If (campaignImgName == ""): null

2018-07-24 14:19:39 - [TEST_STEP][PASSED] - Statement - If (emailSender.trim() == ""): null

2018-07-24 14:19:39 - [TEST_STEP][PASSED] - Statement - If (emailSubject.trim() == ""): null

2018-07-24 14:19:39 - [TEST_STEP][PASSED] - Statement - If (emailContent.trim() == ""): null

2018-07-24 14:19:39 - [TEST_STEP][PASSED] - Statement - companyLogoName = com.kms.katalon.core.webui.keyword.WebUiBuiltInKeywords.getText(com.kms.katalon.core.testobject.ObjectRepository.findTestObject(Campaign_OR/uploadedCompanyLogo)): Text of object 'Object Repository/Campaign_OR/uploadedCompanyLogo' is: '436_60.jpg'

2018-07-24 14:19:39 - [MESSAGE][PASSED] - Text of object 'Object Repository/Campaign_OR/uploadedCompanyLogo' is: '436_60.jpg'

2018-07-24 14:19:39 - [TEST_STEP][PASSED] - Statement - If (companyLogoName == ""): null

2018-07-24 14:19:39 - [TEST_STEP][PASSED] - Statement - If (com.kms.katalon.core.webui.keyword.WebUiBuiltInKeywords.waitForElementVisible(com.kms.katalon.core.testobject.ObjectRepository.findTestObject(Campaign_OR/Error Message/msg_cpgn_image2), 2)): Web element with id: 'Object Repository/Campaign_OR/Error Message/msg_cpgn_image2' located by 'By.xpath: id("campaignImage")/p[@class="error-block ng-binding"][count(. | //p[@class = 'error-block ng-binding' and @ng-hide = 'CC.errorImage == 200 || CC.errorImage == undefined']) = count(//p[@class = 'error-block ng-binding' and @ng-hide = 'CC.errorImage == 200 || CC.errorImage == undefined'])]' not found

2018-07-24 14:19:41 - [MESSAGE][WARNING] - Web element with id: 'Object Repository/Campaign_OR/Error Message/msg_cpgn_image2' located by 'By.xpath: id("campaignImage")/p[@class="error-block ng-binding"][count(. | //p[@class = 'error-block ng-binding' and @ng-hide = 'CC.errorImage == 200 || CC.errorImage == undefined']) = count(//p[@class = 'error-block ng-binding' and @ng-hide = 'CC.errorImage == 200 || CC.errorImage == undefined'])]' not found

2018-07-24 14:19:41 - [TEST_STEP][PASSED] - Statement - If (com.kms.katalon.core.webui.keyword.WebUiBuiltInKeywords.waitForElementVisible(com.kms.katalon.core.testobject.ObjectRepository.findTestObject(Campaign_OR/Error Message/msg_TCURL), 2)): Web element with id: 'Object Repository/Campaign_OR/Error Message/msg_TCURL' located by 'By.xpath: id("wrapper")/div[@class="content-page"]/div[@class="content"]/div[@class="ng-scope"]/div[@class="row ng-scope"]/div[@class="col-md-7"]/div[@class="widget"]/div[@class="widget-content padding"]/div[@class="form-horizontal"]/div[@class="form-group"]/div[@id="tncUrl"]/p[@class="error-block"][count(. | //p[(text() = 'Invalid format, please follow as http://wwww.example.com' or . = 'Invalid format, please follow as http://wwww.example.com')]) = count(//p[(text() = 'Invalid format, please follow as http://wwww.example.com' or . = 'Invalid format, please follow as http://wwww.example.com')])]' not found

2018-07-24 14:19:43 - [MESSAGE][WARNING] - Web element with id: 'Object Repository/Campaign_OR/Error Message/msg_TCURL' located by 'By.xpath: id("wrapper")/div[@class="content-page"]/div[@class="content"]/div[@class="ng-scope"]/div[@class="row ng-scope"]/div[@class="col-md-7"]/div[@class="widget"]/div[@class="widget-content padding"]/div[@class="form-horizontal"]/div[@class="form-group"]/div[@id="tncUrl"]/p[@class="error-block"][count(. | //p[(text() = 'Invalid format, please follow as http://wwww.example.com' or . = 'Invalid format, please follow as http://wwww.example.com')]) = count(//p[(text() = 'Invalid format, please follow as http://wwww.example.com' or . = 'Invalid format, please follow as http://wwww.example.com')])]' not found

2018-07-24 14:19:43 - [TEST_STEP][PASSED] - Statement - If (emailSender.trim() != ""): Web element with id: 'Object Repository/Campaign_OR/Error Message/msg_sender' located by 'By.xpath: id("emailSender")/p[@class="error-block"]' not found

2018-07-24 14:19:43 - [TEST_STEP][PASSED] - Statement - If (com.kms.katalon.core.webui.keyword.WebUiBuiltInKeywords.waitForElementVisible(com.kms.katalon.core.testobject.ObjectRepository.findTestObject(Campaign_OR/Error Message/msg_sender), 2)): Web element with id: 'Object Repository/Campaign_OR/Error Message/msg_sender' located by 'By.xpath: id("emailSender")/p[@class="error-block"]' not found

2018-07-24 14:19:45 - [MESSAGE][WARNING] - Web element with id: 'Object Repository/Campaign_OR/Error Message/msg_sender' located by 'By.xpath: id("emailSender")/p[@class="error-block"]' not found

2018-07-24 14:19:45 - [TEST_STEP][PASSED] - Statement - If (com.kms.katalon.core.webui.keyword.WebUiBuiltInKeywords.waitForElementVisible(com.kms.katalon.core.testobject.ObjectRepository.findTestObject(Campaign_OR/Error Message/msg_company_logo), 2)): null

2018-07-24 14:19:45 - [MESSAGE][PASSED] - Object 'Object Repository/Campaign_OR/Error Message/msg_company_logo' is visible

2018-07-24 14:19:45 - [TEST_STEP][PASSED] - Statement - verifyCompanyLogo = com.kms.katalon.core.webui.keyword.WebUiBuiltInKeywords.getText(com.kms.katalon.core.testobject.ObjectRepository.findTestObject(Campaign_OR/Error Message/msg_company_logo)): Text of object 'Object Repository/Campaign_OR/Error Message/msg_company_logo' is: 'Invalid image dimension'

2018-07-24 14:19:45 - [MESSAGE][PASSED] - Text of object 'Object Repository/Campaign_OR/Error Message/msg_company_logo' is: 'Invalid image dimension'

2018-07-24 14:19:45 - [TEST_STEP][PASSED] - Statement - If (verifyCompanyLogo.equals(msgInvalidSize)): null

2018-07-24 14:19:45 - [TEST_STEP][PASSED] - Statement - Else If (verifyCompanyLogo.equals(msgInvalidDi)): null

2018-07-24 14:19:45 - [TEST_STEP][PASSED] - Statement - verifyError = true: null

2018-07-24 14:19:45 - [TEST_STEP][PASSED] - refresh: Refresh successfully

2018-07-24 14:19:46 - [MESSAGE][PASSED] - Refresh successfully

2018-07-24 14:19:46 - [TEST_STEP][PASSED] - Statement - If (verifyError == false): null]]></system-out>
         <system-err><![CDATA[]]></system-err>
      </testcase>
      <testcase name="Test Cases/Merchant Portal/Campaign/TC001 Campaign - verify all case" classname="Test Cases/Merchant Portal/Campaign/TC001 Campaign - verify all case" status="PASSED">
         <system-out><![CDATA[2018-07-24 14:19:46 - [TEST_CASE][PASSED] - Test Cases/Merchant Portal/Campaign/TC001 Campaign - verify all case: Test Cases/Merchant Portal/Campaign/TC001 Campaign - verify all case

2018-07-24 14:19:46 - [TEST_STEP][PASSED] - Statement - randomWords = CustomKeywords.randomWords.GenerateNumber.randomString(4): randomWords.GenerateNumber.randomString is PASSED

2018-07-24 14:19:46 - [MESSAGE][PASSED] - randomWords.GenerateNumber.randomString is PASSED

2018-07-24 14:19:46 - [TEST_STEP][PASSED] - Statement - If (companyName.trim() != ""): null

2018-07-24 14:19:46 - [TEST_STEP][PASSED] - Statement - companyName = companyName + randomWords: null

2018-07-24 14:19:46 - [TEST_STEP][PASSED] - Statement - If (campaignInstruc.trim() != ""): null

2018-07-24 14:19:46 - [TEST_STEP][PASSED] - Statement - campaignInstruc = campaignInstruc + randomWords: null

2018-07-24 14:19:46 - [TEST_STEP][PASSED] - Statement - If (emailSender.trim() != ""): null

2018-07-24 14:19:46 - [TEST_STEP][PASSED] - Statement - email = emailSender: null

2018-07-24 14:19:46 - [TEST_STEP][PASSED] - Statement - splitEmail = email.split("@"): null

2018-07-24 14:19:46 - [TEST_STEP][PASSED] - Statement - numb = length: null

2018-07-24 14:19:46 - [TEST_STEP][PASSED] - Statement - If (numb > 1): null

2018-07-24 14:19:46 - [TEST_STEP][PASSED] - Statement - emailSender = splitEmail[0] + randomWords + "@" + splitEmail[1]: null

2018-07-24 14:19:46 - [TEST_STEP][PASSED] - Statement - If (emailSubject.trim() != ""): null

2018-07-24 14:19:46 - [TEST_STEP][PASSED] - Statement - emailSubject = emailSubject + randomWords: null

2018-07-24 14:19:46 - [TEST_STEP][PASSED] - Statement - If (emailContent.trim() != ""): null

2018-07-24 14:19:46 - [TEST_STEP][PASSED] - Statement - emailContent = emailContent + randomWords: null

2018-07-24 14:19:46 - [TEST_STEP][PASSED] - callTestCase: Call Test Case 'Test Cases/Merchant Portal/Campaign/Campagin Modules/create campaign' successfully

2018-07-24 14:19:46 - [TEST_CASE][PASSED] - Test Cases/Merchant Portal/Campaign/Campagin Modules/create campaign: Test Cases/Merchant Portal/Campaign/Campagin Modules/create campaign

2018-07-24 14:19:46 - [TEST_STEP][PASSED] - Statement - osName = "": null

2018-07-24 14:19:46 - [TEST_STEP][PASSED] - Statement - osName = CustomKeywords.os.DetectOS.getOperatingSystem(osName): os.DetectOS.getOperatingSystem is PASSED

2018-07-24 14:19:46 - [MESSAGE][PASSED] - os.DetectOS.getOperatingSystem is PASSED

2018-07-24 14:19:46 - [TEST_STEP][PASSED] - Statement - splitString = osName.split(): null

2018-07-24 14:19:46 - [TEST_STEP][PASSED] - Statement - os = splitString[0].toString(): null

2018-07-24 14:19:46 - [TEST_STEP][PASSED] - Statement - If (loggedin == false): null

2018-07-24 14:19:46 - [TEST_STEP][PASSED] - Statement - If (accessModule == false): null

2018-07-24 14:19:46 - [TEST_STEP][PASSED] - delay: Delayed 5 second(s)

2018-07-24 14:19:51 - [MESSAGE][PASSED] - Delayed 5 second(s)

2018-07-24 14:19:51 - [TEST_STEP][PASSED] - setText: Text 'Starbucks Reserve Ltd6Tjd' is set on object 'Object Repository/Campaign_OR/Fields/a.input_company_name'

2018-07-24 14:19:51 - [MESSAGE][PASSED] - Text 'Starbucks Reserve Ltd6Tjd' is set on object 'Object Repository/Campaign_OR/Fields/a.input_company_name'

2018-07-24 14:19:51 - [TEST_STEP][PASSED] - setText: Text 'Please subscribe with us and redeem a free coffee. Come join us now!6Tjd' is set on object 'Object Repository/Campaign_OR/Fields/b.textarea_campaign_instruction'

2018-07-24 14:19:51 - [MESSAGE][PASSED] - Text 'Please subscribe with us and redeem a free coffee. Come join us now!6Tjd' is set on object 'Object Repository/Campaign_OR/Fields/b.textarea_campaign_instruction'

2018-07-24 14:19:51 - [TEST_STEP][PASSED] - Statement - verifyEmail = false: null

2018-07-24 14:19:51 - [TEST_STEP][PASSED] - Statement - If (radioEmail.toLowerCase() == "true"): null

2018-07-24 14:19:51 - [TEST_STEP][PASSED] - Statement - verifyEmail = true: null

2018-07-24 14:19:51 - [TEST_STEP][PASSED] - Statement - If (verifyEmail == true): Object 'Object Repository/Campaign_OR/input_email' is visible

2018-07-24 14:19:51 - [TEST_STEP][PASSED] - Statement - If (com.kms.katalon.core.webui.keyword.WebUiBuiltInKeywords.verifyElementNotChecked(com.kms.katalon.core.testobject.ObjectRepository.findTestObject(Campaign_OR/Fields/c.checkbox_email), 1, OPTIONAL)): Object 'Object Repository/Campaign_OR/input_email' is visible

2018-07-24 14:19:51 - [MESSAGE][PASSED] - Object 'Object Repository/Campaign_OR/Fields/c.checkbox_email' is not checked

2018-07-24 14:19:51 - [TEST_STEP][PASSED] - delay: Delayed 1 second(s)

2018-07-24 14:19:52 - [MESSAGE][PASSED] - Delayed 1 second(s)

2018-07-24 14:19:52 - [TEST_STEP][PASSED] - click: Object: 'Object Repository/Campaign_OR/Fields/c.checkbox_email' is clicked on

2018-07-24 14:19:53 - [MESSAGE][PASSED] - Object: 'Object Repository/Campaign_OR/Fields/c.checkbox_email' is clicked on

2018-07-24 14:19:53 - [TEST_STEP][PASSED] - verifyElementVisible: Object 'Object Repository/Campaign_OR/input_email' is visible

2018-07-24 14:19:53 - [MESSAGE][PASSED] - Object 'Object Repository/Campaign_OR/input_email' is visible

2018-07-24 14:19:53 - [TEST_STEP][PASSED] - Statement - verifyMobileno = false: null

2018-07-24 14:19:53 - [TEST_STEP][PASSED] - Statement - If (radioMobileno.toLowerCase() == "true"): null

2018-07-24 14:19:53 - [TEST_STEP][PASSED] - Statement - If (verifyMobileno == true): null

2018-07-24 14:19:53 - [TEST_STEP][PASSED] - Statement - Else If (verifyMobileno == false): Object 'Object Repository/Campaign_OR/input_mobileno' is NOT visible

2018-07-24 14:19:53 - [TEST_STEP][PASSED] - Statement - If (com.kms.katalon.core.webui.keyword.WebUiBuiltInKeywords.verifyElementChecked(com.kms.katalon.core.testobject.ObjectRepository.findTestObject(Campaign_OR/Fields/d.checkbox_mobile_number), 1, OPTIONAL)): Object 'Object Repository/Campaign_OR/Fields/d.checkbox_mobile_number' is not checked

2018-07-24 14:19:53 - [MESSAGE][WARNING] - Object 'Object Repository/Campaign_OR/Fields/d.checkbox_mobile_number' is not checked
[[ATTACHMENT|C:\\Users\\kl.chan\\Katalon Studio\\boldreward\\Reports\\TS_Create_Campaign\\TS001 Create Campaign with negative testing\\20180724_140922\\1532413193098.png]]

2018-07-24 14:19:53 - [TEST_STEP][PASSED] - Statement - Else: Object 'Object Repository/Campaign_OR/input_mobileno' is NOT visible

2018-07-24 14:19:53 - [TEST_STEP][PASSED] - verifyElementNotVisible: Object 'Object Repository/Campaign_OR/input_mobileno' is NOT visible

2018-07-24 14:19:53 - [MESSAGE][PASSED] - Object 'Object Repository/Campaign_OR/input_mobileno' is NOT visible

2018-07-24 14:19:53 - [TEST_STEP][PASSED] - Statement - verifyName = false: null

2018-07-24 14:19:53 - [TEST_STEP][PASSED] - Statement - If (radioName.toLowerCase() == "true"): null

2018-07-24 14:19:53 - [TEST_STEP][PASSED] - Statement - If (verifyName == true): null

2018-07-24 14:19:53 - [TEST_STEP][PASSED] - Statement - Else If (verifyName == false): Object 'Object Repository/Campaign_OR/input_name' is NOT visible

2018-07-24 14:19:53 - [TEST_STEP][PASSED] - Statement - If (com.kms.katalon.core.webui.keyword.WebUiBuiltInKeywords.verifyElementChecked(com.kms.katalon.core.testobject.ObjectRepository.findTestObject(Campaign_OR/Fields/e.checkbox_name), 1, OPTIONAL)): Object 'Object Repository/Campaign_OR/Fields/e.checkbox_name' is not checked

2018-07-24 14:19:53 - [MESSAGE][WARNING] - Object 'Object Repository/Campaign_OR/Fields/e.checkbox_name' is not checked
[[ATTACHMENT|C:\\Users\\kl.chan\\Katalon Studio\\boldreward\\Reports\\TS_Create_Campaign\\TS001 Create Campaign with negative testing\\20180724_140922\\1532413193403.png]]

2018-07-24 14:19:53 - [TEST_STEP][PASSED] - Statement - Else: Object 'Object Repository/Campaign_OR/input_name' is NOT visible

2018-07-24 14:19:53 - [TEST_STEP][PASSED] - verifyElementNotVisible: Object 'Object Repository/Campaign_OR/input_name' is NOT visible

2018-07-24 14:19:53 - [MESSAGE][PASSED] - Object 'Object Repository/Campaign_OR/input_name' is NOT visible

2018-07-24 14:19:53 - [TEST_STEP][PASSED] - Statement - verifyGender = false: null

2018-07-24 14:19:53 - [TEST_STEP][PASSED] - Statement - If (radioGender.toLowerCase() == "true"): null

2018-07-24 14:19:53 - [TEST_STEP][PASSED] - Statement - If (verifyGender == true): null

2018-07-24 14:19:53 - [TEST_STEP][PASSED] - Statement - Else If (verifyGender == false): Object 'Object Repository/Campaign_OR/label_Female' is NOT visible

2018-07-24 14:19:53 - [TEST_STEP][PASSED] - Statement - If (com.kms.katalon.core.webui.keyword.WebUiBuiltInKeywords.verifyElementChecked(com.kms.katalon.core.testobject.ObjectRepository.findTestObject(Campaign_OR/Fields/f.checkbox_gender), 1, OPTIONAL)): Object 'Object Repository/Campaign_OR/Fields/f.checkbox_gender' is not checked

2018-07-24 14:19:53 - [MESSAGE][WARNING] - Object 'Object Repository/Campaign_OR/Fields/f.checkbox_gender' is not checked
[[ATTACHMENT|C:\\Users\\kl.chan\\Katalon Studio\\boldreward\\Reports\\TS_Create_Campaign\\TS001 Create Campaign with negative testing\\20180724_140922\\1532413193679.png]]

2018-07-24 14:19:53 - [TEST_STEP][PASSED] - Statement - Else: Object 'Object Repository/Campaign_OR/label_Female' is NOT visible

2018-07-24 14:19:53 - [TEST_STEP][PASSED] - verifyElementNotVisible: Object 'Object Repository/Campaign_OR/label_Male' is NOT visible

2018-07-24 14:19:53 - [MESSAGE][PASSED] - Object 'Object Repository/Campaign_OR/label_Male' is NOT visible

2018-07-24 14:19:53 - [TEST_STEP][PASSED] - verifyElementNotVisible: Object 'Object Repository/Campaign_OR/label_Female' is NOT visible

2018-07-24 14:19:53 - [MESSAGE][PASSED] - Object 'Object Repository/Campaign_OR/label_Female' is NOT visible

2018-07-24 14:19:53 - [TEST_STEP][PASSED] - Statement - verifyDOB = false: null

2018-07-24 14:19:53 - [TEST_STEP][PASSED] - Statement - If (radioDOB.toLowerCase() == "true"): null

2018-07-24 14:19:53 - [TEST_STEP][PASSED] - Statement - If (verifyDOB == true): null

2018-07-24 14:19:53 - [TEST_STEP][PASSED] - Statement - Else If (verifyDOB == false): Object 'Object Repository/Campaign_OR/input_datepicker' is NOT visible

2018-07-24 14:19:53 - [TEST_STEP][PASSED] - Statement - If (com.kms.katalon.core.webui.keyword.WebUiBuiltInKeywords.verifyElementChecked(com.kms.katalon.core.testobject.ObjectRepository.findTestObject(Campaign_OR/Fields/g.checkbox_dob), 1, OPTIONAL)): Object 'Object Repository/Campaign_OR/Fields/g.checkbox_dob' is not checked

2018-07-24 14:19:54 - [MESSAGE][WARNING] - Object 'Object Repository/Campaign_OR/Fields/g.checkbox_dob' is not checked
[[ATTACHMENT|C:\\Users\\kl.chan\\Katalon Studio\\boldreward\\Reports\\TS_Create_Campaign\\TS001 Create Campaign with negative testing\\20180724_140922\\1532413193982.png]]

2018-07-24 14:19:54 - [TEST_STEP][PASSED] - Statement - Else: Object 'Object Repository/Campaign_OR/input_datepicker' is NOT visible

2018-07-24 14:19:54 - [TEST_STEP][PASSED] - verifyElementNotVisible: Object 'Object Repository/Campaign_OR/input_datepicker' is NOT visible

2018-07-24 14:19:54 - [MESSAGE][PASSED] - Object 'Object Repository/Campaign_OR/input_datepicker' is NOT visible

2018-07-24 14:19:54 - [TEST_STEP][PASSED] - Statement - filepath = "": null

2018-07-24 14:19:54 - [TEST_STEP][PASSED] - Statement - If (os == "Windows"): null

2018-07-24 14:19:54 - [TEST_STEP][PASSED] - Statement - filepath = campaignImagePath: null

2018-07-24 14:19:54 - [TEST_STEP][PASSED] - Statement - verifyImgName = "": null

2018-07-24 14:19:54 - [TEST_STEP][PASSED] - Statement - uploadedImg = false: null

2018-07-24 14:19:54 - [TEST_STEP][PASSED] - Statement - If (filepath.trim() != "" && campaignImage.trim() != ""): null

2018-07-24 14:19:54 - [TEST_STEP][PASSED] - sendKeys: Keys 'C:\Users\kl.chan\Katalon Studio\boldreward\Images\Campaign Image\starbucks copy.jpg' sent to object: 'Object Repository/Campaign_OR/Fields/h.button_campaign_image_1'

2018-07-24 14:19:54 - [MESSAGE][PASSED] - Keys 'C:\Users\kl.chan\Katalon Studio\boldreward\Images\Campaign Image\starbucks copy.jpg' sent to object: 'Object Repository/Campaign_OR/Fields/h.button_campaign_image_1'

2018-07-24 14:19:54 - [TEST_STEP][PASSED] - delay: Delayed 1 second(s)

2018-07-24 14:19:55 - [MESSAGE][PASSED] - Delayed 1 second(s)

2018-07-24 14:19:55 - [TEST_STEP][PASSED] - Statement - If (com.kms.katalon.core.webui.keyword.WebUiBuiltInKeywords.waitForElementVisible(com.kms.katalon.core.testobject.ObjectRepository.findTestObject(Campaign_OR/uploadedCampaignImg), 30)): null

2018-07-24 14:19:55 - [MESSAGE][PASSED] - Object 'Object Repository/Campaign_OR/uploadedCampaignImg' is visible

2018-07-24 14:19:55 - [TEST_STEP][PASSED] - Statement - verifyImgName = com.kms.katalon.core.webui.keyword.WebUiBuiltInKeywords.getText(com.kms.katalon.core.testobject.ObjectRepository.findTestObject(Campaign_OR/uploadedCampaignImg)): Text of object 'Object Repository/Campaign_OR/uploadedCampaignImg' is: 'starbucks copy.jpg'

2018-07-24 14:19:55 - [MESSAGE][PASSED] - Text of object 'Object Repository/Campaign_OR/uploadedCampaignImg' is: 'starbucks copy.jpg'

2018-07-24 14:19:55 - [TEST_STEP][PASSED] - Statement - If (verifyImgName.equals(campaignImage) == true): null

2018-07-24 14:19:55 - [TEST_STEP][PASSED] - Statement - uploadedImg = true: null

2018-07-24 14:19:55 - [TEST_STEP][PASSED] - setText: Text 'http://www.starbucks.com.my/' is set on object 'Object Repository/Campaign_OR/Fields/i.k.input_tnc'

2018-07-24 14:19:55 - [MESSAGE][PASSED] - Text 'http://www.starbucks.com.my/' is set on object 'Object Repository/Campaign_OR/Fields/i.k.input_tnc'

2018-07-24 14:19:55 - [TEST_STEP][PASSED] - setText: Text 'kl.chan6Tjd@macrokiosk.com' is set on object 'Object Repository/Campaign_OR/Fields/j.input_sender'

2018-07-24 14:19:55 - [MESSAGE][PASSED] - Text 'kl.chan6Tjd@macrokiosk.com' is set on object 'Object Repository/Campaign_OR/Fields/j.input_sender'

2018-07-24 14:19:55 - [TEST_STEP][PASSED] - setText: Text 'Starbucks Reserve @ SIT6Tjd' is set on object 'Object Repository/Campaign_OR/Fields/k.input_subject'

2018-07-24 14:19:55 - [MESSAGE][PASSED] - Text 'Starbucks Reserve @ SIT6Tjd' is set on object 'Object Repository/Campaign_OR/Fields/k.input_subject'

2018-07-24 14:19:55 - [TEST_STEP][PASSED] - setText: Text 'Hello User, Welcome to our Starbucks Reserve @ SIT. Come subscribe with us and redeem more rewards.6Tjd' is set on object 'Object Repository/Campaign_OR/Fields/l.textarea_content'

2018-07-24 14:19:56 - [MESSAGE][PASSED] - Text 'Hello User, Welcome to our Starbucks Reserve @ SIT. Come subscribe with us and redeem more rewards.6Tjd' is set on object 'Object Repository/Campaign_OR/Fields/l.textarea_content'

2018-07-24 14:19:56 - [TEST_STEP][PASSED] - Statement - filepath = "": null

2018-07-24 14:19:56 - [TEST_STEP][PASSED] - Statement - If (os == "Windows"): null

2018-07-24 14:19:56 - [TEST_STEP][PASSED] - Statement - filepath = companyLogoPath: null

2018-07-24 14:19:56 - [TEST_STEP][PASSED] - Statement - verifyImgName = "": null

2018-07-24 14:19:56 - [TEST_STEP][PASSED] - Statement - uploadedImg = false: null

2018-07-24 14:19:56 - [TEST_STEP][PASSED] - Statement - reuploadCount = 0: null

2018-07-24 14:19:56 - [TEST_STEP][PASSED] - Statement - If (filepath.trim() != "" && companyLogo.trim() != ""): null

2018-07-24 14:19:56 - [TEST_STEP][PASSED] - sendKeys: Keys 'C:\Users\kl.chan\Katalon Studio\boldreward\Images\Company Logo\437_59.png' sent to object: 'Object Repository/Campaign_OR/Fields/m.button_company_logo_1'

2018-07-24 14:19:56 - [MESSAGE][PASSED] - Keys 'C:\Users\kl.chan\Katalon Studio\boldreward\Images\Company Logo\437_59.png' sent to object: 'Object Repository/Campaign_OR/Fields/m.button_company_logo_1'

2018-07-24 14:19:56 - [TEST_STEP][PASSED] - delay: Delayed 1 second(s)

2018-07-24 14:19:57 - [MESSAGE][PASSED] - Delayed 1 second(s)

2018-07-24 14:19:57 - [TEST_STEP][PASSED] - Statement - If (com.kms.katalon.core.webui.keyword.WebUiBuiltInKeywords.waitForElementVisible(com.kms.katalon.core.testobject.ObjectRepository.findTestObject(Campaign_OR/uploadedCompanyLogo), 30)): null

2018-07-24 14:19:57 - [MESSAGE][PASSED] - Object 'Object Repository/Campaign_OR/uploadedCompanyLogo' is visible

2018-07-24 14:19:57 - [TEST_STEP][PASSED] - Statement - verifyImgName = com.kms.katalon.core.webui.keyword.WebUiBuiltInKeywords.getText(com.kms.katalon.core.testobject.ObjectRepository.findTestObject(Campaign_OR/uploadedCompanyLogo)): Text of object 'Object Repository/Campaign_OR/uploadedCompanyLogo' is: '437_59.png'

2018-07-24 14:19:57 - [MESSAGE][PASSED] - Text of object 'Object Repository/Campaign_OR/uploadedCompanyLogo' is: '437_59.png'

2018-07-24 14:19:57 - [TEST_STEP][PASSED] - Statement - If (verifyImgName.equals(companyLogo) == true): null

2018-07-24 14:19:57 - [TEST_STEP][PASSED] - Statement - uploadedImg = true: null

2018-07-24 14:19:57 - [TEST_STEP][PASSED] - Statement - If (rewardCode == true): null

2018-07-24 14:19:57 - [TEST_STEP][PASSED] - Statement - Else If (rewardCode == false): Object: 'Object Repository/Campaign_OR/Fields/n.label_No' is clicked on

2018-07-24 14:19:57 - [TEST_STEP][PASSED] - click: Object: 'Object Repository/Campaign_OR/Fields/n.label_No' is clicked on

2018-07-24 14:19:57 - [MESSAGE][PASSED] - Object: 'Object Repository/Campaign_OR/Fields/n.label_No' is clicked on

2018-07-24 14:19:57 - [TEST_STEP][PASSED] - verifyElementChecked: Object 'Object Repository/Campaign_OR/Fields/radio_No' is checked

2018-07-24 14:19:57 - [MESSAGE][PASSED] - Object 'Object Repository/Campaign_OR/Fields/radio_No' is checked

2018-07-24 14:19:57 - [TEST_STEP][PASSED] - verifyElementChecked: Object 'Object Repository/Campaign_OR/Fields/radio_Yes' is not checked

2018-07-24 14:19:57 - [MESSAGE][WARNING] - Object 'Object Repository/Campaign_OR/Fields/radio_Yes' is not checked
[[ATTACHMENT|C:\\Users\\kl.chan\\Katalon Studio\\boldreward\\Reports\\TS_Create_Campaign\\TS001 Create Campaign with negative testing\\20180724_140922\\1532413197738.png]]

2018-07-24 14:19:57 - [TEST_STEP][PASSED] - click: Object: 'Object Repository/Campaign_OR/button_Save' is clicked on

2018-07-24 14:19:58 - [MESSAGE][PASSED] - Object: 'Object Repository/Campaign_OR/button_Save' is clicked on

2018-07-24 14:19:58 - [TEST_STEP][PASSED] - delay: Delayed 2 second(s)

2018-07-24 14:20:00 - [MESSAGE][PASSED] - Delayed 2 second(s)

2018-07-24 14:20:00 - [MESSAGE][PASSED] - Call Test Case 'Test Cases/Merchant Portal/Campaign/Campagin Modules/create campaign' successfully

2018-07-24 14:20:00 - [TEST_STEP][PASSED] - Statement - updateFailed = false: null

2018-07-24 14:20:00 - [TEST_STEP][PASSED] - Statement - If (com.kms.katalon.core.webui.keyword.WebUiBuiltInKeywords.waitForElementVisible(com.kms.katalon.core.testobject.ObjectRepository.findTestObject(a.Not_Assigned_OR/alert_msg_top), 3)): null

2018-07-24 14:20:00 - [MESSAGE][PASSED] - Object 'Object Repository/a.Not_Assigned_OR/alert_msg_top' is visible

2018-07-24 14:20:00 - [TEST_STEP][PASSED] - Statement - verifyPopoutMsg = com.kms.katalon.core.webui.keyword.WebUiBuiltInKeywords.getText(com.kms.katalon.core.testobject.ObjectRepository.findTestObject(a.Not_Assigned_OR/alert_msg_top)): Text of object 'Object Repository/a.Not_Assigned_OR/alert_msg_top' is: 'Oops! Invalid inputs, please try again.'

2018-07-24 14:20:00 - [MESSAGE][PASSED] - Text of object 'Object Repository/a.Not_Assigned_OR/alert_msg_top' is: 'Oops! Invalid inputs, please try again.'

2018-07-24 14:20:00 - [TEST_STEP][PASSED] - Statement - If (verifyPopoutMsg.equals(msgServer) == true): null

2018-07-24 14:20:00 - [TEST_STEP][PASSED] - Statement - updateFailed = true: null

2018-07-24 14:20:00 - [TEST_STEP][PASSED] - Statement - updateSuccess = false: null

2018-07-24 14:20:00 - [TEST_STEP][PASSED] - Statement - If (com.kms.katalon.core.webui.keyword.WebUiBuiltInKeywords.waitForElementVisible(com.kms.katalon.core.testobject.ObjectRepository.findTestObject(Campaign_OR/Error Message/msg_edit_success), 3)): Web element with id: 'Object Repository/Campaign_OR/Error Message/msg_edit_success' located by 'By.xpath: id("errorMessage")/p[@class="error-block"]' not found

2018-07-24 14:20:03 - [MESSAGE][WARNING] - Web element with id: 'Object Repository/Campaign_OR/Error Message/msg_edit_success' located by 'By.xpath: id("errorMessage")/p[@class="error-block"]' not found

2018-07-24 14:20:03 - [TEST_STEP][PASSED] - Statement - createSuccess = false: null

2018-07-24 14:20:03 - [TEST_STEP][PASSED] - Statement - If (com.kms.katalon.core.webui.keyword.WebUiBuiltInKeywords.waitForElementVisible(com.kms.katalon.core.testobject.ObjectRepository.findTestObject(Home_OR/label_home), 3)): Web element with id: 'Object Repository/Home_OR/label_home' located by 'By.xpath: id("wrapper")/div[@class="content-page"]/div[@class="content"]/div[@class="ng-scope"]/div[@class="ng-scope"]/div[@class="page-heading"]/h1[1][count(. | //h1[(text() = ' Home' or . = ' Home')]) = count(//h1[(text() = ' Home' or . = ' Home')])]' not found

2018-07-24 14:20:06 - [MESSAGE][WARNING] - Web element with id: 'Object Repository/Home_OR/label_home' located by 'By.xpath: id("wrapper")/div[@class="content-page"]/div[@class="content"]/div[@class="ng-scope"]/div[@class="ng-scope"]/div[@class="page-heading"]/h1[1][count(. | //h1[(text() = ' Home' or . = ' Home')]) = count(//h1[(text() = ' Home' or . = ' Home')])]' not found

2018-07-24 14:20:06 - [TEST_STEP][PASSED] - Statement - If (updateSuccess == true): null

2018-07-24 14:20:06 - [TEST_STEP][PASSED] - Statement - Else If (updateFailed == true): null

2018-07-24 14:20:06 - [TEST_STEP][PASSED] - Statement - verifyError = false: null

2018-07-24 14:20:06 - [TEST_STEP][PASSED] - Statement - If (companyName.trim() == ""): null

2018-07-24 14:20:06 - [TEST_STEP][PASSED] - Statement - If (campaignInstruc.trim() == ""): null

2018-07-24 14:20:06 - [TEST_STEP][PASSED] - Statement - If (radioEmail.toLowerCase() == "false"): null

2018-07-24 14:20:06 - [TEST_STEP][PASSED] - Statement - campaignImgName = com.kms.katalon.core.webui.keyword.WebUiBuiltInKeywords.getText(com.kms.katalon.core.testobject.ObjectRepository.findTestObject(Campaign_OR/uploadedCampaignImg)): Text of object 'Object Repository/Campaign_OR/uploadedCampaignImg' is: 'starbucks copy.jpg'

2018-07-24 14:20:06 - [MESSAGE][PASSED] - Text of object 'Object Repository/Campaign_OR/uploadedCampaignImg' is: 'starbucks copy.jpg'

2018-07-24 14:20:06 - [TEST_STEP][PASSED] - Statement - If (campaignImgName == ""): null

2018-07-24 14:20:06 - [TEST_STEP][PASSED] - Statement - If (emailSender.trim() == ""): null

2018-07-24 14:20:06 - [TEST_STEP][PASSED] - Statement - If (emailSubject.trim() == ""): null

2018-07-24 14:20:06 - [TEST_STEP][PASSED] - Statement - If (emailContent.trim() == ""): null

2018-07-24 14:20:06 - [TEST_STEP][PASSED] - Statement - companyLogoName = com.kms.katalon.core.webui.keyword.WebUiBuiltInKeywords.getText(com.kms.katalon.core.testobject.ObjectRepository.findTestObject(Campaign_OR/uploadedCompanyLogo)): Text of object 'Object Repository/Campaign_OR/uploadedCompanyLogo' is: '437_59.png'

2018-07-24 14:20:06 - [MESSAGE][PASSED] - Text of object 'Object Repository/Campaign_OR/uploadedCompanyLogo' is: '437_59.png'

2018-07-24 14:20:06 - [TEST_STEP][PASSED] - Statement - If (companyLogoName == ""): null

2018-07-24 14:20:06 - [TEST_STEP][PASSED] - Statement - If (com.kms.katalon.core.webui.keyword.WebUiBuiltInKeywords.waitForElementVisible(com.kms.katalon.core.testobject.ObjectRepository.findTestObject(Campaign_OR/Error Message/msg_cpgn_image2), 2)): Web element with id: 'Object Repository/Campaign_OR/Error Message/msg_cpgn_image2' located by 'By.xpath: id("campaignImage")/p[@class="error-block ng-binding"][count(. | //p[@class = 'error-block ng-binding' and @ng-hide = 'CC.errorImage == 200 || CC.errorImage == undefined']) = count(//p[@class = 'error-block ng-binding' and @ng-hide = 'CC.errorImage == 200 || CC.errorImage == undefined'])]' not found

2018-07-24 14:20:08 - [MESSAGE][WARNING] - Web element with id: 'Object Repository/Campaign_OR/Error Message/msg_cpgn_image2' located by 'By.xpath: id("campaignImage")/p[@class="error-block ng-binding"][count(. | //p[@class = 'error-block ng-binding' and @ng-hide = 'CC.errorImage == 200 || CC.errorImage == undefined']) = count(//p[@class = 'error-block ng-binding' and @ng-hide = 'CC.errorImage == 200 || CC.errorImage == undefined'])]' not found

2018-07-24 14:20:08 - [TEST_STEP][PASSED] - Statement - If (com.kms.katalon.core.webui.keyword.WebUiBuiltInKeywords.waitForElementVisible(com.kms.katalon.core.testobject.ObjectRepository.findTestObject(Campaign_OR/Error Message/msg_TCURL), 2)): Web element with id: 'Object Repository/Campaign_OR/Error Message/msg_TCURL' located by 'By.xpath: id("wrapper")/div[@class="content-page"]/div[@class="content"]/div[@class="ng-scope"]/div[@class="row ng-scope"]/div[@class="col-md-7"]/div[@class="widget"]/div[@class="widget-content padding"]/div[@class="form-horizontal"]/div[@class="form-group"]/div[@id="tncUrl"]/p[@class="error-block"][count(. | //p[(text() = 'Invalid format, please follow as http://wwww.example.com' or . = 'Invalid format, please follow as http://wwww.example.com')]) = count(//p[(text() = 'Invalid format, please follow as http://wwww.example.com' or . = 'Invalid format, please follow as http://wwww.example.com')])]' not found

2018-07-24 14:20:10 - [MESSAGE][WARNING] - Web element with id: 'Object Repository/Campaign_OR/Error Message/msg_TCURL' located by 'By.xpath: id("wrapper")/div[@class="content-page"]/div[@class="content"]/div[@class="ng-scope"]/div[@class="row ng-scope"]/div[@class="col-md-7"]/div[@class="widget"]/div[@class="widget-content padding"]/div[@class="form-horizontal"]/div[@class="form-group"]/div[@id="tncUrl"]/p[@class="error-block"][count(. | //p[(text() = 'Invalid format, please follow as http://wwww.example.com' or . = 'Invalid format, please follow as http://wwww.example.com')]) = count(//p[(text() = 'Invalid format, please follow as http://wwww.example.com' or . = 'Invalid format, please follow as http://wwww.example.com')])]' not found

2018-07-24 14:20:10 - [TEST_STEP][PASSED] - Statement - If (emailSender.trim() != ""): Web element with id: 'Object Repository/Campaign_OR/Error Message/msg_sender' located by 'By.xpath: id("emailSender")/p[@class="error-block"]' not found

2018-07-24 14:20:10 - [TEST_STEP][PASSED] - Statement - If (com.kms.katalon.core.webui.keyword.WebUiBuiltInKeywords.waitForElementVisible(com.kms.katalon.core.testobject.ObjectRepository.findTestObject(Campaign_OR/Error Message/msg_sender), 2)): Web element with id: 'Object Repository/Campaign_OR/Error Message/msg_sender' located by 'By.xpath: id("emailSender")/p[@class="error-block"]' not found

2018-07-24 14:20:12 - [MESSAGE][WARNING] - Web element with id: 'Object Repository/Campaign_OR/Error Message/msg_sender' located by 'By.xpath: id("emailSender")/p[@class="error-block"]' not found

2018-07-24 14:20:12 - [TEST_STEP][PASSED] - Statement - If (com.kms.katalon.core.webui.keyword.WebUiBuiltInKeywords.waitForElementVisible(com.kms.katalon.core.testobject.ObjectRepository.findTestObject(Campaign_OR/Error Message/msg_company_logo), 2)): null

2018-07-24 14:20:12 - [MESSAGE][PASSED] - Object 'Object Repository/Campaign_OR/Error Message/msg_company_logo' is visible

2018-07-24 14:20:12 - [TEST_STEP][PASSED] - Statement - verifyCompanyLogo = com.kms.katalon.core.webui.keyword.WebUiBuiltInKeywords.getText(com.kms.katalon.core.testobject.ObjectRepository.findTestObject(Campaign_OR/Error Message/msg_company_logo)): Text of object 'Object Repository/Campaign_OR/Error Message/msg_company_logo' is: 'Invalid image dimension'

2018-07-24 14:20:12 - [MESSAGE][PASSED] - Text of object 'Object Repository/Campaign_OR/Error Message/msg_company_logo' is: 'Invalid image dimension'

2018-07-24 14:20:12 - [TEST_STEP][PASSED] - Statement - If (verifyCompanyLogo.equals(msgInvalidSize)): null

2018-07-24 14:20:12 - [TEST_STEP][PASSED] - Statement - Else If (verifyCompanyLogo.equals(msgInvalidDi)): null

2018-07-24 14:20:12 - [TEST_STEP][PASSED] - Statement - verifyError = true: null

2018-07-24 14:20:12 - [TEST_STEP][PASSED] - refresh: Refresh successfully

2018-07-24 14:20:12 - [MESSAGE][PASSED] - Refresh successfully

2018-07-24 14:20:12 - [TEST_STEP][PASSED] - Statement - If (verifyError == false): null]]></system-out>
         <system-err><![CDATA[]]></system-err>
      </testcase>
      <testcase name="Test Cases/Merchant Portal/Campaign/TC001 Campaign - verify all case" classname="Test Cases/Merchant Portal/Campaign/TC001 Campaign - verify all case" status="PASSED">
         <system-out><![CDATA[2018-07-24 14:20:12 - [TEST_CASE][PASSED] - Test Cases/Merchant Portal/Campaign/TC001 Campaign - verify all case: Test Cases/Merchant Portal/Campaign/TC001 Campaign - verify all case

2018-07-24 14:20:13 - [TEST_STEP][PASSED] - Statement - randomWords = CustomKeywords.randomWords.GenerateNumber.randomString(4): randomWords.GenerateNumber.randomString is PASSED

2018-07-24 14:20:13 - [MESSAGE][PASSED] - randomWords.GenerateNumber.randomString is PASSED

2018-07-24 14:20:13 - [TEST_STEP][PASSED] - Statement - If (companyName.trim() != ""): null

2018-07-24 14:20:13 - [TEST_STEP][PASSED] - Statement - companyName = companyName + randomWords: null

2018-07-24 14:20:13 - [TEST_STEP][PASSED] - Statement - If (campaignInstruc.trim() != ""): null

2018-07-24 14:20:13 - [TEST_STEP][PASSED] - Statement - campaignInstruc = campaignInstruc + randomWords: null

2018-07-24 14:20:13 - [TEST_STEP][PASSED] - Statement - If (emailSender.trim() != ""): null

2018-07-24 14:20:13 - [TEST_STEP][PASSED] - Statement - email = emailSender: null

2018-07-24 14:20:13 - [TEST_STEP][PASSED] - Statement - splitEmail = email.split("@"): null

2018-07-24 14:20:13 - [TEST_STEP][PASSED] - Statement - numb = length: null

2018-07-24 14:20:13 - [TEST_STEP][PASSED] - Statement - If (numb > 1): null

2018-07-24 14:20:13 - [TEST_STEP][PASSED] - Statement - emailSender = splitEmail[0] + randomWords + "@" + splitEmail[1]: null

2018-07-24 14:20:13 - [TEST_STEP][PASSED] - Statement - If (emailSubject.trim() != ""): null

2018-07-24 14:20:13 - [TEST_STEP][PASSED] - Statement - emailSubject = emailSubject + randomWords: null

2018-07-24 14:20:13 - [TEST_STEP][PASSED] - Statement - If (emailContent.trim() != ""): null

2018-07-24 14:20:13 - [TEST_STEP][PASSED] - Statement - emailContent = emailContent + randomWords: null

2018-07-24 14:20:13 - [TEST_STEP][PASSED] - callTestCase: Call Test Case 'Test Cases/Merchant Portal/Campaign/Campagin Modules/create campaign' successfully

2018-07-24 14:20:13 - [TEST_CASE][PASSED] - Test Cases/Merchant Portal/Campaign/Campagin Modules/create campaign: Test Cases/Merchant Portal/Campaign/Campagin Modules/create campaign

2018-07-24 14:20:13 - [TEST_STEP][PASSED] - Statement - osName = "": null

2018-07-24 14:20:13 - [TEST_STEP][PASSED] - Statement - osName = CustomKeywords.os.DetectOS.getOperatingSystem(osName): os.DetectOS.getOperatingSystem is PASSED

2018-07-24 14:20:13 - [MESSAGE][PASSED] - os.DetectOS.getOperatingSystem is PASSED

2018-07-24 14:20:13 - [TEST_STEP][PASSED] - Statement - splitString = osName.split(): null

2018-07-24 14:20:13 - [TEST_STEP][PASSED] - Statement - os = splitString[0].toString(): null

2018-07-24 14:20:13 - [TEST_STEP][PASSED] - Statement - If (loggedin == false): null

2018-07-24 14:20:13 - [TEST_STEP][PASSED] - Statement - If (accessModule == false): null

2018-07-24 14:20:13 - [TEST_STEP][PASSED] - delay: Delayed 5 second(s)

2018-07-24 14:20:18 - [MESSAGE][PASSED] - Delayed 5 second(s)

2018-07-24 14:20:18 - [TEST_STEP][PASSED] - setText: Text 'Starbucks Reserve Ltdk7dE' is set on object 'Object Repository/Campaign_OR/Fields/a.input_company_name'

2018-07-24 14:20:18 - [MESSAGE][PASSED] - Text 'Starbucks Reserve Ltdk7dE' is set on object 'Object Repository/Campaign_OR/Fields/a.input_company_name'

2018-07-24 14:20:18 - [TEST_STEP][PASSED] - setText: Text 'Please subscribe with us and redeem a free coffee. Come join us now!k7dE' is set on object 'Object Repository/Campaign_OR/Fields/b.textarea_campaign_instruction'

2018-07-24 14:20:18 - [MESSAGE][PASSED] - Text 'Please subscribe with us and redeem a free coffee. Come join us now!k7dE' is set on object 'Object Repository/Campaign_OR/Fields/b.textarea_campaign_instruction'

2018-07-24 14:20:18 - [TEST_STEP][PASSED] - Statement - verifyEmail = false: null

2018-07-24 14:20:18 - [TEST_STEP][PASSED] - Statement - If (radioEmail.toLowerCase() == "true"): null

2018-07-24 14:20:18 - [TEST_STEP][PASSED] - Statement - verifyEmail = true: null

2018-07-24 14:20:18 - [TEST_STEP][PASSED] - Statement - If (verifyEmail == true): Object 'Object Repository/Campaign_OR/input_email' is visible

2018-07-24 14:20:18 - [TEST_STEP][PASSED] - Statement - If (com.kms.katalon.core.webui.keyword.WebUiBuiltInKeywords.verifyElementNotChecked(com.kms.katalon.core.testobject.ObjectRepository.findTestObject(Campaign_OR/Fields/c.checkbox_email), 1, OPTIONAL)): Object 'Object Repository/Campaign_OR/input_email' is visible

2018-07-24 14:20:18 - [MESSAGE][PASSED] - Object 'Object Repository/Campaign_OR/Fields/c.checkbox_email' is not checked

2018-07-24 14:20:18 - [TEST_STEP][PASSED] - delay: Delayed 1 second(s)

2018-07-24 14:20:19 - [MESSAGE][PASSED] - Delayed 1 second(s)

2018-07-24 14:20:19 - [TEST_STEP][PASSED] - click: Object: 'Object Repository/Campaign_OR/Fields/c.checkbox_email' is clicked on

2018-07-24 14:20:19 - [MESSAGE][PASSED] - Object: 'Object Repository/Campaign_OR/Fields/c.checkbox_email' is clicked on

2018-07-24 14:20:19 - [TEST_STEP][PASSED] - verifyElementVisible: Object 'Object Repository/Campaign_OR/input_email' is visible

2018-07-24 14:20:19 - [MESSAGE][PASSED] - Object 'Object Repository/Campaign_OR/input_email' is visible

2018-07-24 14:20:19 - [TEST_STEP][PASSED] - Statement - verifyMobileno = false: null

2018-07-24 14:20:19 - [TEST_STEP][PASSED] - Statement - If (radioMobileno.toLowerCase() == "true"): null

2018-07-24 14:20:19 - [TEST_STEP][PASSED] - Statement - If (verifyMobileno == true): null

2018-07-24 14:20:19 - [TEST_STEP][PASSED] - Statement - Else If (verifyMobileno == false): Object 'Object Repository/Campaign_OR/input_mobileno' is NOT visible

2018-07-24 14:20:19 - [TEST_STEP][PASSED] - Statement - If (com.kms.katalon.core.webui.keyword.WebUiBuiltInKeywords.verifyElementChecked(com.kms.katalon.core.testobject.ObjectRepository.findTestObject(Campaign_OR/Fields/d.checkbox_mobile_number), 1, OPTIONAL)): Object 'Object Repository/Campaign_OR/Fields/d.checkbox_mobile_number' is not checked

2018-07-24 14:20:20 - [MESSAGE][WARNING] - Object 'Object Repository/Campaign_OR/Fields/d.checkbox_mobile_number' is not checked
[[ATTACHMENT|C:\\Users\\kl.chan\\Katalon Studio\\boldreward\\Reports\\TS_Create_Campaign\\TS001 Create Campaign with negative testing\\20180724_140922\\1532413219991.png]]

2018-07-24 14:20:20 - [TEST_STEP][PASSED] - Statement - Else: Object 'Object Repository/Campaign_OR/input_mobileno' is NOT visible

2018-07-24 14:20:20 - [TEST_STEP][PASSED] - verifyElementNotVisible: Object 'Object Repository/Campaign_OR/input_mobileno' is NOT visible

2018-07-24 14:20:20 - [MESSAGE][PASSED] - Object 'Object Repository/Campaign_OR/input_mobileno' is NOT visible

2018-07-24 14:20:20 - [TEST_STEP][PASSED] - Statement - verifyName = false: null

2018-07-24 14:20:20 - [TEST_STEP][PASSED] - Statement - If (radioName.toLowerCase() == "true"): null

2018-07-24 14:20:20 - [TEST_STEP][PASSED] - Statement - If (verifyName == true): null

2018-07-24 14:20:20 - [TEST_STEP][PASSED] - Statement - Else If (verifyName == false): Object 'Object Repository/Campaign_OR/input_name' is NOT visible

2018-07-24 14:20:20 - [TEST_STEP][PASSED] - Statement - If (com.kms.katalon.core.webui.keyword.WebUiBuiltInKeywords.verifyElementChecked(com.kms.katalon.core.testobject.ObjectRepository.findTestObject(Campaign_OR/Fields/e.checkbox_name), 1, OPTIONAL)): Object 'Object Repository/Campaign_OR/Fields/e.checkbox_name' is not checked

2018-07-24 14:20:20 - [MESSAGE][WARNING] - Object 'Object Repository/Campaign_OR/Fields/e.checkbox_name' is not checked
[[ATTACHMENT|C:\\Users\\kl.chan\\Katalon Studio\\boldreward\\Reports\\TS_Create_Campaign\\TS001 Create Campaign with negative testing\\20180724_140922\\1532413220280.png]]

2018-07-24 14:20:20 - [TEST_STEP][PASSED] - Statement - Else: Object 'Object Repository/Campaign_OR/input_name' is NOT visible

2018-07-24 14:20:20 - [TEST_STEP][PASSED] - verifyElementNotVisible: Object 'Object Repository/Campaign_OR/input_name' is NOT visible

2018-07-24 14:20:20 - [MESSAGE][PASSED] - Object 'Object Repository/Campaign_OR/input_name' is NOT visible

2018-07-24 14:20:20 - [TEST_STEP][PASSED] - Statement - verifyGender = false: null

2018-07-24 14:20:20 - [TEST_STEP][PASSED] - Statement - If (radioGender.toLowerCase() == "true"): null

2018-07-24 14:20:20 - [TEST_STEP][PASSED] - Statement - If (verifyGender == true): null

2018-07-24 14:20:20 - [TEST_STEP][PASSED] - Statement - Else If (verifyGender == false): Object 'Object Repository/Campaign_OR/label_Female' is NOT visible

2018-07-24 14:20:20 - [TEST_STEP][PASSED] - Statement - If (com.kms.katalon.core.webui.keyword.WebUiBuiltInKeywords.verifyElementChecked(com.kms.katalon.core.testobject.ObjectRepository.findTestObject(Campaign_OR/Fields/f.checkbox_gender), 1, OPTIONAL)): Object 'Object Repository/Campaign_OR/Fields/f.checkbox_gender' is not checked

2018-07-24 14:20:20 - [MESSAGE][WARNING] - Object 'Object Repository/Campaign_OR/Fields/f.checkbox_gender' is not checked
[[ATTACHMENT|C:\\Users\\kl.chan\\Katalon Studio\\boldreward\\Reports\\TS_Create_Campaign\\TS001 Create Campaign with negative testing\\20180724_140922\\1532413220554.png]]

2018-07-24 14:20:20 - [TEST_STEP][PASSED] - Statement - Else: Object 'Object Repository/Campaign_OR/label_Female' is NOT visible

2018-07-24 14:20:20 - [TEST_STEP][PASSED] - verifyElementNotVisible: Object 'Object Repository/Campaign_OR/label_Male' is NOT visible

2018-07-24 14:20:20 - [MESSAGE][PASSED] - Object 'Object Repository/Campaign_OR/label_Male' is NOT visible

2018-07-24 14:20:20 - [TEST_STEP][PASSED] - verifyElementNotVisible: Object 'Object Repository/Campaign_OR/label_Female' is NOT visible

2018-07-24 14:20:20 - [MESSAGE][PASSED] - Object 'Object Repository/Campaign_OR/label_Female' is NOT visible

2018-07-24 14:20:20 - [TEST_STEP][PASSED] - Statement - verifyDOB = false: null

2018-07-24 14:20:20 - [TEST_STEP][PASSED] - Statement - If (radioDOB.toLowerCase() == "true"): null

2018-07-24 14:20:20 - [TEST_STEP][PASSED] - Statement - If (verifyDOB == true): null

2018-07-24 14:20:20 - [TEST_STEP][PASSED] - Statement - Else If (verifyDOB == false): Object 'Object Repository/Campaign_OR/input_datepicker' is NOT visible

2018-07-24 14:20:20 - [TEST_STEP][PASSED] - Statement - If (com.kms.katalon.core.webui.keyword.WebUiBuiltInKeywords.verifyElementChecked(com.kms.katalon.core.testobject.ObjectRepository.findTestObject(Campaign_OR/Fields/g.checkbox_dob), 1, OPTIONAL)): Object 'Object Repository/Campaign_OR/Fields/g.checkbox_dob' is not checked

2018-07-24 14:20:21 - [MESSAGE][WARNING] - Object 'Object Repository/Campaign_OR/Fields/g.checkbox_dob' is not checked
[[ATTACHMENT|C:\\Users\\kl.chan\\Katalon Studio\\boldreward\\Reports\\TS_Create_Campaign\\TS001 Create Campaign with negative testing\\20180724_140922\\1532413220864.png]]

2018-07-24 14:20:21 - [TEST_STEP][PASSED] - Statement - Else: Object 'Object Repository/Campaign_OR/input_datepicker' is NOT visible

2018-07-24 14:20:21 - [TEST_STEP][PASSED] - verifyElementNotVisible: Object 'Object Repository/Campaign_OR/input_datepicker' is NOT visible

2018-07-24 14:20:21 - [MESSAGE][PASSED] - Object 'Object Repository/Campaign_OR/input_datepicker' is NOT visible

2018-07-24 14:20:21 - [TEST_STEP][PASSED] - Statement - filepath = "": null

2018-07-24 14:20:21 - [TEST_STEP][PASSED] - Statement - If (os == "Windows"): null

2018-07-24 14:20:21 - [TEST_STEP][PASSED] - Statement - filepath = campaignImagePath: null

2018-07-24 14:20:21 - [TEST_STEP][PASSED] - Statement - verifyImgName = "": null

2018-07-24 14:20:21 - [TEST_STEP][PASSED] - Statement - uploadedImg = false: null

2018-07-24 14:20:21 - [TEST_STEP][PASSED] - Statement - If (filepath.trim() != "" && campaignImage.trim() != ""): null

2018-07-24 14:20:21 - [TEST_STEP][PASSED] - sendKeys: Keys 'C:\Users\kl.chan\Katalon Studio\boldreward\Images\Campaign Image\starbucks copy.jpg' sent to object: 'Object Repository/Campaign_OR/Fields/h.button_campaign_image_1'

2018-07-24 14:20:21 - [MESSAGE][PASSED] - Keys 'C:\Users\kl.chan\Katalon Studio\boldreward\Images\Campaign Image\starbucks copy.jpg' sent to object: 'Object Repository/Campaign_OR/Fields/h.button_campaign_image_1'

2018-07-24 14:20:21 - [TEST_STEP][PASSED] - delay: Delayed 1 second(s)

2018-07-24 14:20:22 - [MESSAGE][PASSED] - Delayed 1 second(s)

2018-07-24 14:20:22 - [TEST_STEP][PASSED] - Statement - If (com.kms.katalon.core.webui.keyword.WebUiBuiltInKeywords.waitForElementVisible(com.kms.katalon.core.testobject.ObjectRepository.findTestObject(Campaign_OR/uploadedCampaignImg), 30)): null

2018-07-24 14:20:22 - [MESSAGE][PASSED] - Object 'Object Repository/Campaign_OR/uploadedCampaignImg' is visible

2018-07-24 14:20:22 - [TEST_STEP][PASSED] - Statement - verifyImgName = com.kms.katalon.core.webui.keyword.WebUiBuiltInKeywords.getText(com.kms.katalon.core.testobject.ObjectRepository.findTestObject(Campaign_OR/uploadedCampaignImg)): Text of object 'Object Repository/Campaign_OR/uploadedCampaignImg' is: 'starbucks copy.jpg'

2018-07-24 14:20:22 - [MESSAGE][PASSED] - Text of object 'Object Repository/Campaign_OR/uploadedCampaignImg' is: 'starbucks copy.jpg'

2018-07-24 14:20:22 - [TEST_STEP][PASSED] - Statement - If (verifyImgName.equals(campaignImage) == true): null

2018-07-24 14:20:22 - [TEST_STEP][PASSED] - Statement - uploadedImg = true: null

2018-07-24 14:20:22 - [TEST_STEP][PASSED] - setText: Text 'http://www.starbucks.com.my/' is set on object 'Object Repository/Campaign_OR/Fields/i.k.input_tnc'

2018-07-24 14:20:22 - [MESSAGE][PASSED] - Text 'http://www.starbucks.com.my/' is set on object 'Object Repository/Campaign_OR/Fields/i.k.input_tnc'

2018-07-24 14:20:22 - [TEST_STEP][PASSED] - setText: Text 'kl.chank7dE@macrokiosk.com' is set on object 'Object Repository/Campaign_OR/Fields/j.input_sender'

2018-07-24 14:20:22 - [MESSAGE][PASSED] - Text 'kl.chank7dE@macrokiosk.com' is set on object 'Object Repository/Campaign_OR/Fields/j.input_sender'

2018-07-24 14:20:22 - [TEST_STEP][PASSED] - setText: Text 'Starbucks Reserve @ SITk7dE' is set on object 'Object Repository/Campaign_OR/Fields/k.input_subject'

2018-07-24 14:20:22 - [MESSAGE][PASSED] - Text 'Starbucks Reserve @ SITk7dE' is set on object 'Object Repository/Campaign_OR/Fields/k.input_subject'

2018-07-24 14:20:22 - [TEST_STEP][PASSED] - setText: Text 'Hello User, Welcome to our Starbucks Reserve @ SIT. Come subscribe with us and redeem more rewards.k7dE' is set on object 'Object Repository/Campaign_OR/Fields/l.textarea_content'

2018-07-24 14:20:23 - [MESSAGE][PASSED] - Text 'Hello User, Welcome to our Starbucks Reserve @ SIT. Come subscribe with us and redeem more rewards.k7dE' is set on object 'Object Repository/Campaign_OR/Fields/l.textarea_content'

2018-07-24 14:20:23 - [TEST_STEP][PASSED] - Statement - filepath = "": null

2018-07-24 14:20:23 - [TEST_STEP][PASSED] - Statement - If (os == "Windows"): null

2018-07-24 14:20:23 - [TEST_STEP][PASSED] - Statement - filepath = companyLogoPath: null

2018-07-24 14:20:23 - [TEST_STEP][PASSED] - Statement - verifyImgName = "": null

2018-07-24 14:20:23 - [TEST_STEP][PASSED] - Statement - uploadedImg = false: null

2018-07-24 14:20:23 - [TEST_STEP][PASSED] - Statement - reuploadCount = 0: null

2018-07-24 14:20:23 - [TEST_STEP][PASSED] - Statement - If (filepath.trim() != "" && companyLogo.trim() != ""): null

2018-07-24 14:20:23 - [TEST_STEP][PASSED] - sendKeys: Keys 'C:\Users\kl.chan\Katalon Studio\boldreward\Images\Company Logo\437_61.jpg' sent to object: 'Object Repository/Campaign_OR/Fields/m.button_company_logo_1'

2018-07-24 14:20:23 - [MESSAGE][PASSED] - Keys 'C:\Users\kl.chan\Katalon Studio\boldreward\Images\Company Logo\437_61.jpg' sent to object: 'Object Repository/Campaign_OR/Fields/m.button_company_logo_1'

2018-07-24 14:20:23 - [TEST_STEP][PASSED] - delay: Delayed 1 second(s)

2018-07-24 14:20:24 - [MESSAGE][PASSED] - Delayed 1 second(s)

2018-07-24 14:20:24 - [TEST_STEP][PASSED] - Statement - If (com.kms.katalon.core.webui.keyword.WebUiBuiltInKeywords.waitForElementVisible(com.kms.katalon.core.testobject.ObjectRepository.findTestObject(Campaign_OR/uploadedCompanyLogo), 30)): null

2018-07-24 14:20:24 - [MESSAGE][PASSED] - Object 'Object Repository/Campaign_OR/uploadedCompanyLogo' is visible

2018-07-24 14:20:24 - [TEST_STEP][PASSED] - Statement - verifyImgName = com.kms.katalon.core.webui.keyword.WebUiBuiltInKeywords.getText(com.kms.katalon.core.testobject.ObjectRepository.findTestObject(Campaign_OR/uploadedCompanyLogo)): Text of object 'Object Repository/Campaign_OR/uploadedCompanyLogo' is: '437_61.jpg'

2018-07-24 14:20:24 - [MESSAGE][PASSED] - Text of object 'Object Repository/Campaign_OR/uploadedCompanyLogo' is: '437_61.jpg'

2018-07-24 14:20:24 - [TEST_STEP][PASSED] - Statement - If (verifyImgName.equals(companyLogo) == true): null

2018-07-24 14:20:24 - [TEST_STEP][PASSED] - Statement - uploadedImg = true: null

2018-07-24 14:20:24 - [TEST_STEP][PASSED] - Statement - If (rewardCode == true): null

2018-07-24 14:20:24 - [TEST_STEP][PASSED] - Statement - Else If (rewardCode == false): Object: 'Object Repository/Campaign_OR/Fields/n.label_No' is clicked on

2018-07-24 14:20:24 - [TEST_STEP][PASSED] - click: Object: 'Object Repository/Campaign_OR/Fields/n.label_No' is clicked on

2018-07-24 14:20:24 - [MESSAGE][PASSED] - Object: 'Object Repository/Campaign_OR/Fields/n.label_No' is clicked on

2018-07-24 14:20:24 - [TEST_STEP][PASSED] - verifyElementChecked: Object 'Object Repository/Campaign_OR/Fields/radio_No' is checked

2018-07-24 14:20:24 - [MESSAGE][PASSED] - Object 'Object Repository/Campaign_OR/Fields/radio_No' is checked

2018-07-24 14:20:24 - [TEST_STEP][PASSED] - verifyElementChecked: Object 'Object Repository/Campaign_OR/Fields/radio_Yes' is not checked

2018-07-24 14:20:24 - [MESSAGE][WARNING] - Object 'Object Repository/Campaign_OR/Fields/radio_Yes' is not checked
[[ATTACHMENT|C:\\Users\\kl.chan\\Katalon Studio\\boldreward\\Reports\\TS_Create_Campaign\\TS001 Create Campaign with negative testing\\20180724_140922\\1532413224641.png]]

2018-07-24 14:20:24 - [TEST_STEP][PASSED] - click: Object: 'Object Repository/Campaign_OR/button_Save' is clicked on

2018-07-24 14:20:24 - [MESSAGE][PASSED] - Object: 'Object Repository/Campaign_OR/button_Save' is clicked on

2018-07-24 14:20:24 - [TEST_STEP][PASSED] - delay: Delayed 2 second(s)

2018-07-24 14:20:26 - [MESSAGE][PASSED] - Delayed 2 second(s)

2018-07-24 14:20:26 - [MESSAGE][PASSED] - Call Test Case 'Test Cases/Merchant Portal/Campaign/Campagin Modules/create campaign' successfully

2018-07-24 14:20:26 - [TEST_STEP][PASSED] - Statement - updateFailed = false: null

2018-07-24 14:20:26 - [TEST_STEP][PASSED] - Statement - If (com.kms.katalon.core.webui.keyword.WebUiBuiltInKeywords.waitForElementVisible(com.kms.katalon.core.testobject.ObjectRepository.findTestObject(a.Not_Assigned_OR/alert_msg_top), 3)): null

2018-07-24 14:20:26 - [MESSAGE][PASSED] - Object 'Object Repository/a.Not_Assigned_OR/alert_msg_top' is visible

2018-07-24 14:20:26 - [TEST_STEP][PASSED] - Statement - verifyPopoutMsg = com.kms.katalon.core.webui.keyword.WebUiBuiltInKeywords.getText(com.kms.katalon.core.testobject.ObjectRepository.findTestObject(a.Not_Assigned_OR/alert_msg_top)): Text of object 'Object Repository/a.Not_Assigned_OR/alert_msg_top' is: 'Oops! Invalid inputs, please try again.'

2018-07-24 14:20:27 - [MESSAGE][PASSED] - Text of object 'Object Repository/a.Not_Assigned_OR/alert_msg_top' is: 'Oops! Invalid inputs, please try again.'

2018-07-24 14:20:27 - [TEST_STEP][PASSED] - Statement - If (verifyPopoutMsg.equals(msgServer) == true): null

2018-07-24 14:20:27 - [TEST_STEP][PASSED] - Statement - updateFailed = true: null

2018-07-24 14:20:27 - [TEST_STEP][PASSED] - Statement - updateSuccess = false: null

2018-07-24 14:20:27 - [TEST_STEP][PASSED] - Statement - If (com.kms.katalon.core.webui.keyword.WebUiBuiltInKeywords.waitForElementVisible(com.kms.katalon.core.testobject.ObjectRepository.findTestObject(Campaign_OR/Error Message/msg_edit_success), 3)): Web element with id: 'Object Repository/Campaign_OR/Error Message/msg_edit_success' located by 'By.xpath: id("errorMessage")/p[@class="error-block"]' not found

2018-07-24 14:20:30 - [MESSAGE][WARNING] - Web element with id: 'Object Repository/Campaign_OR/Error Message/msg_edit_success' located by 'By.xpath: id("errorMessage")/p[@class="error-block"]' not found

2018-07-24 14:20:30 - [TEST_STEP][PASSED] - Statement - createSuccess = false: null

2018-07-24 14:20:30 - [TEST_STEP][PASSED] - Statement - If (com.kms.katalon.core.webui.keyword.WebUiBuiltInKeywords.waitForElementVisible(com.kms.katalon.core.testobject.ObjectRepository.findTestObject(Home_OR/label_home), 3)): Web element with id: 'Object Repository/Home_OR/label_home' located by 'By.xpath: id("wrapper")/div[@class="content-page"]/div[@class="content"]/div[@class="ng-scope"]/div[@class="ng-scope"]/div[@class="page-heading"]/h1[1][count(. | //h1[(text() = ' Home' or . = ' Home')]) = count(//h1[(text() = ' Home' or . = ' Home')])]' not found

2018-07-24 14:20:33 - [MESSAGE][WARNING] - Web element with id: 'Object Repository/Home_OR/label_home' located by 'By.xpath: id("wrapper")/div[@class="content-page"]/div[@class="content"]/div[@class="ng-scope"]/div[@class="ng-scope"]/div[@class="page-heading"]/h1[1][count(. | //h1[(text() = ' Home' or . = ' Home')]) = count(//h1[(text() = ' Home' or . = ' Home')])]' not found

2018-07-24 14:20:33 - [TEST_STEP][PASSED] - Statement - If (updateSuccess == true): null

2018-07-24 14:20:33 - [TEST_STEP][PASSED] - Statement - Else If (updateFailed == true): null

2018-07-24 14:20:33 - [TEST_STEP][PASSED] - Statement - verifyError = false: null

2018-07-24 14:20:33 - [TEST_STEP][PASSED] - Statement - If (companyName.trim() == ""): null

2018-07-24 14:20:33 - [TEST_STEP][PASSED] - Statement - If (campaignInstruc.trim() == ""): null

2018-07-24 14:20:33 - [TEST_STEP][PASSED] - Statement - If (radioEmail.toLowerCase() == "false"): null

2018-07-24 14:20:33 - [TEST_STEP][PASSED] - Statement - campaignImgName = com.kms.katalon.core.webui.keyword.WebUiBuiltInKeywords.getText(com.kms.katalon.core.testobject.ObjectRepository.findTestObject(Campaign_OR/uploadedCampaignImg)): Text of object 'Object Repository/Campaign_OR/uploadedCampaignImg' is: 'starbucks copy.jpg'

2018-07-24 14:20:33 - [MESSAGE][PASSED] - Text of object 'Object Repository/Campaign_OR/uploadedCampaignImg' is: 'starbucks copy.jpg'

2018-07-24 14:20:33 - [TEST_STEP][PASSED] - Statement - If (campaignImgName == ""): null

2018-07-24 14:20:33 - [TEST_STEP][PASSED] - Statement - If (emailSender.trim() == ""): null

2018-07-24 14:20:33 - [TEST_STEP][PASSED] - Statement - If (emailSubject.trim() == ""): null

2018-07-24 14:20:33 - [TEST_STEP][PASSED] - Statement - If (emailContent.trim() == ""): null

2018-07-24 14:20:33 - [TEST_STEP][PASSED] - Statement - companyLogoName = com.kms.katalon.core.webui.keyword.WebUiBuiltInKeywords.getText(com.kms.katalon.core.testobject.ObjectRepository.findTestObject(Campaign_OR/uploadedCompanyLogo)): Text of object 'Object Repository/Campaign_OR/uploadedCompanyLogo' is: '437_61.jpg'

2018-07-24 14:20:33 - [MESSAGE][PASSED] - Text of object 'Object Repository/Campaign_OR/uploadedCompanyLogo' is: '437_61.jpg'

2018-07-24 14:20:33 - [TEST_STEP][PASSED] - Statement - If (companyLogoName == ""): null

2018-07-24 14:20:33 - [TEST_STEP][PASSED] - Statement - If (com.kms.katalon.core.webui.keyword.WebUiBuiltInKeywords.waitForElementVisible(com.kms.katalon.core.testobject.ObjectRepository.findTestObject(Campaign_OR/Error Message/msg_cpgn_image2), 2)): Web element with id: 'Object Repository/Campaign_OR/Error Message/msg_cpgn_image2' located by 'By.xpath: id("campaignImage")/p[@class="error-block ng-binding"][count(. | //p[@class = 'error-block ng-binding' and @ng-hide = 'CC.errorImage == 200 || CC.errorImage == undefined']) = count(//p[@class = 'error-block ng-binding' and @ng-hide = 'CC.errorImage == 200 || CC.errorImage == undefined'])]' not found

2018-07-24 14:20:35 - [MESSAGE][WARNING] - Web element with id: 'Object Repository/Campaign_OR/Error Message/msg_cpgn_image2' located by 'By.xpath: id("campaignImage")/p[@class="error-block ng-binding"][count(. | //p[@class = 'error-block ng-binding' and @ng-hide = 'CC.errorImage == 200 || CC.errorImage == undefined']) = count(//p[@class = 'error-block ng-binding' and @ng-hide = 'CC.errorImage == 200 || CC.errorImage == undefined'])]' not found

2018-07-24 14:20:35 - [TEST_STEP][PASSED] - Statement - If (com.kms.katalon.core.webui.keyword.WebUiBuiltInKeywords.waitForElementVisible(com.kms.katalon.core.testobject.ObjectRepository.findTestObject(Campaign_OR/Error Message/msg_TCURL), 2)): Web element with id: 'Object Repository/Campaign_OR/Error Message/msg_TCURL' located by 'By.xpath: id("wrapper")/div[@class="content-page"]/div[@class="content"]/div[@class="ng-scope"]/div[@class="row ng-scope"]/div[@class="col-md-7"]/div[@class="widget"]/div[@class="widget-content padding"]/div[@class="form-horizontal"]/div[@class="form-group"]/div[@id="tncUrl"]/p[@class="error-block"][count(. | //p[(text() = 'Invalid format, please follow as http://wwww.example.com' or . = 'Invalid format, please follow as http://wwww.example.com')]) = count(//p[(text() = 'Invalid format, please follow as http://wwww.example.com' or . = 'Invalid format, please follow as http://wwww.example.com')])]' not found

2018-07-24 14:20:37 - [MESSAGE][WARNING] - Web element with id: 'Object Repository/Campaign_OR/Error Message/msg_TCURL' located by 'By.xpath: id("wrapper")/div[@class="content-page"]/div[@class="content"]/div[@class="ng-scope"]/div[@class="row ng-scope"]/div[@class="col-md-7"]/div[@class="widget"]/div[@class="widget-content padding"]/div[@class="form-horizontal"]/div[@class="form-group"]/div[@id="tncUrl"]/p[@class="error-block"][count(. | //p[(text() = 'Invalid format, please follow as http://wwww.example.com' or . = 'Invalid format, please follow as http://wwww.example.com')]) = count(//p[(text() = 'Invalid format, please follow as http://wwww.example.com' or . = 'Invalid format, please follow as http://wwww.example.com')])]' not found

2018-07-24 14:20:37 - [TEST_STEP][PASSED] - Statement - If (emailSender.trim() != ""): Web element with id: 'Object Repository/Campaign_OR/Error Message/msg_sender' located by 'By.xpath: id("emailSender")/p[@class="error-block"]' not found

2018-07-24 14:20:37 - [TEST_STEP][PASSED] - Statement - If (com.kms.katalon.core.webui.keyword.WebUiBuiltInKeywords.waitForElementVisible(com.kms.katalon.core.testobject.ObjectRepository.findTestObject(Campaign_OR/Error Message/msg_sender), 2)): Web element with id: 'Object Repository/Campaign_OR/Error Message/msg_sender' located by 'By.xpath: id("emailSender")/p[@class="error-block"]' not found

2018-07-24 14:20:39 - [MESSAGE][WARNING] - Web element with id: 'Object Repository/Campaign_OR/Error Message/msg_sender' located by 'By.xpath: id("emailSender")/p[@class="error-block"]' not found

2018-07-24 14:20:39 - [TEST_STEP][PASSED] - Statement - If (com.kms.katalon.core.webui.keyword.WebUiBuiltInKeywords.waitForElementVisible(com.kms.katalon.core.testobject.ObjectRepository.findTestObject(Campaign_OR/Error Message/msg_company_logo), 2)): null

2018-07-24 14:20:39 - [MESSAGE][PASSED] - Object 'Object Repository/Campaign_OR/Error Message/msg_company_logo' is visible

2018-07-24 14:20:39 - [TEST_STEP][PASSED] - Statement - verifyCompanyLogo = com.kms.katalon.core.webui.keyword.WebUiBuiltInKeywords.getText(com.kms.katalon.core.testobject.ObjectRepository.findTestObject(Campaign_OR/Error Message/msg_company_logo)): Text of object 'Object Repository/Campaign_OR/Error Message/msg_company_logo' is: 'Invalid image dimension'

2018-07-24 14:20:39 - [MESSAGE][PASSED] - Text of object 'Object Repository/Campaign_OR/Error Message/msg_company_logo' is: 'Invalid image dimension'

2018-07-24 14:20:39 - [TEST_STEP][PASSED] - Statement - If (verifyCompanyLogo.equals(msgInvalidSize)): null

2018-07-24 14:20:39 - [TEST_STEP][PASSED] - Statement - Else If (verifyCompanyLogo.equals(msgInvalidDi)): null

2018-07-24 14:20:39 - [TEST_STEP][PASSED] - Statement - verifyError = true: null

2018-07-24 14:20:39 - [TEST_STEP][PASSED] - refresh: Refresh successfully

2018-07-24 14:20:39 - [MESSAGE][PASSED] - Refresh successfully

2018-07-24 14:20:39 - [TEST_STEP][PASSED] - Statement - If (verifyError == false): null]]></system-out>
         <system-err><![CDATA[]]></system-err>
      </testcase>
      <testcase name="Test Cases/Merchant Portal/Campaign/TC001 Campaign - verify all case" classname="Test Cases/Merchant Portal/Campaign/TC001 Campaign - verify all case" status="PASSED">
         <system-out><![CDATA[2018-07-24 14:20:39 - [TEST_CASE][PASSED] - Test Cases/Merchant Portal/Campaign/TC001 Campaign - verify all case: Test Cases/Merchant Portal/Campaign/TC001 Campaign - verify all case

2018-07-24 14:20:39 - [TEST_STEP][PASSED] - Statement - randomWords = CustomKeywords.randomWords.GenerateNumber.randomString(4): randomWords.GenerateNumber.randomString is PASSED

2018-07-24 14:20:39 - [MESSAGE][PASSED] - randomWords.GenerateNumber.randomString is PASSED

2018-07-24 14:20:39 - [TEST_STEP][PASSED] - Statement - If (companyName.trim() != ""): null

2018-07-24 14:20:39 - [TEST_STEP][PASSED] - Statement - companyName = companyName + randomWords: null

2018-07-24 14:20:40 - [TEST_STEP][PASSED] - Statement - If (campaignInstruc.trim() != ""): null

2018-07-24 14:20:40 - [TEST_STEP][PASSED] - Statement - campaignInstruc = campaignInstruc + randomWords: null

2018-07-24 14:20:40 - [TEST_STEP][PASSED] - Statement - If (emailSender.trim() != ""): null

2018-07-24 14:20:40 - [TEST_STEP][PASSED] - Statement - email = emailSender: null

2018-07-24 14:20:40 - [TEST_STEP][PASSED] - Statement - splitEmail = email.split("@"): null

2018-07-24 14:20:40 - [TEST_STEP][PASSED] - Statement - numb = length: null

2018-07-24 14:20:40 - [TEST_STEP][PASSED] - Statement - If (numb > 1): null

2018-07-24 14:20:40 - [TEST_STEP][PASSED] - Statement - emailSender = splitEmail[0] + randomWords + "@" + splitEmail[1]: null

2018-07-24 14:20:40 - [TEST_STEP][PASSED] - Statement - If (emailSubject.trim() != ""): null

2018-07-24 14:20:40 - [TEST_STEP][PASSED] - Statement - emailSubject = emailSubject + randomWords: null

2018-07-24 14:20:40 - [TEST_STEP][PASSED] - Statement - If (emailContent.trim() != ""): null

2018-07-24 14:20:40 - [TEST_STEP][PASSED] - Statement - emailContent = emailContent + randomWords: null

2018-07-24 14:20:40 - [TEST_STEP][PASSED] - callTestCase: Call Test Case 'Test Cases/Merchant Portal/Campaign/Campagin Modules/create campaign' successfully

2018-07-24 14:20:40 - [TEST_CASE][PASSED] - Test Cases/Merchant Portal/Campaign/Campagin Modules/create campaign: Test Cases/Merchant Portal/Campaign/Campagin Modules/create campaign

2018-07-24 14:20:40 - [TEST_STEP][PASSED] - Statement - osName = "": null

2018-07-24 14:20:40 - [TEST_STEP][PASSED] - Statement - osName = CustomKeywords.os.DetectOS.getOperatingSystem(osName): os.DetectOS.getOperatingSystem is PASSED

2018-07-24 14:20:40 - [MESSAGE][PASSED] - os.DetectOS.getOperatingSystem is PASSED

2018-07-24 14:20:40 - [TEST_STEP][PASSED] - Statement - splitString = osName.split(): null

2018-07-24 14:20:40 - [TEST_STEP][PASSED] - Statement - os = splitString[0].toString(): null

2018-07-24 14:20:40 - [TEST_STEP][PASSED] - Statement - If (loggedin == false): null

2018-07-24 14:20:40 - [TEST_STEP][PASSED] - Statement - If (accessModule == false): null

2018-07-24 14:20:40 - [TEST_STEP][PASSED] - delay: Delayed 5 second(s)

2018-07-24 14:20:45 - [MESSAGE][PASSED] - Delayed 5 second(s)

2018-07-24 14:20:45 - [TEST_STEP][PASSED] - setText: Text 'Starbucks Reserve Ltd7D9K' is set on object 'Object Repository/Campaign_OR/Fields/a.input_company_name'

2018-07-24 14:20:45 - [MESSAGE][PASSED] - Text 'Starbucks Reserve Ltd7D9K' is set on object 'Object Repository/Campaign_OR/Fields/a.input_company_name'

2018-07-24 14:20:45 - [TEST_STEP][PASSED] - setText: Text 'Please subscribe with us and redeem a free coffee. Come join us now!7D9K' is set on object 'Object Repository/Campaign_OR/Fields/b.textarea_campaign_instruction'

2018-07-24 14:20:45 - [MESSAGE][PASSED] - Text 'Please subscribe with us and redeem a free coffee. Come join us now!7D9K' is set on object 'Object Repository/Campaign_OR/Fields/b.textarea_campaign_instruction'

2018-07-24 14:20:45 - [TEST_STEP][PASSED] - Statement - verifyEmail = false: null

2018-07-24 14:20:45 - [TEST_STEP][PASSED] - Statement - If (radioEmail.toLowerCase() == "true"): null

2018-07-24 14:20:45 - [TEST_STEP][PASSED] - Statement - verifyEmail = true: null

2018-07-24 14:20:45 - [TEST_STEP][PASSED] - Statement - If (verifyEmail == true): Object 'Object Repository/Campaign_OR/input_email' is visible

2018-07-24 14:20:45 - [TEST_STEP][PASSED] - Statement - If (com.kms.katalon.core.webui.keyword.WebUiBuiltInKeywords.verifyElementNotChecked(com.kms.katalon.core.testobject.ObjectRepository.findTestObject(Campaign_OR/Fields/c.checkbox_email), 1, OPTIONAL)): Object 'Object Repository/Campaign_OR/input_email' is visible

2018-07-24 14:20:45 - [MESSAGE][PASSED] - Object 'Object Repository/Campaign_OR/Fields/c.checkbox_email' is not checked

2018-07-24 14:20:45 - [TEST_STEP][PASSED] - delay: Delayed 1 second(s)

2018-07-24 14:20:46 - [MESSAGE][PASSED] - Delayed 1 second(s)

2018-07-24 14:20:46 - [TEST_STEP][PASSED] - click: Object: 'Object Repository/Campaign_OR/Fields/c.checkbox_email' is clicked on

2018-07-24 14:20:46 - [MESSAGE][PASSED] - Object: 'Object Repository/Campaign_OR/Fields/c.checkbox_email' is clicked on

2018-07-24 14:20:46 - [TEST_STEP][PASSED] - verifyElementVisible: Object 'Object Repository/Campaign_OR/input_email' is visible

2018-07-24 14:20:46 - [MESSAGE][PASSED] - Object 'Object Repository/Campaign_OR/input_email' is visible

2018-07-24 14:20:46 - [TEST_STEP][PASSED] - Statement - verifyMobileno = false: null

2018-07-24 14:20:46 - [TEST_STEP][PASSED] - Statement - If (radioMobileno.toLowerCase() == "true"): null

2018-07-24 14:20:46 - [TEST_STEP][PASSED] - Statement - If (verifyMobileno == true): null

2018-07-24 14:20:46 - [TEST_STEP][PASSED] - Statement - Else If (verifyMobileno == false): Object 'Object Repository/Campaign_OR/input_mobileno' is NOT visible

2018-07-24 14:20:46 - [TEST_STEP][PASSED] - Statement - If (com.kms.katalon.core.webui.keyword.WebUiBuiltInKeywords.verifyElementChecked(com.kms.katalon.core.testobject.ObjectRepository.findTestObject(Campaign_OR/Fields/d.checkbox_mobile_number), 1, OPTIONAL)): Object 'Object Repository/Campaign_OR/Fields/d.checkbox_mobile_number' is not checked

2018-07-24 14:20:47 - [MESSAGE][WARNING] - Object 'Object Repository/Campaign_OR/Fields/d.checkbox_mobile_number' is not checked
[[ATTACHMENT|C:\\Users\\kl.chan\\Katalon Studio\\boldreward\\Reports\\TS_Create_Campaign\\TS001 Create Campaign with negative testing\\20180724_140922\\1532413246904.png]]

2018-07-24 14:20:47 - [TEST_STEP][PASSED] - Statement - Else: Object 'Object Repository/Campaign_OR/input_mobileno' is NOT visible

2018-07-24 14:20:47 - [TEST_STEP][PASSED] - verifyElementNotVisible: Object 'Object Repository/Campaign_OR/input_mobileno' is NOT visible

2018-07-24 14:20:47 - [MESSAGE][PASSED] - Object 'Object Repository/Campaign_OR/input_mobileno' is NOT visible

2018-07-24 14:20:47 - [TEST_STEP][PASSED] - Statement - verifyName = false: null

2018-07-24 14:20:47 - [TEST_STEP][PASSED] - Statement - If (radioName.toLowerCase() == "true"): null

2018-07-24 14:20:47 - [TEST_STEP][PASSED] - Statement - If (verifyName == true): null

2018-07-24 14:20:47 - [TEST_STEP][PASSED] - Statement - Else If (verifyName == false): Object 'Object Repository/Campaign_OR/input_name' is NOT visible

2018-07-24 14:20:47 - [TEST_STEP][PASSED] - Statement - If (com.kms.katalon.core.webui.keyword.WebUiBuiltInKeywords.verifyElementChecked(com.kms.katalon.core.testobject.ObjectRepository.findTestObject(Campaign_OR/Fields/e.checkbox_name), 1, OPTIONAL)): Object 'Object Repository/Campaign_OR/Fields/e.checkbox_name' is not checked

2018-07-24 14:20:47 - [MESSAGE][WARNING] - Object 'Object Repository/Campaign_OR/Fields/e.checkbox_name' is not checked
[[ATTACHMENT|C:\\Users\\kl.chan\\Katalon Studio\\boldreward\\Reports\\TS_Create_Campaign\\TS001 Create Campaign with negative testing\\20180724_140922\\1532413247177.png]]

2018-07-24 14:20:47 - [TEST_STEP][PASSED] - Statement - Else: Object 'Object Repository/Campaign_OR/input_name' is NOT visible

2018-07-24 14:20:47 - [TEST_STEP][PASSED] - verifyElementNotVisible: Object 'Object Repository/Campaign_OR/input_name' is NOT visible

2018-07-24 14:20:47 - [MESSAGE][PASSED] - Object 'Object Repository/Campaign_OR/input_name' is NOT visible

2018-07-24 14:20:47 - [TEST_STEP][PASSED] - Statement - verifyGender = false: null

2018-07-24 14:20:47 - [TEST_STEP][PASSED] - Statement - If (radioGender.toLowerCase() == "true"): null

2018-07-24 14:20:47 - [TEST_STEP][PASSED] - Statement - If (verifyGender == true): null

2018-07-24 14:20:47 - [TEST_STEP][PASSED] - Statement - Else If (verifyGender == false): Object 'Object Repository/Campaign_OR/label_Female' is NOT visible

2018-07-24 14:20:47 - [TEST_STEP][PASSED] - Statement - If (com.kms.katalon.core.webui.keyword.WebUiBuiltInKeywords.verifyElementChecked(com.kms.katalon.core.testobject.ObjectRepository.findTestObject(Campaign_OR/Fields/f.checkbox_gender), 1, OPTIONAL)): Object 'Object Repository/Campaign_OR/Fields/f.checkbox_gender' is not checked

2018-07-24 14:20:47 - [MESSAGE][WARNING] - Object 'Object Repository/Campaign_OR/Fields/f.checkbox_gender' is not checked
[[ATTACHMENT|C:\\Users\\kl.chan\\Katalon Studio\\boldreward\\Reports\\TS_Create_Campaign\\TS001 Create Campaign with negative testing\\20180724_140922\\1532413247450.png]]

2018-07-24 14:20:47 - [TEST_STEP][PASSED] - Statement - Else: Object 'Object Repository/Campaign_OR/label_Female' is NOT visible

2018-07-24 14:20:47 - [TEST_STEP][PASSED] - verifyElementNotVisible: Object 'Object Repository/Campaign_OR/label_Male' is NOT visible

2018-07-24 14:20:47 - [MESSAGE][PASSED] - Object 'Object Repository/Campaign_OR/label_Male' is NOT visible

2018-07-24 14:20:47 - [TEST_STEP][PASSED] - verifyElementNotVisible: Object 'Object Repository/Campaign_OR/label_Female' is NOT visible

2018-07-24 14:20:47 - [MESSAGE][PASSED] - Object 'Object Repository/Campaign_OR/label_Female' is NOT visible

2018-07-24 14:20:47 - [TEST_STEP][PASSED] - Statement - verifyDOB = false: null

2018-07-24 14:20:47 - [TEST_STEP][PASSED] - Statement - If (radioDOB.toLowerCase() == "true"): null

2018-07-24 14:20:47 - [TEST_STEP][PASSED] - Statement - If (verifyDOB == true): null

2018-07-24 14:20:47 - [TEST_STEP][PASSED] - Statement - Else If (verifyDOB == false): Object 'Object Repository/Campaign_OR/input_datepicker' is NOT visible

2018-07-24 14:20:47 - [TEST_STEP][PASSED] - Statement - If (com.kms.katalon.core.webui.keyword.WebUiBuiltInKeywords.verifyElementChecked(com.kms.katalon.core.testobject.ObjectRepository.findTestObject(Campaign_OR/Fields/g.checkbox_dob), 1, OPTIONAL)): Object 'Object Repository/Campaign_OR/Fields/g.checkbox_dob' is not checked

2018-07-24 14:20:47 - [MESSAGE][WARNING] - Object 'Object Repository/Campaign_OR/Fields/g.checkbox_dob' is not checked
[[ATTACHMENT|C:\\Users\\kl.chan\\Katalon Studio\\boldreward\\Reports\\TS_Create_Campaign\\TS001 Create Campaign with negative testing\\20180724_140922\\1532413247778.png]]

2018-07-24 14:20:47 - [TEST_STEP][PASSED] - Statement - Else: Object 'Object Repository/Campaign_OR/input_datepicker' is NOT visible

2018-07-24 14:20:47 - [TEST_STEP][PASSED] - verifyElementNotVisible: Object 'Object Repository/Campaign_OR/input_datepicker' is NOT visible

2018-07-24 14:20:48 - [MESSAGE][PASSED] - Object 'Object Repository/Campaign_OR/input_datepicker' is NOT visible

2018-07-24 14:20:48 - [TEST_STEP][PASSED] - Statement - filepath = "": null

2018-07-24 14:20:48 - [TEST_STEP][PASSED] - Statement - If (os == "Windows"): null

2018-07-24 14:20:48 - [TEST_STEP][PASSED] - Statement - filepath = campaignImagePath: null

2018-07-24 14:20:48 - [TEST_STEP][PASSED] - Statement - verifyImgName = "": null

2018-07-24 14:20:48 - [TEST_STEP][PASSED] - Statement - uploadedImg = false: null

2018-07-24 14:20:48 - [TEST_STEP][PASSED] - Statement - If (filepath.trim() != "" && campaignImage.trim() != ""): null

2018-07-24 14:20:48 - [TEST_STEP][PASSED] - sendKeys: Keys 'C:\Users\kl.chan\Katalon Studio\boldreward\Images\Campaign Image\starbucks copy.jpg' sent to object: 'Object Repository/Campaign_OR/Fields/h.button_campaign_image_1'

2018-07-24 14:20:48 - [MESSAGE][PASSED] - Keys 'C:\Users\kl.chan\Katalon Studio\boldreward\Images\Campaign Image\starbucks copy.jpg' sent to object: 'Object Repository/Campaign_OR/Fields/h.button_campaign_image_1'

2018-07-24 14:20:48 - [TEST_STEP][PASSED] - delay: Delayed 1 second(s)

2018-07-24 14:20:49 - [MESSAGE][PASSED] - Delayed 1 second(s)

2018-07-24 14:20:49 - [TEST_STEP][PASSED] - Statement - If (com.kms.katalon.core.webui.keyword.WebUiBuiltInKeywords.waitForElementVisible(com.kms.katalon.core.testobject.ObjectRepository.findTestObject(Campaign_OR/uploadedCampaignImg), 30)): null

2018-07-24 14:20:49 - [MESSAGE][PASSED] - Object 'Object Repository/Campaign_OR/uploadedCampaignImg' is visible

2018-07-24 14:20:49 - [TEST_STEP][PASSED] - Statement - verifyImgName = com.kms.katalon.core.webui.keyword.WebUiBuiltInKeywords.getText(com.kms.katalon.core.testobject.ObjectRepository.findTestObject(Campaign_OR/uploadedCampaignImg)): Text of object 'Object Repository/Campaign_OR/uploadedCampaignImg' is: 'starbucks copy.jpg'

2018-07-24 14:20:49 - [MESSAGE][PASSED] - Text of object 'Object Repository/Campaign_OR/uploadedCampaignImg' is: 'starbucks copy.jpg'

2018-07-24 14:20:49 - [TEST_STEP][PASSED] - Statement - If (verifyImgName.equals(campaignImage) == true): null

2018-07-24 14:20:49 - [TEST_STEP][PASSED] - Statement - uploadedImg = true: null

2018-07-24 14:20:49 - [TEST_STEP][PASSED] - setText: Text 'http://www.starbucks.com.my/' is set on object 'Object Repository/Campaign_OR/Fields/i.k.input_tnc'

2018-07-24 14:20:49 - [MESSAGE][PASSED] - Text 'http://www.starbucks.com.my/' is set on object 'Object Repository/Campaign_OR/Fields/i.k.input_tnc'

2018-07-24 14:20:49 - [TEST_STEP][PASSED] - setText: Text 'kl.chan7D9K@macrokiosk.com' is set on object 'Object Repository/Campaign_OR/Fields/j.input_sender'

2018-07-24 14:20:49 - [MESSAGE][PASSED] - Text 'kl.chan7D9K@macrokiosk.com' is set on object 'Object Repository/Campaign_OR/Fields/j.input_sender'

2018-07-24 14:20:49 - [TEST_STEP][PASSED] - setText: Text 'Starbucks Reserve @ SIT7D9K' is set on object 'Object Repository/Campaign_OR/Fields/k.input_subject'

2018-07-24 14:20:49 - [MESSAGE][PASSED] - Text 'Starbucks Reserve @ SIT7D9K' is set on object 'Object Repository/Campaign_OR/Fields/k.input_subject'

2018-07-24 14:20:49 - [TEST_STEP][PASSED] - setText: Text 'Hello User, Welcome to our Starbucks Reserve @ SIT. Come subscribe with us and redeem more rewards.7D9K' is set on object 'Object Repository/Campaign_OR/Fields/l.textarea_content'

2018-07-24 14:20:50 - [MESSAGE][PASSED] - Text 'Hello User, Welcome to our Starbucks Reserve @ SIT. Come subscribe with us and redeem more rewards.7D9K' is set on object 'Object Repository/Campaign_OR/Fields/l.textarea_content'

2018-07-24 14:20:50 - [TEST_STEP][PASSED] - Statement - filepath = "": null

2018-07-24 14:20:50 - [TEST_STEP][PASSED] - Statement - If (os == "Windows"): null

2018-07-24 14:20:50 - [TEST_STEP][PASSED] - Statement - filepath = companyLogoPath: null

2018-07-24 14:20:50 - [TEST_STEP][PASSED] - Statement - verifyImgName = "": null

2018-07-24 14:20:50 - [TEST_STEP][PASSED] - Statement - uploadedImg = false: null

2018-07-24 14:20:50 - [TEST_STEP][PASSED] - Statement - reuploadCount = 0: null

2018-07-24 14:20:50 - [TEST_STEP][PASSED] - Statement - If (filepath.trim() != "" && companyLogo.trim() != ""): null

2018-07-24 14:20:50 - [TEST_STEP][PASSED] - sendKeys: Keys 'C:\Users\kl.chan\Katalon Studio\boldreward\Images\Company Logo\438_60.jpg' sent to object: 'Object Repository/Campaign_OR/Fields/m.button_company_logo_1'

2018-07-24 14:20:50 - [MESSAGE][PASSED] - Keys 'C:\Users\kl.chan\Katalon Studio\boldreward\Images\Company Logo\438_60.jpg' sent to object: 'Object Repository/Campaign_OR/Fields/m.button_company_logo_1'

2018-07-24 14:20:50 - [TEST_STEP][PASSED] - delay: Delayed 1 second(s)

2018-07-24 14:20:51 - [MESSAGE][PASSED] - Delayed 1 second(s)

2018-07-24 14:20:51 - [TEST_STEP][PASSED] - Statement - If (com.kms.katalon.core.webui.keyword.WebUiBuiltInKeywords.waitForElementVisible(com.kms.katalon.core.testobject.ObjectRepository.findTestObject(Campaign_OR/uploadedCompanyLogo), 30)): null

2018-07-24 14:20:51 - [MESSAGE][PASSED] - Object 'Object Repository/Campaign_OR/uploadedCompanyLogo' is visible

2018-07-24 14:20:51 - [TEST_STEP][PASSED] - Statement - verifyImgName = com.kms.katalon.core.webui.keyword.WebUiBuiltInKeywords.getText(com.kms.katalon.core.testobject.ObjectRepository.findTestObject(Campaign_OR/uploadedCompanyLogo)): Text of object 'Object Repository/Campaign_OR/uploadedCompanyLogo' is: '438_60.jpg'

2018-07-24 14:20:51 - [MESSAGE][PASSED] - Text of object 'Object Repository/Campaign_OR/uploadedCompanyLogo' is: '438_60.jpg'

2018-07-24 14:20:51 - [TEST_STEP][PASSED] - Statement - If (verifyImgName.equals(companyLogo) == true): null

2018-07-24 14:20:51 - [TEST_STEP][PASSED] - Statement - uploadedImg = true: null

2018-07-24 14:20:51 - [TEST_STEP][PASSED] - Statement - If (rewardCode == true): null

2018-07-24 14:20:51 - [TEST_STEP][PASSED] - Statement - Else If (rewardCode == false): Object: 'Object Repository/Campaign_OR/Fields/n.label_No' is clicked on

2018-07-24 14:20:51 - [TEST_STEP][PASSED] - click: Object: 'Object Repository/Campaign_OR/Fields/n.label_No' is clicked on

2018-07-24 14:20:51 - [MESSAGE][PASSED] - Object: 'Object Repository/Campaign_OR/Fields/n.label_No' is clicked on

2018-07-24 14:20:51 - [TEST_STEP][PASSED] - verifyElementChecked: Object 'Object Repository/Campaign_OR/Fields/radio_No' is checked

2018-07-24 14:20:51 - [MESSAGE][PASSED] - Object 'Object Repository/Campaign_OR/Fields/radio_No' is checked

2018-07-24 14:20:51 - [TEST_STEP][PASSED] - verifyElementChecked: Object 'Object Repository/Campaign_OR/Fields/radio_Yes' is not checked

2018-07-24 14:20:51 - [MESSAGE][WARNING] - Object 'Object Repository/Campaign_OR/Fields/radio_Yes' is not checked
[[ATTACHMENT|C:\\Users\\kl.chan\\Katalon Studio\\boldreward\\Reports\\TS_Create_Campaign\\TS001 Create Campaign with negative testing\\20180724_140922\\1532413251553.png]]

2018-07-24 14:20:51 - [TEST_STEP][PASSED] - click: Object: 'Object Repository/Campaign_OR/button_Save' is clicked on

2018-07-24 14:20:51 - [MESSAGE][PASSED] - Object: 'Object Repository/Campaign_OR/button_Save' is clicked on

2018-07-24 14:20:51 - [TEST_STEP][PASSED] - delay: Delayed 2 second(s)

2018-07-24 14:20:53 - [MESSAGE][PASSED] - Delayed 2 second(s)

2018-07-24 14:20:53 - [MESSAGE][PASSED] - Call Test Case 'Test Cases/Merchant Portal/Campaign/Campagin Modules/create campaign' successfully

2018-07-24 14:20:53 - [TEST_STEP][PASSED] - Statement - updateFailed = false: null

2018-07-24 14:20:53 - [TEST_STEP][PASSED] - Statement - If (com.kms.katalon.core.webui.keyword.WebUiBuiltInKeywords.waitForElementVisible(com.kms.katalon.core.testobject.ObjectRepository.findTestObject(a.Not_Assigned_OR/alert_msg_top), 3)): null

2018-07-24 14:20:53 - [MESSAGE][PASSED] - Object 'Object Repository/a.Not_Assigned_OR/alert_msg_top' is visible

2018-07-24 14:20:53 - [TEST_STEP][PASSED] - Statement - verifyPopoutMsg = com.kms.katalon.core.webui.keyword.WebUiBuiltInKeywords.getText(com.kms.katalon.core.testobject.ObjectRepository.findTestObject(a.Not_Assigned_OR/alert_msg_top)): Text of object 'Object Repository/a.Not_Assigned_OR/alert_msg_top' is: 'Oops! Invalid inputs, please try again.'

2018-07-24 14:20:53 - [MESSAGE][PASSED] - Text of object 'Object Repository/a.Not_Assigned_OR/alert_msg_top' is: 'Oops! Invalid inputs, please try again.'

2018-07-24 14:20:53 - [TEST_STEP][PASSED] - Statement - If (verifyPopoutMsg.equals(msgServer) == true): null

2018-07-24 14:20:53 - [TEST_STEP][PASSED] - Statement - updateFailed = true: null

2018-07-24 14:20:53 - [TEST_STEP][PASSED] - Statement - updateSuccess = false: null

2018-07-24 14:20:53 - [TEST_STEP][PASSED] - Statement - If (com.kms.katalon.core.webui.keyword.WebUiBuiltInKeywords.waitForElementVisible(com.kms.katalon.core.testobject.ObjectRepository.findTestObject(Campaign_OR/Error Message/msg_edit_success), 3)): Web element with id: 'Object Repository/Campaign_OR/Error Message/msg_edit_success' located by 'By.xpath: id("errorMessage")/p[@class="error-block"]' not found

2018-07-24 14:20:56 - [MESSAGE][WARNING] - Web element with id: 'Object Repository/Campaign_OR/Error Message/msg_edit_success' located by 'By.xpath: id("errorMessage")/p[@class="error-block"]' not found

2018-07-24 14:20:56 - [TEST_STEP][PASSED] - Statement - createSuccess = false: null

2018-07-24 14:20:56 - [TEST_STEP][PASSED] - Statement - If (com.kms.katalon.core.webui.keyword.WebUiBuiltInKeywords.waitForElementVisible(com.kms.katalon.core.testobject.ObjectRepository.findTestObject(Home_OR/label_home), 3)): Web element with id: 'Object Repository/Home_OR/label_home' located by 'By.xpath: id("wrapper")/div[@class="content-page"]/div[@class="content"]/div[@class="ng-scope"]/div[@class="ng-scope"]/div[@class="page-heading"]/h1[1][count(. | //h1[(text() = ' Home' or . = ' Home')]) = count(//h1[(text() = ' Home' or . = ' Home')])]' not found

2018-07-24 14:21:00 - [MESSAGE][WARNING] - Web element with id: 'Object Repository/Home_OR/label_home' located by 'By.xpath: id("wrapper")/div[@class="content-page"]/div[@class="content"]/div[@class="ng-scope"]/div[@class="ng-scope"]/div[@class="page-heading"]/h1[1][count(. | //h1[(text() = ' Home' or . = ' Home')]) = count(//h1[(text() = ' Home' or . = ' Home')])]' not found

2018-07-24 14:21:00 - [TEST_STEP][PASSED] - Statement - If (updateSuccess == true): null

2018-07-24 14:21:00 - [TEST_STEP][PASSED] - Statement - Else If (updateFailed == true): null

2018-07-24 14:21:00 - [TEST_STEP][PASSED] - Statement - verifyError = false: null

2018-07-24 14:21:00 - [TEST_STEP][PASSED] - Statement - If (companyName.trim() == ""): null

2018-07-24 14:21:00 - [TEST_STEP][PASSED] - Statement - If (campaignInstruc.trim() == ""): null

2018-07-24 14:21:00 - [TEST_STEP][PASSED] - Statement - If (radioEmail.toLowerCase() == "false"): null

2018-07-24 14:21:00 - [TEST_STEP][PASSED] - Statement - campaignImgName = com.kms.katalon.core.webui.keyword.WebUiBuiltInKeywords.getText(com.kms.katalon.core.testobject.ObjectRepository.findTestObject(Campaign_OR/uploadedCampaignImg)): Text of object 'Object Repository/Campaign_OR/uploadedCampaignImg' is: 'starbucks copy.jpg'

2018-07-24 14:21:00 - [MESSAGE][PASSED] - Text of object 'Object Repository/Campaign_OR/uploadedCampaignImg' is: 'starbucks copy.jpg'

2018-07-24 14:21:00 - [TEST_STEP][PASSED] - Statement - If (campaignImgName == ""): null

2018-07-24 14:21:00 - [TEST_STEP][PASSED] - Statement - If (emailSender.trim() == ""): null

2018-07-24 14:21:00 - [TEST_STEP][PASSED] - Statement - If (emailSubject.trim() == ""): null

2018-07-24 14:21:00 - [TEST_STEP][PASSED] - Statement - If (emailContent.trim() == ""): null

2018-07-24 14:21:00 - [TEST_STEP][PASSED] - Statement - companyLogoName = com.kms.katalon.core.webui.keyword.WebUiBuiltInKeywords.getText(com.kms.katalon.core.testobject.ObjectRepository.findTestObject(Campaign_OR/uploadedCompanyLogo)): Text of object 'Object Repository/Campaign_OR/uploadedCompanyLogo' is: '438_60.jpg'

2018-07-24 14:21:00 - [MESSAGE][PASSED] - Text of object 'Object Repository/Campaign_OR/uploadedCompanyLogo' is: '438_60.jpg'

2018-07-24 14:21:00 - [TEST_STEP][PASSED] - Statement - If (companyLogoName == ""): null

2018-07-24 14:21:00 - [TEST_STEP][PASSED] - Statement - If (com.kms.katalon.core.webui.keyword.WebUiBuiltInKeywords.waitForElementVisible(com.kms.katalon.core.testobject.ObjectRepository.findTestObject(Campaign_OR/Error Message/msg_cpgn_image2), 2)): Web element with id: 'Object Repository/Campaign_OR/Error Message/msg_cpgn_image2' located by 'By.xpath: id("campaignImage")/p[@class="error-block ng-binding"][count(. | //p[@class = 'error-block ng-binding' and @ng-hide = 'CC.errorImage == 200 || CC.errorImage == undefined']) = count(//p[@class = 'error-block ng-binding' and @ng-hide = 'CC.errorImage == 200 || CC.errorImage == undefined'])]' not found

2018-07-24 14:21:02 - [MESSAGE][WARNING] - Web element with id: 'Object Repository/Campaign_OR/Error Message/msg_cpgn_image2' located by 'By.xpath: id("campaignImage")/p[@class="error-block ng-binding"][count(. | //p[@class = 'error-block ng-binding' and @ng-hide = 'CC.errorImage == 200 || CC.errorImage == undefined']) = count(//p[@class = 'error-block ng-binding' and @ng-hide = 'CC.errorImage == 200 || CC.errorImage == undefined'])]' not found

2018-07-24 14:21:02 - [TEST_STEP][PASSED] - Statement - If (com.kms.katalon.core.webui.keyword.WebUiBuiltInKeywords.waitForElementVisible(com.kms.katalon.core.testobject.ObjectRepository.findTestObject(Campaign_OR/Error Message/msg_TCURL), 2)): Web element with id: 'Object Repository/Campaign_OR/Error Message/msg_TCURL' located by 'By.xpath: id("wrapper")/div[@class="content-page"]/div[@class="content"]/div[@class="ng-scope"]/div[@class="row ng-scope"]/div[@class="col-md-7"]/div[@class="widget"]/div[@class="widget-content padding"]/div[@class="form-horizontal"]/div[@class="form-group"]/div[@id="tncUrl"]/p[@class="error-block"][count(. | //p[(text() = 'Invalid format, please follow as http://wwww.example.com' or . = 'Invalid format, please follow as http://wwww.example.com')]) = count(//p[(text() = 'Invalid format, please follow as http://wwww.example.com' or . = 'Invalid format, please follow as http://wwww.example.com')])]' not found

2018-07-24 14:21:04 - [MESSAGE][WARNING] - Web element with id: 'Object Repository/Campaign_OR/Error Message/msg_TCURL' located by 'By.xpath: id("wrapper")/div[@class="content-page"]/div[@class="content"]/div[@class="ng-scope"]/div[@class="row ng-scope"]/div[@class="col-md-7"]/div[@class="widget"]/div[@class="widget-content padding"]/div[@class="form-horizontal"]/div[@class="form-group"]/div[@id="tncUrl"]/p[@class="error-block"][count(. | //p[(text() = 'Invalid format, please follow as http://wwww.example.com' or . = 'Invalid format, please follow as http://wwww.example.com')]) = count(//p[(text() = 'Invalid format, please follow as http://wwww.example.com' or . = 'Invalid format, please follow as http://wwww.example.com')])]' not found

2018-07-24 14:21:04 - [TEST_STEP][PASSED] - Statement - If (emailSender.trim() != ""): Web element with id: 'Object Repository/Campaign_OR/Error Message/msg_sender' located by 'By.xpath: id("emailSender")/p[@class="error-block"]' not found

2018-07-24 14:21:04 - [TEST_STEP][PASSED] - Statement - If (com.kms.katalon.core.webui.keyword.WebUiBuiltInKeywords.waitForElementVisible(com.kms.katalon.core.testobject.ObjectRepository.findTestObject(Campaign_OR/Error Message/msg_sender), 2)): Web element with id: 'Object Repository/Campaign_OR/Error Message/msg_sender' located by 'By.xpath: id("emailSender")/p[@class="error-block"]' not found

2018-07-24 14:21:06 - [MESSAGE][WARNING] - Web element with id: 'Object Repository/Campaign_OR/Error Message/msg_sender' located by 'By.xpath: id("emailSender")/p[@class="error-block"]' not found

2018-07-24 14:21:06 - [TEST_STEP][PASSED] - Statement - If (com.kms.katalon.core.webui.keyword.WebUiBuiltInKeywords.waitForElementVisible(com.kms.katalon.core.testobject.ObjectRepository.findTestObject(Campaign_OR/Error Message/msg_company_logo), 2)): null

2018-07-24 14:21:06 - [MESSAGE][PASSED] - Object 'Object Repository/Campaign_OR/Error Message/msg_company_logo' is visible

2018-07-24 14:21:06 - [TEST_STEP][PASSED] - Statement - verifyCompanyLogo = com.kms.katalon.core.webui.keyword.WebUiBuiltInKeywords.getText(com.kms.katalon.core.testobject.ObjectRepository.findTestObject(Campaign_OR/Error Message/msg_company_logo)): Text of object 'Object Repository/Campaign_OR/Error Message/msg_company_logo' is: 'Invalid image dimension'

2018-07-24 14:21:06 - [MESSAGE][PASSED] - Text of object 'Object Repository/Campaign_OR/Error Message/msg_company_logo' is: 'Invalid image dimension'

2018-07-24 14:21:06 - [TEST_STEP][PASSED] - Statement - If (verifyCompanyLogo.equals(msgInvalidSize)): null

2018-07-24 14:21:06 - [TEST_STEP][PASSED] - Statement - Else If (verifyCompanyLogo.equals(msgInvalidDi)): null

2018-07-24 14:21:06 - [TEST_STEP][PASSED] - Statement - verifyError = true: null

2018-07-24 14:21:06 - [TEST_STEP][PASSED] - refresh: Refresh successfully

2018-07-24 14:21:06 - [MESSAGE][PASSED] - Refresh successfully

2018-07-24 14:21:06 - [TEST_STEP][PASSED] - Statement - If (verifyError == false): null]]></system-out>
         <system-err><![CDATA[]]></system-err>
      </testcase>
      <testcase name="Test Cases/Merchant Portal/Campaign/TC001 Campaign - verify all case" classname="Test Cases/Merchant Portal/Campaign/TC001 Campaign - verify all case" status="PASSED">
         <system-out><![CDATA[2018-07-24 14:21:06 - [TEST_CASE][PASSED] - Test Cases/Merchant Portal/Campaign/TC001 Campaign - verify all case: Test Cases/Merchant Portal/Campaign/TC001 Campaign - verify all case

2018-07-24 14:21:06 - [TEST_STEP][PASSED] - Statement - randomWords = CustomKeywords.randomWords.GenerateNumber.randomString(4): randomWords.GenerateNumber.randomString is PASSED

2018-07-24 14:21:06 - [MESSAGE][PASSED] - randomWords.GenerateNumber.randomString is PASSED

2018-07-24 14:21:06 - [TEST_STEP][PASSED] - Statement - If (companyName.trim() != ""): null

2018-07-24 14:21:06 - [TEST_STEP][PASSED] - Statement - companyName = companyName + randomWords: null

2018-07-24 14:21:06 - [TEST_STEP][PASSED] - Statement - If (campaignInstruc.trim() != ""): null

2018-07-24 14:21:06 - [TEST_STEP][PASSED] - Statement - campaignInstruc = campaignInstruc + randomWords: null

2018-07-24 14:21:06 - [TEST_STEP][PASSED] - Statement - If (emailSender.trim() != ""): null

2018-07-24 14:21:06 - [TEST_STEP][PASSED] - Statement - email = emailSender: null

2018-07-24 14:21:06 - [TEST_STEP][PASSED] - Statement - splitEmail = email.split("@"): null

2018-07-24 14:21:06 - [TEST_STEP][PASSED] - Statement - numb = length: null

2018-07-24 14:21:06 - [TEST_STEP][PASSED] - Statement - If (numb > 1): null

2018-07-24 14:21:06 - [TEST_STEP][PASSED] - Statement - emailSender = splitEmail[0] + randomWords + "@" + splitEmail[1]: null

2018-07-24 14:21:06 - [TEST_STEP][PASSED] - Statement - If (emailSubject.trim() != ""): null

2018-07-24 14:21:06 - [TEST_STEP][PASSED] - Statement - emailSubject = emailSubject + randomWords: null

2018-07-24 14:21:06 - [TEST_STEP][PASSED] - Statement - If (emailContent.trim() != ""): null

2018-07-24 14:21:06 - [TEST_STEP][PASSED] - Statement - emailContent = emailContent + randomWords: null

2018-07-24 14:21:06 - [TEST_STEP][PASSED] - callTestCase: Call Test Case 'Test Cases/Merchant Portal/Campaign/Campagin Modules/create campaign' successfully

2018-07-24 14:21:06 - [TEST_CASE][PASSED] - Test Cases/Merchant Portal/Campaign/Campagin Modules/create campaign: Test Cases/Merchant Portal/Campaign/Campagin Modules/create campaign

2018-07-24 14:21:06 - [TEST_STEP][PASSED] - Statement - osName = "": null

2018-07-24 14:21:06 - [TEST_STEP][PASSED] - Statement - osName = CustomKeywords.os.DetectOS.getOperatingSystem(osName): os.DetectOS.getOperatingSystem is PASSED

2018-07-24 14:21:06 - [MESSAGE][PASSED] - os.DetectOS.getOperatingSystem is PASSED

2018-07-24 14:21:06 - [TEST_STEP][PASSED] - Statement - splitString = osName.split(): null

2018-07-24 14:21:06 - [TEST_STEP][PASSED] - Statement - os = splitString[0].toString(): null

2018-07-24 14:21:06 - [TEST_STEP][PASSED] - Statement - If (loggedin == false): null

2018-07-24 14:21:06 - [TEST_STEP][PASSED] - Statement - If (accessModule == false): null

2018-07-24 14:21:06 - [TEST_STEP][PASSED] - delay: Delayed 5 second(s)

2018-07-24 14:21:11 - [MESSAGE][PASSED] - Delayed 5 second(s)

2018-07-24 14:21:11 - [TEST_STEP][PASSED] - setText: Text 'Starbucks Reserve LtdIUwJ' is set on object 'Object Repository/Campaign_OR/Fields/a.input_company_name'

2018-07-24 14:21:12 - [MESSAGE][PASSED] - Text 'Starbucks Reserve LtdIUwJ' is set on object 'Object Repository/Campaign_OR/Fields/a.input_company_name'

2018-07-24 14:21:12 - [TEST_STEP][PASSED] - setText: Text 'Please subscribe with us and redeem a free coffee. Come join us now!IUwJ' is set on object 'Object Repository/Campaign_OR/Fields/b.textarea_campaign_instruction'

2018-07-24 14:21:12 - [MESSAGE][PASSED] - Text 'Please subscribe with us and redeem a free coffee. Come join us now!IUwJ' is set on object 'Object Repository/Campaign_OR/Fields/b.textarea_campaign_instruction'

2018-07-24 14:21:12 - [TEST_STEP][PASSED] - Statement - verifyEmail = false: null

2018-07-24 14:21:12 - [TEST_STEP][PASSED] - Statement - If (radioEmail.toLowerCase() == "true"): null

2018-07-24 14:21:12 - [TEST_STEP][PASSED] - Statement - verifyEmail = true: null

2018-07-24 14:21:12 - [TEST_STEP][PASSED] - Statement - If (verifyEmail == true): Object 'Object Repository/Campaign_OR/input_email' is visible

2018-07-24 14:21:12 - [TEST_STEP][PASSED] - Statement - If (com.kms.katalon.core.webui.keyword.WebUiBuiltInKeywords.verifyElementNotChecked(com.kms.katalon.core.testobject.ObjectRepository.findTestObject(Campaign_OR/Fields/c.checkbox_email), 1, OPTIONAL)): Object 'Object Repository/Campaign_OR/input_email' is visible

2018-07-24 14:21:12 - [MESSAGE][PASSED] - Object 'Object Repository/Campaign_OR/Fields/c.checkbox_email' is not checked

2018-07-24 14:21:12 - [TEST_STEP][PASSED] - delay: Delayed 1 second(s)

2018-07-24 14:21:13 - [MESSAGE][PASSED] - Delayed 1 second(s)

2018-07-24 14:21:13 - [TEST_STEP][PASSED] - click: Object: 'Object Repository/Campaign_OR/Fields/c.checkbox_email' is clicked on

2018-07-24 14:21:13 - [MESSAGE][PASSED] - Object: 'Object Repository/Campaign_OR/Fields/c.checkbox_email' is clicked on

2018-07-24 14:21:13 - [TEST_STEP][PASSED] - verifyElementVisible: Object 'Object Repository/Campaign_OR/input_email' is visible

2018-07-24 14:21:13 - [MESSAGE][PASSED] - Object 'Object Repository/Campaign_OR/input_email' is visible

2018-07-24 14:21:13 - [TEST_STEP][PASSED] - Statement - verifyMobileno = false: null

2018-07-24 14:21:13 - [TEST_STEP][PASSED] - Statement - If (radioMobileno.toLowerCase() == "true"): null

2018-07-24 14:21:13 - [TEST_STEP][PASSED] - Statement - If (verifyMobileno == true): null

2018-07-24 14:21:13 - [TEST_STEP][PASSED] - Statement - Else If (verifyMobileno == false): Object 'Object Repository/Campaign_OR/input_mobileno' is NOT visible

2018-07-24 14:21:13 - [TEST_STEP][PASSED] - Statement - If (com.kms.katalon.core.webui.keyword.WebUiBuiltInKeywords.verifyElementChecked(com.kms.katalon.core.testobject.ObjectRepository.findTestObject(Campaign_OR/Fields/d.checkbox_mobile_number), 1, OPTIONAL)): Object 'Object Repository/Campaign_OR/Fields/d.checkbox_mobile_number' is not checked

2018-07-24 14:21:13 - [MESSAGE][WARNING] - Object 'Object Repository/Campaign_OR/Fields/d.checkbox_mobile_number' is not checked
[[ATTACHMENT|C:\\Users\\kl.chan\\Katalon Studio\\boldreward\\Reports\\TS_Create_Campaign\\TS001 Create Campaign with negative testing\\20180724_140922\\1532413273774.png]]

2018-07-24 14:21:13 - [TEST_STEP][PASSED] - Statement - Else: Object 'Object Repository/Campaign_OR/input_mobileno' is NOT visible

2018-07-24 14:21:13 - [TEST_STEP][PASSED] - verifyElementNotVisible: Object 'Object Repository/Campaign_OR/input_mobileno' is NOT visible

2018-07-24 14:21:14 - [MESSAGE][PASSED] - Object 'Object Repository/Campaign_OR/input_mobileno' is NOT visible

2018-07-24 14:21:14 - [TEST_STEP][PASSED] - Statement - verifyName = false: null

2018-07-24 14:21:14 - [TEST_STEP][PASSED] - Statement - If (radioName.toLowerCase() == "true"): null

2018-07-24 14:21:14 - [TEST_STEP][PASSED] - Statement - If (verifyName == true): null

2018-07-24 14:21:14 - [TEST_STEP][PASSED] - Statement - Else If (verifyName == false): Object 'Object Repository/Campaign_OR/input_name' is NOT visible

2018-07-24 14:21:14 - [TEST_STEP][PASSED] - Statement - If (com.kms.katalon.core.webui.keyword.WebUiBuiltInKeywords.verifyElementChecked(com.kms.katalon.core.testobject.ObjectRepository.findTestObject(Campaign_OR/Fields/e.checkbox_name), 1, OPTIONAL)): Object 'Object Repository/Campaign_OR/Fields/e.checkbox_name' is not checked

2018-07-24 14:21:14 - [MESSAGE][WARNING] - Object 'Object Repository/Campaign_OR/Fields/e.checkbox_name' is not checked
[[ATTACHMENT|C:\\Users\\kl.chan\\Katalon Studio\\boldreward\\Reports\\TS_Create_Campaign\\TS001 Create Campaign with negative testing\\20180724_140922\\1532413274059.png]]

2018-07-24 14:21:14 - [TEST_STEP][PASSED] - Statement - Else: Object 'Object Repository/Campaign_OR/input_name' is NOT visible

2018-07-24 14:21:14 - [TEST_STEP][PASSED] - verifyElementNotVisible: Object 'Object Repository/Campaign_OR/input_name' is NOT visible

2018-07-24 14:21:14 - [MESSAGE][PASSED] - Object 'Object Repository/Campaign_OR/input_name' is NOT visible

2018-07-24 14:21:14 - [TEST_STEP][PASSED] - Statement - verifyGender = false: null

2018-07-24 14:21:14 - [TEST_STEP][PASSED] - Statement - If (radioGender.toLowerCase() == "true"): null

2018-07-24 14:21:14 - [TEST_STEP][PASSED] - Statement - If (verifyGender == true): null

2018-07-24 14:21:14 - [TEST_STEP][PASSED] - Statement - Else If (verifyGender == false): Object 'Object Repository/Campaign_OR/label_Female' is NOT visible

2018-07-24 14:21:14 - [TEST_STEP][PASSED] - Statement - If (com.kms.katalon.core.webui.keyword.WebUiBuiltInKeywords.verifyElementChecked(com.kms.katalon.core.testobject.ObjectRepository.findTestObject(Campaign_OR/Fields/f.checkbox_gender), 1, OPTIONAL)): Object 'Object Repository/Campaign_OR/Fields/f.checkbox_gender' is not checked

2018-07-24 14:21:14 - [MESSAGE][WARNING] - Object 'Object Repository/Campaign_OR/Fields/f.checkbox_gender' is not checked
[[ATTACHMENT|C:\\Users\\kl.chan\\Katalon Studio\\boldreward\\Reports\\TS_Create_Campaign\\TS001 Create Campaign with negative testing\\20180724_140922\\1532413274329.png]]

2018-07-24 14:21:14 - [TEST_STEP][PASSED] - Statement - Else: Object 'Object Repository/Campaign_OR/label_Female' is NOT visible

2018-07-24 14:21:14 - [TEST_STEP][PASSED] - verifyElementNotVisible: Object 'Object Repository/Campaign_OR/label_Male' is NOT visible

2018-07-24 14:21:14 - [MESSAGE][PASSED] - Object 'Object Repository/Campaign_OR/label_Male' is NOT visible

2018-07-24 14:21:14 - [TEST_STEP][PASSED] - verifyElementNotVisible: Object 'Object Repository/Campaign_OR/label_Female' is NOT visible

2018-07-24 14:21:14 - [MESSAGE][PASSED] - Object 'Object Repository/Campaign_OR/label_Female' is NOT visible

2018-07-24 14:21:14 - [TEST_STEP][PASSED] - Statement - verifyDOB = false: null

2018-07-24 14:21:14 - [TEST_STEP][PASSED] - Statement - If (radioDOB.toLowerCase() == "true"): null

2018-07-24 14:21:14 - [TEST_STEP][PASSED] - Statement - If (verifyDOB == true): null

2018-07-24 14:21:14 - [TEST_STEP][PASSED] - Statement - Else If (verifyDOB == false): Object 'Object Repository/Campaign_OR/input_datepicker' is NOT visible

2018-07-24 14:21:14 - [TEST_STEP][PASSED] - Statement - If (com.kms.katalon.core.webui.keyword.WebUiBuiltInKeywords.verifyElementChecked(com.kms.katalon.core.testobject.ObjectRepository.findTestObject(Campaign_OR/Fields/g.checkbox_dob), 1, OPTIONAL)): Object 'Object Repository/Campaign_OR/Fields/g.checkbox_dob' is not checked

2018-07-24 14:21:14 - [MESSAGE][WARNING] - Object 'Object Repository/Campaign_OR/Fields/g.checkbox_dob' is not checked
[[ATTACHMENT|C:\\Users\\kl.chan\\Katalon Studio\\boldreward\\Reports\\TS_Create_Campaign\\TS001 Create Campaign with negative testing\\20180724_140922\\1532413274621.png]]

2018-07-24 14:21:14 - [TEST_STEP][PASSED] - Statement - Else: Object 'Object Repository/Campaign_OR/input_datepicker' is NOT visible

2018-07-24 14:21:14 - [TEST_STEP][PASSED] - verifyElementNotVisible: Object 'Object Repository/Campaign_OR/input_datepicker' is NOT visible

2018-07-24 14:21:14 - [MESSAGE][PASSED] - Object 'Object Repository/Campaign_OR/input_datepicker' is NOT visible

2018-07-24 14:21:14 - [TEST_STEP][PASSED] - Statement - filepath = "": null

2018-07-24 14:21:14 - [TEST_STEP][PASSED] - Statement - If (os == "Windows"): null

2018-07-24 14:21:14 - [TEST_STEP][PASSED] - Statement - filepath = campaignImagePath: null

2018-07-24 14:21:14 - [TEST_STEP][PASSED] - Statement - verifyImgName = "": null

2018-07-24 14:21:14 - [TEST_STEP][PASSED] - Statement - uploadedImg = false: null

2018-07-24 14:21:14 - [TEST_STEP][PASSED] - Statement - If (filepath.trim() != "" && campaignImage.trim() != ""): null

2018-07-24 14:21:14 - [TEST_STEP][PASSED] - sendKeys: Keys 'C:\Users\kl.chan\Katalon Studio\boldreward\Images\Campaign Image\starbucks copy.jpg' sent to object: 'Object Repository/Campaign_OR/Fields/h.button_campaign_image_1'

2018-07-24 14:21:14 - [MESSAGE][PASSED] - Keys 'C:\Users\kl.chan\Katalon Studio\boldreward\Images\Campaign Image\starbucks copy.jpg' sent to object: 'Object Repository/Campaign_OR/Fields/h.button_campaign_image_1'

2018-07-24 14:21:14 - [TEST_STEP][PASSED] - delay: Delayed 1 second(s)

2018-07-24 14:21:15 - [MESSAGE][PASSED] - Delayed 1 second(s)

2018-07-24 14:21:15 - [TEST_STEP][PASSED] - Statement - If (com.kms.katalon.core.webui.keyword.WebUiBuiltInKeywords.waitForElementVisible(com.kms.katalon.core.testobject.ObjectRepository.findTestObject(Campaign_OR/uploadedCampaignImg), 30)): null

2018-07-24 14:21:15 - [MESSAGE][PASSED] - Object 'Object Repository/Campaign_OR/uploadedCampaignImg' is visible

2018-07-24 14:21:15 - [TEST_STEP][PASSED] - Statement - verifyImgName = com.kms.katalon.core.webui.keyword.WebUiBuiltInKeywords.getText(com.kms.katalon.core.testobject.ObjectRepository.findTestObject(Campaign_OR/uploadedCampaignImg)): Text of object 'Object Repository/Campaign_OR/uploadedCampaignImg' is: 'starbucks copy.jpg'

2018-07-24 14:21:15 - [MESSAGE][PASSED] - Text of object 'Object Repository/Campaign_OR/uploadedCampaignImg' is: 'starbucks copy.jpg'

2018-07-24 14:21:15 - [TEST_STEP][PASSED] - Statement - If (verifyImgName.equals(campaignImage) == true): null

2018-07-24 14:21:15 - [TEST_STEP][PASSED] - Statement - uploadedImg = true: null

2018-07-24 14:21:15 - [TEST_STEP][PASSED] - setText: Text 'http://www.starbucks.com.my/' is set on object 'Object Repository/Campaign_OR/Fields/i.k.input_tnc'

2018-07-24 14:21:16 - [MESSAGE][PASSED] - Text 'http://www.starbucks.com.my/' is set on object 'Object Repository/Campaign_OR/Fields/i.k.input_tnc'

2018-07-24 14:21:16 - [TEST_STEP][PASSED] - setText: Text 'kl.chanIUwJ@macrokiosk.com' is set on object 'Object Repository/Campaign_OR/Fields/j.input_sender'

2018-07-24 14:21:16 - [MESSAGE][PASSED] - Text 'kl.chanIUwJ@macrokiosk.com' is set on object 'Object Repository/Campaign_OR/Fields/j.input_sender'

2018-07-24 14:21:16 - [TEST_STEP][PASSED] - setText: Text 'Starbucks Reserve @ SITIUwJ' is set on object 'Object Repository/Campaign_OR/Fields/k.input_subject'

2018-07-24 14:21:16 - [MESSAGE][PASSED] - Text 'Starbucks Reserve @ SITIUwJ' is set on object 'Object Repository/Campaign_OR/Fields/k.input_subject'

2018-07-24 14:21:16 - [TEST_STEP][PASSED] - setText: Text 'Hello User, Welcome to our Starbucks Reserve @ SIT. Come subscribe with us and redeem more rewards.IUwJ' is set on object 'Object Repository/Campaign_OR/Fields/l.textarea_content'

2018-07-24 14:21:17 - [MESSAGE][PASSED] - Text 'Hello User, Welcome to our Starbucks Reserve @ SIT. Come subscribe with us and redeem more rewards.IUwJ' is set on object 'Object Repository/Campaign_OR/Fields/l.textarea_content'

2018-07-24 14:21:17 - [TEST_STEP][PASSED] - Statement - filepath = "": null

2018-07-24 14:21:17 - [TEST_STEP][PASSED] - Statement - If (os == "Windows"): null

2018-07-24 14:21:17 - [TEST_STEP][PASSED] - Statement - filepath = companyLogoPath: null

2018-07-24 14:21:17 - [TEST_STEP][PASSED] - Statement - verifyImgName = "": null

2018-07-24 14:21:17 - [TEST_STEP][PASSED] - Statement - uploadedImg = false: null

2018-07-24 14:21:17 - [TEST_STEP][PASSED] - Statement - reuploadCount = 0: null

2018-07-24 14:21:17 - [TEST_STEP][PASSED] - Statement - If (filepath.trim() != "" && companyLogo.trim() != ""): null

2018-07-24 14:21:17 - [TEST_STEP][PASSED] - sendKeys: Keys 'C:\Users\kl.chan\Katalon Studio\boldreward\Images\Company Logo\Oversize.png' sent to object: 'Object Repository/Campaign_OR/Fields/m.button_company_logo_1'

2018-07-24 14:21:17 - [MESSAGE][PASSED] - Keys 'C:\Users\kl.chan\Katalon Studio\boldreward\Images\Company Logo\Oversize.png' sent to object: 'Object Repository/Campaign_OR/Fields/m.button_company_logo_1'

2018-07-24 14:21:17 - [TEST_STEP][PASSED] - delay: Delayed 1 second(s)

2018-07-24 14:21:18 - [MESSAGE][PASSED] - Delayed 1 second(s)

2018-07-24 14:21:18 - [TEST_STEP][PASSED] - Statement - If (com.kms.katalon.core.webui.keyword.WebUiBuiltInKeywords.waitForElementVisible(com.kms.katalon.core.testobject.ObjectRepository.findTestObject(Campaign_OR/uploadedCompanyLogo), 30)): null

2018-07-24 14:21:18 - [MESSAGE][PASSED] - Object 'Object Repository/Campaign_OR/uploadedCompanyLogo' is visible

2018-07-24 14:21:18 - [TEST_STEP][PASSED] - Statement - verifyImgName = com.kms.katalon.core.webui.keyword.WebUiBuiltInKeywords.getText(com.kms.katalon.core.testobject.ObjectRepository.findTestObject(Campaign_OR/uploadedCompanyLogo)): Text of object 'Object Repository/Campaign_OR/uploadedCompanyLogo' is: 'Oversize.png'

2018-07-24 14:21:18 - [MESSAGE][PASSED] - Text of object 'Object Repository/Campaign_OR/uploadedCompanyLogo' is: 'Oversize.png'

2018-07-24 14:21:18 - [TEST_STEP][PASSED] - Statement - If (verifyImgName.equals(companyLogo) == true): null

2018-07-24 14:21:18 - [TEST_STEP][PASSED] - Statement - uploadedImg = true: null

2018-07-24 14:21:18 - [TEST_STEP][PASSED] - Statement - If (rewardCode == true): null

2018-07-24 14:21:18 - [TEST_STEP][PASSED] - Statement - Else If (rewardCode == false): Object: 'Object Repository/Campaign_OR/Fields/n.label_No' is clicked on

2018-07-24 14:21:18 - [TEST_STEP][PASSED] - click: Object: 'Object Repository/Campaign_OR/Fields/n.label_No' is clicked on

2018-07-24 14:21:18 - [MESSAGE][PASSED] - Object: 'Object Repository/Campaign_OR/Fields/n.label_No' is clicked on

2018-07-24 14:21:18 - [TEST_STEP][PASSED] - verifyElementChecked: Object 'Object Repository/Campaign_OR/Fields/radio_No' is checked

2018-07-24 14:21:18 - [MESSAGE][PASSED] - Object 'Object Repository/Campaign_OR/Fields/radio_No' is checked

2018-07-24 14:21:18 - [TEST_STEP][PASSED] - verifyElementChecked: Object 'Object Repository/Campaign_OR/Fields/radio_Yes' is not checked

2018-07-24 14:21:18 - [MESSAGE][WARNING] - Object 'Object Repository/Campaign_OR/Fields/radio_Yes' is not checked
[[ATTACHMENT|C:\\Users\\kl.chan\\Katalon Studio\\boldreward\\Reports\\TS_Create_Campaign\\TS001 Create Campaign with negative testing\\20180724_140922\\1532413278367.png]]

2018-07-24 14:21:18 - [TEST_STEP][PASSED] - click: Object: 'Object Repository/Campaign_OR/button_Save' is clicked on

2018-07-24 14:21:18 - [MESSAGE][PASSED] - Object: 'Object Repository/Campaign_OR/button_Save' is clicked on

2018-07-24 14:21:18 - [TEST_STEP][PASSED] - delay: Delayed 2 second(s)

2018-07-24 14:21:20 - [MESSAGE][PASSED] - Delayed 2 second(s)

2018-07-24 14:21:20 - [MESSAGE][PASSED] - Call Test Case 'Test Cases/Merchant Portal/Campaign/Campagin Modules/create campaign' successfully

2018-07-24 14:21:20 - [TEST_STEP][PASSED] - Statement - updateFailed = false: null

2018-07-24 14:21:20 - [TEST_STEP][PASSED] - Statement - If (com.kms.katalon.core.webui.keyword.WebUiBuiltInKeywords.waitForElementVisible(com.kms.katalon.core.testobject.ObjectRepository.findTestObject(a.Not_Assigned_OR/alert_msg_top), 3)): null

2018-07-24 14:21:20 - [MESSAGE][PASSED] - Object 'Object Repository/a.Not_Assigned_OR/alert_msg_top' is visible

2018-07-24 14:21:20 - [TEST_STEP][PASSED] - Statement - verifyPopoutMsg = com.kms.katalon.core.webui.keyword.WebUiBuiltInKeywords.getText(com.kms.katalon.core.testobject.ObjectRepository.findTestObject(a.Not_Assigned_OR/alert_msg_top)): Text of object 'Object Repository/a.Not_Assigned_OR/alert_msg_top' is: 'Oops! Invalid inputs, please try again.'

2018-07-24 14:21:20 - [MESSAGE][PASSED] - Text of object 'Object Repository/a.Not_Assigned_OR/alert_msg_top' is: 'Oops! Invalid inputs, please try again.'

2018-07-24 14:21:20 - [TEST_STEP][PASSED] - Statement - If (verifyPopoutMsg.equals(msgServer) == true): null

2018-07-24 14:21:20 - [TEST_STEP][PASSED] - Statement - updateFailed = true: null

2018-07-24 14:21:20 - [TEST_STEP][PASSED] - Statement - updateSuccess = false: null

2018-07-24 14:21:20 - [TEST_STEP][PASSED] - Statement - If (com.kms.katalon.core.webui.keyword.WebUiBuiltInKeywords.waitForElementVisible(com.kms.katalon.core.testobject.ObjectRepository.findTestObject(Campaign_OR/Error Message/msg_edit_success), 3)): Web element with id: 'Object Repository/Campaign_OR/Error Message/msg_edit_success' located by 'By.xpath: id("errorMessage")/p[@class="error-block"]' not found

2018-07-24 14:21:23 - [MESSAGE][WARNING] - Web element with id: 'Object Repository/Campaign_OR/Error Message/msg_edit_success' located by 'By.xpath: id("errorMessage")/p[@class="error-block"]' not found

2018-07-24 14:21:23 - [TEST_STEP][PASSED] - Statement - createSuccess = false: null

2018-07-24 14:21:23 - [TEST_STEP][PASSED] - Statement - If (com.kms.katalon.core.webui.keyword.WebUiBuiltInKeywords.waitForElementVisible(com.kms.katalon.core.testobject.ObjectRepository.findTestObject(Home_OR/label_home), 3)): Web element with id: 'Object Repository/Home_OR/label_home' located by 'By.xpath: id("wrapper")/div[@class="content-page"]/div[@class="content"]/div[@class="ng-scope"]/div[@class="ng-scope"]/div[@class="page-heading"]/h1[1][count(. | //h1[(text() = ' Home' or . = ' Home')]) = count(//h1[(text() = ' Home' or . = ' Home')])]' not found

2018-07-24 14:21:26 - [MESSAGE][WARNING] - Web element with id: 'Object Repository/Home_OR/label_home' located by 'By.xpath: id("wrapper")/div[@class="content-page"]/div[@class="content"]/div[@class="ng-scope"]/div[@class="ng-scope"]/div[@class="page-heading"]/h1[1][count(. | //h1[(text() = ' Home' or . = ' Home')]) = count(//h1[(text() = ' Home' or . = ' Home')])]' not found

2018-07-24 14:21:26 - [TEST_STEP][PASSED] - Statement - If (updateSuccess == true): null

2018-07-24 14:21:26 - [TEST_STEP][PASSED] - Statement - Else If (updateFailed == true): null

2018-07-24 14:21:26 - [TEST_STEP][PASSED] - Statement - verifyError = false: null

2018-07-24 14:21:26 - [TEST_STEP][PASSED] - Statement - If (companyName.trim() == ""): null

2018-07-24 14:21:26 - [TEST_STEP][PASSED] - Statement - If (campaignInstruc.trim() == ""): null

2018-07-24 14:21:26 - [TEST_STEP][PASSED] - Statement - If (radioEmail.toLowerCase() == "false"): null

2018-07-24 14:21:26 - [TEST_STEP][PASSED] - Statement - campaignImgName = com.kms.katalon.core.webui.keyword.WebUiBuiltInKeywords.getText(com.kms.katalon.core.testobject.ObjectRepository.findTestObject(Campaign_OR/uploadedCampaignImg)): Text of object 'Object Repository/Campaign_OR/uploadedCampaignImg' is: 'starbucks copy.jpg'

2018-07-24 14:21:26 - [MESSAGE][PASSED] - Text of object 'Object Repository/Campaign_OR/uploadedCampaignImg' is: 'starbucks copy.jpg'

2018-07-24 14:21:26 - [TEST_STEP][PASSED] - Statement - If (campaignImgName == ""): null

2018-07-24 14:21:26 - [TEST_STEP][PASSED] - Statement - If (emailSender.trim() == ""): null

2018-07-24 14:21:26 - [TEST_STEP][PASSED] - Statement - If (emailSubject.trim() == ""): null

2018-07-24 14:21:26 - [TEST_STEP][PASSED] - Statement - If (emailContent.trim() == ""): null

2018-07-24 14:21:26 - [TEST_STEP][PASSED] - Statement - companyLogoName = com.kms.katalon.core.webui.keyword.WebUiBuiltInKeywords.getText(com.kms.katalon.core.testobject.ObjectRepository.findTestObject(Campaign_OR/uploadedCompanyLogo)): Text of object 'Object Repository/Campaign_OR/uploadedCompanyLogo' is: 'Oversize.png'

2018-07-24 14:21:26 - [MESSAGE][PASSED] - Text of object 'Object Repository/Campaign_OR/uploadedCompanyLogo' is: 'Oversize.png'

2018-07-24 14:21:26 - [TEST_STEP][PASSED] - Statement - If (companyLogoName == ""): null

2018-07-24 14:21:26 - [TEST_STEP][PASSED] - Statement - If (com.kms.katalon.core.webui.keyword.WebUiBuiltInKeywords.waitForElementVisible(com.kms.katalon.core.testobject.ObjectRepository.findTestObject(Campaign_OR/Error Message/msg_cpgn_image2), 2)): Web element with id: 'Object Repository/Campaign_OR/Error Message/msg_cpgn_image2' located by 'By.xpath: id("campaignImage")/p[@class="error-block ng-binding"][count(. | //p[@class = 'error-block ng-binding' and @ng-hide = 'CC.errorImage == 200 || CC.errorImage == undefined']) = count(//p[@class = 'error-block ng-binding' and @ng-hide = 'CC.errorImage == 200 || CC.errorImage == undefined'])]' not found

2018-07-24 14:21:28 - [MESSAGE][WARNING] - Web element with id: 'Object Repository/Campaign_OR/Error Message/msg_cpgn_image2' located by 'By.xpath: id("campaignImage")/p[@class="error-block ng-binding"][count(. | //p[@class = 'error-block ng-binding' and @ng-hide = 'CC.errorImage == 200 || CC.errorImage == undefined']) = count(//p[@class = 'error-block ng-binding' and @ng-hide = 'CC.errorImage == 200 || CC.errorImage == undefined'])]' not found

2018-07-24 14:21:28 - [TEST_STEP][PASSED] - Statement - If (com.kms.katalon.core.webui.keyword.WebUiBuiltInKeywords.waitForElementVisible(com.kms.katalon.core.testobject.ObjectRepository.findTestObject(Campaign_OR/Error Message/msg_TCURL), 2)): Web element with id: 'Object Repository/Campaign_OR/Error Message/msg_TCURL' located by 'By.xpath: id("wrapper")/div[@class="content-page"]/div[@class="content"]/div[@class="ng-scope"]/div[@class="row ng-scope"]/div[@class="col-md-7"]/div[@class="widget"]/div[@class="widget-content padding"]/div[@class="form-horizontal"]/div[@class="form-group"]/div[@id="tncUrl"]/p[@class="error-block"][count(. | //p[(text() = 'Invalid format, please follow as http://wwww.example.com' or . = 'Invalid format, please follow as http://wwww.example.com')]) = count(//p[(text() = 'Invalid format, please follow as http://wwww.example.com' or . = 'Invalid format, please follow as http://wwww.example.com')])]' not found

2018-07-24 14:21:30 - [MESSAGE][WARNING] - Web element with id: 'Object Repository/Campaign_OR/Error Message/msg_TCURL' located by 'By.xpath: id("wrapper")/div[@class="content-page"]/div[@class="content"]/div[@class="ng-scope"]/div[@class="row ng-scope"]/div[@class="col-md-7"]/div[@class="widget"]/div[@class="widget-content padding"]/div[@class="form-horizontal"]/div[@class="form-group"]/div[@id="tncUrl"]/p[@class="error-block"][count(. | //p[(text() = 'Invalid format, please follow as http://wwww.example.com' or . = 'Invalid format, please follow as http://wwww.example.com')]) = count(//p[(text() = 'Invalid format, please follow as http://wwww.example.com' or . = 'Invalid format, please follow as http://wwww.example.com')])]' not found

2018-07-24 14:21:30 - [TEST_STEP][PASSED] - Statement - If (emailSender.trim() != ""): Web element with id: 'Object Repository/Campaign_OR/Error Message/msg_sender' located by 'By.xpath: id("emailSender")/p[@class="error-block"]' not found

2018-07-24 14:21:30 - [TEST_STEP][PASSED] - Statement - If (com.kms.katalon.core.webui.keyword.WebUiBuiltInKeywords.waitForElementVisible(com.kms.katalon.core.testobject.ObjectRepository.findTestObject(Campaign_OR/Error Message/msg_sender), 2)): Web element with id: 'Object Repository/Campaign_OR/Error Message/msg_sender' located by 'By.xpath: id("emailSender")/p[@class="error-block"]' not found

2018-07-24 14:21:33 - [MESSAGE][WARNING] - Web element with id: 'Object Repository/Campaign_OR/Error Message/msg_sender' located by 'By.xpath: id("emailSender")/p[@class="error-block"]' not found

2018-07-24 14:21:33 - [TEST_STEP][PASSED] - Statement - If (com.kms.katalon.core.webui.keyword.WebUiBuiltInKeywords.waitForElementVisible(com.kms.katalon.core.testobject.ObjectRepository.findTestObject(Campaign_OR/Error Message/msg_company_logo), 2)): null

2018-07-24 14:21:33 - [MESSAGE][PASSED] - Object 'Object Repository/Campaign_OR/Error Message/msg_company_logo' is visible

2018-07-24 14:21:33 - [TEST_STEP][PASSED] - Statement - verifyCompanyLogo = com.kms.katalon.core.webui.keyword.WebUiBuiltInKeywords.getText(com.kms.katalon.core.testobject.ObjectRepository.findTestObject(Campaign_OR/Error Message/msg_company_logo)): Text of object 'Object Repository/Campaign_OR/Error Message/msg_company_logo' is: 'Invalid image size'

2018-07-24 14:21:33 - [MESSAGE][PASSED] - Text of object 'Object Repository/Campaign_OR/Error Message/msg_company_logo' is: 'Invalid image size'

2018-07-24 14:21:33 - [TEST_STEP][PASSED] - Statement - If (verifyCompanyLogo.equals(msgInvalidSize)): null

2018-07-24 14:21:33 - [TEST_STEP][PASSED] - Statement - verifyError = true: null

2018-07-24 14:21:33 - [TEST_STEP][PASSED] - refresh: Refresh successfully

2018-07-24 14:21:33 - [MESSAGE][PASSED] - Refresh successfully

2018-07-24 14:21:33 - [TEST_STEP][PASSED] - Statement - If (verifyError == false): null]]></system-out>
         <system-err><![CDATA[]]></system-err>
      </testcase>
      <testcase name="Test Cases/Merchant Portal/Campaign/TC001 Campaign - verify all case" classname="Test Cases/Merchant Portal/Campaign/TC001 Campaign - verify all case" status="PASSED">
         <system-out><![CDATA[2018-07-24 14:21:33 - [TEST_CASE][PASSED] - Test Cases/Merchant Portal/Campaign/TC001 Campaign - verify all case: Test Cases/Merchant Portal/Campaign/TC001 Campaign - verify all case

2018-07-24 14:21:33 - [TEST_STEP][PASSED] - Statement - randomWords = CustomKeywords.randomWords.GenerateNumber.randomString(4): randomWords.GenerateNumber.randomString is PASSED

2018-07-24 14:21:33 - [MESSAGE][PASSED] - randomWords.GenerateNumber.randomString is PASSED

2018-07-24 14:21:33 - [TEST_STEP][PASSED] - Statement - If (companyName.trim() != ""): null

2018-07-24 14:21:33 - [TEST_STEP][PASSED] - Statement - companyName = companyName + randomWords: null

2018-07-24 14:21:33 - [TEST_STEP][PASSED] - Statement - If (campaignInstruc.trim() != ""): null

2018-07-24 14:21:33 - [TEST_STEP][PASSED] - Statement - campaignInstruc = campaignInstruc + randomWords: null

2018-07-24 14:21:33 - [TEST_STEP][PASSED] - Statement - If (emailSender.trim() != ""): null

2018-07-24 14:21:33 - [TEST_STEP][PASSED] - Statement - email = emailSender: null

2018-07-24 14:21:33 - [TEST_STEP][PASSED] - Statement - splitEmail = email.split("@"): null

2018-07-24 14:21:33 - [TEST_STEP][PASSED] - Statement - numb = length: null

2018-07-24 14:21:33 - [TEST_STEP][PASSED] - Statement - If (numb > 1): null

2018-07-24 14:21:33 - [TEST_STEP][PASSED] - Statement - emailSender = splitEmail[0] + randomWords + "@" + splitEmail[1]: null

2018-07-24 14:21:33 - [TEST_STEP][PASSED] - Statement - If (emailSubject.trim() != ""): null

2018-07-24 14:21:33 - [TEST_STEP][PASSED] - Statement - emailSubject = emailSubject + randomWords: null

2018-07-24 14:21:33 - [TEST_STEP][PASSED] - Statement - If (emailContent.trim() != ""): null

2018-07-24 14:21:33 - [TEST_STEP][PASSED] - Statement - emailContent = emailContent + randomWords: null

2018-07-24 14:21:33 - [TEST_STEP][PASSED] - callTestCase: Call Test Case 'Test Cases/Merchant Portal/Campaign/Campagin Modules/create campaign' successfully

2018-07-24 14:21:33 - [TEST_CASE][PASSED] - Test Cases/Merchant Portal/Campaign/Campagin Modules/create campaign: Test Cases/Merchant Portal/Campaign/Campagin Modules/create campaign

2018-07-24 14:21:33 - [TEST_STEP][PASSED] - Statement - osName = "": null

2018-07-24 14:21:33 - [TEST_STEP][PASSED] - Statement - osName = CustomKeywords.os.DetectOS.getOperatingSystem(osName): os.DetectOS.getOperatingSystem is PASSED

2018-07-24 14:21:33 - [MESSAGE][PASSED] - os.DetectOS.getOperatingSystem is PASSED

2018-07-24 14:21:33 - [TEST_STEP][PASSED] - Statement - splitString = osName.split(): null

2018-07-24 14:21:33 - [TEST_STEP][PASSED] - Statement - os = splitString[0].toString(): null

2018-07-24 14:21:33 - [TEST_STEP][PASSED] - Statement - If (loggedin == false): null

2018-07-24 14:21:33 - [TEST_STEP][PASSED] - Statement - If (accessModule == false): null

2018-07-24 14:21:33 - [TEST_STEP][PASSED] - delay: Delayed 5 second(s)

2018-07-24 14:21:38 - [MESSAGE][PASSED] - Delayed 5 second(s)

2018-07-24 14:21:38 - [TEST_STEP][PASSED] - setText: Text 'Starbucks Reserve LtdqkJc' is set on object 'Object Repository/Campaign_OR/Fields/a.input_company_name'

2018-07-24 14:21:39 - [MESSAGE][PASSED] - Text 'Starbucks Reserve LtdqkJc' is set on object 'Object Repository/Campaign_OR/Fields/a.input_company_name'

2018-07-24 14:21:39 - [TEST_STEP][PASSED] - setText: Text 'Please subscribe with us and redeem a free coffee. Come join us now!qkJc' is set on object 'Object Repository/Campaign_OR/Fields/b.textarea_campaign_instruction'

2018-07-24 14:21:39 - [MESSAGE][PASSED] - Text 'Please subscribe with us and redeem a free coffee. Come join us now!qkJc' is set on object 'Object Repository/Campaign_OR/Fields/b.textarea_campaign_instruction'

2018-07-24 14:21:39 - [TEST_STEP][PASSED] - Statement - verifyEmail = false: null

2018-07-24 14:21:39 - [TEST_STEP][PASSED] - Statement - If (radioEmail.toLowerCase() == "true"): null

2018-07-24 14:21:39 - [TEST_STEP][PASSED] - Statement - verifyEmail = true: null

2018-07-24 14:21:39 - [TEST_STEP][PASSED] - Statement - If (verifyEmail == true): Object 'Object Repository/Campaign_OR/input_email' is visible

2018-07-24 14:21:39 - [TEST_STEP][PASSED] - Statement - If (com.kms.katalon.core.webui.keyword.WebUiBuiltInKeywords.verifyElementNotChecked(com.kms.katalon.core.testobject.ObjectRepository.findTestObject(Campaign_OR/Fields/c.checkbox_email), 1, OPTIONAL)): Object 'Object Repository/Campaign_OR/input_email' is visible

2018-07-24 14:21:39 - [MESSAGE][PASSED] - Object 'Object Repository/Campaign_OR/Fields/c.checkbox_email' is not checked

2018-07-24 14:21:39 - [TEST_STEP][PASSED] - delay: Delayed 1 second(s)

2018-07-24 14:21:40 - [MESSAGE][PASSED] - Delayed 1 second(s)

2018-07-24 14:21:40 - [TEST_STEP][PASSED] - click: Object: 'Object Repository/Campaign_OR/Fields/c.checkbox_email' is clicked on

2018-07-24 14:21:40 - [MESSAGE][PASSED] - Object: 'Object Repository/Campaign_OR/Fields/c.checkbox_email' is clicked on

2018-07-24 14:21:40 - [TEST_STEP][PASSED] - verifyElementVisible: Object 'Object Repository/Campaign_OR/input_email' is visible

2018-07-24 14:21:40 - [MESSAGE][PASSED] - Object 'Object Repository/Campaign_OR/input_email' is visible

2018-07-24 14:21:40 - [TEST_STEP][PASSED] - Statement - verifyMobileno = false: null

2018-07-24 14:21:40 - [TEST_STEP][PASSED] - Statement - If (radioMobileno.toLowerCase() == "true"): null

2018-07-24 14:21:40 - [TEST_STEP][PASSED] - Statement - verifyMobileno = true: null

2018-07-24 14:21:40 - [TEST_STEP][PASSED] - Statement - If (verifyMobileno == true): Object 'Object Repository/Campaign_OR/input_mobileno' is visible

2018-07-24 14:21:40 - [TEST_STEP][PASSED] - Statement - If (com.kms.katalon.core.webui.keyword.WebUiBuiltInKeywords.verifyElementNotChecked(com.kms.katalon.core.testobject.ObjectRepository.findTestObject(Campaign_OR/Fields/d.checkbox_mobile_number), 1, OPTIONAL)): Object 'Object Repository/Campaign_OR/input_mobileno' is visible

2018-07-24 14:21:40 - [MESSAGE][PASSED] - Object 'Object Repository/Campaign_OR/Fields/d.checkbox_mobile_number' is not checked

2018-07-24 14:21:40 - [TEST_STEP][PASSED] - delay: Delayed 1 second(s)

2018-07-24 14:21:41 - [MESSAGE][PASSED] - Delayed 1 second(s)

2018-07-24 14:21:41 - [TEST_STEP][PASSED] - click: Object: 'Object Repository/Campaign_OR/Fields/d.checkbox_mobile_number' is clicked on

2018-07-24 14:21:41 - [MESSAGE][PASSED] - Object: 'Object Repository/Campaign_OR/Fields/d.checkbox_mobile_number' is clicked on

2018-07-24 14:21:41 - [TEST_STEP][PASSED] - verifyElementVisible: Object 'Object Repository/Campaign_OR/input_mobileno' is visible

2018-07-24 14:21:41 - [MESSAGE][PASSED] - Object 'Object Repository/Campaign_OR/input_mobileno' is visible

2018-07-24 14:21:41 - [TEST_STEP][PASSED] - Statement - verifyName = false: null

2018-07-24 14:21:41 - [TEST_STEP][PASSED] - Statement - If (radioName.toLowerCase() == "true"): null

2018-07-24 14:21:41 - [TEST_STEP][PASSED] - Statement - verifyName = true: null

2018-07-24 14:21:41 - [TEST_STEP][PASSED] - Statement - If (verifyName == true): Object 'Object Repository/Campaign_OR/input_name' is visible

2018-07-24 14:21:41 - [TEST_STEP][PASSED] - Statement - If (com.kms.katalon.core.webui.keyword.WebUiBuiltInKeywords.verifyElementNotChecked(com.kms.katalon.core.testobject.ObjectRepository.findTestObject(Campaign_OR/Fields/e.checkbox_name), 1, OPTIONAL)): Object 'Object Repository/Campaign_OR/input_name' is visible

2018-07-24 14:21:41 - [MESSAGE][PASSED] - Object 'Object Repository/Campaign_OR/Fields/e.checkbox_name' is not checked

2018-07-24 14:21:41 - [TEST_STEP][PASSED] - delay: Delayed 1 second(s)

2018-07-24 14:21:42 - [MESSAGE][PASSED] - Delayed 1 second(s)

2018-07-24 14:21:42 - [TEST_STEP][PASSED] - click: Object: 'Object Repository/Campaign_OR/Fields/e.checkbox_name' is clicked on

2018-07-24 14:21:42 - [MESSAGE][PASSED] - Object: 'Object Repository/Campaign_OR/Fields/e.checkbox_name' is clicked on

2018-07-24 14:21:42 - [TEST_STEP][PASSED] - verifyElementVisible: Object 'Object Repository/Campaign_OR/input_name' is visible

2018-07-24 14:21:42 - [MESSAGE][PASSED] - Object 'Object Repository/Campaign_OR/input_name' is visible

2018-07-24 14:21:42 - [TEST_STEP][PASSED] - Statement - verifyGender = false: null

2018-07-24 14:21:42 - [TEST_STEP][PASSED] - Statement - If (radioGender.toLowerCase() == "true"): null

2018-07-24 14:21:42 - [TEST_STEP][PASSED] - Statement - verifyGender = true: null

2018-07-24 14:21:42 - [TEST_STEP][PASSED] - Statement - If (verifyGender == true): Object 'Object Repository/Campaign_OR/label_Female' is visible

2018-07-24 14:21:42 - [TEST_STEP][PASSED] - Statement - If (com.kms.katalon.core.webui.keyword.WebUiBuiltInKeywords.verifyElementNotChecked(com.kms.katalon.core.testobject.ObjectRepository.findTestObject(Campaign_OR/Fields/f.checkbox_gender), 1, OPTIONAL)): Object 'Object Repository/Campaign_OR/label_Female' is visible

2018-07-24 14:21:43 - [MESSAGE][PASSED] - Object 'Object Repository/Campaign_OR/Fields/f.checkbox_gender' is not checked

2018-07-24 14:21:43 - [TEST_STEP][PASSED] - delay: Delayed 1 second(s)

2018-07-24 14:21:44 - [MESSAGE][PASSED] - Delayed 1 second(s)

2018-07-24 14:21:44 - [TEST_STEP][PASSED] - click: Object: 'Object Repository/Campaign_OR/Fields/f.checkbox_gender' is clicked on

2018-07-24 14:21:44 - [MESSAGE][PASSED] - Object: 'Object Repository/Campaign_OR/Fields/f.checkbox_gender' is clicked on

2018-07-24 14:21:44 - [TEST_STEP][PASSED] - verifyElementVisible: Object 'Object Repository/Campaign_OR/label_Male' is visible

2018-07-24 14:21:44 - [MESSAGE][PASSED] - Object 'Object Repository/Campaign_OR/label_Male' is visible

2018-07-24 14:21:44 - [TEST_STEP][PASSED] - verifyElementVisible: Object 'Object Repository/Campaign_OR/label_Female' is visible

2018-07-24 14:21:44 - [MESSAGE][PASSED] - Object 'Object Repository/Campaign_OR/label_Female' is visible

2018-07-24 14:21:44 - [TEST_STEP][PASSED] - Statement - verifyDOB = false: null

2018-07-24 14:21:44 - [TEST_STEP][PASSED] - Statement - If (radioDOB.toLowerCase() == "true"): null

2018-07-24 14:21:44 - [TEST_STEP][PASSED] - Statement - verifyDOB = true: null

2018-07-24 14:21:44 - [TEST_STEP][PASSED] - Statement - If (verifyDOB == true): Object 'Object Repository/Campaign_OR/input_datepicker' is visible

2018-07-24 14:21:44 - [TEST_STEP][PASSED] - Statement - If (com.kms.katalon.core.webui.keyword.WebUiBuiltInKeywords.verifyElementNotChecked(com.kms.katalon.core.testobject.ObjectRepository.findTestObject(Campaign_OR/Fields/g.checkbox_dob), 1, OPTIONAL)): Object 'Object Repository/Campaign_OR/input_datepicker' is visible

2018-07-24 14:21:44 - [MESSAGE][PASSED] - Object 'Object Repository/Campaign_OR/Fields/g.checkbox_dob' is not checked

2018-07-24 14:21:44 - [TEST_STEP][PASSED] - delay: Delayed 1 second(s)

2018-07-24 14:21:45 - [MESSAGE][PASSED] - Delayed 1 second(s)

2018-07-24 14:21:45 - [TEST_STEP][PASSED] - click: Object: 'Object Repository/Campaign_OR/Fields/g.checkbox_dob' is clicked on

2018-07-24 14:21:45 - [MESSAGE][PASSED] - Object: 'Object Repository/Campaign_OR/Fields/g.checkbox_dob' is clicked on

2018-07-24 14:21:45 - [TEST_STEP][PASSED] - verifyElementVisible: Object 'Object Repository/Campaign_OR/input_datepicker' is visible

2018-07-24 14:21:45 - [MESSAGE][PASSED] - Object 'Object Repository/Campaign_OR/input_datepicker' is visible

2018-07-24 14:21:45 - [TEST_STEP][PASSED] - Statement - filepath = "": null

2018-07-24 14:21:45 - [TEST_STEP][PASSED] - Statement - If (os == "Windows"): null

2018-07-24 14:21:45 - [TEST_STEP][PASSED] - Statement - filepath = campaignImagePath: null

2018-07-24 14:21:45 - [TEST_STEP][PASSED] - Statement - verifyImgName = "": null

2018-07-24 14:21:45 - [TEST_STEP][PASSED] - Statement - uploadedImg = false: null

2018-07-24 14:21:45 - [TEST_STEP][PASSED] - Statement - If (filepath.trim() != "" && campaignImage.trim() != ""): null

2018-07-24 14:21:45 - [TEST_STEP][PASSED] - sendKeys: Keys 'C:\Users\kl.chan\Katalon Studio\boldreward\Images\Campaign Image\starbucks copy.jpg' sent to object: 'Object Repository/Campaign_OR/Fields/h.button_campaign_image_1'

2018-07-24 14:21:45 - [MESSAGE][PASSED] - Keys 'C:\Users\kl.chan\Katalon Studio\boldreward\Images\Campaign Image\starbucks copy.jpg' sent to object: 'Object Repository/Campaign_OR/Fields/h.button_campaign_image_1'

2018-07-24 14:21:45 - [TEST_STEP][PASSED] - delay: Delayed 1 second(s)

2018-07-24 14:21:46 - [MESSAGE][PASSED] - Delayed 1 second(s)

2018-07-24 14:21:46 - [TEST_STEP][PASSED] - Statement - If (com.kms.katalon.core.webui.keyword.WebUiBuiltInKeywords.waitForElementVisible(com.kms.katalon.core.testobject.ObjectRepository.findTestObject(Campaign_OR/uploadedCampaignImg), 30)): null

2018-07-24 14:21:46 - [MESSAGE][PASSED] - Object 'Object Repository/Campaign_OR/uploadedCampaignImg' is visible

2018-07-24 14:21:46 - [TEST_STEP][PASSED] - Statement - verifyImgName = com.kms.katalon.core.webui.keyword.WebUiBuiltInKeywords.getText(com.kms.katalon.core.testobject.ObjectRepository.findTestObject(Campaign_OR/uploadedCampaignImg)): Text of object 'Object Repository/Campaign_OR/uploadedCampaignImg' is: 'starbucks copy.jpg'

2018-07-24 14:21:46 - [MESSAGE][PASSED] - Text of object 'Object Repository/Campaign_OR/uploadedCampaignImg' is: 'starbucks copy.jpg'

2018-07-24 14:21:46 - [TEST_STEP][PASSED] - Statement - If (verifyImgName.equals(campaignImage) == true): null

2018-07-24 14:21:46 - [TEST_STEP][PASSED] - Statement - uploadedImg = true: null

2018-07-24 14:21:46 - [TEST_STEP][PASSED] - setText: Text 'http://www.starbucks.com.my/' is set on object 'Object Repository/Campaign_OR/Fields/i.k.input_tnc'

2018-07-24 14:21:46 - [MESSAGE][PASSED] - Text 'http://www.starbucks.com.my/' is set on object 'Object Repository/Campaign_OR/Fields/i.k.input_tnc'

2018-07-24 14:21:46 - [TEST_STEP][PASSED] - setText: Text 'kl.chanqkJc@macrokiosk.com' is set on object 'Object Repository/Campaign_OR/Fields/j.input_sender'

2018-07-24 14:21:46 - [MESSAGE][PASSED] - Text 'kl.chanqkJc@macrokiosk.com' is set on object 'Object Repository/Campaign_OR/Fields/j.input_sender'

2018-07-24 14:21:46 - [TEST_STEP][PASSED] - setText: Text 'Starbucks Reserve @ SITqkJc' is set on object 'Object Repository/Campaign_OR/Fields/k.input_subject'

2018-07-24 14:21:47 - [MESSAGE][PASSED] - Text 'Starbucks Reserve @ SITqkJc' is set on object 'Object Repository/Campaign_OR/Fields/k.input_subject'

2018-07-24 14:21:47 - [TEST_STEP][PASSED] - setText: Text 'Hello User, Welcome to our Starbucks Reserve @ SIT. Come subscribe with us and redeem more rewards.qkJc' is set on object 'Object Repository/Campaign_OR/Fields/l.textarea_content'

2018-07-24 14:21:47 - [MESSAGE][PASSED] - Text 'Hello User, Welcome to our Starbucks Reserve @ SIT. Come subscribe with us and redeem more rewards.qkJc' is set on object 'Object Repository/Campaign_OR/Fields/l.textarea_content'

2018-07-24 14:21:47 - [TEST_STEP][PASSED] - Statement - filepath = "": null

2018-07-24 14:21:47 - [TEST_STEP][PASSED] - Statement - If (os == "Windows"): null

2018-07-24 14:21:47 - [TEST_STEP][PASSED] - Statement - filepath = companyLogoPath: null

2018-07-24 14:21:47 - [TEST_STEP][PASSED] - Statement - verifyImgName = "": null

2018-07-24 14:21:47 - [TEST_STEP][PASSED] - Statement - uploadedImg = false: null

2018-07-24 14:21:47 - [TEST_STEP][PASSED] - Statement - reuploadCount = 0: null

2018-07-24 14:21:47 - [TEST_STEP][PASSED] - Statement - If (filepath.trim() != "" && companyLogo.trim() != ""): null

2018-07-24 14:21:47 - [TEST_STEP][PASSED] - sendKeys: Keys 'C:\Users\kl.chan\Katalon Studio\boldreward\Images\Company Logo\starbucks logo.jpg' sent to object: 'Object Repository/Campaign_OR/Fields/m.button_company_logo_1'

2018-07-24 14:21:47 - [MESSAGE][PASSED] - Keys 'C:\Users\kl.chan\Katalon Studio\boldreward\Images\Company Logo\starbucks logo.jpg' sent to object: 'Object Repository/Campaign_OR/Fields/m.button_company_logo_1'

2018-07-24 14:21:47 - [TEST_STEP][PASSED] - delay: Delayed 1 second(s)

2018-07-24 14:21:48 - [MESSAGE][PASSED] - Delayed 1 second(s)

2018-07-24 14:21:48 - [TEST_STEP][PASSED] - Statement - If (com.kms.katalon.core.webui.keyword.WebUiBuiltInKeywords.waitForElementVisible(com.kms.katalon.core.testobject.ObjectRepository.findTestObject(Campaign_OR/uploadedCompanyLogo), 30)): null

2018-07-24 14:21:48 - [MESSAGE][PASSED] - Object 'Object Repository/Campaign_OR/uploadedCompanyLogo' is visible

2018-07-24 14:21:48 - [TEST_STEP][PASSED] - Statement - verifyImgName = com.kms.katalon.core.webui.keyword.WebUiBuiltInKeywords.getText(com.kms.katalon.core.testobject.ObjectRepository.findTestObject(Campaign_OR/uploadedCompanyLogo)): Text of object 'Object Repository/Campaign_OR/uploadedCompanyLogo' is: 'starbucks logo.jpg'

2018-07-24 14:21:48 - [MESSAGE][PASSED] - Text of object 'Object Repository/Campaign_OR/uploadedCompanyLogo' is: 'starbucks logo.jpg'

2018-07-24 14:21:48 - [TEST_STEP][PASSED] - Statement - If (verifyImgName.equals(companyLogo) == true): null

2018-07-24 14:21:48 - [TEST_STEP][PASSED] - Statement - uploadedImg = true: null

2018-07-24 14:21:48 - [TEST_STEP][PASSED] - Statement - If (rewardCode == true): null

2018-07-24 14:21:48 - [TEST_STEP][PASSED] - Statement - Else If (rewardCode == false): Object: 'Object Repository/Campaign_OR/Fields/n.label_No' is clicked on

2018-07-24 14:21:48 - [TEST_STEP][PASSED] - click: Object: 'Object Repository/Campaign_OR/Fields/n.label_No' is clicked on

2018-07-24 14:21:48 - [MESSAGE][PASSED] - Object: 'Object Repository/Campaign_OR/Fields/n.label_No' is clicked on

2018-07-24 14:21:48 - [TEST_STEP][PASSED] - verifyElementChecked: Object 'Object Repository/Campaign_OR/Fields/radio_No' is checked

2018-07-24 14:21:48 - [MESSAGE][PASSED] - Object 'Object Repository/Campaign_OR/Fields/radio_No' is checked

2018-07-24 14:21:48 - [TEST_STEP][PASSED] - verifyElementChecked: Object 'Object Repository/Campaign_OR/Fields/radio_Yes' is not checked

2018-07-24 14:21:49 - [MESSAGE][WARNING] - Object 'Object Repository/Campaign_OR/Fields/radio_Yes' is not checked
[[ATTACHMENT|C:\\Users\\kl.chan\\Katalon Studio\\boldreward\\Reports\\TS_Create_Campaign\\TS001 Create Campaign with negative testing\\20180724_140922\\1532413308801.png]]

2018-07-24 14:21:49 - [TEST_STEP][PASSED] - click: Object: 'Object Repository/Campaign_OR/button_Save' is clicked on

2018-07-24 14:21:49 - [MESSAGE][PASSED] - Object: 'Object Repository/Campaign_OR/button_Save' is clicked on

2018-07-24 14:21:49 - [TEST_STEP][PASSED] - delay: Delayed 2 second(s)

2018-07-24 14:21:51 - [MESSAGE][PASSED] - Delayed 2 second(s)

2018-07-24 14:21:51 - [MESSAGE][PASSED] - Call Test Case 'Test Cases/Merchant Portal/Campaign/Campagin Modules/create campaign' successfully

2018-07-24 14:21:51 - [TEST_STEP][PASSED] - Statement - updateFailed = false: null

2018-07-24 14:21:51 - [TEST_STEP][PASSED] - Statement - If (com.kms.katalon.core.webui.keyword.WebUiBuiltInKeywords.waitForElementVisible(com.kms.katalon.core.testobject.ObjectRepository.findTestObject(a.Not_Assigned_OR/alert_msg_top), 3)): Object 'Object Repository/a.Not_Assigned_OR/alert_msg_top' is not visible after 3 second(s)

2018-07-24 14:21:54 - [MESSAGE][WARNING] - Object 'Object Repository/a.Not_Assigned_OR/alert_msg_top' is not visible after 3 second(s)

2018-07-24 14:21:54 - [TEST_STEP][PASSED] - Statement - updateSuccess = false: null

2018-07-24 14:21:54 - [TEST_STEP][PASSED] - Statement - If (com.kms.katalon.core.webui.keyword.WebUiBuiltInKeywords.waitForElementVisible(com.kms.katalon.core.testobject.ObjectRepository.findTestObject(Campaign_OR/Error Message/msg_edit_success), 3)): Web element with id: 'Object Repository/Campaign_OR/Error Message/msg_edit_success' located by 'By.xpath: id("errorMessage")/p[@class="error-block"]' not found

2018-07-24 14:21:57 - [MESSAGE][WARNING] - Web element with id: 'Object Repository/Campaign_OR/Error Message/msg_edit_success' located by 'By.xpath: id("errorMessage")/p[@class="error-block"]' not found

2018-07-24 14:21:57 - [TEST_STEP][PASSED] - Statement - createSuccess = false: null

2018-07-24 14:21:57 - [TEST_STEP][PASSED] - Statement - If (com.kms.katalon.core.webui.keyword.WebUiBuiltInKeywords.waitForElementVisible(com.kms.katalon.core.testobject.ObjectRepository.findTestObject(Home_OR/label_home), 3)): null

2018-07-24 14:21:57 - [MESSAGE][PASSED] - Object 'Object Repository/Home_OR/label_home' is visible

2018-07-24 14:21:57 - [TEST_STEP][PASSED] - Statement - createSuccess = true: null

2018-07-24 14:21:57 - [TEST_STEP][PASSED] - Statement - If (updateSuccess == true): null

2018-07-24 14:21:57 - [TEST_STEP][PASSED] - Statement - Else If (updateFailed == true): null

2018-07-24 14:21:57 - [TEST_STEP][PASSED] - Statement - Else If (createSuccess == true): Call Test Case 'Test Cases/Merchant Portal/Campaign/Campagin Modules/verify campaign' successfully

2018-07-24 14:21:57 - [TEST_STEP][PASSED] - delay: Delayed 2 second(s)

2018-07-24 14:21:59 - [MESSAGE][PASSED] - Delayed 2 second(s)

2018-07-24 14:21:59 - [TEST_STEP][PASSED] - callTestCase: Call Test Case 'Test Cases/Merchant Portal/Campaign/Campagin Modules/verify campaign' successfully

2018-07-24 14:21:59 - [TEST_CASE][PASSED] - Test Cases/Merchant Portal/Campaign/Campagin Modules/verify campaign: Test Cases/Merchant Portal/Campaign/Campagin Modules/verify campaign

2018-07-24 14:21:59 - [TEST_STEP][PASSED] - verifyElementNotVisible: Object 'Object Repository/Home_OR/msg_campaign_banner' is NOT visible

2018-07-24 14:21:59 - [MESSAGE][PASSED] - Object 'Object Repository/Home_OR/msg_campaign_banner' is NOT visible

2018-07-24 14:21:59 - [TEST_STEP][PASSED] - waitForElementVisible: Object 'Object Repository/Home_OR/preview_img' is visible

2018-07-24 14:21:59 - [MESSAGE][PASSED] - Object 'Object Repository/Home_OR/preview_img' is visible

2018-07-24 14:21:59 - [TEST_STEP][PASSED] - verifyElementVisible: Object 'Object Repository/Home_OR/preview_img' is visible

2018-07-24 14:21:59 - [MESSAGE][PASSED] - Object 'Object Repository/Home_OR/preview_img' is visible

2018-07-24 14:21:59 - [TEST_STEP][PASSED] - verifyElementVisible: Object 'Object Repository/Home_OR/preview_company_name' is visible

2018-07-24 14:21:59 - [MESSAGE][PASSED] - Object 'Object Repository/Home_OR/preview_company_name' is visible

2018-07-24 14:21:59 - [TEST_STEP][PASSED] - Statement - verifyPreviewCompanyName = com.kms.katalon.core.webui.keyword.WebUiBuiltInKeywords.getText(com.kms.katalon.core.testobject.ObjectRepository.findTestObject(Home_OR/preview_company_name)): Text of object 'Object Repository/Home_OR/preview_company_name' is: 'Starbucks Reserve LtdqkJc'

2018-07-24 14:21:59 - [MESSAGE][PASSED] - Text of object 'Object Repository/Home_OR/preview_company_name' is: 'Starbucks Reserve LtdqkJc'

2018-07-24 14:21:59 - [TEST_STEP][PASSED] - verifyMatch: Actual text 'Starbucks Reserve LtdqkJc' and expected text 'Starbucks Reserve LtdqkJc' are matched  using regular expression

2018-07-24 14:21:59 - [MESSAGE][PASSED] - Actual text 'Starbucks Reserve LtdqkJc' and expected text 'Starbucks Reserve LtdqkJc' are matched  using regular expression

2018-07-24 14:21:59 - [TEST_STEP][PASSED] - verifyElementVisible: Object 'Object Repository/Home_OR/preview_campaign_instruction' is visible

2018-07-24 14:21:59 - [MESSAGE][PASSED] - Object 'Object Repository/Home_OR/preview_campaign_instruction' is visible

2018-07-24 14:21:59 - [TEST_STEP][PASSED] - Statement - verifyPreviewCampaignInstruc = com.kms.katalon.core.webui.keyword.WebUiBuiltInKeywords.getText(com.kms.katalon.core.testobject.ObjectRepository.findTestObject(Home_OR/preview_campaign_instruction)): Text of object 'Object Repository/Home_OR/preview_campaign_instruction' is: 'Please subscribe with us and redeem a free coffee. Come join us now!qkJc'

2018-07-24 14:21:59 - [MESSAGE][PASSED] - Text of object 'Object Repository/Home_OR/preview_campaign_instruction' is: 'Please subscribe with us and redeem a free coffee. Come join us now!qkJc'

2018-07-24 14:21:59 - [TEST_STEP][PASSED] - verifyMatch: Actual text 'Please subscribe with us and redeem a free coffee. Come join us now!qkJc' and expected text 'Please subscribe with us and redeem a free coffee. Come join us now!qkJc' are matched 

2018-07-24 14:21:59 - [MESSAGE][PASSED] - Actual text 'Please subscribe with us and redeem a free coffee. Come join us now!qkJc' and expected text 'Please subscribe with us and redeem a free coffee. Come join us now!qkJc' are matched 

2018-07-24 14:21:59 - [TEST_STEP][PASSED] - Statement - verifyEmail = false: null

2018-07-24 14:21:59 - [TEST_STEP][PASSED] - Statement - If (radioEmail.toLowerCase() == "true"): null

2018-07-24 14:21:59 - [TEST_STEP][PASSED] - Statement - verifyEmail = true: null

2018-07-24 14:21:59 - [TEST_STEP][PASSED] - Statement - If (verifyEmail == true): Object 'Object Repository/Home_OR/preview_email' is visible

2018-07-24 14:21:59 - [TEST_STEP][PASSED] - verifyElementVisible: Object 'Object Repository/Home_OR/preview_label_email' is visible

2018-07-24 14:21:59 - [MESSAGE][PASSED] - Object 'Object Repository/Home_OR/preview_label_email' is visible

2018-07-24 14:21:59 - [TEST_STEP][PASSED] - verifyElementVisible: Object 'Object Repository/Home_OR/preview_email' is visible

2018-07-24 14:22:00 - [MESSAGE][PASSED] - Object 'Object Repository/Home_OR/preview_email' is visible

2018-07-24 14:22:00 - [TEST_STEP][PASSED] - Statement - verifyMobileno = false: null

2018-07-24 14:22:00 - [TEST_STEP][PASSED] - Statement - If (radioMobileno.toLowerCase() == "true"): null

2018-07-24 14:22:00 - [TEST_STEP][PASSED] - Statement - verifyMobileno = true: null

2018-07-24 14:22:00 - [TEST_STEP][PASSED] - Statement - If (verifyMobileno == true): Object 'Object Repository/Home_OR/preview_mobileno' is visible

2018-07-24 14:22:00 - [TEST_STEP][PASSED] - verifyElementVisible: Object 'Object Repository/Home_OR/preview_countrycode' is visible

2018-07-24 14:22:00 - [MESSAGE][PASSED] - Object 'Object Repository/Home_OR/preview_countrycode' is visible

2018-07-24 14:22:00 - [TEST_STEP][PASSED] - getText: Text of object 'Object Repository/Home_OR/preview_countrycode' is: '60'

2018-07-24 14:22:00 - [MESSAGE][PASSED] - Text of object 'Object Repository/Home_OR/preview_countrycode' is: '60'

2018-07-24 14:22:00 - [TEST_STEP][PASSED] - verifyElementVisible: Object 'Object Repository/Home_OR/preview_mobileno' is visible

2018-07-24 14:22:00 - [MESSAGE][PASSED] - Object 'Object Repository/Home_OR/preview_mobileno' is visible

2018-07-24 14:22:00 - [TEST_STEP][PASSED] - Statement - verifyName = false: null

2018-07-24 14:22:00 - [TEST_STEP][PASSED] - Statement - If (radioName.toLowerCase() == "true"): null

2018-07-24 14:22:00 - [TEST_STEP][PASSED] - Statement - verifyName = true: null

2018-07-24 14:22:00 - [TEST_STEP][PASSED] - Statement - If (verifyName == true): Object 'Object Repository/Home_OR/preview_name' is visible

2018-07-24 14:22:00 - [TEST_STEP][PASSED] - verifyElementVisible: Object 'Object Repository/Home_OR/preview_label_name' is visible

2018-07-24 14:22:00 - [MESSAGE][PASSED] - Object 'Object Repository/Home_OR/preview_label_name' is visible

2018-07-24 14:22:00 - [TEST_STEP][PASSED] - getText: Text of object 'Object Repository/Home_OR/preview_label_name' is: 'Name'

2018-07-24 14:22:00 - [MESSAGE][PASSED] - Text of object 'Object Repository/Home_OR/preview_label_name' is: 'Name'

2018-07-24 14:22:00 - [TEST_STEP][PASSED] - verifyElementVisible: Object 'Object Repository/Home_OR/preview_name' is visible

2018-07-24 14:22:00 - [MESSAGE][PASSED] - Object 'Object Repository/Home_OR/preview_name' is visible

2018-07-24 14:22:00 - [TEST_STEP][PASSED] - Statement - verifyGender = false: null

2018-07-24 14:22:00 - [TEST_STEP][PASSED] - Statement - If (radioGender.toLowerCase() == "true"): null

2018-07-24 14:22:00 - [TEST_STEP][PASSED] - Statement - verifyGender = true: null

2018-07-24 14:22:00 - [TEST_STEP][PASSED] - Statement - If (verifyGender == true): Text of object 'Object Repository/Home_OR/preview_gender_female' is: 'Female'

2018-07-24 14:22:00 - [TEST_STEP][PASSED] - verifyElementVisible: Object 'Object Repository/Home_OR/preview_gender_male' is visible

2018-07-24 14:22:00 - [MESSAGE][PASSED] - Object 'Object Repository/Home_OR/preview_gender_male' is visible

2018-07-24 14:22:00 - [TEST_STEP][PASSED] - getText: Text of object 'Object Repository/Home_OR/preview_gender_male' is: 'Male'

2018-07-24 14:22:00 - [MESSAGE][PASSED] - Text of object 'Object Repository/Home_OR/preview_gender_male' is: 'Male'

2018-07-24 14:22:00 - [TEST_STEP][PASSED] - verifyElementVisible: Object 'Object Repository/Home_OR/preview_gender_female' is visible

2018-07-24 14:22:00 - [MESSAGE][PASSED] - Object 'Object Repository/Home_OR/preview_gender_female' is visible

2018-07-24 14:22:00 - [TEST_STEP][PASSED] - getText: Text of object 'Object Repository/Home_OR/preview_gender_female' is: 'Female'

2018-07-24 14:22:00 - [MESSAGE][PASSED] - Text of object 'Object Repository/Home_OR/preview_gender_female' is: 'Female'

2018-07-24 14:22:00 - [TEST_STEP][PASSED] - Statement - verifyDOB = false: null

2018-07-24 14:22:00 - [TEST_STEP][PASSED] - Statement - If (radioDOB.toLowerCase() == "true"): null

2018-07-24 14:22:00 - [TEST_STEP][PASSED] - Statement - verifyDOB = true: null

2018-07-24 14:22:00 - [TEST_STEP][PASSED] - Statement - If (verifyDOB == true): Object 'Object Repository/Home_OR/preview_dob' is visible

2018-07-24 14:22:00 - [TEST_STEP][PASSED] - verifyElementVisible: Object 'Object Repository/Home_OR/preview_label_dob' is visible

2018-07-24 14:22:00 - [MESSAGE][PASSED] - Object 'Object Repository/Home_OR/preview_label_dob' is visible

2018-07-24 14:22:00 - [TEST_STEP][PASSED] - getText: Text of object 'Object Repository/Home_OR/preview_label_dob' is: 'DOB'

2018-07-24 14:22:00 - [MESSAGE][PASSED] - Text of object 'Object Repository/Home_OR/preview_label_dob' is: 'DOB'

2018-07-24 14:22:00 - [TEST_STEP][PASSED] - verifyElementVisible: Object 'Object Repository/Home_OR/preview_dob' is visible

2018-07-24 14:22:00 - [MESSAGE][PASSED] - Object 'Object Repository/Home_OR/preview_dob' is visible

2018-07-24 14:22:00 - [TEST_STEP][PASSED] - Statement - currentWindow = com.kms.katalon.core.webui.keyword.WebUiBuiltInKeywords.getWindowIndex(): Current window's index is: 0

2018-07-24 14:22:00 - [MESSAGE][PASSED] - Current window's index is: 0

2018-07-24 14:22:00 - [TEST_STEP][PASSED] - Statement - nextTabIndex = currentWindow + 1: null

2018-07-24 14:22:00 - [TEST_STEP][PASSED] - Statement - If (viewport_width <= 1007): Viewport is set to new size with width = 700 and height = 600

2018-07-24 14:22:00 - [TEST_STEP][PASSED] - Statement - viewport_height = com.kms.katalon.core.webui.keyword.WebUiBuiltInKeywords.getViewportHeight(): Viewport height is 600

2018-07-24 14:22:00 - [MESSAGE][PASSED] - Viewport height is 600

2018-07-24 14:22:00 - [TEST_STEP][PASSED] - setViewPortSize: Viewport is set to new size with width = 700 and height = 600

2018-07-24 14:22:00 - [MESSAGE][PASSED] - Viewport is set to new size with width = 700 and height = 600

2018-07-24 14:22:00 - [TEST_STEP][PASSED] - click: Object: 'Object Repository/Home_OR/button_URL' is clicked on

2018-07-24 14:22:00 - [MESSAGE][PASSED] - Object: 'Object Repository/Home_OR/button_URL' is clicked on

2018-07-24 14:22:00 - [TEST_STEP][PASSED] - waitForElementVisible: Object 'Object Repository/Home_OR/campaign_url' is visible

2018-07-24 14:22:01 - [MESSAGE][PASSED] - Object 'Object Repository/Home_OR/campaign_url' is visible

2018-07-24 14:22:01 - [TEST_STEP][PASSED] - waitForElementVisible: Object 'Object Repository/Home_OR/button_Preview URL' is visible

2018-07-24 14:22:01 - [MESSAGE][PASSED] - Object 'Object Repository/Home_OR/button_Preview URL' is visible

2018-07-24 14:22:01 - [TEST_STEP][PASSED] - click: Object: 'Object Repository/Home_OR/button_Preview URL' is clicked on

2018-07-24 14:22:01 - [MESSAGE][PASSED] - Object: 'Object Repository/Home_OR/button_Preview URL' is clicked on

2018-07-24 14:22:01 - [TEST_STEP][PASSED] - switchToWindowIndex: Switched to window with index: '1'

2018-07-24 14:22:01 - [MESSAGE][PASSED] - Switched to window with index: '1'

2018-07-24 14:22:01 - [TEST_STEP][PASSED] - waitForElementVisible: Object 'Object Repository/Campaign_Subscribe/campaign_img' is visible

2018-07-24 14:22:02 - [MESSAGE][PASSED] - Object 'Object Repository/Campaign_Subscribe/campaign_img' is visible

2018-07-24 14:22:02 - [TEST_STEP][PASSED] - verifyElementVisible: Object 'Object Repository/Campaign_Subscribe/campaign_img' is visible

2018-07-24 14:22:02 - [MESSAGE][PASSED] - Object 'Object Repository/Campaign_Subscribe/campaign_img' is visible

2018-07-24 14:22:02 - [TEST_STEP][PASSED] - verifyElementVisible: Object 'Object Repository/Campaign_Subscribe/company_name' is visible

2018-07-24 14:22:02 - [MESSAGE][PASSED] - Object 'Object Repository/Campaign_Subscribe/company_name' is visible

2018-07-24 14:22:02 - [TEST_STEP][PASSED] - Statement - verifyCompanyName = com.kms.katalon.core.webui.keyword.WebUiBuiltInKeywords.getText(com.kms.katalon.core.testobject.ObjectRepository.findTestObject(Campaign_Subscribe/company_name)): Text of object 'Object Repository/Campaign_Subscribe/company_name' is: 'Starbucks Reserve LtdqkJc'

2018-07-24 14:22:02 - [MESSAGE][PASSED] - Text of object 'Object Repository/Campaign_Subscribe/company_name' is: 'Starbucks Reserve LtdqkJc'

2018-07-24 14:22:02 - [TEST_STEP][PASSED] - verifyMatch: Actual text 'Starbucks Reserve LtdqkJc' and expected text 'Starbucks Reserve LtdqkJc' are matched  using regular expression

2018-07-24 14:22:02 - [MESSAGE][PASSED] - Actual text 'Starbucks Reserve LtdqkJc' and expected text 'Starbucks Reserve LtdqkJc' are matched  using regular expression

2018-07-24 14:22:02 - [TEST_STEP][PASSED] - verifyElementVisible: Object 'Object Repository/Campaign_Subscribe/campaign_instruction' is visible

2018-07-24 14:22:02 - [MESSAGE][PASSED] - Object 'Object Repository/Campaign_Subscribe/campaign_instruction' is visible

2018-07-24 14:22:02 - [TEST_STEP][PASSED] - Statement - verifyCampaignInstruction = com.kms.katalon.core.webui.keyword.WebUiBuiltInKeywords.getText(com.kms.katalon.core.testobject.ObjectRepository.findTestObject(Campaign_Subscribe/campaign_instruction)): Text of object 'Object Repository/Campaign_Subscribe/campaign_instruction' is: 'Please subscribe with us and redeem a free coffee. Come join us now!qkJc'

2018-07-24 14:22:02 - [MESSAGE][PASSED] - Text of object 'Object Repository/Campaign_Subscribe/campaign_instruction' is: 'Please subscribe with us and redeem a free coffee. Come join us now!qkJc'

2018-07-24 14:22:02 - [TEST_STEP][PASSED] - verifyMatch: Actual text 'Please subscribe with us and redeem a free coffee. Come join us now!qkJc' and expected text 'Please subscribe with us and redeem a free coffee. Come join us now!qkJc' are matched  using regular expression

2018-07-24 14:22:02 - [MESSAGE][PASSED] - Actual text 'Please subscribe with us and redeem a free coffee. Come join us now!qkJc' and expected text 'Please subscribe with us and redeem a free coffee. Come join us now!qkJc' are matched  using regular expression

2018-07-24 14:22:02 - [TEST_STEP][PASSED] - Statement - If (verifyEmail == true): Object 'Object Repository/Campaign_Subscribe/input_email' is visible

2018-07-24 14:22:02 - [TEST_STEP][PASSED] - verifyElementVisible: Object 'Object Repository/Campaign_Subscribe/input_email' is visible

2018-07-24 14:22:03 - [MESSAGE][PASSED] - Object 'Object Repository/Campaign_Subscribe/input_email' is visible

2018-07-24 14:22:03 - [TEST_STEP][PASSED] - Statement - If (verifyMobileno == true): Object 'Object Repository/Campaign_Subscribe/input_mobileno' is visible

2018-07-24 14:22:03 - [TEST_STEP][PASSED] - verifyElementVisible: Object 'Object Repository/Campaign_Subscribe/country_code' is visible

2018-07-24 14:22:03 - [MESSAGE][PASSED] - Object 'Object Repository/Campaign_Subscribe/country_code' is visible

2018-07-24 14:22:03 - [TEST_STEP][PASSED] - verifyElementVisible: Object 'Object Repository/Campaign_Subscribe/input_mobileno' is visible

2018-07-24 14:22:03 - [MESSAGE][PASSED] - Object 'Object Repository/Campaign_Subscribe/input_mobileno' is visible

2018-07-24 14:22:03 - [TEST_STEP][PASSED] - Statement - If (verifyName == true): Object 'Object Repository/Campaign_Subscribe/input_name' is visible

2018-07-24 14:22:03 - [TEST_STEP][PASSED] - verifyElementVisible: Object 'Object Repository/Campaign_Subscribe/input_name' is visible

2018-07-24 14:22:03 - [MESSAGE][PASSED] - Object 'Object Repository/Campaign_Subscribe/input_name' is visible

2018-07-24 14:22:03 - [TEST_STEP][PASSED] - Statement - If (verifyGender == true): Object 'Object Repository/Campaign_Subscribe/radio_female' is visible

2018-07-24 14:22:03 - [TEST_STEP][PASSED] - verifyElementVisible: Object 'Object Repository/Campaign_Subscribe/radio_male' is visible

2018-07-24 14:22:03 - [MESSAGE][PASSED] - Object 'Object Repository/Campaign_Subscribe/radio_male' is visible

2018-07-24 14:22:03 - [TEST_STEP][PASSED] - verifyElementVisible: Object 'Object Repository/Campaign_Subscribe/radio_female' is visible

2018-07-24 14:22:03 - [MESSAGE][PASSED] - Object 'Object Repository/Campaign_Subscribe/radio_female' is visible

2018-07-24 14:22:03 - [TEST_STEP][PASSED] - Statement - If (verifyDOB == true): Object 'Object Repository/Campaign_Subscribe/input_dob' is visible

2018-07-24 14:22:03 - [TEST_STEP][PASSED] - verifyElementVisible: Object 'Object Repository/Campaign_Subscribe/input_dob' is visible

2018-07-24 14:22:03 - [MESSAGE][PASSED] - Object 'Object Repository/Campaign_Subscribe/input_dob' is visible

2018-07-24 14:22:03 - [TEST_STEP][PASSED] - closeWindowIndex: Window with index 1 is closed

2018-07-24 14:22:03 - [MESSAGE][PASSED] - Window with index 1 is closed

2018-07-24 14:22:03 - [TEST_STEP][PASSED] - switchToWindowIndex: Switched to window with index: '0'

2018-07-24 14:22:03 - [MESSAGE][PASSED] - Switched to window with index: '0'

2018-07-24 14:22:03 - [TEST_STEP][PASSED] - scrollToElement: Scroll to object 'Object Repository/Home_OR/button_Close' successfully

2018-07-24 14:22:03 - [MESSAGE][PASSED] - Scroll to object 'Object Repository/Home_OR/button_Close' successfully

2018-07-24 14:22:03 - [TEST_STEP][PASSED] - click: Object: 'Object Repository/Home_OR/button_Close' is clicked on

2018-07-24 14:22:03 - [MESSAGE][PASSED] - Object: 'Object Repository/Home_OR/button_Close' is clicked on

2018-07-24 14:22:03 - [TEST_STEP][PASSED] - Statement - accessModule = false: null

2018-07-24 14:22:03 - [MESSAGE][PASSED] - Call Test Case 'Test Cases/Merchant Portal/Campaign/Campagin Modules/verify campaign' successfully]]></system-out>
         <system-err><![CDATA[]]></system-err>
      </testcase>
      <system-out><![CDATA[2018-07-24 14:09:24 - [TEST_SUITE][PASSED] - TS001 Create Campaign with negative testing: Test Cases/Merchant Portal/Campaign/TC001 Campaign - verify all case]]></system-out>
      <system-err><![CDATA[]]></system-err>
   </testsuite>
</testsuites>
