<?xml version="1.0" encoding="UTF-8"?>
<testsuites name="TS002 Edit Campaign with negative testing" time="844" tests="29" failures="0" errors="0">
   <testsuite name="TS002 Edit Campaign with negative testing" tests="29" failures="0" errors="0" time="844" timestamp="2018-07-24 14:57:50" hostname="kl.chan - KaiLoon0917.mk.macrokiosk.com" id="Test Suites/TS_Create_Campaign/TS002 Edit Campaign with negative testing">
      <properties>
         <property name="deviceName" value=""/>
         <property name="devicePlatform" value=""/>
         <property name="logFolder" value="C:\\Users\\kl.chan\\Katalon Studio\\boldreward\\Reports\\TS_Create_Campaign\\TS002 Edit Campaign with negative testing\\20180724_145748"/>
         <property name="logFiles" value="C:\\Users\\kl.chan\\Katalon Studio\\boldreward\\Reports\\TS_Create_Campaign\\TS002 Edit Campaign with negative testing\\20180724_145748\\execution0.log"/>
         <property name="attachments" value="C:\\Users\\kl.chan\\Katalon Studio\\boldreward\\Reports\\TS_Create_Campaign\\TS002 Edit Campaign with negative testing\\20180724_145748\\1532415492732.png, C:\\Users\\kl.chan\\Katalon Studio\\boldreward\\Reports\\TS_Create_Campaign\\TS002 Edit Campaign with negative testing\\20180724_145748\\1532415501858.png, C:\\Users\\kl.chan\\Katalon Studio\\boldreward\\Reports\\TS_Create_Campaign\\TS002 Edit Campaign with negative testing\\20180724_145748\\1532415525532.png, C:\\Users\\kl.chan\\Katalon Studio\\boldreward\\Reports\\TS_Create_Campaign\\TS002 Edit Campaign with negative testing\\20180724_145748\\1532415534074.png, C:\\Users\\kl.chan\\Katalon Studio\\boldreward\\Reports\\TS_Create_Campaign\\TS002 Edit Campaign with negative testing\\20180724_145748\\1532415557411.png, C:\\Users\\kl.chan\\Katalon Studio\\boldreward\\Reports\\TS_Create_Campaign\\TS002 Edit Campaign with negative testing\\20180724_145748\\1532415566368.png, C:\\Users\\kl.chan\\Katalon Studio\\boldreward\\Reports\\TS_Create_Campaign\\TS002 Edit Campaign with negative testing\\20180724_145748\\1532415589547.png, C:\\Users\\kl.chan\\Katalon Studio\\boldreward\\Reports\\TS_Create_Campaign\\TS002 Edit Campaign with negative testing\\20180724_145748\\1532415598488.png, C:\\Users\\kl.chan\\Katalon Studio\\boldreward\\Reports\\TS_Create_Campaign\\TS002 Edit Campaign with negative testing\\20180724_145748\\1532415632678.png, C:\\Users\\kl.chan\\Katalon Studio\\boldreward\\Reports\\TS_Create_Campaign\\TS002 Edit Campaign with negative testing\\20180724_145748\\1532415656588.png, C:\\Users\\kl.chan\\Katalon Studio\\boldreward\\Reports\\TS_Create_Campaign\\TS002 Edit Campaign with negative testing\\20180724_145748\\1532415666242.png, C:\\Users\\kl.chan\\Katalon Studio\\boldreward\\Reports\\TS_Create_Campaign\\TS002 Edit Campaign with negative testing\\20180724_145748\\1532415687900.png, C:\\Users\\kl.chan\\Katalon Studio\\boldreward\\Reports\\TS_Create_Campaign\\TS002 Edit Campaign with negative testing\\20180724_145748\\1532415696559.png, C:\\Users\\kl.chan\\Katalon Studio\\boldreward\\Reports\\TS_Create_Campaign\\TS002 Edit Campaign with negative testing\\20180724_145748\\1532415718087.png, C:\\Users\\kl.chan\\Katalon Studio\\boldreward\\Reports\\TS_Create_Campaign\\TS002 Edit Campaign with negative testing\\20180724_145748\\1532415726691.png, C:\\Users\\kl.chan\\Katalon Studio\\boldreward\\Reports\\TS_Create_Campaign\\TS002 Edit Campaign with negative testing\\20180724_145748\\1532415750131.png, C:\\Users\\kl.chan\\Katalon Studio\\boldreward\\Reports\\TS_Create_Campaign\\TS002 Edit Campaign with negative testing\\20180724_145748\\1532415758807.png, C:\\Users\\kl.chan\\Katalon Studio\\boldreward\\Reports\\TS_Create_Campaign\\TS002 Edit Campaign with negative testing\\20180724_145748\\1532415782457.png, C:\\Users\\kl.chan\\Katalon Studio\\boldreward\\Reports\\TS_Create_Campaign\\TS002 Edit Campaign with negative testing\\20180724_145748\\1532415790642.png, C:\\Users\\kl.chan\\Katalon Studio\\boldreward\\Reports\\TS_Create_Campaign\\TS002 Edit Campaign with negative testing\\20180724_145748\\1532415814182.png, C:\\Users\\kl.chan\\Katalon Studio\\boldreward\\Reports\\TS_Create_Campaign\\TS002 Edit Campaign with negative testing\\20180724_145748\\1532415822250.png, C:\\Users\\kl.chan\\Katalon Studio\\boldreward\\Reports\\TS_Create_Campaign\\TS002 Edit Campaign with negative testing\\20180724_145748\\1532415845554.png, C:\\Users\\kl.chan\\Katalon Studio\\boldreward\\Reports\\TS_Create_Campaign\\TS002 Edit Campaign with negative testing\\20180724_145748\\1532415853973.png, C:\\Users\\kl.chan\\Katalon Studio\\boldreward\\Reports\\TS_Create_Campaign\\TS002 Edit Campaign with negative testing\\20180724_145748\\1532415875342.png, C:\\Users\\kl.chan\\Katalon Studio\\boldreward\\Reports\\TS_Create_Campaign\\TS002 Edit Campaign with negative testing\\20180724_145748\\1532415883973.png, C:\\Users\\kl.chan\\Katalon Studio\\boldreward\\Reports\\TS_Create_Campaign\\TS002 Edit Campaign with negative testing\\20180724_145748\\1532415905375.png, C:\\Users\\kl.chan\\Katalon Studio\\boldreward\\Reports\\TS_Create_Campaign\\TS002 Edit Campaign with negative testing\\20180724_145748\\1532415913800.png, C:\\Users\\kl.chan\\Katalon Studio\\boldreward\\Reports\\TS_Create_Campaign\\TS002 Edit Campaign with negative testing\\20180724_145748\\1532415935080.png, C:\\Users\\kl.chan\\Katalon Studio\\boldreward\\Reports\\TS_Create_Campaign\\TS002 Edit Campaign with negative testing\\20180724_145748\\1532415943538.png, C:\\Users\\kl.chan\\Katalon Studio\\boldreward\\Reports\\TS_Create_Campaign\\TS002 Edit Campaign with negative testing\\20180724_145748\\1532415964828.png, C:\\Users\\kl.chan\\Katalon Studio\\boldreward\\Reports\\TS_Create_Campaign\\TS002 Edit Campaign with negative testing\\20180724_145748\\1532415973297.png, C:\\Users\\kl.chan\\Katalon Studio\\boldreward\\Reports\\TS_Create_Campaign\\TS002 Edit Campaign with negative testing\\20180724_145748\\1532415994627.png, C:\\Users\\kl.chan\\Katalon Studio\\boldreward\\Reports\\TS_Create_Campaign\\TS002 Edit Campaign with negative testing\\20180724_145748\\1532416003050.png, C:\\Users\\kl.chan\\Katalon Studio\\boldreward\\Reports\\TS_Create_Campaign\\TS002 Edit Campaign with negative testing\\20180724_145748\\1532416024231.png, C:\\Users\\kl.chan\\Katalon Studio\\boldreward\\Reports\\TS_Create_Campaign\\TS002 Edit Campaign with negative testing\\20180724_145748\\1532416032609.png, C:\\Users\\kl.chan\\Katalon Studio\\boldreward\\Reports\\TS_Create_Campaign\\TS002 Edit Campaign with negative testing\\20180724_145748\\1532416053749.png, C:\\Users\\kl.chan\\Katalon Studio\\boldreward\\Reports\\TS_Create_Campaign\\TS002 Edit Campaign with negative testing\\20180724_145748\\1532416062123.png, C:\\Users\\kl.chan\\Katalon Studio\\boldreward\\Reports\\TS_Create_Campaign\\TS002 Edit Campaign with negative testing\\20180724_145748\\1532416083516.png, C:\\Users\\kl.chan\\Katalon Studio\\boldreward\\Reports\\TS_Create_Campaign\\TS002 Edit Campaign with negative testing\\20180724_145748\\1532416092173.png, C:\\Users\\kl.chan\\Katalon Studio\\boldreward\\Reports\\TS_Create_Campaign\\TS002 Edit Campaign with negative testing\\20180724_145748\\1532416113509.png, C:\\Users\\kl.chan\\Katalon Studio\\boldreward\\Reports\\TS_Create_Campaign\\TS002 Edit Campaign with negative testing\\20180724_145748\\1532416122142.png, C:\\Users\\kl.chan\\Katalon Studio\\boldreward\\Reports\\TS_Create_Campaign\\TS002 Edit Campaign with negative testing\\20180724_145748\\1532416143348.png, C:\\Users\\kl.chan\\Katalon Studio\\boldreward\\Reports\\TS_Create_Campaign\\TS002 Edit Campaign with negative testing\\20180724_145748\\1532416151734.png, C:\\Users\\kl.chan\\Katalon Studio\\boldreward\\Reports\\TS_Create_Campaign\\TS002 Edit Campaign with negative testing\\20180724_145748\\1532416172918.png, C:\\Users\\kl.chan\\Katalon Studio\\boldreward\\Reports\\TS_Create_Campaign\\TS002 Edit Campaign with negative testing\\20180724_145748\\1532416181322.png, C:\\Users\\kl.chan\\Katalon Studio\\boldreward\\Reports\\TS_Create_Campaign\\TS002 Edit Campaign with negative testing\\20180724_145748\\1532416202665.png, C:\\Users\\kl.chan\\Katalon Studio\\boldreward\\Reports\\TS_Create_Campaign\\TS002 Edit Campaign with negative testing\\20180724_145748\\1532416211089.png, C:\\Users\\kl.chan\\Katalon Studio\\boldreward\\Reports\\TS_Create_Campaign\\TS002 Edit Campaign with negative testing\\20180724_145748\\1532416232301.png, C:\\Users\\kl.chan\\Katalon Studio\\boldreward\\Reports\\TS_Create_Campaign\\TS002 Edit Campaign with negative testing\\20180724_145748\\1532416240766.png, C:\\Users\\kl.chan\\Katalon Studio\\boldreward\\Reports\\TS_Create_Campaign\\TS002 Edit Campaign with negative testing\\20180724_145748\\1532416261981.png, C:\\Users\\kl.chan\\Katalon Studio\\boldreward\\Reports\\TS_Create_Campaign\\TS002 Edit Campaign with negative testing\\20180724_145748\\1532416270400.png, C:\\Users\\kl.chan\\Katalon Studio\\boldreward\\Reports\\TS_Create_Campaign\\TS002 Edit Campaign with negative testing\\20180724_145748\\1532416288085.png, C:\\Users\\kl.chan\\Katalon Studio\\boldreward\\Reports\\TS_Create_Campaign\\TS002 Edit Campaign with negative testing\\20180724_145748\\1532416296471.png"/>
         <property name="hostName" value="kl.chan - KaiLoon0917.mk.macrokiosk.com"/>
         <property name="os" value="Windows 10 64bit"/>
         <property name="katalonVersion" value="5.5.0.1"/>
         <property name="browser" value="Chrome 67.0.3396.99"/>
         <property name="hostAddress" value="192.168.2.78"/>
         <property name="sessionId" value="1be13ecc505a1b3ff39c291ebe7b8a27"/>
         <property name="seleniumVersion" value="3.7.1"/>
         <property name="proxyInformation" value="ProxyInformation{proxyOption=NO_PROXY, proxyServerType=HTTP, password=, proxyServerAddress=, proxyServerPort=0}"/>
         <property name="platform" value="Windows 10"/>
      </properties>
      <testcase name="Test Cases/Merchant Portal/Login_Logout/Login Modules/login" classname="Test Cases/Merchant Portal/Login_Logout/Login Modules/login" status="PASSED">
         <system-out><![CDATA[2018-07-24 14:57:50 - [TEST_CASE][PASSED] - Test Cases/Merchant Portal/Login_Logout/Login Modules/login: Test Cases/Merchant Portal/Login_Logout/Login Modules/login

2018-07-24 14:57:50 - [TEST_STEP][PASSED] - Statement - If (openBrowser == false): null

2018-07-24 14:57:50 - [TEST_STEP][PASSED] - callTestCase: Call Test Case 'Test Cases/Merchant Portal/Login_Logout/Login Modules/access_merchant_login_URL' successfully

2018-07-24 14:57:51 - [TEST_CASE][PASSED] - Test Cases/Merchant Portal/Login_Logout/Login Modules/access_merchant_login_URL: Test Cases/Merchant Portal/Login_Logout/Login Modules/access_merchant_login_URL

2018-07-24 14:57:51 - [TEST_STEP][PASSED] - openBrowser: Browser is opened with url: ''

2018-07-24 14:57:54 - [MESSAGE][PASSED] - Browser is opened with url: ''

2018-07-24 14:57:54 - [TEST_STEP][PASSED] - maximizeWindow: Current window maximized

2018-07-24 14:57:55 - [MESSAGE][PASSED] - Current window maximized

2018-07-24 14:57:55 - [TEST_STEP][PASSED] - Statement - viewport_width = com.kms.katalon.core.webui.keyword.WebUiBuiltInKeywords.getViewportWidth(): Viewport width is 1366

2018-07-24 14:57:55 - [MESSAGE][PASSED] - Viewport width is 1366

2018-07-24 14:57:55 - [TEST_STEP][PASSED] - navigateToUrl: Navigate to 'http://sit.boldreward.com/merchant-login.html' successfully

2018-07-24 14:57:59 - [MESSAGE][PASSED] - Navigate to 'http://sit.boldreward.com/merchant-login.html' successfully

2018-07-24 14:57:59 - [TEST_STEP][PASSED] - Statement - openBrowser = true: null

2018-07-24 14:57:59 - [MESSAGE][PASSED] - Call Test Case 'Test Cases/Merchant Portal/Login_Logout/Login Modules/access_merchant_login_URL' successfully

2018-07-24 14:57:59 - [TEST_STEP][PASSED] - Statement - openBrowser = true: null

2018-07-24 14:57:59 - [TEST_STEP][PASSED] - setText: Text 'altest23' is set on object 'Object Repository/Login_OR/a.username_input'

2018-07-24 14:57:59 - [MESSAGE][PASSED] - Text 'altest23' is set on object 'Object Repository/Login_OR/a.username_input'

2018-07-24 14:57:59 - [TEST_STEP][PASSED] - setText: Text 'abcd1234' is set on object 'Object Repository/Login_OR/b.password_input'

2018-07-24 14:57:59 - [MESSAGE][PASSED] - Text 'abcd1234' is set on object 'Object Repository/Login_OR/b.password_input'

2018-07-24 14:57:59 - [TEST_STEP][PASSED] - click: Object: 'Object Repository/Login_OR/c.button_LOGIN' is clicked on

2018-07-24 14:57:59 - [MESSAGE][PASSED] - Object: 'Object Repository/Login_OR/c.button_LOGIN' is clicked on

2018-07-24 14:57:59 - [TEST_STEP][PASSED] - Statement - loggedin = true: null]]></system-out>
         <system-err><![CDATA[]]></system-err>
      </testcase>
      <testcase name="Test Cases/Merchant Portal/Campaign/TC001 Campaign - verify all case" classname="Test Cases/Merchant Portal/Campaign/TC001 Campaign - verify all case" status="PASSED">
         <system-out><![CDATA[2018-07-24 14:57:59 - [TEST_CASE][PASSED] - Test Cases/Merchant Portal/Campaign/TC001 Campaign - verify all case: Test Cases/Merchant Portal/Campaign/TC001 Campaign - verify all case

2018-07-24 14:58:00 - [TEST_STEP][PASSED] - Statement - randomWords = CustomKeywords.randomWords.GenerateNumber.randomString(4): randomWords.GenerateNumber.randomString is PASSED

2018-07-24 14:58:00 - [MESSAGE][PASSED] - randomWords.GenerateNumber.randomString is PASSED

2018-07-24 14:58:00 - [TEST_STEP][PASSED] - Statement - If (companyName.trim() != ""): null

2018-07-24 14:58:00 - [TEST_STEP][PASSED] - Statement - If (campaignInstruc.trim() != ""): null

2018-07-24 14:58:00 - [TEST_STEP][PASSED] - Statement - campaignInstruc = campaignInstruc + randomWords: null

2018-07-24 14:58:00 - [TEST_STEP][PASSED] - Statement - If (emailSender.trim() != ""): null

2018-07-24 14:58:00 - [TEST_STEP][PASSED] - Statement - email = emailSender: null

2018-07-24 14:58:00 - [TEST_STEP][PASSED] - Statement - splitEmail = email.split("@"): null

2018-07-24 14:58:00 - [TEST_STEP][PASSED] - Statement - numb = length: null

2018-07-24 14:58:00 - [TEST_STEP][PASSED] - Statement - If (numb > 1): null

2018-07-24 14:58:00 - [TEST_STEP][PASSED] - Statement - emailSender = splitEmail[0] + randomWords + "@" + splitEmail[1]: null

2018-07-24 14:58:00 - [TEST_STEP][PASSED] - Statement - If (emailSubject.trim() != ""): null

2018-07-24 14:58:00 - [TEST_STEP][PASSED] - Statement - emailSubject = emailSubject + randomWords: null

2018-07-24 14:58:00 - [TEST_STEP][PASSED] - Statement - If (emailContent.trim() != ""): null

2018-07-24 14:58:00 - [TEST_STEP][PASSED] - Statement - emailContent = emailContent + randomWords: null

2018-07-24 14:58:00 - [TEST_STEP][PASSED] - callTestCase: Call Test Case 'Test Cases/Merchant Portal/Campaign/Campagin Modules/create campaign' successfully

2018-07-24 14:58:00 - [TEST_CASE][PASSED] - Test Cases/Merchant Portal/Campaign/Campagin Modules/create campaign: Test Cases/Merchant Portal/Campaign/Campagin Modules/create campaign

2018-07-24 14:58:01 - [TEST_STEP][PASSED] - Statement - osName = "": null

2018-07-24 14:58:01 - [TEST_STEP][PASSED] - Statement - osName = CustomKeywords.os.DetectOS.getOperatingSystem(osName): os.DetectOS.getOperatingSystem is PASSED

2018-07-24 14:58:01 - [MESSAGE][PASSED] - os.DetectOS.getOperatingSystem is PASSED

2018-07-24 14:58:01 - [TEST_STEP][PASSED] - Statement - splitString = osName.split(): null

2018-07-24 14:58:01 - [TEST_STEP][PASSED] - Statement - os = splitString[0].toString(): null

2018-07-24 14:58:01 - [TEST_STEP][PASSED] - Statement - If (loggedin == false): null

2018-07-24 14:58:01 - [TEST_STEP][PASSED] - Statement - If (accessModule == false): Call Test Case 'Test Cases/Merchant Portal/Module Access/Campaign' successfully

2018-07-24 14:58:01 - [TEST_STEP][PASSED] - callTestCase: Call Test Case 'Test Cases/Merchant Portal/Module Access/Campaign' successfully

2018-07-24 14:58:01 - [TEST_CASE][PASSED] - Test Cases/Merchant Portal/Module Access/Campaign: Test Cases/Merchant Portal/Module Access/Campaign

2018-07-24 14:58:01 - [TEST_STEP][PASSED] - Statement - If (viewport_width <= 1007): null

2018-07-24 14:58:01 - [TEST_STEP][PASSED] - click: Object: 'Object Repository/Campaign_OR/campaign_link_sidebar' is clicked on

2018-07-24 14:58:06 - [MESSAGE][PASSED] - Object: 'Object Repository/Campaign_OR/campaign_link_sidebar' is clicked on

2018-07-24 14:58:06 - [TEST_STEP][PASSED] - Statement - If (viewport_width <= 1007): null

2018-07-24 14:58:06 - [TEST_STEP][PASSED] - Statement - accessModule = true: null

2018-07-24 14:58:06 - [MESSAGE][PASSED] - Call Test Case 'Test Cases/Merchant Portal/Module Access/Campaign' successfully

2018-07-24 14:58:06 - [TEST_STEP][PASSED] - delay: Delayed 5 second(s)

2018-07-24 14:58:11 - [MESSAGE][PASSED] - Delayed 5 second(s)

2018-07-24 14:58:11 - [TEST_STEP][PASSED] - setText: Text '' is set on object 'Object Repository/Campaign_OR/Fields/a.input_company_name'

2018-07-24 14:58:12 - [MESSAGE][PASSED] - Text '' is set on object 'Object Repository/Campaign_OR/Fields/a.input_company_name'

2018-07-24 14:58:12 - [TEST_STEP][PASSED] - setText: Text 'Please subscribe with us and redeem a free coffee. Come join us now!f1qX' is set on object 'Object Repository/Campaign_OR/Fields/b.textarea_campaign_instruction'

2018-07-24 14:58:12 - [MESSAGE][PASSED] - Text 'Please subscribe with us and redeem a free coffee. Come join us now!f1qX' is set on object 'Object Repository/Campaign_OR/Fields/b.textarea_campaign_instruction'

2018-07-24 14:58:12 - [TEST_STEP][PASSED] - Statement - verifyEmail = false: null

2018-07-24 14:58:12 - [TEST_STEP][PASSED] - Statement - If (radioEmail.toLowerCase() == "true"): null

2018-07-24 14:58:12 - [TEST_STEP][PASSED] - Statement - verifyEmail = true: null

2018-07-24 14:58:12 - [TEST_STEP][PASSED] - Statement - If (verifyEmail == true): Object 'Object Repository/Campaign_OR/input_email' is visible

2018-07-24 14:58:12 - [TEST_STEP][PASSED] - Statement - If (com.kms.katalon.core.webui.keyword.WebUiBuiltInKeywords.verifyElementNotChecked(com.kms.katalon.core.testobject.ObjectRepository.findTestObject(Campaign_OR/Fields/c.checkbox_email), 1, OPTIONAL)): Object 'Object Repository/Campaign_OR/Fields/c.checkbox_email' is checked

2018-07-24 14:58:13 - [MESSAGE][WARNING] - Object 'Object Repository/Campaign_OR/Fields/c.checkbox_email' is checked
[[ATTACHMENT|C:\\Users\\kl.chan\\Katalon Studio\\boldreward\\Reports\\TS_Create_Campaign\\TS002 Edit Campaign with negative testing\\20180724_145748\\1532415492732.png]]

2018-07-24 14:58:13 - [TEST_STEP][PASSED] - Statement - Else: Object 'Object Repository/Campaign_OR/input_email' is visible

2018-07-24 14:58:13 - [TEST_STEP][PASSED] - verifyElementVisible: Object 'Object Repository/Campaign_OR/input_email' is visible

2018-07-24 14:58:13 - [MESSAGE][PASSED] - Object 'Object Repository/Campaign_OR/input_email' is visible

2018-07-24 14:58:13 - [TEST_STEP][PASSED] - Statement - verifyMobileno = false: null

2018-07-24 14:58:13 - [TEST_STEP][PASSED] - Statement - If (radioMobileno.toLowerCase() == "true"): null

2018-07-24 14:58:13 - [TEST_STEP][PASSED] - Statement - If (verifyMobileno == true): null

2018-07-24 14:58:13 - [TEST_STEP][PASSED] - Statement - Else If (verifyMobileno == false): Object 'Object Repository/Campaign_OR/input_mobileno' is NOT visible

2018-07-24 14:58:13 - [TEST_STEP][PASSED] - Statement - If (com.kms.katalon.core.webui.keyword.WebUiBuiltInKeywords.verifyElementChecked(com.kms.katalon.core.testobject.ObjectRepository.findTestObject(Campaign_OR/Fields/d.checkbox_mobile_number), 1, OPTIONAL)): Object 'Object Repository/Campaign_OR/input_mobileno' is NOT visible

2018-07-24 14:58:13 - [MESSAGE][PASSED] - Object 'Object Repository/Campaign_OR/Fields/d.checkbox_mobile_number' is checked

2018-07-24 14:58:13 - [TEST_STEP][PASSED] - delay: Delayed 1 second(s)

2018-07-24 14:58:14 - [MESSAGE][PASSED] - Delayed 1 second(s)

2018-07-24 14:58:14 - [TEST_STEP][PASSED] - click: Object: 'Object Repository/Campaign_OR/Fields/d.checkbox_mobile_number' is clicked on

2018-07-24 14:58:14 - [MESSAGE][PASSED] - Object: 'Object Repository/Campaign_OR/Fields/d.checkbox_mobile_number' is clicked on

2018-07-24 14:58:14 - [TEST_STEP][PASSED] - verifyElementNotVisible: Object 'Object Repository/Campaign_OR/input_mobileno' is NOT visible

2018-07-24 14:58:14 - [MESSAGE][PASSED] - Object 'Object Repository/Campaign_OR/input_mobileno' is NOT visible

2018-07-24 14:58:14 - [TEST_STEP][PASSED] - Statement - verifyName = false: null

2018-07-24 14:58:14 - [TEST_STEP][PASSED] - Statement - If (radioName.toLowerCase() == "true"): null

2018-07-24 14:58:14 - [TEST_STEP][PASSED] - Statement - If (verifyName == true): null

2018-07-24 14:58:14 - [TEST_STEP][PASSED] - Statement - Else If (verifyName == false): Object 'Object Repository/Campaign_OR/input_name' is NOT visible

2018-07-24 14:58:14 - [TEST_STEP][PASSED] - Statement - If (com.kms.katalon.core.webui.keyword.WebUiBuiltInKeywords.verifyElementChecked(com.kms.katalon.core.testobject.ObjectRepository.findTestObject(Campaign_OR/Fields/e.checkbox_name), 1, OPTIONAL)): Object 'Object Repository/Campaign_OR/input_name' is NOT visible

2018-07-24 14:58:14 - [MESSAGE][PASSED] - Object 'Object Repository/Campaign_OR/Fields/e.checkbox_name' is checked

2018-07-24 14:58:14 - [TEST_STEP][PASSED] - delay: Delayed 1 second(s)

2018-07-24 14:58:15 - [MESSAGE][PASSED] - Delayed 1 second(s)

2018-07-24 14:58:15 - [TEST_STEP][PASSED] - click: Object: 'Object Repository/Campaign_OR/Fields/e.checkbox_name' is clicked on

2018-07-24 14:58:15 - [MESSAGE][PASSED] - Object: 'Object Repository/Campaign_OR/Fields/e.checkbox_name' is clicked on

2018-07-24 14:58:15 - [TEST_STEP][PASSED] - verifyElementNotVisible: Object 'Object Repository/Campaign_OR/input_name' is NOT visible

2018-07-24 14:58:15 - [MESSAGE][PASSED] - Object 'Object Repository/Campaign_OR/input_name' is NOT visible

2018-07-24 14:58:15 - [TEST_STEP][PASSED] - Statement - verifyGender = false: null

2018-07-24 14:58:15 - [TEST_STEP][PASSED] - Statement - If (radioGender.toLowerCase() == "true"): null

2018-07-24 14:58:15 - [TEST_STEP][PASSED] - Statement - If (verifyGender == true): null

2018-07-24 14:58:15 - [TEST_STEP][PASSED] - Statement - Else If (verifyGender == false): Object 'Object Repository/Campaign_OR/label_Female' is NOT visible

2018-07-24 14:58:15 - [TEST_STEP][PASSED] - Statement - If (com.kms.katalon.core.webui.keyword.WebUiBuiltInKeywords.verifyElementChecked(com.kms.katalon.core.testobject.ObjectRepository.findTestObject(Campaign_OR/Fields/f.checkbox_gender), 1, OPTIONAL)): Object 'Object Repository/Campaign_OR/label_Female' is NOT visible

2018-07-24 14:58:15 - [MESSAGE][PASSED] - Object 'Object Repository/Campaign_OR/Fields/f.checkbox_gender' is checked

2018-07-24 14:58:15 - [TEST_STEP][PASSED] - delay: Delayed 1 second(s)

2018-07-24 14:58:16 - [MESSAGE][PASSED] - Delayed 1 second(s)

2018-07-24 14:58:16 - [TEST_STEP][PASSED] - click: Object: 'Object Repository/Campaign_OR/Fields/f.checkbox_gender' is clicked on

2018-07-24 14:58:16 - [MESSAGE][PASSED] - Object: 'Object Repository/Campaign_OR/Fields/f.checkbox_gender' is clicked on

2018-07-24 14:58:16 - [TEST_STEP][PASSED] - verifyElementNotVisible: Object 'Object Repository/Campaign_OR/label_Male' is NOT visible

2018-07-24 14:58:16 - [MESSAGE][PASSED] - Object 'Object Repository/Campaign_OR/label_Male' is NOT visible

2018-07-24 14:58:16 - [TEST_STEP][PASSED] - verifyElementNotVisible: Object 'Object Repository/Campaign_OR/label_Female' is NOT visible

2018-07-24 14:58:16 - [MESSAGE][PASSED] - Object 'Object Repository/Campaign_OR/label_Female' is NOT visible

2018-07-24 14:58:16 - [TEST_STEP][PASSED] - Statement - verifyDOB = false: null

2018-07-24 14:58:16 - [TEST_STEP][PASSED] - Statement - If (radioDOB.toLowerCase() == "true"): null

2018-07-24 14:58:16 - [TEST_STEP][PASSED] - Statement - If (verifyDOB == true): null

2018-07-24 14:58:16 - [TEST_STEP][PASSED] - Statement - Else If (verifyDOB == false): Object 'Object Repository/Campaign_OR/input_datepicker' is NOT visible

2018-07-24 14:58:16 - [TEST_STEP][PASSED] - Statement - If (com.kms.katalon.core.webui.keyword.WebUiBuiltInKeywords.verifyElementChecked(com.kms.katalon.core.testobject.ObjectRepository.findTestObject(Campaign_OR/Fields/g.checkbox_dob), 1, OPTIONAL)): Object 'Object Repository/Campaign_OR/input_datepicker' is NOT visible

2018-07-24 14:58:16 - [MESSAGE][PASSED] - Object 'Object Repository/Campaign_OR/Fields/g.checkbox_dob' is checked

2018-07-24 14:58:16 - [TEST_STEP][PASSED] - delay: Delayed 1 second(s)

2018-07-24 14:58:17 - [MESSAGE][PASSED] - Delayed 1 second(s)

2018-07-24 14:58:17 - [TEST_STEP][PASSED] - click: Object: 'Object Repository/Campaign_OR/Fields/g.checkbox_dob' is clicked on

2018-07-24 14:58:17 - [MESSAGE][PASSED] - Object: 'Object Repository/Campaign_OR/Fields/g.checkbox_dob' is clicked on

2018-07-24 14:58:17 - [TEST_STEP][PASSED] - verifyElementNotVisible: Object 'Object Repository/Campaign_OR/input_datepicker' is NOT visible

2018-07-24 14:58:17 - [MESSAGE][PASSED] - Object 'Object Repository/Campaign_OR/input_datepicker' is NOT visible

2018-07-24 14:58:17 - [TEST_STEP][PASSED] - Statement - filepath = "": null

2018-07-24 14:58:17 - [TEST_STEP][PASSED] - Statement - If (os == "Windows"): null

2018-07-24 14:58:17 - [TEST_STEP][PASSED] - Statement - filepath = campaignImagePath: null

2018-07-24 14:58:17 - [TEST_STEP][PASSED] - Statement - verifyImgName = "": null

2018-07-24 14:58:17 - [TEST_STEP][PASSED] - Statement - uploadedImg = false: null

2018-07-24 14:58:17 - [TEST_STEP][PASSED] - Statement - If (filepath.trim() != "" && campaignImage.trim() != ""): null

2018-07-24 14:58:17 - [TEST_STEP][PASSED] - sendKeys: Keys 'C:\Users\kl.chan\Katalon Studio\boldreward\Images\Campaign Image\starbucks copy.jpg' sent to object: 'Object Repository/Campaign_OR/Fields/h.button_campaign_image_1'

2018-07-24 14:58:17 - [MESSAGE][PASSED] - Keys 'C:\Users\kl.chan\Katalon Studio\boldreward\Images\Campaign Image\starbucks copy.jpg' sent to object: 'Object Repository/Campaign_OR/Fields/h.button_campaign_image_1'

2018-07-24 14:58:17 - [TEST_STEP][PASSED] - delay: Delayed 1 second(s)

2018-07-24 14:58:18 - [MESSAGE][PASSED] - Delayed 1 second(s)

2018-07-24 14:58:18 - [TEST_STEP][PASSED] - Statement - If (com.kms.katalon.core.webui.keyword.WebUiBuiltInKeywords.waitForElementVisible(com.kms.katalon.core.testobject.ObjectRepository.findTestObject(Campaign_OR/uploadedCampaignImg), 30)): null

2018-07-24 14:58:18 - [MESSAGE][PASSED] - Object 'Object Repository/Campaign_OR/uploadedCampaignImg' is visible

2018-07-24 14:58:18 - [TEST_STEP][PASSED] - Statement - verifyImgName = com.kms.katalon.core.webui.keyword.WebUiBuiltInKeywords.getText(com.kms.katalon.core.testobject.ObjectRepository.findTestObject(Campaign_OR/uploadedCampaignImg)): Text of object 'Object Repository/Campaign_OR/uploadedCampaignImg' is: 'starbucks copy.jpg'

2018-07-24 14:58:19 - [MESSAGE][PASSED] - Text of object 'Object Repository/Campaign_OR/uploadedCampaignImg' is: 'starbucks copy.jpg'

2018-07-24 14:58:19 - [TEST_STEP][PASSED] - Statement - If (verifyImgName.equals(campaignImage) == true): null

2018-07-24 14:58:19 - [TEST_STEP][PASSED] - Statement - uploadedImg = true: null

2018-07-24 14:58:19 - [TEST_STEP][PASSED] - setText: Text 'http://www.starbucks.com.my/' is set on object 'Object Repository/Campaign_OR/Fields/i.k.input_tnc'

2018-07-24 14:58:19 - [MESSAGE][PASSED] - Text 'http://www.starbucks.com.my/' is set on object 'Object Repository/Campaign_OR/Fields/i.k.input_tnc'

2018-07-24 14:58:19 - [TEST_STEP][PASSED] - setText: Text 'kl.chanf1qX@macrokiosk.com' is set on object 'Object Repository/Campaign_OR/Fields/j.input_sender'

2018-07-24 14:58:19 - [MESSAGE][PASSED] - Text 'kl.chanf1qX@macrokiosk.com' is set on object 'Object Repository/Campaign_OR/Fields/j.input_sender'

2018-07-24 14:58:19 - [TEST_STEP][PASSED] - setText: Text 'Starbucks Reserve @ SITf1qX' is set on object 'Object Repository/Campaign_OR/Fields/k.input_subject'

2018-07-24 14:58:19 - [MESSAGE][PASSED] - Text 'Starbucks Reserve @ SITf1qX' is set on object 'Object Repository/Campaign_OR/Fields/k.input_subject'

2018-07-24 14:58:19 - [TEST_STEP][PASSED] - setText: Text 'Hello User, Welcome to our Starbucks Reserve @ SIT. Come subscribe with us and redeem more rewards.f1qX' is set on object 'Object Repository/Campaign_OR/Fields/l.textarea_content'

2018-07-24 14:58:20 - [MESSAGE][PASSED] - Text 'Hello User, Welcome to our Starbucks Reserve @ SIT. Come subscribe with us and redeem more rewards.f1qX' is set on object 'Object Repository/Campaign_OR/Fields/l.textarea_content'

2018-07-24 14:58:20 - [TEST_STEP][PASSED] - Statement - filepath = "": null

2018-07-24 14:58:20 - [TEST_STEP][PASSED] - Statement - If (os == "Windows"): null

2018-07-24 14:58:20 - [TEST_STEP][PASSED] - Statement - filepath = companyLogoPath: null

2018-07-24 14:58:20 - [TEST_STEP][PASSED] - Statement - verifyImgName = "": null

2018-07-24 14:58:20 - [TEST_STEP][PASSED] - Statement - uploadedImg = false: null

2018-07-24 14:58:20 - [TEST_STEP][PASSED] - Statement - reuploadCount = 0: null

2018-07-24 14:58:20 - [TEST_STEP][PASSED] - Statement - If (filepath.trim() != "" && companyLogo.trim() != ""): null

2018-07-24 14:58:20 - [TEST_STEP][PASSED] - sendKeys: Keys 'C:\Users\kl.chan\Katalon Studio\boldreward\Images\Company Logo\starbucks logo.jpg' sent to object: 'Object Repository/Campaign_OR/Fields/m.button_company_logo_1'

2018-07-24 14:58:20 - [MESSAGE][PASSED] - Keys 'C:\Users\kl.chan\Katalon Studio\boldreward\Images\Company Logo\starbucks logo.jpg' sent to object: 'Object Repository/Campaign_OR/Fields/m.button_company_logo_1'

2018-07-24 14:58:20 - [TEST_STEP][PASSED] - delay: Delayed 1 second(s)

2018-07-24 14:58:21 - [MESSAGE][PASSED] - Delayed 1 second(s)

2018-07-24 14:58:21 - [TEST_STEP][PASSED] - Statement - If (com.kms.katalon.core.webui.keyword.WebUiBuiltInKeywords.waitForElementVisible(com.kms.katalon.core.testobject.ObjectRepository.findTestObject(Campaign_OR/uploadedCompanyLogo), 30)): null

2018-07-24 14:58:21 - [MESSAGE][PASSED] - Object 'Object Repository/Campaign_OR/uploadedCompanyLogo' is visible

2018-07-24 14:58:21 - [TEST_STEP][PASSED] - Statement - verifyImgName = com.kms.katalon.core.webui.keyword.WebUiBuiltInKeywords.getText(com.kms.katalon.core.testobject.ObjectRepository.findTestObject(Campaign_OR/uploadedCompanyLogo)): Text of object 'Object Repository/Campaign_OR/uploadedCompanyLogo' is: 'starbucks logo.jpg'

2018-07-24 14:58:21 - [MESSAGE][PASSED] - Text of object 'Object Repository/Campaign_OR/uploadedCompanyLogo' is: 'starbucks logo.jpg'

2018-07-24 14:58:21 - [TEST_STEP][PASSED] - Statement - If (verifyImgName.equals(companyLogo) == true): null

2018-07-24 14:58:21 - [TEST_STEP][PASSED] - Statement - uploadedImg = true: null

2018-07-24 14:58:21 - [TEST_STEP][PASSED] - Statement - If (rewardCode == true): null

2018-07-24 14:58:21 - [TEST_STEP][PASSED] - Statement - Else If (rewardCode == false): Object: 'Object Repository/Campaign_OR/Fields/n.label_No' is clicked on

2018-07-24 14:58:21 - [TEST_STEP][PASSED] - click: Object: 'Object Repository/Campaign_OR/Fields/n.label_No' is clicked on

2018-07-24 14:58:21 - [MESSAGE][PASSED] - Object: 'Object Repository/Campaign_OR/Fields/n.label_No' is clicked on

2018-07-24 14:58:21 - [TEST_STEP][PASSED] - verifyElementChecked: Object 'Object Repository/Campaign_OR/Fields/radio_No' is checked

2018-07-24 14:58:21 - [MESSAGE][PASSED] - Object 'Object Repository/Campaign_OR/Fields/radio_No' is checked

2018-07-24 14:58:21 - [TEST_STEP][PASSED] - verifyElementChecked: Object 'Object Repository/Campaign_OR/Fields/radio_Yes' is not checked

2018-07-24 14:58:22 - [MESSAGE][WARNING] - Object 'Object Repository/Campaign_OR/Fields/radio_Yes' is not checked
[[ATTACHMENT|C:\\Users\\kl.chan\\Katalon Studio\\boldreward\\Reports\\TS_Create_Campaign\\TS002 Edit Campaign with negative testing\\20180724_145748\\1532415501858.png]]

2018-07-24 14:58:22 - [TEST_STEP][PASSED] - click: Object: 'Object Repository/Campaign_OR/button_Save' is clicked on

2018-07-24 14:58:22 - [MESSAGE][PASSED] - Object: 'Object Repository/Campaign_OR/button_Save' is clicked on

2018-07-24 14:58:22 - [TEST_STEP][PASSED] - delay: Delayed 2 second(s)

2018-07-24 14:58:24 - [MESSAGE][PASSED] - Delayed 2 second(s)

2018-07-24 14:58:24 - [MESSAGE][PASSED] - Call Test Case 'Test Cases/Merchant Portal/Campaign/Campagin Modules/create campaign' successfully

2018-07-24 14:58:24 - [TEST_STEP][PASSED] - Statement - updateFailed = false: null

2018-07-24 14:58:24 - [TEST_STEP][PASSED] - Statement - If (com.kms.katalon.core.webui.keyword.WebUiBuiltInKeywords.waitForElementVisible(com.kms.katalon.core.testobject.ObjectRepository.findTestObject(a.Not_Assigned_OR/alert_msg_top), 3)): null

2018-07-24 14:58:24 - [MESSAGE][PASSED] - Object 'Object Repository/a.Not_Assigned_OR/alert_msg_top' is visible

2018-07-24 14:58:24 - [TEST_STEP][PASSED] - Statement - verifyPopoutMsg = com.kms.katalon.core.webui.keyword.WebUiBuiltInKeywords.getText(com.kms.katalon.core.testobject.ObjectRepository.findTestObject(a.Not_Assigned_OR/alert_msg_top)): Text of object 'Object Repository/a.Not_Assigned_OR/alert_msg_top' is: 'Oops! Invalid inputs, please try again.'

2018-07-24 14:58:24 - [MESSAGE][PASSED] - Text of object 'Object Repository/a.Not_Assigned_OR/alert_msg_top' is: 'Oops! Invalid inputs, please try again.'

2018-07-24 14:58:24 - [TEST_STEP][PASSED] - Statement - If (verifyPopoutMsg.equals(msgServer) == true): null

2018-07-24 14:58:24 - [TEST_STEP][PASSED] - Statement - updateFailed = true: null

2018-07-24 14:58:24 - [TEST_STEP][PASSED] - Statement - updateSuccess = false: null

2018-07-24 14:58:24 - [TEST_STEP][PASSED] - Statement - If (com.kms.katalon.core.webui.keyword.WebUiBuiltInKeywords.waitForElementVisible(com.kms.katalon.core.testobject.ObjectRepository.findTestObject(Campaign_OR/Error Message/msg_edit_success), 3)): Web element with id: 'Object Repository/Campaign_OR/Error Message/msg_edit_success' located by 'By.xpath: id("errorMessage")/p[@class="error-block"]' not found

2018-07-24 14:58:27 - [MESSAGE][WARNING] - Web element with id: 'Object Repository/Campaign_OR/Error Message/msg_edit_success' located by 'By.xpath: id("errorMessage")/p[@class="error-block"]' not found

2018-07-24 14:58:27 - [TEST_STEP][PASSED] - Statement - createSuccess = false: null

2018-07-24 14:58:27 - [TEST_STEP][PASSED] - Statement - If (com.kms.katalon.core.webui.keyword.WebUiBuiltInKeywords.waitForElementVisible(com.kms.katalon.core.testobject.ObjectRepository.findTestObject(Home_OR/label_home), 3)): Web element with id: 'Object Repository/Home_OR/label_home' located by 'By.xpath: id("wrapper")/div[@class="content-page"]/div[@class="content"]/div[@class="ng-scope"]/div[@class="ng-scope"]/div[@class="page-heading"]/h1[1][count(. | //h1[(text() = ' Home' or . = ' Home')]) = count(//h1[(text() = ' Home' or . = ' Home')])]' not found

2018-07-24 14:58:30 - [MESSAGE][WARNING] - Web element with id: 'Object Repository/Home_OR/label_home' located by 'By.xpath: id("wrapper")/div[@class="content-page"]/div[@class="content"]/div[@class="ng-scope"]/div[@class="ng-scope"]/div[@class="page-heading"]/h1[1][count(. | //h1[(text() = ' Home' or . = ' Home')]) = count(//h1[(text() = ' Home' or . = ' Home')])]' not found

2018-07-24 14:58:30 - [TEST_STEP][PASSED] - Statement - If (updateSuccess == true): null

2018-07-24 14:58:30 - [TEST_STEP][PASSED] - Statement - Else If (updateFailed == true): null

2018-07-24 14:58:30 - [TEST_STEP][PASSED] - Statement - verifyError = false: null

2018-07-24 14:58:30 - [TEST_STEP][PASSED] - Statement - If (companyName.trim() == ""): null

2018-07-24 14:58:30 - [TEST_STEP][PASSED] - verifyElementVisible: Object 'Object Repository/Campaign_OR/Error Message/msg_company_name' is visible

2018-07-24 14:58:30 - [MESSAGE][PASSED] - Object 'Object Repository/Campaign_OR/Error Message/msg_company_name' is visible

2018-07-24 14:58:30 - [TEST_STEP][PASSED] - Statement - verifyEmptyCompanyName = com.kms.katalon.core.webui.keyword.WebUiBuiltInKeywords.getText(com.kms.katalon.core.testobject.ObjectRepository.findTestObject(Campaign_OR/Error Message/msg_company_name)): Text of object 'Object Repository/Campaign_OR/Error Message/msg_company_name' is: 'Please complete this field.'

2018-07-24 14:58:30 - [MESSAGE][PASSED] - Text of object 'Object Repository/Campaign_OR/Error Message/msg_company_name' is: 'Please complete this field.'

2018-07-24 14:58:30 - [TEST_STEP][PASSED] - verifyMatch: Actual text 'Please complete this field.' and expected text 'Please complete this field.' are matched  using regular expression

2018-07-24 14:58:30 - [MESSAGE][PASSED] - Actual text 'Please complete this field.' and expected text 'Please complete this field.' are matched  using regular expression

2018-07-24 14:58:30 - [TEST_STEP][PASSED] - Statement - verifyError = true: null

2018-07-24 14:58:30 - [TEST_STEP][PASSED] - Statement - If (campaignInstruc.trim() == ""): null

2018-07-24 14:58:30 - [TEST_STEP][PASSED] - Statement - If (radioEmail.toLowerCase() == "false"): null

2018-07-24 14:58:30 - [TEST_STEP][PASSED] - Statement - campaignImgName = com.kms.katalon.core.webui.keyword.WebUiBuiltInKeywords.getText(com.kms.katalon.core.testobject.ObjectRepository.findTestObject(Campaign_OR/uploadedCampaignImg)): Text of object 'Object Repository/Campaign_OR/uploadedCampaignImg' is: 'starbucks copy.jpg'

2018-07-24 14:58:30 - [MESSAGE][PASSED] - Text of object 'Object Repository/Campaign_OR/uploadedCampaignImg' is: 'starbucks copy.jpg'

2018-07-24 14:58:30 - [TEST_STEP][PASSED] - Statement - If (campaignImgName == ""): null

2018-07-24 14:58:30 - [TEST_STEP][PASSED] - Statement - If (emailSender.trim() == ""): null

2018-07-24 14:58:30 - [TEST_STEP][PASSED] - Statement - If (emailSubject.trim() == ""): null

2018-07-24 14:58:30 - [TEST_STEP][PASSED] - Statement - If (emailContent.trim() == ""): null

2018-07-24 14:58:30 - [TEST_STEP][PASSED] - Statement - companyLogoName = com.kms.katalon.core.webui.keyword.WebUiBuiltInKeywords.getText(com.kms.katalon.core.testobject.ObjectRepository.findTestObject(Campaign_OR/uploadedCompanyLogo)): Text of object 'Object Repository/Campaign_OR/uploadedCompanyLogo' is: 'starbucks logo.jpg'

2018-07-24 14:58:30 - [MESSAGE][PASSED] - Text of object 'Object Repository/Campaign_OR/uploadedCompanyLogo' is: 'starbucks logo.jpg'

2018-07-24 14:58:30 - [TEST_STEP][PASSED] - Statement - If (companyLogoName == ""): null

2018-07-24 14:58:30 - [TEST_STEP][PASSED] - Statement - If (com.kms.katalon.core.webui.keyword.WebUiBuiltInKeywords.waitForElementVisible(com.kms.katalon.core.testobject.ObjectRepository.findTestObject(Campaign_OR/Error Message/msg_cpgn_image2), 2)): Web element with id: 'Object Repository/Campaign_OR/Error Message/msg_cpgn_image2' located by 'By.xpath: id("campaignImage")/p[@class="error-block ng-binding"][count(. | //p[@class = 'error-block ng-binding' and @ng-hide = 'CC.errorImage == 200 || CC.errorImage == undefined']) = count(//p[@class = 'error-block ng-binding' and @ng-hide = 'CC.errorImage == 200 || CC.errorImage == undefined'])]' not found

2018-07-24 14:58:32 - [MESSAGE][WARNING] - Web element with id: 'Object Repository/Campaign_OR/Error Message/msg_cpgn_image2' located by 'By.xpath: id("campaignImage")/p[@class="error-block ng-binding"][count(. | //p[@class = 'error-block ng-binding' and @ng-hide = 'CC.errorImage == 200 || CC.errorImage == undefined']) = count(//p[@class = 'error-block ng-binding' and @ng-hide = 'CC.errorImage == 200 || CC.errorImage == undefined'])]' not found

2018-07-24 14:58:32 - [TEST_STEP][PASSED] - Statement - If (com.kms.katalon.core.webui.keyword.WebUiBuiltInKeywords.waitForElementVisible(com.kms.katalon.core.testobject.ObjectRepository.findTestObject(Campaign_OR/Error Message/msg_TCURL), 2)): Web element with id: 'Object Repository/Campaign_OR/Error Message/msg_TCURL' located by 'By.xpath: id("wrapper")/div[@class="content-page"]/div[@class="content"]/div[@class="ng-scope"]/div[@class="row ng-scope"]/div[@class="col-md-7"]/div[@class="widget"]/div[@class="widget-content padding"]/div[@class="form-horizontal"]/div[@class="form-group"]/div[@id="tncUrl"]/p[@class="error-block"][count(. | //p[(text() = 'Invalid format, please follow as http://wwww.example.com' or . = 'Invalid format, please follow as http://wwww.example.com')]) = count(//p[(text() = 'Invalid format, please follow as http://wwww.example.com' or . = 'Invalid format, please follow as http://wwww.example.com')])]' not found

2018-07-24 14:58:34 - [MESSAGE][WARNING] - Web element with id: 'Object Repository/Campaign_OR/Error Message/msg_TCURL' located by 'By.xpath: id("wrapper")/div[@class="content-page"]/div[@class="content"]/div[@class="ng-scope"]/div[@class="row ng-scope"]/div[@class="col-md-7"]/div[@class="widget"]/div[@class="widget-content padding"]/div[@class="form-horizontal"]/div[@class="form-group"]/div[@id="tncUrl"]/p[@class="error-block"][count(. | //p[(text() = 'Invalid format, please follow as http://wwww.example.com' or . = 'Invalid format, please follow as http://wwww.example.com')]) = count(//p[(text() = 'Invalid format, please follow as http://wwww.example.com' or . = 'Invalid format, please follow as http://wwww.example.com')])]' not found

2018-07-24 14:58:34 - [TEST_STEP][PASSED] - Statement - If (emailSender.trim() != ""): Web element with id: 'Object Repository/Campaign_OR/Error Message/msg_sender' located by 'By.xpath: id("emailSender")/p[@class="error-block"]' not found

2018-07-24 14:58:34 - [TEST_STEP][PASSED] - Statement - If (com.kms.katalon.core.webui.keyword.WebUiBuiltInKeywords.waitForElementVisible(com.kms.katalon.core.testobject.ObjectRepository.findTestObject(Campaign_OR/Error Message/msg_sender), 2)): Web element with id: 'Object Repository/Campaign_OR/Error Message/msg_sender' located by 'By.xpath: id("emailSender")/p[@class="error-block"]' not found

2018-07-24 14:58:36 - [MESSAGE][WARNING] - Web element with id: 'Object Repository/Campaign_OR/Error Message/msg_sender' located by 'By.xpath: id("emailSender")/p[@class="error-block"]' not found

2018-07-24 14:58:36 - [TEST_STEP][PASSED] - Statement - If (com.kms.katalon.core.webui.keyword.WebUiBuiltInKeywords.waitForElementVisible(com.kms.katalon.core.testobject.ObjectRepository.findTestObject(Campaign_OR/Error Message/msg_company_logo), 2)): Web element with id: 'Object Repository/Campaign_OR/Error Message/msg_company_logo' located by 'By.xpath: id("companyLogo")/p[@class="error-block ng-binding"][count(. | //p[@class = 'error-block ng-binding' and @ng-hide = 'CC.errorLogo == 200 || CC.errorLogo == undefined']) = count(//p[@class = 'error-block ng-binding' and @ng-hide = 'CC.errorLogo == 200 || CC.errorLogo == undefined'])]' not found

2018-07-24 14:58:38 - [MESSAGE][WARNING] - Web element with id: 'Object Repository/Campaign_OR/Error Message/msg_company_logo' located by 'By.xpath: id("companyLogo")/p[@class="error-block ng-binding"][count(. | //p[@class = 'error-block ng-binding' and @ng-hide = 'CC.errorLogo == 200 || CC.errorLogo == undefined']) = count(//p[@class = 'error-block ng-binding' and @ng-hide = 'CC.errorLogo == 200 || CC.errorLogo == undefined'])]' not found

2018-07-24 14:58:38 - [TEST_STEP][PASSED] - refresh: Refresh successfully

2018-07-24 14:58:39 - [MESSAGE][PASSED] - Refresh successfully

2018-07-24 14:58:39 - [TEST_STEP][PASSED] - Statement - If (verifyError == false): null]]></system-out>
         <system-err><![CDATA[]]></system-err>
      </testcase>
      <testcase name="Test Cases/Merchant Portal/Campaign/TC001 Campaign - verify all case" classname="Test Cases/Merchant Portal/Campaign/TC001 Campaign - verify all case" status="PASSED">
         <system-out><![CDATA[2018-07-24 14:58:39 - [TEST_CASE][PASSED] - Test Cases/Merchant Portal/Campaign/TC001 Campaign - verify all case: Test Cases/Merchant Portal/Campaign/TC001 Campaign - verify all case

2018-07-24 14:58:39 - [TEST_STEP][PASSED] - Statement - randomWords = CustomKeywords.randomWords.GenerateNumber.randomString(4): randomWords.GenerateNumber.randomString is PASSED

2018-07-24 14:58:39 - [MESSAGE][PASSED] - randomWords.GenerateNumber.randomString is PASSED

2018-07-24 14:58:39 - [TEST_STEP][PASSED] - Statement - If (companyName.trim() != ""): null

2018-07-24 14:58:39 - [TEST_STEP][PASSED] - Statement - If (campaignInstruc.trim() != ""): null

2018-07-24 14:58:39 - [TEST_STEP][PASSED] - Statement - campaignInstruc = campaignInstruc + randomWords: null

2018-07-24 14:58:39 - [TEST_STEP][PASSED] - Statement - If (emailSender.trim() != ""): null

2018-07-24 14:58:39 - [TEST_STEP][PASSED] - Statement - email = emailSender: null

2018-07-24 14:58:39 - [TEST_STEP][PASSED] - Statement - splitEmail = email.split("@"): null

2018-07-24 14:58:39 - [TEST_STEP][PASSED] - Statement - numb = length: null

2018-07-24 14:58:39 - [TEST_STEP][PASSED] - Statement - If (numb > 1): null

2018-07-24 14:58:39 - [TEST_STEP][PASSED] - Statement - emailSender = splitEmail[0] + randomWords + "@" + splitEmail[1]: null

2018-07-24 14:58:39 - [TEST_STEP][PASSED] - Statement - If (emailSubject.trim() != ""): null

2018-07-24 14:58:39 - [TEST_STEP][PASSED] - Statement - emailSubject = emailSubject + randomWords: null

2018-07-24 14:58:39 - [TEST_STEP][PASSED] - Statement - If (emailContent.trim() != ""): null

2018-07-24 14:58:39 - [TEST_STEP][PASSED] - Statement - emailContent = emailContent + randomWords: null

2018-07-24 14:58:39 - [TEST_STEP][PASSED] - callTestCase: Call Test Case 'Test Cases/Merchant Portal/Campaign/Campagin Modules/create campaign' successfully

2018-07-24 14:58:39 - [TEST_CASE][PASSED] - Test Cases/Merchant Portal/Campaign/Campagin Modules/create campaign: Test Cases/Merchant Portal/Campaign/Campagin Modules/create campaign

2018-07-24 14:58:39 - [TEST_STEP][PASSED] - Statement - osName = "": null

2018-07-24 14:58:39 - [TEST_STEP][PASSED] - Statement - osName = CustomKeywords.os.DetectOS.getOperatingSystem(osName): os.DetectOS.getOperatingSystem is PASSED

2018-07-24 14:58:39 - [MESSAGE][PASSED] - os.DetectOS.getOperatingSystem is PASSED

2018-07-24 14:58:39 - [TEST_STEP][PASSED] - Statement - splitString = osName.split(): null

2018-07-24 14:58:39 - [TEST_STEP][PASSED] - Statement - os = splitString[0].toString(): null

2018-07-24 14:58:39 - [TEST_STEP][PASSED] - Statement - If (loggedin == false): null

2018-07-24 14:58:39 - [TEST_STEP][PASSED] - Statement - If (accessModule == false): null

2018-07-24 14:58:39 - [TEST_STEP][PASSED] - delay: Delayed 5 second(s)

2018-07-24 14:58:44 - [MESSAGE][PASSED] - Delayed 5 second(s)

2018-07-24 14:58:44 - [TEST_STEP][PASSED] - setText: Text ' ' is set on object 'Object Repository/Campaign_OR/Fields/a.input_company_name'

2018-07-24 14:58:45 - [MESSAGE][PASSED] - Text ' ' is set on object 'Object Repository/Campaign_OR/Fields/a.input_company_name'

2018-07-24 14:58:45 - [TEST_STEP][PASSED] - setText: Text 'Please subscribe with us and redeem a free coffee. Come join us now!rvFi' is set on object 'Object Repository/Campaign_OR/Fields/b.textarea_campaign_instruction'

2018-07-24 14:58:45 - [MESSAGE][PASSED] - Text 'Please subscribe with us and redeem a free coffee. Come join us now!rvFi' is set on object 'Object Repository/Campaign_OR/Fields/b.textarea_campaign_instruction'

2018-07-24 14:58:45 - [TEST_STEP][PASSED] - Statement - verifyEmail = false: null

2018-07-24 14:58:45 - [TEST_STEP][PASSED] - Statement - If (radioEmail.toLowerCase() == "true"): null

2018-07-24 14:58:45 - [TEST_STEP][PASSED] - Statement - verifyEmail = true: null

2018-07-24 14:58:45 - [TEST_STEP][PASSED] - Statement - If (verifyEmail == true): Object 'Object Repository/Campaign_OR/input_email' is visible

2018-07-24 14:58:45 - [TEST_STEP][PASSED] - Statement - If (com.kms.katalon.core.webui.keyword.WebUiBuiltInKeywords.verifyElementNotChecked(com.kms.katalon.core.testobject.ObjectRepository.findTestObject(Campaign_OR/Fields/c.checkbox_email), 1, OPTIONAL)): Object 'Object Repository/Campaign_OR/Fields/c.checkbox_email' is checked

2018-07-24 14:58:45 - [MESSAGE][WARNING] - Object 'Object Repository/Campaign_OR/Fields/c.checkbox_email' is checked
[[ATTACHMENT|C:\\Users\\kl.chan\\Katalon Studio\\boldreward\\Reports\\TS_Create_Campaign\\TS002 Edit Campaign with negative testing\\20180724_145748\\1532415525532.png]]

2018-07-24 14:58:45 - [TEST_STEP][PASSED] - Statement - Else: Object 'Object Repository/Campaign_OR/input_email' is visible

2018-07-24 14:58:45 - [TEST_STEP][PASSED] - verifyElementVisible: Object 'Object Repository/Campaign_OR/input_email' is visible

2018-07-24 14:58:45 - [MESSAGE][PASSED] - Object 'Object Repository/Campaign_OR/input_email' is visible

2018-07-24 14:58:45 - [TEST_STEP][PASSED] - Statement - verifyMobileno = false: null

2018-07-24 14:58:45 - [TEST_STEP][PASSED] - Statement - If (radioMobileno.toLowerCase() == "true"): null

2018-07-24 14:58:45 - [TEST_STEP][PASSED] - Statement - If (verifyMobileno == true): null

2018-07-24 14:58:45 - [TEST_STEP][PASSED] - Statement - Else If (verifyMobileno == false): Object 'Object Repository/Campaign_OR/input_mobileno' is NOT visible

2018-07-24 14:58:45 - [TEST_STEP][PASSED] - Statement - If (com.kms.katalon.core.webui.keyword.WebUiBuiltInKeywords.verifyElementChecked(com.kms.katalon.core.testobject.ObjectRepository.findTestObject(Campaign_OR/Fields/d.checkbox_mobile_number), 1, OPTIONAL)): Object 'Object Repository/Campaign_OR/input_mobileno' is NOT visible

2018-07-24 14:58:45 - [MESSAGE][PASSED] - Object 'Object Repository/Campaign_OR/Fields/d.checkbox_mobile_number' is checked

2018-07-24 14:58:45 - [TEST_STEP][PASSED] - delay: Delayed 1 second(s)

2018-07-24 14:58:46 - [MESSAGE][PASSED] - Delayed 1 second(s)

2018-07-24 14:58:46 - [TEST_STEP][PASSED] - click: Object: 'Object Repository/Campaign_OR/Fields/d.checkbox_mobile_number' is clicked on

2018-07-24 14:58:46 - [MESSAGE][PASSED] - Object: 'Object Repository/Campaign_OR/Fields/d.checkbox_mobile_number' is clicked on

2018-07-24 14:58:46 - [TEST_STEP][PASSED] - verifyElementNotVisible: Object 'Object Repository/Campaign_OR/input_mobileno' is NOT visible

2018-07-24 14:58:47 - [MESSAGE][PASSED] - Object 'Object Repository/Campaign_OR/input_mobileno' is NOT visible

2018-07-24 14:58:47 - [TEST_STEP][PASSED] - Statement - verifyName = false: null

2018-07-24 14:58:47 - [TEST_STEP][PASSED] - Statement - If (radioName.toLowerCase() == "true"): null

2018-07-24 14:58:47 - [TEST_STEP][PASSED] - Statement - If (verifyName == true): null

2018-07-24 14:58:47 - [TEST_STEP][PASSED] - Statement - Else If (verifyName == false): Object 'Object Repository/Campaign_OR/input_name' is NOT visible

2018-07-24 14:58:47 - [TEST_STEP][PASSED] - Statement - If (com.kms.katalon.core.webui.keyword.WebUiBuiltInKeywords.verifyElementChecked(com.kms.katalon.core.testobject.ObjectRepository.findTestObject(Campaign_OR/Fields/e.checkbox_name), 1, OPTIONAL)): Object 'Object Repository/Campaign_OR/input_name' is NOT visible

2018-07-24 14:58:47 - [MESSAGE][PASSED] - Object 'Object Repository/Campaign_OR/Fields/e.checkbox_name' is checked

2018-07-24 14:58:47 - [TEST_STEP][PASSED] - delay: Delayed 1 second(s)

2018-07-24 14:58:48 - [MESSAGE][PASSED] - Delayed 1 second(s)

2018-07-24 14:58:48 - [TEST_STEP][PASSED] - click: Object: 'Object Repository/Campaign_OR/Fields/e.checkbox_name' is clicked on

2018-07-24 14:58:48 - [MESSAGE][PASSED] - Object: 'Object Repository/Campaign_OR/Fields/e.checkbox_name' is clicked on

2018-07-24 14:58:48 - [TEST_STEP][PASSED] - verifyElementNotVisible: Object 'Object Repository/Campaign_OR/input_name' is NOT visible

2018-07-24 14:58:48 - [MESSAGE][PASSED] - Object 'Object Repository/Campaign_OR/input_name' is NOT visible

2018-07-24 14:58:48 - [TEST_STEP][PASSED] - Statement - verifyGender = false: null

2018-07-24 14:58:48 - [TEST_STEP][PASSED] - Statement - If (radioGender.toLowerCase() == "true"): null

2018-07-24 14:58:48 - [TEST_STEP][PASSED] - Statement - If (verifyGender == true): null

2018-07-24 14:58:48 - [TEST_STEP][PASSED] - Statement - Else If (verifyGender == false): Object 'Object Repository/Campaign_OR/label_Female' is NOT visible

2018-07-24 14:58:48 - [TEST_STEP][PASSED] - Statement - If (com.kms.katalon.core.webui.keyword.WebUiBuiltInKeywords.verifyElementChecked(com.kms.katalon.core.testobject.ObjectRepository.findTestObject(Campaign_OR/Fields/f.checkbox_gender), 1, OPTIONAL)): Object 'Object Repository/Campaign_OR/label_Female' is NOT visible

2018-07-24 14:58:48 - [MESSAGE][PASSED] - Object 'Object Repository/Campaign_OR/Fields/f.checkbox_gender' is checked

2018-07-24 14:58:48 - [TEST_STEP][PASSED] - delay: Delayed 1 second(s)

2018-07-24 14:58:49 - [MESSAGE][PASSED] - Delayed 1 second(s)

2018-07-24 14:58:49 - [TEST_STEP][PASSED] - click: Object: 'Object Repository/Campaign_OR/Fields/f.checkbox_gender' is clicked on

2018-07-24 14:58:49 - [MESSAGE][PASSED] - Object: 'Object Repository/Campaign_OR/Fields/f.checkbox_gender' is clicked on

2018-07-24 14:58:49 - [TEST_STEP][PASSED] - verifyElementNotVisible: Object 'Object Repository/Campaign_OR/label_Male' is NOT visible

2018-07-24 14:58:49 - [MESSAGE][PASSED] - Object 'Object Repository/Campaign_OR/label_Male' is NOT visible

2018-07-24 14:58:49 - [TEST_STEP][PASSED] - verifyElementNotVisible: Object 'Object Repository/Campaign_OR/label_Female' is NOT visible

2018-07-24 14:58:49 - [MESSAGE][PASSED] - Object 'Object Repository/Campaign_OR/label_Female' is NOT visible

2018-07-24 14:58:49 - [TEST_STEP][PASSED] - Statement - verifyDOB = false: null

2018-07-24 14:58:49 - [TEST_STEP][PASSED] - Statement - If (radioDOB.toLowerCase() == "true"): null

2018-07-24 14:58:49 - [TEST_STEP][PASSED] - Statement - If (verifyDOB == true): null

2018-07-24 14:58:49 - [TEST_STEP][PASSED] - Statement - Else If (verifyDOB == false): Object 'Object Repository/Campaign_OR/input_datepicker' is NOT visible

2018-07-24 14:58:49 - [TEST_STEP][PASSED] - Statement - If (com.kms.katalon.core.webui.keyword.WebUiBuiltInKeywords.verifyElementChecked(com.kms.katalon.core.testobject.ObjectRepository.findTestObject(Campaign_OR/Fields/g.checkbox_dob), 1, OPTIONAL)): Object 'Object Repository/Campaign_OR/input_datepicker' is NOT visible

2018-07-24 14:58:49 - [MESSAGE][PASSED] - Object 'Object Repository/Campaign_OR/Fields/g.checkbox_dob' is checked

2018-07-24 14:58:49 - [TEST_STEP][PASSED] - delay: Delayed 1 second(s)

2018-07-24 14:58:50 - [MESSAGE][PASSED] - Delayed 1 second(s)

2018-07-24 14:58:50 - [TEST_STEP][PASSED] - click: Object: 'Object Repository/Campaign_OR/Fields/g.checkbox_dob' is clicked on

2018-07-24 14:58:50 - [MESSAGE][PASSED] - Object: 'Object Repository/Campaign_OR/Fields/g.checkbox_dob' is clicked on

2018-07-24 14:58:50 - [TEST_STEP][PASSED] - verifyElementNotVisible: Object 'Object Repository/Campaign_OR/input_datepicker' is NOT visible

2018-07-24 14:58:50 - [MESSAGE][PASSED] - Object 'Object Repository/Campaign_OR/input_datepicker' is NOT visible

2018-07-24 14:58:50 - [TEST_STEP][PASSED] - Statement - filepath = "": null

2018-07-24 14:58:50 - [TEST_STEP][PASSED] - Statement - If (os == "Windows"): null

2018-07-24 14:58:50 - [TEST_STEP][PASSED] - Statement - filepath = campaignImagePath: null

2018-07-24 14:58:50 - [TEST_STEP][PASSED] - Statement - verifyImgName = "": null

2018-07-24 14:58:50 - [TEST_STEP][PASSED] - Statement - uploadedImg = false: null

2018-07-24 14:58:50 - [TEST_STEP][PASSED] - Statement - If (filepath.trim() != "" && campaignImage.trim() != ""): null

2018-07-24 14:58:50 - [TEST_STEP][PASSED] - sendKeys: Keys 'C:\Users\kl.chan\Katalon Studio\boldreward\Images\Campaign Image\starbucks copy.jpg' sent to object: 'Object Repository/Campaign_OR/Fields/h.button_campaign_image_1'

2018-07-24 14:58:50 - [MESSAGE][PASSED] - Keys 'C:\Users\kl.chan\Katalon Studio\boldreward\Images\Campaign Image\starbucks copy.jpg' sent to object: 'Object Repository/Campaign_OR/Fields/h.button_campaign_image_1'

2018-07-24 14:58:50 - [TEST_STEP][PASSED] - delay: Delayed 1 second(s)

2018-07-24 14:58:51 - [MESSAGE][PASSED] - Delayed 1 second(s)

2018-07-24 14:58:51 - [TEST_STEP][PASSED] - Statement - If (com.kms.katalon.core.webui.keyword.WebUiBuiltInKeywords.waitForElementVisible(com.kms.katalon.core.testobject.ObjectRepository.findTestObject(Campaign_OR/uploadedCampaignImg), 30)): null

2018-07-24 14:58:51 - [MESSAGE][PASSED] - Object 'Object Repository/Campaign_OR/uploadedCampaignImg' is visible

2018-07-24 14:58:51 - [TEST_STEP][PASSED] - Statement - verifyImgName = com.kms.katalon.core.webui.keyword.WebUiBuiltInKeywords.getText(com.kms.katalon.core.testobject.ObjectRepository.findTestObject(Campaign_OR/uploadedCampaignImg)): Text of object 'Object Repository/Campaign_OR/uploadedCampaignImg' is: 'starbucks copy.jpg'

2018-07-24 14:58:51 - [MESSAGE][PASSED] - Text of object 'Object Repository/Campaign_OR/uploadedCampaignImg' is: 'starbucks copy.jpg'

2018-07-24 14:58:51 - [TEST_STEP][PASSED] - Statement - If (verifyImgName.equals(campaignImage) == true): null

2018-07-24 14:58:51 - [TEST_STEP][PASSED] - Statement - uploadedImg = true: null

2018-07-24 14:58:51 - [TEST_STEP][PASSED] - setText: Text 'http://www.starbucks.com.my/' is set on object 'Object Repository/Campaign_OR/Fields/i.k.input_tnc'

2018-07-24 14:58:51 - [MESSAGE][PASSED] - Text 'http://www.starbucks.com.my/' is set on object 'Object Repository/Campaign_OR/Fields/i.k.input_tnc'

2018-07-24 14:58:51 - [TEST_STEP][PASSED] - setText: Text 'kl.chanrvFi@macrokiosk.com' is set on object 'Object Repository/Campaign_OR/Fields/j.input_sender'

2018-07-24 14:58:52 - [MESSAGE][PASSED] - Text 'kl.chanrvFi@macrokiosk.com' is set on object 'Object Repository/Campaign_OR/Fields/j.input_sender'

2018-07-24 14:58:52 - [TEST_STEP][PASSED] - setText: Text 'Starbucks Reserve @ SITrvFi' is set on object 'Object Repository/Campaign_OR/Fields/k.input_subject'

2018-07-24 14:58:52 - [MESSAGE][PASSED] - Text 'Starbucks Reserve @ SITrvFi' is set on object 'Object Repository/Campaign_OR/Fields/k.input_subject'

2018-07-24 14:58:52 - [TEST_STEP][PASSED] - setText: Text 'Hello User, Welcome to our Starbucks Reserve @ SIT. Come subscribe with us and redeem more rewards.rvFi' is set on object 'Object Repository/Campaign_OR/Fields/l.textarea_content'

2018-07-24 14:58:52 - [MESSAGE][PASSED] - Text 'Hello User, Welcome to our Starbucks Reserve @ SIT. Come subscribe with us and redeem more rewards.rvFi' is set on object 'Object Repository/Campaign_OR/Fields/l.textarea_content'

2018-07-24 14:58:52 - [TEST_STEP][PASSED] - Statement - filepath = "": null

2018-07-24 14:58:52 - [TEST_STEP][PASSED] - Statement - If (os == "Windows"): null

2018-07-24 14:58:52 - [TEST_STEP][PASSED] - Statement - filepath = companyLogoPath: null

2018-07-24 14:58:52 - [TEST_STEP][PASSED] - Statement - verifyImgName = "": null

2018-07-24 14:58:52 - [TEST_STEP][PASSED] - Statement - uploadedImg = false: null

2018-07-24 14:58:52 - [TEST_STEP][PASSED] - Statement - reuploadCount = 0: null

2018-07-24 14:58:52 - [TEST_STEP][PASSED] - Statement - If (filepath.trim() != "" && companyLogo.trim() != ""): null

2018-07-24 14:58:52 - [TEST_STEP][PASSED] - sendKeys: Keys 'C:\Users\kl.chan\Katalon Studio\boldreward\Images\Company Logo\starbucks logo.jpg' sent to object: 'Object Repository/Campaign_OR/Fields/m.button_company_logo_1'

2018-07-24 14:58:52 - [MESSAGE][PASSED] - Keys 'C:\Users\kl.chan\Katalon Studio\boldreward\Images\Company Logo\starbucks logo.jpg' sent to object: 'Object Repository/Campaign_OR/Fields/m.button_company_logo_1'

2018-07-24 14:58:52 - [TEST_STEP][PASSED] - delay: Delayed 1 second(s)

2018-07-24 14:58:53 - [MESSAGE][PASSED] - Delayed 1 second(s)

2018-07-24 14:58:53 - [TEST_STEP][PASSED] - Statement - If (com.kms.katalon.core.webui.keyword.WebUiBuiltInKeywords.waitForElementVisible(com.kms.katalon.core.testobject.ObjectRepository.findTestObject(Campaign_OR/uploadedCompanyLogo), 30)): null

2018-07-24 14:58:53 - [MESSAGE][PASSED] - Object 'Object Repository/Campaign_OR/uploadedCompanyLogo' is visible

2018-07-24 14:58:53 - [TEST_STEP][PASSED] - Statement - verifyImgName = com.kms.katalon.core.webui.keyword.WebUiBuiltInKeywords.getText(com.kms.katalon.core.testobject.ObjectRepository.findTestObject(Campaign_OR/uploadedCompanyLogo)): Text of object 'Object Repository/Campaign_OR/uploadedCompanyLogo' is: 'starbucks logo.jpg'

2018-07-24 14:58:53 - [MESSAGE][PASSED] - Text of object 'Object Repository/Campaign_OR/uploadedCompanyLogo' is: 'starbucks logo.jpg'

2018-07-24 14:58:53 - [TEST_STEP][PASSED] - Statement - If (verifyImgName.equals(companyLogo) == true): null

2018-07-24 14:58:53 - [TEST_STEP][PASSED] - Statement - uploadedImg = true: null

2018-07-24 14:58:53 - [TEST_STEP][PASSED] - Statement - If (rewardCode == true): null

2018-07-24 14:58:53 - [TEST_STEP][PASSED] - Statement - Else If (rewardCode == false): Object: 'Object Repository/Campaign_OR/Fields/n.label_No' is clicked on

2018-07-24 14:58:53 - [TEST_STEP][PASSED] - click: Object: 'Object Repository/Campaign_OR/Fields/n.label_No' is clicked on

2018-07-24 14:58:54 - [MESSAGE][PASSED] - Object: 'Object Repository/Campaign_OR/Fields/n.label_No' is clicked on

2018-07-24 14:58:54 - [TEST_STEP][PASSED] - verifyElementChecked: Object 'Object Repository/Campaign_OR/Fields/radio_No' is checked

2018-07-24 14:58:54 - [MESSAGE][PASSED] - Object 'Object Repository/Campaign_OR/Fields/radio_No' is checked

2018-07-24 14:58:54 - [TEST_STEP][PASSED] - verifyElementChecked: Object 'Object Repository/Campaign_OR/Fields/radio_Yes' is not checked

2018-07-24 14:58:54 - [MESSAGE][WARNING] - Object 'Object Repository/Campaign_OR/Fields/radio_Yes' is not checked
[[ATTACHMENT|C:\\Users\\kl.chan\\Katalon Studio\\boldreward\\Reports\\TS_Create_Campaign\\TS002 Edit Campaign with negative testing\\20180724_145748\\1532415534074.png]]

2018-07-24 14:58:54 - [TEST_STEP][PASSED] - click: Object: 'Object Repository/Campaign_OR/button_Save' is clicked on

2018-07-24 14:58:54 - [MESSAGE][PASSED] - Object: 'Object Repository/Campaign_OR/button_Save' is clicked on

2018-07-24 14:58:54 - [TEST_STEP][PASSED] - delay: Delayed 2 second(s)

2018-07-24 14:58:56 - [MESSAGE][PASSED] - Delayed 2 second(s)

2018-07-24 14:58:56 - [MESSAGE][PASSED] - Call Test Case 'Test Cases/Merchant Portal/Campaign/Campagin Modules/create campaign' successfully

2018-07-24 14:58:56 - [TEST_STEP][PASSED] - Statement - updateFailed = false: null

2018-07-24 14:58:56 - [TEST_STEP][PASSED] - Statement - If (com.kms.katalon.core.webui.keyword.WebUiBuiltInKeywords.waitForElementVisible(com.kms.katalon.core.testobject.ObjectRepository.findTestObject(a.Not_Assigned_OR/alert_msg_top), 3)): null

2018-07-24 14:58:56 - [MESSAGE][PASSED] - Object 'Object Repository/a.Not_Assigned_OR/alert_msg_top' is visible

2018-07-24 14:58:56 - [TEST_STEP][PASSED] - Statement - verifyPopoutMsg = com.kms.katalon.core.webui.keyword.WebUiBuiltInKeywords.getText(com.kms.katalon.core.testobject.ObjectRepository.findTestObject(a.Not_Assigned_OR/alert_msg_top)): Text of object 'Object Repository/a.Not_Assigned_OR/alert_msg_top' is: 'Oops! Invalid inputs, please try again.'

2018-07-24 14:58:56 - [MESSAGE][PASSED] - Text of object 'Object Repository/a.Not_Assigned_OR/alert_msg_top' is: 'Oops! Invalid inputs, please try again.'

2018-07-24 14:58:56 - [TEST_STEP][PASSED] - Statement - If (verifyPopoutMsg.equals(msgServer) == true): null

2018-07-24 14:58:56 - [TEST_STEP][PASSED] - Statement - updateFailed = true: null

2018-07-24 14:58:56 - [TEST_STEP][PASSED] - Statement - updateSuccess = false: null

2018-07-24 14:58:56 - [TEST_STEP][PASSED] - Statement - If (com.kms.katalon.core.webui.keyword.WebUiBuiltInKeywords.waitForElementVisible(com.kms.katalon.core.testobject.ObjectRepository.findTestObject(Campaign_OR/Error Message/msg_edit_success), 3)): Web element with id: 'Object Repository/Campaign_OR/Error Message/msg_edit_success' located by 'By.xpath: id("errorMessage")/p[@class="error-block"]' not found

2018-07-24 14:58:59 - [MESSAGE][WARNING] - Web element with id: 'Object Repository/Campaign_OR/Error Message/msg_edit_success' located by 'By.xpath: id("errorMessage")/p[@class="error-block"]' not found

2018-07-24 14:58:59 - [TEST_STEP][PASSED] - Statement - createSuccess = false: null

2018-07-24 14:58:59 - [TEST_STEP][PASSED] - Statement - If (com.kms.katalon.core.webui.keyword.WebUiBuiltInKeywords.waitForElementVisible(com.kms.katalon.core.testobject.ObjectRepository.findTestObject(Home_OR/label_home), 3)): Web element with id: 'Object Repository/Home_OR/label_home' located by 'By.xpath: id("wrapper")/div[@class="content-page"]/div[@class="content"]/div[@class="ng-scope"]/div[@class="ng-scope"]/div[@class="page-heading"]/h1[1][count(. | //h1[(text() = ' Home' or . = ' Home')]) = count(//h1[(text() = ' Home' or . = ' Home')])]' not found

2018-07-24 14:59:02 - [MESSAGE][WARNING] - Web element with id: 'Object Repository/Home_OR/label_home' located by 'By.xpath: id("wrapper")/div[@class="content-page"]/div[@class="content"]/div[@class="ng-scope"]/div[@class="ng-scope"]/div[@class="page-heading"]/h1[1][count(. | //h1[(text() = ' Home' or . = ' Home')]) = count(//h1[(text() = ' Home' or . = ' Home')])]' not found

2018-07-24 14:59:02 - [TEST_STEP][PASSED] - Statement - If (updateSuccess == true): null

2018-07-24 14:59:02 - [TEST_STEP][PASSED] - Statement - Else If (updateFailed == true): null

2018-07-24 14:59:02 - [TEST_STEP][PASSED] - Statement - verifyError = false: null

2018-07-24 14:59:02 - [TEST_STEP][PASSED] - Statement - If (companyName.trim() == ""): null

2018-07-24 14:59:02 - [TEST_STEP][PASSED] - verifyElementVisible: Object 'Object Repository/Campaign_OR/Error Message/msg_company_name' is visible

2018-07-24 14:59:02 - [MESSAGE][PASSED] - Object 'Object Repository/Campaign_OR/Error Message/msg_company_name' is visible

2018-07-24 14:59:02 - [TEST_STEP][PASSED] - Statement - verifyEmptyCompanyName = com.kms.katalon.core.webui.keyword.WebUiBuiltInKeywords.getText(com.kms.katalon.core.testobject.ObjectRepository.findTestObject(Campaign_OR/Error Message/msg_company_name)): Text of object 'Object Repository/Campaign_OR/Error Message/msg_company_name' is: 'Please complete this field.'

2018-07-24 14:59:02 - [MESSAGE][PASSED] - Text of object 'Object Repository/Campaign_OR/Error Message/msg_company_name' is: 'Please complete this field.'

2018-07-24 14:59:02 - [TEST_STEP][PASSED] - verifyMatch: Actual text 'Please complete this field.' and expected text 'Please complete this field.' are matched  using regular expression

2018-07-24 14:59:02 - [MESSAGE][PASSED] - Actual text 'Please complete this field.' and expected text 'Please complete this field.' are matched  using regular expression

2018-07-24 14:59:02 - [TEST_STEP][PASSED] - Statement - verifyError = true: null

2018-07-24 14:59:02 - [TEST_STEP][PASSED] - Statement - If (campaignInstruc.trim() == ""): null

2018-07-24 14:59:02 - [TEST_STEP][PASSED] - Statement - If (radioEmail.toLowerCase() == "false"): null

2018-07-24 14:59:02 - [TEST_STEP][PASSED] - Statement - campaignImgName = com.kms.katalon.core.webui.keyword.WebUiBuiltInKeywords.getText(com.kms.katalon.core.testobject.ObjectRepository.findTestObject(Campaign_OR/uploadedCampaignImg)): Text of object 'Object Repository/Campaign_OR/uploadedCampaignImg' is: 'starbucks copy.jpg'

2018-07-24 14:59:02 - [MESSAGE][PASSED] - Text of object 'Object Repository/Campaign_OR/uploadedCampaignImg' is: 'starbucks copy.jpg'

2018-07-24 14:59:02 - [TEST_STEP][PASSED] - Statement - If (campaignImgName == ""): null

2018-07-24 14:59:02 - [TEST_STEP][PASSED] - Statement - If (emailSender.trim() == ""): null

2018-07-24 14:59:02 - [TEST_STEP][PASSED] - Statement - If (emailSubject.trim() == ""): null

2018-07-24 14:59:02 - [TEST_STEP][PASSED] - Statement - If (emailContent.trim() == ""): null

2018-07-24 14:59:02 - [TEST_STEP][PASSED] - Statement - companyLogoName = com.kms.katalon.core.webui.keyword.WebUiBuiltInKeywords.getText(com.kms.katalon.core.testobject.ObjectRepository.findTestObject(Campaign_OR/uploadedCompanyLogo)): Text of object 'Object Repository/Campaign_OR/uploadedCompanyLogo' is: 'starbucks logo.jpg'

2018-07-24 14:59:02 - [MESSAGE][PASSED] - Text of object 'Object Repository/Campaign_OR/uploadedCompanyLogo' is: 'starbucks logo.jpg'

2018-07-24 14:59:02 - [TEST_STEP][PASSED] - Statement - If (companyLogoName == ""): null

2018-07-24 14:59:02 - [TEST_STEP][PASSED] - Statement - If (com.kms.katalon.core.webui.keyword.WebUiBuiltInKeywords.waitForElementVisible(com.kms.katalon.core.testobject.ObjectRepository.findTestObject(Campaign_OR/Error Message/msg_cpgn_image2), 2)): Web element with id: 'Object Repository/Campaign_OR/Error Message/msg_cpgn_image2' located by 'By.xpath: id("campaignImage")/p[@class="error-block ng-binding"][count(. | //p[@class = 'error-block ng-binding' and @ng-hide = 'CC.errorImage == 200 || CC.errorImage == undefined']) = count(//p[@class = 'error-block ng-binding' and @ng-hide = 'CC.errorImage == 200 || CC.errorImage == undefined'])]' not found

2018-07-24 14:59:04 - [MESSAGE][WARNING] - Web element with id: 'Object Repository/Campaign_OR/Error Message/msg_cpgn_image2' located by 'By.xpath: id("campaignImage")/p[@class="error-block ng-binding"][count(. | //p[@class = 'error-block ng-binding' and @ng-hide = 'CC.errorImage == 200 || CC.errorImage == undefined']) = count(//p[@class = 'error-block ng-binding' and @ng-hide = 'CC.errorImage == 200 || CC.errorImage == undefined'])]' not found

2018-07-24 14:59:04 - [TEST_STEP][PASSED] - Statement - If (com.kms.katalon.core.webui.keyword.WebUiBuiltInKeywords.waitForElementVisible(com.kms.katalon.core.testobject.ObjectRepository.findTestObject(Campaign_OR/Error Message/msg_TCURL), 2)): Web element with id: 'Object Repository/Campaign_OR/Error Message/msg_TCURL' located by 'By.xpath: id("wrapper")/div[@class="content-page"]/div[@class="content"]/div[@class="ng-scope"]/div[@class="row ng-scope"]/div[@class="col-md-7"]/div[@class="widget"]/div[@class="widget-content padding"]/div[@class="form-horizontal"]/div[@class="form-group"]/div[@id="tncUrl"]/p[@class="error-block"][count(. | //p[(text() = 'Invalid format, please follow as http://wwww.example.com' or . = 'Invalid format, please follow as http://wwww.example.com')]) = count(//p[(text() = 'Invalid format, please follow as http://wwww.example.com' or . = 'Invalid format, please follow as http://wwww.example.com')])]' not found

2018-07-24 14:59:06 - [MESSAGE][WARNING] - Web element with id: 'Object Repository/Campaign_OR/Error Message/msg_TCURL' located by 'By.xpath: id("wrapper")/div[@class="content-page"]/div[@class="content"]/div[@class="ng-scope"]/div[@class="row ng-scope"]/div[@class="col-md-7"]/div[@class="widget"]/div[@class="widget-content padding"]/div[@class="form-horizontal"]/div[@class="form-group"]/div[@id="tncUrl"]/p[@class="error-block"][count(. | //p[(text() = 'Invalid format, please follow as http://wwww.example.com' or . = 'Invalid format, please follow as http://wwww.example.com')]) = count(//p[(text() = 'Invalid format, please follow as http://wwww.example.com' or . = 'Invalid format, please follow as http://wwww.example.com')])]' not found

2018-07-24 14:59:06 - [TEST_STEP][PASSED] - Statement - If (emailSender.trim() != ""): Web element with id: 'Object Repository/Campaign_OR/Error Message/msg_sender' located by 'By.xpath: id("emailSender")/p[@class="error-block"]' not found

2018-07-24 14:59:06 - [TEST_STEP][PASSED] - Statement - If (com.kms.katalon.core.webui.keyword.WebUiBuiltInKeywords.waitForElementVisible(com.kms.katalon.core.testobject.ObjectRepository.findTestObject(Campaign_OR/Error Message/msg_sender), 2)): Web element with id: 'Object Repository/Campaign_OR/Error Message/msg_sender' located by 'By.xpath: id("emailSender")/p[@class="error-block"]' not found

2018-07-24 14:59:08 - [MESSAGE][WARNING] - Web element with id: 'Object Repository/Campaign_OR/Error Message/msg_sender' located by 'By.xpath: id("emailSender")/p[@class="error-block"]' not found

2018-07-24 14:59:08 - [TEST_STEP][PASSED] - Statement - If (com.kms.katalon.core.webui.keyword.WebUiBuiltInKeywords.waitForElementVisible(com.kms.katalon.core.testobject.ObjectRepository.findTestObject(Campaign_OR/Error Message/msg_company_logo), 2)): Web element with id: 'Object Repository/Campaign_OR/Error Message/msg_company_logo' located by 'By.xpath: id("companyLogo")/p[@class="error-block ng-binding"][count(. | //p[@class = 'error-block ng-binding' and @ng-hide = 'CC.errorLogo == 200 || CC.errorLogo == undefined']) = count(//p[@class = 'error-block ng-binding' and @ng-hide = 'CC.errorLogo == 200 || CC.errorLogo == undefined'])]' not found

2018-07-24 14:59:10 - [MESSAGE][WARNING] - Web element with id: 'Object Repository/Campaign_OR/Error Message/msg_company_logo' located by 'By.xpath: id("companyLogo")/p[@class="error-block ng-binding"][count(. | //p[@class = 'error-block ng-binding' and @ng-hide = 'CC.errorLogo == 200 || CC.errorLogo == undefined']) = count(//p[@class = 'error-block ng-binding' and @ng-hide = 'CC.errorLogo == 200 || CC.errorLogo == undefined'])]' not found

2018-07-24 14:59:10 - [TEST_STEP][PASSED] - refresh: Refresh successfully

2018-07-24 14:59:11 - [MESSAGE][PASSED] - Refresh successfully

2018-07-24 14:59:11 - [TEST_STEP][PASSED] - Statement - If (verifyError == false): null]]></system-out>
         <system-err><![CDATA[]]></system-err>
      </testcase>
      <testcase name="Test Cases/Merchant Portal/Campaign/TC001 Campaign - verify all case" classname="Test Cases/Merchant Portal/Campaign/TC001 Campaign - verify all case" status="PASSED">
         <system-out><![CDATA[2018-07-24 14:59:11 - [TEST_CASE][PASSED] - Test Cases/Merchant Portal/Campaign/TC001 Campaign - verify all case: Test Cases/Merchant Portal/Campaign/TC001 Campaign - verify all case

2018-07-24 14:59:11 - [TEST_STEP][PASSED] - Statement - randomWords = CustomKeywords.randomWords.GenerateNumber.randomString(4): randomWords.GenerateNumber.randomString is PASSED

2018-07-24 14:59:11 - [MESSAGE][PASSED] - randomWords.GenerateNumber.randomString is PASSED

2018-07-24 14:59:11 - [TEST_STEP][PASSED] - Statement - If (companyName.trim() != ""): null

2018-07-24 14:59:11 - [TEST_STEP][PASSED] - Statement - companyName = companyName + randomWords: null

2018-07-24 14:59:11 - [TEST_STEP][PASSED] - Statement - If (campaignInstruc.trim() != ""): null

2018-07-24 14:59:11 - [TEST_STEP][PASSED] - Statement - If (emailSender.trim() != ""): null

2018-07-24 14:59:11 - [TEST_STEP][PASSED] - Statement - email = emailSender: null

2018-07-24 14:59:11 - [TEST_STEP][PASSED] - Statement - splitEmail = email.split("@"): null

2018-07-24 14:59:11 - [TEST_STEP][PASSED] - Statement - numb = length: null

2018-07-24 14:59:11 - [TEST_STEP][PASSED] - Statement - If (numb > 1): null

2018-07-24 14:59:11 - [TEST_STEP][PASSED] - Statement - emailSender = splitEmail[0] + randomWords + "@" + splitEmail[1]: null

2018-07-24 14:59:11 - [TEST_STEP][PASSED] - Statement - If (emailSubject.trim() != ""): null

2018-07-24 14:59:11 - [TEST_STEP][PASSED] - Statement - emailSubject = emailSubject + randomWords: null

2018-07-24 14:59:11 - [TEST_STEP][PASSED] - Statement - If (emailContent.trim() != ""): null

2018-07-24 14:59:11 - [TEST_STEP][PASSED] - Statement - emailContent = emailContent + randomWords: null

2018-07-24 14:59:11 - [TEST_STEP][PASSED] - callTestCase: Call Test Case 'Test Cases/Merchant Portal/Campaign/Campagin Modules/create campaign' successfully

2018-07-24 14:59:11 - [TEST_CASE][PASSED] - Test Cases/Merchant Portal/Campaign/Campagin Modules/create campaign: Test Cases/Merchant Portal/Campaign/Campagin Modules/create campaign

2018-07-24 14:59:11 - [TEST_STEP][PASSED] - Statement - osName = "": null

2018-07-24 14:59:11 - [TEST_STEP][PASSED] - Statement - osName = CustomKeywords.os.DetectOS.getOperatingSystem(osName): os.DetectOS.getOperatingSystem is PASSED

2018-07-24 14:59:11 - [MESSAGE][PASSED] - os.DetectOS.getOperatingSystem is PASSED

2018-07-24 14:59:11 - [TEST_STEP][PASSED] - Statement - splitString = osName.split(): null

2018-07-24 14:59:11 - [TEST_STEP][PASSED] - Statement - os = splitString[0].toString(): null

2018-07-24 14:59:11 - [TEST_STEP][PASSED] - Statement - If (loggedin == false): null

2018-07-24 14:59:11 - [TEST_STEP][PASSED] - Statement - If (accessModule == false): null

2018-07-24 14:59:11 - [TEST_STEP][PASSED] - delay: Delayed 5 second(s)

2018-07-24 14:59:16 - [MESSAGE][PASSED] - Delayed 5 second(s)

2018-07-24 14:59:16 - [TEST_STEP][PASSED] - setText: Text 'Starbucks Reserve Ltd5VYW' is set on object 'Object Repository/Campaign_OR/Fields/a.input_company_name'

2018-07-24 14:59:17 - [MESSAGE][PASSED] - Text 'Starbucks Reserve Ltd5VYW' is set on object 'Object Repository/Campaign_OR/Fields/a.input_company_name'

2018-07-24 14:59:17 - [TEST_STEP][PASSED] - setText: Text '' is set on object 'Object Repository/Campaign_OR/Fields/b.textarea_campaign_instruction'

2018-07-24 14:59:17 - [MESSAGE][PASSED] - Text '' is set on object 'Object Repository/Campaign_OR/Fields/b.textarea_campaign_instruction'

2018-07-24 14:59:17 - [TEST_STEP][PASSED] - Statement - verifyEmail = false: null

2018-07-24 14:59:17 - [TEST_STEP][PASSED] - Statement - If (radioEmail.toLowerCase() == "true"): null

2018-07-24 14:59:17 - [TEST_STEP][PASSED] - Statement - verifyEmail = true: null

2018-07-24 14:59:17 - [TEST_STEP][PASSED] - Statement - If (verifyEmail == true): Object 'Object Repository/Campaign_OR/input_email' is visible

2018-07-24 14:59:17 - [TEST_STEP][PASSED] - Statement - If (com.kms.katalon.core.webui.keyword.WebUiBuiltInKeywords.verifyElementNotChecked(com.kms.katalon.core.testobject.ObjectRepository.findTestObject(Campaign_OR/Fields/c.checkbox_email), 1, OPTIONAL)): Object 'Object Repository/Campaign_OR/Fields/c.checkbox_email' is checked

2018-07-24 14:59:17 - [MESSAGE][WARNING] - Object 'Object Repository/Campaign_OR/Fields/c.checkbox_email' is checked
[[ATTACHMENT|C:\\Users\\kl.chan\\Katalon Studio\\boldreward\\Reports\\TS_Create_Campaign\\TS002 Edit Campaign with negative testing\\20180724_145748\\1532415557411.png]]

2018-07-24 14:59:17 - [TEST_STEP][PASSED] - Statement - Else: Object 'Object Repository/Campaign_OR/input_email' is visible

2018-07-24 14:59:17 - [TEST_STEP][PASSED] - verifyElementVisible: Object 'Object Repository/Campaign_OR/input_email' is visible

2018-07-24 14:59:17 - [MESSAGE][PASSED] - Object 'Object Repository/Campaign_OR/input_email' is visible

2018-07-24 14:59:17 - [TEST_STEP][PASSED] - Statement - verifyMobileno = false: null

2018-07-24 14:59:17 - [TEST_STEP][PASSED] - Statement - If (radioMobileno.toLowerCase() == "true"): null

2018-07-24 14:59:17 - [TEST_STEP][PASSED] - Statement - If (verifyMobileno == true): null

2018-07-24 14:59:17 - [TEST_STEP][PASSED] - Statement - Else If (verifyMobileno == false): Object 'Object Repository/Campaign_OR/input_mobileno' is NOT visible

2018-07-24 14:59:17 - [TEST_STEP][PASSED] - Statement - If (com.kms.katalon.core.webui.keyword.WebUiBuiltInKeywords.verifyElementChecked(com.kms.katalon.core.testobject.ObjectRepository.findTestObject(Campaign_OR/Fields/d.checkbox_mobile_number), 1, OPTIONAL)): Object 'Object Repository/Campaign_OR/input_mobileno' is NOT visible

2018-07-24 14:59:17 - [MESSAGE][PASSED] - Object 'Object Repository/Campaign_OR/Fields/d.checkbox_mobile_number' is checked

2018-07-24 14:59:17 - [TEST_STEP][PASSED] - delay: Delayed 1 second(s)

2018-07-24 14:59:18 - [MESSAGE][PASSED] - Delayed 1 second(s)

2018-07-24 14:59:18 - [TEST_STEP][PASSED] - click: Object: 'Object Repository/Campaign_OR/Fields/d.checkbox_mobile_number' is clicked on

2018-07-24 14:59:18 - [MESSAGE][PASSED] - Object: 'Object Repository/Campaign_OR/Fields/d.checkbox_mobile_number' is clicked on

2018-07-24 14:59:18 - [TEST_STEP][PASSED] - verifyElementNotVisible: Object 'Object Repository/Campaign_OR/input_mobileno' is NOT visible

2018-07-24 14:59:18 - [MESSAGE][PASSED] - Object 'Object Repository/Campaign_OR/input_mobileno' is NOT visible

2018-07-24 14:59:18 - [TEST_STEP][PASSED] - Statement - verifyName = false: null

2018-07-24 14:59:18 - [TEST_STEP][PASSED] - Statement - If (radioName.toLowerCase() == "true"): null

2018-07-24 14:59:18 - [TEST_STEP][PASSED] - Statement - If (verifyName == true): null

2018-07-24 14:59:18 - [TEST_STEP][PASSED] - Statement - Else If (verifyName == false): Object 'Object Repository/Campaign_OR/input_name' is NOT visible

2018-07-24 14:59:18 - [TEST_STEP][PASSED] - Statement - If (com.kms.katalon.core.webui.keyword.WebUiBuiltInKeywords.verifyElementChecked(com.kms.katalon.core.testobject.ObjectRepository.findTestObject(Campaign_OR/Fields/e.checkbox_name), 1, OPTIONAL)): Object 'Object Repository/Campaign_OR/input_name' is NOT visible

2018-07-24 14:59:18 - [MESSAGE][PASSED] - Object 'Object Repository/Campaign_OR/Fields/e.checkbox_name' is checked

2018-07-24 14:59:18 - [TEST_STEP][PASSED] - delay: Delayed 1 second(s)

2018-07-24 14:59:19 - [MESSAGE][PASSED] - Delayed 1 second(s)

2018-07-24 14:59:19 - [TEST_STEP][PASSED] - click: Object: 'Object Repository/Campaign_OR/Fields/e.checkbox_name' is clicked on

2018-07-24 14:59:20 - [MESSAGE][PASSED] - Object: 'Object Repository/Campaign_OR/Fields/e.checkbox_name' is clicked on

2018-07-24 14:59:20 - [TEST_STEP][PASSED] - verifyElementNotVisible: Object 'Object Repository/Campaign_OR/input_name' is NOT visible

2018-07-24 14:59:20 - [MESSAGE][PASSED] - Object 'Object Repository/Campaign_OR/input_name' is NOT visible

2018-07-24 14:59:20 - [TEST_STEP][PASSED] - Statement - verifyGender = false: null

2018-07-24 14:59:20 - [TEST_STEP][PASSED] - Statement - If (radioGender.toLowerCase() == "true"): null

2018-07-24 14:59:20 - [TEST_STEP][PASSED] - Statement - If (verifyGender == true): null

2018-07-24 14:59:20 - [TEST_STEP][PASSED] - Statement - Else If (verifyGender == false): Object 'Object Repository/Campaign_OR/label_Female' is NOT visible

2018-07-24 14:59:20 - [TEST_STEP][PASSED] - Statement - If (com.kms.katalon.core.webui.keyword.WebUiBuiltInKeywords.verifyElementChecked(com.kms.katalon.core.testobject.ObjectRepository.findTestObject(Campaign_OR/Fields/f.checkbox_gender), 1, OPTIONAL)): Object 'Object Repository/Campaign_OR/label_Female' is NOT visible

2018-07-24 14:59:20 - [MESSAGE][PASSED] - Object 'Object Repository/Campaign_OR/Fields/f.checkbox_gender' is checked

2018-07-24 14:59:20 - [TEST_STEP][PASSED] - delay: Delayed 1 second(s)

2018-07-24 14:59:21 - [MESSAGE][PASSED] - Delayed 1 second(s)

2018-07-24 14:59:21 - [TEST_STEP][PASSED] - click: Object: 'Object Repository/Campaign_OR/Fields/f.checkbox_gender' is clicked on

2018-07-24 14:59:21 - [MESSAGE][PASSED] - Object: 'Object Repository/Campaign_OR/Fields/f.checkbox_gender' is clicked on

2018-07-24 14:59:21 - [TEST_STEP][PASSED] - verifyElementNotVisible: Object 'Object Repository/Campaign_OR/label_Male' is NOT visible

2018-07-24 14:59:21 - [MESSAGE][PASSED] - Object 'Object Repository/Campaign_OR/label_Male' is NOT visible

2018-07-24 14:59:21 - [TEST_STEP][PASSED] - verifyElementNotVisible: Object 'Object Repository/Campaign_OR/label_Female' is NOT visible

2018-07-24 14:59:21 - [MESSAGE][PASSED] - Object 'Object Repository/Campaign_OR/label_Female' is NOT visible

2018-07-24 14:59:21 - [TEST_STEP][PASSED] - Statement - verifyDOB = false: null

2018-07-24 14:59:21 - [TEST_STEP][PASSED] - Statement - If (radioDOB.toLowerCase() == "true"): null

2018-07-24 14:59:21 - [TEST_STEP][PASSED] - Statement - If (verifyDOB == true): null

2018-07-24 14:59:21 - [TEST_STEP][PASSED] - Statement - Else If (verifyDOB == false): Object 'Object Repository/Campaign_OR/input_datepicker' is NOT visible

2018-07-24 14:59:21 - [TEST_STEP][PASSED] - Statement - If (com.kms.katalon.core.webui.keyword.WebUiBuiltInKeywords.verifyElementChecked(com.kms.katalon.core.testobject.ObjectRepository.findTestObject(Campaign_OR/Fields/g.checkbox_dob), 1, OPTIONAL)): Object 'Object Repository/Campaign_OR/input_datepicker' is NOT visible

2018-07-24 14:59:21 - [MESSAGE][PASSED] - Object 'Object Repository/Campaign_OR/Fields/g.checkbox_dob' is checked

2018-07-24 14:59:21 - [TEST_STEP][PASSED] - delay: Delayed 1 second(s)

2018-07-24 14:59:22 - [MESSAGE][PASSED] - Delayed 1 second(s)

2018-07-24 14:59:22 - [TEST_STEP][PASSED] - click: Object: 'Object Repository/Campaign_OR/Fields/g.checkbox_dob' is clicked on

2018-07-24 14:59:22 - [MESSAGE][PASSED] - Object: 'Object Repository/Campaign_OR/Fields/g.checkbox_dob' is clicked on

2018-07-24 14:59:22 - [TEST_STEP][PASSED] - verifyElementNotVisible: Object 'Object Repository/Campaign_OR/input_datepicker' is NOT visible

2018-07-24 14:59:22 - [MESSAGE][PASSED] - Object 'Object Repository/Campaign_OR/input_datepicker' is NOT visible

2018-07-24 14:59:22 - [TEST_STEP][PASSED] - Statement - filepath = "": null

2018-07-24 14:59:22 - [TEST_STEP][PASSED] - Statement - If (os == "Windows"): null

2018-07-24 14:59:22 - [TEST_STEP][PASSED] - Statement - filepath = campaignImagePath: null

2018-07-24 14:59:22 - [TEST_STEP][PASSED] - Statement - verifyImgName = "": null

2018-07-24 14:59:22 - [TEST_STEP][PASSED] - Statement - uploadedImg = false: null

2018-07-24 14:59:22 - [TEST_STEP][PASSED] - Statement - If (filepath.trim() != "" && campaignImage.trim() != ""): null

2018-07-24 14:59:22 - [TEST_STEP][PASSED] - sendKeys: Keys 'C:\Users\kl.chan\Katalon Studio\boldreward\Images\Campaign Image\starbucks copy.jpg' sent to object: 'Object Repository/Campaign_OR/Fields/h.button_campaign_image_1'

2018-07-24 14:59:22 - [MESSAGE][PASSED] - Keys 'C:\Users\kl.chan\Katalon Studio\boldreward\Images\Campaign Image\starbucks copy.jpg' sent to object: 'Object Repository/Campaign_OR/Fields/h.button_campaign_image_1'

2018-07-24 14:59:22 - [TEST_STEP][PASSED] - delay: Delayed 1 second(s)

2018-07-24 14:59:23 - [MESSAGE][PASSED] - Delayed 1 second(s)

2018-07-24 14:59:23 - [TEST_STEP][PASSED] - Statement - If (com.kms.katalon.core.webui.keyword.WebUiBuiltInKeywords.waitForElementVisible(com.kms.katalon.core.testobject.ObjectRepository.findTestObject(Campaign_OR/uploadedCampaignImg), 30)): null

2018-07-24 14:59:23 - [MESSAGE][PASSED] - Object 'Object Repository/Campaign_OR/uploadedCampaignImg' is visible

2018-07-24 14:59:23 - [TEST_STEP][PASSED] - Statement - verifyImgName = com.kms.katalon.core.webui.keyword.WebUiBuiltInKeywords.getText(com.kms.katalon.core.testobject.ObjectRepository.findTestObject(Campaign_OR/uploadedCampaignImg)): Text of object 'Object Repository/Campaign_OR/uploadedCampaignImg' is: 'starbucks copy.jpg'

2018-07-24 14:59:23 - [MESSAGE][PASSED] - Text of object 'Object Repository/Campaign_OR/uploadedCampaignImg' is: 'starbucks copy.jpg'

2018-07-24 14:59:23 - [TEST_STEP][PASSED] - Statement - If (verifyImgName.equals(campaignImage) == true): null

2018-07-24 14:59:23 - [TEST_STEP][PASSED] - Statement - uploadedImg = true: null

2018-07-24 14:59:23 - [TEST_STEP][PASSED] - setText: Text 'http://www.starbucks.com.my/' is set on object 'Object Repository/Campaign_OR/Fields/i.k.input_tnc'

2018-07-24 14:59:23 - [MESSAGE][PASSED] - Text 'http://www.starbucks.com.my/' is set on object 'Object Repository/Campaign_OR/Fields/i.k.input_tnc'

2018-07-24 14:59:23 - [TEST_STEP][PASSED] - setText: Text 'kl.chan5VYW@macrokiosk.com' is set on object 'Object Repository/Campaign_OR/Fields/j.input_sender'

2018-07-24 14:59:24 - [MESSAGE][PASSED] - Text 'kl.chan5VYW@macrokiosk.com' is set on object 'Object Repository/Campaign_OR/Fields/j.input_sender'

2018-07-24 14:59:24 - [TEST_STEP][PASSED] - setText: Text 'Starbucks Reserve @ SIT5VYW' is set on object 'Object Repository/Campaign_OR/Fields/k.input_subject'

2018-07-24 14:59:24 - [MESSAGE][PASSED] - Text 'Starbucks Reserve @ SIT5VYW' is set on object 'Object Repository/Campaign_OR/Fields/k.input_subject'

2018-07-24 14:59:24 - [TEST_STEP][PASSED] - setText: Text 'Hello User, Welcome to our Starbucks Reserve @ SIT. Come subscribe with us and redeem more rewards.5VYW' is set on object 'Object Repository/Campaign_OR/Fields/l.textarea_content'

2018-07-24 14:59:25 - [MESSAGE][PASSED] - Text 'Hello User, Welcome to our Starbucks Reserve @ SIT. Come subscribe with us and redeem more rewards.5VYW' is set on object 'Object Repository/Campaign_OR/Fields/l.textarea_content'

2018-07-24 14:59:25 - [TEST_STEP][PASSED] - Statement - filepath = "": null

2018-07-24 14:59:25 - [TEST_STEP][PASSED] - Statement - If (os == "Windows"): null

2018-07-24 14:59:25 - [TEST_STEP][PASSED] - Statement - filepath = companyLogoPath: null

2018-07-24 14:59:25 - [TEST_STEP][PASSED] - Statement - verifyImgName = "": null

2018-07-24 14:59:25 - [TEST_STEP][PASSED] - Statement - uploadedImg = false: null

2018-07-24 14:59:25 - [TEST_STEP][PASSED] - Statement - reuploadCount = 0: null

2018-07-24 14:59:25 - [TEST_STEP][PASSED] - Statement - If (filepath.trim() != "" && companyLogo.trim() != ""): null

2018-07-24 14:59:25 - [TEST_STEP][PASSED] - sendKeys: Keys 'C:\Users\kl.chan\Katalon Studio\boldreward\Images\Company Logo\starbucks logo.jpg' sent to object: 'Object Repository/Campaign_OR/Fields/m.button_company_logo_1'

2018-07-24 14:59:25 - [MESSAGE][PASSED] - Keys 'C:\Users\kl.chan\Katalon Studio\boldreward\Images\Company Logo\starbucks logo.jpg' sent to object: 'Object Repository/Campaign_OR/Fields/m.button_company_logo_1'

2018-07-24 14:59:25 - [TEST_STEP][PASSED] - delay: Delayed 1 second(s)

2018-07-24 14:59:26 - [MESSAGE][PASSED] - Delayed 1 second(s)

2018-07-24 14:59:26 - [TEST_STEP][PASSED] - Statement - If (com.kms.katalon.core.webui.keyword.WebUiBuiltInKeywords.waitForElementVisible(com.kms.katalon.core.testobject.ObjectRepository.findTestObject(Campaign_OR/uploadedCompanyLogo), 30)): null

2018-07-24 14:59:26 - [MESSAGE][PASSED] - Object 'Object Repository/Campaign_OR/uploadedCompanyLogo' is visible

2018-07-24 14:59:26 - [TEST_STEP][PASSED] - Statement - verifyImgName = com.kms.katalon.core.webui.keyword.WebUiBuiltInKeywords.getText(com.kms.katalon.core.testobject.ObjectRepository.findTestObject(Campaign_OR/uploadedCompanyLogo)): Text of object 'Object Repository/Campaign_OR/uploadedCompanyLogo' is: 'starbucks logo.jpg'

2018-07-24 14:59:26 - [MESSAGE][PASSED] - Text of object 'Object Repository/Campaign_OR/uploadedCompanyLogo' is: 'starbucks logo.jpg'

2018-07-24 14:59:26 - [TEST_STEP][PASSED] - Statement - If (verifyImgName.equals(companyLogo) == true): null

2018-07-24 14:59:26 - [TEST_STEP][PASSED] - Statement - uploadedImg = true: null

2018-07-24 14:59:26 - [TEST_STEP][PASSED] - Statement - If (rewardCode == true): null

2018-07-24 14:59:26 - [TEST_STEP][PASSED] - Statement - Else If (rewardCode == false): Object: 'Object Repository/Campaign_OR/Fields/n.label_No' is clicked on

2018-07-24 14:59:26 - [TEST_STEP][PASSED] - click: Object: 'Object Repository/Campaign_OR/Fields/n.label_No' is clicked on

2018-07-24 14:59:26 - [MESSAGE][PASSED] - Object: 'Object Repository/Campaign_OR/Fields/n.label_No' is clicked on

2018-07-24 14:59:26 - [TEST_STEP][PASSED] - verifyElementChecked: Object 'Object Repository/Campaign_OR/Fields/radio_No' is checked

2018-07-24 14:59:26 - [MESSAGE][PASSED] - Object 'Object Repository/Campaign_OR/Fields/radio_No' is checked

2018-07-24 14:59:26 - [TEST_STEP][PASSED] - verifyElementChecked: Object 'Object Repository/Campaign_OR/Fields/radio_Yes' is not checked

2018-07-24 14:59:26 - [MESSAGE][WARNING] - Object 'Object Repository/Campaign_OR/Fields/radio_Yes' is not checked
[[ATTACHMENT|C:\\Users\\kl.chan\\Katalon Studio\\boldreward\\Reports\\TS_Create_Campaign\\TS002 Edit Campaign with negative testing\\20180724_145748\\1532415566368.png]]

2018-07-24 14:59:26 - [TEST_STEP][PASSED] - click: Object: 'Object Repository/Campaign_OR/button_Save' is clicked on

2018-07-24 14:59:26 - [MESSAGE][PASSED] - Object: 'Object Repository/Campaign_OR/button_Save' is clicked on

2018-07-24 14:59:26 - [TEST_STEP][PASSED] - delay: Delayed 2 second(s)

2018-07-24 14:59:28 - [MESSAGE][PASSED] - Delayed 2 second(s)

2018-07-24 14:59:28 - [MESSAGE][PASSED] - Call Test Case 'Test Cases/Merchant Portal/Campaign/Campagin Modules/create campaign' successfully

2018-07-24 14:59:28 - [TEST_STEP][PASSED] - Statement - updateFailed = false: null

2018-07-24 14:59:28 - [TEST_STEP][PASSED] - Statement - If (com.kms.katalon.core.webui.keyword.WebUiBuiltInKeywords.waitForElementVisible(com.kms.katalon.core.testobject.ObjectRepository.findTestObject(a.Not_Assigned_OR/alert_msg_top), 3)): null

2018-07-24 14:59:28 - [MESSAGE][PASSED] - Object 'Object Repository/a.Not_Assigned_OR/alert_msg_top' is visible

2018-07-24 14:59:28 - [TEST_STEP][PASSED] - Statement - verifyPopoutMsg = com.kms.katalon.core.webui.keyword.WebUiBuiltInKeywords.getText(com.kms.katalon.core.testobject.ObjectRepository.findTestObject(a.Not_Assigned_OR/alert_msg_top)): Text of object 'Object Repository/a.Not_Assigned_OR/alert_msg_top' is: 'Oops! Invalid inputs, please try again.'

2018-07-24 14:59:28 - [MESSAGE][PASSED] - Text of object 'Object Repository/a.Not_Assigned_OR/alert_msg_top' is: 'Oops! Invalid inputs, please try again.'

2018-07-24 14:59:28 - [TEST_STEP][PASSED] - Statement - If (verifyPopoutMsg.equals(msgServer) == true): null

2018-07-24 14:59:28 - [TEST_STEP][PASSED] - Statement - updateFailed = true: null

2018-07-24 14:59:28 - [TEST_STEP][PASSED] - Statement - updateSuccess = false: null

2018-07-24 14:59:28 - [TEST_STEP][PASSED] - Statement - If (com.kms.katalon.core.webui.keyword.WebUiBuiltInKeywords.waitForElementVisible(com.kms.katalon.core.testobject.ObjectRepository.findTestObject(Campaign_OR/Error Message/msg_edit_success), 3)): Web element with id: 'Object Repository/Campaign_OR/Error Message/msg_edit_success' located by 'By.xpath: id("errorMessage")/p[@class="error-block"]' not found

2018-07-24 14:59:31 - [MESSAGE][WARNING] - Web element with id: 'Object Repository/Campaign_OR/Error Message/msg_edit_success' located by 'By.xpath: id("errorMessage")/p[@class="error-block"]' not found

2018-07-24 14:59:31 - [TEST_STEP][PASSED] - Statement - createSuccess = false: null

2018-07-24 14:59:31 - [TEST_STEP][PASSED] - Statement - If (com.kms.katalon.core.webui.keyword.WebUiBuiltInKeywords.waitForElementVisible(com.kms.katalon.core.testobject.ObjectRepository.findTestObject(Home_OR/label_home), 3)): Web element with id: 'Object Repository/Home_OR/label_home' located by 'By.xpath: id("wrapper")/div[@class="content-page"]/div[@class="content"]/div[@class="ng-scope"]/div[@class="ng-scope"]/div[@class="page-heading"]/h1[1][count(. | //h1[(text() = ' Home' or . = ' Home')]) = count(//h1[(text() = ' Home' or . = ' Home')])]' not found

2018-07-24 14:59:34 - [MESSAGE][WARNING] - Web element with id: 'Object Repository/Home_OR/label_home' located by 'By.xpath: id("wrapper")/div[@class="content-page"]/div[@class="content"]/div[@class="ng-scope"]/div[@class="ng-scope"]/div[@class="page-heading"]/h1[1][count(. | //h1[(text() = ' Home' or . = ' Home')]) = count(//h1[(text() = ' Home' or . = ' Home')])]' not found

2018-07-24 14:59:34 - [TEST_STEP][PASSED] - Statement - If (updateSuccess == true): null

2018-07-24 14:59:34 - [TEST_STEP][PASSED] - Statement - Else If (updateFailed == true): null

2018-07-24 14:59:34 - [TEST_STEP][PASSED] - Statement - verifyError = false: null

2018-07-24 14:59:34 - [TEST_STEP][PASSED] - Statement - If (companyName.trim() == ""): null

2018-07-24 14:59:34 - [TEST_STEP][PASSED] - Statement - If (campaignInstruc.trim() == ""): null

2018-07-24 14:59:34 - [TEST_STEP][PASSED] - verifyElementVisible: Object 'Object Repository/Campaign_OR/Error Message/msg_campaign_instruction' is visible

2018-07-24 14:59:34 - [MESSAGE][PASSED] - Object 'Object Repository/Campaign_OR/Error Message/msg_campaign_instruction' is visible

2018-07-24 14:59:34 - [TEST_STEP][PASSED] - Statement - verifyEmptyCampaignInstruc = com.kms.katalon.core.webui.keyword.WebUiBuiltInKeywords.getText(com.kms.katalon.core.testobject.ObjectRepository.findTestObject(Campaign_OR/Error Message/msg_campaign_instruction)): Text of object 'Object Repository/Campaign_OR/Error Message/msg_campaign_instruction' is: 'Please complete this field.'

2018-07-24 14:59:35 - [MESSAGE][PASSED] - Text of object 'Object Repository/Campaign_OR/Error Message/msg_campaign_instruction' is: 'Please complete this field.'

2018-07-24 14:59:35 - [TEST_STEP][PASSED] - verifyMatch: Actual text 'Please complete this field.' and expected text 'Please complete this field.' are matched  using regular expression

2018-07-24 14:59:35 - [MESSAGE][PASSED] - Actual text 'Please complete this field.' and expected text 'Please complete this field.' are matched  using regular expression

2018-07-24 14:59:35 - [TEST_STEP][PASSED] - Statement - verifyError = true: null

2018-07-24 14:59:35 - [TEST_STEP][PASSED] - Statement - If (radioEmail.toLowerCase() == "false"): null

2018-07-24 14:59:35 - [TEST_STEP][PASSED] - Statement - campaignImgName = com.kms.katalon.core.webui.keyword.WebUiBuiltInKeywords.getText(com.kms.katalon.core.testobject.ObjectRepository.findTestObject(Campaign_OR/uploadedCampaignImg)): Text of object 'Object Repository/Campaign_OR/uploadedCampaignImg' is: 'starbucks copy.jpg'

2018-07-24 14:59:35 - [MESSAGE][PASSED] - Text of object 'Object Repository/Campaign_OR/uploadedCampaignImg' is: 'starbucks copy.jpg'

2018-07-24 14:59:35 - [TEST_STEP][PASSED] - Statement - If (campaignImgName == ""): null

2018-07-24 14:59:35 - [TEST_STEP][PASSED] - Statement - If (emailSender.trim() == ""): null

2018-07-24 14:59:35 - [TEST_STEP][PASSED] - Statement - If (emailSubject.trim() == ""): null

2018-07-24 14:59:35 - [TEST_STEP][PASSED] - Statement - If (emailContent.trim() == ""): null

2018-07-24 14:59:35 - [TEST_STEP][PASSED] - Statement - companyLogoName = com.kms.katalon.core.webui.keyword.WebUiBuiltInKeywords.getText(com.kms.katalon.core.testobject.ObjectRepository.findTestObject(Campaign_OR/uploadedCompanyLogo)): Text of object 'Object Repository/Campaign_OR/uploadedCompanyLogo' is: 'starbucks logo.jpg'

2018-07-24 14:59:35 - [MESSAGE][PASSED] - Text of object 'Object Repository/Campaign_OR/uploadedCompanyLogo' is: 'starbucks logo.jpg'

2018-07-24 14:59:35 - [TEST_STEP][PASSED] - Statement - If (companyLogoName == ""): null

2018-07-24 14:59:35 - [TEST_STEP][PASSED] - Statement - If (com.kms.katalon.core.webui.keyword.WebUiBuiltInKeywords.waitForElementVisible(com.kms.katalon.core.testobject.ObjectRepository.findTestObject(Campaign_OR/Error Message/msg_cpgn_image2), 2)): Web element with id: 'Object Repository/Campaign_OR/Error Message/msg_cpgn_image2' located by 'By.xpath: id("campaignImage")/p[@class="error-block ng-binding"][count(. | //p[@class = 'error-block ng-binding' and @ng-hide = 'CC.errorImage == 200 || CC.errorImage == undefined']) = count(//p[@class = 'error-block ng-binding' and @ng-hide = 'CC.errorImage == 200 || CC.errorImage == undefined'])]' not found

2018-07-24 14:59:37 - [MESSAGE][WARNING] - Web element with id: 'Object Repository/Campaign_OR/Error Message/msg_cpgn_image2' located by 'By.xpath: id("campaignImage")/p[@class="error-block ng-binding"][count(. | //p[@class = 'error-block ng-binding' and @ng-hide = 'CC.errorImage == 200 || CC.errorImage == undefined']) = count(//p[@class = 'error-block ng-binding' and @ng-hide = 'CC.errorImage == 200 || CC.errorImage == undefined'])]' not found

2018-07-24 14:59:37 - [TEST_STEP][PASSED] - Statement - If (com.kms.katalon.core.webui.keyword.WebUiBuiltInKeywords.waitForElementVisible(com.kms.katalon.core.testobject.ObjectRepository.findTestObject(Campaign_OR/Error Message/msg_TCURL), 2)): Web element with id: 'Object Repository/Campaign_OR/Error Message/msg_TCURL' located by 'By.xpath: id("wrapper")/div[@class="content-page"]/div[@class="content"]/div[@class="ng-scope"]/div[@class="row ng-scope"]/div[@class="col-md-7"]/div[@class="widget"]/div[@class="widget-content padding"]/div[@class="form-horizontal"]/div[@class="form-group"]/div[@id="tncUrl"]/p[@class="error-block"][count(. | //p[(text() = 'Invalid format, please follow as http://wwww.example.com' or . = 'Invalid format, please follow as http://wwww.example.com')]) = count(//p[(text() = 'Invalid format, please follow as http://wwww.example.com' or . = 'Invalid format, please follow as http://wwww.example.com')])]' not found

2018-07-24 14:59:39 - [MESSAGE][WARNING] - Web element with id: 'Object Repository/Campaign_OR/Error Message/msg_TCURL' located by 'By.xpath: id("wrapper")/div[@class="content-page"]/div[@class="content"]/div[@class="ng-scope"]/div[@class="row ng-scope"]/div[@class="col-md-7"]/div[@class="widget"]/div[@class="widget-content padding"]/div[@class="form-horizontal"]/div[@class="form-group"]/div[@id="tncUrl"]/p[@class="error-block"][count(. | //p[(text() = 'Invalid format, please follow as http://wwww.example.com' or . = 'Invalid format, please follow as http://wwww.example.com')]) = count(//p[(text() = 'Invalid format, please follow as http://wwww.example.com' or . = 'Invalid format, please follow as http://wwww.example.com')])]' not found

2018-07-24 14:59:39 - [TEST_STEP][PASSED] - Statement - If (emailSender.trim() != ""): Web element with id: 'Object Repository/Campaign_OR/Error Message/msg_sender' located by 'By.xpath: id("emailSender")/p[@class="error-block"]' not found

2018-07-24 14:59:39 - [TEST_STEP][PASSED] - Statement - If (com.kms.katalon.core.webui.keyword.WebUiBuiltInKeywords.waitForElementVisible(com.kms.katalon.core.testobject.ObjectRepository.findTestObject(Campaign_OR/Error Message/msg_sender), 2)): Web element with id: 'Object Repository/Campaign_OR/Error Message/msg_sender' located by 'By.xpath: id("emailSender")/p[@class="error-block"]' not found

2018-07-24 14:59:41 - [MESSAGE][WARNING] - Web element with id: 'Object Repository/Campaign_OR/Error Message/msg_sender' located by 'By.xpath: id("emailSender")/p[@class="error-block"]' not found

2018-07-24 14:59:41 - [TEST_STEP][PASSED] - Statement - If (com.kms.katalon.core.webui.keyword.WebUiBuiltInKeywords.waitForElementVisible(com.kms.katalon.core.testobject.ObjectRepository.findTestObject(Campaign_OR/Error Message/msg_company_logo), 2)): Web element with id: 'Object Repository/Campaign_OR/Error Message/msg_company_logo' located by 'By.xpath: id("companyLogo")/p[@class="error-block ng-binding"][count(. | //p[@class = 'error-block ng-binding' and @ng-hide = 'CC.errorLogo == 200 || CC.errorLogo == undefined']) = count(//p[@class = 'error-block ng-binding' and @ng-hide = 'CC.errorLogo == 200 || CC.errorLogo == undefined'])]' not found

2018-07-24 14:59:43 - [MESSAGE][WARNING] - Web element with id: 'Object Repository/Campaign_OR/Error Message/msg_company_logo' located by 'By.xpath: id("companyLogo")/p[@class="error-block ng-binding"][count(. | //p[@class = 'error-block ng-binding' and @ng-hide = 'CC.errorLogo == 200 || CC.errorLogo == undefined']) = count(//p[@class = 'error-block ng-binding' and @ng-hide = 'CC.errorLogo == 200 || CC.errorLogo == undefined'])]' not found

2018-07-24 14:59:43 - [TEST_STEP][PASSED] - refresh: Refresh successfully

2018-07-24 14:59:43 - [MESSAGE][PASSED] - Refresh successfully

2018-07-24 14:59:43 - [TEST_STEP][PASSED] - Statement - If (verifyError == false): null]]></system-out>
         <system-err><![CDATA[]]></system-err>
      </testcase>
      <testcase name="Test Cases/Merchant Portal/Campaign/TC001 Campaign - verify all case" classname="Test Cases/Merchant Portal/Campaign/TC001 Campaign - verify all case" status="PASSED">
         <system-out><![CDATA[2018-07-24 14:59:43 - [TEST_CASE][PASSED] - Test Cases/Merchant Portal/Campaign/TC001 Campaign - verify all case: Test Cases/Merchant Portal/Campaign/TC001 Campaign - verify all case

2018-07-24 14:59:43 - [TEST_STEP][PASSED] - Statement - randomWords = CustomKeywords.randomWords.GenerateNumber.randomString(4): randomWords.GenerateNumber.randomString is PASSED

2018-07-24 14:59:43 - [MESSAGE][PASSED] - randomWords.GenerateNumber.randomString is PASSED

2018-07-24 14:59:43 - [TEST_STEP][PASSED] - Statement - If (companyName.trim() != ""): null

2018-07-24 14:59:43 - [TEST_STEP][PASSED] - Statement - companyName = companyName + randomWords: null

2018-07-24 14:59:43 - [TEST_STEP][PASSED] - Statement - If (campaignInstruc.trim() != ""): null

2018-07-24 14:59:43 - [TEST_STEP][PASSED] - Statement - If (emailSender.trim() != ""): null

2018-07-24 14:59:43 - [TEST_STEP][PASSED] - Statement - email = emailSender: null

2018-07-24 14:59:43 - [TEST_STEP][PASSED] - Statement - splitEmail = email.split("@"): null

2018-07-24 14:59:43 - [TEST_STEP][PASSED] - Statement - numb = length: null

2018-07-24 14:59:43 - [TEST_STEP][PASSED] - Statement - If (numb > 1): null

2018-07-24 14:59:43 - [TEST_STEP][PASSED] - Statement - emailSender = splitEmail[0] + randomWords + "@" + splitEmail[1]: null

2018-07-24 14:59:43 - [TEST_STEP][PASSED] - Statement - If (emailSubject.trim() != ""): null

2018-07-24 14:59:43 - [TEST_STEP][PASSED] - Statement - emailSubject = emailSubject + randomWords: null

2018-07-24 14:59:43 - [TEST_STEP][PASSED] - Statement - If (emailContent.trim() != ""): null

2018-07-24 14:59:43 - [TEST_STEP][PASSED] - Statement - emailContent = emailContent + randomWords: null

2018-07-24 14:59:43 - [TEST_STEP][PASSED] - callTestCase: Call Test Case 'Test Cases/Merchant Portal/Campaign/Campagin Modules/create campaign' successfully

2018-07-24 14:59:44 - [TEST_CASE][PASSED] - Test Cases/Merchant Portal/Campaign/Campagin Modules/create campaign: Test Cases/Merchant Portal/Campaign/Campagin Modules/create campaign

2018-07-24 14:59:44 - [TEST_STEP][PASSED] - Statement - osName = "": null

2018-07-24 14:59:44 - [TEST_STEP][PASSED] - Statement - osName = CustomKeywords.os.DetectOS.getOperatingSystem(osName): os.DetectOS.getOperatingSystem is PASSED

2018-07-24 14:59:44 - [MESSAGE][PASSED] - os.DetectOS.getOperatingSystem is PASSED

2018-07-24 14:59:44 - [TEST_STEP][PASSED] - Statement - splitString = osName.split(): null

2018-07-24 14:59:44 - [TEST_STEP][PASSED] - Statement - os = splitString[0].toString(): null

2018-07-24 14:59:44 - [TEST_STEP][PASSED] - Statement - If (loggedin == false): null

2018-07-24 14:59:44 - [TEST_STEP][PASSED] - Statement - If (accessModule == false): null

2018-07-24 14:59:44 - [TEST_STEP][PASSED] - delay: Delayed 5 second(s)

2018-07-24 14:59:49 - [MESSAGE][PASSED] - Delayed 5 second(s)

2018-07-24 14:59:49 - [TEST_STEP][PASSED] - setText: Text 'Starbucks Reserve LtdScQr' is set on object 'Object Repository/Campaign_OR/Fields/a.input_company_name'

2018-07-24 14:59:49 - [MESSAGE][PASSED] - Text 'Starbucks Reserve LtdScQr' is set on object 'Object Repository/Campaign_OR/Fields/a.input_company_name'

2018-07-24 14:59:49 - [TEST_STEP][PASSED] - setText: Text ' ' is set on object 'Object Repository/Campaign_OR/Fields/b.textarea_campaign_instruction'

2018-07-24 14:59:49 - [MESSAGE][PASSED] - Text ' ' is set on object 'Object Repository/Campaign_OR/Fields/b.textarea_campaign_instruction'

2018-07-24 14:59:49 - [TEST_STEP][PASSED] - Statement - verifyEmail = false: null

2018-07-24 14:59:49 - [TEST_STEP][PASSED] - Statement - If (radioEmail.toLowerCase() == "true"): null

2018-07-24 14:59:49 - [TEST_STEP][PASSED] - Statement - verifyEmail = true: null

2018-07-24 14:59:49 - [TEST_STEP][PASSED] - Statement - If (verifyEmail == true): Object 'Object Repository/Campaign_OR/input_email' is visible

2018-07-24 14:59:49 - [TEST_STEP][PASSED] - Statement - If (com.kms.katalon.core.webui.keyword.WebUiBuiltInKeywords.verifyElementNotChecked(com.kms.katalon.core.testobject.ObjectRepository.findTestObject(Campaign_OR/Fields/c.checkbox_email), 1, OPTIONAL)): Object 'Object Repository/Campaign_OR/Fields/c.checkbox_email' is checked

2018-07-24 14:59:49 - [MESSAGE][WARNING] - Object 'Object Repository/Campaign_OR/Fields/c.checkbox_email' is checked
[[ATTACHMENT|C:\\Users\\kl.chan\\Katalon Studio\\boldreward\\Reports\\TS_Create_Campaign\\TS002 Edit Campaign with negative testing\\20180724_145748\\1532415589547.png]]

2018-07-24 14:59:49 - [TEST_STEP][PASSED] - Statement - Else: Object 'Object Repository/Campaign_OR/input_email' is visible

2018-07-24 14:59:49 - [TEST_STEP][PASSED] - verifyElementVisible: Object 'Object Repository/Campaign_OR/input_email' is visible

2018-07-24 14:59:49 - [MESSAGE][PASSED] - Object 'Object Repository/Campaign_OR/input_email' is visible

2018-07-24 14:59:49 - [TEST_STEP][PASSED] - Statement - verifyMobileno = false: null

2018-07-24 14:59:49 - [TEST_STEP][PASSED] - Statement - If (radioMobileno.toLowerCase() == "true"): null

2018-07-24 14:59:49 - [TEST_STEP][PASSED] - Statement - If (verifyMobileno == true): null

2018-07-24 14:59:49 - [TEST_STEP][PASSED] - Statement - Else If (verifyMobileno == false): Object 'Object Repository/Campaign_OR/input_mobileno' is NOT visible

2018-07-24 14:59:49 - [TEST_STEP][PASSED] - Statement - If (com.kms.katalon.core.webui.keyword.WebUiBuiltInKeywords.verifyElementChecked(com.kms.katalon.core.testobject.ObjectRepository.findTestObject(Campaign_OR/Fields/d.checkbox_mobile_number), 1, OPTIONAL)): Object 'Object Repository/Campaign_OR/input_mobileno' is NOT visible

2018-07-24 14:59:49 - [MESSAGE][PASSED] - Object 'Object Repository/Campaign_OR/Fields/d.checkbox_mobile_number' is checked

2018-07-24 14:59:49 - [TEST_STEP][PASSED] - delay: Delayed 1 second(s)

2018-07-24 14:59:50 - [MESSAGE][PASSED] - Delayed 1 second(s)

2018-07-24 14:59:50 - [TEST_STEP][PASSED] - click: Object: 'Object Repository/Campaign_OR/Fields/d.checkbox_mobile_number' is clicked on

2018-07-24 14:59:51 - [MESSAGE][PASSED] - Object: 'Object Repository/Campaign_OR/Fields/d.checkbox_mobile_number' is clicked on

2018-07-24 14:59:51 - [TEST_STEP][PASSED] - verifyElementNotVisible: Object 'Object Repository/Campaign_OR/input_mobileno' is NOT visible

2018-07-24 14:59:51 - [MESSAGE][PASSED] - Object 'Object Repository/Campaign_OR/input_mobileno' is NOT visible

2018-07-24 14:59:51 - [TEST_STEP][PASSED] - Statement - verifyName = false: null

2018-07-24 14:59:51 - [TEST_STEP][PASSED] - Statement - If (radioName.toLowerCase() == "true"): null

2018-07-24 14:59:51 - [TEST_STEP][PASSED] - Statement - If (verifyName == true): null

2018-07-24 14:59:51 - [TEST_STEP][PASSED] - Statement - Else If (verifyName == false): Object 'Object Repository/Campaign_OR/input_name' is NOT visible

2018-07-24 14:59:51 - [TEST_STEP][PASSED] - Statement - If (com.kms.katalon.core.webui.keyword.WebUiBuiltInKeywords.verifyElementChecked(com.kms.katalon.core.testobject.ObjectRepository.findTestObject(Campaign_OR/Fields/e.checkbox_name), 1, OPTIONAL)): Object 'Object Repository/Campaign_OR/input_name' is NOT visible

2018-07-24 14:59:51 - [MESSAGE][PASSED] - Object 'Object Repository/Campaign_OR/Fields/e.checkbox_name' is checked

2018-07-24 14:59:51 - [TEST_STEP][PASSED] - delay: Delayed 1 second(s)

2018-07-24 14:59:52 - [MESSAGE][PASSED] - Delayed 1 second(s)

2018-07-24 14:59:52 - [TEST_STEP][PASSED] - click: Object: 'Object Repository/Campaign_OR/Fields/e.checkbox_name' is clicked on

2018-07-24 14:59:52 - [MESSAGE][PASSED] - Object: 'Object Repository/Campaign_OR/Fields/e.checkbox_name' is clicked on

2018-07-24 14:59:52 - [TEST_STEP][PASSED] - verifyElementNotVisible: Object 'Object Repository/Campaign_OR/input_name' is NOT visible

2018-07-24 14:59:52 - [MESSAGE][PASSED] - Object 'Object Repository/Campaign_OR/input_name' is NOT visible

2018-07-24 14:59:52 - [TEST_STEP][PASSED] - Statement - verifyGender = false: null

2018-07-24 14:59:52 - [TEST_STEP][PASSED] - Statement - If (radioGender.toLowerCase() == "true"): null

2018-07-24 14:59:52 - [TEST_STEP][PASSED] - Statement - If (verifyGender == true): null

2018-07-24 14:59:52 - [TEST_STEP][PASSED] - Statement - Else If (verifyGender == false): Object 'Object Repository/Campaign_OR/label_Female' is NOT visible

2018-07-24 14:59:52 - [TEST_STEP][PASSED] - Statement - If (com.kms.katalon.core.webui.keyword.WebUiBuiltInKeywords.verifyElementChecked(com.kms.katalon.core.testobject.ObjectRepository.findTestObject(Campaign_OR/Fields/f.checkbox_gender), 1, OPTIONAL)): Object 'Object Repository/Campaign_OR/label_Female' is NOT visible

2018-07-24 14:59:52 - [MESSAGE][PASSED] - Object 'Object Repository/Campaign_OR/Fields/f.checkbox_gender' is checked

2018-07-24 14:59:52 - [TEST_STEP][PASSED] - delay: Delayed 1 second(s)

2018-07-24 14:59:53 - [MESSAGE][PASSED] - Delayed 1 second(s)

2018-07-24 14:59:53 - [TEST_STEP][PASSED] - click: Object: 'Object Repository/Campaign_OR/Fields/f.checkbox_gender' is clicked on

2018-07-24 14:59:53 - [MESSAGE][PASSED] - Object: 'Object Repository/Campaign_OR/Fields/f.checkbox_gender' is clicked on

2018-07-24 14:59:53 - [TEST_STEP][PASSED] - verifyElementNotVisible: Object 'Object Repository/Campaign_OR/label_Male' is NOT visible

2018-07-24 14:59:53 - [MESSAGE][PASSED] - Object 'Object Repository/Campaign_OR/label_Male' is NOT visible

2018-07-24 14:59:53 - [TEST_STEP][PASSED] - verifyElementNotVisible: Object 'Object Repository/Campaign_OR/label_Female' is NOT visible

2018-07-24 14:59:53 - [MESSAGE][PASSED] - Object 'Object Repository/Campaign_OR/label_Female' is NOT visible

2018-07-24 14:59:53 - [TEST_STEP][PASSED] - Statement - verifyDOB = false: null

2018-07-24 14:59:53 - [TEST_STEP][PASSED] - Statement - If (radioDOB.toLowerCase() == "true"): null

2018-07-24 14:59:53 - [TEST_STEP][PASSED] - Statement - If (verifyDOB == true): null

2018-07-24 14:59:53 - [TEST_STEP][PASSED] - Statement - Else If (verifyDOB == false): Object 'Object Repository/Campaign_OR/input_datepicker' is NOT visible

2018-07-24 14:59:53 - [TEST_STEP][PASSED] - Statement - If (com.kms.katalon.core.webui.keyword.WebUiBuiltInKeywords.verifyElementChecked(com.kms.katalon.core.testobject.ObjectRepository.findTestObject(Campaign_OR/Fields/g.checkbox_dob), 1, OPTIONAL)): Object 'Object Repository/Campaign_OR/input_datepicker' is NOT visible

2018-07-24 14:59:53 - [MESSAGE][PASSED] - Object 'Object Repository/Campaign_OR/Fields/g.checkbox_dob' is checked

2018-07-24 14:59:53 - [TEST_STEP][PASSED] - delay: Delayed 1 second(s)

2018-07-24 14:59:54 - [MESSAGE][PASSED] - Delayed 1 second(s)

2018-07-24 14:59:54 - [TEST_STEP][PASSED] - click: Object: 'Object Repository/Campaign_OR/Fields/g.checkbox_dob' is clicked on

2018-07-24 14:59:54 - [MESSAGE][PASSED] - Object: 'Object Repository/Campaign_OR/Fields/g.checkbox_dob' is clicked on

2018-07-24 14:59:54 - [TEST_STEP][PASSED] - verifyElementNotVisible: Object 'Object Repository/Campaign_OR/input_datepicker' is NOT visible

2018-07-24 14:59:54 - [MESSAGE][PASSED] - Object 'Object Repository/Campaign_OR/input_datepicker' is NOT visible

2018-07-24 14:59:54 - [TEST_STEP][PASSED] - Statement - filepath = "": null

2018-07-24 14:59:54 - [TEST_STEP][PASSED] - Statement - If (os == "Windows"): null

2018-07-24 14:59:54 - [TEST_STEP][PASSED] - Statement - filepath = campaignImagePath: null

2018-07-24 14:59:54 - [TEST_STEP][PASSED] - Statement - verifyImgName = "": null

2018-07-24 14:59:54 - [TEST_STEP][PASSED] - Statement - uploadedImg = false: null

2018-07-24 14:59:54 - [TEST_STEP][PASSED] - Statement - If (filepath.trim() != "" && campaignImage.trim() != ""): null

2018-07-24 14:59:54 - [TEST_STEP][PASSED] - sendKeys: Keys 'C:\Users\kl.chan\Katalon Studio\boldreward\Images\Campaign Image\starbucks copy.jpg' sent to object: 'Object Repository/Campaign_OR/Fields/h.button_campaign_image_1'

2018-07-24 14:59:54 - [MESSAGE][PASSED] - Keys 'C:\Users\kl.chan\Katalon Studio\boldreward\Images\Campaign Image\starbucks copy.jpg' sent to object: 'Object Repository/Campaign_OR/Fields/h.button_campaign_image_1'

2018-07-24 14:59:54 - [TEST_STEP][PASSED] - delay: Delayed 1 second(s)

2018-07-24 14:59:55 - [MESSAGE][PASSED] - Delayed 1 second(s)

2018-07-24 14:59:55 - [TEST_STEP][PASSED] - Statement - If (com.kms.katalon.core.webui.keyword.WebUiBuiltInKeywords.waitForElementVisible(com.kms.katalon.core.testobject.ObjectRepository.findTestObject(Campaign_OR/uploadedCampaignImg), 30)): null

2018-07-24 14:59:55 - [MESSAGE][PASSED] - Object 'Object Repository/Campaign_OR/uploadedCampaignImg' is visible

2018-07-24 14:59:55 - [TEST_STEP][PASSED] - Statement - verifyImgName = com.kms.katalon.core.webui.keyword.WebUiBuiltInKeywords.getText(com.kms.katalon.core.testobject.ObjectRepository.findTestObject(Campaign_OR/uploadedCampaignImg)): Text of object 'Object Repository/Campaign_OR/uploadedCampaignImg' is: 'starbucks copy.jpg'

2018-07-24 14:59:55 - [MESSAGE][PASSED] - Text of object 'Object Repository/Campaign_OR/uploadedCampaignImg' is: 'starbucks copy.jpg'

2018-07-24 14:59:55 - [TEST_STEP][PASSED] - Statement - If (verifyImgName.equals(campaignImage) == true): null

2018-07-24 14:59:55 - [TEST_STEP][PASSED] - Statement - uploadedImg = true: null

2018-07-24 14:59:55 - [TEST_STEP][PASSED] - setText: Text 'http://www.starbucks.com.my/' is set on object 'Object Repository/Campaign_OR/Fields/i.k.input_tnc'

2018-07-24 14:59:56 - [MESSAGE][PASSED] - Text 'http://www.starbucks.com.my/' is set on object 'Object Repository/Campaign_OR/Fields/i.k.input_tnc'

2018-07-24 14:59:56 - [TEST_STEP][PASSED] - setText: Text 'kl.chanScQr@macrokiosk.com' is set on object 'Object Repository/Campaign_OR/Fields/j.input_sender'

2018-07-24 14:59:56 - [MESSAGE][PASSED] - Text 'kl.chanScQr@macrokiosk.com' is set on object 'Object Repository/Campaign_OR/Fields/j.input_sender'

2018-07-24 14:59:56 - [TEST_STEP][PASSED] - setText: Text 'Starbucks Reserve @ SITScQr' is set on object 'Object Repository/Campaign_OR/Fields/k.input_subject'

2018-07-24 14:59:56 - [MESSAGE][PASSED] - Text 'Starbucks Reserve @ SITScQr' is set on object 'Object Repository/Campaign_OR/Fields/k.input_subject'

2018-07-24 14:59:56 - [TEST_STEP][PASSED] - setText: Text 'Hello User, Welcome to our Starbucks Reserve @ SIT. Come subscribe with us and redeem more rewards.ScQr' is set on object 'Object Repository/Campaign_OR/Fields/l.textarea_content'

2018-07-24 14:59:57 - [MESSAGE][PASSED] - Text 'Hello User, Welcome to our Starbucks Reserve @ SIT. Come subscribe with us and redeem more rewards.ScQr' is set on object 'Object Repository/Campaign_OR/Fields/l.textarea_content'

2018-07-24 14:59:57 - [TEST_STEP][PASSED] - Statement - filepath = "": null

2018-07-24 14:59:57 - [TEST_STEP][PASSED] - Statement - If (os == "Windows"): null

2018-07-24 14:59:57 - [TEST_STEP][PASSED] - Statement - filepath = companyLogoPath: null

2018-07-24 14:59:57 - [TEST_STEP][PASSED] - Statement - verifyImgName = "": null

2018-07-24 14:59:57 - [TEST_STEP][PASSED] - Statement - uploadedImg = false: null

2018-07-24 14:59:57 - [TEST_STEP][PASSED] - Statement - reuploadCount = 0: null

2018-07-24 14:59:57 - [TEST_STEP][PASSED] - Statement - If (filepath.trim() != "" && companyLogo.trim() != ""): null

2018-07-24 14:59:57 - [TEST_STEP][PASSED] - sendKeys: Keys 'C:\Users\kl.chan\Katalon Studio\boldreward\Images\Company Logo\starbucks logo.jpg' sent to object: 'Object Repository/Campaign_OR/Fields/m.button_company_logo_1'

2018-07-24 14:59:57 - [MESSAGE][PASSED] - Keys 'C:\Users\kl.chan\Katalon Studio\boldreward\Images\Company Logo\starbucks logo.jpg' sent to object: 'Object Repository/Campaign_OR/Fields/m.button_company_logo_1'

2018-07-24 14:59:57 - [TEST_STEP][PASSED] - delay: Delayed 1 second(s)

2018-07-24 14:59:58 - [MESSAGE][PASSED] - Delayed 1 second(s)

2018-07-24 14:59:58 - [TEST_STEP][PASSED] - Statement - If (com.kms.katalon.core.webui.keyword.WebUiBuiltInKeywords.waitForElementVisible(com.kms.katalon.core.testobject.ObjectRepository.findTestObject(Campaign_OR/uploadedCompanyLogo), 30)): null

2018-07-24 14:59:58 - [MESSAGE][PASSED] - Object 'Object Repository/Campaign_OR/uploadedCompanyLogo' is visible

2018-07-24 14:59:58 - [TEST_STEP][PASSED] - Statement - verifyImgName = com.kms.katalon.core.webui.keyword.WebUiBuiltInKeywords.getText(com.kms.katalon.core.testobject.ObjectRepository.findTestObject(Campaign_OR/uploadedCompanyLogo)): Text of object 'Object Repository/Campaign_OR/uploadedCompanyLogo' is: 'starbucks logo.jpg'

2018-07-24 14:59:58 - [MESSAGE][PASSED] - Text of object 'Object Repository/Campaign_OR/uploadedCompanyLogo' is: 'starbucks logo.jpg'

2018-07-24 14:59:58 - [TEST_STEP][PASSED] - Statement - If (verifyImgName.equals(companyLogo) == true): null

2018-07-24 14:59:58 - [TEST_STEP][PASSED] - Statement - uploadedImg = true: null

2018-07-24 14:59:58 - [TEST_STEP][PASSED] - Statement - If (rewardCode == true): null

2018-07-24 14:59:58 - [TEST_STEP][PASSED] - Statement - Else If (rewardCode == false): Object: 'Object Repository/Campaign_OR/Fields/n.label_No' is clicked on

2018-07-24 14:59:58 - [TEST_STEP][PASSED] - click: Object: 'Object Repository/Campaign_OR/Fields/n.label_No' is clicked on

2018-07-24 14:59:58 - [MESSAGE][PASSED] - Object: 'Object Repository/Campaign_OR/Fields/n.label_No' is clicked on

2018-07-24 14:59:58 - [TEST_STEP][PASSED] - verifyElementChecked: Object 'Object Repository/Campaign_OR/Fields/radio_No' is checked

2018-07-24 14:59:58 - [MESSAGE][PASSED] - Object 'Object Repository/Campaign_OR/Fields/radio_No' is checked

2018-07-24 14:59:58 - [TEST_STEP][PASSED] - verifyElementChecked: Object 'Object Repository/Campaign_OR/Fields/radio_Yes' is not checked

2018-07-24 14:59:58 - [MESSAGE][WARNING] - Object 'Object Repository/Campaign_OR/Fields/radio_Yes' is not checked
[[ATTACHMENT|C:\\Users\\kl.chan\\Katalon Studio\\boldreward\\Reports\\TS_Create_Campaign\\TS002 Edit Campaign with negative testing\\20180724_145748\\1532415598488.png]]

2018-07-24 14:59:58 - [TEST_STEP][PASSED] - click: Object: 'Object Repository/Campaign_OR/button_Save' is clicked on

2018-07-24 14:59:58 - [MESSAGE][PASSED] - Object: 'Object Repository/Campaign_OR/button_Save' is clicked on

2018-07-24 14:59:58 - [TEST_STEP][PASSED] - delay: Delayed 2 second(s)

2018-07-24 15:00:00 - [MESSAGE][PASSED] - Delayed 2 second(s)

2018-07-24 15:00:00 - [MESSAGE][PASSED] - Call Test Case 'Test Cases/Merchant Portal/Campaign/Campagin Modules/create campaign' successfully

2018-07-24 15:00:00 - [TEST_STEP][PASSED] - Statement - updateFailed = false: null

2018-07-24 15:00:00 - [TEST_STEP][PASSED] - Statement - If (com.kms.katalon.core.webui.keyword.WebUiBuiltInKeywords.waitForElementVisible(com.kms.katalon.core.testobject.ObjectRepository.findTestObject(a.Not_Assigned_OR/alert_msg_top), 3)): null

2018-07-24 15:00:00 - [MESSAGE][PASSED] - Object 'Object Repository/a.Not_Assigned_OR/alert_msg_top' is visible

2018-07-24 15:00:00 - [TEST_STEP][PASSED] - Statement - verifyPopoutMsg = com.kms.katalon.core.webui.keyword.WebUiBuiltInKeywords.getText(com.kms.katalon.core.testobject.ObjectRepository.findTestObject(a.Not_Assigned_OR/alert_msg_top)): Text of object 'Object Repository/a.Not_Assigned_OR/alert_msg_top' is: 'Oops! Invalid inputs, please try again.'

2018-07-24 15:00:00 - [MESSAGE][PASSED] - Text of object 'Object Repository/a.Not_Assigned_OR/alert_msg_top' is: 'Oops! Invalid inputs, please try again.'

2018-07-24 15:00:00 - [TEST_STEP][PASSED] - Statement - If (verifyPopoutMsg.equals(msgServer) == true): null

2018-07-24 15:00:00 - [TEST_STEP][PASSED] - Statement - updateFailed = true: null

2018-07-24 15:00:00 - [TEST_STEP][PASSED] - Statement - updateSuccess = false: null

2018-07-24 15:00:00 - [TEST_STEP][PASSED] - Statement - If (com.kms.katalon.core.webui.keyword.WebUiBuiltInKeywords.waitForElementVisible(com.kms.katalon.core.testobject.ObjectRepository.findTestObject(Campaign_OR/Error Message/msg_edit_success), 3)): Web element with id: 'Object Repository/Campaign_OR/Error Message/msg_edit_success' located by 'By.xpath: id("errorMessage")/p[@class="error-block"]' not found

2018-07-24 15:00:03 - [MESSAGE][WARNING] - Web element with id: 'Object Repository/Campaign_OR/Error Message/msg_edit_success' located by 'By.xpath: id("errorMessage")/p[@class="error-block"]' not found

2018-07-24 15:00:03 - [TEST_STEP][PASSED] - Statement - createSuccess = false: null

2018-07-24 15:00:03 - [TEST_STEP][PASSED] - Statement - If (com.kms.katalon.core.webui.keyword.WebUiBuiltInKeywords.waitForElementVisible(com.kms.katalon.core.testobject.ObjectRepository.findTestObject(Home_OR/label_home), 3)): Web element with id: 'Object Repository/Home_OR/label_home' located by 'By.xpath: id("wrapper")/div[@class="content-page"]/div[@class="content"]/div[@class="ng-scope"]/div[@class="ng-scope"]/div[@class="page-heading"]/h1[1][count(. | //h1[(text() = ' Home' or . = ' Home')]) = count(//h1[(text() = ' Home' or . = ' Home')])]' not found

2018-07-24 15:00:07 - [MESSAGE][WARNING] - Web element with id: 'Object Repository/Home_OR/label_home' located by 'By.xpath: id("wrapper")/div[@class="content-page"]/div[@class="content"]/div[@class="ng-scope"]/div[@class="ng-scope"]/div[@class="page-heading"]/h1[1][count(. | //h1[(text() = ' Home' or . = ' Home')]) = count(//h1[(text() = ' Home' or . = ' Home')])]' not found

2018-07-24 15:00:07 - [TEST_STEP][PASSED] - Statement - If (updateSuccess == true): null

2018-07-24 15:00:07 - [TEST_STEP][PASSED] - Statement - Else If (updateFailed == true): null

2018-07-24 15:00:07 - [TEST_STEP][PASSED] - Statement - verifyError = false: null

2018-07-24 15:00:07 - [TEST_STEP][PASSED] - Statement - If (companyName.trim() == ""): null

2018-07-24 15:00:07 - [TEST_STEP][PASSED] - Statement - If (campaignInstruc.trim() == ""): null

2018-07-24 15:00:07 - [TEST_STEP][PASSED] - verifyElementVisible: Object 'Object Repository/Campaign_OR/Error Message/msg_campaign_instruction' is visible

2018-07-24 15:00:07 - [MESSAGE][PASSED] - Object 'Object Repository/Campaign_OR/Error Message/msg_campaign_instruction' is visible

2018-07-24 15:00:07 - [TEST_STEP][PASSED] - Statement - verifyEmptyCampaignInstruc = com.kms.katalon.core.webui.keyword.WebUiBuiltInKeywords.getText(com.kms.katalon.core.testobject.ObjectRepository.findTestObject(Campaign_OR/Error Message/msg_campaign_instruction)): Text of object 'Object Repository/Campaign_OR/Error Message/msg_campaign_instruction' is: 'Please complete this field.'

2018-07-24 15:00:07 - [MESSAGE][PASSED] - Text of object 'Object Repository/Campaign_OR/Error Message/msg_campaign_instruction' is: 'Please complete this field.'

2018-07-24 15:00:07 - [TEST_STEP][PASSED] - verifyMatch: Actual text 'Please complete this field.' and expected text 'Please complete this field.' are matched  using regular expression

2018-07-24 15:00:07 - [MESSAGE][PASSED] - Actual text 'Please complete this field.' and expected text 'Please complete this field.' are matched  using regular expression

2018-07-24 15:00:07 - [TEST_STEP][PASSED] - Statement - verifyError = true: null

2018-07-24 15:00:07 - [TEST_STEP][PASSED] - Statement - If (radioEmail.toLowerCase() == "false"): null

2018-07-24 15:00:07 - [TEST_STEP][PASSED] - Statement - campaignImgName = com.kms.katalon.core.webui.keyword.WebUiBuiltInKeywords.getText(com.kms.katalon.core.testobject.ObjectRepository.findTestObject(Campaign_OR/uploadedCampaignImg)): Text of object 'Object Repository/Campaign_OR/uploadedCampaignImg' is: 'starbucks copy.jpg'

2018-07-24 15:00:07 - [MESSAGE][PASSED] - Text of object 'Object Repository/Campaign_OR/uploadedCampaignImg' is: 'starbucks copy.jpg'

2018-07-24 15:00:07 - [TEST_STEP][PASSED] - Statement - If (campaignImgName == ""): null

2018-07-24 15:00:07 - [TEST_STEP][PASSED] - Statement - If (emailSender.trim() == ""): null

2018-07-24 15:00:07 - [TEST_STEP][PASSED] - Statement - If (emailSubject.trim() == ""): null

2018-07-24 15:00:07 - [TEST_STEP][PASSED] - Statement - If (emailContent.trim() == ""): null

2018-07-24 15:00:07 - [TEST_STEP][PASSED] - Statement - companyLogoName = com.kms.katalon.core.webui.keyword.WebUiBuiltInKeywords.getText(com.kms.katalon.core.testobject.ObjectRepository.findTestObject(Campaign_OR/uploadedCompanyLogo)): Text of object 'Object Repository/Campaign_OR/uploadedCompanyLogo' is: 'starbucks logo.jpg'

2018-07-24 15:00:07 - [MESSAGE][PASSED] - Text of object 'Object Repository/Campaign_OR/uploadedCompanyLogo' is: 'starbucks logo.jpg'

2018-07-24 15:00:07 - [TEST_STEP][PASSED] - Statement - If (companyLogoName == ""): null

2018-07-24 15:00:07 - [TEST_STEP][PASSED] - Statement - If (com.kms.katalon.core.webui.keyword.WebUiBuiltInKeywords.waitForElementVisible(com.kms.katalon.core.testobject.ObjectRepository.findTestObject(Campaign_OR/Error Message/msg_cpgn_image2), 2)): Web element with id: 'Object Repository/Campaign_OR/Error Message/msg_cpgn_image2' located by 'By.xpath: id("campaignImage")/p[@class="error-block ng-binding"][count(. | //p[@class = 'error-block ng-binding' and @ng-hide = 'CC.errorImage == 200 || CC.errorImage == undefined']) = count(//p[@class = 'error-block ng-binding' and @ng-hide = 'CC.errorImage == 200 || CC.errorImage == undefined'])]' not found

2018-07-24 15:00:09 - [MESSAGE][WARNING] - Web element with id: 'Object Repository/Campaign_OR/Error Message/msg_cpgn_image2' located by 'By.xpath: id("campaignImage")/p[@class="error-block ng-binding"][count(. | //p[@class = 'error-block ng-binding' and @ng-hide = 'CC.errorImage == 200 || CC.errorImage == undefined']) = count(//p[@class = 'error-block ng-binding' and @ng-hide = 'CC.errorImage == 200 || CC.errorImage == undefined'])]' not found

2018-07-24 15:00:09 - [TEST_STEP][PASSED] - Statement - If (com.kms.katalon.core.webui.keyword.WebUiBuiltInKeywords.waitForElementVisible(com.kms.katalon.core.testobject.ObjectRepository.findTestObject(Campaign_OR/Error Message/msg_TCURL), 2)): Web element with id: 'Object Repository/Campaign_OR/Error Message/msg_TCURL' located by 'By.xpath: id("wrapper")/div[@class="content-page"]/div[@class="content"]/div[@class="ng-scope"]/div[@class="row ng-scope"]/div[@class="col-md-7"]/div[@class="widget"]/div[@class="widget-content padding"]/div[@class="form-horizontal"]/div[@class="form-group"]/div[@id="tncUrl"]/p[@class="error-block"][count(. | //p[(text() = 'Invalid format, please follow as http://wwww.example.com' or . = 'Invalid format, please follow as http://wwww.example.com')]) = count(//p[(text() = 'Invalid format, please follow as http://wwww.example.com' or . = 'Invalid format, please follow as http://wwww.example.com')])]' not found

2018-07-24 15:00:11 - [MESSAGE][WARNING] - Web element with id: 'Object Repository/Campaign_OR/Error Message/msg_TCURL' located by 'By.xpath: id("wrapper")/div[@class="content-page"]/div[@class="content"]/div[@class="ng-scope"]/div[@class="row ng-scope"]/div[@class="col-md-7"]/div[@class="widget"]/div[@class="widget-content padding"]/div[@class="form-horizontal"]/div[@class="form-group"]/div[@id="tncUrl"]/p[@class="error-block"][count(. | //p[(text() = 'Invalid format, please follow as http://wwww.example.com' or . = 'Invalid format, please follow as http://wwww.example.com')]) = count(//p[(text() = 'Invalid format, please follow as http://wwww.example.com' or . = 'Invalid format, please follow as http://wwww.example.com')])]' not found

2018-07-24 15:00:11 - [TEST_STEP][PASSED] - Statement - If (emailSender.trim() != ""): Web element with id: 'Object Repository/Campaign_OR/Error Message/msg_sender' located by 'By.xpath: id("emailSender")/p[@class="error-block"]' not found

2018-07-24 15:00:11 - [TEST_STEP][PASSED] - Statement - If (com.kms.katalon.core.webui.keyword.WebUiBuiltInKeywords.waitForElementVisible(com.kms.katalon.core.testobject.ObjectRepository.findTestObject(Campaign_OR/Error Message/msg_sender), 2)): Web element with id: 'Object Repository/Campaign_OR/Error Message/msg_sender' located by 'By.xpath: id("emailSender")/p[@class="error-block"]' not found

2018-07-24 15:00:13 - [MESSAGE][WARNING] - Web element with id: 'Object Repository/Campaign_OR/Error Message/msg_sender' located by 'By.xpath: id("emailSender")/p[@class="error-block"]' not found

2018-07-24 15:00:13 - [TEST_STEP][PASSED] - Statement - If (com.kms.katalon.core.webui.keyword.WebUiBuiltInKeywords.waitForElementVisible(com.kms.katalon.core.testobject.ObjectRepository.findTestObject(Campaign_OR/Error Message/msg_company_logo), 2)): Web element with id: 'Object Repository/Campaign_OR/Error Message/msg_company_logo' located by 'By.xpath: id("companyLogo")/p[@class="error-block ng-binding"][count(. | //p[@class = 'error-block ng-binding' and @ng-hide = 'CC.errorLogo == 200 || CC.errorLogo == undefined']) = count(//p[@class = 'error-block ng-binding' and @ng-hide = 'CC.errorLogo == 200 || CC.errorLogo == undefined'])]' not found

2018-07-24 15:00:15 - [MESSAGE][WARNING] - Web element with id: 'Object Repository/Campaign_OR/Error Message/msg_company_logo' located by 'By.xpath: id("companyLogo")/p[@class="error-block ng-binding"][count(. | //p[@class = 'error-block ng-binding' and @ng-hide = 'CC.errorLogo == 200 || CC.errorLogo == undefined']) = count(//p[@class = 'error-block ng-binding' and @ng-hide = 'CC.errorLogo == 200 || CC.errorLogo == undefined'])]' not found

2018-07-24 15:00:15 - [TEST_STEP][PASSED] - refresh: Refresh successfully

2018-07-24 15:00:16 - [MESSAGE][PASSED] - Refresh successfully

2018-07-24 15:00:16 - [TEST_STEP][PASSED] - Statement - If (verifyError == false): null]]></system-out>
         <system-err><![CDATA[]]></system-err>
      </testcase>
      <testcase name="Test Cases/Merchant Portal/Campaign/TC001 Campaign - verify all case" classname="Test Cases/Merchant Portal/Campaign/TC001 Campaign - verify all case" status="PASSED">
         <system-out><![CDATA[2018-07-24 15:00:16 - [TEST_CASE][PASSED] - Test Cases/Merchant Portal/Campaign/TC001 Campaign - verify all case: Test Cases/Merchant Portal/Campaign/TC001 Campaign - verify all case

2018-07-24 15:00:16 - [TEST_STEP][PASSED] - Statement - randomWords = CustomKeywords.randomWords.GenerateNumber.randomString(4): randomWords.GenerateNumber.randomString is PASSED

2018-07-24 15:00:16 - [MESSAGE][PASSED] - randomWords.GenerateNumber.randomString is PASSED

2018-07-24 15:00:16 - [TEST_STEP][PASSED] - Statement - If (companyName.trim() != ""): null

2018-07-24 15:00:16 - [TEST_STEP][PASSED] - Statement - companyName = companyName + randomWords: null

2018-07-24 15:00:16 - [TEST_STEP][PASSED] - Statement - If (campaignInstruc.trim() != ""): null

2018-07-24 15:00:16 - [TEST_STEP][PASSED] - Statement - campaignInstruc = campaignInstruc + randomWords: null

2018-07-24 15:00:16 - [TEST_STEP][PASSED] - Statement - If (emailSender.trim() != ""): null

2018-07-24 15:00:16 - [TEST_STEP][PASSED] - Statement - email = emailSender: null

2018-07-24 15:00:16 - [TEST_STEP][PASSED] - Statement - splitEmail = email.split("@"): null

2018-07-24 15:00:16 - [TEST_STEP][PASSED] - Statement - numb = length: null

2018-07-24 15:00:16 - [TEST_STEP][PASSED] - Statement - If (numb > 1): null

2018-07-24 15:00:16 - [TEST_STEP][PASSED] - Statement - emailSender = splitEmail[0] + randomWords + "@" + splitEmail[1]: null

2018-07-24 15:00:16 - [TEST_STEP][PASSED] - Statement - If (emailSubject.trim() != ""): null

2018-07-24 15:00:16 - [TEST_STEP][PASSED] - Statement - emailSubject = emailSubject + randomWords: null

2018-07-24 15:00:16 - [TEST_STEP][PASSED] - Statement - If (emailContent.trim() != ""): null

2018-07-24 15:00:16 - [TEST_STEP][PASSED] - Statement - emailContent = emailContent + randomWords: null

2018-07-24 15:00:16 - [TEST_STEP][PASSED] - callTestCase: Call Test Case 'Test Cases/Merchant Portal/Campaign/Campagin Modules/create campaign' successfully

2018-07-24 15:00:16 - [TEST_CASE][PASSED] - Test Cases/Merchant Portal/Campaign/Campagin Modules/create campaign: Test Cases/Merchant Portal/Campaign/Campagin Modules/create campaign

2018-07-24 15:00:17 - [TEST_STEP][PASSED] - Statement - osName = "": null

2018-07-24 15:00:17 - [TEST_STEP][PASSED] - Statement - osName = CustomKeywords.os.DetectOS.getOperatingSystem(osName): os.DetectOS.getOperatingSystem is PASSED

2018-07-24 15:00:17 - [MESSAGE][PASSED] - os.DetectOS.getOperatingSystem is PASSED

2018-07-24 15:00:17 - [TEST_STEP][PASSED] - Statement - splitString = osName.split(): null

2018-07-24 15:00:17 - [TEST_STEP][PASSED] - Statement - os = splitString[0].toString(): null

2018-07-24 15:00:17 - [TEST_STEP][PASSED] - Statement - If (loggedin == false): null

2018-07-24 15:00:17 - [TEST_STEP][PASSED] - Statement - If (accessModule == false): null

2018-07-24 15:00:17 - [TEST_STEP][PASSED] - delay: Delayed 5 second(s)

2018-07-24 15:00:22 - [MESSAGE][PASSED] - Delayed 5 second(s)

2018-07-24 15:00:22 - [TEST_STEP][PASSED] - setText: Text 'Starbucks Reserve LtdlvIz' is set on object 'Object Repository/Campaign_OR/Fields/a.input_company_name'

2018-07-24 15:00:22 - [MESSAGE][PASSED] - Text 'Starbucks Reserve LtdlvIz' is set on object 'Object Repository/Campaign_OR/Fields/a.input_company_name'

2018-07-24 15:00:22 - [TEST_STEP][PASSED] - setText: Text 'Please subscribe with us and redeem a free coffee. Come join us now!lvIz' is set on object 'Object Repository/Campaign_OR/Fields/b.textarea_campaign_instruction'

2018-07-24 15:00:22 - [MESSAGE][PASSED] - Text 'Please subscribe with us and redeem a free coffee. Come join us now!lvIz' is set on object 'Object Repository/Campaign_OR/Fields/b.textarea_campaign_instruction'

2018-07-24 15:00:22 - [TEST_STEP][PASSED] - Statement - verifyEmail = false: null

2018-07-24 15:00:22 - [TEST_STEP][PASSED] - Statement - If (radioEmail.toLowerCase() == "true"): null

2018-07-24 15:00:22 - [TEST_STEP][PASSED] - Statement - If (verifyEmail == true): null

2018-07-24 15:00:22 - [TEST_STEP][PASSED] - Statement - Else If (verifyEmail == false): Object 'Object Repository/Campaign_OR/input_email' is NOT visible

2018-07-24 15:00:22 - [TEST_STEP][PASSED] - Statement - If (com.kms.katalon.core.webui.keyword.WebUiBuiltInKeywords.verifyElementChecked(com.kms.katalon.core.testobject.ObjectRepository.findTestObject(Campaign_OR/Fields/c.checkbox_email), 1, OPTIONAL)): Object 'Object Repository/Campaign_OR/input_email' is NOT visible

2018-07-24 15:00:22 - [MESSAGE][PASSED] - Object 'Object Repository/Campaign_OR/Fields/c.checkbox_email' is checked

2018-07-24 15:00:22 - [TEST_STEP][PASSED] - delay: Delayed 1 second(s)

2018-07-24 15:00:23 - [MESSAGE][PASSED] - Delayed 1 second(s)

2018-07-24 15:00:23 - [TEST_STEP][PASSED] - click: Object: 'Object Repository/Campaign_OR/Fields/c.checkbox_email' is clicked on

2018-07-24 15:00:24 - [MESSAGE][PASSED] - Object: 'Object Repository/Campaign_OR/Fields/c.checkbox_email' is clicked on

2018-07-24 15:00:24 - [TEST_STEP][PASSED] - verifyElementNotVisible: Object 'Object Repository/Campaign_OR/input_email' is NOT visible

2018-07-24 15:00:24 - [MESSAGE][PASSED] - Object 'Object Repository/Campaign_OR/input_email' is NOT visible

2018-07-24 15:00:24 - [TEST_STEP][PASSED] - Statement - verifyMobileno = false: null

2018-07-24 15:00:24 - [TEST_STEP][PASSED] - Statement - If (radioMobileno.toLowerCase() == "true"): null

2018-07-24 15:00:24 - [TEST_STEP][PASSED] - Statement - If (verifyMobileno == true): null

2018-07-24 15:00:24 - [TEST_STEP][PASSED] - Statement - Else If (verifyMobileno == false): Object 'Object Repository/Campaign_OR/input_mobileno' is NOT visible

2018-07-24 15:00:24 - [TEST_STEP][PASSED] - Statement - If (com.kms.katalon.core.webui.keyword.WebUiBuiltInKeywords.verifyElementChecked(com.kms.katalon.core.testobject.ObjectRepository.findTestObject(Campaign_OR/Fields/d.checkbox_mobile_number), 1, OPTIONAL)): Object 'Object Repository/Campaign_OR/input_mobileno' is NOT visible

2018-07-24 15:00:24 - [MESSAGE][PASSED] - Object 'Object Repository/Campaign_OR/Fields/d.checkbox_mobile_number' is checked

2018-07-24 15:00:24 - [TEST_STEP][PASSED] - delay: Delayed 1 second(s)

2018-07-24 15:00:25 - [MESSAGE][PASSED] - Delayed 1 second(s)

2018-07-24 15:00:25 - [TEST_STEP][PASSED] - click: Object: 'Object Repository/Campaign_OR/Fields/d.checkbox_mobile_number' is clicked on

2018-07-24 15:00:25 - [MESSAGE][PASSED] - Object: 'Object Repository/Campaign_OR/Fields/d.checkbox_mobile_number' is clicked on

2018-07-24 15:00:25 - [TEST_STEP][PASSED] - verifyElementNotVisible: Object 'Object Repository/Campaign_OR/input_mobileno' is NOT visible

2018-07-24 15:00:25 - [MESSAGE][PASSED] - Object 'Object Repository/Campaign_OR/input_mobileno' is NOT visible

2018-07-24 15:00:25 - [TEST_STEP][PASSED] - Statement - verifyName = false: null

2018-07-24 15:00:25 - [TEST_STEP][PASSED] - Statement - If (radioName.toLowerCase() == "true"): null

2018-07-24 15:00:25 - [TEST_STEP][PASSED] - Statement - If (verifyName == true): null

2018-07-24 15:00:25 - [TEST_STEP][PASSED] - Statement - Else If (verifyName == false): Object 'Object Repository/Campaign_OR/input_name' is NOT visible

2018-07-24 15:00:25 - [TEST_STEP][PASSED] - Statement - If (com.kms.katalon.core.webui.keyword.WebUiBuiltInKeywords.verifyElementChecked(com.kms.katalon.core.testobject.ObjectRepository.findTestObject(Campaign_OR/Fields/e.checkbox_name), 1, OPTIONAL)): Object 'Object Repository/Campaign_OR/input_name' is NOT visible

2018-07-24 15:00:25 - [MESSAGE][PASSED] - Object 'Object Repository/Campaign_OR/Fields/e.checkbox_name' is checked

2018-07-24 15:00:25 - [TEST_STEP][PASSED] - delay: Delayed 1 second(s)

2018-07-24 15:00:26 - [MESSAGE][PASSED] - Delayed 1 second(s)

2018-07-24 15:00:26 - [TEST_STEP][PASSED] - click: Object: 'Object Repository/Campaign_OR/Fields/e.checkbox_name' is clicked on

2018-07-24 15:00:26 - [MESSAGE][PASSED] - Object: 'Object Repository/Campaign_OR/Fields/e.checkbox_name' is clicked on

2018-07-24 15:00:26 - [TEST_STEP][PASSED] - verifyElementNotVisible: Object 'Object Repository/Campaign_OR/input_name' is NOT visible

2018-07-24 15:00:26 - [MESSAGE][PASSED] - Object 'Object Repository/Campaign_OR/input_name' is NOT visible

2018-07-24 15:00:26 - [TEST_STEP][PASSED] - Statement - verifyGender = false: null

2018-07-24 15:00:26 - [TEST_STEP][PASSED] - Statement - If (radioGender.toLowerCase() == "true"): null

2018-07-24 15:00:26 - [TEST_STEP][PASSED] - Statement - If (verifyGender == true): null

2018-07-24 15:00:26 - [TEST_STEP][PASSED] - Statement - Else If (verifyGender == false): Object 'Object Repository/Campaign_OR/label_Female' is NOT visible

2018-07-24 15:00:26 - [TEST_STEP][PASSED] - Statement - If (com.kms.katalon.core.webui.keyword.WebUiBuiltInKeywords.verifyElementChecked(com.kms.katalon.core.testobject.ObjectRepository.findTestObject(Campaign_OR/Fields/f.checkbox_gender), 1, OPTIONAL)): Object 'Object Repository/Campaign_OR/label_Female' is NOT visible

2018-07-24 15:00:26 - [MESSAGE][PASSED] - Object 'Object Repository/Campaign_OR/Fields/f.checkbox_gender' is checked

2018-07-24 15:00:26 - [TEST_STEP][PASSED] - delay: Delayed 1 second(s)

2018-07-24 15:00:27 - [MESSAGE][PASSED] - Delayed 1 second(s)

2018-07-24 15:00:27 - [TEST_STEP][PASSED] - click: Object: 'Object Repository/Campaign_OR/Fields/f.checkbox_gender' is clicked on

2018-07-24 15:00:27 - [MESSAGE][PASSED] - Object: 'Object Repository/Campaign_OR/Fields/f.checkbox_gender' is clicked on

2018-07-24 15:00:27 - [TEST_STEP][PASSED] - verifyElementNotVisible: Object 'Object Repository/Campaign_OR/label_Male' is NOT visible

2018-07-24 15:00:27 - [MESSAGE][PASSED] - Object 'Object Repository/Campaign_OR/label_Male' is NOT visible

2018-07-24 15:00:27 - [TEST_STEP][PASSED] - verifyElementNotVisible: Object 'Object Repository/Campaign_OR/label_Female' is NOT visible

2018-07-24 15:00:27 - [MESSAGE][PASSED] - Object 'Object Repository/Campaign_OR/label_Female' is NOT visible

2018-07-24 15:00:27 - [TEST_STEP][PASSED] - Statement - verifyDOB = false: null

2018-07-24 15:00:27 - [TEST_STEP][PASSED] - Statement - If (radioDOB.toLowerCase() == "true"): null

2018-07-24 15:00:27 - [TEST_STEP][PASSED] - Statement - If (verifyDOB == true): null

2018-07-24 15:00:27 - [TEST_STEP][PASSED] - Statement - Else If (verifyDOB == false): Object 'Object Repository/Campaign_OR/input_datepicker' is NOT visible

2018-07-24 15:00:27 - [TEST_STEP][PASSED] - Statement - If (com.kms.katalon.core.webui.keyword.WebUiBuiltInKeywords.verifyElementChecked(com.kms.katalon.core.testobject.ObjectRepository.findTestObject(Campaign_OR/Fields/g.checkbox_dob), 1, OPTIONAL)): Object 'Object Repository/Campaign_OR/input_datepicker' is NOT visible

2018-07-24 15:00:27 - [MESSAGE][PASSED] - Object 'Object Repository/Campaign_OR/Fields/g.checkbox_dob' is checked

2018-07-24 15:00:27 - [TEST_STEP][PASSED] - delay: Delayed 1 second(s)

2018-07-24 15:00:28 - [MESSAGE][PASSED] - Delayed 1 second(s)

2018-07-24 15:00:28 - [TEST_STEP][PASSED] - click: Object: 'Object Repository/Campaign_OR/Fields/g.checkbox_dob' is clicked on

2018-07-24 15:00:28 - [MESSAGE][PASSED] - Object: 'Object Repository/Campaign_OR/Fields/g.checkbox_dob' is clicked on

2018-07-24 15:00:28 - [TEST_STEP][PASSED] - verifyElementNotVisible: Object 'Object Repository/Campaign_OR/input_datepicker' is NOT visible

2018-07-24 15:00:28 - [MESSAGE][PASSED] - Object 'Object Repository/Campaign_OR/input_datepicker' is NOT visible

2018-07-24 15:00:28 - [TEST_STEP][PASSED] - Statement - filepath = "": null

2018-07-24 15:00:28 - [TEST_STEP][PASSED] - Statement - If (os == "Windows"): null

2018-07-24 15:00:28 - [TEST_STEP][PASSED] - Statement - filepath = campaignImagePath: null

2018-07-24 15:00:28 - [TEST_STEP][PASSED] - Statement - verifyImgName = "": null

2018-07-24 15:00:28 - [TEST_STEP][PASSED] - Statement - uploadedImg = false: null

2018-07-24 15:00:28 - [TEST_STEP][PASSED] - Statement - If (filepath.trim() != "" && campaignImage.trim() != ""): null

2018-07-24 15:00:28 - [TEST_STEP][PASSED] - sendKeys: Keys 'C:\Users\kl.chan\Katalon Studio\boldreward\Images\Campaign Image\starbucks copy.jpg' sent to object: 'Object Repository/Campaign_OR/Fields/h.button_campaign_image_1'

2018-07-24 15:00:28 - [MESSAGE][PASSED] - Keys 'C:\Users\kl.chan\Katalon Studio\boldreward\Images\Campaign Image\starbucks copy.jpg' sent to object: 'Object Repository/Campaign_OR/Fields/h.button_campaign_image_1'

2018-07-24 15:00:28 - [TEST_STEP][PASSED] - delay: Delayed 1 second(s)

2018-07-24 15:00:29 - [MESSAGE][PASSED] - Delayed 1 second(s)

2018-07-24 15:00:29 - [TEST_STEP][PASSED] - Statement - If (com.kms.katalon.core.webui.keyword.WebUiBuiltInKeywords.waitForElementVisible(com.kms.katalon.core.testobject.ObjectRepository.findTestObject(Campaign_OR/uploadedCampaignImg), 30)): null

2018-07-24 15:00:29 - [MESSAGE][PASSED] - Object 'Object Repository/Campaign_OR/uploadedCampaignImg' is visible

2018-07-24 15:00:29 - [TEST_STEP][PASSED] - Statement - verifyImgName = com.kms.katalon.core.webui.keyword.WebUiBuiltInKeywords.getText(com.kms.katalon.core.testobject.ObjectRepository.findTestObject(Campaign_OR/uploadedCampaignImg)): Text of object 'Object Repository/Campaign_OR/uploadedCampaignImg' is: 'starbucks copy.jpg'

2018-07-24 15:00:29 - [MESSAGE][PASSED] - Text of object 'Object Repository/Campaign_OR/uploadedCampaignImg' is: 'starbucks copy.jpg'

2018-07-24 15:00:29 - [TEST_STEP][PASSED] - Statement - If (verifyImgName.equals(campaignImage) == true): null

2018-07-24 15:00:29 - [TEST_STEP][PASSED] - Statement - uploadedImg = true: null

2018-07-24 15:00:29 - [TEST_STEP][PASSED] - setText: Text 'http://www.starbucks.com.my/' is set on object 'Object Repository/Campaign_OR/Fields/i.k.input_tnc'

2018-07-24 15:00:30 - [MESSAGE][PASSED] - Text 'http://www.starbucks.com.my/' is set on object 'Object Repository/Campaign_OR/Fields/i.k.input_tnc'

2018-07-24 15:00:30 - [TEST_STEP][PASSED] - setText: Text 'kl.chanlvIz@macrokiosk.com' is set on object 'Object Repository/Campaign_OR/Fields/j.input_sender'

2018-07-24 15:00:30 - [MESSAGE][PASSED] - Text 'kl.chanlvIz@macrokiosk.com' is set on object 'Object Repository/Campaign_OR/Fields/j.input_sender'

2018-07-24 15:00:30 - [TEST_STEP][PASSED] - setText: Text 'Starbucks Reserve @ SITlvIz' is set on object 'Object Repository/Campaign_OR/Fields/k.input_subject'

2018-07-24 15:00:30 - [MESSAGE][PASSED] - Text 'Starbucks Reserve @ SITlvIz' is set on object 'Object Repository/Campaign_OR/Fields/k.input_subject'

2018-07-24 15:00:30 - [TEST_STEP][PASSED] - setText: Text 'Hello User, Welcome to our Starbucks Reserve @ SIT. Come subscribe with us and redeem more rewards.lvIz' is set on object 'Object Repository/Campaign_OR/Fields/l.textarea_content'

2018-07-24 15:00:31 - [MESSAGE][PASSED] - Text 'Hello User, Welcome to our Starbucks Reserve @ SIT. Come subscribe with us and redeem more rewards.lvIz' is set on object 'Object Repository/Campaign_OR/Fields/l.textarea_content'

2018-07-24 15:00:31 - [TEST_STEP][PASSED] - Statement - filepath = "": null

2018-07-24 15:00:31 - [TEST_STEP][PASSED] - Statement - If (os == "Windows"): null

2018-07-24 15:00:31 - [TEST_STEP][PASSED] - Statement - filepath = companyLogoPath: null

2018-07-24 15:00:31 - [TEST_STEP][PASSED] - Statement - verifyImgName = "": null

2018-07-24 15:00:31 - [TEST_STEP][PASSED] - Statement - uploadedImg = false: null

2018-07-24 15:00:31 - [TEST_STEP][PASSED] - Statement - reuploadCount = 0: null

2018-07-24 15:00:31 - [TEST_STEP][PASSED] - Statement - If (filepath.trim() != "" && companyLogo.trim() != ""): null

2018-07-24 15:00:31 - [TEST_STEP][PASSED] - sendKeys: Keys 'C:\Users\kl.chan\Katalon Studio\boldreward\Images\Company Logo\starbucks logo.jpg' sent to object: 'Object Repository/Campaign_OR/Fields/m.button_company_logo_1'

2018-07-24 15:00:31 - [MESSAGE][PASSED] - Keys 'C:\Users\kl.chan\Katalon Studio\boldreward\Images\Company Logo\starbucks logo.jpg' sent to object: 'Object Repository/Campaign_OR/Fields/m.button_company_logo_1'

2018-07-24 15:00:31 - [TEST_STEP][PASSED] - delay: Delayed 1 second(s)

2018-07-24 15:00:32 - [MESSAGE][PASSED] - Delayed 1 second(s)

2018-07-24 15:00:32 - [TEST_STEP][PASSED] - Statement - If (com.kms.katalon.core.webui.keyword.WebUiBuiltInKeywords.waitForElementVisible(com.kms.katalon.core.testobject.ObjectRepository.findTestObject(Campaign_OR/uploadedCompanyLogo), 30)): null

2018-07-24 15:00:32 - [MESSAGE][PASSED] - Object 'Object Repository/Campaign_OR/uploadedCompanyLogo' is visible

2018-07-24 15:00:32 - [TEST_STEP][PASSED] - Statement - verifyImgName = com.kms.katalon.core.webui.keyword.WebUiBuiltInKeywords.getText(com.kms.katalon.core.testobject.ObjectRepository.findTestObject(Campaign_OR/uploadedCompanyLogo)): Text of object 'Object Repository/Campaign_OR/uploadedCompanyLogo' is: 'starbucks logo.jpg'

2018-07-24 15:00:32 - [MESSAGE][PASSED] - Text of object 'Object Repository/Campaign_OR/uploadedCompanyLogo' is: 'starbucks logo.jpg'

2018-07-24 15:00:32 - [TEST_STEP][PASSED] - Statement - If (verifyImgName.equals(companyLogo) == true): null

2018-07-24 15:00:32 - [TEST_STEP][PASSED] - Statement - uploadedImg = true: null

2018-07-24 15:00:32 - [TEST_STEP][PASSED] - Statement - If (rewardCode == true): null

2018-07-24 15:00:32 - [TEST_STEP][PASSED] - Statement - Else If (rewardCode == false): Object: 'Object Repository/Campaign_OR/Fields/n.label_No' is clicked on

2018-07-24 15:00:32 - [TEST_STEP][PASSED] - click: Object: 'Object Repository/Campaign_OR/Fields/n.label_No' is clicked on

2018-07-24 15:00:32 - [MESSAGE][PASSED] - Object: 'Object Repository/Campaign_OR/Fields/n.label_No' is clicked on

2018-07-24 15:00:32 - [TEST_STEP][PASSED] - verifyElementChecked: Object 'Object Repository/Campaign_OR/Fields/radio_No' is checked

2018-07-24 15:00:32 - [MESSAGE][PASSED] - Object 'Object Repository/Campaign_OR/Fields/radio_No' is checked

2018-07-24 15:00:32 - [TEST_STEP][PASSED] - verifyElementChecked: Object 'Object Repository/Campaign_OR/Fields/radio_Yes' is not checked

2018-07-24 15:00:32 - [MESSAGE][WARNING] - Object 'Object Repository/Campaign_OR/Fields/radio_Yes' is not checked
[[ATTACHMENT|C:\\Users\\kl.chan\\Katalon Studio\\boldreward\\Reports\\TS_Create_Campaign\\TS002 Edit Campaign with negative testing\\20180724_145748\\1532415632678.png]]

2018-07-24 15:00:32 - [TEST_STEP][PASSED] - click: Object: 'Object Repository/Campaign_OR/button_Save' is clicked on

2018-07-24 15:00:33 - [MESSAGE][PASSED] - Object: 'Object Repository/Campaign_OR/button_Save' is clicked on

2018-07-24 15:00:33 - [TEST_STEP][PASSED] - delay: Delayed 2 second(s)

2018-07-24 15:00:35 - [MESSAGE][PASSED] - Delayed 2 second(s)

2018-07-24 15:00:35 - [MESSAGE][PASSED] - Call Test Case 'Test Cases/Merchant Portal/Campaign/Campagin Modules/create campaign' successfully

2018-07-24 15:00:35 - [TEST_STEP][PASSED] - Statement - updateFailed = false: null

2018-07-24 15:00:35 - [TEST_STEP][PASSED] - Statement - If (com.kms.katalon.core.webui.keyword.WebUiBuiltInKeywords.waitForElementVisible(com.kms.katalon.core.testobject.ObjectRepository.findTestObject(a.Not_Assigned_OR/alert_msg_top), 3)): null

2018-07-24 15:00:35 - [MESSAGE][PASSED] - Object 'Object Repository/a.Not_Assigned_OR/alert_msg_top' is visible

2018-07-24 15:00:35 - [TEST_STEP][PASSED] - Statement - verifyPopoutMsg = com.kms.katalon.core.webui.keyword.WebUiBuiltInKeywords.getText(com.kms.katalon.core.testobject.ObjectRepository.findTestObject(a.Not_Assigned_OR/alert_msg_top)): Text of object 'Object Repository/a.Not_Assigned_OR/alert_msg_top' is: 'Oops! Invalid inputs, please try again.'

2018-07-24 15:00:35 - [MESSAGE][PASSED] - Text of object 'Object Repository/a.Not_Assigned_OR/alert_msg_top' is: 'Oops! Invalid inputs, please try again.'

2018-07-24 15:00:35 - [TEST_STEP][PASSED] - Statement - If (verifyPopoutMsg.equals(msgServer) == true): null

2018-07-24 15:00:35 - [TEST_STEP][PASSED] - Statement - updateFailed = true: null

2018-07-24 15:00:35 - [TEST_STEP][PASSED] - Statement - updateSuccess = false: null

2018-07-24 15:00:35 - [TEST_STEP][PASSED] - Statement - If (com.kms.katalon.core.webui.keyword.WebUiBuiltInKeywords.waitForElementVisible(com.kms.katalon.core.testobject.ObjectRepository.findTestObject(Campaign_OR/Error Message/msg_edit_success), 3)): Web element with id: 'Object Repository/Campaign_OR/Error Message/msg_edit_success' located by 'By.xpath: id("errorMessage")/p[@class="error-block"]' not found

2018-07-24 15:00:38 - [MESSAGE][WARNING] - Web element with id: 'Object Repository/Campaign_OR/Error Message/msg_edit_success' located by 'By.xpath: id("errorMessage")/p[@class="error-block"]' not found

2018-07-24 15:00:38 - [TEST_STEP][PASSED] - Statement - createSuccess = false: null

2018-07-24 15:00:38 - [TEST_STEP][PASSED] - Statement - If (com.kms.katalon.core.webui.keyword.WebUiBuiltInKeywords.waitForElementVisible(com.kms.katalon.core.testobject.ObjectRepository.findTestObject(Home_OR/label_home), 3)): Web element with id: 'Object Repository/Home_OR/label_home' located by 'By.xpath: id("wrapper")/div[@class="content-page"]/div[@class="content"]/div[@class="ng-scope"]/div[@class="ng-scope"]/div[@class="page-heading"]/h1[1][count(. | //h1[(text() = ' Home' or . = ' Home')]) = count(//h1[(text() = ' Home' or . = ' Home')])]' not found

2018-07-24 15:00:41 - [MESSAGE][WARNING] - Web element with id: 'Object Repository/Home_OR/label_home' located by 'By.xpath: id("wrapper")/div[@class="content-page"]/div[@class="content"]/div[@class="ng-scope"]/div[@class="ng-scope"]/div[@class="page-heading"]/h1[1][count(. | //h1[(text() = ' Home' or . = ' Home')]) = count(//h1[(text() = ' Home' or . = ' Home')])]' not found

2018-07-24 15:00:41 - [TEST_STEP][PASSED] - Statement - If (updateSuccess == true): null

2018-07-24 15:00:41 - [TEST_STEP][PASSED] - Statement - Else If (updateFailed == true): null

2018-07-24 15:00:41 - [TEST_STEP][PASSED] - Statement - verifyError = false: null

2018-07-24 15:00:41 - [TEST_STEP][PASSED] - Statement - If (companyName.trim() == ""): null

2018-07-24 15:00:41 - [TEST_STEP][PASSED] - Statement - If (campaignInstruc.trim() == ""): null

2018-07-24 15:00:41 - [TEST_STEP][PASSED] - Statement - If (radioEmail.toLowerCase() == "false"): null

2018-07-24 15:00:41 - [TEST_STEP][PASSED] - verifyElementNotChecked: Object 'Object Repository/Campaign_OR/Fields/c.checkbox_email' is not checked

2018-07-24 15:00:41 - [MESSAGE][PASSED] - Object 'Object Repository/Campaign_OR/Fields/c.checkbox_email' is not checked

2018-07-24 15:00:41 - [TEST_STEP][PASSED] - verifyElementVisible: Object 'Object Repository/Campaign_OR/Error Message/msg_radio_email' is visible

2018-07-24 15:00:41 - [MESSAGE][PASSED] - Object 'Object Repository/Campaign_OR/Error Message/msg_radio_email' is visible

2018-07-24 15:00:41 - [TEST_STEP][PASSED] - Statement - verifyEmptyRadioEmail = com.kms.katalon.core.webui.keyword.WebUiBuiltInKeywords.getText(com.kms.katalon.core.testobject.ObjectRepository.findTestObject(Campaign_OR/Error Message/msg_radio_email)): Text of object 'Object Repository/Campaign_OR/Error Message/msg_radio_email' is: 'Please select Email as it is mandatory field'

2018-07-24 15:00:41 - [MESSAGE][PASSED] - Text of object 'Object Repository/Campaign_OR/Error Message/msg_radio_email' is: 'Please select Email as it is mandatory field'

2018-07-24 15:00:41 - [TEST_STEP][PASSED] - verifyMatch: Actual text 'Please select Email as it is mandatory field' and expected text 'Please select Email as it is mandatory field' are matched  using regular expression

2018-07-24 15:00:41 - [MESSAGE][PASSED] - Actual text 'Please select Email as it is mandatory field' and expected text 'Please select Email as it is mandatory field' are matched  using regular expression

2018-07-24 15:00:41 - [TEST_STEP][PASSED] - Statement - verifyError = true: null

2018-07-24 15:00:41 - [TEST_STEP][PASSED] - Statement - campaignImgName = com.kms.katalon.core.webui.keyword.WebUiBuiltInKeywords.getText(com.kms.katalon.core.testobject.ObjectRepository.findTestObject(Campaign_OR/uploadedCampaignImg)): Text of object 'Object Repository/Campaign_OR/uploadedCampaignImg' is: 'starbucks copy.jpg'

2018-07-24 15:00:41 - [MESSAGE][PASSED] - Text of object 'Object Repository/Campaign_OR/uploadedCampaignImg' is: 'starbucks copy.jpg'

2018-07-24 15:00:41 - [TEST_STEP][PASSED] - Statement - If (campaignImgName == ""): null

2018-07-24 15:00:41 - [TEST_STEP][PASSED] - Statement - If (emailSender.trim() == ""): null

2018-07-24 15:00:41 - [TEST_STEP][PASSED] - Statement - If (emailSubject.trim() == ""): null

2018-07-24 15:00:41 - [TEST_STEP][PASSED] - Statement - If (emailContent.trim() == ""): null

2018-07-24 15:00:41 - [TEST_STEP][PASSED] - Statement - companyLogoName = com.kms.katalon.core.webui.keyword.WebUiBuiltInKeywords.getText(com.kms.katalon.core.testobject.ObjectRepository.findTestObject(Campaign_OR/uploadedCompanyLogo)): Text of object 'Object Repository/Campaign_OR/uploadedCompanyLogo' is: 'starbucks logo.jpg'

2018-07-24 15:00:41 - [MESSAGE][PASSED] - Text of object 'Object Repository/Campaign_OR/uploadedCompanyLogo' is: 'starbucks logo.jpg'

2018-07-24 15:00:41 - [TEST_STEP][PASSED] - Statement - If (companyLogoName == ""): null

2018-07-24 15:00:41 - [TEST_STEP][PASSED] - Statement - If (com.kms.katalon.core.webui.keyword.WebUiBuiltInKeywords.waitForElementVisible(com.kms.katalon.core.testobject.ObjectRepository.findTestObject(Campaign_OR/Error Message/msg_cpgn_image2), 2)): Web element with id: 'Object Repository/Campaign_OR/Error Message/msg_cpgn_image2' located by 'By.xpath: id("campaignImage")/p[@class="error-block ng-binding"][count(. | //p[@class = 'error-block ng-binding' and @ng-hide = 'CC.errorImage == 200 || CC.errorImage == undefined']) = count(//p[@class = 'error-block ng-binding' and @ng-hide = 'CC.errorImage == 200 || CC.errorImage == undefined'])]' not found

2018-07-24 15:00:43 - [MESSAGE][WARNING] - Web element with id: 'Object Repository/Campaign_OR/Error Message/msg_cpgn_image2' located by 'By.xpath: id("campaignImage")/p[@class="error-block ng-binding"][count(. | //p[@class = 'error-block ng-binding' and @ng-hide = 'CC.errorImage == 200 || CC.errorImage == undefined']) = count(//p[@class = 'error-block ng-binding' and @ng-hide = 'CC.errorImage == 200 || CC.errorImage == undefined'])]' not found

2018-07-24 15:00:43 - [TEST_STEP][PASSED] - Statement - If (com.kms.katalon.core.webui.keyword.WebUiBuiltInKeywords.waitForElementVisible(com.kms.katalon.core.testobject.ObjectRepository.findTestObject(Campaign_OR/Error Message/msg_TCURL), 2)): Web element with id: 'Object Repository/Campaign_OR/Error Message/msg_TCURL' located by 'By.xpath: id("wrapper")/div[@class="content-page"]/div[@class="content"]/div[@class="ng-scope"]/div[@class="row ng-scope"]/div[@class="col-md-7"]/div[@class="widget"]/div[@class="widget-content padding"]/div[@class="form-horizontal"]/div[@class="form-group"]/div[@id="tncUrl"]/p[@class="error-block"][count(. | //p[(text() = 'Invalid format, please follow as http://wwww.example.com' or . = 'Invalid format, please follow as http://wwww.example.com')]) = count(//p[(text() = 'Invalid format, please follow as http://wwww.example.com' or . = 'Invalid format, please follow as http://wwww.example.com')])]' not found

2018-07-24 15:00:45 - [MESSAGE][WARNING] - Web element with id: 'Object Repository/Campaign_OR/Error Message/msg_TCURL' located by 'By.xpath: id("wrapper")/div[@class="content-page"]/div[@class="content"]/div[@class="ng-scope"]/div[@class="row ng-scope"]/div[@class="col-md-7"]/div[@class="widget"]/div[@class="widget-content padding"]/div[@class="form-horizontal"]/div[@class="form-group"]/div[@id="tncUrl"]/p[@class="error-block"][count(. | //p[(text() = 'Invalid format, please follow as http://wwww.example.com' or . = 'Invalid format, please follow as http://wwww.example.com')]) = count(//p[(text() = 'Invalid format, please follow as http://wwww.example.com' or . = 'Invalid format, please follow as http://wwww.example.com')])]' not found

2018-07-24 15:00:45 - [TEST_STEP][PASSED] - Statement - If (emailSender.trim() != ""): Web element with id: 'Object Repository/Campaign_OR/Error Message/msg_sender' located by 'By.xpath: id("emailSender")/p[@class="error-block"]' not found

2018-07-24 15:00:45 - [TEST_STEP][PASSED] - Statement - If (com.kms.katalon.core.webui.keyword.WebUiBuiltInKeywords.waitForElementVisible(com.kms.katalon.core.testobject.ObjectRepository.findTestObject(Campaign_OR/Error Message/msg_sender), 2)): Web element with id: 'Object Repository/Campaign_OR/Error Message/msg_sender' located by 'By.xpath: id("emailSender")/p[@class="error-block"]' not found

2018-07-24 15:00:47 - [MESSAGE][WARNING] - Web element with id: 'Object Repository/Campaign_OR/Error Message/msg_sender' located by 'By.xpath: id("emailSender")/p[@class="error-block"]' not found

2018-07-24 15:00:47 - [TEST_STEP][PASSED] - Statement - If (com.kms.katalon.core.webui.keyword.WebUiBuiltInKeywords.waitForElementVisible(com.kms.katalon.core.testobject.ObjectRepository.findTestObject(Campaign_OR/Error Message/msg_company_logo), 2)): Web element with id: 'Object Repository/Campaign_OR/Error Message/msg_company_logo' located by 'By.xpath: id("companyLogo")/p[@class="error-block ng-binding"][count(. | //p[@class = 'error-block ng-binding' and @ng-hide = 'CC.errorLogo == 200 || CC.errorLogo == undefined']) = count(//p[@class = 'error-block ng-binding' and @ng-hide = 'CC.errorLogo == 200 || CC.errorLogo == undefined'])]' not found

2018-07-24 15:00:49 - [MESSAGE][WARNING] - Web element with id: 'Object Repository/Campaign_OR/Error Message/msg_company_logo' located by 'By.xpath: id("companyLogo")/p[@class="error-block ng-binding"][count(. | //p[@class = 'error-block ng-binding' and @ng-hide = 'CC.errorLogo == 200 || CC.errorLogo == undefined']) = count(//p[@class = 'error-block ng-binding' and @ng-hide = 'CC.errorLogo == 200 || CC.errorLogo == undefined'])]' not found

2018-07-24 15:00:49 - [TEST_STEP][PASSED] - refresh: Refresh successfully

2018-07-24 15:00:50 - [MESSAGE][PASSED] - Refresh successfully

2018-07-24 15:00:50 - [TEST_STEP][PASSED] - Statement - If (verifyError == false): null]]></system-out>
         <system-err><![CDATA[]]></system-err>
      </testcase>
      <testcase name="Test Cases/Merchant Portal/Campaign/TC001 Campaign - verify all case" classname="Test Cases/Merchant Portal/Campaign/TC001 Campaign - verify all case" status="PASSED">
         <system-out><![CDATA[2018-07-24 15:00:50 - [TEST_CASE][PASSED] - Test Cases/Merchant Portal/Campaign/TC001 Campaign - verify all case: Test Cases/Merchant Portal/Campaign/TC001 Campaign - verify all case

2018-07-24 15:00:50 - [TEST_STEP][PASSED] - Statement - randomWords = CustomKeywords.randomWords.GenerateNumber.randomString(4): randomWords.GenerateNumber.randomString is PASSED

2018-07-24 15:00:50 - [MESSAGE][PASSED] - randomWords.GenerateNumber.randomString is PASSED

2018-07-24 15:00:50 - [TEST_STEP][PASSED] - Statement - If (companyName.trim() != ""): null

2018-07-24 15:00:50 - [TEST_STEP][PASSED] - Statement - companyName = companyName + randomWords: null

2018-07-24 15:00:50 - [TEST_STEP][PASSED] - Statement - If (campaignInstruc.trim() != ""): null

2018-07-24 15:00:50 - [TEST_STEP][PASSED] - Statement - campaignInstruc = campaignInstruc + randomWords: null

2018-07-24 15:00:50 - [TEST_STEP][PASSED] - Statement - If (emailSender.trim() != ""): null

2018-07-24 15:00:50 - [TEST_STEP][PASSED] - Statement - If (emailSubject.trim() != ""): null

2018-07-24 15:00:50 - [TEST_STEP][PASSED] - Statement - emailSubject = emailSubject + randomWords: null

2018-07-24 15:00:50 - [TEST_STEP][PASSED] - Statement - If (emailContent.trim() != ""): null

2018-07-24 15:00:50 - [TEST_STEP][PASSED] - Statement - emailContent = emailContent + randomWords: null

2018-07-24 15:00:50 - [TEST_STEP][PASSED] - callTestCase: Call Test Case 'Test Cases/Merchant Portal/Campaign/Campagin Modules/create campaign' successfully

2018-07-24 15:00:50 - [TEST_CASE][PASSED] - Test Cases/Merchant Portal/Campaign/Campagin Modules/create campaign: Test Cases/Merchant Portal/Campaign/Campagin Modules/create campaign

2018-07-24 15:00:50 - [TEST_STEP][PASSED] - Statement - osName = "": null

2018-07-24 15:00:50 - [TEST_STEP][PASSED] - Statement - osName = CustomKeywords.os.DetectOS.getOperatingSystem(osName): os.DetectOS.getOperatingSystem is PASSED

2018-07-24 15:00:50 - [MESSAGE][PASSED] - os.DetectOS.getOperatingSystem is PASSED

2018-07-24 15:00:50 - [TEST_STEP][PASSED] - Statement - splitString = osName.split(): null

2018-07-24 15:00:50 - [TEST_STEP][PASSED] - Statement - os = splitString[0].toString(): null

2018-07-24 15:00:50 - [TEST_STEP][PASSED] - Statement - If (loggedin == false): null

2018-07-24 15:00:50 - [TEST_STEP][PASSED] - Statement - If (accessModule == false): null

2018-07-24 15:00:50 - [TEST_STEP][PASSED] - delay: Delayed 5 second(s)

2018-07-24 15:00:55 - [MESSAGE][PASSED] - Delayed 5 second(s)

2018-07-24 15:00:55 - [TEST_STEP][PASSED] - setText: Text 'Starbucks Reserve LtdWlDR' is set on object 'Object Repository/Campaign_OR/Fields/a.input_company_name'

2018-07-24 15:00:55 - [MESSAGE][PASSED] - Text 'Starbucks Reserve LtdWlDR' is set on object 'Object Repository/Campaign_OR/Fields/a.input_company_name'

2018-07-24 15:00:55 - [TEST_STEP][PASSED] - setText: Text 'Please subscribe with us and redeem a free coffee. Come join us now!WlDR' is set on object 'Object Repository/Campaign_OR/Fields/b.textarea_campaign_instruction'

2018-07-24 15:00:56 - [MESSAGE][PASSED] - Text 'Please subscribe with us and redeem a free coffee. Come join us now!WlDR' is set on object 'Object Repository/Campaign_OR/Fields/b.textarea_campaign_instruction'

2018-07-24 15:00:56 - [TEST_STEP][PASSED] - Statement - verifyEmail = false: null

2018-07-24 15:00:56 - [TEST_STEP][PASSED] - Statement - If (radioEmail.toLowerCase() == "true"): null

2018-07-24 15:00:56 - [TEST_STEP][PASSED] - Statement - verifyEmail = true: null

2018-07-24 15:00:56 - [TEST_STEP][PASSED] - Statement - If (verifyEmail == true): Object 'Object Repository/Campaign_OR/input_email' is visible

2018-07-24 15:00:56 - [TEST_STEP][PASSED] - Statement - If (com.kms.katalon.core.webui.keyword.WebUiBuiltInKeywords.verifyElementNotChecked(com.kms.katalon.core.testobject.ObjectRepository.findTestObject(Campaign_OR/Fields/c.checkbox_email), 1, OPTIONAL)): Object 'Object Repository/Campaign_OR/Fields/c.checkbox_email' is checked

2018-07-24 15:00:56 - [MESSAGE][WARNING] - Object 'Object Repository/Campaign_OR/Fields/c.checkbox_email' is checked
[[ATTACHMENT|C:\\Users\\kl.chan\\Katalon Studio\\boldreward\\Reports\\TS_Create_Campaign\\TS002 Edit Campaign with negative testing\\20180724_145748\\1532415656588.png]]

2018-07-24 15:00:56 - [TEST_STEP][PASSED] - Statement - Else: Object 'Object Repository/Campaign_OR/input_email' is visible

2018-07-24 15:00:56 - [TEST_STEP][PASSED] - verifyElementVisible: Object 'Object Repository/Campaign_OR/input_email' is visible

2018-07-24 15:00:56 - [MESSAGE][PASSED] - Object 'Object Repository/Campaign_OR/input_email' is visible

2018-07-24 15:00:56 - [TEST_STEP][PASSED] - Statement - verifyMobileno = false: null

2018-07-24 15:00:56 - [TEST_STEP][PASSED] - Statement - If (radioMobileno.toLowerCase() == "true"): null

2018-07-24 15:00:56 - [TEST_STEP][PASSED] - Statement - If (verifyMobileno == true): null

2018-07-24 15:00:56 - [TEST_STEP][PASSED] - Statement - Else If (verifyMobileno == false): Object 'Object Repository/Campaign_OR/input_mobileno' is NOT visible

2018-07-24 15:00:56 - [TEST_STEP][PASSED] - Statement - If (com.kms.katalon.core.webui.keyword.WebUiBuiltInKeywords.verifyElementChecked(com.kms.katalon.core.testobject.ObjectRepository.findTestObject(Campaign_OR/Fields/d.checkbox_mobile_number), 1, OPTIONAL)): Object 'Object Repository/Campaign_OR/input_mobileno' is NOT visible

2018-07-24 15:00:56 - [MESSAGE][PASSED] - Object 'Object Repository/Campaign_OR/Fields/d.checkbox_mobile_number' is checked

2018-07-24 15:00:56 - [TEST_STEP][PASSED] - delay: Delayed 1 second(s)

2018-07-24 15:00:57 - [MESSAGE][PASSED] - Delayed 1 second(s)

2018-07-24 15:00:57 - [TEST_STEP][PASSED] - click: Object: 'Object Repository/Campaign_OR/Fields/d.checkbox_mobile_number' is clicked on

2018-07-24 15:00:58 - [MESSAGE][PASSED] - Object: 'Object Repository/Campaign_OR/Fields/d.checkbox_mobile_number' is clicked on

2018-07-24 15:00:58 - [TEST_STEP][PASSED] - verifyElementNotVisible: Object 'Object Repository/Campaign_OR/input_mobileno' is NOT visible

2018-07-24 15:00:58 - [MESSAGE][PASSED] - Object 'Object Repository/Campaign_OR/input_mobileno' is NOT visible

2018-07-24 15:00:58 - [TEST_STEP][PASSED] - Statement - verifyName = false: null

2018-07-24 15:00:58 - [TEST_STEP][PASSED] - Statement - If (radioName.toLowerCase() == "true"): null

2018-07-24 15:00:58 - [TEST_STEP][PASSED] - Statement - If (verifyName == true): null

2018-07-24 15:00:58 - [TEST_STEP][PASSED] - Statement - Else If (verifyName == false): Object 'Object Repository/Campaign_OR/input_name' is NOT visible

2018-07-24 15:00:58 - [TEST_STEP][PASSED] - Statement - If (com.kms.katalon.core.webui.keyword.WebUiBuiltInKeywords.verifyElementChecked(com.kms.katalon.core.testobject.ObjectRepository.findTestObject(Campaign_OR/Fields/e.checkbox_name), 1, OPTIONAL)): Object 'Object Repository/Campaign_OR/input_name' is NOT visible

2018-07-24 15:00:58 - [MESSAGE][PASSED] - Object 'Object Repository/Campaign_OR/Fields/e.checkbox_name' is checked

2018-07-24 15:00:58 - [TEST_STEP][PASSED] - delay: Delayed 1 second(s)

2018-07-24 15:00:59 - [MESSAGE][PASSED] - Delayed 1 second(s)

2018-07-24 15:00:59 - [TEST_STEP][PASSED] - click: Object: 'Object Repository/Campaign_OR/Fields/e.checkbox_name' is clicked on

2018-07-24 15:00:59 - [MESSAGE][PASSED] - Object: 'Object Repository/Campaign_OR/Fields/e.checkbox_name' is clicked on

2018-07-24 15:00:59 - [TEST_STEP][PASSED] - verifyElementNotVisible: Object 'Object Repository/Campaign_OR/input_name' is NOT visible

2018-07-24 15:00:59 - [MESSAGE][PASSED] - Object 'Object Repository/Campaign_OR/input_name' is NOT visible

2018-07-24 15:00:59 - [TEST_STEP][PASSED] - Statement - verifyGender = false: null

2018-07-24 15:00:59 - [TEST_STEP][PASSED] - Statement - If (radioGender.toLowerCase() == "true"): null

2018-07-24 15:00:59 - [TEST_STEP][PASSED] - Statement - If (verifyGender == true): null

2018-07-24 15:00:59 - [TEST_STEP][PASSED] - Statement - Else If (verifyGender == false): Object 'Object Repository/Campaign_OR/label_Female' is NOT visible

2018-07-24 15:00:59 - [TEST_STEP][PASSED] - Statement - If (com.kms.katalon.core.webui.keyword.WebUiBuiltInKeywords.verifyElementChecked(com.kms.katalon.core.testobject.ObjectRepository.findTestObject(Campaign_OR/Fields/f.checkbox_gender), 1, OPTIONAL)): Object 'Object Repository/Campaign_OR/label_Female' is NOT visible

2018-07-24 15:00:59 - [MESSAGE][PASSED] - Object 'Object Repository/Campaign_OR/Fields/f.checkbox_gender' is checked

2018-07-24 15:00:59 - [TEST_STEP][PASSED] - delay: Delayed 1 second(s)

2018-07-24 15:01:00 - [MESSAGE][PASSED] - Delayed 1 second(s)

2018-07-24 15:01:00 - [TEST_STEP][PASSED] - click: Object: 'Object Repository/Campaign_OR/Fields/f.checkbox_gender' is clicked on

2018-07-24 15:01:00 - [MESSAGE][PASSED] - Object: 'Object Repository/Campaign_OR/Fields/f.checkbox_gender' is clicked on

2018-07-24 15:01:00 - [TEST_STEP][PASSED] - verifyElementNotVisible: Object 'Object Repository/Campaign_OR/label_Male' is NOT visible

2018-07-24 15:01:00 - [MESSAGE][PASSED] - Object 'Object Repository/Campaign_OR/label_Male' is NOT visible

2018-07-24 15:01:00 - [TEST_STEP][PASSED] - verifyElementNotVisible: Object 'Object Repository/Campaign_OR/label_Female' is NOT visible

2018-07-24 15:01:00 - [MESSAGE][PASSED] - Object 'Object Repository/Campaign_OR/label_Female' is NOT visible

2018-07-24 15:01:00 - [TEST_STEP][PASSED] - Statement - verifyDOB = false: null

2018-07-24 15:01:00 - [TEST_STEP][PASSED] - Statement - If (radioDOB.toLowerCase() == "true"): null

2018-07-24 15:01:00 - [TEST_STEP][PASSED] - Statement - If (verifyDOB == true): null

2018-07-24 15:01:00 - [TEST_STEP][PASSED] - Statement - Else If (verifyDOB == false): Object 'Object Repository/Campaign_OR/input_datepicker' is NOT visible

2018-07-24 15:01:00 - [TEST_STEP][PASSED] - Statement - If (com.kms.katalon.core.webui.keyword.WebUiBuiltInKeywords.verifyElementChecked(com.kms.katalon.core.testobject.ObjectRepository.findTestObject(Campaign_OR/Fields/g.checkbox_dob), 1, OPTIONAL)): Object 'Object Repository/Campaign_OR/input_datepicker' is NOT visible

2018-07-24 15:01:00 - [MESSAGE][PASSED] - Object 'Object Repository/Campaign_OR/Fields/g.checkbox_dob' is checked

2018-07-24 15:01:00 - [TEST_STEP][PASSED] - delay: Delayed 1 second(s)

2018-07-24 15:01:01 - [MESSAGE][PASSED] - Delayed 1 second(s)

2018-07-24 15:01:01 - [TEST_STEP][PASSED] - click: Object: 'Object Repository/Campaign_OR/Fields/g.checkbox_dob' is clicked on

2018-07-24 15:01:01 - [MESSAGE][PASSED] - Object: 'Object Repository/Campaign_OR/Fields/g.checkbox_dob' is clicked on

2018-07-24 15:01:01 - [TEST_STEP][PASSED] - verifyElementNotVisible: Object 'Object Repository/Campaign_OR/input_datepicker' is NOT visible

2018-07-24 15:01:01 - [MESSAGE][PASSED] - Object 'Object Repository/Campaign_OR/input_datepicker' is NOT visible

2018-07-24 15:01:01 - [TEST_STEP][PASSED] - Statement - filepath = "": null

2018-07-24 15:01:01 - [TEST_STEP][PASSED] - Statement - If (os == "Windows"): null

2018-07-24 15:01:01 - [TEST_STEP][PASSED] - Statement - filepath = campaignImagePath: null

2018-07-24 15:01:01 - [TEST_STEP][PASSED] - Statement - verifyImgName = "": null

2018-07-24 15:01:01 - [TEST_STEP][PASSED] - Statement - uploadedImg = false: null

2018-07-24 15:01:01 - [TEST_STEP][PASSED] - Statement - If (filepath.trim() != "" && campaignImage.trim() != ""): null

2018-07-24 15:01:01 - [TEST_STEP][PASSED] - sendKeys: Keys 'C:\Users\kl.chan\Katalon Studio\boldreward\Images\Campaign Image\starbucks copy.jpg' sent to object: 'Object Repository/Campaign_OR/Fields/h.button_campaign_image_1'

2018-07-24 15:01:01 - [MESSAGE][PASSED] - Keys 'C:\Users\kl.chan\Katalon Studio\boldreward\Images\Campaign Image\starbucks copy.jpg' sent to object: 'Object Repository/Campaign_OR/Fields/h.button_campaign_image_1'

2018-07-24 15:01:01 - [TEST_STEP][PASSED] - delay: Delayed 1 second(s)

2018-07-24 15:01:02 - [MESSAGE][PASSED] - Delayed 1 second(s)

2018-07-24 15:01:02 - [TEST_STEP][PASSED] - Statement - If (com.kms.katalon.core.webui.keyword.WebUiBuiltInKeywords.waitForElementVisible(com.kms.katalon.core.testobject.ObjectRepository.findTestObject(Campaign_OR/uploadedCampaignImg), 30)): null

2018-07-24 15:01:02 - [MESSAGE][PASSED] - Object 'Object Repository/Campaign_OR/uploadedCampaignImg' is visible

2018-07-24 15:01:02 - [TEST_STEP][PASSED] - Statement - verifyImgName = com.kms.katalon.core.webui.keyword.WebUiBuiltInKeywords.getText(com.kms.katalon.core.testobject.ObjectRepository.findTestObject(Campaign_OR/uploadedCampaignImg)): Text of object 'Object Repository/Campaign_OR/uploadedCampaignImg' is: 'starbucks copy.jpg'

2018-07-24 15:01:02 - [MESSAGE][PASSED] - Text of object 'Object Repository/Campaign_OR/uploadedCampaignImg' is: 'starbucks copy.jpg'

2018-07-24 15:01:02 - [TEST_STEP][PASSED] - Statement - If (verifyImgName.equals(campaignImage) == true): null

2018-07-24 15:01:02 - [TEST_STEP][PASSED] - Statement - uploadedImg = true: null

2018-07-24 15:01:02 - [TEST_STEP][PASSED] - setText: Text 'http://www.starbucks.com.my/' is set on object 'Object Repository/Campaign_OR/Fields/i.k.input_tnc'

2018-07-24 15:01:03 - [MESSAGE][PASSED] - Text 'http://www.starbucks.com.my/' is set on object 'Object Repository/Campaign_OR/Fields/i.k.input_tnc'

2018-07-24 15:01:03 - [TEST_STEP][PASSED] - setText: Text '' is set on object 'Object Repository/Campaign_OR/Fields/j.input_sender'

2018-07-24 15:01:03 - [MESSAGE][PASSED] - Text '' is set on object 'Object Repository/Campaign_OR/Fields/j.input_sender'

2018-07-24 15:01:03 - [TEST_STEP][PASSED] - setText: Text 'Starbucks Reserve @ SITWlDR' is set on object 'Object Repository/Campaign_OR/Fields/k.input_subject'

2018-07-24 15:01:04 - [MESSAGE][PASSED] - Text 'Starbucks Reserve @ SITWlDR' is set on object 'Object Repository/Campaign_OR/Fields/k.input_subject'

2018-07-24 15:01:04 - [TEST_STEP][PASSED] - setText: Text 'Hello User, Welcome to our Starbucks Reserve @ SIT. Come subscribe with us and redeem more rewards.WlDR' is set on object 'Object Repository/Campaign_OR/Fields/l.textarea_content'

2018-07-24 15:01:04 - [MESSAGE][PASSED] - Text 'Hello User, Welcome to our Starbucks Reserve @ SIT. Come subscribe with us and redeem more rewards.WlDR' is set on object 'Object Repository/Campaign_OR/Fields/l.textarea_content'

2018-07-24 15:01:04 - [TEST_STEP][PASSED] - Statement - filepath = "": null

2018-07-24 15:01:04 - [TEST_STEP][PASSED] - Statement - If (os == "Windows"): null

2018-07-24 15:01:04 - [TEST_STEP][PASSED] - Statement - filepath = companyLogoPath: null

2018-07-24 15:01:04 - [TEST_STEP][PASSED] - Statement - verifyImgName = "": null

2018-07-24 15:01:04 - [TEST_STEP][PASSED] - Statement - uploadedImg = false: null

2018-07-24 15:01:04 - [TEST_STEP][PASSED] - Statement - reuploadCount = 0: null

2018-07-24 15:01:04 - [TEST_STEP][PASSED] - Statement - If (filepath.trim() != "" && companyLogo.trim() != ""): null

2018-07-24 15:01:04 - [TEST_STEP][PASSED] - sendKeys: Keys 'C:\Users\kl.chan\Katalon Studio\boldreward\Images\Company Logo\starbucks logo.jpg' sent to object: 'Object Repository/Campaign_OR/Fields/m.button_company_logo_1'

2018-07-24 15:01:04 - [MESSAGE][PASSED] - Keys 'C:\Users\kl.chan\Katalon Studio\boldreward\Images\Company Logo\starbucks logo.jpg' sent to object: 'Object Repository/Campaign_OR/Fields/m.button_company_logo_1'

2018-07-24 15:01:04 - [TEST_STEP][PASSED] - delay: Delayed 1 second(s)

2018-07-24 15:01:05 - [MESSAGE][PASSED] - Delayed 1 second(s)

2018-07-24 15:01:05 - [TEST_STEP][PASSED] - Statement - If (com.kms.katalon.core.webui.keyword.WebUiBuiltInKeywords.waitForElementVisible(com.kms.katalon.core.testobject.ObjectRepository.findTestObject(Campaign_OR/uploadedCompanyLogo), 30)): null

2018-07-24 15:01:06 - [MESSAGE][PASSED] - Object 'Object Repository/Campaign_OR/uploadedCompanyLogo' is visible

2018-07-24 15:01:06 - [TEST_STEP][PASSED] - Statement - verifyImgName = com.kms.katalon.core.webui.keyword.WebUiBuiltInKeywords.getText(com.kms.katalon.core.testobject.ObjectRepository.findTestObject(Campaign_OR/uploadedCompanyLogo)): Text of object 'Object Repository/Campaign_OR/uploadedCompanyLogo' is: 'starbucks logo.jpg'

2018-07-24 15:01:06 - [MESSAGE][PASSED] - Text of object 'Object Repository/Campaign_OR/uploadedCompanyLogo' is: 'starbucks logo.jpg'

2018-07-24 15:01:06 - [TEST_STEP][PASSED] - Statement - If (verifyImgName.equals(companyLogo) == true): null

2018-07-24 15:01:06 - [TEST_STEP][PASSED] - Statement - uploadedImg = true: null

2018-07-24 15:01:06 - [TEST_STEP][PASSED] - Statement - If (rewardCode == true): null

2018-07-24 15:01:06 - [TEST_STEP][PASSED] - Statement - Else If (rewardCode == false): Object: 'Object Repository/Campaign_OR/Fields/n.label_No' is clicked on

2018-07-24 15:01:06 - [TEST_STEP][PASSED] - click: Object: 'Object Repository/Campaign_OR/Fields/n.label_No' is clicked on

2018-07-24 15:01:06 - [MESSAGE][PASSED] - Object: 'Object Repository/Campaign_OR/Fields/n.label_No' is clicked on

2018-07-24 15:01:06 - [TEST_STEP][PASSED] - verifyElementChecked: Object 'Object Repository/Campaign_OR/Fields/radio_No' is checked

2018-07-24 15:01:06 - [MESSAGE][PASSED] - Object 'Object Repository/Campaign_OR/Fields/radio_No' is checked

2018-07-24 15:01:06 - [TEST_STEP][PASSED] - verifyElementChecked: Object 'Object Repository/Campaign_OR/Fields/radio_Yes' is not checked

2018-07-24 15:01:06 - [MESSAGE][WARNING] - Object 'Object Repository/Campaign_OR/Fields/radio_Yes' is not checked
[[ATTACHMENT|C:\\Users\\kl.chan\\Katalon Studio\\boldreward\\Reports\\TS_Create_Campaign\\TS002 Edit Campaign with negative testing\\20180724_145748\\1532415666242.png]]

2018-07-24 15:01:06 - [TEST_STEP][PASSED] - click: Object: 'Object Repository/Campaign_OR/button_Save' is clicked on

2018-07-24 15:01:06 - [MESSAGE][PASSED] - Object: 'Object Repository/Campaign_OR/button_Save' is clicked on

2018-07-24 15:01:06 - [TEST_STEP][PASSED] - delay: Delayed 2 second(s)

2018-07-24 15:01:08 - [MESSAGE][PASSED] - Delayed 2 second(s)

2018-07-24 15:01:08 - [MESSAGE][PASSED] - Call Test Case 'Test Cases/Merchant Portal/Campaign/Campagin Modules/create campaign' successfully

2018-07-24 15:01:08 - [TEST_STEP][PASSED] - Statement - updateFailed = false: null

2018-07-24 15:01:08 - [TEST_STEP][PASSED] - Statement - If (com.kms.katalon.core.webui.keyword.WebUiBuiltInKeywords.waitForElementVisible(com.kms.katalon.core.testobject.ObjectRepository.findTestObject(a.Not_Assigned_OR/alert_msg_top), 3)): null

2018-07-24 15:01:08 - [MESSAGE][PASSED] - Object 'Object Repository/a.Not_Assigned_OR/alert_msg_top' is visible

2018-07-24 15:01:08 - [TEST_STEP][PASSED] - Statement - verifyPopoutMsg = com.kms.katalon.core.webui.keyword.WebUiBuiltInKeywords.getText(com.kms.katalon.core.testobject.ObjectRepository.findTestObject(a.Not_Assigned_OR/alert_msg_top)): Text of object 'Object Repository/a.Not_Assigned_OR/alert_msg_top' is: 'Oops! Invalid inputs, please try again.'

2018-07-24 15:01:08 - [MESSAGE][PASSED] - Text of object 'Object Repository/a.Not_Assigned_OR/alert_msg_top' is: 'Oops! Invalid inputs, please try again.'

2018-07-24 15:01:08 - [TEST_STEP][PASSED] - Statement - If (verifyPopoutMsg.equals(msgServer) == true): null

2018-07-24 15:01:08 - [TEST_STEP][PASSED] - Statement - updateFailed = true: null

2018-07-24 15:01:08 - [TEST_STEP][PASSED] - Statement - updateSuccess = false: null

2018-07-24 15:01:08 - [TEST_STEP][PASSED] - Statement - If (com.kms.katalon.core.webui.keyword.WebUiBuiltInKeywords.waitForElementVisible(com.kms.katalon.core.testobject.ObjectRepository.findTestObject(Campaign_OR/Error Message/msg_edit_success), 3)): Web element with id: 'Object Repository/Campaign_OR/Error Message/msg_edit_success' located by 'By.xpath: id("errorMessage")/p[@class="error-block"]' not found

2018-07-24 15:01:11 - [MESSAGE][WARNING] - Web element with id: 'Object Repository/Campaign_OR/Error Message/msg_edit_success' located by 'By.xpath: id("errorMessage")/p[@class="error-block"]' not found

2018-07-24 15:01:11 - [TEST_STEP][PASSED] - Statement - createSuccess = false: null

2018-07-24 15:01:11 - [TEST_STEP][PASSED] - Statement - If (com.kms.katalon.core.webui.keyword.WebUiBuiltInKeywords.waitForElementVisible(com.kms.katalon.core.testobject.ObjectRepository.findTestObject(Home_OR/label_home), 3)): Web element with id: 'Object Repository/Home_OR/label_home' located by 'By.xpath: id("wrapper")/div[@class="content-page"]/div[@class="content"]/div[@class="ng-scope"]/div[@class="ng-scope"]/div[@class="page-heading"]/h1[1][count(. | //h1[(text() = ' Home' or . = ' Home')]) = count(//h1[(text() = ' Home' or . = ' Home')])]' not found

2018-07-24 15:01:14 - [MESSAGE][WARNING] - Web element with id: 'Object Repository/Home_OR/label_home' located by 'By.xpath: id("wrapper")/div[@class="content-page"]/div[@class="content"]/div[@class="ng-scope"]/div[@class="ng-scope"]/div[@class="page-heading"]/h1[1][count(. | //h1[(text() = ' Home' or . = ' Home')]) = count(//h1[(text() = ' Home' or . = ' Home')])]' not found

2018-07-24 15:01:14 - [TEST_STEP][PASSED] - Statement - If (updateSuccess == true): null

2018-07-24 15:01:14 - [TEST_STEP][PASSED] - Statement - Else If (updateFailed == true): null

2018-07-24 15:01:14 - [TEST_STEP][PASSED] - Statement - verifyError = false: null

2018-07-24 15:01:14 - [TEST_STEP][PASSED] - Statement - If (companyName.trim() == ""): null

2018-07-24 15:01:14 - [TEST_STEP][PASSED] - Statement - If (campaignInstruc.trim() == ""): null

2018-07-24 15:01:14 - [TEST_STEP][PASSED] - Statement - If (radioEmail.toLowerCase() == "false"): null

2018-07-24 15:01:14 - [TEST_STEP][PASSED] - Statement - campaignImgName = com.kms.katalon.core.webui.keyword.WebUiBuiltInKeywords.getText(com.kms.katalon.core.testobject.ObjectRepository.findTestObject(Campaign_OR/uploadedCampaignImg)): Text of object 'Object Repository/Campaign_OR/uploadedCampaignImg' is: 'starbucks copy.jpg'

2018-07-24 15:01:14 - [MESSAGE][PASSED] - Text of object 'Object Repository/Campaign_OR/uploadedCampaignImg' is: 'starbucks copy.jpg'

2018-07-24 15:01:14 - [TEST_STEP][PASSED] - Statement - If (campaignImgName == ""): null

2018-07-24 15:01:14 - [TEST_STEP][PASSED] - Statement - If (emailSender.trim() == ""): null

2018-07-24 15:01:14 - [TEST_STEP][PASSED] - verifyElementVisible: Object 'Object Repository/Campaign_OR/Error Message/msg_sender' is visible

2018-07-24 15:01:14 - [MESSAGE][PASSED] - Object 'Object Repository/Campaign_OR/Error Message/msg_sender' is visible

2018-07-24 15:01:14 - [TEST_STEP][PASSED] - Statement - verifyEmptySender = com.kms.katalon.core.webui.keyword.WebUiBuiltInKeywords.getText(com.kms.katalon.core.testobject.ObjectRepository.findTestObject(Campaign_OR/Error Message/msg_sender)): Text of object 'Object Repository/Campaign_OR/Error Message/msg_sender' is: 'Please complete this field.'

2018-07-24 15:01:14 - [MESSAGE][PASSED] - Text of object 'Object Repository/Campaign_OR/Error Message/msg_sender' is: 'Please complete this field.'

2018-07-24 15:01:14 - [TEST_STEP][PASSED] - verifyMatch: Actual text 'Please complete this field.' and expected text 'Please complete this field.' are matched  using regular expression

2018-07-24 15:01:14 - [MESSAGE][PASSED] - Actual text 'Please complete this field.' and expected text 'Please complete this field.' are matched  using regular expression

2018-07-24 15:01:14 - [TEST_STEP][PASSED] - Statement - verifyError = true: null

2018-07-24 15:01:14 - [TEST_STEP][PASSED] - Statement - If (emailSubject.trim() == ""): null

2018-07-24 15:01:14 - [TEST_STEP][PASSED] - Statement - If (emailContent.trim() == ""): null

2018-07-24 15:01:14 - [TEST_STEP][PASSED] - Statement - companyLogoName = com.kms.katalon.core.webui.keyword.WebUiBuiltInKeywords.getText(com.kms.katalon.core.testobject.ObjectRepository.findTestObject(Campaign_OR/uploadedCompanyLogo)): Text of object 'Object Repository/Campaign_OR/uploadedCompanyLogo' is: 'starbucks logo.jpg'

2018-07-24 15:01:14 - [MESSAGE][PASSED] - Text of object 'Object Repository/Campaign_OR/uploadedCompanyLogo' is: 'starbucks logo.jpg'

2018-07-24 15:01:14 - [TEST_STEP][PASSED] - Statement - If (companyLogoName == ""): null

2018-07-24 15:01:14 - [TEST_STEP][PASSED] - Statement - If (com.kms.katalon.core.webui.keyword.WebUiBuiltInKeywords.waitForElementVisible(com.kms.katalon.core.testobject.ObjectRepository.findTestObject(Campaign_OR/Error Message/msg_cpgn_image2), 2)): Web element with id: 'Object Repository/Campaign_OR/Error Message/msg_cpgn_image2' located by 'By.xpath: id("campaignImage")/p[@class="error-block ng-binding"][count(. | //p[@class = 'error-block ng-binding' and @ng-hide = 'CC.errorImage == 200 || CC.errorImage == undefined']) = count(//p[@class = 'error-block ng-binding' and @ng-hide = 'CC.errorImage == 200 || CC.errorImage == undefined'])]' not found

2018-07-24 15:01:16 - [MESSAGE][WARNING] - Web element with id: 'Object Repository/Campaign_OR/Error Message/msg_cpgn_image2' located by 'By.xpath: id("campaignImage")/p[@class="error-block ng-binding"][count(. | //p[@class = 'error-block ng-binding' and @ng-hide = 'CC.errorImage == 200 || CC.errorImage == undefined']) = count(//p[@class = 'error-block ng-binding' and @ng-hide = 'CC.errorImage == 200 || CC.errorImage == undefined'])]' not found

2018-07-24 15:01:16 - [TEST_STEP][PASSED] - Statement - If (com.kms.katalon.core.webui.keyword.WebUiBuiltInKeywords.waitForElementVisible(com.kms.katalon.core.testobject.ObjectRepository.findTestObject(Campaign_OR/Error Message/msg_TCURL), 2)): Web element with id: 'Object Repository/Campaign_OR/Error Message/msg_TCURL' located by 'By.xpath: id("wrapper")/div[@class="content-page"]/div[@class="content"]/div[@class="ng-scope"]/div[@class="row ng-scope"]/div[@class="col-md-7"]/div[@class="widget"]/div[@class="widget-content padding"]/div[@class="form-horizontal"]/div[@class="form-group"]/div[@id="tncUrl"]/p[@class="error-block"][count(. | //p[(text() = 'Invalid format, please follow as http://wwww.example.com' or . = 'Invalid format, please follow as http://wwww.example.com')]) = count(//p[(text() = 'Invalid format, please follow as http://wwww.example.com' or . = 'Invalid format, please follow as http://wwww.example.com')])]' not found

2018-07-24 15:01:19 - [MESSAGE][WARNING] - Web element with id: 'Object Repository/Campaign_OR/Error Message/msg_TCURL' located by 'By.xpath: id("wrapper")/div[@class="content-page"]/div[@class="content"]/div[@class="ng-scope"]/div[@class="row ng-scope"]/div[@class="col-md-7"]/div[@class="widget"]/div[@class="widget-content padding"]/div[@class="form-horizontal"]/div[@class="form-group"]/div[@id="tncUrl"]/p[@class="error-block"][count(. | //p[(text() = 'Invalid format, please follow as http://wwww.example.com' or . = 'Invalid format, please follow as http://wwww.example.com')]) = count(//p[(text() = 'Invalid format, please follow as http://wwww.example.com' or . = 'Invalid format, please follow as http://wwww.example.com')])]' not found

2018-07-24 15:01:19 - [TEST_STEP][PASSED] - Statement - If (emailSender.trim() != ""): null

2018-07-24 15:01:19 - [TEST_STEP][PASSED] - Statement - If (com.kms.katalon.core.webui.keyword.WebUiBuiltInKeywords.waitForElementVisible(com.kms.katalon.core.testobject.ObjectRepository.findTestObject(Campaign_OR/Error Message/msg_company_logo), 2)): Web element with id: 'Object Repository/Campaign_OR/Error Message/msg_company_logo' located by 'By.xpath: id("companyLogo")/p[@class="error-block ng-binding"][count(. | //p[@class = 'error-block ng-binding' and @ng-hide = 'CC.errorLogo == 200 || CC.errorLogo == undefined']) = count(//p[@class = 'error-block ng-binding' and @ng-hide = 'CC.errorLogo == 200 || CC.errorLogo == undefined'])]' not found

2018-07-24 15:01:21 - [MESSAGE][WARNING] - Web element with id: 'Object Repository/Campaign_OR/Error Message/msg_company_logo' located by 'By.xpath: id("companyLogo")/p[@class="error-block ng-binding"][count(. | //p[@class = 'error-block ng-binding' and @ng-hide = 'CC.errorLogo == 200 || CC.errorLogo == undefined']) = count(//p[@class = 'error-block ng-binding' and @ng-hide = 'CC.errorLogo == 200 || CC.errorLogo == undefined'])]' not found

2018-07-24 15:01:21 - [TEST_STEP][PASSED] - refresh: Refresh successfully

2018-07-24 15:01:21 - [MESSAGE][PASSED] - Refresh successfully

2018-07-24 15:01:21 - [TEST_STEP][PASSED] - Statement - If (verifyError == false): null]]></system-out>
         <system-err><![CDATA[]]></system-err>
      </testcase>
      <testcase name="Test Cases/Merchant Portal/Campaign/TC001 Campaign - verify all case" classname="Test Cases/Merchant Portal/Campaign/TC001 Campaign - verify all case" status="PASSED">
         <system-out><![CDATA[2018-07-24 15:01:21 - [TEST_CASE][PASSED] - Test Cases/Merchant Portal/Campaign/TC001 Campaign - verify all case: Test Cases/Merchant Portal/Campaign/TC001 Campaign - verify all case

2018-07-24 15:01:21 - [TEST_STEP][PASSED] - Statement - randomWords = CustomKeywords.randomWords.GenerateNumber.randomString(4): randomWords.GenerateNumber.randomString is PASSED

2018-07-24 15:01:21 - [MESSAGE][PASSED] - randomWords.GenerateNumber.randomString is PASSED

2018-07-24 15:01:21 - [TEST_STEP][PASSED] - Statement - If (companyName.trim() != ""): null

2018-07-24 15:01:21 - [TEST_STEP][PASSED] - Statement - companyName = companyName + randomWords: null

2018-07-24 15:01:21 - [TEST_STEP][PASSED] - Statement - If (campaignInstruc.trim() != ""): null

2018-07-24 15:01:21 - [TEST_STEP][PASSED] - Statement - campaignInstruc = campaignInstruc + randomWords: null

2018-07-24 15:01:21 - [TEST_STEP][PASSED] - Statement - If (emailSender.trim() != ""): null

2018-07-24 15:01:21 - [TEST_STEP][PASSED] - Statement - If (emailSubject.trim() != ""): null

2018-07-24 15:01:21 - [TEST_STEP][PASSED] - Statement - emailSubject = emailSubject + randomWords: null

2018-07-24 15:01:21 - [TEST_STEP][PASSED] - Statement - If (emailContent.trim() != ""): null

2018-07-24 15:01:21 - [TEST_STEP][PASSED] - Statement - emailContent = emailContent + randomWords: null

2018-07-24 15:01:21 - [TEST_STEP][PASSED] - callTestCase: Call Test Case 'Test Cases/Merchant Portal/Campaign/Campagin Modules/create campaign' successfully

2018-07-24 15:01:21 - [TEST_CASE][PASSED] - Test Cases/Merchant Portal/Campaign/Campagin Modules/create campaign: Test Cases/Merchant Portal/Campaign/Campagin Modules/create campaign

2018-07-24 15:01:22 - [TEST_STEP][PASSED] - Statement - osName = "": null

2018-07-24 15:01:22 - [TEST_STEP][PASSED] - Statement - osName = CustomKeywords.os.DetectOS.getOperatingSystem(osName): os.DetectOS.getOperatingSystem is PASSED

2018-07-24 15:01:22 - [MESSAGE][PASSED] - os.DetectOS.getOperatingSystem is PASSED

2018-07-24 15:01:22 - [TEST_STEP][PASSED] - Statement - splitString = osName.split(): null

2018-07-24 15:01:22 - [TEST_STEP][PASSED] - Statement - os = splitString[0].toString(): null

2018-07-24 15:01:22 - [TEST_STEP][PASSED] - Statement - If (loggedin == false): null

2018-07-24 15:01:22 - [TEST_STEP][PASSED] - Statement - If (accessModule == false): null

2018-07-24 15:01:22 - [TEST_STEP][PASSED] - delay: Delayed 5 second(s)

2018-07-24 15:01:27 - [MESSAGE][PASSED] - Delayed 5 second(s)

2018-07-24 15:01:27 - [TEST_STEP][PASSED] - setText: Text 'Starbucks Reserve LtdewHt' is set on object 'Object Repository/Campaign_OR/Fields/a.input_company_name'

2018-07-24 15:01:27 - [MESSAGE][PASSED] - Text 'Starbucks Reserve LtdewHt' is set on object 'Object Repository/Campaign_OR/Fields/a.input_company_name'

2018-07-24 15:01:27 - [TEST_STEP][PASSED] - setText: Text 'Please subscribe with us and redeem a free coffee. Come join us now!ewHt' is set on object 'Object Repository/Campaign_OR/Fields/b.textarea_campaign_instruction'

2018-07-24 15:01:27 - [MESSAGE][PASSED] - Text 'Please subscribe with us and redeem a free coffee. Come join us now!ewHt' is set on object 'Object Repository/Campaign_OR/Fields/b.textarea_campaign_instruction'

2018-07-24 15:01:27 - [TEST_STEP][PASSED] - Statement - verifyEmail = false: null

2018-07-24 15:01:27 - [TEST_STEP][PASSED] - Statement - If (radioEmail.toLowerCase() == "true"): null

2018-07-24 15:01:27 - [TEST_STEP][PASSED] - Statement - verifyEmail = true: null

2018-07-24 15:01:27 - [TEST_STEP][PASSED] - Statement - If (verifyEmail == true): Object 'Object Repository/Campaign_OR/input_email' is visible

2018-07-24 15:01:27 - [TEST_STEP][PASSED] - Statement - If (com.kms.katalon.core.webui.keyword.WebUiBuiltInKeywords.verifyElementNotChecked(com.kms.katalon.core.testobject.ObjectRepository.findTestObject(Campaign_OR/Fields/c.checkbox_email), 1, OPTIONAL)): Object 'Object Repository/Campaign_OR/Fields/c.checkbox_email' is checked

2018-07-24 15:01:28 - [MESSAGE][WARNING] - Object 'Object Repository/Campaign_OR/Fields/c.checkbox_email' is checked
[[ATTACHMENT|C:\\Users\\kl.chan\\Katalon Studio\\boldreward\\Reports\\TS_Create_Campaign\\TS002 Edit Campaign with negative testing\\20180724_145748\\1532415687900.png]]

2018-07-24 15:01:28 - [TEST_STEP][PASSED] - Statement - Else: Object 'Object Repository/Campaign_OR/input_email' is visible

2018-07-24 15:01:28 - [TEST_STEP][PASSED] - verifyElementVisible: Object 'Object Repository/Campaign_OR/input_email' is visible

2018-07-24 15:01:28 - [MESSAGE][PASSED] - Object 'Object Repository/Campaign_OR/input_email' is visible

2018-07-24 15:01:28 - [TEST_STEP][PASSED] - Statement - verifyMobileno = false: null

2018-07-24 15:01:28 - [TEST_STEP][PASSED] - Statement - If (radioMobileno.toLowerCase() == "true"): null

2018-07-24 15:01:28 - [TEST_STEP][PASSED] - Statement - If (verifyMobileno == true): null

2018-07-24 15:01:28 - [TEST_STEP][PASSED] - Statement - Else If (verifyMobileno == false): Object 'Object Repository/Campaign_OR/input_mobileno' is NOT visible

2018-07-24 15:01:28 - [TEST_STEP][PASSED] - Statement - If (com.kms.katalon.core.webui.keyword.WebUiBuiltInKeywords.verifyElementChecked(com.kms.katalon.core.testobject.ObjectRepository.findTestObject(Campaign_OR/Fields/d.checkbox_mobile_number), 1, OPTIONAL)): Object 'Object Repository/Campaign_OR/input_mobileno' is NOT visible

2018-07-24 15:01:28 - [MESSAGE][PASSED] - Object 'Object Repository/Campaign_OR/Fields/d.checkbox_mobile_number' is checked

2018-07-24 15:01:28 - [TEST_STEP][PASSED] - delay: Delayed 1 second(s)

2018-07-24 15:01:29 - [MESSAGE][PASSED] - Delayed 1 second(s)

2018-07-24 15:01:29 - [TEST_STEP][PASSED] - click: Object: 'Object Repository/Campaign_OR/Fields/d.checkbox_mobile_number' is clicked on

2018-07-24 15:01:29 - [MESSAGE][PASSED] - Object: 'Object Repository/Campaign_OR/Fields/d.checkbox_mobile_number' is clicked on

2018-07-24 15:01:29 - [TEST_STEP][PASSED] - verifyElementNotVisible: Object 'Object Repository/Campaign_OR/input_mobileno' is NOT visible

2018-07-24 15:01:29 - [MESSAGE][PASSED] - Object 'Object Repository/Campaign_OR/input_mobileno' is NOT visible

2018-07-24 15:01:29 - [TEST_STEP][PASSED] - Statement - verifyName = false: null

2018-07-24 15:01:29 - [TEST_STEP][PASSED] - Statement - If (radioName.toLowerCase() == "true"): null

2018-07-24 15:01:29 - [TEST_STEP][PASSED] - Statement - If (verifyName == true): null

2018-07-24 15:01:29 - [TEST_STEP][PASSED] - Statement - Else If (verifyName == false): Object 'Object Repository/Campaign_OR/input_name' is NOT visible

2018-07-24 15:01:29 - [TEST_STEP][PASSED] - Statement - If (com.kms.katalon.core.webui.keyword.WebUiBuiltInKeywords.verifyElementChecked(com.kms.katalon.core.testobject.ObjectRepository.findTestObject(Campaign_OR/Fields/e.checkbox_name), 1, OPTIONAL)): Object 'Object Repository/Campaign_OR/input_name' is NOT visible

2018-07-24 15:01:29 - [MESSAGE][PASSED] - Object 'Object Repository/Campaign_OR/Fields/e.checkbox_name' is checked

2018-07-24 15:01:29 - [TEST_STEP][PASSED] - delay: Delayed 1 second(s)

2018-07-24 15:01:30 - [MESSAGE][PASSED] - Delayed 1 second(s)

2018-07-24 15:01:30 - [TEST_STEP][PASSED] - click: Object: 'Object Repository/Campaign_OR/Fields/e.checkbox_name' is clicked on

2018-07-24 15:01:30 - [MESSAGE][PASSED] - Object: 'Object Repository/Campaign_OR/Fields/e.checkbox_name' is clicked on

2018-07-24 15:01:30 - [TEST_STEP][PASSED] - verifyElementNotVisible: Object 'Object Repository/Campaign_OR/input_name' is NOT visible

2018-07-24 15:01:30 - [MESSAGE][PASSED] - Object 'Object Repository/Campaign_OR/input_name' is NOT visible

2018-07-24 15:01:30 - [TEST_STEP][PASSED] - Statement - verifyGender = false: null

2018-07-24 15:01:30 - [TEST_STEP][PASSED] - Statement - If (radioGender.toLowerCase() == "true"): null

2018-07-24 15:01:30 - [TEST_STEP][PASSED] - Statement - If (verifyGender == true): null

2018-07-24 15:01:30 - [TEST_STEP][PASSED] - Statement - Else If (verifyGender == false): Object 'Object Repository/Campaign_OR/label_Female' is NOT visible

2018-07-24 15:01:30 - [TEST_STEP][PASSED] - Statement - If (com.kms.katalon.core.webui.keyword.WebUiBuiltInKeywords.verifyElementChecked(com.kms.katalon.core.testobject.ObjectRepository.findTestObject(Campaign_OR/Fields/f.checkbox_gender), 1, OPTIONAL)): Object 'Object Repository/Campaign_OR/label_Female' is NOT visible

2018-07-24 15:01:30 - [MESSAGE][PASSED] - Object 'Object Repository/Campaign_OR/Fields/f.checkbox_gender' is checked

2018-07-24 15:01:30 - [TEST_STEP][PASSED] - delay: Delayed 1 second(s)

2018-07-24 15:01:31 - [MESSAGE][PASSED] - Delayed 1 second(s)

2018-07-24 15:01:31 - [TEST_STEP][PASSED] - click: Object: 'Object Repository/Campaign_OR/Fields/f.checkbox_gender' is clicked on

2018-07-24 15:01:31 - [MESSAGE][PASSED] - Object: 'Object Repository/Campaign_OR/Fields/f.checkbox_gender' is clicked on

2018-07-24 15:01:31 - [TEST_STEP][PASSED] - verifyElementNotVisible: Object 'Object Repository/Campaign_OR/label_Male' is NOT visible

2018-07-24 15:01:31 - [MESSAGE][PASSED] - Object 'Object Repository/Campaign_OR/label_Male' is NOT visible

2018-07-24 15:01:31 - [TEST_STEP][PASSED] - verifyElementNotVisible: Object 'Object Repository/Campaign_OR/label_Female' is NOT visible

2018-07-24 15:01:31 - [MESSAGE][PASSED] - Object 'Object Repository/Campaign_OR/label_Female' is NOT visible

2018-07-24 15:01:31 - [TEST_STEP][PASSED] - Statement - verifyDOB = false: null

2018-07-24 15:01:31 - [TEST_STEP][PASSED] - Statement - If (radioDOB.toLowerCase() == "true"): null

2018-07-24 15:01:31 - [TEST_STEP][PASSED] - Statement - If (verifyDOB == true): null

2018-07-24 15:01:31 - [TEST_STEP][PASSED] - Statement - Else If (verifyDOB == false): Object 'Object Repository/Campaign_OR/input_datepicker' is NOT visible

2018-07-24 15:01:31 - [TEST_STEP][PASSED] - Statement - If (com.kms.katalon.core.webui.keyword.WebUiBuiltInKeywords.verifyElementChecked(com.kms.katalon.core.testobject.ObjectRepository.findTestObject(Campaign_OR/Fields/g.checkbox_dob), 1, OPTIONAL)): Object 'Object Repository/Campaign_OR/input_datepicker' is NOT visible

2018-07-24 15:01:31 - [MESSAGE][PASSED] - Object 'Object Repository/Campaign_OR/Fields/g.checkbox_dob' is checked

2018-07-24 15:01:31 - [TEST_STEP][PASSED] - delay: Delayed 1 second(s)

2018-07-24 15:01:32 - [MESSAGE][PASSED] - Delayed 1 second(s)

2018-07-24 15:01:32 - [TEST_STEP][PASSED] - click: Object: 'Object Repository/Campaign_OR/Fields/g.checkbox_dob' is clicked on

2018-07-24 15:01:32 - [MESSAGE][PASSED] - Object: 'Object Repository/Campaign_OR/Fields/g.checkbox_dob' is clicked on

2018-07-24 15:01:32 - [TEST_STEP][PASSED] - verifyElementNotVisible: Object 'Object Repository/Campaign_OR/input_datepicker' is NOT visible

2018-07-24 15:01:32 - [MESSAGE][PASSED] - Object 'Object Repository/Campaign_OR/input_datepicker' is NOT visible

2018-07-24 15:01:32 - [TEST_STEP][PASSED] - Statement - filepath = "": null

2018-07-24 15:01:32 - [TEST_STEP][PASSED] - Statement - If (os == "Windows"): null

2018-07-24 15:01:32 - [TEST_STEP][PASSED] - Statement - filepath = campaignImagePath: null

2018-07-24 15:01:32 - [TEST_STEP][PASSED] - Statement - verifyImgName = "": null

2018-07-24 15:01:32 - [TEST_STEP][PASSED] - Statement - uploadedImg = false: null

2018-07-24 15:01:32 - [TEST_STEP][PASSED] - Statement - If (filepath.trim() != "" && campaignImage.trim() != ""): null

2018-07-24 15:01:32 - [TEST_STEP][PASSED] - sendKeys: Keys 'C:\Users\kl.chan\Katalon Studio\boldreward\Images\Campaign Image\starbucks copy.jpg' sent to object: 'Object Repository/Campaign_OR/Fields/h.button_campaign_image_1'

2018-07-24 15:01:32 - [MESSAGE][PASSED] - Keys 'C:\Users\kl.chan\Katalon Studio\boldreward\Images\Campaign Image\starbucks copy.jpg' sent to object: 'Object Repository/Campaign_OR/Fields/h.button_campaign_image_1'

2018-07-24 15:01:32 - [TEST_STEP][PASSED] - delay: Delayed 1 second(s)

2018-07-24 15:01:33 - [MESSAGE][PASSED] - Delayed 1 second(s)

2018-07-24 15:01:33 - [TEST_STEP][PASSED] - Statement - If (com.kms.katalon.core.webui.keyword.WebUiBuiltInKeywords.waitForElementVisible(com.kms.katalon.core.testobject.ObjectRepository.findTestObject(Campaign_OR/uploadedCampaignImg), 30)): null

2018-07-24 15:01:33 - [MESSAGE][PASSED] - Object 'Object Repository/Campaign_OR/uploadedCampaignImg' is visible

2018-07-24 15:01:33 - [TEST_STEP][PASSED] - Statement - verifyImgName = com.kms.katalon.core.webui.keyword.WebUiBuiltInKeywords.getText(com.kms.katalon.core.testobject.ObjectRepository.findTestObject(Campaign_OR/uploadedCampaignImg)): Text of object 'Object Repository/Campaign_OR/uploadedCampaignImg' is: 'starbucks copy.jpg'

2018-07-24 15:01:33 - [MESSAGE][PASSED] - Text of object 'Object Repository/Campaign_OR/uploadedCampaignImg' is: 'starbucks copy.jpg'

2018-07-24 15:01:33 - [TEST_STEP][PASSED] - Statement - If (verifyImgName.equals(campaignImage) == true): null

2018-07-24 15:01:33 - [TEST_STEP][PASSED] - Statement - uploadedImg = true: null

2018-07-24 15:01:33 - [TEST_STEP][PASSED] - setText: Text 'http://www.starbucks.com.my/' is set on object 'Object Repository/Campaign_OR/Fields/i.k.input_tnc'

2018-07-24 15:01:34 - [MESSAGE][PASSED] - Text 'http://www.starbucks.com.my/' is set on object 'Object Repository/Campaign_OR/Fields/i.k.input_tnc'

2018-07-24 15:01:34 - [TEST_STEP][PASSED] - setText: Text ' ' is set on object 'Object Repository/Campaign_OR/Fields/j.input_sender'

2018-07-24 15:01:34 - [MESSAGE][PASSED] - Text ' ' is set on object 'Object Repository/Campaign_OR/Fields/j.input_sender'

2018-07-24 15:01:34 - [TEST_STEP][PASSED] - setText: Text 'Starbucks Reserve @ SITewHt' is set on object 'Object Repository/Campaign_OR/Fields/k.input_subject'

2018-07-24 15:01:34 - [MESSAGE][PASSED] - Text 'Starbucks Reserve @ SITewHt' is set on object 'Object Repository/Campaign_OR/Fields/k.input_subject'

2018-07-24 15:01:34 - [TEST_STEP][PASSED] - setText: Text 'Hello User, Welcome to our Starbucks Reserve @ SIT. Come subscribe with us and redeem more rewards.ewHt' is set on object 'Object Repository/Campaign_OR/Fields/l.textarea_content'

2018-07-24 15:01:35 - [MESSAGE][PASSED] - Text 'Hello User, Welcome to our Starbucks Reserve @ SIT. Come subscribe with us and redeem more rewards.ewHt' is set on object 'Object Repository/Campaign_OR/Fields/l.textarea_content'

2018-07-24 15:01:35 - [TEST_STEP][PASSED] - Statement - filepath = "": null

2018-07-24 15:01:35 - [TEST_STEP][PASSED] - Statement - If (os == "Windows"): null

2018-07-24 15:01:35 - [TEST_STEP][PASSED] - Statement - filepath = companyLogoPath: null

2018-07-24 15:01:35 - [TEST_STEP][PASSED] - Statement - verifyImgName = "": null

2018-07-24 15:01:35 - [TEST_STEP][PASSED] - Statement - uploadedImg = false: null

2018-07-24 15:01:35 - [TEST_STEP][PASSED] - Statement - reuploadCount = 0: null

2018-07-24 15:01:35 - [TEST_STEP][PASSED] - Statement - If (filepath.trim() != "" && companyLogo.trim() != ""): null

2018-07-24 15:01:35 - [TEST_STEP][PASSED] - sendKeys: Keys 'C:\Users\kl.chan\Katalon Studio\boldreward\Images\Company Logo\starbucks logo.jpg' sent to object: 'Object Repository/Campaign_OR/Fields/m.button_company_logo_1'

2018-07-24 15:01:35 - [MESSAGE][PASSED] - Keys 'C:\Users\kl.chan\Katalon Studio\boldreward\Images\Company Logo\starbucks logo.jpg' sent to object: 'Object Repository/Campaign_OR/Fields/m.button_company_logo_1'

2018-07-24 15:01:35 - [TEST_STEP][PASSED] - delay: Delayed 1 second(s)

2018-07-24 15:01:36 - [MESSAGE][PASSED] - Delayed 1 second(s)

2018-07-24 15:01:36 - [TEST_STEP][PASSED] - Statement - If (com.kms.katalon.core.webui.keyword.WebUiBuiltInKeywords.waitForElementVisible(com.kms.katalon.core.testobject.ObjectRepository.findTestObject(Campaign_OR/uploadedCompanyLogo), 30)): null

2018-07-24 15:01:36 - [MESSAGE][PASSED] - Object 'Object Repository/Campaign_OR/uploadedCompanyLogo' is visible

2018-07-24 15:01:36 - [TEST_STEP][PASSED] - Statement - verifyImgName = com.kms.katalon.core.webui.keyword.WebUiBuiltInKeywords.getText(com.kms.katalon.core.testobject.ObjectRepository.findTestObject(Campaign_OR/uploadedCompanyLogo)): Text of object 'Object Repository/Campaign_OR/uploadedCompanyLogo' is: 'starbucks logo.jpg'

2018-07-24 15:01:36 - [MESSAGE][PASSED] - Text of object 'Object Repository/Campaign_OR/uploadedCompanyLogo' is: 'starbucks logo.jpg'

2018-07-24 15:01:36 - [TEST_STEP][PASSED] - Statement - If (verifyImgName.equals(companyLogo) == true): null

2018-07-24 15:01:36 - [TEST_STEP][PASSED] - Statement - uploadedImg = true: null

2018-07-24 15:01:36 - [TEST_STEP][PASSED] - Statement - If (rewardCode == true): null

2018-07-24 15:01:36 - [TEST_STEP][PASSED] - Statement - Else If (rewardCode == false): Object: 'Object Repository/Campaign_OR/Fields/n.label_No' is clicked on

2018-07-24 15:01:36 - [TEST_STEP][PASSED] - click: Object: 'Object Repository/Campaign_OR/Fields/n.label_No' is clicked on

2018-07-24 15:01:36 - [MESSAGE][PASSED] - Object: 'Object Repository/Campaign_OR/Fields/n.label_No' is clicked on

2018-07-24 15:01:36 - [TEST_STEP][PASSED] - verifyElementChecked: Object 'Object Repository/Campaign_OR/Fields/radio_No' is checked

2018-07-24 15:01:36 - [MESSAGE][PASSED] - Object 'Object Repository/Campaign_OR/Fields/radio_No' is checked

2018-07-24 15:01:36 - [TEST_STEP][PASSED] - verifyElementChecked: Object 'Object Repository/Campaign_OR/Fields/radio_Yes' is not checked

2018-07-24 15:01:36 - [MESSAGE][WARNING] - Object 'Object Repository/Campaign_OR/Fields/radio_Yes' is not checked
[[ATTACHMENT|C:\\Users\\kl.chan\\Katalon Studio\\boldreward\\Reports\\TS_Create_Campaign\\TS002 Edit Campaign with negative testing\\20180724_145748\\1532415696559.png]]

2018-07-24 15:01:36 - [TEST_STEP][PASSED] - click: Object: 'Object Repository/Campaign_OR/button_Save' is clicked on

2018-07-24 15:01:36 - [MESSAGE][PASSED] - Object: 'Object Repository/Campaign_OR/button_Save' is clicked on

2018-07-24 15:01:36 - [TEST_STEP][PASSED] - delay: Delayed 2 second(s)

2018-07-24 15:01:38 - [MESSAGE][PASSED] - Delayed 2 second(s)

2018-07-24 15:01:38 - [MESSAGE][PASSED] - Call Test Case 'Test Cases/Merchant Portal/Campaign/Campagin Modules/create campaign' successfully

2018-07-24 15:01:38 - [TEST_STEP][PASSED] - Statement - updateFailed = false: null

2018-07-24 15:01:38 - [TEST_STEP][PASSED] - Statement - If (com.kms.katalon.core.webui.keyword.WebUiBuiltInKeywords.waitForElementVisible(com.kms.katalon.core.testobject.ObjectRepository.findTestObject(a.Not_Assigned_OR/alert_msg_top), 3)): null

2018-07-24 15:01:38 - [MESSAGE][PASSED] - Object 'Object Repository/a.Not_Assigned_OR/alert_msg_top' is visible

2018-07-24 15:01:38 - [TEST_STEP][PASSED] - Statement - verifyPopoutMsg = com.kms.katalon.core.webui.keyword.WebUiBuiltInKeywords.getText(com.kms.katalon.core.testobject.ObjectRepository.findTestObject(a.Not_Assigned_OR/alert_msg_top)): Text of object 'Object Repository/a.Not_Assigned_OR/alert_msg_top' is: 'Oops! Invalid inputs, please try again.'

2018-07-24 15:01:38 - [MESSAGE][PASSED] - Text of object 'Object Repository/a.Not_Assigned_OR/alert_msg_top' is: 'Oops! Invalid inputs, please try again.'

2018-07-24 15:01:38 - [TEST_STEP][PASSED] - Statement - If (verifyPopoutMsg.equals(msgServer) == true): null

2018-07-24 15:01:38 - [TEST_STEP][PASSED] - Statement - updateFailed = true: null

2018-07-24 15:01:38 - [TEST_STEP][PASSED] - Statement - updateSuccess = false: null

2018-07-24 15:01:38 - [TEST_STEP][PASSED] - Statement - If (com.kms.katalon.core.webui.keyword.WebUiBuiltInKeywords.waitForElementVisible(com.kms.katalon.core.testobject.ObjectRepository.findTestObject(Campaign_OR/Error Message/msg_edit_success), 3)): Web element with id: 'Object Repository/Campaign_OR/Error Message/msg_edit_success' located by 'By.xpath: id("errorMessage")/p[@class="error-block"]' not found

2018-07-24 15:01:42 - [MESSAGE][WARNING] - Web element with id: 'Object Repository/Campaign_OR/Error Message/msg_edit_success' located by 'By.xpath: id("errorMessage")/p[@class="error-block"]' not found

2018-07-24 15:01:42 - [TEST_STEP][PASSED] - Statement - createSuccess = false: null

2018-07-24 15:01:42 - [TEST_STEP][PASSED] - Statement - If (com.kms.katalon.core.webui.keyword.WebUiBuiltInKeywords.waitForElementVisible(com.kms.katalon.core.testobject.ObjectRepository.findTestObject(Home_OR/label_home), 3)): Web element with id: 'Object Repository/Home_OR/label_home' located by 'By.xpath: id("wrapper")/div[@class="content-page"]/div[@class="content"]/div[@class="ng-scope"]/div[@class="ng-scope"]/div[@class="page-heading"]/h1[1][count(. | //h1[(text() = ' Home' or . = ' Home')]) = count(//h1[(text() = ' Home' or . = ' Home')])]' not found

2018-07-24 15:01:45 - [MESSAGE][WARNING] - Web element with id: 'Object Repository/Home_OR/label_home' located by 'By.xpath: id("wrapper")/div[@class="content-page"]/div[@class="content"]/div[@class="ng-scope"]/div[@class="ng-scope"]/div[@class="page-heading"]/h1[1][count(. | //h1[(text() = ' Home' or . = ' Home')]) = count(//h1[(text() = ' Home' or . = ' Home')])]' not found

2018-07-24 15:01:45 - [TEST_STEP][PASSED] - Statement - If (updateSuccess == true): null

2018-07-24 15:01:45 - [TEST_STEP][PASSED] - Statement - Else If (updateFailed == true): null

2018-07-24 15:01:45 - [TEST_STEP][PASSED] - Statement - verifyError = false: null

2018-07-24 15:01:45 - [TEST_STEP][PASSED] - Statement - If (companyName.trim() == ""): null

2018-07-24 15:01:45 - [TEST_STEP][PASSED] - Statement - If (campaignInstruc.trim() == ""): null

2018-07-24 15:01:45 - [TEST_STEP][PASSED] - Statement - If (radioEmail.toLowerCase() == "false"): null

2018-07-24 15:01:45 - [TEST_STEP][PASSED] - Statement - campaignImgName = com.kms.katalon.core.webui.keyword.WebUiBuiltInKeywords.getText(com.kms.katalon.core.testobject.ObjectRepository.findTestObject(Campaign_OR/uploadedCampaignImg)): Text of object 'Object Repository/Campaign_OR/uploadedCampaignImg' is: 'starbucks copy.jpg'

2018-07-24 15:01:45 - [MESSAGE][PASSED] - Text of object 'Object Repository/Campaign_OR/uploadedCampaignImg' is: 'starbucks copy.jpg'

2018-07-24 15:01:45 - [TEST_STEP][PASSED] - Statement - If (campaignImgName == ""): null

2018-07-24 15:01:45 - [TEST_STEP][PASSED] - Statement - If (emailSender.trim() == ""): null

2018-07-24 15:01:45 - [TEST_STEP][PASSED] - verifyElementVisible: Object 'Object Repository/Campaign_OR/Error Message/msg_sender' is visible

2018-07-24 15:01:45 - [MESSAGE][PASSED] - Object 'Object Repository/Campaign_OR/Error Message/msg_sender' is visible

2018-07-24 15:01:45 - [TEST_STEP][PASSED] - Statement - verifyEmptySender = com.kms.katalon.core.webui.keyword.WebUiBuiltInKeywords.getText(com.kms.katalon.core.testobject.ObjectRepository.findTestObject(Campaign_OR/Error Message/msg_sender)): Text of object 'Object Repository/Campaign_OR/Error Message/msg_sender' is: 'Please complete this field.'

2018-07-24 15:01:45 - [MESSAGE][PASSED] - Text of object 'Object Repository/Campaign_OR/Error Message/msg_sender' is: 'Please complete this field.'

2018-07-24 15:01:45 - [TEST_STEP][PASSED] - verifyMatch: Actual text 'Please complete this field.' and expected text 'Please complete this field.' are matched  using regular expression

2018-07-24 15:01:45 - [MESSAGE][PASSED] - Actual text 'Please complete this field.' and expected text 'Please complete this field.' are matched  using regular expression

2018-07-24 15:01:45 - [TEST_STEP][PASSED] - Statement - verifyError = true: null

2018-07-24 15:01:45 - [TEST_STEP][PASSED] - Statement - If (emailSubject.trim() == ""): null

2018-07-24 15:01:45 - [TEST_STEP][PASSED] - Statement - If (emailContent.trim() == ""): null

2018-07-24 15:01:45 - [TEST_STEP][PASSED] - Statement - companyLogoName = com.kms.katalon.core.webui.keyword.WebUiBuiltInKeywords.getText(com.kms.katalon.core.testobject.ObjectRepository.findTestObject(Campaign_OR/uploadedCompanyLogo)): Text of object 'Object Repository/Campaign_OR/uploadedCompanyLogo' is: 'starbucks logo.jpg'

2018-07-24 15:01:45 - [MESSAGE][PASSED] - Text of object 'Object Repository/Campaign_OR/uploadedCompanyLogo' is: 'starbucks logo.jpg'

2018-07-24 15:01:45 - [TEST_STEP][PASSED] - Statement - If (companyLogoName == ""): null

2018-07-24 15:01:45 - [TEST_STEP][PASSED] - Statement - If (com.kms.katalon.core.webui.keyword.WebUiBuiltInKeywords.waitForElementVisible(com.kms.katalon.core.testobject.ObjectRepository.findTestObject(Campaign_OR/Error Message/msg_cpgn_image2), 2)): Web element with id: 'Object Repository/Campaign_OR/Error Message/msg_cpgn_image2' located by 'By.xpath: id("campaignImage")/p[@class="error-block ng-binding"][count(. | //p[@class = 'error-block ng-binding' and @ng-hide = 'CC.errorImage == 200 || CC.errorImage == undefined']) = count(//p[@class = 'error-block ng-binding' and @ng-hide = 'CC.errorImage == 200 || CC.errorImage == undefined'])]' not found

2018-07-24 15:01:47 - [MESSAGE][WARNING] - Web element with id: 'Object Repository/Campaign_OR/Error Message/msg_cpgn_image2' located by 'By.xpath: id("campaignImage")/p[@class="error-block ng-binding"][count(. | //p[@class = 'error-block ng-binding' and @ng-hide = 'CC.errorImage == 200 || CC.errorImage == undefined']) = count(//p[@class = 'error-block ng-binding' and @ng-hide = 'CC.errorImage == 200 || CC.errorImage == undefined'])]' not found

2018-07-24 15:01:47 - [TEST_STEP][PASSED] - Statement - If (com.kms.katalon.core.webui.keyword.WebUiBuiltInKeywords.waitForElementVisible(com.kms.katalon.core.testobject.ObjectRepository.findTestObject(Campaign_OR/Error Message/msg_TCURL), 2)): Web element with id: 'Object Repository/Campaign_OR/Error Message/msg_TCURL' located by 'By.xpath: id("wrapper")/div[@class="content-page"]/div[@class="content"]/div[@class="ng-scope"]/div[@class="row ng-scope"]/div[@class="col-md-7"]/div[@class="widget"]/div[@class="widget-content padding"]/div[@class="form-horizontal"]/div[@class="form-group"]/div[@id="tncUrl"]/p[@class="error-block"][count(. | //p[(text() = 'Invalid format, please follow as http://wwww.example.com' or . = 'Invalid format, please follow as http://wwww.example.com')]) = count(//p[(text() = 'Invalid format, please follow as http://wwww.example.com' or . = 'Invalid format, please follow as http://wwww.example.com')])]' not found

2018-07-24 15:01:49 - [MESSAGE][WARNING] - Web element with id: 'Object Repository/Campaign_OR/Error Message/msg_TCURL' located by 'By.xpath: id("wrapper")/div[@class="content-page"]/div[@class="content"]/div[@class="ng-scope"]/div[@class="row ng-scope"]/div[@class="col-md-7"]/div[@class="widget"]/div[@class="widget-content padding"]/div[@class="form-horizontal"]/div[@class="form-group"]/div[@id="tncUrl"]/p[@class="error-block"][count(. | //p[(text() = 'Invalid format, please follow as http://wwww.example.com' or . = 'Invalid format, please follow as http://wwww.example.com')]) = count(//p[(text() = 'Invalid format, please follow as http://wwww.example.com' or . = 'Invalid format, please follow as http://wwww.example.com')])]' not found

2018-07-24 15:01:49 - [TEST_STEP][PASSED] - Statement - If (emailSender.trim() != ""): null

2018-07-24 15:01:49 - [TEST_STEP][PASSED] - Statement - If (com.kms.katalon.core.webui.keyword.WebUiBuiltInKeywords.waitForElementVisible(com.kms.katalon.core.testobject.ObjectRepository.findTestObject(Campaign_OR/Error Message/msg_company_logo), 2)): Web element with id: 'Object Repository/Campaign_OR/Error Message/msg_company_logo' located by 'By.xpath: id("companyLogo")/p[@class="error-block ng-binding"][count(. | //p[@class = 'error-block ng-binding' and @ng-hide = 'CC.errorLogo == 200 || CC.errorLogo == undefined']) = count(//p[@class = 'error-block ng-binding' and @ng-hide = 'CC.errorLogo == 200 || CC.errorLogo == undefined'])]' not found

2018-07-24 15:01:51 - [MESSAGE][WARNING] - Web element with id: 'Object Repository/Campaign_OR/Error Message/msg_company_logo' located by 'By.xpath: id("companyLogo")/p[@class="error-block ng-binding"][count(. | //p[@class = 'error-block ng-binding' and @ng-hide = 'CC.errorLogo == 200 || CC.errorLogo == undefined']) = count(//p[@class = 'error-block ng-binding' and @ng-hide = 'CC.errorLogo == 200 || CC.errorLogo == undefined'])]' not found

2018-07-24 15:01:51 - [TEST_STEP][PASSED] - refresh: Refresh successfully

2018-07-24 15:01:51 - [MESSAGE][PASSED] - Refresh successfully

2018-07-24 15:01:51 - [TEST_STEP][PASSED] - Statement - If (verifyError == false): null]]></system-out>
         <system-err><![CDATA[]]></system-err>
      </testcase>
      <testcase name="Test Cases/Merchant Portal/Campaign/TC001 Campaign - verify all case" classname="Test Cases/Merchant Portal/Campaign/TC001 Campaign - verify all case" status="PASSED">
         <system-out><![CDATA[2018-07-24 15:01:52 - [TEST_CASE][PASSED] - Test Cases/Merchant Portal/Campaign/TC001 Campaign - verify all case: Test Cases/Merchant Portal/Campaign/TC001 Campaign - verify all case

2018-07-24 15:01:52 - [TEST_STEP][PASSED] - Statement - randomWords = CustomKeywords.randomWords.GenerateNumber.randomString(4): randomWords.GenerateNumber.randomString is PASSED

2018-07-24 15:01:52 - [MESSAGE][PASSED] - randomWords.GenerateNumber.randomString is PASSED

2018-07-24 15:01:52 - [TEST_STEP][PASSED] - Statement - If (companyName.trim() != ""): null

2018-07-24 15:01:52 - [TEST_STEP][PASSED] - Statement - companyName = companyName + randomWords: null

2018-07-24 15:01:52 - [TEST_STEP][PASSED] - Statement - If (campaignInstruc.trim() != ""): null

2018-07-24 15:01:52 - [TEST_STEP][PASSED] - Statement - campaignInstruc = campaignInstruc + randomWords: null

2018-07-24 15:01:52 - [TEST_STEP][PASSED] - Statement - If (emailSender.trim() != ""): null

2018-07-24 15:01:52 - [TEST_STEP][PASSED] - Statement - email = emailSender: null

2018-07-24 15:01:52 - [TEST_STEP][PASSED] - Statement - splitEmail = email.split("@"): null

2018-07-24 15:01:52 - [TEST_STEP][PASSED] - Statement - numb = length: null

2018-07-24 15:01:52 - [TEST_STEP][PASSED] - Statement - If (numb > 1): null

2018-07-24 15:01:52 - [TEST_STEP][PASSED] - Statement - emailSender = splitEmail[0] + randomWords + "@" + splitEmail[1]: null

2018-07-24 15:01:52 - [TEST_STEP][PASSED] - Statement - If (emailSubject.trim() != ""): null

2018-07-24 15:01:52 - [TEST_STEP][PASSED] - Statement - If (emailContent.trim() != ""): null

2018-07-24 15:01:52 - [TEST_STEP][PASSED] - Statement - emailContent = emailContent + randomWords: null

2018-07-24 15:01:52 - [TEST_STEP][PASSED] - callTestCase: Call Test Case 'Test Cases/Merchant Portal/Campaign/Campagin Modules/create campaign' successfully

2018-07-24 15:01:52 - [TEST_CASE][PASSED] - Test Cases/Merchant Portal/Campaign/Campagin Modules/create campaign: Test Cases/Merchant Portal/Campaign/Campagin Modules/create campaign

2018-07-24 15:01:52 - [TEST_STEP][PASSED] - Statement - osName = "": null

2018-07-24 15:01:52 - [TEST_STEP][PASSED] - Statement - osName = CustomKeywords.os.DetectOS.getOperatingSystem(osName): os.DetectOS.getOperatingSystem is PASSED

2018-07-24 15:01:52 - [MESSAGE][PASSED] - os.DetectOS.getOperatingSystem is PASSED

2018-07-24 15:01:52 - [TEST_STEP][PASSED] - Statement - splitString = osName.split(): null

2018-07-24 15:01:52 - [TEST_STEP][PASSED] - Statement - os = splitString[0].toString(): null

2018-07-24 15:01:52 - [TEST_STEP][PASSED] - Statement - If (loggedin == false): null

2018-07-24 15:01:52 - [TEST_STEP][PASSED] - Statement - If (accessModule == false): null

2018-07-24 15:01:52 - [TEST_STEP][PASSED] - delay: Delayed 5 second(s)

2018-07-24 15:01:57 - [MESSAGE][PASSED] - Delayed 5 second(s)

2018-07-24 15:01:57 - [TEST_STEP][PASSED] - setText: Text 'Starbucks Reserve LtdSzNA' is set on object 'Object Repository/Campaign_OR/Fields/a.input_company_name'

2018-07-24 15:01:57 - [MESSAGE][PASSED] - Text 'Starbucks Reserve LtdSzNA' is set on object 'Object Repository/Campaign_OR/Fields/a.input_company_name'

2018-07-24 15:01:57 - [TEST_STEP][PASSED] - setText: Text 'Please subscribe with us and redeem a free coffee. Come join us now!SzNA' is set on object 'Object Repository/Campaign_OR/Fields/b.textarea_campaign_instruction'

2018-07-24 15:01:58 - [MESSAGE][PASSED] - Text 'Please subscribe with us and redeem a free coffee. Come join us now!SzNA' is set on object 'Object Repository/Campaign_OR/Fields/b.textarea_campaign_instruction'

2018-07-24 15:01:58 - [TEST_STEP][PASSED] - Statement - verifyEmail = false: null

2018-07-24 15:01:58 - [TEST_STEP][PASSED] - Statement - If (radioEmail.toLowerCase() == "true"): null

2018-07-24 15:01:58 - [TEST_STEP][PASSED] - Statement - verifyEmail = true: null

2018-07-24 15:01:58 - [TEST_STEP][PASSED] - Statement - If (verifyEmail == true): Object 'Object Repository/Campaign_OR/input_email' is visible

2018-07-24 15:01:58 - [TEST_STEP][PASSED] - Statement - If (com.kms.katalon.core.webui.keyword.WebUiBuiltInKeywords.verifyElementNotChecked(com.kms.katalon.core.testobject.ObjectRepository.findTestObject(Campaign_OR/Fields/c.checkbox_email), 1, OPTIONAL)): Object 'Object Repository/Campaign_OR/Fields/c.checkbox_email' is checked

2018-07-24 15:01:58 - [MESSAGE][WARNING] - Object 'Object Repository/Campaign_OR/Fields/c.checkbox_email' is checked
[[ATTACHMENT|C:\\Users\\kl.chan\\Katalon Studio\\boldreward\\Reports\\TS_Create_Campaign\\TS002 Edit Campaign with negative testing\\20180724_145748\\1532415718087.png]]

2018-07-24 15:01:58 - [TEST_STEP][PASSED] - Statement - Else: Object 'Object Repository/Campaign_OR/input_email' is visible

2018-07-24 15:01:58 - [TEST_STEP][PASSED] - verifyElementVisible: Object 'Object Repository/Campaign_OR/input_email' is visible

2018-07-24 15:01:58 - [MESSAGE][PASSED] - Object 'Object Repository/Campaign_OR/input_email' is visible

2018-07-24 15:01:58 - [TEST_STEP][PASSED] - Statement - verifyMobileno = false: null

2018-07-24 15:01:58 - [TEST_STEP][PASSED] - Statement - If (radioMobileno.toLowerCase() == "true"): null

2018-07-24 15:01:58 - [TEST_STEP][PASSED] - Statement - If (verifyMobileno == true): null

2018-07-24 15:01:58 - [TEST_STEP][PASSED] - Statement - Else If (verifyMobileno == false): Object 'Object Repository/Campaign_OR/input_mobileno' is NOT visible

2018-07-24 15:01:58 - [TEST_STEP][PASSED] - Statement - If (com.kms.katalon.core.webui.keyword.WebUiBuiltInKeywords.verifyElementChecked(com.kms.katalon.core.testobject.ObjectRepository.findTestObject(Campaign_OR/Fields/d.checkbox_mobile_number), 1, OPTIONAL)): Object 'Object Repository/Campaign_OR/input_mobileno' is NOT visible

2018-07-24 15:01:58 - [MESSAGE][PASSED] - Object 'Object Repository/Campaign_OR/Fields/d.checkbox_mobile_number' is checked

2018-07-24 15:01:58 - [TEST_STEP][PASSED] - delay: Delayed 1 second(s)

2018-07-24 15:01:59 - [MESSAGE][PASSED] - Delayed 1 second(s)

2018-07-24 15:01:59 - [TEST_STEP][PASSED] - click: Object: 'Object Repository/Campaign_OR/Fields/d.checkbox_mobile_number' is clicked on

2018-07-24 15:01:59 - [MESSAGE][PASSED] - Object: 'Object Repository/Campaign_OR/Fields/d.checkbox_mobile_number' is clicked on

2018-07-24 15:01:59 - [TEST_STEP][PASSED] - verifyElementNotVisible: Object 'Object Repository/Campaign_OR/input_mobileno' is NOT visible

2018-07-24 15:01:59 - [MESSAGE][PASSED] - Object 'Object Repository/Campaign_OR/input_mobileno' is NOT visible

2018-07-24 15:01:59 - [TEST_STEP][PASSED] - Statement - verifyName = false: null

2018-07-24 15:01:59 - [TEST_STEP][PASSED] - Statement - If (radioName.toLowerCase() == "true"): null

2018-07-24 15:01:59 - [TEST_STEP][PASSED] - Statement - If (verifyName == true): null

2018-07-24 15:01:59 - [TEST_STEP][PASSED] - Statement - Else If (verifyName == false): Object 'Object Repository/Campaign_OR/input_name' is NOT visible

2018-07-24 15:01:59 - [TEST_STEP][PASSED] - Statement - If (com.kms.katalon.core.webui.keyword.WebUiBuiltInKeywords.verifyElementChecked(com.kms.katalon.core.testobject.ObjectRepository.findTestObject(Campaign_OR/Fields/e.checkbox_name), 1, OPTIONAL)): Object 'Object Repository/Campaign_OR/input_name' is NOT visible

2018-07-24 15:01:59 - [MESSAGE][PASSED] - Object 'Object Repository/Campaign_OR/Fields/e.checkbox_name' is checked

2018-07-24 15:01:59 - [TEST_STEP][PASSED] - delay: Delayed 1 second(s)

2018-07-24 15:02:00 - [MESSAGE][PASSED] - Delayed 1 second(s)

2018-07-24 15:02:00 - [TEST_STEP][PASSED] - click: Object: 'Object Repository/Campaign_OR/Fields/e.checkbox_name' is clicked on

2018-07-24 15:02:00 - [MESSAGE][PASSED] - Object: 'Object Repository/Campaign_OR/Fields/e.checkbox_name' is clicked on

2018-07-24 15:02:00 - [TEST_STEP][PASSED] - verifyElementNotVisible: Object 'Object Repository/Campaign_OR/input_name' is NOT visible

2018-07-24 15:02:00 - [MESSAGE][PASSED] - Object 'Object Repository/Campaign_OR/input_name' is NOT visible

2018-07-24 15:02:00 - [TEST_STEP][PASSED] - Statement - verifyGender = false: null

2018-07-24 15:02:00 - [TEST_STEP][PASSED] - Statement - If (radioGender.toLowerCase() == "true"): null

2018-07-24 15:02:00 - [TEST_STEP][PASSED] - Statement - If (verifyGender == true): null

2018-07-24 15:02:00 - [TEST_STEP][PASSED] - Statement - Else If (verifyGender == false): Object 'Object Repository/Campaign_OR/label_Female' is NOT visible

2018-07-24 15:02:00 - [TEST_STEP][PASSED] - Statement - If (com.kms.katalon.core.webui.keyword.WebUiBuiltInKeywords.verifyElementChecked(com.kms.katalon.core.testobject.ObjectRepository.findTestObject(Campaign_OR/Fields/f.checkbox_gender), 1, OPTIONAL)): Object 'Object Repository/Campaign_OR/label_Female' is NOT visible

2018-07-24 15:02:00 - [MESSAGE][PASSED] - Object 'Object Repository/Campaign_OR/Fields/f.checkbox_gender' is checked

2018-07-24 15:02:00 - [TEST_STEP][PASSED] - delay: Delayed 1 second(s)

2018-07-24 15:02:01 - [MESSAGE][PASSED] - Delayed 1 second(s)

2018-07-24 15:02:01 - [TEST_STEP][PASSED] - click: Object: 'Object Repository/Campaign_OR/Fields/f.checkbox_gender' is clicked on

2018-07-24 15:02:01 - [MESSAGE][PASSED] - Object: 'Object Repository/Campaign_OR/Fields/f.checkbox_gender' is clicked on

2018-07-24 15:02:01 - [TEST_STEP][PASSED] - verifyElementNotVisible: Object 'Object Repository/Campaign_OR/label_Male' is NOT visible

2018-07-24 15:02:01 - [MESSAGE][PASSED] - Object 'Object Repository/Campaign_OR/label_Male' is NOT visible

2018-07-24 15:02:01 - [TEST_STEP][PASSED] - verifyElementNotVisible: Object 'Object Repository/Campaign_OR/label_Female' is NOT visible

2018-07-24 15:02:01 - [MESSAGE][PASSED] - Object 'Object Repository/Campaign_OR/label_Female' is NOT visible

2018-07-24 15:02:01 - [TEST_STEP][PASSED] - Statement - verifyDOB = false: null

2018-07-24 15:02:01 - [TEST_STEP][PASSED] - Statement - If (radioDOB.toLowerCase() == "true"): null

2018-07-24 15:02:01 - [TEST_STEP][PASSED] - Statement - If (verifyDOB == true): null

2018-07-24 15:02:01 - [TEST_STEP][PASSED] - Statement - Else If (verifyDOB == false): Object 'Object Repository/Campaign_OR/input_datepicker' is NOT visible

2018-07-24 15:02:01 - [TEST_STEP][PASSED] - Statement - If (com.kms.katalon.core.webui.keyword.WebUiBuiltInKeywords.verifyElementChecked(com.kms.katalon.core.testobject.ObjectRepository.findTestObject(Campaign_OR/Fields/g.checkbox_dob), 1, OPTIONAL)): Object 'Object Repository/Campaign_OR/input_datepicker' is NOT visible

2018-07-24 15:02:01 - [MESSAGE][PASSED] - Object 'Object Repository/Campaign_OR/Fields/g.checkbox_dob' is checked

2018-07-24 15:02:01 - [TEST_STEP][PASSED] - delay: Delayed 1 second(s)

2018-07-24 15:02:02 - [MESSAGE][PASSED] - Delayed 1 second(s)

2018-07-24 15:02:02 - [TEST_STEP][PASSED] - click: Object: 'Object Repository/Campaign_OR/Fields/g.checkbox_dob' is clicked on

2018-07-24 15:02:02 - [MESSAGE][PASSED] - Object: 'Object Repository/Campaign_OR/Fields/g.checkbox_dob' is clicked on

2018-07-24 15:02:02 - [TEST_STEP][PASSED] - verifyElementNotVisible: Object 'Object Repository/Campaign_OR/input_datepicker' is NOT visible

2018-07-24 15:02:02 - [MESSAGE][PASSED] - Object 'Object Repository/Campaign_OR/input_datepicker' is NOT visible

2018-07-24 15:02:02 - [TEST_STEP][PASSED] - Statement - filepath = "": null

2018-07-24 15:02:02 - [TEST_STEP][PASSED] - Statement - If (os == "Windows"): null

2018-07-24 15:02:02 - [TEST_STEP][PASSED] - Statement - filepath = campaignImagePath: null

2018-07-24 15:02:02 - [TEST_STEP][PASSED] - Statement - verifyImgName = "": null

2018-07-24 15:02:02 - [TEST_STEP][PASSED] - Statement - uploadedImg = false: null

2018-07-24 15:02:02 - [TEST_STEP][PASSED] - Statement - If (filepath.trim() != "" && campaignImage.trim() != ""): null

2018-07-24 15:02:02 - [TEST_STEP][PASSED] - sendKeys: Keys 'C:\Users\kl.chan\Katalon Studio\boldreward\Images\Campaign Image\starbucks copy.jpg' sent to object: 'Object Repository/Campaign_OR/Fields/h.button_campaign_image_1'

2018-07-24 15:02:03 - [MESSAGE][PASSED] - Keys 'C:\Users\kl.chan\Katalon Studio\boldreward\Images\Campaign Image\starbucks copy.jpg' sent to object: 'Object Repository/Campaign_OR/Fields/h.button_campaign_image_1'

2018-07-24 15:02:03 - [TEST_STEP][PASSED] - delay: Delayed 1 second(s)

2018-07-24 15:02:04 - [MESSAGE][PASSED] - Delayed 1 second(s)

2018-07-24 15:02:04 - [TEST_STEP][PASSED] - Statement - If (com.kms.katalon.core.webui.keyword.WebUiBuiltInKeywords.waitForElementVisible(com.kms.katalon.core.testobject.ObjectRepository.findTestObject(Campaign_OR/uploadedCampaignImg), 30)): null

2018-07-24 15:02:04 - [MESSAGE][PASSED] - Object 'Object Repository/Campaign_OR/uploadedCampaignImg' is visible

2018-07-24 15:02:04 - [TEST_STEP][PASSED] - Statement - verifyImgName = com.kms.katalon.core.webui.keyword.WebUiBuiltInKeywords.getText(com.kms.katalon.core.testobject.ObjectRepository.findTestObject(Campaign_OR/uploadedCampaignImg)): Text of object 'Object Repository/Campaign_OR/uploadedCampaignImg' is: 'starbucks copy.jpg'

2018-07-24 15:02:04 - [MESSAGE][PASSED] - Text of object 'Object Repository/Campaign_OR/uploadedCampaignImg' is: 'starbucks copy.jpg'

2018-07-24 15:02:04 - [TEST_STEP][PASSED] - Statement - If (verifyImgName.equals(campaignImage) == true): null

2018-07-24 15:02:04 - [TEST_STEP][PASSED] - Statement - uploadedImg = true: null

2018-07-24 15:02:04 - [TEST_STEP][PASSED] - setText: Text 'http://www.starbucks.com.my/' is set on object 'Object Repository/Campaign_OR/Fields/i.k.input_tnc'

2018-07-24 15:02:04 - [MESSAGE][PASSED] - Text 'http://www.starbucks.com.my/' is set on object 'Object Repository/Campaign_OR/Fields/i.k.input_tnc'

2018-07-24 15:02:04 - [TEST_STEP][PASSED] - setText: Text 'kl.chanSzNA@macrokiosk.com' is set on object 'Object Repository/Campaign_OR/Fields/j.input_sender'

2018-07-24 15:02:04 - [MESSAGE][PASSED] - Text 'kl.chanSzNA@macrokiosk.com' is set on object 'Object Repository/Campaign_OR/Fields/j.input_sender'

2018-07-24 15:02:04 - [TEST_STEP][PASSED] - setText: Text '' is set on object 'Object Repository/Campaign_OR/Fields/k.input_subject'

2018-07-24 15:02:04 - [MESSAGE][PASSED] - Text '' is set on object 'Object Repository/Campaign_OR/Fields/k.input_subject'

2018-07-24 15:02:04 - [TEST_STEP][PASSED] - setText: Text 'Hello User, Welcome to our Starbucks Reserve @ SIT. Come subscribe with us and redeem more rewards.SzNA' is set on object 'Object Repository/Campaign_OR/Fields/l.textarea_content'

2018-07-24 15:02:05 - [MESSAGE][PASSED] - Text 'Hello User, Welcome to our Starbucks Reserve @ SIT. Come subscribe with us and redeem more rewards.SzNA' is set on object 'Object Repository/Campaign_OR/Fields/l.textarea_content'

2018-07-24 15:02:05 - [TEST_STEP][PASSED] - Statement - filepath = "": null

2018-07-24 15:02:05 - [TEST_STEP][PASSED] - Statement - If (os == "Windows"): null

2018-07-24 15:02:05 - [TEST_STEP][PASSED] - Statement - filepath = companyLogoPath: null

2018-07-24 15:02:05 - [TEST_STEP][PASSED] - Statement - verifyImgName = "": null

2018-07-24 15:02:05 - [TEST_STEP][PASSED] - Statement - uploadedImg = false: null

2018-07-24 15:02:05 - [TEST_STEP][PASSED] - Statement - reuploadCount = 0: null

2018-07-24 15:02:05 - [TEST_STEP][PASSED] - Statement - If (filepath.trim() != "" && companyLogo.trim() != ""): null

2018-07-24 15:02:05 - [TEST_STEP][PASSED] - sendKeys: Keys 'C:\Users\kl.chan\Katalon Studio\boldreward\Images\Company Logo\starbucks logo.jpg' sent to object: 'Object Repository/Campaign_OR/Fields/m.button_company_logo_1'

2018-07-24 15:02:05 - [MESSAGE][PASSED] - Keys 'C:\Users\kl.chan\Katalon Studio\boldreward\Images\Company Logo\starbucks logo.jpg' sent to object: 'Object Repository/Campaign_OR/Fields/m.button_company_logo_1'

2018-07-24 15:02:05 - [TEST_STEP][PASSED] - delay: Delayed 1 second(s)

2018-07-24 15:02:06 - [MESSAGE][PASSED] - Delayed 1 second(s)

2018-07-24 15:02:06 - [TEST_STEP][PASSED] - Statement - If (com.kms.katalon.core.webui.keyword.WebUiBuiltInKeywords.waitForElementVisible(com.kms.katalon.core.testobject.ObjectRepository.findTestObject(Campaign_OR/uploadedCompanyLogo), 30)): null

2018-07-24 15:02:06 - [MESSAGE][PASSED] - Object 'Object Repository/Campaign_OR/uploadedCompanyLogo' is visible

2018-07-24 15:02:06 - [TEST_STEP][PASSED] - Statement - verifyImgName = com.kms.katalon.core.webui.keyword.WebUiBuiltInKeywords.getText(com.kms.katalon.core.testobject.ObjectRepository.findTestObject(Campaign_OR/uploadedCompanyLogo)): Text of object 'Object Repository/Campaign_OR/uploadedCompanyLogo' is: 'starbucks logo.jpg'

2018-07-24 15:02:06 - [MESSAGE][PASSED] - Text of object 'Object Repository/Campaign_OR/uploadedCompanyLogo' is: 'starbucks logo.jpg'

2018-07-24 15:02:06 - [TEST_STEP][PASSED] - Statement - If (verifyImgName.equals(companyLogo) == true): null

2018-07-24 15:02:06 - [TEST_STEP][PASSED] - Statement - uploadedImg = true: null

2018-07-24 15:02:06 - [TEST_STEP][PASSED] - Statement - If (rewardCode == true): null

2018-07-24 15:02:06 - [TEST_STEP][PASSED] - Statement - Else If (rewardCode == false): Object: 'Object Repository/Campaign_OR/Fields/n.label_No' is clicked on

2018-07-24 15:02:06 - [TEST_STEP][PASSED] - click: Object: 'Object Repository/Campaign_OR/Fields/n.label_No' is clicked on

2018-07-24 15:02:06 - [MESSAGE][PASSED] - Object: 'Object Repository/Campaign_OR/Fields/n.label_No' is clicked on

2018-07-24 15:02:06 - [TEST_STEP][PASSED] - verifyElementChecked: Object 'Object Repository/Campaign_OR/Fields/radio_No' is checked

2018-07-24 15:02:06 - [MESSAGE][PASSED] - Object 'Object Repository/Campaign_OR/Fields/radio_No' is checked

2018-07-24 15:02:06 - [TEST_STEP][PASSED] - verifyElementChecked: Object 'Object Repository/Campaign_OR/Fields/radio_Yes' is not checked

2018-07-24 15:02:06 - [MESSAGE][WARNING] - Object 'Object Repository/Campaign_OR/Fields/radio_Yes' is not checked
[[ATTACHMENT|C:\\Users\\kl.chan\\Katalon Studio\\boldreward\\Reports\\TS_Create_Campaign\\TS002 Edit Campaign with negative testing\\20180724_145748\\1532415726691.png]]

2018-07-24 15:02:06 - [TEST_STEP][PASSED] - click: Object: 'Object Repository/Campaign_OR/button_Save' is clicked on

2018-07-24 15:02:07 - [MESSAGE][PASSED] - Object: 'Object Repository/Campaign_OR/button_Save' is clicked on

2018-07-24 15:02:07 - [TEST_STEP][PASSED] - delay: Delayed 2 second(s)

2018-07-24 15:02:09 - [MESSAGE][PASSED] - Delayed 2 second(s)

2018-07-24 15:02:09 - [MESSAGE][PASSED] - Call Test Case 'Test Cases/Merchant Portal/Campaign/Campagin Modules/create campaign' successfully

2018-07-24 15:02:09 - [TEST_STEP][PASSED] - Statement - updateFailed = false: null

2018-07-24 15:02:09 - [TEST_STEP][PASSED] - Statement - If (com.kms.katalon.core.webui.keyword.WebUiBuiltInKeywords.waitForElementVisible(com.kms.katalon.core.testobject.ObjectRepository.findTestObject(a.Not_Assigned_OR/alert_msg_top), 3)): null

2018-07-24 15:02:09 - [MESSAGE][PASSED] - Object 'Object Repository/a.Not_Assigned_OR/alert_msg_top' is visible

2018-07-24 15:02:09 - [TEST_STEP][PASSED] - Statement - verifyPopoutMsg = com.kms.katalon.core.webui.keyword.WebUiBuiltInKeywords.getText(com.kms.katalon.core.testobject.ObjectRepository.findTestObject(a.Not_Assigned_OR/alert_msg_top)): Text of object 'Object Repository/a.Not_Assigned_OR/alert_msg_top' is: 'Oops! Invalid inputs, please try again.'

2018-07-24 15:02:09 - [MESSAGE][PASSED] - Text of object 'Object Repository/a.Not_Assigned_OR/alert_msg_top' is: 'Oops! Invalid inputs, please try again.'

2018-07-24 15:02:09 - [TEST_STEP][PASSED] - Statement - If (verifyPopoutMsg.equals(msgServer) == true): null

2018-07-24 15:02:09 - [TEST_STEP][PASSED] - Statement - updateFailed = true: null

2018-07-24 15:02:09 - [TEST_STEP][PASSED] - Statement - updateSuccess = false: null

2018-07-24 15:02:09 - [TEST_STEP][PASSED] - Statement - If (com.kms.katalon.core.webui.keyword.WebUiBuiltInKeywords.waitForElementVisible(com.kms.katalon.core.testobject.ObjectRepository.findTestObject(Campaign_OR/Error Message/msg_edit_success), 3)): Web element with id: 'Object Repository/Campaign_OR/Error Message/msg_edit_success' located by 'By.xpath: id("errorMessage")/p[@class="error-block"]' not found

2018-07-24 15:02:12 - [MESSAGE][WARNING] - Web element with id: 'Object Repository/Campaign_OR/Error Message/msg_edit_success' located by 'By.xpath: id("errorMessage")/p[@class="error-block"]' not found

2018-07-24 15:02:12 - [TEST_STEP][PASSED] - Statement - createSuccess = false: null

2018-07-24 15:02:12 - [TEST_STEP][PASSED] - Statement - If (com.kms.katalon.core.webui.keyword.WebUiBuiltInKeywords.waitForElementVisible(com.kms.katalon.core.testobject.ObjectRepository.findTestObject(Home_OR/label_home), 3)): Web element with id: 'Object Repository/Home_OR/label_home' located by 'By.xpath: id("wrapper")/div[@class="content-page"]/div[@class="content"]/div[@class="ng-scope"]/div[@class="ng-scope"]/div[@class="page-heading"]/h1[1][count(. | //h1[(text() = ' Home' or . = ' Home')]) = count(//h1[(text() = ' Home' or . = ' Home')])]' not found

2018-07-24 15:02:15 - [MESSAGE][WARNING] - Web element with id: 'Object Repository/Home_OR/label_home' located by 'By.xpath: id("wrapper")/div[@class="content-page"]/div[@class="content"]/div[@class="ng-scope"]/div[@class="ng-scope"]/div[@class="page-heading"]/h1[1][count(. | //h1[(text() = ' Home' or . = ' Home')]) = count(//h1[(text() = ' Home' or . = ' Home')])]' not found

2018-07-24 15:02:15 - [TEST_STEP][PASSED] - Statement - If (updateSuccess == true): null

2018-07-24 15:02:15 - [TEST_STEP][PASSED] - Statement - Else If (updateFailed == true): null

2018-07-24 15:02:15 - [TEST_STEP][PASSED] - Statement - verifyError = false: null

2018-07-24 15:02:15 - [TEST_STEP][PASSED] - Statement - If (companyName.trim() == ""): null

2018-07-24 15:02:15 - [TEST_STEP][PASSED] - Statement - If (campaignInstruc.trim() == ""): null

2018-07-24 15:02:15 - [TEST_STEP][PASSED] - Statement - If (radioEmail.toLowerCase() == "false"): null

2018-07-24 15:02:15 - [TEST_STEP][PASSED] - Statement - campaignImgName = com.kms.katalon.core.webui.keyword.WebUiBuiltInKeywords.getText(com.kms.katalon.core.testobject.ObjectRepository.findTestObject(Campaign_OR/uploadedCampaignImg)): Text of object 'Object Repository/Campaign_OR/uploadedCampaignImg' is: 'starbucks copy.jpg'

2018-07-24 15:02:15 - [MESSAGE][PASSED] - Text of object 'Object Repository/Campaign_OR/uploadedCampaignImg' is: 'starbucks copy.jpg'

2018-07-24 15:02:15 - [TEST_STEP][PASSED] - Statement - If (campaignImgName == ""): null

2018-07-24 15:02:15 - [TEST_STEP][PASSED] - Statement - If (emailSender.trim() == ""): null

2018-07-24 15:02:15 - [TEST_STEP][PASSED] - Statement - If (emailSubject.trim() == ""): null

2018-07-24 15:02:15 - [TEST_STEP][PASSED] - verifyElementVisible: Object 'Object Repository/Campaign_OR/Error Message/msg_subject' is visible

2018-07-24 15:02:15 - [MESSAGE][PASSED] - Object 'Object Repository/Campaign_OR/Error Message/msg_subject' is visible

2018-07-24 15:02:15 - [TEST_STEP][PASSED] - Statement - verifyEmptySubject = com.kms.katalon.core.webui.keyword.WebUiBuiltInKeywords.getText(com.kms.katalon.core.testobject.ObjectRepository.findTestObject(Campaign_OR/Error Message/msg_subject)): Text of object 'Object Repository/Campaign_OR/Error Message/msg_subject' is: 'Please complete this field.'

2018-07-24 15:02:15 - [MESSAGE][PASSED] - Text of object 'Object Repository/Campaign_OR/Error Message/msg_subject' is: 'Please complete this field.'

2018-07-24 15:02:15 - [TEST_STEP][PASSED] - verifyMatch: Actual text 'Please complete this field.' and expected text 'Please complete this field.' are matched  using regular expression

2018-07-24 15:02:15 - [MESSAGE][PASSED] - Actual text 'Please complete this field.' and expected text 'Please complete this field.' are matched  using regular expression

2018-07-24 15:02:15 - [TEST_STEP][PASSED] - Statement - verifyError = true: null

2018-07-24 15:02:15 - [TEST_STEP][PASSED] - Statement - If (emailContent.trim() == ""): null

2018-07-24 15:02:15 - [TEST_STEP][PASSED] - Statement - companyLogoName = com.kms.katalon.core.webui.keyword.WebUiBuiltInKeywords.getText(com.kms.katalon.core.testobject.ObjectRepository.findTestObject(Campaign_OR/uploadedCompanyLogo)): Text of object 'Object Repository/Campaign_OR/uploadedCompanyLogo' is: 'starbucks logo.jpg'

2018-07-24 15:02:15 - [MESSAGE][PASSED] - Text of object 'Object Repository/Campaign_OR/uploadedCompanyLogo' is: 'starbucks logo.jpg'

2018-07-24 15:02:15 - [TEST_STEP][PASSED] - Statement - If (companyLogoName == ""): null

2018-07-24 15:02:15 - [TEST_STEP][PASSED] - Statement - If (com.kms.katalon.core.webui.keyword.WebUiBuiltInKeywords.waitForElementVisible(com.kms.katalon.core.testobject.ObjectRepository.findTestObject(Campaign_OR/Error Message/msg_cpgn_image2), 2)): Web element with id: 'Object Repository/Campaign_OR/Error Message/msg_cpgn_image2' located by 'By.xpath: id("campaignImage")/p[@class="error-block ng-binding"][count(. | //p[@class = 'error-block ng-binding' and @ng-hide = 'CC.errorImage == 200 || CC.errorImage == undefined']) = count(//p[@class = 'error-block ng-binding' and @ng-hide = 'CC.errorImage == 200 || CC.errorImage == undefined'])]' not found

2018-07-24 15:02:17 - [MESSAGE][WARNING] - Web element with id: 'Object Repository/Campaign_OR/Error Message/msg_cpgn_image2' located by 'By.xpath: id("campaignImage")/p[@class="error-block ng-binding"][count(. | //p[@class = 'error-block ng-binding' and @ng-hide = 'CC.errorImage == 200 || CC.errorImage == undefined']) = count(//p[@class = 'error-block ng-binding' and @ng-hide = 'CC.errorImage == 200 || CC.errorImage == undefined'])]' not found

2018-07-24 15:02:17 - [TEST_STEP][PASSED] - Statement - If (com.kms.katalon.core.webui.keyword.WebUiBuiltInKeywords.waitForElementVisible(com.kms.katalon.core.testobject.ObjectRepository.findTestObject(Campaign_OR/Error Message/msg_TCURL), 2)): Web element with id: 'Object Repository/Campaign_OR/Error Message/msg_TCURL' located by 'By.xpath: id("wrapper")/div[@class="content-page"]/div[@class="content"]/div[@class="ng-scope"]/div[@class="row ng-scope"]/div[@class="col-md-7"]/div[@class="widget"]/div[@class="widget-content padding"]/div[@class="form-horizontal"]/div[@class="form-group"]/div[@id="tncUrl"]/p[@class="error-block"][count(. | //p[(text() = 'Invalid format, please follow as http://wwww.example.com' or . = 'Invalid format, please follow as http://wwww.example.com')]) = count(//p[(text() = 'Invalid format, please follow as http://wwww.example.com' or . = 'Invalid format, please follow as http://wwww.example.com')])]' not found

2018-07-24 15:02:19 - [MESSAGE][WARNING] - Web element with id: 'Object Repository/Campaign_OR/Error Message/msg_TCURL' located by 'By.xpath: id("wrapper")/div[@class="content-page"]/div[@class="content"]/div[@class="ng-scope"]/div[@class="row ng-scope"]/div[@class="col-md-7"]/div[@class="widget"]/div[@class="widget-content padding"]/div[@class="form-horizontal"]/div[@class="form-group"]/div[@id="tncUrl"]/p[@class="error-block"][count(. | //p[(text() = 'Invalid format, please follow as http://wwww.example.com' or . = 'Invalid format, please follow as http://wwww.example.com')]) = count(//p[(text() = 'Invalid format, please follow as http://wwww.example.com' or . = 'Invalid format, please follow as http://wwww.example.com')])]' not found

2018-07-24 15:02:19 - [TEST_STEP][PASSED] - Statement - If (emailSender.trim() != ""): Web element with id: 'Object Repository/Campaign_OR/Error Message/msg_sender' located by 'By.xpath: id("emailSender")/p[@class="error-block"]' not found

2018-07-24 15:02:19 - [TEST_STEP][PASSED] - Statement - If (com.kms.katalon.core.webui.keyword.WebUiBuiltInKeywords.waitForElementVisible(com.kms.katalon.core.testobject.ObjectRepository.findTestObject(Campaign_OR/Error Message/msg_sender), 2)): Web element with id: 'Object Repository/Campaign_OR/Error Message/msg_sender' located by 'By.xpath: id("emailSender")/p[@class="error-block"]' not found

2018-07-24 15:02:21 - [MESSAGE][WARNING] - Web element with id: 'Object Repository/Campaign_OR/Error Message/msg_sender' located by 'By.xpath: id("emailSender")/p[@class="error-block"]' not found

2018-07-24 15:02:21 - [TEST_STEP][PASSED] - Statement - If (com.kms.katalon.core.webui.keyword.WebUiBuiltInKeywords.waitForElementVisible(com.kms.katalon.core.testobject.ObjectRepository.findTestObject(Campaign_OR/Error Message/msg_company_logo), 2)): Web element with id: 'Object Repository/Campaign_OR/Error Message/msg_company_logo' located by 'By.xpath: id("companyLogo")/p[@class="error-block ng-binding"][count(. | //p[@class = 'error-block ng-binding' and @ng-hide = 'CC.errorLogo == 200 || CC.errorLogo == undefined']) = count(//p[@class = 'error-block ng-binding' and @ng-hide = 'CC.errorLogo == 200 || CC.errorLogo == undefined'])]' not found

2018-07-24 15:02:23 - [MESSAGE][WARNING] - Web element with id: 'Object Repository/Campaign_OR/Error Message/msg_company_logo' located by 'By.xpath: id("companyLogo")/p[@class="error-block ng-binding"][count(. | //p[@class = 'error-block ng-binding' and @ng-hide = 'CC.errorLogo == 200 || CC.errorLogo == undefined']) = count(//p[@class = 'error-block ng-binding' and @ng-hide = 'CC.errorLogo == 200 || CC.errorLogo == undefined'])]' not found

2018-07-24 15:02:23 - [TEST_STEP][PASSED] - refresh: Refresh successfully

2018-07-24 15:02:24 - [MESSAGE][PASSED] - Refresh successfully

2018-07-24 15:02:24 - [TEST_STEP][PASSED] - Statement - If (verifyError == false): null]]></system-out>
         <system-err><![CDATA[]]></system-err>
      </testcase>
      <testcase name="Test Cases/Merchant Portal/Campaign/TC001 Campaign - verify all case" classname="Test Cases/Merchant Portal/Campaign/TC001 Campaign - verify all case" status="PASSED">
         <system-out><![CDATA[2018-07-24 15:02:24 - [TEST_CASE][PASSED] - Test Cases/Merchant Portal/Campaign/TC001 Campaign - verify all case: Test Cases/Merchant Portal/Campaign/TC001 Campaign - verify all case

2018-07-24 15:02:24 - [TEST_STEP][PASSED] - Statement - randomWords = CustomKeywords.randomWords.GenerateNumber.randomString(4): randomWords.GenerateNumber.randomString is PASSED

2018-07-24 15:02:24 - [MESSAGE][PASSED] - randomWords.GenerateNumber.randomString is PASSED

2018-07-24 15:02:24 - [TEST_STEP][PASSED] - Statement - If (companyName.trim() != ""): null

2018-07-24 15:02:24 - [TEST_STEP][PASSED] - Statement - companyName = companyName + randomWords: null

2018-07-24 15:02:24 - [TEST_STEP][PASSED] - Statement - If (campaignInstruc.trim() != ""): null

2018-07-24 15:02:24 - [TEST_STEP][PASSED] - Statement - campaignInstruc = campaignInstruc + randomWords: null

2018-07-24 15:02:24 - [TEST_STEP][PASSED] - Statement - If (emailSender.trim() != ""): null

2018-07-24 15:02:24 - [TEST_STEP][PASSED] - Statement - email = emailSender: null

2018-07-24 15:02:24 - [TEST_STEP][PASSED] - Statement - splitEmail = email.split("@"): null

2018-07-24 15:02:24 - [TEST_STEP][PASSED] - Statement - numb = length: null

2018-07-24 15:02:24 - [TEST_STEP][PASSED] - Statement - If (numb > 1): null

2018-07-24 15:02:24 - [TEST_STEP][PASSED] - Statement - emailSender = splitEmail[0] + randomWords + "@" + splitEmail[1]: null

2018-07-24 15:02:24 - [TEST_STEP][PASSED] - Statement - If (emailSubject.trim() != ""): null

2018-07-24 15:02:24 - [TEST_STEP][PASSED] - Statement - If (emailContent.trim() != ""): null

2018-07-24 15:02:24 - [TEST_STEP][PASSED] - Statement - emailContent = emailContent + randomWords: null

2018-07-24 15:02:24 - [TEST_STEP][PASSED] - callTestCase: Call Test Case 'Test Cases/Merchant Portal/Campaign/Campagin Modules/create campaign' successfully

2018-07-24 15:02:24 - [TEST_CASE][PASSED] - Test Cases/Merchant Portal/Campaign/Campagin Modules/create campaign: Test Cases/Merchant Portal/Campaign/Campagin Modules/create campaign

2018-07-24 15:02:24 - [TEST_STEP][PASSED] - Statement - osName = "": null

2018-07-24 15:02:24 - [TEST_STEP][PASSED] - Statement - osName = CustomKeywords.os.DetectOS.getOperatingSystem(osName): os.DetectOS.getOperatingSystem is PASSED

2018-07-24 15:02:24 - [MESSAGE][PASSED] - os.DetectOS.getOperatingSystem is PASSED

2018-07-24 15:02:24 - [TEST_STEP][PASSED] - Statement - splitString = osName.split(): null

2018-07-24 15:02:24 - [TEST_STEP][PASSED] - Statement - os = splitString[0].toString(): null

2018-07-24 15:02:24 - [TEST_STEP][PASSED] - Statement - If (loggedin == false): null

2018-07-24 15:02:24 - [TEST_STEP][PASSED] - Statement - If (accessModule == false): null

2018-07-24 15:02:24 - [TEST_STEP][PASSED] - delay: Delayed 5 second(s)

2018-07-24 15:02:29 - [MESSAGE][PASSED] - Delayed 5 second(s)

2018-07-24 15:02:29 - [TEST_STEP][PASSED] - setText: Text 'Starbucks Reserve LtdmPGW' is set on object 'Object Repository/Campaign_OR/Fields/a.input_company_name'

2018-07-24 15:02:29 - [MESSAGE][PASSED] - Text 'Starbucks Reserve LtdmPGW' is set on object 'Object Repository/Campaign_OR/Fields/a.input_company_name'

2018-07-24 15:02:29 - [TEST_STEP][PASSED] - setText: Text 'Please subscribe with us and redeem a free coffee. Come join us now!mPGW' is set on object 'Object Repository/Campaign_OR/Fields/b.textarea_campaign_instruction'

2018-07-24 15:02:30 - [MESSAGE][PASSED] - Text 'Please subscribe with us and redeem a free coffee. Come join us now!mPGW' is set on object 'Object Repository/Campaign_OR/Fields/b.textarea_campaign_instruction'

2018-07-24 15:02:30 - [TEST_STEP][PASSED] - Statement - verifyEmail = false: null

2018-07-24 15:02:30 - [TEST_STEP][PASSED] - Statement - If (radioEmail.toLowerCase() == "true"): null

2018-07-24 15:02:30 - [TEST_STEP][PASSED] - Statement - verifyEmail = true: null

2018-07-24 15:02:30 - [TEST_STEP][PASSED] - Statement - If (verifyEmail == true): Object 'Object Repository/Campaign_OR/input_email' is visible

2018-07-24 15:02:30 - [TEST_STEP][PASSED] - Statement - If (com.kms.katalon.core.webui.keyword.WebUiBuiltInKeywords.verifyElementNotChecked(com.kms.katalon.core.testobject.ObjectRepository.findTestObject(Campaign_OR/Fields/c.checkbox_email), 1, OPTIONAL)): Object 'Object Repository/Campaign_OR/Fields/c.checkbox_email' is checked

2018-07-24 15:02:30 - [MESSAGE][WARNING] - Object 'Object Repository/Campaign_OR/Fields/c.checkbox_email' is checked
[[ATTACHMENT|C:\\Users\\kl.chan\\Katalon Studio\\boldreward\\Reports\\TS_Create_Campaign\\TS002 Edit Campaign with negative testing\\20180724_145748\\1532415750131.png]]

2018-07-24 15:02:30 - [TEST_STEP][PASSED] - Statement - Else: Object 'Object Repository/Campaign_OR/input_email' is visible

2018-07-24 15:02:30 - [TEST_STEP][PASSED] - verifyElementVisible: Object 'Object Repository/Campaign_OR/input_email' is visible

2018-07-24 15:02:30 - [MESSAGE][PASSED] - Object 'Object Repository/Campaign_OR/input_email' is visible

2018-07-24 15:02:30 - [TEST_STEP][PASSED] - Statement - verifyMobileno = false: null

2018-07-24 15:02:30 - [TEST_STEP][PASSED] - Statement - If (radioMobileno.toLowerCase() == "true"): null

2018-07-24 15:02:30 - [TEST_STEP][PASSED] - Statement - If (verifyMobileno == true): null

2018-07-24 15:02:30 - [TEST_STEP][PASSED] - Statement - Else If (verifyMobileno == false): Object 'Object Repository/Campaign_OR/input_mobileno' is NOT visible

2018-07-24 15:02:30 - [TEST_STEP][PASSED] - Statement - If (com.kms.katalon.core.webui.keyword.WebUiBuiltInKeywords.verifyElementChecked(com.kms.katalon.core.testobject.ObjectRepository.findTestObject(Campaign_OR/Fields/d.checkbox_mobile_number), 1, OPTIONAL)): Object 'Object Repository/Campaign_OR/input_mobileno' is NOT visible

2018-07-24 15:02:30 - [MESSAGE][PASSED] - Object 'Object Repository/Campaign_OR/Fields/d.checkbox_mobile_number' is checked

2018-07-24 15:02:30 - [TEST_STEP][PASSED] - delay: Delayed 1 second(s)

2018-07-24 15:02:31 - [MESSAGE][PASSED] - Delayed 1 second(s)

2018-07-24 15:02:31 - [TEST_STEP][PASSED] - click: Object: 'Object Repository/Campaign_OR/Fields/d.checkbox_mobile_number' is clicked on

2018-07-24 15:02:31 - [MESSAGE][PASSED] - Object: 'Object Repository/Campaign_OR/Fields/d.checkbox_mobile_number' is clicked on

2018-07-24 15:02:31 - [TEST_STEP][PASSED] - verifyElementNotVisible: Object 'Object Repository/Campaign_OR/input_mobileno' is NOT visible

2018-07-24 15:02:31 - [MESSAGE][PASSED] - Object 'Object Repository/Campaign_OR/input_mobileno' is NOT visible

2018-07-24 15:02:31 - [TEST_STEP][PASSED] - Statement - verifyName = false: null

2018-07-24 15:02:31 - [TEST_STEP][PASSED] - Statement - If (radioName.toLowerCase() == "true"): null

2018-07-24 15:02:31 - [TEST_STEP][PASSED] - Statement - If (verifyName == true): null

2018-07-24 15:02:31 - [TEST_STEP][PASSED] - Statement - Else If (verifyName == false): Object 'Object Repository/Campaign_OR/input_name' is NOT visible

2018-07-24 15:02:31 - [TEST_STEP][PASSED] - Statement - If (com.kms.katalon.core.webui.keyword.WebUiBuiltInKeywords.verifyElementChecked(com.kms.katalon.core.testobject.ObjectRepository.findTestObject(Campaign_OR/Fields/e.checkbox_name), 1, OPTIONAL)): Object 'Object Repository/Campaign_OR/input_name' is NOT visible

2018-07-24 15:02:31 - [MESSAGE][PASSED] - Object 'Object Repository/Campaign_OR/Fields/e.checkbox_name' is checked

2018-07-24 15:02:31 - [TEST_STEP][PASSED] - delay: Delayed 1 second(s)

2018-07-24 15:02:32 - [MESSAGE][PASSED] - Delayed 1 second(s)

2018-07-24 15:02:32 - [TEST_STEP][PASSED] - click: Object: 'Object Repository/Campaign_OR/Fields/e.checkbox_name' is clicked on

2018-07-24 15:02:32 - [MESSAGE][PASSED] - Object: 'Object Repository/Campaign_OR/Fields/e.checkbox_name' is clicked on

2018-07-24 15:02:32 - [TEST_STEP][PASSED] - verifyElementNotVisible: Object 'Object Repository/Campaign_OR/input_name' is NOT visible

2018-07-24 15:02:32 - [MESSAGE][PASSED] - Object 'Object Repository/Campaign_OR/input_name' is NOT visible

2018-07-24 15:02:32 - [TEST_STEP][PASSED] - Statement - verifyGender = false: null

2018-07-24 15:02:32 - [TEST_STEP][PASSED] - Statement - If (radioGender.toLowerCase() == "true"): null

2018-07-24 15:02:32 - [TEST_STEP][PASSED] - Statement - If (verifyGender == true): null

2018-07-24 15:02:32 - [TEST_STEP][PASSED] - Statement - Else If (verifyGender == false): Object 'Object Repository/Campaign_OR/label_Female' is NOT visible

2018-07-24 15:02:32 - [TEST_STEP][PASSED] - Statement - If (com.kms.katalon.core.webui.keyword.WebUiBuiltInKeywords.verifyElementChecked(com.kms.katalon.core.testobject.ObjectRepository.findTestObject(Campaign_OR/Fields/f.checkbox_gender), 1, OPTIONAL)): Object 'Object Repository/Campaign_OR/label_Female' is NOT visible

2018-07-24 15:02:32 - [MESSAGE][PASSED] - Object 'Object Repository/Campaign_OR/Fields/f.checkbox_gender' is checked

2018-07-24 15:02:32 - [TEST_STEP][PASSED] - delay: Delayed 1 second(s)

2018-07-24 15:02:33 - [MESSAGE][PASSED] - Delayed 1 second(s)

2018-07-24 15:02:33 - [TEST_STEP][PASSED] - click: Object: 'Object Repository/Campaign_OR/Fields/f.checkbox_gender' is clicked on

2018-07-24 15:02:33 - [MESSAGE][PASSED] - Object: 'Object Repository/Campaign_OR/Fields/f.checkbox_gender' is clicked on

2018-07-24 15:02:33 - [TEST_STEP][PASSED] - verifyElementNotVisible: Object 'Object Repository/Campaign_OR/label_Male' is NOT visible

2018-07-24 15:02:34 - [MESSAGE][PASSED] - Object 'Object Repository/Campaign_OR/label_Male' is NOT visible

2018-07-24 15:02:34 - [TEST_STEP][PASSED] - verifyElementNotVisible: Object 'Object Repository/Campaign_OR/label_Female' is NOT visible

2018-07-24 15:02:34 - [MESSAGE][PASSED] - Object 'Object Repository/Campaign_OR/label_Female' is NOT visible

2018-07-24 15:02:34 - [TEST_STEP][PASSED] - Statement - verifyDOB = false: null

2018-07-24 15:02:34 - [TEST_STEP][PASSED] - Statement - If (radioDOB.toLowerCase() == "true"): null

2018-07-24 15:02:34 - [TEST_STEP][PASSED] - Statement - If (verifyDOB == true): null

2018-07-24 15:02:34 - [TEST_STEP][PASSED] - Statement - Else If (verifyDOB == false): Object 'Object Repository/Campaign_OR/input_datepicker' is NOT visible

2018-07-24 15:02:34 - [TEST_STEP][PASSED] - Statement - If (com.kms.katalon.core.webui.keyword.WebUiBuiltInKeywords.verifyElementChecked(com.kms.katalon.core.testobject.ObjectRepository.findTestObject(Campaign_OR/Fields/g.checkbox_dob), 1, OPTIONAL)): Object 'Object Repository/Campaign_OR/input_datepicker' is NOT visible

2018-07-24 15:02:34 - [MESSAGE][PASSED] - Object 'Object Repository/Campaign_OR/Fields/g.checkbox_dob' is checked

2018-07-24 15:02:34 - [TEST_STEP][PASSED] - delay: Delayed 1 second(s)

2018-07-24 15:02:35 - [MESSAGE][PASSED] - Delayed 1 second(s)

2018-07-24 15:02:35 - [TEST_STEP][PASSED] - click: Object: 'Object Repository/Campaign_OR/Fields/g.checkbox_dob' is clicked on

2018-07-24 15:02:35 - [MESSAGE][PASSED] - Object: 'Object Repository/Campaign_OR/Fields/g.checkbox_dob' is clicked on

2018-07-24 15:02:35 - [TEST_STEP][PASSED] - verifyElementNotVisible: Object 'Object Repository/Campaign_OR/input_datepicker' is NOT visible

2018-07-24 15:02:35 - [MESSAGE][PASSED] - Object 'Object Repository/Campaign_OR/input_datepicker' is NOT visible

2018-07-24 15:02:35 - [TEST_STEP][PASSED] - Statement - filepath = "": null

2018-07-24 15:02:35 - [TEST_STEP][PASSED] - Statement - If (os == "Windows"): null

2018-07-24 15:02:35 - [TEST_STEP][PASSED] - Statement - filepath = campaignImagePath: null

2018-07-24 15:02:35 - [TEST_STEP][PASSED] - Statement - verifyImgName = "": null

2018-07-24 15:02:35 - [TEST_STEP][PASSED] - Statement - uploadedImg = false: null

2018-07-24 15:02:35 - [TEST_STEP][PASSED] - Statement - If (filepath.trim() != "" && campaignImage.trim() != ""): null

2018-07-24 15:02:35 - [TEST_STEP][PASSED] - sendKeys: Keys 'C:\Users\kl.chan\Katalon Studio\boldreward\Images\Campaign Image\starbucks copy.jpg' sent to object: 'Object Repository/Campaign_OR/Fields/h.button_campaign_image_1'

2018-07-24 15:02:35 - [MESSAGE][PASSED] - Keys 'C:\Users\kl.chan\Katalon Studio\boldreward\Images\Campaign Image\starbucks copy.jpg' sent to object: 'Object Repository/Campaign_OR/Fields/h.button_campaign_image_1'

2018-07-24 15:02:35 - [TEST_STEP][PASSED] - delay: Delayed 1 second(s)

2018-07-24 15:02:36 - [MESSAGE][PASSED] - Delayed 1 second(s)

2018-07-24 15:02:36 - [TEST_STEP][PASSED] - Statement - If (com.kms.katalon.core.webui.keyword.WebUiBuiltInKeywords.waitForElementVisible(com.kms.katalon.core.testobject.ObjectRepository.findTestObject(Campaign_OR/uploadedCampaignImg), 30)): null

2018-07-24 15:02:36 - [MESSAGE][PASSED] - Object 'Object Repository/Campaign_OR/uploadedCampaignImg' is visible

2018-07-24 15:02:36 - [TEST_STEP][PASSED] - Statement - verifyImgName = com.kms.katalon.core.webui.keyword.WebUiBuiltInKeywords.getText(com.kms.katalon.core.testobject.ObjectRepository.findTestObject(Campaign_OR/uploadedCampaignImg)): Text of object 'Object Repository/Campaign_OR/uploadedCampaignImg' is: 'starbucks copy.jpg'

2018-07-24 15:02:36 - [MESSAGE][PASSED] - Text of object 'Object Repository/Campaign_OR/uploadedCampaignImg' is: 'starbucks copy.jpg'

2018-07-24 15:02:36 - [TEST_STEP][PASSED] - Statement - If (verifyImgName.equals(campaignImage) == true): null

2018-07-24 15:02:36 - [TEST_STEP][PASSED] - Statement - uploadedImg = true: null

2018-07-24 15:02:36 - [TEST_STEP][PASSED] - setText: Text 'http://www.starbucks.com.my/' is set on object 'Object Repository/Campaign_OR/Fields/i.k.input_tnc'

2018-07-24 15:02:36 - [MESSAGE][PASSED] - Text 'http://www.starbucks.com.my/' is set on object 'Object Repository/Campaign_OR/Fields/i.k.input_tnc'

2018-07-24 15:02:36 - [TEST_STEP][PASSED] - setText: Text 'kl.chanmPGW@macrokiosk.com' is set on object 'Object Repository/Campaign_OR/Fields/j.input_sender'

2018-07-24 15:02:36 - [MESSAGE][PASSED] - Text 'kl.chanmPGW@macrokiosk.com' is set on object 'Object Repository/Campaign_OR/Fields/j.input_sender'

2018-07-24 15:02:36 - [TEST_STEP][PASSED] - setText: Text ' ' is set on object 'Object Repository/Campaign_OR/Fields/k.input_subject'

2018-07-24 15:02:36 - [MESSAGE][PASSED] - Text ' ' is set on object 'Object Repository/Campaign_OR/Fields/k.input_subject'

2018-07-24 15:02:36 - [TEST_STEP][PASSED] - setText: Text 'Hello User, Welcome to our Starbucks Reserve @ SIT. Come subscribe with us and redeem more rewards.mPGW' is set on object 'Object Repository/Campaign_OR/Fields/l.textarea_content'

2018-07-24 15:02:37 - [MESSAGE][PASSED] - Text 'Hello User, Welcome to our Starbucks Reserve @ SIT. Come subscribe with us and redeem more rewards.mPGW' is set on object 'Object Repository/Campaign_OR/Fields/l.textarea_content'

2018-07-24 15:02:37 - [TEST_STEP][PASSED] - Statement - filepath = "": null

2018-07-24 15:02:37 - [TEST_STEP][PASSED] - Statement - If (os == "Windows"): null

2018-07-24 15:02:37 - [TEST_STEP][PASSED] - Statement - filepath = companyLogoPath: null

2018-07-24 15:02:37 - [TEST_STEP][PASSED] - Statement - verifyImgName = "": null

2018-07-24 15:02:37 - [TEST_STEP][PASSED] - Statement - uploadedImg = false: null

2018-07-24 15:02:37 - [TEST_STEP][PASSED] - Statement - reuploadCount = 0: null

2018-07-24 15:02:37 - [TEST_STEP][PASSED] - Statement - If (filepath.trim() != "" && companyLogo.trim() != ""): null

2018-07-24 15:02:37 - [TEST_STEP][PASSED] - sendKeys: Keys 'C:\Users\kl.chan\Katalon Studio\boldreward\Images\Company Logo\starbucks logo.jpg' sent to object: 'Object Repository/Campaign_OR/Fields/m.button_company_logo_1'

2018-07-24 15:02:37 - [MESSAGE][PASSED] - Keys 'C:\Users\kl.chan\Katalon Studio\boldreward\Images\Company Logo\starbucks logo.jpg' sent to object: 'Object Repository/Campaign_OR/Fields/m.button_company_logo_1'

2018-07-24 15:02:37 - [TEST_STEP][PASSED] - delay: Delayed 1 second(s)

2018-07-24 15:02:38 - [MESSAGE][PASSED] - Delayed 1 second(s)

2018-07-24 15:02:38 - [TEST_STEP][PASSED] - Statement - If (com.kms.katalon.core.webui.keyword.WebUiBuiltInKeywords.waitForElementVisible(com.kms.katalon.core.testobject.ObjectRepository.findTestObject(Campaign_OR/uploadedCompanyLogo), 30)): null

2018-07-24 15:02:38 - [MESSAGE][PASSED] - Object 'Object Repository/Campaign_OR/uploadedCompanyLogo' is visible

2018-07-24 15:02:38 - [TEST_STEP][PASSED] - Statement - verifyImgName = com.kms.katalon.core.webui.keyword.WebUiBuiltInKeywords.getText(com.kms.katalon.core.testobject.ObjectRepository.findTestObject(Campaign_OR/uploadedCompanyLogo)): Text of object 'Object Repository/Campaign_OR/uploadedCompanyLogo' is: 'starbucks logo.jpg'

2018-07-24 15:02:38 - [MESSAGE][PASSED] - Text of object 'Object Repository/Campaign_OR/uploadedCompanyLogo' is: 'starbucks logo.jpg'

2018-07-24 15:02:38 - [TEST_STEP][PASSED] - Statement - If (verifyImgName.equals(companyLogo) == true): null

2018-07-24 15:02:38 - [TEST_STEP][PASSED] - Statement - uploadedImg = true: null

2018-07-24 15:02:38 - [TEST_STEP][PASSED] - Statement - If (rewardCode == true): null

2018-07-24 15:02:38 - [TEST_STEP][PASSED] - Statement - Else If (rewardCode == false): Object: 'Object Repository/Campaign_OR/Fields/n.label_No' is clicked on

2018-07-24 15:02:38 - [TEST_STEP][PASSED] - click: Object: 'Object Repository/Campaign_OR/Fields/n.label_No' is clicked on

2018-07-24 15:02:38 - [MESSAGE][PASSED] - Object: 'Object Repository/Campaign_OR/Fields/n.label_No' is clicked on

2018-07-24 15:02:38 - [TEST_STEP][PASSED] - verifyElementChecked: Object 'Object Repository/Campaign_OR/Fields/radio_No' is checked

2018-07-24 15:02:38 - [MESSAGE][PASSED] - Object 'Object Repository/Campaign_OR/Fields/radio_No' is checked

2018-07-24 15:02:38 - [TEST_STEP][PASSED] - verifyElementChecked: Object 'Object Repository/Campaign_OR/Fields/radio_Yes' is not checked

2018-07-24 15:02:39 - [MESSAGE][WARNING] - Object 'Object Repository/Campaign_OR/Fields/radio_Yes' is not checked
[[ATTACHMENT|C:\\Users\\kl.chan\\Katalon Studio\\boldreward\\Reports\\TS_Create_Campaign\\TS002 Edit Campaign with negative testing\\20180724_145748\\1532415758807.png]]

2018-07-24 15:02:39 - [TEST_STEP][PASSED] - click: Object: 'Object Repository/Campaign_OR/button_Save' is clicked on

2018-07-24 15:02:39 - [MESSAGE][PASSED] - Object: 'Object Repository/Campaign_OR/button_Save' is clicked on

2018-07-24 15:02:39 - [TEST_STEP][PASSED] - delay: Delayed 2 second(s)

2018-07-24 15:02:41 - [MESSAGE][PASSED] - Delayed 2 second(s)

2018-07-24 15:02:41 - [MESSAGE][PASSED] - Call Test Case 'Test Cases/Merchant Portal/Campaign/Campagin Modules/create campaign' successfully

2018-07-24 15:02:41 - [TEST_STEP][PASSED] - Statement - updateFailed = false: null

2018-07-24 15:02:41 - [TEST_STEP][PASSED] - Statement - If (com.kms.katalon.core.webui.keyword.WebUiBuiltInKeywords.waitForElementVisible(com.kms.katalon.core.testobject.ObjectRepository.findTestObject(a.Not_Assigned_OR/alert_msg_top), 3)): null

2018-07-24 15:02:41 - [MESSAGE][PASSED] - Object 'Object Repository/a.Not_Assigned_OR/alert_msg_top' is visible

2018-07-24 15:02:41 - [TEST_STEP][PASSED] - Statement - verifyPopoutMsg = com.kms.katalon.core.webui.keyword.WebUiBuiltInKeywords.getText(com.kms.katalon.core.testobject.ObjectRepository.findTestObject(a.Not_Assigned_OR/alert_msg_top)): Text of object 'Object Repository/a.Not_Assigned_OR/alert_msg_top' is: 'Oops! Invalid inputs, please try again.'

2018-07-24 15:02:41 - [MESSAGE][PASSED] - Text of object 'Object Repository/a.Not_Assigned_OR/alert_msg_top' is: 'Oops! Invalid inputs, please try again.'

2018-07-24 15:02:41 - [TEST_STEP][PASSED] - Statement - If (verifyPopoutMsg.equals(msgServer) == true): null

2018-07-24 15:02:41 - [TEST_STEP][PASSED] - Statement - updateFailed = true: null

2018-07-24 15:02:41 - [TEST_STEP][PASSED] - Statement - updateSuccess = false: null

2018-07-24 15:02:41 - [TEST_STEP][PASSED] - Statement - If (com.kms.katalon.core.webui.keyword.WebUiBuiltInKeywords.waitForElementVisible(com.kms.katalon.core.testobject.ObjectRepository.findTestObject(Campaign_OR/Error Message/msg_edit_success), 3)): Web element with id: 'Object Repository/Campaign_OR/Error Message/msg_edit_success' located by 'By.xpath: id("errorMessage")/p[@class="error-block"]' not found

2018-07-24 15:02:44 - [MESSAGE][WARNING] - Web element with id: 'Object Repository/Campaign_OR/Error Message/msg_edit_success' located by 'By.xpath: id("errorMessage")/p[@class="error-block"]' not found

2018-07-24 15:02:44 - [TEST_STEP][PASSED] - Statement - createSuccess = false: null

2018-07-24 15:02:44 - [TEST_STEP][PASSED] - Statement - If (com.kms.katalon.core.webui.keyword.WebUiBuiltInKeywords.waitForElementVisible(com.kms.katalon.core.testobject.ObjectRepository.findTestObject(Home_OR/label_home), 3)): Web element with id: 'Object Repository/Home_OR/label_home' located by 'By.xpath: id("wrapper")/div[@class="content-page"]/div[@class="content"]/div[@class="ng-scope"]/div[@class="ng-scope"]/div[@class="page-heading"]/h1[1][count(. | //h1[(text() = ' Home' or . = ' Home')]) = count(//h1[(text() = ' Home' or . = ' Home')])]' not found

2018-07-24 15:02:47 - [MESSAGE][WARNING] - Web element with id: 'Object Repository/Home_OR/label_home' located by 'By.xpath: id("wrapper")/div[@class="content-page"]/div[@class="content"]/div[@class="ng-scope"]/div[@class="ng-scope"]/div[@class="page-heading"]/h1[1][count(. | //h1[(text() = ' Home' or . = ' Home')]) = count(//h1[(text() = ' Home' or . = ' Home')])]' not found

2018-07-24 15:02:47 - [TEST_STEP][PASSED] - Statement - If (updateSuccess == true): null

2018-07-24 15:02:47 - [TEST_STEP][PASSED] - Statement - Else If (updateFailed == true): null

2018-07-24 15:02:47 - [TEST_STEP][PASSED] - Statement - verifyError = false: null

2018-07-24 15:02:47 - [TEST_STEP][PASSED] - Statement - If (companyName.trim() == ""): null

2018-07-24 15:02:47 - [TEST_STEP][PASSED] - Statement - If (campaignInstruc.trim() == ""): null

2018-07-24 15:02:47 - [TEST_STEP][PASSED] - Statement - If (radioEmail.toLowerCase() == "false"): null

2018-07-24 15:02:47 - [TEST_STEP][PASSED] - Statement - campaignImgName = com.kms.katalon.core.webui.keyword.WebUiBuiltInKeywords.getText(com.kms.katalon.core.testobject.ObjectRepository.findTestObject(Campaign_OR/uploadedCampaignImg)): Text of object 'Object Repository/Campaign_OR/uploadedCampaignImg' is: 'starbucks copy.jpg'

2018-07-24 15:02:47 - [MESSAGE][PASSED] - Text of object 'Object Repository/Campaign_OR/uploadedCampaignImg' is: 'starbucks copy.jpg'

2018-07-24 15:02:47 - [TEST_STEP][PASSED] - Statement - If (campaignImgName == ""): null

2018-07-24 15:02:47 - [TEST_STEP][PASSED] - Statement - If (emailSender.trim() == ""): null

2018-07-24 15:02:47 - [TEST_STEP][PASSED] - Statement - If (emailSubject.trim() == ""): null

2018-07-24 15:02:47 - [TEST_STEP][PASSED] - verifyElementVisible: Object 'Object Repository/Campaign_OR/Error Message/msg_subject' is visible

2018-07-24 15:02:47 - [MESSAGE][PASSED] - Object 'Object Repository/Campaign_OR/Error Message/msg_subject' is visible

2018-07-24 15:02:47 - [TEST_STEP][PASSED] - Statement - verifyEmptySubject = com.kms.katalon.core.webui.keyword.WebUiBuiltInKeywords.getText(com.kms.katalon.core.testobject.ObjectRepository.findTestObject(Campaign_OR/Error Message/msg_subject)): Text of object 'Object Repository/Campaign_OR/Error Message/msg_subject' is: 'Please complete this field.'

2018-07-24 15:02:47 - [MESSAGE][PASSED] - Text of object 'Object Repository/Campaign_OR/Error Message/msg_subject' is: 'Please complete this field.'

2018-07-24 15:02:47 - [TEST_STEP][PASSED] - verifyMatch: Actual text 'Please complete this field.' and expected text 'Please complete this field.' are matched  using regular expression

2018-07-24 15:02:47 - [MESSAGE][PASSED] - Actual text 'Please complete this field.' and expected text 'Please complete this field.' are matched  using regular expression

2018-07-24 15:02:47 - [TEST_STEP][PASSED] - Statement - verifyError = true: null

2018-07-24 15:02:47 - [TEST_STEP][PASSED] - Statement - If (emailContent.trim() == ""): null

2018-07-24 15:02:47 - [TEST_STEP][PASSED] - Statement - companyLogoName = com.kms.katalon.core.webui.keyword.WebUiBuiltInKeywords.getText(com.kms.katalon.core.testobject.ObjectRepository.findTestObject(Campaign_OR/uploadedCompanyLogo)): Text of object 'Object Repository/Campaign_OR/uploadedCompanyLogo' is: 'starbucks logo.jpg'

2018-07-24 15:02:47 - [MESSAGE][PASSED] - Text of object 'Object Repository/Campaign_OR/uploadedCompanyLogo' is: 'starbucks logo.jpg'

2018-07-24 15:02:47 - [TEST_STEP][PASSED] - Statement - If (companyLogoName == ""): null

2018-07-24 15:02:47 - [TEST_STEP][PASSED] - Statement - If (com.kms.katalon.core.webui.keyword.WebUiBuiltInKeywords.waitForElementVisible(com.kms.katalon.core.testobject.ObjectRepository.findTestObject(Campaign_OR/Error Message/msg_cpgn_image2), 2)): Web element with id: 'Object Repository/Campaign_OR/Error Message/msg_cpgn_image2' located by 'By.xpath: id("campaignImage")/p[@class="error-block ng-binding"][count(. | //p[@class = 'error-block ng-binding' and @ng-hide = 'CC.errorImage == 200 || CC.errorImage == undefined']) = count(//p[@class = 'error-block ng-binding' and @ng-hide = 'CC.errorImage == 200 || CC.errorImage == undefined'])]' not found

2018-07-24 15:02:49 - [MESSAGE][WARNING] - Web element with id: 'Object Repository/Campaign_OR/Error Message/msg_cpgn_image2' located by 'By.xpath: id("campaignImage")/p[@class="error-block ng-binding"][count(. | //p[@class = 'error-block ng-binding' and @ng-hide = 'CC.errorImage == 200 || CC.errorImage == undefined']) = count(//p[@class = 'error-block ng-binding' and @ng-hide = 'CC.errorImage == 200 || CC.errorImage == undefined'])]' not found

2018-07-24 15:02:49 - [TEST_STEP][PASSED] - Statement - If (com.kms.katalon.core.webui.keyword.WebUiBuiltInKeywords.waitForElementVisible(com.kms.katalon.core.testobject.ObjectRepository.findTestObject(Campaign_OR/Error Message/msg_TCURL), 2)): Web element with id: 'Object Repository/Campaign_OR/Error Message/msg_TCURL' located by 'By.xpath: id("wrapper")/div[@class="content-page"]/div[@class="content"]/div[@class="ng-scope"]/div[@class="row ng-scope"]/div[@class="col-md-7"]/div[@class="widget"]/div[@class="widget-content padding"]/div[@class="form-horizontal"]/div[@class="form-group"]/div[@id="tncUrl"]/p[@class="error-block"][count(. | //p[(text() = 'Invalid format, please follow as http://wwww.example.com' or . = 'Invalid format, please follow as http://wwww.example.com')]) = count(//p[(text() = 'Invalid format, please follow as http://wwww.example.com' or . = 'Invalid format, please follow as http://wwww.example.com')])]' not found

2018-07-24 15:02:51 - [MESSAGE][WARNING] - Web element with id: 'Object Repository/Campaign_OR/Error Message/msg_TCURL' located by 'By.xpath: id("wrapper")/div[@class="content-page"]/div[@class="content"]/div[@class="ng-scope"]/div[@class="row ng-scope"]/div[@class="col-md-7"]/div[@class="widget"]/div[@class="widget-content padding"]/div[@class="form-horizontal"]/div[@class="form-group"]/div[@id="tncUrl"]/p[@class="error-block"][count(. | //p[(text() = 'Invalid format, please follow as http://wwww.example.com' or . = 'Invalid format, please follow as http://wwww.example.com')]) = count(//p[(text() = 'Invalid format, please follow as http://wwww.example.com' or . = 'Invalid format, please follow as http://wwww.example.com')])]' not found

2018-07-24 15:02:51 - [TEST_STEP][PASSED] - Statement - If (emailSender.trim() != ""): Web element with id: 'Object Repository/Campaign_OR/Error Message/msg_sender' located by 'By.xpath: id("emailSender")/p[@class="error-block"]' not found

2018-07-24 15:02:51 - [TEST_STEP][PASSED] - Statement - If (com.kms.katalon.core.webui.keyword.WebUiBuiltInKeywords.waitForElementVisible(com.kms.katalon.core.testobject.ObjectRepository.findTestObject(Campaign_OR/Error Message/msg_sender), 2)): Web element with id: 'Object Repository/Campaign_OR/Error Message/msg_sender' located by 'By.xpath: id("emailSender")/p[@class="error-block"]' not found

2018-07-24 15:02:53 - [MESSAGE][WARNING] - Web element with id: 'Object Repository/Campaign_OR/Error Message/msg_sender' located by 'By.xpath: id("emailSender")/p[@class="error-block"]' not found

2018-07-24 15:02:53 - [TEST_STEP][PASSED] - Statement - If (com.kms.katalon.core.webui.keyword.WebUiBuiltInKeywords.waitForElementVisible(com.kms.katalon.core.testobject.ObjectRepository.findTestObject(Campaign_OR/Error Message/msg_company_logo), 2)): Web element with id: 'Object Repository/Campaign_OR/Error Message/msg_company_logo' located by 'By.xpath: id("companyLogo")/p[@class="error-block ng-binding"][count(. | //p[@class = 'error-block ng-binding' and @ng-hide = 'CC.errorLogo == 200 || CC.errorLogo == undefined']) = count(//p[@class = 'error-block ng-binding' and @ng-hide = 'CC.errorLogo == 200 || CC.errorLogo == undefined'])]' not found

2018-07-24 15:02:55 - [MESSAGE][WARNING] - Web element with id: 'Object Repository/Campaign_OR/Error Message/msg_company_logo' located by 'By.xpath: id("companyLogo")/p[@class="error-block ng-binding"][count(. | //p[@class = 'error-block ng-binding' and @ng-hide = 'CC.errorLogo == 200 || CC.errorLogo == undefined']) = count(//p[@class = 'error-block ng-binding' and @ng-hide = 'CC.errorLogo == 200 || CC.errorLogo == undefined'])]' not found

2018-07-24 15:02:55 - [TEST_STEP][PASSED] - refresh: Refresh successfully

2018-07-24 15:02:56 - [MESSAGE][PASSED] - Refresh successfully

2018-07-24 15:02:56 - [TEST_STEP][PASSED] - Statement - If (verifyError == false): null]]></system-out>
         <system-err><![CDATA[]]></system-err>
      </testcase>
      <testcase name="Test Cases/Merchant Portal/Campaign/TC001 Campaign - verify all case" classname="Test Cases/Merchant Portal/Campaign/TC001 Campaign - verify all case" status="PASSED">
         <system-out><![CDATA[2018-07-24 15:02:56 - [TEST_CASE][PASSED] - Test Cases/Merchant Portal/Campaign/TC001 Campaign - verify all case: Test Cases/Merchant Portal/Campaign/TC001 Campaign - verify all case

2018-07-24 15:02:56 - [TEST_STEP][PASSED] - Statement - randomWords = CustomKeywords.randomWords.GenerateNumber.randomString(4): randomWords.GenerateNumber.randomString is PASSED

2018-07-24 15:02:56 - [MESSAGE][PASSED] - randomWords.GenerateNumber.randomString is PASSED

2018-07-24 15:02:56 - [TEST_STEP][PASSED] - Statement - If (companyName.trim() != ""): null

2018-07-24 15:02:56 - [TEST_STEP][PASSED] - Statement - companyName = companyName + randomWords: null

2018-07-24 15:02:56 - [TEST_STEP][PASSED] - Statement - If (campaignInstruc.trim() != ""): null

2018-07-24 15:02:56 - [TEST_STEP][PASSED] - Statement - campaignInstruc = campaignInstruc + randomWords: null

2018-07-24 15:02:56 - [TEST_STEP][PASSED] - Statement - If (emailSender.trim() != ""): null

2018-07-24 15:02:56 - [TEST_STEP][PASSED] - Statement - email = emailSender: null

2018-07-24 15:02:56 - [TEST_STEP][PASSED] - Statement - splitEmail = email.split("@"): null

2018-07-24 15:02:56 - [TEST_STEP][PASSED] - Statement - numb = length: null

2018-07-24 15:02:56 - [TEST_STEP][PASSED] - Statement - If (numb > 1): null

2018-07-24 15:02:56 - [TEST_STEP][PASSED] - Statement - emailSender = splitEmail[0] + randomWords + "@" + splitEmail[1]: null

2018-07-24 15:02:56 - [TEST_STEP][PASSED] - Statement - If (emailSubject.trim() != ""): null

2018-07-24 15:02:56 - [TEST_STEP][PASSED] - Statement - emailSubject = emailSubject + randomWords: null

2018-07-24 15:02:56 - [TEST_STEP][PASSED] - Statement - If (emailContent.trim() != ""): null

2018-07-24 15:02:56 - [TEST_STEP][PASSED] - callTestCase: Call Test Case 'Test Cases/Merchant Portal/Campaign/Campagin Modules/create campaign' successfully

2018-07-24 15:02:56 - [TEST_CASE][PASSED] - Test Cases/Merchant Portal/Campaign/Campagin Modules/create campaign: Test Cases/Merchant Portal/Campaign/Campagin Modules/create campaign

2018-07-24 15:02:56 - [TEST_STEP][PASSED] - Statement - osName = "": null

2018-07-24 15:02:56 - [TEST_STEP][PASSED] - Statement - osName = CustomKeywords.os.DetectOS.getOperatingSystem(osName): os.DetectOS.getOperatingSystem is PASSED

2018-07-24 15:02:56 - [MESSAGE][PASSED] - os.DetectOS.getOperatingSystem is PASSED

2018-07-24 15:02:56 - [TEST_STEP][PASSED] - Statement - splitString = osName.split(): null

2018-07-24 15:02:56 - [TEST_STEP][PASSED] - Statement - os = splitString[0].toString(): null

2018-07-24 15:02:56 - [TEST_STEP][PASSED] - Statement - If (loggedin == false): null

2018-07-24 15:02:56 - [TEST_STEP][PASSED] - Statement - If (accessModule == false): null

2018-07-24 15:02:56 - [TEST_STEP][PASSED] - delay: Delayed 5 second(s)

2018-07-24 15:03:01 - [MESSAGE][PASSED] - Delayed 5 second(s)

2018-07-24 15:03:01 - [TEST_STEP][PASSED] - setText: Text 'Starbucks Reserve LtdaaYz' is set on object 'Object Repository/Campaign_OR/Fields/a.input_company_name'

2018-07-24 15:03:02 - [MESSAGE][PASSED] - Text 'Starbucks Reserve LtdaaYz' is set on object 'Object Repository/Campaign_OR/Fields/a.input_company_name'

2018-07-24 15:03:02 - [TEST_STEP][PASSED] - setText: Text 'Please subscribe with us and redeem a free coffee. Come join us now!aaYz' is set on object 'Object Repository/Campaign_OR/Fields/b.textarea_campaign_instruction'

2018-07-24 15:03:02 - [MESSAGE][PASSED] - Text 'Please subscribe with us and redeem a free coffee. Come join us now!aaYz' is set on object 'Object Repository/Campaign_OR/Fields/b.textarea_campaign_instruction'

2018-07-24 15:03:02 - [TEST_STEP][PASSED] - Statement - verifyEmail = false: null

2018-07-24 15:03:02 - [TEST_STEP][PASSED] - Statement - If (radioEmail.toLowerCase() == "true"): null

2018-07-24 15:03:02 - [TEST_STEP][PASSED] - Statement - verifyEmail = true: null

2018-07-24 15:03:02 - [TEST_STEP][PASSED] - Statement - If (verifyEmail == true): Object 'Object Repository/Campaign_OR/input_email' is visible

2018-07-24 15:03:02 - [TEST_STEP][PASSED] - Statement - If (com.kms.katalon.core.webui.keyword.WebUiBuiltInKeywords.verifyElementNotChecked(com.kms.katalon.core.testobject.ObjectRepository.findTestObject(Campaign_OR/Fields/c.checkbox_email), 1, OPTIONAL)): Object 'Object Repository/Campaign_OR/Fields/c.checkbox_email' is checked

2018-07-24 15:03:02 - [MESSAGE][WARNING] - Object 'Object Repository/Campaign_OR/Fields/c.checkbox_email' is checked
[[ATTACHMENT|C:\\Users\\kl.chan\\Katalon Studio\\boldreward\\Reports\\TS_Create_Campaign\\TS002 Edit Campaign with negative testing\\20180724_145748\\1532415782457.png]]

2018-07-24 15:03:02 - [TEST_STEP][PASSED] - Statement - Else: Object 'Object Repository/Campaign_OR/input_email' is visible

2018-07-24 15:03:02 - [TEST_STEP][PASSED] - verifyElementVisible: Object 'Object Repository/Campaign_OR/input_email' is visible

2018-07-24 15:03:02 - [MESSAGE][PASSED] - Object 'Object Repository/Campaign_OR/input_email' is visible

2018-07-24 15:03:02 - [TEST_STEP][PASSED] - Statement - verifyMobileno = false: null

2018-07-24 15:03:02 - [TEST_STEP][PASSED] - Statement - If (radioMobileno.toLowerCase() == "true"): null

2018-07-24 15:03:02 - [TEST_STEP][PASSED] - Statement - If (verifyMobileno == true): null

2018-07-24 15:03:02 - [TEST_STEP][PASSED] - Statement - Else If (verifyMobileno == false): Object 'Object Repository/Campaign_OR/input_mobileno' is NOT visible

2018-07-24 15:03:02 - [TEST_STEP][PASSED] - Statement - If (com.kms.katalon.core.webui.keyword.WebUiBuiltInKeywords.verifyElementChecked(com.kms.katalon.core.testobject.ObjectRepository.findTestObject(Campaign_OR/Fields/d.checkbox_mobile_number), 1, OPTIONAL)): Object 'Object Repository/Campaign_OR/input_mobileno' is NOT visible

2018-07-24 15:03:02 - [MESSAGE][PASSED] - Object 'Object Repository/Campaign_OR/Fields/d.checkbox_mobile_number' is checked

2018-07-24 15:03:02 - [TEST_STEP][PASSED] - delay: Delayed 1 second(s)

2018-07-24 15:03:03 - [MESSAGE][PASSED] - Delayed 1 second(s)

2018-07-24 15:03:03 - [TEST_STEP][PASSED] - click: Object: 'Object Repository/Campaign_OR/Fields/d.checkbox_mobile_number' is clicked on

2018-07-24 15:03:03 - [MESSAGE][PASSED] - Object: 'Object Repository/Campaign_OR/Fields/d.checkbox_mobile_number' is clicked on

2018-07-24 15:03:03 - [TEST_STEP][PASSED] - verifyElementNotVisible: Object 'Object Repository/Campaign_OR/input_mobileno' is NOT visible

2018-07-24 15:03:03 - [MESSAGE][PASSED] - Object 'Object Repository/Campaign_OR/input_mobileno' is NOT visible

2018-07-24 15:03:03 - [TEST_STEP][PASSED] - Statement - verifyName = false: null

2018-07-24 15:03:03 - [TEST_STEP][PASSED] - Statement - If (radioName.toLowerCase() == "true"): null

2018-07-24 15:03:03 - [TEST_STEP][PASSED] - Statement - If (verifyName == true): null

2018-07-24 15:03:03 - [TEST_STEP][PASSED] - Statement - Else If (verifyName == false): Object 'Object Repository/Campaign_OR/input_name' is NOT visible

2018-07-24 15:03:03 - [TEST_STEP][PASSED] - Statement - If (com.kms.katalon.core.webui.keyword.WebUiBuiltInKeywords.verifyElementChecked(com.kms.katalon.core.testobject.ObjectRepository.findTestObject(Campaign_OR/Fields/e.checkbox_name), 1, OPTIONAL)): Object 'Object Repository/Campaign_OR/input_name' is NOT visible

2018-07-24 15:03:03 - [MESSAGE][PASSED] - Object 'Object Repository/Campaign_OR/Fields/e.checkbox_name' is checked

2018-07-24 15:03:03 - [TEST_STEP][PASSED] - delay: Delayed 1 second(s)

2018-07-24 15:03:04 - [MESSAGE][PASSED] - Delayed 1 second(s)

2018-07-24 15:03:04 - [TEST_STEP][PASSED] - click: Object: 'Object Repository/Campaign_OR/Fields/e.checkbox_name' is clicked on

2018-07-24 15:03:04 - [MESSAGE][PASSED] - Object: 'Object Repository/Campaign_OR/Fields/e.checkbox_name' is clicked on

2018-07-24 15:03:04 - [TEST_STEP][PASSED] - verifyElementNotVisible: Object 'Object Repository/Campaign_OR/input_name' is NOT visible

2018-07-24 15:03:05 - [MESSAGE][PASSED] - Object 'Object Repository/Campaign_OR/input_name' is NOT visible

2018-07-24 15:03:05 - [TEST_STEP][PASSED] - Statement - verifyGender = false: null

2018-07-24 15:03:05 - [TEST_STEP][PASSED] - Statement - If (radioGender.toLowerCase() == "true"): null

2018-07-24 15:03:05 - [TEST_STEP][PASSED] - Statement - If (verifyGender == true): null

2018-07-24 15:03:05 - [TEST_STEP][PASSED] - Statement - Else If (verifyGender == false): Object 'Object Repository/Campaign_OR/label_Female' is NOT visible

2018-07-24 15:03:05 - [TEST_STEP][PASSED] - Statement - If (com.kms.katalon.core.webui.keyword.WebUiBuiltInKeywords.verifyElementChecked(com.kms.katalon.core.testobject.ObjectRepository.findTestObject(Campaign_OR/Fields/f.checkbox_gender), 1, OPTIONAL)): Object 'Object Repository/Campaign_OR/label_Female' is NOT visible

2018-07-24 15:03:05 - [MESSAGE][PASSED] - Object 'Object Repository/Campaign_OR/Fields/f.checkbox_gender' is checked

2018-07-24 15:03:05 - [TEST_STEP][PASSED] - delay: Delayed 1 second(s)

2018-07-24 15:03:06 - [MESSAGE][PASSED] - Delayed 1 second(s)

2018-07-24 15:03:06 - [TEST_STEP][PASSED] - click: Object: 'Object Repository/Campaign_OR/Fields/f.checkbox_gender' is clicked on

2018-07-24 15:03:06 - [MESSAGE][PASSED] - Object: 'Object Repository/Campaign_OR/Fields/f.checkbox_gender' is clicked on

2018-07-24 15:03:06 - [TEST_STEP][PASSED] - verifyElementNotVisible: Object 'Object Repository/Campaign_OR/label_Male' is NOT visible

2018-07-24 15:03:06 - [MESSAGE][PASSED] - Object 'Object Repository/Campaign_OR/label_Male' is NOT visible

2018-07-24 15:03:06 - [TEST_STEP][PASSED] - verifyElementNotVisible: Object 'Object Repository/Campaign_OR/label_Female' is NOT visible

2018-07-24 15:03:06 - [MESSAGE][PASSED] - Object 'Object Repository/Campaign_OR/label_Female' is NOT visible

2018-07-24 15:03:06 - [TEST_STEP][PASSED] - Statement - verifyDOB = false: null

2018-07-24 15:03:06 - [TEST_STEP][PASSED] - Statement - If (radioDOB.toLowerCase() == "true"): null

2018-07-24 15:03:06 - [TEST_STEP][PASSED] - Statement - If (verifyDOB == true): null

2018-07-24 15:03:06 - [TEST_STEP][PASSED] - Statement - Else If (verifyDOB == false): Object 'Object Repository/Campaign_OR/input_datepicker' is NOT visible

2018-07-24 15:03:06 - [TEST_STEP][PASSED] - Statement - If (com.kms.katalon.core.webui.keyword.WebUiBuiltInKeywords.verifyElementChecked(com.kms.katalon.core.testobject.ObjectRepository.findTestObject(Campaign_OR/Fields/g.checkbox_dob), 1, OPTIONAL)): Object 'Object Repository/Campaign_OR/input_datepicker' is NOT visible

2018-07-24 15:03:06 - [MESSAGE][PASSED] - Object 'Object Repository/Campaign_OR/Fields/g.checkbox_dob' is checked

2018-07-24 15:03:06 - [TEST_STEP][PASSED] - delay: Delayed 1 second(s)

2018-07-24 15:03:07 - [MESSAGE][PASSED] - Delayed 1 second(s)

2018-07-24 15:03:07 - [TEST_STEP][PASSED] - click: Object: 'Object Repository/Campaign_OR/Fields/g.checkbox_dob' is clicked on

2018-07-24 15:03:07 - [MESSAGE][PASSED] - Object: 'Object Repository/Campaign_OR/Fields/g.checkbox_dob' is clicked on

2018-07-24 15:03:07 - [TEST_STEP][PASSED] - verifyElementNotVisible: Object 'Object Repository/Campaign_OR/input_datepicker' is NOT visible

2018-07-24 15:03:07 - [MESSAGE][PASSED] - Object 'Object Repository/Campaign_OR/input_datepicker' is NOT visible

2018-07-24 15:03:07 - [TEST_STEP][PASSED] - Statement - filepath = "": null

2018-07-24 15:03:07 - [TEST_STEP][PASSED] - Statement - If (os == "Windows"): null

2018-07-24 15:03:07 - [TEST_STEP][PASSED] - Statement - filepath = campaignImagePath: null

2018-07-24 15:03:07 - [TEST_STEP][PASSED] - Statement - verifyImgName = "": null

2018-07-24 15:03:07 - [TEST_STEP][PASSED] - Statement - uploadedImg = false: null

2018-07-24 15:03:07 - [TEST_STEP][PASSED] - Statement - If (filepath.trim() != "" && campaignImage.trim() != ""): null

2018-07-24 15:03:07 - [TEST_STEP][PASSED] - sendKeys: Keys 'C:\Users\kl.chan\Katalon Studio\boldreward\Images\Campaign Image\starbucks copy.jpg' sent to object: 'Object Repository/Campaign_OR/Fields/h.button_campaign_image_1'

2018-07-24 15:03:07 - [MESSAGE][PASSED] - Keys 'C:\Users\kl.chan\Katalon Studio\boldreward\Images\Campaign Image\starbucks copy.jpg' sent to object: 'Object Repository/Campaign_OR/Fields/h.button_campaign_image_1'

2018-07-24 15:03:07 - [TEST_STEP][PASSED] - delay: Delayed 1 second(s)

2018-07-24 15:03:08 - [MESSAGE][PASSED] - Delayed 1 second(s)

2018-07-24 15:03:08 - [TEST_STEP][PASSED] - Statement - If (com.kms.katalon.core.webui.keyword.WebUiBuiltInKeywords.waitForElementVisible(com.kms.katalon.core.testobject.ObjectRepository.findTestObject(Campaign_OR/uploadedCampaignImg), 30)): null

2018-07-24 15:03:08 - [MESSAGE][PASSED] - Object 'Object Repository/Campaign_OR/uploadedCampaignImg' is visible

2018-07-24 15:03:08 - [TEST_STEP][PASSED] - Statement - verifyImgName = com.kms.katalon.core.webui.keyword.WebUiBuiltInKeywords.getText(com.kms.katalon.core.testobject.ObjectRepository.findTestObject(Campaign_OR/uploadedCampaignImg)): Text of object 'Object Repository/Campaign_OR/uploadedCampaignImg' is: 'starbucks copy.jpg'

2018-07-24 15:03:08 - [MESSAGE][PASSED] - Text of object 'Object Repository/Campaign_OR/uploadedCampaignImg' is: 'starbucks copy.jpg'

2018-07-24 15:03:08 - [TEST_STEP][PASSED] - Statement - If (verifyImgName.equals(campaignImage) == true): null

2018-07-24 15:03:08 - [TEST_STEP][PASSED] - Statement - uploadedImg = true: null

2018-07-24 15:03:08 - [TEST_STEP][PASSED] - setText: Text 'http://www.starbucks.com.my/' is set on object 'Object Repository/Campaign_OR/Fields/i.k.input_tnc'

2018-07-24 15:03:08 - [MESSAGE][PASSED] - Text 'http://www.starbucks.com.my/' is set on object 'Object Repository/Campaign_OR/Fields/i.k.input_tnc'

2018-07-24 15:03:08 - [TEST_STEP][PASSED] - setText: Text 'kl.chanaaYz@macrokiosk.com' is set on object 'Object Repository/Campaign_OR/Fields/j.input_sender'

2018-07-24 15:03:08 - [MESSAGE][PASSED] - Text 'kl.chanaaYz@macrokiosk.com' is set on object 'Object Repository/Campaign_OR/Fields/j.input_sender'

2018-07-24 15:03:08 - [TEST_STEP][PASSED] - setText: Text 'Starbucks Reserve @ SITaaYz' is set on object 'Object Repository/Campaign_OR/Fields/k.input_subject'

2018-07-24 15:03:09 - [MESSAGE][PASSED] - Text 'Starbucks Reserve @ SITaaYz' is set on object 'Object Repository/Campaign_OR/Fields/k.input_subject'

2018-07-24 15:03:09 - [TEST_STEP][PASSED] - setText: Text '' is set on object 'Object Repository/Campaign_OR/Fields/l.textarea_content'

2018-07-24 15:03:09 - [MESSAGE][PASSED] - Text '' is set on object 'Object Repository/Campaign_OR/Fields/l.textarea_content'

2018-07-24 15:03:09 - [TEST_STEP][PASSED] - Statement - filepath = "": null

2018-07-24 15:03:09 - [TEST_STEP][PASSED] - Statement - If (os == "Windows"): null

2018-07-24 15:03:09 - [TEST_STEP][PASSED] - Statement - filepath = companyLogoPath: null

2018-07-24 15:03:09 - [TEST_STEP][PASSED] - Statement - verifyImgName = "": null

2018-07-24 15:03:09 - [TEST_STEP][PASSED] - Statement - uploadedImg = false: null

2018-07-24 15:03:09 - [TEST_STEP][PASSED] - Statement - reuploadCount = 0: null

2018-07-24 15:03:09 - [TEST_STEP][PASSED] - Statement - If (filepath.trim() != "" && companyLogo.trim() != ""): null

2018-07-24 15:03:09 - [TEST_STEP][PASSED] - sendKeys: Keys 'C:\Users\kl.chan\Katalon Studio\boldreward\Images\Company Logo\starbucks logo.jpg' sent to object: 'Object Repository/Campaign_OR/Fields/m.button_company_logo_1'

2018-07-24 15:03:09 - [MESSAGE][PASSED] - Keys 'C:\Users\kl.chan\Katalon Studio\boldreward\Images\Company Logo\starbucks logo.jpg' sent to object: 'Object Repository/Campaign_OR/Fields/m.button_company_logo_1'

2018-07-24 15:03:09 - [TEST_STEP][PASSED] - delay: Delayed 1 second(s)

2018-07-24 15:03:10 - [MESSAGE][PASSED] - Delayed 1 second(s)

2018-07-24 15:03:10 - [TEST_STEP][PASSED] - Statement - If (com.kms.katalon.core.webui.keyword.WebUiBuiltInKeywords.waitForElementVisible(com.kms.katalon.core.testobject.ObjectRepository.findTestObject(Campaign_OR/uploadedCompanyLogo), 30)): null

2018-07-24 15:03:10 - [MESSAGE][PASSED] - Object 'Object Repository/Campaign_OR/uploadedCompanyLogo' is visible

2018-07-24 15:03:10 - [TEST_STEP][PASSED] - Statement - verifyImgName = com.kms.katalon.core.webui.keyword.WebUiBuiltInKeywords.getText(com.kms.katalon.core.testobject.ObjectRepository.findTestObject(Campaign_OR/uploadedCompanyLogo)): Text of object 'Object Repository/Campaign_OR/uploadedCompanyLogo' is: 'starbucks logo.jpg'

2018-07-24 15:03:10 - [MESSAGE][PASSED] - Text of object 'Object Repository/Campaign_OR/uploadedCompanyLogo' is: 'starbucks logo.jpg'

2018-07-24 15:03:10 - [TEST_STEP][PASSED] - Statement - If (verifyImgName.equals(companyLogo) == true): null

2018-07-24 15:03:10 - [TEST_STEP][PASSED] - Statement - uploadedImg = true: null

2018-07-24 15:03:10 - [TEST_STEP][PASSED] - Statement - If (rewardCode == true): null

2018-07-24 15:03:10 - [TEST_STEP][PASSED] - Statement - Else If (rewardCode == false): Object: 'Object Repository/Campaign_OR/Fields/n.label_No' is clicked on

2018-07-24 15:03:10 - [TEST_STEP][PASSED] - click: Object: 'Object Repository/Campaign_OR/Fields/n.label_No' is clicked on

2018-07-24 15:03:10 - [MESSAGE][PASSED] - Object: 'Object Repository/Campaign_OR/Fields/n.label_No' is clicked on

2018-07-24 15:03:10 - [TEST_STEP][PASSED] - verifyElementChecked: Object 'Object Repository/Campaign_OR/Fields/radio_No' is checked

2018-07-24 15:03:10 - [MESSAGE][PASSED] - Object 'Object Repository/Campaign_OR/Fields/radio_No' is checked

2018-07-24 15:03:10 - [TEST_STEP][PASSED] - verifyElementChecked: Object 'Object Repository/Campaign_OR/Fields/radio_Yes' is not checked

2018-07-24 15:03:10 - [MESSAGE][WARNING] - Object 'Object Repository/Campaign_OR/Fields/radio_Yes' is not checked
[[ATTACHMENT|C:\\Users\\kl.chan\\Katalon Studio\\boldreward\\Reports\\TS_Create_Campaign\\TS002 Edit Campaign with negative testing\\20180724_145748\\1532415790642.png]]

2018-07-24 15:03:10 - [TEST_STEP][PASSED] - click: Object: 'Object Repository/Campaign_OR/button_Save' is clicked on

2018-07-24 15:03:10 - [MESSAGE][PASSED] - Object: 'Object Repository/Campaign_OR/button_Save' is clicked on

2018-07-24 15:03:10 - [TEST_STEP][PASSED] - delay: Delayed 2 second(s)

2018-07-24 15:03:12 - [MESSAGE][PASSED] - Delayed 2 second(s)

2018-07-24 15:03:12 - [MESSAGE][PASSED] - Call Test Case 'Test Cases/Merchant Portal/Campaign/Campagin Modules/create campaign' successfully

2018-07-24 15:03:12 - [TEST_STEP][PASSED] - Statement - updateFailed = false: null

2018-07-24 15:03:12 - [TEST_STEP][PASSED] - Statement - If (com.kms.katalon.core.webui.keyword.WebUiBuiltInKeywords.waitForElementVisible(com.kms.katalon.core.testobject.ObjectRepository.findTestObject(a.Not_Assigned_OR/alert_msg_top), 3)): null

2018-07-24 15:03:13 - [MESSAGE][PASSED] - Object 'Object Repository/a.Not_Assigned_OR/alert_msg_top' is visible

2018-07-24 15:03:13 - [TEST_STEP][PASSED] - Statement - verifyPopoutMsg = com.kms.katalon.core.webui.keyword.WebUiBuiltInKeywords.getText(com.kms.katalon.core.testobject.ObjectRepository.findTestObject(a.Not_Assigned_OR/alert_msg_top)): Text of object 'Object Repository/a.Not_Assigned_OR/alert_msg_top' is: 'Oops! Invalid inputs, please try again.'

2018-07-24 15:03:13 - [MESSAGE][PASSED] - Text of object 'Object Repository/a.Not_Assigned_OR/alert_msg_top' is: 'Oops! Invalid inputs, please try again.'

2018-07-24 15:03:13 - [TEST_STEP][PASSED] - Statement - If (verifyPopoutMsg.equals(msgServer) == true): null

2018-07-24 15:03:13 - [TEST_STEP][PASSED] - Statement - updateFailed = true: null

2018-07-24 15:03:13 - [TEST_STEP][PASSED] - Statement - updateSuccess = false: null

2018-07-24 15:03:13 - [TEST_STEP][PASSED] - Statement - If (com.kms.katalon.core.webui.keyword.WebUiBuiltInKeywords.waitForElementVisible(com.kms.katalon.core.testobject.ObjectRepository.findTestObject(Campaign_OR/Error Message/msg_edit_success), 3)): Web element with id: 'Object Repository/Campaign_OR/Error Message/msg_edit_success' located by 'By.xpath: id("errorMessage")/p[@class="error-block"]' not found

2018-07-24 15:03:16 - [MESSAGE][WARNING] - Web element with id: 'Object Repository/Campaign_OR/Error Message/msg_edit_success' located by 'By.xpath: id("errorMessage")/p[@class="error-block"]' not found

2018-07-24 15:03:16 - [TEST_STEP][PASSED] - Statement - createSuccess = false: null

2018-07-24 15:03:16 - [TEST_STEP][PASSED] - Statement - If (com.kms.katalon.core.webui.keyword.WebUiBuiltInKeywords.waitForElementVisible(com.kms.katalon.core.testobject.ObjectRepository.findTestObject(Home_OR/label_home), 3)): Web element with id: 'Object Repository/Home_OR/label_home' located by 'By.xpath: id("wrapper")/div[@class="content-page"]/div[@class="content"]/div[@class="ng-scope"]/div[@class="ng-scope"]/div[@class="page-heading"]/h1[1][count(. | //h1[(text() = ' Home' or . = ' Home')]) = count(//h1[(text() = ' Home' or . = ' Home')])]' not found

2018-07-24 15:03:19 - [MESSAGE][WARNING] - Web element with id: 'Object Repository/Home_OR/label_home' located by 'By.xpath: id("wrapper")/div[@class="content-page"]/div[@class="content"]/div[@class="ng-scope"]/div[@class="ng-scope"]/div[@class="page-heading"]/h1[1][count(. | //h1[(text() = ' Home' or . = ' Home')]) = count(//h1[(text() = ' Home' or . = ' Home')])]' not found

2018-07-24 15:03:19 - [TEST_STEP][PASSED] - Statement - If (updateSuccess == true): null

2018-07-24 15:03:19 - [TEST_STEP][PASSED] - Statement - Else If (updateFailed == true): null

2018-07-24 15:03:19 - [TEST_STEP][PASSED] - Statement - verifyError = false: null

2018-07-24 15:03:19 - [TEST_STEP][PASSED] - Statement - If (companyName.trim() == ""): null

2018-07-24 15:03:19 - [TEST_STEP][PASSED] - Statement - If (campaignInstruc.trim() == ""): null

2018-07-24 15:03:19 - [TEST_STEP][PASSED] - Statement - If (radioEmail.toLowerCase() == "false"): null

2018-07-24 15:03:19 - [TEST_STEP][PASSED] - Statement - campaignImgName = com.kms.katalon.core.webui.keyword.WebUiBuiltInKeywords.getText(com.kms.katalon.core.testobject.ObjectRepository.findTestObject(Campaign_OR/uploadedCampaignImg)): Text of object 'Object Repository/Campaign_OR/uploadedCampaignImg' is: 'starbucks copy.jpg'

2018-07-24 15:03:19 - [MESSAGE][PASSED] - Text of object 'Object Repository/Campaign_OR/uploadedCampaignImg' is: 'starbucks copy.jpg'

2018-07-24 15:03:19 - [TEST_STEP][PASSED] - Statement - If (campaignImgName == ""): null

2018-07-24 15:03:19 - [TEST_STEP][PASSED] - Statement - If (emailSender.trim() == ""): null

2018-07-24 15:03:19 - [TEST_STEP][PASSED] - Statement - If (emailSubject.trim() == ""): null

2018-07-24 15:03:19 - [TEST_STEP][PASSED] - Statement - If (emailContent.trim() == ""): null

2018-07-24 15:03:19 - [TEST_STEP][PASSED] - verifyElementVisible: Object 'Object Repository/Campaign_OR/Error Message/msg_email_content' is visible

2018-07-24 15:03:19 - [MESSAGE][PASSED] - Object 'Object Repository/Campaign_OR/Error Message/msg_email_content' is visible

2018-07-24 15:03:19 - [TEST_STEP][PASSED] - Statement - verifyEmptyContent = com.kms.katalon.core.webui.keyword.WebUiBuiltInKeywords.getText(com.kms.katalon.core.testobject.ObjectRepository.findTestObject(Campaign_OR/Error Message/msg_email_content)): Text of object 'Object Repository/Campaign_OR/Error Message/msg_email_content' is: 'Please complete this field.'

2018-07-24 15:03:19 - [MESSAGE][PASSED] - Text of object 'Object Repository/Campaign_OR/Error Message/msg_email_content' is: 'Please complete this field.'

2018-07-24 15:03:19 - [TEST_STEP][PASSED] - verifyMatch: Actual text 'Please complete this field.' and expected text 'Please complete this field.' are matched  using regular expression

2018-07-24 15:03:19 - [MESSAGE][PASSED] - Actual text 'Please complete this field.' and expected text 'Please complete this field.' are matched  using regular expression

2018-07-24 15:03:19 - [TEST_STEP][PASSED] - Statement - verifyError = true: null

2018-07-24 15:03:19 - [TEST_STEP][PASSED] - Statement - companyLogoName = com.kms.katalon.core.webui.keyword.WebUiBuiltInKeywords.getText(com.kms.katalon.core.testobject.ObjectRepository.findTestObject(Campaign_OR/uploadedCompanyLogo)): Text of object 'Object Repository/Campaign_OR/uploadedCompanyLogo' is: 'starbucks logo.jpg'

2018-07-24 15:03:19 - [MESSAGE][PASSED] - Text of object 'Object Repository/Campaign_OR/uploadedCompanyLogo' is: 'starbucks logo.jpg'

2018-07-24 15:03:19 - [TEST_STEP][PASSED] - Statement - If (companyLogoName == ""): null

2018-07-24 15:03:19 - [TEST_STEP][PASSED] - Statement - If (com.kms.katalon.core.webui.keyword.WebUiBuiltInKeywords.waitForElementVisible(com.kms.katalon.core.testobject.ObjectRepository.findTestObject(Campaign_OR/Error Message/msg_cpgn_image2), 2)): Web element with id: 'Object Repository/Campaign_OR/Error Message/msg_cpgn_image2' located by 'By.xpath: id("campaignImage")/p[@class="error-block ng-binding"][count(. | //p[@class = 'error-block ng-binding' and @ng-hide = 'CC.errorImage == 200 || CC.errorImage == undefined']) = count(//p[@class = 'error-block ng-binding' and @ng-hide = 'CC.errorImage == 200 || CC.errorImage == undefined'])]' not found

2018-07-24 15:03:21 - [MESSAGE][WARNING] - Web element with id: 'Object Repository/Campaign_OR/Error Message/msg_cpgn_image2' located by 'By.xpath: id("campaignImage")/p[@class="error-block ng-binding"][count(. | //p[@class = 'error-block ng-binding' and @ng-hide = 'CC.errorImage == 200 || CC.errorImage == undefined']) = count(//p[@class = 'error-block ng-binding' and @ng-hide = 'CC.errorImage == 200 || CC.errorImage == undefined'])]' not found

2018-07-24 15:03:21 - [TEST_STEP][PASSED] - Statement - If (com.kms.katalon.core.webui.keyword.WebUiBuiltInKeywords.waitForElementVisible(com.kms.katalon.core.testobject.ObjectRepository.findTestObject(Campaign_OR/Error Message/msg_TCURL), 2)): Web element with id: 'Object Repository/Campaign_OR/Error Message/msg_TCURL' located by 'By.xpath: id("wrapper")/div[@class="content-page"]/div[@class="content"]/div[@class="ng-scope"]/div[@class="row ng-scope"]/div[@class="col-md-7"]/div[@class="widget"]/div[@class="widget-content padding"]/div[@class="form-horizontal"]/div[@class="form-group"]/div[@id="tncUrl"]/p[@class="error-block"][count(. | //p[(text() = 'Invalid format, please follow as http://wwww.example.com' or . = 'Invalid format, please follow as http://wwww.example.com')]) = count(//p[(text() = 'Invalid format, please follow as http://wwww.example.com' or . = 'Invalid format, please follow as http://wwww.example.com')])]' not found

2018-07-24 15:03:23 - [MESSAGE][WARNING] - Web element with id: 'Object Repository/Campaign_OR/Error Message/msg_TCURL' located by 'By.xpath: id("wrapper")/div[@class="content-page"]/div[@class="content"]/div[@class="ng-scope"]/div[@class="row ng-scope"]/div[@class="col-md-7"]/div[@class="widget"]/div[@class="widget-content padding"]/div[@class="form-horizontal"]/div[@class="form-group"]/div[@id="tncUrl"]/p[@class="error-block"][count(. | //p[(text() = 'Invalid format, please follow as http://wwww.example.com' or . = 'Invalid format, please follow as http://wwww.example.com')]) = count(//p[(text() = 'Invalid format, please follow as http://wwww.example.com' or . = 'Invalid format, please follow as http://wwww.example.com')])]' not found

2018-07-24 15:03:23 - [TEST_STEP][PASSED] - Statement - If (emailSender.trim() != ""): Web element with id: 'Object Repository/Campaign_OR/Error Message/msg_sender' located by 'By.xpath: id("emailSender")/p[@class="error-block"]' not found

2018-07-24 15:03:23 - [TEST_STEP][PASSED] - Statement - If (com.kms.katalon.core.webui.keyword.WebUiBuiltInKeywords.waitForElementVisible(com.kms.katalon.core.testobject.ObjectRepository.findTestObject(Campaign_OR/Error Message/msg_sender), 2)): Web element with id: 'Object Repository/Campaign_OR/Error Message/msg_sender' located by 'By.xpath: id("emailSender")/p[@class="error-block"]' not found

2018-07-24 15:03:25 - [MESSAGE][WARNING] - Web element with id: 'Object Repository/Campaign_OR/Error Message/msg_sender' located by 'By.xpath: id("emailSender")/p[@class="error-block"]' not found

2018-07-24 15:03:25 - [TEST_STEP][PASSED] - Statement - If (com.kms.katalon.core.webui.keyword.WebUiBuiltInKeywords.waitForElementVisible(com.kms.katalon.core.testobject.ObjectRepository.findTestObject(Campaign_OR/Error Message/msg_company_logo), 2)): Web element with id: 'Object Repository/Campaign_OR/Error Message/msg_company_logo' located by 'By.xpath: id("companyLogo")/p[@class="error-block ng-binding"][count(. | //p[@class = 'error-block ng-binding' and @ng-hide = 'CC.errorLogo == 200 || CC.errorLogo == undefined']) = count(//p[@class = 'error-block ng-binding' and @ng-hide = 'CC.errorLogo == 200 || CC.errorLogo == undefined'])]' not found

2018-07-24 15:03:27 - [MESSAGE][WARNING] - Web element with id: 'Object Repository/Campaign_OR/Error Message/msg_company_logo' located by 'By.xpath: id("companyLogo")/p[@class="error-block ng-binding"][count(. | //p[@class = 'error-block ng-binding' and @ng-hide = 'CC.errorLogo == 200 || CC.errorLogo == undefined']) = count(//p[@class = 'error-block ng-binding' and @ng-hide = 'CC.errorLogo == 200 || CC.errorLogo == undefined'])]' not found

2018-07-24 15:03:27 - [TEST_STEP][PASSED] - refresh: Refresh successfully

2018-07-24 15:03:28 - [MESSAGE][PASSED] - Refresh successfully

2018-07-24 15:03:28 - [TEST_STEP][PASSED] - Statement - If (verifyError == false): null]]></system-out>
         <system-err><![CDATA[]]></system-err>
      </testcase>
      <testcase name="Test Cases/Merchant Portal/Campaign/TC001 Campaign - verify all case" classname="Test Cases/Merchant Portal/Campaign/TC001 Campaign - verify all case" status="PASSED">
         <system-out><![CDATA[2018-07-24 15:03:28 - [TEST_CASE][PASSED] - Test Cases/Merchant Portal/Campaign/TC001 Campaign - verify all case: Test Cases/Merchant Portal/Campaign/TC001 Campaign - verify all case

2018-07-24 15:03:28 - [TEST_STEP][PASSED] - Statement - randomWords = CustomKeywords.randomWords.GenerateNumber.randomString(4): randomWords.GenerateNumber.randomString is PASSED

2018-07-24 15:03:28 - [MESSAGE][PASSED] - randomWords.GenerateNumber.randomString is PASSED

2018-07-24 15:03:28 - [TEST_STEP][PASSED] - Statement - If (companyName.trim() != ""): null

2018-07-24 15:03:28 - [TEST_STEP][PASSED] - Statement - companyName = companyName + randomWords: null

2018-07-24 15:03:28 - [TEST_STEP][PASSED] - Statement - If (campaignInstruc.trim() != ""): null

2018-07-24 15:03:28 - [TEST_STEP][PASSED] - Statement - campaignInstruc = campaignInstruc + randomWords: null

2018-07-24 15:03:28 - [TEST_STEP][PASSED] - Statement - If (emailSender.trim() != ""): null

2018-07-24 15:03:28 - [TEST_STEP][PASSED] - Statement - email = emailSender: null

2018-07-24 15:03:28 - [TEST_STEP][PASSED] - Statement - splitEmail = email.split("@"): null

2018-07-24 15:03:28 - [TEST_STEP][PASSED] - Statement - numb = length: null

2018-07-24 15:03:28 - [TEST_STEP][PASSED] - Statement - If (numb > 1): null

2018-07-24 15:03:28 - [TEST_STEP][PASSED] - Statement - emailSender = splitEmail[0] + randomWords + "@" + splitEmail[1]: null

2018-07-24 15:03:28 - [TEST_STEP][PASSED] - Statement - If (emailSubject.trim() != ""): null

2018-07-24 15:03:28 - [TEST_STEP][PASSED] - Statement - emailSubject = emailSubject + randomWords: null

2018-07-24 15:03:28 - [TEST_STEP][PASSED] - Statement - If (emailContent.trim() != ""): null

2018-07-24 15:03:28 - [TEST_STEP][PASSED] - callTestCase: Call Test Case 'Test Cases/Merchant Portal/Campaign/Campagin Modules/create campaign' successfully

2018-07-24 15:03:28 - [TEST_CASE][PASSED] - Test Cases/Merchant Portal/Campaign/Campagin Modules/create campaign: Test Cases/Merchant Portal/Campaign/Campagin Modules/create campaign

2018-07-24 15:03:28 - [TEST_STEP][PASSED] - Statement - osName = "": null

2018-07-24 15:03:28 - [TEST_STEP][PASSED] - Statement - osName = CustomKeywords.os.DetectOS.getOperatingSystem(osName): os.DetectOS.getOperatingSystem is PASSED

2018-07-24 15:03:28 - [MESSAGE][PASSED] - os.DetectOS.getOperatingSystem is PASSED

2018-07-24 15:03:28 - [TEST_STEP][PASSED] - Statement - splitString = osName.split(): null

2018-07-24 15:03:28 - [TEST_STEP][PASSED] - Statement - os = splitString[0].toString(): null

2018-07-24 15:03:28 - [TEST_STEP][PASSED] - Statement - If (loggedin == false): null

2018-07-24 15:03:28 - [TEST_STEP][PASSED] - Statement - If (accessModule == false): null

2018-07-24 15:03:28 - [TEST_STEP][PASSED] - delay: Delayed 5 second(s)

2018-07-24 15:03:33 - [MESSAGE][PASSED] - Delayed 5 second(s)

2018-07-24 15:03:33 - [TEST_STEP][PASSED] - setText: Text 'Starbucks Reserve LtdHxOQ' is set on object 'Object Repository/Campaign_OR/Fields/a.input_company_name'

2018-07-24 15:03:33 - [MESSAGE][PASSED] - Text 'Starbucks Reserve LtdHxOQ' is set on object 'Object Repository/Campaign_OR/Fields/a.input_company_name'

2018-07-24 15:03:33 - [TEST_STEP][PASSED] - setText: Text 'Please subscribe with us and redeem a free coffee. Come join us now!HxOQ' is set on object 'Object Repository/Campaign_OR/Fields/b.textarea_campaign_instruction'

2018-07-24 15:03:34 - [MESSAGE][PASSED] - Text 'Please subscribe with us and redeem a free coffee. Come join us now!HxOQ' is set on object 'Object Repository/Campaign_OR/Fields/b.textarea_campaign_instruction'

2018-07-24 15:03:34 - [TEST_STEP][PASSED] - Statement - verifyEmail = false: null

2018-07-24 15:03:34 - [TEST_STEP][PASSED] - Statement - If (radioEmail.toLowerCase() == "true"): null

2018-07-24 15:03:34 - [TEST_STEP][PASSED] - Statement - verifyEmail = true: null

2018-07-24 15:03:34 - [TEST_STEP][PASSED] - Statement - If (verifyEmail == true): Object 'Object Repository/Campaign_OR/input_email' is visible

2018-07-24 15:03:34 - [TEST_STEP][PASSED] - Statement - If (com.kms.katalon.core.webui.keyword.WebUiBuiltInKeywords.verifyElementNotChecked(com.kms.katalon.core.testobject.ObjectRepository.findTestObject(Campaign_OR/Fields/c.checkbox_email), 1, OPTIONAL)): Object 'Object Repository/Campaign_OR/Fields/c.checkbox_email' is checked

2018-07-24 15:03:34 - [MESSAGE][WARNING] - Object 'Object Repository/Campaign_OR/Fields/c.checkbox_email' is checked
[[ATTACHMENT|C:\\Users\\kl.chan\\Katalon Studio\\boldreward\\Reports\\TS_Create_Campaign\\TS002 Edit Campaign with negative testing\\20180724_145748\\1532415814182.png]]

2018-07-24 15:03:34 - [TEST_STEP][PASSED] - Statement - Else: Object 'Object Repository/Campaign_OR/input_email' is visible

2018-07-24 15:03:34 - [TEST_STEP][PASSED] - verifyElementVisible: Object 'Object Repository/Campaign_OR/input_email' is visible

2018-07-24 15:03:34 - [MESSAGE][PASSED] - Object 'Object Repository/Campaign_OR/input_email' is visible

2018-07-24 15:03:34 - [TEST_STEP][PASSED] - Statement - verifyMobileno = false: null

2018-07-24 15:03:34 - [TEST_STEP][PASSED] - Statement - If (radioMobileno.toLowerCase() == "true"): null

2018-07-24 15:03:34 - [TEST_STEP][PASSED] - Statement - If (verifyMobileno == true): null

2018-07-24 15:03:34 - [TEST_STEP][PASSED] - Statement - Else If (verifyMobileno == false): Object 'Object Repository/Campaign_OR/input_mobileno' is NOT visible

2018-07-24 15:03:34 - [TEST_STEP][PASSED] - Statement - If (com.kms.katalon.core.webui.keyword.WebUiBuiltInKeywords.verifyElementChecked(com.kms.katalon.core.testobject.ObjectRepository.findTestObject(Campaign_OR/Fields/d.checkbox_mobile_number), 1, OPTIONAL)): Object 'Object Repository/Campaign_OR/input_mobileno' is NOT visible

2018-07-24 15:03:34 - [MESSAGE][PASSED] - Object 'Object Repository/Campaign_OR/Fields/d.checkbox_mobile_number' is checked

2018-07-24 15:03:34 - [TEST_STEP][PASSED] - delay: Delayed 1 second(s)

2018-07-24 15:03:35 - [MESSAGE][PASSED] - Delayed 1 second(s)

2018-07-24 15:03:35 - [TEST_STEP][PASSED] - click: Object: 'Object Repository/Campaign_OR/Fields/d.checkbox_mobile_number' is clicked on

2018-07-24 15:03:35 - [MESSAGE][PASSED] - Object: 'Object Repository/Campaign_OR/Fields/d.checkbox_mobile_number' is clicked on

2018-07-24 15:03:35 - [TEST_STEP][PASSED] - verifyElementNotVisible: Object 'Object Repository/Campaign_OR/input_mobileno' is NOT visible

2018-07-24 15:03:35 - [MESSAGE][PASSED] - Object 'Object Repository/Campaign_OR/input_mobileno' is NOT visible

2018-07-24 15:03:35 - [TEST_STEP][PASSED] - Statement - verifyName = false: null

2018-07-24 15:03:35 - [TEST_STEP][PASSED] - Statement - If (radioName.toLowerCase() == "true"): null

2018-07-24 15:03:35 - [TEST_STEP][PASSED] - Statement - If (verifyName == true): null

2018-07-24 15:03:35 - [TEST_STEP][PASSED] - Statement - Else If (verifyName == false): Object 'Object Repository/Campaign_OR/input_name' is NOT visible

2018-07-24 15:03:35 - [TEST_STEP][PASSED] - Statement - If (com.kms.katalon.core.webui.keyword.WebUiBuiltInKeywords.verifyElementChecked(com.kms.katalon.core.testobject.ObjectRepository.findTestObject(Campaign_OR/Fields/e.checkbox_name), 1, OPTIONAL)): Object 'Object Repository/Campaign_OR/input_name' is NOT visible

2018-07-24 15:03:35 - [MESSAGE][PASSED] - Object 'Object Repository/Campaign_OR/Fields/e.checkbox_name' is checked

2018-07-24 15:03:35 - [TEST_STEP][PASSED] - delay: Delayed 1 second(s)

2018-07-24 15:03:36 - [MESSAGE][PASSED] - Delayed 1 second(s)

2018-07-24 15:03:36 - [TEST_STEP][PASSED] - click: Object: 'Object Repository/Campaign_OR/Fields/e.checkbox_name' is clicked on

2018-07-24 15:03:36 - [MESSAGE][PASSED] - Object: 'Object Repository/Campaign_OR/Fields/e.checkbox_name' is clicked on

2018-07-24 15:03:36 - [TEST_STEP][PASSED] - verifyElementNotVisible: Object 'Object Repository/Campaign_OR/input_name' is NOT visible

2018-07-24 15:03:36 - [MESSAGE][PASSED] - Object 'Object Repository/Campaign_OR/input_name' is NOT visible

2018-07-24 15:03:36 - [TEST_STEP][PASSED] - Statement - verifyGender = false: null

2018-07-24 15:03:36 - [TEST_STEP][PASSED] - Statement - If (radioGender.toLowerCase() == "true"): null

2018-07-24 15:03:36 - [TEST_STEP][PASSED] - Statement - If (verifyGender == true): null

2018-07-24 15:03:36 - [TEST_STEP][PASSED] - Statement - Else If (verifyGender == false): Object 'Object Repository/Campaign_OR/label_Female' is NOT visible

2018-07-24 15:03:36 - [TEST_STEP][PASSED] - Statement - If (com.kms.katalon.core.webui.keyword.WebUiBuiltInKeywords.verifyElementChecked(com.kms.katalon.core.testobject.ObjectRepository.findTestObject(Campaign_OR/Fields/f.checkbox_gender), 1, OPTIONAL)): Object 'Object Repository/Campaign_OR/label_Female' is NOT visible

2018-07-24 15:03:36 - [MESSAGE][PASSED] - Object 'Object Repository/Campaign_OR/Fields/f.checkbox_gender' is checked

2018-07-24 15:03:36 - [TEST_STEP][PASSED] - delay: Delayed 1 second(s)

2018-07-24 15:03:37 - [MESSAGE][PASSED] - Delayed 1 second(s)

2018-07-24 15:03:37 - [TEST_STEP][PASSED] - click: Object: 'Object Repository/Campaign_OR/Fields/f.checkbox_gender' is clicked on

2018-07-24 15:03:37 - [MESSAGE][PASSED] - Object: 'Object Repository/Campaign_OR/Fields/f.checkbox_gender' is clicked on

2018-07-24 15:03:37 - [TEST_STEP][PASSED] - verifyElementNotVisible: Object 'Object Repository/Campaign_OR/label_Male' is NOT visible

2018-07-24 15:03:37 - [MESSAGE][PASSED] - Object 'Object Repository/Campaign_OR/label_Male' is NOT visible

2018-07-24 15:03:37 - [TEST_STEP][PASSED] - verifyElementNotVisible: Object 'Object Repository/Campaign_OR/label_Female' is NOT visible

2018-07-24 15:03:37 - [MESSAGE][PASSED] - Object 'Object Repository/Campaign_OR/label_Female' is NOT visible

2018-07-24 15:03:37 - [TEST_STEP][PASSED] - Statement - verifyDOB = false: null

2018-07-24 15:03:37 - [TEST_STEP][PASSED] - Statement - If (radioDOB.toLowerCase() == "true"): null

2018-07-24 15:03:37 - [TEST_STEP][PASSED] - Statement - If (verifyDOB == true): null

2018-07-24 15:03:37 - [TEST_STEP][PASSED] - Statement - Else If (verifyDOB == false): Object 'Object Repository/Campaign_OR/input_datepicker' is NOT visible

2018-07-24 15:03:37 - [TEST_STEP][PASSED] - Statement - If (com.kms.katalon.core.webui.keyword.WebUiBuiltInKeywords.verifyElementChecked(com.kms.katalon.core.testobject.ObjectRepository.findTestObject(Campaign_OR/Fields/g.checkbox_dob), 1, OPTIONAL)): Object 'Object Repository/Campaign_OR/input_datepicker' is NOT visible

2018-07-24 15:03:37 - [MESSAGE][PASSED] - Object 'Object Repository/Campaign_OR/Fields/g.checkbox_dob' is checked

2018-07-24 15:03:37 - [TEST_STEP][PASSED] - delay: Delayed 1 second(s)

2018-07-24 15:03:38 - [MESSAGE][PASSED] - Delayed 1 second(s)

2018-07-24 15:03:38 - [TEST_STEP][PASSED] - click: Object: 'Object Repository/Campaign_OR/Fields/g.checkbox_dob' is clicked on

2018-07-24 15:03:38 - [MESSAGE][PASSED] - Object: 'Object Repository/Campaign_OR/Fields/g.checkbox_dob' is clicked on

2018-07-24 15:03:38 - [TEST_STEP][PASSED] - verifyElementNotVisible: Object 'Object Repository/Campaign_OR/input_datepicker' is NOT visible

2018-07-24 15:03:39 - [MESSAGE][PASSED] - Object 'Object Repository/Campaign_OR/input_datepicker' is NOT visible

2018-07-24 15:03:39 - [TEST_STEP][PASSED] - Statement - filepath = "": null

2018-07-24 15:03:39 - [TEST_STEP][PASSED] - Statement - If (os == "Windows"): null

2018-07-24 15:03:39 - [TEST_STEP][PASSED] - Statement - filepath = campaignImagePath: null

2018-07-24 15:03:39 - [TEST_STEP][PASSED] - Statement - verifyImgName = "": null

2018-07-24 15:03:39 - [TEST_STEP][PASSED] - Statement - uploadedImg = false: null

2018-07-24 15:03:39 - [TEST_STEP][PASSED] - Statement - If (filepath.trim() != "" && campaignImage.trim() != ""): null

2018-07-24 15:03:39 - [TEST_STEP][PASSED] - sendKeys: Keys 'C:\Users\kl.chan\Katalon Studio\boldreward\Images\Campaign Image\starbucks copy.jpg' sent to object: 'Object Repository/Campaign_OR/Fields/h.button_campaign_image_1'

2018-07-24 15:03:39 - [MESSAGE][PASSED] - Keys 'C:\Users\kl.chan\Katalon Studio\boldreward\Images\Campaign Image\starbucks copy.jpg' sent to object: 'Object Repository/Campaign_OR/Fields/h.button_campaign_image_1'

2018-07-24 15:03:39 - [TEST_STEP][PASSED] - delay: Delayed 1 second(s)

2018-07-24 15:03:40 - [MESSAGE][PASSED] - Delayed 1 second(s)

2018-07-24 15:03:40 - [TEST_STEP][PASSED] - Statement - If (com.kms.katalon.core.webui.keyword.WebUiBuiltInKeywords.waitForElementVisible(com.kms.katalon.core.testobject.ObjectRepository.findTestObject(Campaign_OR/uploadedCampaignImg), 30)): null

2018-07-24 15:03:40 - [MESSAGE][PASSED] - Object 'Object Repository/Campaign_OR/uploadedCampaignImg' is visible

2018-07-24 15:03:40 - [TEST_STEP][PASSED] - Statement - verifyImgName = com.kms.katalon.core.webui.keyword.WebUiBuiltInKeywords.getText(com.kms.katalon.core.testobject.ObjectRepository.findTestObject(Campaign_OR/uploadedCampaignImg)): Text of object 'Object Repository/Campaign_OR/uploadedCampaignImg' is: 'starbucks copy.jpg'

2018-07-24 15:03:40 - [MESSAGE][PASSED] - Text of object 'Object Repository/Campaign_OR/uploadedCampaignImg' is: 'starbucks copy.jpg'

2018-07-24 15:03:40 - [TEST_STEP][PASSED] - Statement - If (verifyImgName.equals(campaignImage) == true): null

2018-07-24 15:03:40 - [TEST_STEP][PASSED] - Statement - uploadedImg = true: null

2018-07-24 15:03:40 - [TEST_STEP][PASSED] - setText: Text 'http://www.starbucks.com.my/' is set on object 'Object Repository/Campaign_OR/Fields/i.k.input_tnc'

2018-07-24 15:03:40 - [MESSAGE][PASSED] - Text 'http://www.starbucks.com.my/' is set on object 'Object Repository/Campaign_OR/Fields/i.k.input_tnc'

2018-07-24 15:03:40 - [TEST_STEP][PASSED] - setText: Text 'kl.chanHxOQ@macrokiosk.com' is set on object 'Object Repository/Campaign_OR/Fields/j.input_sender'

2018-07-24 15:03:40 - [MESSAGE][PASSED] - Text 'kl.chanHxOQ@macrokiosk.com' is set on object 'Object Repository/Campaign_OR/Fields/j.input_sender'

2018-07-24 15:03:40 - [TEST_STEP][PASSED] - setText: Text 'Starbucks Reserve @ SITHxOQ' is set on object 'Object Repository/Campaign_OR/Fields/k.input_subject'

2018-07-24 15:03:40 - [MESSAGE][PASSED] - Text 'Starbucks Reserve @ SITHxOQ' is set on object 'Object Repository/Campaign_OR/Fields/k.input_subject'

2018-07-24 15:03:40 - [TEST_STEP][PASSED] - setText: Text ' ' is set on object 'Object Repository/Campaign_OR/Fields/l.textarea_content'

2018-07-24 15:03:41 - [MESSAGE][PASSED] - Text ' ' is set on object 'Object Repository/Campaign_OR/Fields/l.textarea_content'

2018-07-24 15:03:41 - [TEST_STEP][PASSED] - Statement - filepath = "": null

2018-07-24 15:03:41 - [TEST_STEP][PASSED] - Statement - If (os == "Windows"): null

2018-07-24 15:03:41 - [TEST_STEP][PASSED] - Statement - filepath = companyLogoPath: null

2018-07-24 15:03:41 - [TEST_STEP][PASSED] - Statement - verifyImgName = "": null

2018-07-24 15:03:41 - [TEST_STEP][PASSED] - Statement - uploadedImg = false: null

2018-07-24 15:03:41 - [TEST_STEP][PASSED] - Statement - reuploadCount = 0: null

2018-07-24 15:03:41 - [TEST_STEP][PASSED] - Statement - If (filepath.trim() != "" && companyLogo.trim() != ""): null

2018-07-24 15:03:41 - [TEST_STEP][PASSED] - sendKeys: Keys 'C:\Users\kl.chan\Katalon Studio\boldreward\Images\Company Logo\starbucks logo.jpg' sent to object: 'Object Repository/Campaign_OR/Fields/m.button_company_logo_1'

2018-07-24 15:03:41 - [MESSAGE][PASSED] - Keys 'C:\Users\kl.chan\Katalon Studio\boldreward\Images\Company Logo\starbucks logo.jpg' sent to object: 'Object Repository/Campaign_OR/Fields/m.button_company_logo_1'

2018-07-24 15:03:41 - [TEST_STEP][PASSED] - delay: Delayed 1 second(s)

2018-07-24 15:03:42 - [MESSAGE][PASSED] - Delayed 1 second(s)

2018-07-24 15:03:42 - [TEST_STEP][PASSED] - Statement - If (com.kms.katalon.core.webui.keyword.WebUiBuiltInKeywords.waitForElementVisible(com.kms.katalon.core.testobject.ObjectRepository.findTestObject(Campaign_OR/uploadedCompanyLogo), 30)): null

2018-07-24 15:03:42 - [MESSAGE][PASSED] - Object 'Object Repository/Campaign_OR/uploadedCompanyLogo' is visible

2018-07-24 15:03:42 - [TEST_STEP][PASSED] - Statement - verifyImgName = com.kms.katalon.core.webui.keyword.WebUiBuiltInKeywords.getText(com.kms.katalon.core.testobject.ObjectRepository.findTestObject(Campaign_OR/uploadedCompanyLogo)): Text of object 'Object Repository/Campaign_OR/uploadedCompanyLogo' is: 'starbucks logo.jpg'

2018-07-24 15:03:42 - [MESSAGE][PASSED] - Text of object 'Object Repository/Campaign_OR/uploadedCompanyLogo' is: 'starbucks logo.jpg'

2018-07-24 15:03:42 - [TEST_STEP][PASSED] - Statement - If (verifyImgName.equals(companyLogo) == true): null

2018-07-24 15:03:42 - [TEST_STEP][PASSED] - Statement - uploadedImg = true: null

2018-07-24 15:03:42 - [TEST_STEP][PASSED] - Statement - If (rewardCode == true): null

2018-07-24 15:03:42 - [TEST_STEP][PASSED] - Statement - Else If (rewardCode == false): Object: 'Object Repository/Campaign_OR/Fields/n.label_No' is clicked on

2018-07-24 15:03:42 - [TEST_STEP][PASSED] - click: Object: 'Object Repository/Campaign_OR/Fields/n.label_No' is clicked on

2018-07-24 15:03:42 - [MESSAGE][PASSED] - Object: 'Object Repository/Campaign_OR/Fields/n.label_No' is clicked on

2018-07-24 15:03:42 - [TEST_STEP][PASSED] - verifyElementChecked: Object 'Object Repository/Campaign_OR/Fields/radio_No' is checked

2018-07-24 15:03:42 - [MESSAGE][PASSED] - Object 'Object Repository/Campaign_OR/Fields/radio_No' is checked

2018-07-24 15:03:42 - [TEST_STEP][PASSED] - verifyElementChecked: Object 'Object Repository/Campaign_OR/Fields/radio_Yes' is not checked

2018-07-24 15:03:42 - [MESSAGE][WARNING] - Object 'Object Repository/Campaign_OR/Fields/radio_Yes' is not checked
[[ATTACHMENT|C:\\Users\\kl.chan\\Katalon Studio\\boldreward\\Reports\\TS_Create_Campaign\\TS002 Edit Campaign with negative testing\\20180724_145748\\1532415822250.png]]

2018-07-24 15:03:42 - [TEST_STEP][PASSED] - click: Object: 'Object Repository/Campaign_OR/button_Save' is clicked on

2018-07-24 15:03:42 - [MESSAGE][PASSED] - Object: 'Object Repository/Campaign_OR/button_Save' is clicked on

2018-07-24 15:03:42 - [TEST_STEP][PASSED] - delay: Delayed 2 second(s)

2018-07-24 15:03:44 - [MESSAGE][PASSED] - Delayed 2 second(s)

2018-07-24 15:03:44 - [MESSAGE][PASSED] - Call Test Case 'Test Cases/Merchant Portal/Campaign/Campagin Modules/create campaign' successfully

2018-07-24 15:03:44 - [TEST_STEP][PASSED] - Statement - updateFailed = false: null

2018-07-24 15:03:44 - [TEST_STEP][PASSED] - Statement - If (com.kms.katalon.core.webui.keyword.WebUiBuiltInKeywords.waitForElementVisible(com.kms.katalon.core.testobject.ObjectRepository.findTestObject(a.Not_Assigned_OR/alert_msg_top), 3)): null

2018-07-24 15:03:44 - [MESSAGE][PASSED] - Object 'Object Repository/a.Not_Assigned_OR/alert_msg_top' is visible

2018-07-24 15:03:44 - [TEST_STEP][PASSED] - Statement - verifyPopoutMsg = com.kms.katalon.core.webui.keyword.WebUiBuiltInKeywords.getText(com.kms.katalon.core.testobject.ObjectRepository.findTestObject(a.Not_Assigned_OR/alert_msg_top)): Text of object 'Object Repository/a.Not_Assigned_OR/alert_msg_top' is: 'Oops! Invalid inputs, please try again.'

2018-07-24 15:03:44 - [MESSAGE][PASSED] - Text of object 'Object Repository/a.Not_Assigned_OR/alert_msg_top' is: 'Oops! Invalid inputs, please try again.'

2018-07-24 15:03:44 - [TEST_STEP][PASSED] - Statement - If (verifyPopoutMsg.equals(msgServer) == true): null

2018-07-24 15:03:44 - [TEST_STEP][PASSED] - Statement - updateFailed = true: null

2018-07-24 15:03:44 - [TEST_STEP][PASSED] - Statement - updateSuccess = false: null

2018-07-24 15:03:44 - [TEST_STEP][PASSED] - Statement - If (com.kms.katalon.core.webui.keyword.WebUiBuiltInKeywords.waitForElementVisible(com.kms.katalon.core.testobject.ObjectRepository.findTestObject(Campaign_OR/Error Message/msg_edit_success), 3)): Web element with id: 'Object Repository/Campaign_OR/Error Message/msg_edit_success' located by 'By.xpath: id("errorMessage")/p[@class="error-block"]' not found

2018-07-24 15:03:47 - [MESSAGE][WARNING] - Web element with id: 'Object Repository/Campaign_OR/Error Message/msg_edit_success' located by 'By.xpath: id("errorMessage")/p[@class="error-block"]' not found

2018-07-24 15:03:47 - [TEST_STEP][PASSED] - Statement - createSuccess = false: null

2018-07-24 15:03:47 - [TEST_STEP][PASSED] - Statement - If (com.kms.katalon.core.webui.keyword.WebUiBuiltInKeywords.waitForElementVisible(com.kms.katalon.core.testobject.ObjectRepository.findTestObject(Home_OR/label_home), 3)): Web element with id: 'Object Repository/Home_OR/label_home' located by 'By.xpath: id("wrapper")/div[@class="content-page"]/div[@class="content"]/div[@class="ng-scope"]/div[@class="ng-scope"]/div[@class="page-heading"]/h1[1][count(. | //h1[(text() = ' Home' or . = ' Home')]) = count(//h1[(text() = ' Home' or . = ' Home')])]' not found

2018-07-24 15:03:50 - [MESSAGE][WARNING] - Web element with id: 'Object Repository/Home_OR/label_home' located by 'By.xpath: id("wrapper")/div[@class="content-page"]/div[@class="content"]/div[@class="ng-scope"]/div[@class="ng-scope"]/div[@class="page-heading"]/h1[1][count(. | //h1[(text() = ' Home' or . = ' Home')]) = count(//h1[(text() = ' Home' or . = ' Home')])]' not found

2018-07-24 15:03:50 - [TEST_STEP][PASSED] - Statement - If (updateSuccess == true): null

2018-07-24 15:03:50 - [TEST_STEP][PASSED] - Statement - Else If (updateFailed == true): null

2018-07-24 15:03:50 - [TEST_STEP][PASSED] - Statement - verifyError = false: null

2018-07-24 15:03:50 - [TEST_STEP][PASSED] - Statement - If (companyName.trim() == ""): null

2018-07-24 15:03:50 - [TEST_STEP][PASSED] - Statement - If (campaignInstruc.trim() == ""): null

2018-07-24 15:03:50 - [TEST_STEP][PASSED] - Statement - If (radioEmail.toLowerCase() == "false"): null

2018-07-24 15:03:50 - [TEST_STEP][PASSED] - Statement - campaignImgName = com.kms.katalon.core.webui.keyword.WebUiBuiltInKeywords.getText(com.kms.katalon.core.testobject.ObjectRepository.findTestObject(Campaign_OR/uploadedCampaignImg)): Text of object 'Object Repository/Campaign_OR/uploadedCampaignImg' is: 'starbucks copy.jpg'

2018-07-24 15:03:50 - [MESSAGE][PASSED] - Text of object 'Object Repository/Campaign_OR/uploadedCampaignImg' is: 'starbucks copy.jpg'

2018-07-24 15:03:50 - [TEST_STEP][PASSED] - Statement - If (campaignImgName == ""): null

2018-07-24 15:03:50 - [TEST_STEP][PASSED] - Statement - If (emailSender.trim() == ""): null

2018-07-24 15:03:50 - [TEST_STEP][PASSED] - Statement - If (emailSubject.trim() == ""): null

2018-07-24 15:03:50 - [TEST_STEP][PASSED] - Statement - If (emailContent.trim() == ""): null

2018-07-24 15:03:50 - [TEST_STEP][PASSED] - verifyElementVisible: Object 'Object Repository/Campaign_OR/Error Message/msg_email_content' is visible

2018-07-24 15:03:50 - [MESSAGE][PASSED] - Object 'Object Repository/Campaign_OR/Error Message/msg_email_content' is visible

2018-07-24 15:03:50 - [TEST_STEP][PASSED] - Statement - verifyEmptyContent = com.kms.katalon.core.webui.keyword.WebUiBuiltInKeywords.getText(com.kms.katalon.core.testobject.ObjectRepository.findTestObject(Campaign_OR/Error Message/msg_email_content)): Text of object 'Object Repository/Campaign_OR/Error Message/msg_email_content' is: 'Please complete this field.'

2018-07-24 15:03:50 - [MESSAGE][PASSED] - Text of object 'Object Repository/Campaign_OR/Error Message/msg_email_content' is: 'Please complete this field.'

2018-07-24 15:03:50 - [TEST_STEP][PASSED] - verifyMatch: Actual text 'Please complete this field.' and expected text 'Please complete this field.' are matched  using regular expression

2018-07-24 15:03:50 - [MESSAGE][PASSED] - Actual text 'Please complete this field.' and expected text 'Please complete this field.' are matched  using regular expression

2018-07-24 15:03:50 - [TEST_STEP][PASSED] - Statement - verifyError = true: null

2018-07-24 15:03:50 - [TEST_STEP][PASSED] - Statement - companyLogoName = com.kms.katalon.core.webui.keyword.WebUiBuiltInKeywords.getText(com.kms.katalon.core.testobject.ObjectRepository.findTestObject(Campaign_OR/uploadedCompanyLogo)): Text of object 'Object Repository/Campaign_OR/uploadedCompanyLogo' is: 'starbucks logo.jpg'

2018-07-24 15:03:50 - [MESSAGE][PASSED] - Text of object 'Object Repository/Campaign_OR/uploadedCompanyLogo' is: 'starbucks logo.jpg'

2018-07-24 15:03:50 - [TEST_STEP][PASSED] - Statement - If (companyLogoName == ""): null

2018-07-24 15:03:50 - [TEST_STEP][PASSED] - Statement - If (com.kms.katalon.core.webui.keyword.WebUiBuiltInKeywords.waitForElementVisible(com.kms.katalon.core.testobject.ObjectRepository.findTestObject(Campaign_OR/Error Message/msg_cpgn_image2), 2)): Web element with id: 'Object Repository/Campaign_OR/Error Message/msg_cpgn_image2' located by 'By.xpath: id("campaignImage")/p[@class="error-block ng-binding"][count(. | //p[@class = 'error-block ng-binding' and @ng-hide = 'CC.errorImage == 200 || CC.errorImage == undefined']) = count(//p[@class = 'error-block ng-binding' and @ng-hide = 'CC.errorImage == 200 || CC.errorImage == undefined'])]' not found

2018-07-24 15:03:52 - [MESSAGE][WARNING] - Web element with id: 'Object Repository/Campaign_OR/Error Message/msg_cpgn_image2' located by 'By.xpath: id("campaignImage")/p[@class="error-block ng-binding"][count(. | //p[@class = 'error-block ng-binding' and @ng-hide = 'CC.errorImage == 200 || CC.errorImage == undefined']) = count(//p[@class = 'error-block ng-binding' and @ng-hide = 'CC.errorImage == 200 || CC.errorImage == undefined'])]' not found

2018-07-24 15:03:52 - [TEST_STEP][PASSED] - Statement - If (com.kms.katalon.core.webui.keyword.WebUiBuiltInKeywords.waitForElementVisible(com.kms.katalon.core.testobject.ObjectRepository.findTestObject(Campaign_OR/Error Message/msg_TCURL), 2)): Web element with id: 'Object Repository/Campaign_OR/Error Message/msg_TCURL' located by 'By.xpath: id("wrapper")/div[@class="content-page"]/div[@class="content"]/div[@class="ng-scope"]/div[@class="row ng-scope"]/div[@class="col-md-7"]/div[@class="widget"]/div[@class="widget-content padding"]/div[@class="form-horizontal"]/div[@class="form-group"]/div[@id="tncUrl"]/p[@class="error-block"][count(. | //p[(text() = 'Invalid format, please follow as http://wwww.example.com' or . = 'Invalid format, please follow as http://wwww.example.com')]) = count(//p[(text() = 'Invalid format, please follow as http://wwww.example.com' or . = 'Invalid format, please follow as http://wwww.example.com')])]' not found

2018-07-24 15:03:54 - [MESSAGE][WARNING] - Web element with id: 'Object Repository/Campaign_OR/Error Message/msg_TCURL' located by 'By.xpath: id("wrapper")/div[@class="content-page"]/div[@class="content"]/div[@class="ng-scope"]/div[@class="row ng-scope"]/div[@class="col-md-7"]/div[@class="widget"]/div[@class="widget-content padding"]/div[@class="form-horizontal"]/div[@class="form-group"]/div[@id="tncUrl"]/p[@class="error-block"][count(. | //p[(text() = 'Invalid format, please follow as http://wwww.example.com' or . = 'Invalid format, please follow as http://wwww.example.com')]) = count(//p[(text() = 'Invalid format, please follow as http://wwww.example.com' or . = 'Invalid format, please follow as http://wwww.example.com')])]' not found

2018-07-24 15:03:54 - [TEST_STEP][PASSED] - Statement - If (emailSender.trim() != ""): Web element with id: 'Object Repository/Campaign_OR/Error Message/msg_sender' located by 'By.xpath: id("emailSender")/p[@class="error-block"]' not found

2018-07-24 15:03:54 - [TEST_STEP][PASSED] - Statement - If (com.kms.katalon.core.webui.keyword.WebUiBuiltInKeywords.waitForElementVisible(com.kms.katalon.core.testobject.ObjectRepository.findTestObject(Campaign_OR/Error Message/msg_sender), 2)): Web element with id: 'Object Repository/Campaign_OR/Error Message/msg_sender' located by 'By.xpath: id("emailSender")/p[@class="error-block"]' not found

2018-07-24 15:03:57 - [MESSAGE][WARNING] - Web element with id: 'Object Repository/Campaign_OR/Error Message/msg_sender' located by 'By.xpath: id("emailSender")/p[@class="error-block"]' not found

2018-07-24 15:03:57 - [TEST_STEP][PASSED] - Statement - If (com.kms.katalon.core.webui.keyword.WebUiBuiltInKeywords.waitForElementVisible(com.kms.katalon.core.testobject.ObjectRepository.findTestObject(Campaign_OR/Error Message/msg_company_logo), 2)): Web element with id: 'Object Repository/Campaign_OR/Error Message/msg_company_logo' located by 'By.xpath: id("companyLogo")/p[@class="error-block ng-binding"][count(. | //p[@class = 'error-block ng-binding' and @ng-hide = 'CC.errorLogo == 200 || CC.errorLogo == undefined']) = count(//p[@class = 'error-block ng-binding' and @ng-hide = 'CC.errorLogo == 200 || CC.errorLogo == undefined'])]' not found

2018-07-24 15:03:59 - [MESSAGE][WARNING] - Web element with id: 'Object Repository/Campaign_OR/Error Message/msg_company_logo' located by 'By.xpath: id("companyLogo")/p[@class="error-block ng-binding"][count(. | //p[@class = 'error-block ng-binding' and @ng-hide = 'CC.errorLogo == 200 || CC.errorLogo == undefined']) = count(//p[@class = 'error-block ng-binding' and @ng-hide = 'CC.errorLogo == 200 || CC.errorLogo == undefined'])]' not found

2018-07-24 15:03:59 - [TEST_STEP][PASSED] - refresh: Refresh successfully

2018-07-24 15:03:59 - [MESSAGE][PASSED] - Refresh successfully

2018-07-24 15:03:59 - [TEST_STEP][PASSED] - Statement - If (verifyError == false): null]]></system-out>
         <system-err><![CDATA[]]></system-err>
      </testcase>
      <testcase name="Test Cases/Merchant Portal/Campaign/TC001 Campaign - verify all case" classname="Test Cases/Merchant Portal/Campaign/TC001 Campaign - verify all case" status="PASSED">
         <system-out><![CDATA[2018-07-24 15:03:59 - [TEST_CASE][PASSED] - Test Cases/Merchant Portal/Campaign/TC001 Campaign - verify all case: Test Cases/Merchant Portal/Campaign/TC001 Campaign - verify all case

2018-07-24 15:03:59 - [TEST_STEP][PASSED] - Statement - randomWords = CustomKeywords.randomWords.GenerateNumber.randomString(4): randomWords.GenerateNumber.randomString is PASSED

2018-07-24 15:03:59 - [MESSAGE][PASSED] - randomWords.GenerateNumber.randomString is PASSED

2018-07-24 15:03:59 - [TEST_STEP][PASSED] - Statement - If (companyName.trim() != ""): null

2018-07-24 15:03:59 - [TEST_STEP][PASSED] - Statement - companyName = companyName + randomWords: null

2018-07-24 15:03:59 - [TEST_STEP][PASSED] - Statement - If (campaignInstruc.trim() != ""): null

2018-07-24 15:03:59 - [TEST_STEP][PASSED] - Statement - campaignInstruc = campaignInstruc + randomWords: null

2018-07-24 15:03:59 - [TEST_STEP][PASSED] - Statement - If (emailSender.trim() != ""): null

2018-07-24 15:03:59 - [TEST_STEP][PASSED] - Statement - email = emailSender: null

2018-07-24 15:03:59 - [TEST_STEP][PASSED] - Statement - splitEmail = email.split("@"): null

2018-07-24 15:03:59 - [TEST_STEP][PASSED] - Statement - numb = length: null

2018-07-24 15:03:59 - [TEST_STEP][PASSED] - Statement - If (numb > 1): null

2018-07-24 15:03:59 - [TEST_STEP][PASSED] - Statement - emailSender = splitEmail[0] + randomWords + "@" + splitEmail[1]: null

2018-07-24 15:03:59 - [TEST_STEP][PASSED] - Statement - If (emailSubject.trim() != ""): null

2018-07-24 15:03:59 - [TEST_STEP][PASSED] - Statement - emailSubject = emailSubject + randomWords: null

2018-07-24 15:03:59 - [TEST_STEP][PASSED] - Statement - If (emailContent.trim() != ""): null

2018-07-24 15:03:59 - [TEST_STEP][PASSED] - Statement - emailContent = emailContent + randomWords: null

2018-07-24 15:03:59 - [TEST_STEP][PASSED] - callTestCase: Call Test Case 'Test Cases/Merchant Portal/Campaign/Campagin Modules/create campaign' successfully

2018-07-24 15:03:59 - [TEST_CASE][PASSED] - Test Cases/Merchant Portal/Campaign/Campagin Modules/create campaign: Test Cases/Merchant Portal/Campaign/Campagin Modules/create campaign

2018-07-24 15:03:59 - [TEST_STEP][PASSED] - Statement - osName = "": null

2018-07-24 15:03:59 - [TEST_STEP][PASSED] - Statement - osName = CustomKeywords.os.DetectOS.getOperatingSystem(osName): os.DetectOS.getOperatingSystem is PASSED

2018-07-24 15:03:59 - [MESSAGE][PASSED] - os.DetectOS.getOperatingSystem is PASSED

2018-07-24 15:03:59 - [TEST_STEP][PASSED] - Statement - splitString = osName.split(): null

2018-07-24 15:03:59 - [TEST_STEP][PASSED] - Statement - os = splitString[0].toString(): null

2018-07-24 15:03:59 - [TEST_STEP][PASSED] - Statement - If (loggedin == false): null

2018-07-24 15:03:59 - [TEST_STEP][PASSED] - Statement - If (accessModule == false): null

2018-07-24 15:03:59 - [TEST_STEP][PASSED] - delay: Delayed 5 second(s)

2018-07-24 15:04:04 - [MESSAGE][PASSED] - Delayed 5 second(s)

2018-07-24 15:04:04 - [TEST_STEP][PASSED] - setText: Text 'Starbucks Reserve Ltds4xv' is set on object 'Object Repository/Campaign_OR/Fields/a.input_company_name'

2018-07-24 15:04:05 - [MESSAGE][PASSED] - Text 'Starbucks Reserve Ltds4xv' is set on object 'Object Repository/Campaign_OR/Fields/a.input_company_name'

2018-07-24 15:04:05 - [TEST_STEP][PASSED] - setText: Text 'Please subscribe with us and redeem a free coffee. Come join us now!s4xv' is set on object 'Object Repository/Campaign_OR/Fields/b.textarea_campaign_instruction'

2018-07-24 15:04:05 - [MESSAGE][PASSED] - Text 'Please subscribe with us and redeem a free coffee. Come join us now!s4xv' is set on object 'Object Repository/Campaign_OR/Fields/b.textarea_campaign_instruction'

2018-07-24 15:04:05 - [TEST_STEP][PASSED] - Statement - verifyEmail = false: null

2018-07-24 15:04:05 - [TEST_STEP][PASSED] - Statement - If (radioEmail.toLowerCase() == "true"): null

2018-07-24 15:04:05 - [TEST_STEP][PASSED] - Statement - verifyEmail = true: null

2018-07-24 15:04:05 - [TEST_STEP][PASSED] - Statement - If (verifyEmail == true): Object 'Object Repository/Campaign_OR/input_email' is visible

2018-07-24 15:04:05 - [TEST_STEP][PASSED] - Statement - If (com.kms.katalon.core.webui.keyword.WebUiBuiltInKeywords.verifyElementNotChecked(com.kms.katalon.core.testobject.ObjectRepository.findTestObject(Campaign_OR/Fields/c.checkbox_email), 1, OPTIONAL)): Object 'Object Repository/Campaign_OR/Fields/c.checkbox_email' is checked

2018-07-24 15:04:05 - [MESSAGE][WARNING] - Object 'Object Repository/Campaign_OR/Fields/c.checkbox_email' is checked
[[ATTACHMENT|C:\\Users\\kl.chan\\Katalon Studio\\boldreward\\Reports\\TS_Create_Campaign\\TS002 Edit Campaign with negative testing\\20180724_145748\\1532415845554.png]]

2018-07-24 15:04:05 - [TEST_STEP][PASSED] - Statement - Else: Object 'Object Repository/Campaign_OR/input_email' is visible

2018-07-24 15:04:05 - [TEST_STEP][PASSED] - verifyElementVisible: Object 'Object Repository/Campaign_OR/input_email' is visible

2018-07-24 15:04:05 - [MESSAGE][PASSED] - Object 'Object Repository/Campaign_OR/input_email' is visible

2018-07-24 15:04:05 - [TEST_STEP][PASSED] - Statement - verifyMobileno = false: null

2018-07-24 15:04:05 - [TEST_STEP][PASSED] - Statement - If (radioMobileno.toLowerCase() == "true"): null

2018-07-24 15:04:05 - [TEST_STEP][PASSED] - Statement - If (verifyMobileno == true): null

2018-07-24 15:04:05 - [TEST_STEP][PASSED] - Statement - Else If (verifyMobileno == false): Object 'Object Repository/Campaign_OR/input_mobileno' is NOT visible

2018-07-24 15:04:05 - [TEST_STEP][PASSED] - Statement - If (com.kms.katalon.core.webui.keyword.WebUiBuiltInKeywords.verifyElementChecked(com.kms.katalon.core.testobject.ObjectRepository.findTestObject(Campaign_OR/Fields/d.checkbox_mobile_number), 1, OPTIONAL)): Object 'Object Repository/Campaign_OR/input_mobileno' is NOT visible

2018-07-24 15:04:05 - [MESSAGE][PASSED] - Object 'Object Repository/Campaign_OR/Fields/d.checkbox_mobile_number' is checked

2018-07-24 15:04:05 - [TEST_STEP][PASSED] - delay: Delayed 1 second(s)

2018-07-24 15:04:06 - [MESSAGE][PASSED] - Delayed 1 second(s)

2018-07-24 15:04:06 - [TEST_STEP][PASSED] - click: Object: 'Object Repository/Campaign_OR/Fields/d.checkbox_mobile_number' is clicked on

2018-07-24 15:04:06 - [MESSAGE][PASSED] - Object: 'Object Repository/Campaign_OR/Fields/d.checkbox_mobile_number' is clicked on

2018-07-24 15:04:06 - [TEST_STEP][PASSED] - verifyElementNotVisible: Object 'Object Repository/Campaign_OR/input_mobileno' is NOT visible

2018-07-24 15:04:06 - [MESSAGE][PASSED] - Object 'Object Repository/Campaign_OR/input_mobileno' is NOT visible

2018-07-24 15:04:06 - [TEST_STEP][PASSED] - Statement - verifyName = false: null

2018-07-24 15:04:06 - [TEST_STEP][PASSED] - Statement - If (radioName.toLowerCase() == "true"): null

2018-07-24 15:04:06 - [TEST_STEP][PASSED] - Statement - If (verifyName == true): null

2018-07-24 15:04:06 - [TEST_STEP][PASSED] - Statement - Else If (verifyName == false): Object 'Object Repository/Campaign_OR/input_name' is NOT visible

2018-07-24 15:04:06 - [TEST_STEP][PASSED] - Statement - If (com.kms.katalon.core.webui.keyword.WebUiBuiltInKeywords.verifyElementChecked(com.kms.katalon.core.testobject.ObjectRepository.findTestObject(Campaign_OR/Fields/e.checkbox_name), 1, OPTIONAL)): Object 'Object Repository/Campaign_OR/input_name' is NOT visible

2018-07-24 15:04:07 - [MESSAGE][PASSED] - Object 'Object Repository/Campaign_OR/Fields/e.checkbox_name' is checked

2018-07-24 15:04:07 - [TEST_STEP][PASSED] - delay: Delayed 1 second(s)

2018-07-24 15:04:08 - [MESSAGE][PASSED] - Delayed 1 second(s)

2018-07-24 15:04:08 - [TEST_STEP][PASSED] - click: Object: 'Object Repository/Campaign_OR/Fields/e.checkbox_name' is clicked on

2018-07-24 15:04:08 - [MESSAGE][PASSED] - Object: 'Object Repository/Campaign_OR/Fields/e.checkbox_name' is clicked on

2018-07-24 15:04:08 - [TEST_STEP][PASSED] - verifyElementNotVisible: Object 'Object Repository/Campaign_OR/input_name' is NOT visible

2018-07-24 15:04:08 - [MESSAGE][PASSED] - Object 'Object Repository/Campaign_OR/input_name' is NOT visible

2018-07-24 15:04:08 - [TEST_STEP][PASSED] - Statement - verifyGender = false: null

2018-07-24 15:04:08 - [TEST_STEP][PASSED] - Statement - If (radioGender.toLowerCase() == "true"): null

2018-07-24 15:04:08 - [TEST_STEP][PASSED] - Statement - If (verifyGender == true): null

2018-07-24 15:04:08 - [TEST_STEP][PASSED] - Statement - Else If (verifyGender == false): Object 'Object Repository/Campaign_OR/label_Female' is NOT visible

2018-07-24 15:04:08 - [TEST_STEP][PASSED] - Statement - If (com.kms.katalon.core.webui.keyword.WebUiBuiltInKeywords.verifyElementChecked(com.kms.katalon.core.testobject.ObjectRepository.findTestObject(Campaign_OR/Fields/f.checkbox_gender), 1, OPTIONAL)): Object 'Object Repository/Campaign_OR/label_Female' is NOT visible

2018-07-24 15:04:08 - [MESSAGE][PASSED] - Object 'Object Repository/Campaign_OR/Fields/f.checkbox_gender' is checked

2018-07-24 15:04:08 - [TEST_STEP][PASSED] - delay: Delayed 1 second(s)

2018-07-24 15:04:09 - [MESSAGE][PASSED] - Delayed 1 second(s)

2018-07-24 15:04:09 - [TEST_STEP][PASSED] - click: Object: 'Object Repository/Campaign_OR/Fields/f.checkbox_gender' is clicked on

2018-07-24 15:04:09 - [MESSAGE][PASSED] - Object: 'Object Repository/Campaign_OR/Fields/f.checkbox_gender' is clicked on

2018-07-24 15:04:09 - [TEST_STEP][PASSED] - verifyElementNotVisible: Object 'Object Repository/Campaign_OR/label_Male' is NOT visible

2018-07-24 15:04:09 - [MESSAGE][PASSED] - Object 'Object Repository/Campaign_OR/label_Male' is NOT visible

2018-07-24 15:04:09 - [TEST_STEP][PASSED] - verifyElementNotVisible: Object 'Object Repository/Campaign_OR/label_Female' is NOT visible

2018-07-24 15:04:09 - [MESSAGE][PASSED] - Object 'Object Repository/Campaign_OR/label_Female' is NOT visible

2018-07-24 15:04:09 - [TEST_STEP][PASSED] - Statement - verifyDOB = false: null

2018-07-24 15:04:09 - [TEST_STEP][PASSED] - Statement - If (radioDOB.toLowerCase() == "true"): null

2018-07-24 15:04:09 - [TEST_STEP][PASSED] - Statement - If (verifyDOB == true): null

2018-07-24 15:04:09 - [TEST_STEP][PASSED] - Statement - Else If (verifyDOB == false): Object 'Object Repository/Campaign_OR/input_datepicker' is NOT visible

2018-07-24 15:04:09 - [TEST_STEP][PASSED] - Statement - If (com.kms.katalon.core.webui.keyword.WebUiBuiltInKeywords.verifyElementChecked(com.kms.katalon.core.testobject.ObjectRepository.findTestObject(Campaign_OR/Fields/g.checkbox_dob), 1, OPTIONAL)): Object 'Object Repository/Campaign_OR/input_datepicker' is NOT visible

2018-07-24 15:04:09 - [MESSAGE][PASSED] - Object 'Object Repository/Campaign_OR/Fields/g.checkbox_dob' is checked

2018-07-24 15:04:09 - [TEST_STEP][PASSED] - delay: Delayed 1 second(s)

2018-07-24 15:04:10 - [MESSAGE][PASSED] - Delayed 1 second(s)

2018-07-24 15:04:10 - [TEST_STEP][PASSED] - click: Object: 'Object Repository/Campaign_OR/Fields/g.checkbox_dob' is clicked on

2018-07-24 15:04:10 - [MESSAGE][PASSED] - Object: 'Object Repository/Campaign_OR/Fields/g.checkbox_dob' is clicked on

2018-07-24 15:04:10 - [TEST_STEP][PASSED] - verifyElementNotVisible: Object 'Object Repository/Campaign_OR/input_datepicker' is NOT visible

2018-07-24 15:04:10 - [MESSAGE][PASSED] - Object 'Object Repository/Campaign_OR/input_datepicker' is NOT visible

2018-07-24 15:04:10 - [TEST_STEP][PASSED] - Statement - filepath = "": null

2018-07-24 15:04:10 - [TEST_STEP][PASSED] - Statement - If (os == "Windows"): null

2018-07-24 15:04:10 - [TEST_STEP][PASSED] - Statement - filepath = campaignImagePath: null

2018-07-24 15:04:10 - [TEST_STEP][PASSED] - Statement - verifyImgName = "": null

2018-07-24 15:04:10 - [TEST_STEP][PASSED] - Statement - uploadedImg = false: null

2018-07-24 15:04:10 - [TEST_STEP][PASSED] - Statement - If (filepath.trim() != "" && campaignImage.trim() != ""): null

2018-07-24 15:04:10 - [TEST_STEP][PASSED] - sendKeys: Keys 'C:\Users\kl.chan\Katalon Studio\boldreward\Images\Campaign Image\389 x 200.jpg' sent to object: 'Object Repository/Campaign_OR/Fields/h.button_campaign_image_1'

2018-07-24 15:04:10 - [MESSAGE][PASSED] - Keys 'C:\Users\kl.chan\Katalon Studio\boldreward\Images\Campaign Image\389 x 200.jpg' sent to object: 'Object Repository/Campaign_OR/Fields/h.button_campaign_image_1'

2018-07-24 15:04:10 - [TEST_STEP][PASSED] - delay: Delayed 1 second(s)

2018-07-24 15:04:11 - [MESSAGE][PASSED] - Delayed 1 second(s)

2018-07-24 15:04:11 - [TEST_STEP][PASSED] - Statement - If (com.kms.katalon.core.webui.keyword.WebUiBuiltInKeywords.waitForElementVisible(com.kms.katalon.core.testobject.ObjectRepository.findTestObject(Campaign_OR/uploadedCampaignImg), 30)): null

2018-07-24 15:04:11 - [MESSAGE][PASSED] - Object 'Object Repository/Campaign_OR/uploadedCampaignImg' is visible

2018-07-24 15:04:11 - [TEST_STEP][PASSED] - Statement - verifyImgName = com.kms.katalon.core.webui.keyword.WebUiBuiltInKeywords.getText(com.kms.katalon.core.testobject.ObjectRepository.findTestObject(Campaign_OR/uploadedCampaignImg)): Text of object 'Object Repository/Campaign_OR/uploadedCampaignImg' is: '389 x 200.jpg'

2018-07-24 15:04:11 - [MESSAGE][PASSED] - Text of object 'Object Repository/Campaign_OR/uploadedCampaignImg' is: '389 x 200.jpg'

2018-07-24 15:04:11 - [TEST_STEP][PASSED] - Statement - If (verifyImgName.equals(campaignImage) == true): null

2018-07-24 15:04:11 - [TEST_STEP][PASSED] - Statement - uploadedImg = true: null

2018-07-24 15:04:11 - [TEST_STEP][PASSED] - setText: Text 'http://www.starbucks.com.my/' is set on object 'Object Repository/Campaign_OR/Fields/i.k.input_tnc'

2018-07-24 15:04:11 - [MESSAGE][PASSED] - Text 'http://www.starbucks.com.my/' is set on object 'Object Repository/Campaign_OR/Fields/i.k.input_tnc'

2018-07-24 15:04:11 - [TEST_STEP][PASSED] - setText: Text 'kl.chans4xv@macrokiosk.com' is set on object 'Object Repository/Campaign_OR/Fields/j.input_sender'

2018-07-24 15:04:12 - [MESSAGE][PASSED] - Text 'kl.chans4xv@macrokiosk.com' is set on object 'Object Repository/Campaign_OR/Fields/j.input_sender'

2018-07-24 15:04:12 - [TEST_STEP][PASSED] - setText: Text 'Starbucks Reserve @ SITs4xv' is set on object 'Object Repository/Campaign_OR/Fields/k.input_subject'

2018-07-24 15:04:12 - [MESSAGE][PASSED] - Text 'Starbucks Reserve @ SITs4xv' is set on object 'Object Repository/Campaign_OR/Fields/k.input_subject'

2018-07-24 15:04:12 - [TEST_STEP][PASSED] - setText: Text 'Hello User, Welcome to our Starbucks Reserve @ SIT. Come subscribe with us and redeem more rewards.s4xv' is set on object 'Object Repository/Campaign_OR/Fields/l.textarea_content'

2018-07-24 15:04:12 - [MESSAGE][PASSED] - Text 'Hello User, Welcome to our Starbucks Reserve @ SIT. Come subscribe with us and redeem more rewards.s4xv' is set on object 'Object Repository/Campaign_OR/Fields/l.textarea_content'

2018-07-24 15:04:12 - [TEST_STEP][PASSED] - Statement - filepath = "": null

2018-07-24 15:04:12 - [TEST_STEP][PASSED] - Statement - If (os == "Windows"): null

2018-07-24 15:04:12 - [TEST_STEP][PASSED] - Statement - filepath = companyLogoPath: null

2018-07-24 15:04:12 - [TEST_STEP][PASSED] - Statement - verifyImgName = "": null

2018-07-24 15:04:12 - [TEST_STEP][PASSED] - Statement - uploadedImg = false: null

2018-07-24 15:04:12 - [TEST_STEP][PASSED] - Statement - reuploadCount = 0: null

2018-07-24 15:04:12 - [TEST_STEP][PASSED] - Statement - If (filepath.trim() != "" && companyLogo.trim() != ""): null

2018-07-24 15:04:12 - [TEST_STEP][PASSED] - sendKeys: Keys 'C:\Users\kl.chan\Katalon Studio\boldreward\Images\Company Logo\starbucks logo.jpg' sent to object: 'Object Repository/Campaign_OR/Fields/m.button_company_logo_1'

2018-07-24 15:04:12 - [MESSAGE][PASSED] - Keys 'C:\Users\kl.chan\Katalon Studio\boldreward\Images\Company Logo\starbucks logo.jpg' sent to object: 'Object Repository/Campaign_OR/Fields/m.button_company_logo_1'

2018-07-24 15:04:12 - [TEST_STEP][PASSED] - delay: Delayed 1 second(s)

2018-07-24 15:04:13 - [MESSAGE][PASSED] - Delayed 1 second(s)

2018-07-24 15:04:13 - [TEST_STEP][PASSED] - Statement - If (com.kms.katalon.core.webui.keyword.WebUiBuiltInKeywords.waitForElementVisible(com.kms.katalon.core.testobject.ObjectRepository.findTestObject(Campaign_OR/uploadedCompanyLogo), 30)): null

2018-07-24 15:04:13 - [MESSAGE][PASSED] - Object 'Object Repository/Campaign_OR/uploadedCompanyLogo' is visible

2018-07-24 15:04:13 - [TEST_STEP][PASSED] - Statement - verifyImgName = com.kms.katalon.core.webui.keyword.WebUiBuiltInKeywords.getText(com.kms.katalon.core.testobject.ObjectRepository.findTestObject(Campaign_OR/uploadedCompanyLogo)): Text of object 'Object Repository/Campaign_OR/uploadedCompanyLogo' is: 'starbucks logo.jpg'

2018-07-24 15:04:13 - [MESSAGE][PASSED] - Text of object 'Object Repository/Campaign_OR/uploadedCompanyLogo' is: 'starbucks logo.jpg'

2018-07-24 15:04:13 - [TEST_STEP][PASSED] - Statement - If (verifyImgName.equals(companyLogo) == true): null

2018-07-24 15:04:13 - [TEST_STEP][PASSED] - Statement - uploadedImg = true: null

2018-07-24 15:04:13 - [TEST_STEP][PASSED] - Statement - If (rewardCode == true): null

2018-07-24 15:04:13 - [TEST_STEP][PASSED] - Statement - Else If (rewardCode == false): Object: 'Object Repository/Campaign_OR/Fields/n.label_No' is clicked on

2018-07-24 15:04:13 - [TEST_STEP][PASSED] - click: Object: 'Object Repository/Campaign_OR/Fields/n.label_No' is clicked on

2018-07-24 15:04:13 - [MESSAGE][PASSED] - Object: 'Object Repository/Campaign_OR/Fields/n.label_No' is clicked on

2018-07-24 15:04:13 - [TEST_STEP][PASSED] - verifyElementChecked: Object 'Object Repository/Campaign_OR/Fields/radio_No' is checked

2018-07-24 15:04:13 - [MESSAGE][PASSED] - Object 'Object Repository/Campaign_OR/Fields/radio_No' is checked

2018-07-24 15:04:13 - [TEST_STEP][PASSED] - verifyElementChecked: Object 'Object Repository/Campaign_OR/Fields/radio_Yes' is not checked

2018-07-24 15:04:14 - [MESSAGE][WARNING] - Object 'Object Repository/Campaign_OR/Fields/radio_Yes' is not checked
[[ATTACHMENT|C:\\Users\\kl.chan\\Katalon Studio\\boldreward\\Reports\\TS_Create_Campaign\\TS002 Edit Campaign with negative testing\\20180724_145748\\1532415853973.png]]

2018-07-24 15:04:14 - [TEST_STEP][PASSED] - click: Object: 'Object Repository/Campaign_OR/button_Save' is clicked on

2018-07-24 15:04:14 - [MESSAGE][PASSED] - Object: 'Object Repository/Campaign_OR/button_Save' is clicked on

2018-07-24 15:04:14 - [TEST_STEP][PASSED] - delay: Delayed 2 second(s)

2018-07-24 15:04:16 - [MESSAGE][PASSED] - Delayed 2 second(s)

2018-07-24 15:04:16 - [MESSAGE][PASSED] - Call Test Case 'Test Cases/Merchant Portal/Campaign/Campagin Modules/create campaign' successfully

2018-07-24 15:04:16 - [TEST_STEP][PASSED] - Statement - updateFailed = false: null

2018-07-24 15:04:16 - [TEST_STEP][PASSED] - Statement - If (com.kms.katalon.core.webui.keyword.WebUiBuiltInKeywords.waitForElementVisible(com.kms.katalon.core.testobject.ObjectRepository.findTestObject(a.Not_Assigned_OR/alert_msg_top), 3)): null

2018-07-24 15:04:16 - [MESSAGE][PASSED] - Object 'Object Repository/a.Not_Assigned_OR/alert_msg_top' is visible

2018-07-24 15:04:16 - [TEST_STEP][PASSED] - Statement - verifyPopoutMsg = com.kms.katalon.core.webui.keyword.WebUiBuiltInKeywords.getText(com.kms.katalon.core.testobject.ObjectRepository.findTestObject(a.Not_Assigned_OR/alert_msg_top)): Text of object 'Object Repository/a.Not_Assigned_OR/alert_msg_top' is: 'Oops! Invalid inputs, please try again.'

2018-07-24 15:04:16 - [MESSAGE][PASSED] - Text of object 'Object Repository/a.Not_Assigned_OR/alert_msg_top' is: 'Oops! Invalid inputs, please try again.'

2018-07-24 15:04:16 - [TEST_STEP][PASSED] - Statement - If (verifyPopoutMsg.equals(msgServer) == true): null

2018-07-24 15:04:16 - [TEST_STEP][PASSED] - Statement - updateFailed = true: null

2018-07-24 15:04:16 - [TEST_STEP][PASSED] - Statement - updateSuccess = false: null

2018-07-24 15:04:16 - [TEST_STEP][PASSED] - Statement - If (com.kms.katalon.core.webui.keyword.WebUiBuiltInKeywords.waitForElementVisible(com.kms.katalon.core.testobject.ObjectRepository.findTestObject(Campaign_OR/Error Message/msg_edit_success), 3)): Web element with id: 'Object Repository/Campaign_OR/Error Message/msg_edit_success' located by 'By.xpath: id("errorMessage")/p[@class="error-block"]' not found

2018-07-24 15:04:19 - [MESSAGE][WARNING] - Web element with id: 'Object Repository/Campaign_OR/Error Message/msg_edit_success' located by 'By.xpath: id("errorMessage")/p[@class="error-block"]' not found

2018-07-24 15:04:19 - [TEST_STEP][PASSED] - Statement - createSuccess = false: null

2018-07-24 15:04:19 - [TEST_STEP][PASSED] - Statement - If (com.kms.katalon.core.webui.keyword.WebUiBuiltInKeywords.waitForElementVisible(com.kms.katalon.core.testobject.ObjectRepository.findTestObject(Home_OR/label_home), 3)): Web element with id: 'Object Repository/Home_OR/label_home' located by 'By.xpath: id("wrapper")/div[@class="content-page"]/div[@class="content"]/div[@class="ng-scope"]/div[@class="ng-scope"]/div[@class="page-heading"]/h1[1][count(. | //h1[(text() = ' Home' or . = ' Home')]) = count(//h1[(text() = ' Home' or . = ' Home')])]' not found

2018-07-24 15:04:22 - [MESSAGE][WARNING] - Web element with id: 'Object Repository/Home_OR/label_home' located by 'By.xpath: id("wrapper")/div[@class="content-page"]/div[@class="content"]/div[@class="ng-scope"]/div[@class="ng-scope"]/div[@class="page-heading"]/h1[1][count(. | //h1[(text() = ' Home' or . = ' Home')]) = count(//h1[(text() = ' Home' or . = ' Home')])]' not found

2018-07-24 15:04:22 - [TEST_STEP][PASSED] - Statement - If (updateSuccess == true): null

2018-07-24 15:04:22 - [TEST_STEP][PASSED] - Statement - Else If (updateFailed == true): null

2018-07-24 15:04:22 - [TEST_STEP][PASSED] - Statement - verifyError = false: null

2018-07-24 15:04:22 - [TEST_STEP][PASSED] - Statement - If (companyName.trim() == ""): null

2018-07-24 15:04:22 - [TEST_STEP][PASSED] - Statement - If (campaignInstruc.trim() == ""): null

2018-07-24 15:04:22 - [TEST_STEP][PASSED] - Statement - If (radioEmail.toLowerCase() == "false"): null

2018-07-24 15:04:22 - [TEST_STEP][PASSED] - Statement - campaignImgName = com.kms.katalon.core.webui.keyword.WebUiBuiltInKeywords.getText(com.kms.katalon.core.testobject.ObjectRepository.findTestObject(Campaign_OR/uploadedCampaignImg)): Text of object 'Object Repository/Campaign_OR/uploadedCampaignImg' is: '389 x 200.jpg'

2018-07-24 15:04:22 - [MESSAGE][PASSED] - Text of object 'Object Repository/Campaign_OR/uploadedCampaignImg' is: '389 x 200.jpg'

2018-07-24 15:04:22 - [TEST_STEP][PASSED] - Statement - If (campaignImgName == ""): null

2018-07-24 15:04:22 - [TEST_STEP][PASSED] - Statement - If (emailSender.trim() == ""): null

2018-07-24 15:04:22 - [TEST_STEP][PASSED] - Statement - If (emailSubject.trim() == ""): null

2018-07-24 15:04:22 - [TEST_STEP][PASSED] - Statement - If (emailContent.trim() == ""): null

2018-07-24 15:04:22 - [TEST_STEP][PASSED] - Statement - companyLogoName = com.kms.katalon.core.webui.keyword.WebUiBuiltInKeywords.getText(com.kms.katalon.core.testobject.ObjectRepository.findTestObject(Campaign_OR/uploadedCompanyLogo)): Text of object 'Object Repository/Campaign_OR/uploadedCompanyLogo' is: 'starbucks logo.jpg'

2018-07-24 15:04:22 - [MESSAGE][PASSED] - Text of object 'Object Repository/Campaign_OR/uploadedCompanyLogo' is: 'starbucks logo.jpg'

2018-07-24 15:04:22 - [TEST_STEP][PASSED] - Statement - If (companyLogoName == ""): null

2018-07-24 15:04:22 - [TEST_STEP][PASSED] - Statement - If (com.kms.katalon.core.webui.keyword.WebUiBuiltInKeywords.waitForElementVisible(com.kms.katalon.core.testobject.ObjectRepository.findTestObject(Campaign_OR/Error Message/msg_cpgn_image2), 2)): null

2018-07-24 15:04:22 - [MESSAGE][PASSED] - Object 'Object Repository/Campaign_OR/Error Message/msg_cpgn_image2' is visible

2018-07-24 15:04:22 - [TEST_STEP][PASSED] - Statement - verifyCampaignImgError = com.kms.katalon.core.webui.keyword.WebUiBuiltInKeywords.getText(com.kms.katalon.core.testobject.ObjectRepository.findTestObject(Campaign_OR/Error Message/msg_cpgn_image2)): Text of object 'Object Repository/Campaign_OR/Error Message/msg_cpgn_image2' is: 'Invalid image dimension'

2018-07-24 15:04:22 - [MESSAGE][PASSED] - Text of object 'Object Repository/Campaign_OR/Error Message/msg_cpgn_image2' is: 'Invalid image dimension'

2018-07-24 15:04:22 - [TEST_STEP][PASSED] - Statement - If (verifyCampaignImgError.equals(msgInvalidSize)): null

2018-07-24 15:04:22 - [TEST_STEP][PASSED] - Statement - Else If (verifyCampaignImgError.equals(msgInvalidDi)): null

2018-07-24 15:04:22 - [TEST_STEP][PASSED] - Statement - verifyError = true: null

2018-07-24 15:04:22 - [TEST_STEP][PASSED] - Statement - If (com.kms.katalon.core.webui.keyword.WebUiBuiltInKeywords.waitForElementVisible(com.kms.katalon.core.testobject.ObjectRepository.findTestObject(Campaign_OR/Error Message/msg_TCURL), 2)): Web element with id: 'Object Repository/Campaign_OR/Error Message/msg_TCURL' located by 'By.xpath: id("wrapper")/div[@class="content-page"]/div[@class="content"]/div[@class="ng-scope"]/div[@class="row ng-scope"]/div[@class="col-md-7"]/div[@class="widget"]/div[@class="widget-content padding"]/div[@class="form-horizontal"]/div[@class="form-group"]/div[@id="tncUrl"]/p[@class="error-block"][count(. | //p[(text() = 'Invalid format, please follow as http://wwww.example.com' or . = 'Invalid format, please follow as http://wwww.example.com')]) = count(//p[(text() = 'Invalid format, please follow as http://wwww.example.com' or . = 'Invalid format, please follow as http://wwww.example.com')])]' not found

2018-07-24 15:04:24 - [MESSAGE][WARNING] - Web element with id: 'Object Repository/Campaign_OR/Error Message/msg_TCURL' located by 'By.xpath: id("wrapper")/div[@class="content-page"]/div[@class="content"]/div[@class="ng-scope"]/div[@class="row ng-scope"]/div[@class="col-md-7"]/div[@class="widget"]/div[@class="widget-content padding"]/div[@class="form-horizontal"]/div[@class="form-group"]/div[@id="tncUrl"]/p[@class="error-block"][count(. | //p[(text() = 'Invalid format, please follow as http://wwww.example.com' or . = 'Invalid format, please follow as http://wwww.example.com')]) = count(//p[(text() = 'Invalid format, please follow as http://wwww.example.com' or . = 'Invalid format, please follow as http://wwww.example.com')])]' not found

2018-07-24 15:04:24 - [TEST_STEP][PASSED] - Statement - If (emailSender.trim() != ""): Web element with id: 'Object Repository/Campaign_OR/Error Message/msg_sender' located by 'By.xpath: id("emailSender")/p[@class="error-block"]' not found

2018-07-24 15:04:24 - [TEST_STEP][PASSED] - Statement - If (com.kms.katalon.core.webui.keyword.WebUiBuiltInKeywords.waitForElementVisible(com.kms.katalon.core.testobject.ObjectRepository.findTestObject(Campaign_OR/Error Message/msg_sender), 2)): Web element with id: 'Object Repository/Campaign_OR/Error Message/msg_sender' located by 'By.xpath: id("emailSender")/p[@class="error-block"]' not found

2018-07-24 15:04:26 - [MESSAGE][WARNING] - Web element with id: 'Object Repository/Campaign_OR/Error Message/msg_sender' located by 'By.xpath: id("emailSender")/p[@class="error-block"]' not found

2018-07-24 15:04:26 - [TEST_STEP][PASSED] - Statement - If (com.kms.katalon.core.webui.keyword.WebUiBuiltInKeywords.waitForElementVisible(com.kms.katalon.core.testobject.ObjectRepository.findTestObject(Campaign_OR/Error Message/msg_company_logo), 2)): Web element with id: 'Object Repository/Campaign_OR/Error Message/msg_company_logo' located by 'By.xpath: id("companyLogo")/p[@class="error-block ng-binding"][count(. | //p[@class = 'error-block ng-binding' and @ng-hide = 'CC.errorLogo == 200 || CC.errorLogo == undefined']) = count(//p[@class = 'error-block ng-binding' and @ng-hide = 'CC.errorLogo == 200 || CC.errorLogo == undefined'])]' not found

2018-07-24 15:04:28 - [MESSAGE][WARNING] - Web element with id: 'Object Repository/Campaign_OR/Error Message/msg_company_logo' located by 'By.xpath: id("companyLogo")/p[@class="error-block ng-binding"][count(. | //p[@class = 'error-block ng-binding' and @ng-hide = 'CC.errorLogo == 200 || CC.errorLogo == undefined']) = count(//p[@class = 'error-block ng-binding' and @ng-hide = 'CC.errorLogo == 200 || CC.errorLogo == undefined'])]' not found

2018-07-24 15:04:28 - [TEST_STEP][PASSED] - refresh: Refresh successfully

2018-07-24 15:04:29 - [MESSAGE][PASSED] - Refresh successfully

2018-07-24 15:04:29 - [TEST_STEP][PASSED] - Statement - If (verifyError == false): null]]></system-out>
         <system-err><![CDATA[]]></system-err>
      </testcase>
      <testcase name="Test Cases/Merchant Portal/Campaign/TC001 Campaign - verify all case" classname="Test Cases/Merchant Portal/Campaign/TC001 Campaign - verify all case" status="PASSED">
         <system-out><![CDATA[2018-07-24 15:04:29 - [TEST_CASE][PASSED] - Test Cases/Merchant Portal/Campaign/TC001 Campaign - verify all case: Test Cases/Merchant Portal/Campaign/TC001 Campaign - verify all case

2018-07-24 15:04:29 - [TEST_STEP][PASSED] - Statement - randomWords = CustomKeywords.randomWords.GenerateNumber.randomString(4): randomWords.GenerateNumber.randomString is PASSED

2018-07-24 15:04:29 - [MESSAGE][PASSED] - randomWords.GenerateNumber.randomString is PASSED

2018-07-24 15:04:29 - [TEST_STEP][PASSED] - Statement - If (companyName.trim() != ""): null

2018-07-24 15:04:29 - [TEST_STEP][PASSED] - Statement - companyName = companyName + randomWords: null

2018-07-24 15:04:29 - [TEST_STEP][PASSED] - Statement - If (campaignInstruc.trim() != ""): null

2018-07-24 15:04:29 - [TEST_STEP][PASSED] - Statement - campaignInstruc = campaignInstruc + randomWords: null

2018-07-24 15:04:29 - [TEST_STEP][PASSED] - Statement - If (emailSender.trim() != ""): null

2018-07-24 15:04:29 - [TEST_STEP][PASSED] - Statement - email = emailSender: null

2018-07-24 15:04:29 - [TEST_STEP][PASSED] - Statement - splitEmail = email.split("@"): null

2018-07-24 15:04:29 - [TEST_STEP][PASSED] - Statement - numb = length: null

2018-07-24 15:04:29 - [TEST_STEP][PASSED] - Statement - If (numb > 1): null

2018-07-24 15:04:29 - [TEST_STEP][PASSED] - Statement - emailSender = splitEmail[0] + randomWords + "@" + splitEmail[1]: null

2018-07-24 15:04:29 - [TEST_STEP][PASSED] - Statement - If (emailSubject.trim() != ""): null

2018-07-24 15:04:29 - [TEST_STEP][PASSED] - Statement - emailSubject = emailSubject + randomWords: null

2018-07-24 15:04:29 - [TEST_STEP][PASSED] - Statement - If (emailContent.trim() != ""): null

2018-07-24 15:04:29 - [TEST_STEP][PASSED] - Statement - emailContent = emailContent + randomWords: null

2018-07-24 15:04:29 - [TEST_STEP][PASSED] - callTestCase: Call Test Case 'Test Cases/Merchant Portal/Campaign/Campagin Modules/create campaign' successfully

2018-07-24 15:04:29 - [TEST_CASE][PASSED] - Test Cases/Merchant Portal/Campaign/Campagin Modules/create campaign: Test Cases/Merchant Portal/Campaign/Campagin Modules/create campaign

2018-07-24 15:04:29 - [TEST_STEP][PASSED] - Statement - osName = "": null

2018-07-24 15:04:29 - [TEST_STEP][PASSED] - Statement - osName = CustomKeywords.os.DetectOS.getOperatingSystem(osName): os.DetectOS.getOperatingSystem is PASSED

2018-07-24 15:04:29 - [MESSAGE][PASSED] - os.DetectOS.getOperatingSystem is PASSED

2018-07-24 15:04:29 - [TEST_STEP][PASSED] - Statement - splitString = osName.split(): null

2018-07-24 15:04:29 - [TEST_STEP][PASSED] - Statement - os = splitString[0].toString(): null

2018-07-24 15:04:29 - [TEST_STEP][PASSED] - Statement - If (loggedin == false): null

2018-07-24 15:04:29 - [TEST_STEP][PASSED] - Statement - If (accessModule == false): null

2018-07-24 15:04:29 - [TEST_STEP][PASSED] - delay: Delayed 5 second(s)

2018-07-24 15:04:34 - [MESSAGE][PASSED] - Delayed 5 second(s)

2018-07-24 15:04:34 - [TEST_STEP][PASSED] - setText: Text 'Starbucks Reserve Ltd13GE' is set on object 'Object Repository/Campaign_OR/Fields/a.input_company_name'

2018-07-24 15:04:34 - [MESSAGE][PASSED] - Text 'Starbucks Reserve Ltd13GE' is set on object 'Object Repository/Campaign_OR/Fields/a.input_company_name'

2018-07-24 15:04:34 - [TEST_STEP][PASSED] - setText: Text 'Please subscribe with us and redeem a free coffee. Come join us now!13GE' is set on object 'Object Repository/Campaign_OR/Fields/b.textarea_campaign_instruction'

2018-07-24 15:04:35 - [MESSAGE][PASSED] - Text 'Please subscribe with us and redeem a free coffee. Come join us now!13GE' is set on object 'Object Repository/Campaign_OR/Fields/b.textarea_campaign_instruction'

2018-07-24 15:04:35 - [TEST_STEP][PASSED] - Statement - verifyEmail = false: null

2018-07-24 15:04:35 - [TEST_STEP][PASSED] - Statement - If (radioEmail.toLowerCase() == "true"): null

2018-07-24 15:04:35 - [TEST_STEP][PASSED] - Statement - verifyEmail = true: null

2018-07-24 15:04:35 - [TEST_STEP][PASSED] - Statement - If (verifyEmail == true): Object 'Object Repository/Campaign_OR/input_email' is visible

2018-07-24 15:04:35 - [TEST_STEP][PASSED] - Statement - If (com.kms.katalon.core.webui.keyword.WebUiBuiltInKeywords.verifyElementNotChecked(com.kms.katalon.core.testobject.ObjectRepository.findTestObject(Campaign_OR/Fields/c.checkbox_email), 1, OPTIONAL)): Object 'Object Repository/Campaign_OR/Fields/c.checkbox_email' is checked

2018-07-24 15:04:35 - [MESSAGE][WARNING] - Object 'Object Repository/Campaign_OR/Fields/c.checkbox_email' is checked
[[ATTACHMENT|C:\\Users\\kl.chan\\Katalon Studio\\boldreward\\Reports\\TS_Create_Campaign\\TS002 Edit Campaign with negative testing\\20180724_145748\\1532415875342.png]]

2018-07-24 15:04:35 - [TEST_STEP][PASSED] - Statement - Else: Object 'Object Repository/Campaign_OR/input_email' is visible

2018-07-24 15:04:35 - [TEST_STEP][PASSED] - verifyElementVisible: Object 'Object Repository/Campaign_OR/input_email' is visible

2018-07-24 15:04:35 - [MESSAGE][PASSED] - Object 'Object Repository/Campaign_OR/input_email' is visible

2018-07-24 15:04:35 - [TEST_STEP][PASSED] - Statement - verifyMobileno = false: null

2018-07-24 15:04:35 - [TEST_STEP][PASSED] - Statement - If (radioMobileno.toLowerCase() == "true"): null

2018-07-24 15:04:35 - [TEST_STEP][PASSED] - Statement - If (verifyMobileno == true): null

2018-07-24 15:04:35 - [TEST_STEP][PASSED] - Statement - Else If (verifyMobileno == false): Object 'Object Repository/Campaign_OR/input_mobileno' is NOT visible

2018-07-24 15:04:35 - [TEST_STEP][PASSED] - Statement - If (com.kms.katalon.core.webui.keyword.WebUiBuiltInKeywords.verifyElementChecked(com.kms.katalon.core.testobject.ObjectRepository.findTestObject(Campaign_OR/Fields/d.checkbox_mobile_number), 1, OPTIONAL)): Object 'Object Repository/Campaign_OR/input_mobileno' is NOT visible

2018-07-24 15:04:35 - [MESSAGE][PASSED] - Object 'Object Repository/Campaign_OR/Fields/d.checkbox_mobile_number' is checked

2018-07-24 15:04:35 - [TEST_STEP][PASSED] - delay: Delayed 1 second(s)

2018-07-24 15:04:36 - [MESSAGE][PASSED] - Delayed 1 second(s)

2018-07-24 15:04:36 - [TEST_STEP][PASSED] - click: Object: 'Object Repository/Campaign_OR/Fields/d.checkbox_mobile_number' is clicked on

2018-07-24 15:04:36 - [MESSAGE][PASSED] - Object: 'Object Repository/Campaign_OR/Fields/d.checkbox_mobile_number' is clicked on

2018-07-24 15:04:36 - [TEST_STEP][PASSED] - verifyElementNotVisible: Object 'Object Repository/Campaign_OR/input_mobileno' is NOT visible

2018-07-24 15:04:36 - [MESSAGE][PASSED] - Object 'Object Repository/Campaign_OR/input_mobileno' is NOT visible

2018-07-24 15:04:36 - [TEST_STEP][PASSED] - Statement - verifyName = false: null

2018-07-24 15:04:36 - [TEST_STEP][PASSED] - Statement - If (radioName.toLowerCase() == "true"): null

2018-07-24 15:04:36 - [TEST_STEP][PASSED] - Statement - If (verifyName == true): null

2018-07-24 15:04:36 - [TEST_STEP][PASSED] - Statement - Else If (verifyName == false): Object 'Object Repository/Campaign_OR/input_name' is NOT visible

2018-07-24 15:04:36 - [TEST_STEP][PASSED] - Statement - If (com.kms.katalon.core.webui.keyword.WebUiBuiltInKeywords.verifyElementChecked(com.kms.katalon.core.testobject.ObjectRepository.findTestObject(Campaign_OR/Fields/e.checkbox_name), 1, OPTIONAL)): Object 'Object Repository/Campaign_OR/input_name' is NOT visible

2018-07-24 15:04:36 - [MESSAGE][PASSED] - Object 'Object Repository/Campaign_OR/Fields/e.checkbox_name' is checked

2018-07-24 15:04:36 - [TEST_STEP][PASSED] - delay: Delayed 1 second(s)

2018-07-24 15:04:37 - [MESSAGE][PASSED] - Delayed 1 second(s)

2018-07-24 15:04:37 - [TEST_STEP][PASSED] - click: Object: 'Object Repository/Campaign_OR/Fields/e.checkbox_name' is clicked on

2018-07-24 15:04:37 - [MESSAGE][PASSED] - Object: 'Object Repository/Campaign_OR/Fields/e.checkbox_name' is clicked on

2018-07-24 15:04:37 - [TEST_STEP][PASSED] - verifyElementNotVisible: Object 'Object Repository/Campaign_OR/input_name' is NOT visible

2018-07-24 15:04:37 - [MESSAGE][PASSED] - Object 'Object Repository/Campaign_OR/input_name' is NOT visible

2018-07-24 15:04:37 - [TEST_STEP][PASSED] - Statement - verifyGender = false: null

2018-07-24 15:04:37 - [TEST_STEP][PASSED] - Statement - If (radioGender.toLowerCase() == "true"): null

2018-07-24 15:04:37 - [TEST_STEP][PASSED] - Statement - If (verifyGender == true): null

2018-07-24 15:04:37 - [TEST_STEP][PASSED] - Statement - Else If (verifyGender == false): Object 'Object Repository/Campaign_OR/label_Female' is NOT visible

2018-07-24 15:04:37 - [TEST_STEP][PASSED] - Statement - If (com.kms.katalon.core.webui.keyword.WebUiBuiltInKeywords.verifyElementChecked(com.kms.katalon.core.testobject.ObjectRepository.findTestObject(Campaign_OR/Fields/f.checkbox_gender), 1, OPTIONAL)): Object 'Object Repository/Campaign_OR/label_Female' is NOT visible

2018-07-24 15:04:37 - [MESSAGE][PASSED] - Object 'Object Repository/Campaign_OR/Fields/f.checkbox_gender' is checked

2018-07-24 15:04:37 - [TEST_STEP][PASSED] - delay: Delayed 1 second(s)

2018-07-24 15:04:38 - [MESSAGE][PASSED] - Delayed 1 second(s)

2018-07-24 15:04:38 - [TEST_STEP][PASSED] - click: Object: 'Object Repository/Campaign_OR/Fields/f.checkbox_gender' is clicked on

2018-07-24 15:04:38 - [MESSAGE][PASSED] - Object: 'Object Repository/Campaign_OR/Fields/f.checkbox_gender' is clicked on

2018-07-24 15:04:38 - [TEST_STEP][PASSED] - verifyElementNotVisible: Object 'Object Repository/Campaign_OR/label_Male' is NOT visible

2018-07-24 15:04:39 - [MESSAGE][PASSED] - Object 'Object Repository/Campaign_OR/label_Male' is NOT visible

2018-07-24 15:04:39 - [TEST_STEP][PASSED] - verifyElementNotVisible: Object 'Object Repository/Campaign_OR/label_Female' is NOT visible

2018-07-24 15:04:39 - [MESSAGE][PASSED] - Object 'Object Repository/Campaign_OR/label_Female' is NOT visible

2018-07-24 15:04:39 - [TEST_STEP][PASSED] - Statement - verifyDOB = false: null

2018-07-24 15:04:39 - [TEST_STEP][PASSED] - Statement - If (radioDOB.toLowerCase() == "true"): null

2018-07-24 15:04:39 - [TEST_STEP][PASSED] - Statement - If (verifyDOB == true): null

2018-07-24 15:04:39 - [TEST_STEP][PASSED] - Statement - Else If (verifyDOB == false): Object 'Object Repository/Campaign_OR/input_datepicker' is NOT visible

2018-07-24 15:04:39 - [TEST_STEP][PASSED] - Statement - If (com.kms.katalon.core.webui.keyword.WebUiBuiltInKeywords.verifyElementChecked(com.kms.katalon.core.testobject.ObjectRepository.findTestObject(Campaign_OR/Fields/g.checkbox_dob), 1, OPTIONAL)): Object 'Object Repository/Campaign_OR/input_datepicker' is NOT visible

2018-07-24 15:04:39 - [MESSAGE][PASSED] - Object 'Object Repository/Campaign_OR/Fields/g.checkbox_dob' is checked

2018-07-24 15:04:39 - [TEST_STEP][PASSED] - delay: Delayed 1 second(s)

2018-07-24 15:04:40 - [MESSAGE][PASSED] - Delayed 1 second(s)

2018-07-24 15:04:40 - [TEST_STEP][PASSED] - click: Object: 'Object Repository/Campaign_OR/Fields/g.checkbox_dob' is clicked on

2018-07-24 15:04:40 - [MESSAGE][PASSED] - Object: 'Object Repository/Campaign_OR/Fields/g.checkbox_dob' is clicked on

2018-07-24 15:04:40 - [TEST_STEP][PASSED] - verifyElementNotVisible: Object 'Object Repository/Campaign_OR/input_datepicker' is NOT visible

2018-07-24 15:04:40 - [MESSAGE][PASSED] - Object 'Object Repository/Campaign_OR/input_datepicker' is NOT visible

2018-07-24 15:04:40 - [TEST_STEP][PASSED] - Statement - filepath = "": null

2018-07-24 15:04:40 - [TEST_STEP][PASSED] - Statement - If (os == "Windows"): null

2018-07-24 15:04:40 - [TEST_STEP][PASSED] - Statement - filepath = campaignImagePath: null

2018-07-24 15:04:40 - [TEST_STEP][PASSED] - Statement - verifyImgName = "": null

2018-07-24 15:04:40 - [TEST_STEP][PASSED] - Statement - uploadedImg = false: null

2018-07-24 15:04:40 - [TEST_STEP][PASSED] - Statement - If (filepath.trim() != "" && campaignImage.trim() != ""): null

2018-07-24 15:04:40 - [TEST_STEP][PASSED] - sendKeys: Keys 'C:\Users\kl.chan\Katalon Studio\boldreward\Images\Campaign Image\390 x 199.jpg' sent to object: 'Object Repository/Campaign_OR/Fields/h.button_campaign_image_1'

2018-07-24 15:04:40 - [MESSAGE][PASSED] - Keys 'C:\Users\kl.chan\Katalon Studio\boldreward\Images\Campaign Image\390 x 199.jpg' sent to object: 'Object Repository/Campaign_OR/Fields/h.button_campaign_image_1'

2018-07-24 15:04:40 - [TEST_STEP][PASSED] - delay: Delayed 1 second(s)

2018-07-24 15:04:41 - [MESSAGE][PASSED] - Delayed 1 second(s)

2018-07-24 15:04:41 - [TEST_STEP][PASSED] - Statement - If (com.kms.katalon.core.webui.keyword.WebUiBuiltInKeywords.waitForElementVisible(com.kms.katalon.core.testobject.ObjectRepository.findTestObject(Campaign_OR/uploadedCampaignImg), 30)): null

2018-07-24 15:04:41 - [MESSAGE][PASSED] - Object 'Object Repository/Campaign_OR/uploadedCampaignImg' is visible

2018-07-24 15:04:41 - [TEST_STEP][PASSED] - Statement - verifyImgName = com.kms.katalon.core.webui.keyword.WebUiBuiltInKeywords.getText(com.kms.katalon.core.testobject.ObjectRepository.findTestObject(Campaign_OR/uploadedCampaignImg)): Text of object 'Object Repository/Campaign_OR/uploadedCampaignImg' is: '390 x 199.jpg'

2018-07-24 15:04:41 - [MESSAGE][PASSED] - Text of object 'Object Repository/Campaign_OR/uploadedCampaignImg' is: '390 x 199.jpg'

2018-07-24 15:04:41 - [TEST_STEP][PASSED] - Statement - If (verifyImgName.equals(campaignImage) == true): null

2018-07-24 15:04:41 - [TEST_STEP][PASSED] - Statement - uploadedImg = true: null

2018-07-24 15:04:41 - [TEST_STEP][PASSED] - setText: Text 'http://www.starbucks.com.my/' is set on object 'Object Repository/Campaign_OR/Fields/i.k.input_tnc'

2018-07-24 15:04:41 - [MESSAGE][PASSED] - Text 'http://www.starbucks.com.my/' is set on object 'Object Repository/Campaign_OR/Fields/i.k.input_tnc'

2018-07-24 15:04:41 - [TEST_STEP][PASSED] - setText: Text 'kl.chan13GE@macrokiosk.com' is set on object 'Object Repository/Campaign_OR/Fields/j.input_sender'

2018-07-24 15:04:41 - [MESSAGE][PASSED] - Text 'kl.chan13GE@macrokiosk.com' is set on object 'Object Repository/Campaign_OR/Fields/j.input_sender'

2018-07-24 15:04:41 - [TEST_STEP][PASSED] - setText: Text 'Starbucks Reserve @ SIT13GE' is set on object 'Object Repository/Campaign_OR/Fields/k.input_subject'

2018-07-24 15:04:42 - [MESSAGE][PASSED] - Text 'Starbucks Reserve @ SIT13GE' is set on object 'Object Repository/Campaign_OR/Fields/k.input_subject'

2018-07-24 15:04:42 - [TEST_STEP][PASSED] - setText: Text 'Hello User, Welcome to our Starbucks Reserve @ SIT. Come subscribe with us and redeem more rewards.13GE' is set on object 'Object Repository/Campaign_OR/Fields/l.textarea_content'

2018-07-24 15:04:42 - [MESSAGE][PASSED] - Text 'Hello User, Welcome to our Starbucks Reserve @ SIT. Come subscribe with us and redeem more rewards.13GE' is set on object 'Object Repository/Campaign_OR/Fields/l.textarea_content'

2018-07-24 15:04:42 - [TEST_STEP][PASSED] - Statement - filepath = "": null

2018-07-24 15:04:42 - [TEST_STEP][PASSED] - Statement - If (os == "Windows"): null

2018-07-24 15:04:42 - [TEST_STEP][PASSED] - Statement - filepath = companyLogoPath: null

2018-07-24 15:04:42 - [TEST_STEP][PASSED] - Statement - verifyImgName = "": null

2018-07-24 15:04:42 - [TEST_STEP][PASSED] - Statement - uploadedImg = false: null

2018-07-24 15:04:42 - [TEST_STEP][PASSED] - Statement - reuploadCount = 0: null

2018-07-24 15:04:42 - [TEST_STEP][PASSED] - Statement - If (filepath.trim() != "" && companyLogo.trim() != ""): null

2018-07-24 15:04:42 - [TEST_STEP][PASSED] - sendKeys: Keys 'C:\Users\kl.chan\Katalon Studio\boldreward\Images\Company Logo\starbucks logo.jpg' sent to object: 'Object Repository/Campaign_OR/Fields/m.button_company_logo_1'

2018-07-24 15:04:42 - [MESSAGE][PASSED] - Keys 'C:\Users\kl.chan\Katalon Studio\boldreward\Images\Company Logo\starbucks logo.jpg' sent to object: 'Object Repository/Campaign_OR/Fields/m.button_company_logo_1'

2018-07-24 15:04:42 - [TEST_STEP][PASSED] - delay: Delayed 1 second(s)

2018-07-24 15:04:43 - [MESSAGE][PASSED] - Delayed 1 second(s)

2018-07-24 15:04:43 - [TEST_STEP][PASSED] - Statement - If (com.kms.katalon.core.webui.keyword.WebUiBuiltInKeywords.waitForElementVisible(com.kms.katalon.core.testobject.ObjectRepository.findTestObject(Campaign_OR/uploadedCompanyLogo), 30)): null

2018-07-24 15:04:43 - [MESSAGE][PASSED] - Object 'Object Repository/Campaign_OR/uploadedCompanyLogo' is visible

2018-07-24 15:04:43 - [TEST_STEP][PASSED] - Statement - verifyImgName = com.kms.katalon.core.webui.keyword.WebUiBuiltInKeywords.getText(com.kms.katalon.core.testobject.ObjectRepository.findTestObject(Campaign_OR/uploadedCompanyLogo)): Text of object 'Object Repository/Campaign_OR/uploadedCompanyLogo' is: 'starbucks logo.jpg'

2018-07-24 15:04:43 - [MESSAGE][PASSED] - Text of object 'Object Repository/Campaign_OR/uploadedCompanyLogo' is: 'starbucks logo.jpg'

2018-07-24 15:04:43 - [TEST_STEP][PASSED] - Statement - If (verifyImgName.equals(companyLogo) == true): null

2018-07-24 15:04:43 - [TEST_STEP][PASSED] - Statement - uploadedImg = true: null

2018-07-24 15:04:43 - [TEST_STEP][PASSED] - Statement - If (rewardCode == true): null

2018-07-24 15:04:43 - [TEST_STEP][PASSED] - Statement - Else If (rewardCode == false): Object: 'Object Repository/Campaign_OR/Fields/n.label_No' is clicked on

2018-07-24 15:04:43 - [TEST_STEP][PASSED] - click: Object: 'Object Repository/Campaign_OR/Fields/n.label_No' is clicked on

2018-07-24 15:04:43 - [MESSAGE][PASSED] - Object: 'Object Repository/Campaign_OR/Fields/n.label_No' is clicked on

2018-07-24 15:04:43 - [TEST_STEP][PASSED] - verifyElementChecked: Object 'Object Repository/Campaign_OR/Fields/radio_No' is checked

2018-07-24 15:04:43 - [MESSAGE][PASSED] - Object 'Object Repository/Campaign_OR/Fields/radio_No' is checked

2018-07-24 15:04:43 - [TEST_STEP][PASSED] - verifyElementChecked: Object 'Object Repository/Campaign_OR/Fields/radio_Yes' is not checked

2018-07-24 15:04:44 - [MESSAGE][WARNING] - Object 'Object Repository/Campaign_OR/Fields/radio_Yes' is not checked
[[ATTACHMENT|C:\\Users\\kl.chan\\Katalon Studio\\boldreward\\Reports\\TS_Create_Campaign\\TS002 Edit Campaign with negative testing\\20180724_145748\\1532415883973.png]]

2018-07-24 15:04:44 - [TEST_STEP][PASSED] - click: Object: 'Object Repository/Campaign_OR/button_Save' is clicked on

2018-07-24 15:04:44 - [MESSAGE][PASSED] - Object: 'Object Repository/Campaign_OR/button_Save' is clicked on

2018-07-24 15:04:44 - [TEST_STEP][PASSED] - delay: Delayed 2 second(s)

2018-07-24 15:04:46 - [MESSAGE][PASSED] - Delayed 2 second(s)

2018-07-24 15:04:46 - [MESSAGE][PASSED] - Call Test Case 'Test Cases/Merchant Portal/Campaign/Campagin Modules/create campaign' successfully

2018-07-24 15:04:46 - [TEST_STEP][PASSED] - Statement - updateFailed = false: null

2018-07-24 15:04:46 - [TEST_STEP][PASSED] - Statement - If (com.kms.katalon.core.webui.keyword.WebUiBuiltInKeywords.waitForElementVisible(com.kms.katalon.core.testobject.ObjectRepository.findTestObject(a.Not_Assigned_OR/alert_msg_top), 3)): null

2018-07-24 15:04:46 - [MESSAGE][PASSED] - Object 'Object Repository/a.Not_Assigned_OR/alert_msg_top' is visible

2018-07-24 15:04:46 - [TEST_STEP][PASSED] - Statement - verifyPopoutMsg = com.kms.katalon.core.webui.keyword.WebUiBuiltInKeywords.getText(com.kms.katalon.core.testobject.ObjectRepository.findTestObject(a.Not_Assigned_OR/alert_msg_top)): Text of object 'Object Repository/a.Not_Assigned_OR/alert_msg_top' is: 'Oops! Invalid inputs, please try again.'

2018-07-24 15:04:46 - [MESSAGE][PASSED] - Text of object 'Object Repository/a.Not_Assigned_OR/alert_msg_top' is: 'Oops! Invalid inputs, please try again.'

2018-07-24 15:04:46 - [TEST_STEP][PASSED] - Statement - If (verifyPopoutMsg.equals(msgServer) == true): null

2018-07-24 15:04:46 - [TEST_STEP][PASSED] - Statement - updateFailed = true: null

2018-07-24 15:04:46 - [TEST_STEP][PASSED] - Statement - updateSuccess = false: null

2018-07-24 15:04:46 - [TEST_STEP][PASSED] - Statement - If (com.kms.katalon.core.webui.keyword.WebUiBuiltInKeywords.waitForElementVisible(com.kms.katalon.core.testobject.ObjectRepository.findTestObject(Campaign_OR/Error Message/msg_edit_success), 3)): Web element with id: 'Object Repository/Campaign_OR/Error Message/msg_edit_success' located by 'By.xpath: id("errorMessage")/p[@class="error-block"]' not found

2018-07-24 15:04:49 - [MESSAGE][WARNING] - Web element with id: 'Object Repository/Campaign_OR/Error Message/msg_edit_success' located by 'By.xpath: id("errorMessage")/p[@class="error-block"]' not found

2018-07-24 15:04:49 - [TEST_STEP][PASSED] - Statement - createSuccess = false: null

2018-07-24 15:04:49 - [TEST_STEP][PASSED] - Statement - If (com.kms.katalon.core.webui.keyword.WebUiBuiltInKeywords.waitForElementVisible(com.kms.katalon.core.testobject.ObjectRepository.findTestObject(Home_OR/label_home), 3)): Web element with id: 'Object Repository/Home_OR/label_home' located by 'By.xpath: id("wrapper")/div[@class="content-page"]/div[@class="content"]/div[@class="ng-scope"]/div[@class="ng-scope"]/div[@class="page-heading"]/h1[1][count(. | //h1[(text() = ' Home' or . = ' Home')]) = count(//h1[(text() = ' Home' or . = ' Home')])]' not found

2018-07-24 15:04:52 - [MESSAGE][WARNING] - Web element with id: 'Object Repository/Home_OR/label_home' located by 'By.xpath: id("wrapper")/div[@class="content-page"]/div[@class="content"]/div[@class="ng-scope"]/div[@class="ng-scope"]/div[@class="page-heading"]/h1[1][count(. | //h1[(text() = ' Home' or . = ' Home')]) = count(//h1[(text() = ' Home' or . = ' Home')])]' not found

2018-07-24 15:04:52 - [TEST_STEP][PASSED] - Statement - If (updateSuccess == true): null

2018-07-24 15:04:52 - [TEST_STEP][PASSED] - Statement - Else If (updateFailed == true): null

2018-07-24 15:04:52 - [TEST_STEP][PASSED] - Statement - verifyError = false: null

2018-07-24 15:04:52 - [TEST_STEP][PASSED] - Statement - If (companyName.trim() == ""): null

2018-07-24 15:04:52 - [TEST_STEP][PASSED] - Statement - If (campaignInstruc.trim() == ""): null

2018-07-24 15:04:52 - [TEST_STEP][PASSED] - Statement - If (radioEmail.toLowerCase() == "false"): null

2018-07-24 15:04:52 - [TEST_STEP][PASSED] - Statement - campaignImgName = com.kms.katalon.core.webui.keyword.WebUiBuiltInKeywords.getText(com.kms.katalon.core.testobject.ObjectRepository.findTestObject(Campaign_OR/uploadedCampaignImg)): Text of object 'Object Repository/Campaign_OR/uploadedCampaignImg' is: '390 x 199.jpg'

2018-07-24 15:04:52 - [MESSAGE][PASSED] - Text of object 'Object Repository/Campaign_OR/uploadedCampaignImg' is: '390 x 199.jpg'

2018-07-24 15:04:52 - [TEST_STEP][PASSED] - Statement - If (campaignImgName == ""): null

2018-07-24 15:04:52 - [TEST_STEP][PASSED] - Statement - If (emailSender.trim() == ""): null

2018-07-24 15:04:52 - [TEST_STEP][PASSED] - Statement - If (emailSubject.trim() == ""): null

2018-07-24 15:04:52 - [TEST_STEP][PASSED] - Statement - If (emailContent.trim() == ""): null

2018-07-24 15:04:52 - [TEST_STEP][PASSED] - Statement - companyLogoName = com.kms.katalon.core.webui.keyword.WebUiBuiltInKeywords.getText(com.kms.katalon.core.testobject.ObjectRepository.findTestObject(Campaign_OR/uploadedCompanyLogo)): Text of object 'Object Repository/Campaign_OR/uploadedCompanyLogo' is: 'starbucks logo.jpg'

2018-07-24 15:04:52 - [MESSAGE][PASSED] - Text of object 'Object Repository/Campaign_OR/uploadedCompanyLogo' is: 'starbucks logo.jpg'

2018-07-24 15:04:52 - [TEST_STEP][PASSED] - Statement - If (companyLogoName == ""): null

2018-07-24 15:04:52 - [TEST_STEP][PASSED] - Statement - If (com.kms.katalon.core.webui.keyword.WebUiBuiltInKeywords.waitForElementVisible(com.kms.katalon.core.testobject.ObjectRepository.findTestObject(Campaign_OR/Error Message/msg_cpgn_image2), 2)): null

2018-07-24 15:04:52 - [MESSAGE][PASSED] - Object 'Object Repository/Campaign_OR/Error Message/msg_cpgn_image2' is visible

2018-07-24 15:04:52 - [TEST_STEP][PASSED] - Statement - verifyCampaignImgError = com.kms.katalon.core.webui.keyword.WebUiBuiltInKeywords.getText(com.kms.katalon.core.testobject.ObjectRepository.findTestObject(Campaign_OR/Error Message/msg_cpgn_image2)): Text of object 'Object Repository/Campaign_OR/Error Message/msg_cpgn_image2' is: 'Invalid image dimension'

2018-07-24 15:04:52 - [MESSAGE][PASSED] - Text of object 'Object Repository/Campaign_OR/Error Message/msg_cpgn_image2' is: 'Invalid image dimension'

2018-07-24 15:04:52 - [TEST_STEP][PASSED] - Statement - If (verifyCampaignImgError.equals(msgInvalidSize)): null

2018-07-24 15:04:52 - [TEST_STEP][PASSED] - Statement - Else If (verifyCampaignImgError.equals(msgInvalidDi)): null

2018-07-24 15:04:52 - [TEST_STEP][PASSED] - Statement - verifyError = true: null

2018-07-24 15:04:52 - [TEST_STEP][PASSED] - Statement - If (com.kms.katalon.core.webui.keyword.WebUiBuiltInKeywords.waitForElementVisible(com.kms.katalon.core.testobject.ObjectRepository.findTestObject(Campaign_OR/Error Message/msg_TCURL), 2)): Web element with id: 'Object Repository/Campaign_OR/Error Message/msg_TCURL' located by 'By.xpath: id("wrapper")/div[@class="content-page"]/div[@class="content"]/div[@class="ng-scope"]/div[@class="row ng-scope"]/div[@class="col-md-7"]/div[@class="widget"]/div[@class="widget-content padding"]/div[@class="form-horizontal"]/div[@class="form-group"]/div[@id="tncUrl"]/p[@class="error-block"][count(. | //p[(text() = 'Invalid format, please follow as http://wwww.example.com' or . = 'Invalid format, please follow as http://wwww.example.com')]) = count(//p[(text() = 'Invalid format, please follow as http://wwww.example.com' or . = 'Invalid format, please follow as http://wwww.example.com')])]' not found

2018-07-24 15:04:54 - [MESSAGE][WARNING] - Web element with id: 'Object Repository/Campaign_OR/Error Message/msg_TCURL' located by 'By.xpath: id("wrapper")/div[@class="content-page"]/div[@class="content"]/div[@class="ng-scope"]/div[@class="row ng-scope"]/div[@class="col-md-7"]/div[@class="widget"]/div[@class="widget-content padding"]/div[@class="form-horizontal"]/div[@class="form-group"]/div[@id="tncUrl"]/p[@class="error-block"][count(. | //p[(text() = 'Invalid format, please follow as http://wwww.example.com' or . = 'Invalid format, please follow as http://wwww.example.com')]) = count(//p[(text() = 'Invalid format, please follow as http://wwww.example.com' or . = 'Invalid format, please follow as http://wwww.example.com')])]' not found

2018-07-24 15:04:54 - [TEST_STEP][PASSED] - Statement - If (emailSender.trim() != ""): Web element with id: 'Object Repository/Campaign_OR/Error Message/msg_sender' located by 'By.xpath: id("emailSender")/p[@class="error-block"]' not found

2018-07-24 15:04:54 - [TEST_STEP][PASSED] - Statement - If (com.kms.katalon.core.webui.keyword.WebUiBuiltInKeywords.waitForElementVisible(com.kms.katalon.core.testobject.ObjectRepository.findTestObject(Campaign_OR/Error Message/msg_sender), 2)): Web element with id: 'Object Repository/Campaign_OR/Error Message/msg_sender' located by 'By.xpath: id("emailSender")/p[@class="error-block"]' not found

2018-07-24 15:04:56 - [MESSAGE][WARNING] - Web element with id: 'Object Repository/Campaign_OR/Error Message/msg_sender' located by 'By.xpath: id("emailSender")/p[@class="error-block"]' not found

2018-07-24 15:04:56 - [TEST_STEP][PASSED] - Statement - If (com.kms.katalon.core.webui.keyword.WebUiBuiltInKeywords.waitForElementVisible(com.kms.katalon.core.testobject.ObjectRepository.findTestObject(Campaign_OR/Error Message/msg_company_logo), 2)): Web element with id: 'Object Repository/Campaign_OR/Error Message/msg_company_logo' located by 'By.xpath: id("companyLogo")/p[@class="error-block ng-binding"][count(. | //p[@class = 'error-block ng-binding' and @ng-hide = 'CC.errorLogo == 200 || CC.errorLogo == undefined']) = count(//p[@class = 'error-block ng-binding' and @ng-hide = 'CC.errorLogo == 200 || CC.errorLogo == undefined'])]' not found

2018-07-24 15:04:58 - [MESSAGE][WARNING] - Web element with id: 'Object Repository/Campaign_OR/Error Message/msg_company_logo' located by 'By.xpath: id("companyLogo")/p[@class="error-block ng-binding"][count(. | //p[@class = 'error-block ng-binding' and @ng-hide = 'CC.errorLogo == 200 || CC.errorLogo == undefined']) = count(//p[@class = 'error-block ng-binding' and @ng-hide = 'CC.errorLogo == 200 || CC.errorLogo == undefined'])]' not found

2018-07-24 15:04:58 - [TEST_STEP][PASSED] - refresh: Refresh successfully

2018-07-24 15:04:59 - [MESSAGE][PASSED] - Refresh successfully

2018-07-24 15:04:59 - [TEST_STEP][PASSED] - Statement - If (verifyError == false): null]]></system-out>
         <system-err><![CDATA[]]></system-err>
      </testcase>
      <testcase name="Test Cases/Merchant Portal/Campaign/TC001 Campaign - verify all case" classname="Test Cases/Merchant Portal/Campaign/TC001 Campaign - verify all case" status="PASSED">
         <system-out><![CDATA[2018-07-24 15:04:59 - [TEST_CASE][PASSED] - Test Cases/Merchant Portal/Campaign/TC001 Campaign - verify all case: Test Cases/Merchant Portal/Campaign/TC001 Campaign - verify all case

2018-07-24 15:04:59 - [TEST_STEP][PASSED] - Statement - randomWords = CustomKeywords.randomWords.GenerateNumber.randomString(4): randomWords.GenerateNumber.randomString is PASSED

2018-07-24 15:04:59 - [MESSAGE][PASSED] - randomWords.GenerateNumber.randomString is PASSED

2018-07-24 15:04:59 - [TEST_STEP][PASSED] - Statement - If (companyName.trim() != ""): null

2018-07-24 15:04:59 - [TEST_STEP][PASSED] - Statement - companyName = companyName + randomWords: null

2018-07-24 15:04:59 - [TEST_STEP][PASSED] - Statement - If (campaignInstruc.trim() != ""): null

2018-07-24 15:04:59 - [TEST_STEP][PASSED] - Statement - campaignInstruc = campaignInstruc + randomWords: null

2018-07-24 15:04:59 - [TEST_STEP][PASSED] - Statement - If (emailSender.trim() != ""): null

2018-07-24 15:04:59 - [TEST_STEP][PASSED] - Statement - email = emailSender: null

2018-07-24 15:04:59 - [TEST_STEP][PASSED] - Statement - splitEmail = email.split("@"): null

2018-07-24 15:04:59 - [TEST_STEP][PASSED] - Statement - numb = length: null

2018-07-24 15:04:59 - [TEST_STEP][PASSED] - Statement - If (numb > 1): null

2018-07-24 15:04:59 - [TEST_STEP][PASSED] - Statement - emailSender = splitEmail[0] + randomWords + "@" + splitEmail[1]: null

2018-07-24 15:04:59 - [TEST_STEP][PASSED] - Statement - If (emailSubject.trim() != ""): null

2018-07-24 15:04:59 - [TEST_STEP][PASSED] - Statement - emailSubject = emailSubject + randomWords: null

2018-07-24 15:04:59 - [TEST_STEP][PASSED] - Statement - If (emailContent.trim() != ""): null

2018-07-24 15:04:59 - [TEST_STEP][PASSED] - Statement - emailContent = emailContent + randomWords: null

2018-07-24 15:04:59 - [TEST_STEP][PASSED] - callTestCase: Call Test Case 'Test Cases/Merchant Portal/Campaign/Campagin Modules/create campaign' successfully

2018-07-24 15:04:59 - [TEST_CASE][PASSED] - Test Cases/Merchant Portal/Campaign/Campagin Modules/create campaign: Test Cases/Merchant Portal/Campaign/Campagin Modules/create campaign

2018-07-24 15:04:59 - [TEST_STEP][PASSED] - Statement - osName = "": null

2018-07-24 15:04:59 - [TEST_STEP][PASSED] - Statement - osName = CustomKeywords.os.DetectOS.getOperatingSystem(osName): os.DetectOS.getOperatingSystem is PASSED

2018-07-24 15:04:59 - [MESSAGE][PASSED] - os.DetectOS.getOperatingSystem is PASSED

2018-07-24 15:04:59 - [TEST_STEP][PASSED] - Statement - splitString = osName.split(): null

2018-07-24 15:04:59 - [TEST_STEP][PASSED] - Statement - os = splitString[0].toString(): null

2018-07-24 15:04:59 - [TEST_STEP][PASSED] - Statement - If (loggedin == false): null

2018-07-24 15:04:59 - [TEST_STEP][PASSED] - Statement - If (accessModule == false): null

2018-07-24 15:04:59 - [TEST_STEP][PASSED] - delay: Delayed 5 second(s)

2018-07-24 15:05:04 - [MESSAGE][PASSED] - Delayed 5 second(s)

2018-07-24 15:05:04 - [TEST_STEP][PASSED] - setText: Text 'Starbucks Reserve Ltd6QIc' is set on object 'Object Repository/Campaign_OR/Fields/a.input_company_name'

2018-07-24 15:05:04 - [MESSAGE][PASSED] - Text 'Starbucks Reserve Ltd6QIc' is set on object 'Object Repository/Campaign_OR/Fields/a.input_company_name'

2018-07-24 15:05:04 - [TEST_STEP][PASSED] - setText: Text 'Please subscribe with us and redeem a free coffee. Come join us now!6QIc' is set on object 'Object Repository/Campaign_OR/Fields/b.textarea_campaign_instruction'

2018-07-24 15:05:05 - [MESSAGE][PASSED] - Text 'Please subscribe with us and redeem a free coffee. Come join us now!6QIc' is set on object 'Object Repository/Campaign_OR/Fields/b.textarea_campaign_instruction'

2018-07-24 15:05:05 - [TEST_STEP][PASSED] - Statement - verifyEmail = false: null

2018-07-24 15:05:05 - [TEST_STEP][PASSED] - Statement - If (radioEmail.toLowerCase() == "true"): null

2018-07-24 15:05:05 - [TEST_STEP][PASSED] - Statement - verifyEmail = true: null

2018-07-24 15:05:05 - [TEST_STEP][PASSED] - Statement - If (verifyEmail == true): Object 'Object Repository/Campaign_OR/input_email' is visible

2018-07-24 15:05:05 - [TEST_STEP][PASSED] - Statement - If (com.kms.katalon.core.webui.keyword.WebUiBuiltInKeywords.verifyElementNotChecked(com.kms.katalon.core.testobject.ObjectRepository.findTestObject(Campaign_OR/Fields/c.checkbox_email), 1, OPTIONAL)): Object 'Object Repository/Campaign_OR/Fields/c.checkbox_email' is checked

2018-07-24 15:05:05 - [MESSAGE][WARNING] - Object 'Object Repository/Campaign_OR/Fields/c.checkbox_email' is checked
[[ATTACHMENT|C:\\Users\\kl.chan\\Katalon Studio\\boldreward\\Reports\\TS_Create_Campaign\\TS002 Edit Campaign with negative testing\\20180724_145748\\1532415905375.png]]

2018-07-24 15:05:05 - [TEST_STEP][PASSED] - Statement - Else: Object 'Object Repository/Campaign_OR/input_email' is visible

2018-07-24 15:05:05 - [TEST_STEP][PASSED] - verifyElementVisible: Object 'Object Repository/Campaign_OR/input_email' is visible

2018-07-24 15:05:05 - [MESSAGE][PASSED] - Object 'Object Repository/Campaign_OR/input_email' is visible

2018-07-24 15:05:05 - [TEST_STEP][PASSED] - Statement - verifyMobileno = false: null

2018-07-24 15:05:05 - [TEST_STEP][PASSED] - Statement - If (radioMobileno.toLowerCase() == "true"): null

2018-07-24 15:05:05 - [TEST_STEP][PASSED] - Statement - If (verifyMobileno == true): null

2018-07-24 15:05:05 - [TEST_STEP][PASSED] - Statement - Else If (verifyMobileno == false): Object 'Object Repository/Campaign_OR/input_mobileno' is NOT visible

2018-07-24 15:05:05 - [TEST_STEP][PASSED] - Statement - If (com.kms.katalon.core.webui.keyword.WebUiBuiltInKeywords.verifyElementChecked(com.kms.katalon.core.testobject.ObjectRepository.findTestObject(Campaign_OR/Fields/d.checkbox_mobile_number), 1, OPTIONAL)): Object 'Object Repository/Campaign_OR/input_mobileno' is NOT visible

2018-07-24 15:05:05 - [MESSAGE][PASSED] - Object 'Object Repository/Campaign_OR/Fields/d.checkbox_mobile_number' is checked

2018-07-24 15:05:05 - [TEST_STEP][PASSED] - delay: Delayed 1 second(s)

2018-07-24 15:05:06 - [MESSAGE][PASSED] - Delayed 1 second(s)

2018-07-24 15:05:06 - [TEST_STEP][PASSED] - click: Object: 'Object Repository/Campaign_OR/Fields/d.checkbox_mobile_number' is clicked on

2018-07-24 15:05:06 - [MESSAGE][PASSED] - Object: 'Object Repository/Campaign_OR/Fields/d.checkbox_mobile_number' is clicked on

2018-07-24 15:05:06 - [TEST_STEP][PASSED] - verifyElementNotVisible: Object 'Object Repository/Campaign_OR/input_mobileno' is NOT visible

2018-07-24 15:05:06 - [MESSAGE][PASSED] - Object 'Object Repository/Campaign_OR/input_mobileno' is NOT visible

2018-07-24 15:05:06 - [TEST_STEP][PASSED] - Statement - verifyName = false: null

2018-07-24 15:05:06 - [TEST_STEP][PASSED] - Statement - If (radioName.toLowerCase() == "true"): null

2018-07-24 15:05:06 - [TEST_STEP][PASSED] - Statement - If (verifyName == true): null

2018-07-24 15:05:06 - [TEST_STEP][PASSED] - Statement - Else If (verifyName == false): Object 'Object Repository/Campaign_OR/input_name' is NOT visible

2018-07-24 15:05:06 - [TEST_STEP][PASSED] - Statement - If (com.kms.katalon.core.webui.keyword.WebUiBuiltInKeywords.verifyElementChecked(com.kms.katalon.core.testobject.ObjectRepository.findTestObject(Campaign_OR/Fields/e.checkbox_name), 1, OPTIONAL)): Object 'Object Repository/Campaign_OR/input_name' is NOT visible

2018-07-24 15:05:06 - [MESSAGE][PASSED] - Object 'Object Repository/Campaign_OR/Fields/e.checkbox_name' is checked

2018-07-24 15:05:06 - [TEST_STEP][PASSED] - delay: Delayed 1 second(s)

2018-07-24 15:05:07 - [MESSAGE][PASSED] - Delayed 1 second(s)

2018-07-24 15:05:07 - [TEST_STEP][PASSED] - click: Object: 'Object Repository/Campaign_OR/Fields/e.checkbox_name' is clicked on

2018-07-24 15:05:07 - [MESSAGE][PASSED] - Object: 'Object Repository/Campaign_OR/Fields/e.checkbox_name' is clicked on

2018-07-24 15:05:07 - [TEST_STEP][PASSED] - verifyElementNotVisible: Object 'Object Repository/Campaign_OR/input_name' is NOT visible

2018-07-24 15:05:07 - [MESSAGE][PASSED] - Object 'Object Repository/Campaign_OR/input_name' is NOT visible

2018-07-24 15:05:07 - [TEST_STEP][PASSED] - Statement - verifyGender = false: null

2018-07-24 15:05:07 - [TEST_STEP][PASSED] - Statement - If (radioGender.toLowerCase() == "true"): null

2018-07-24 15:05:07 - [TEST_STEP][PASSED] - Statement - If (verifyGender == true): null

2018-07-24 15:05:07 - [TEST_STEP][PASSED] - Statement - Else If (verifyGender == false): Object 'Object Repository/Campaign_OR/label_Female' is NOT visible

2018-07-24 15:05:07 - [TEST_STEP][PASSED] - Statement - If (com.kms.katalon.core.webui.keyword.WebUiBuiltInKeywords.verifyElementChecked(com.kms.katalon.core.testobject.ObjectRepository.findTestObject(Campaign_OR/Fields/f.checkbox_gender), 1, OPTIONAL)): Object 'Object Repository/Campaign_OR/label_Female' is NOT visible

2018-07-24 15:05:07 - [MESSAGE][PASSED] - Object 'Object Repository/Campaign_OR/Fields/f.checkbox_gender' is checked

2018-07-24 15:05:07 - [TEST_STEP][PASSED] - delay: Delayed 1 second(s)

2018-07-24 15:05:08 - [MESSAGE][PASSED] - Delayed 1 second(s)

2018-07-24 15:05:08 - [TEST_STEP][PASSED] - click: Object: 'Object Repository/Campaign_OR/Fields/f.checkbox_gender' is clicked on

2018-07-24 15:05:09 - [MESSAGE][PASSED] - Object: 'Object Repository/Campaign_OR/Fields/f.checkbox_gender' is clicked on

2018-07-24 15:05:09 - [TEST_STEP][PASSED] - verifyElementNotVisible: Object 'Object Repository/Campaign_OR/label_Male' is NOT visible

2018-07-24 15:05:09 - [MESSAGE][PASSED] - Object 'Object Repository/Campaign_OR/label_Male' is NOT visible

2018-07-24 15:05:09 - [TEST_STEP][PASSED] - verifyElementNotVisible: Object 'Object Repository/Campaign_OR/label_Female' is NOT visible

2018-07-24 15:05:09 - [MESSAGE][PASSED] - Object 'Object Repository/Campaign_OR/label_Female' is NOT visible

2018-07-24 15:05:09 - [TEST_STEP][PASSED] - Statement - verifyDOB = false: null

2018-07-24 15:05:09 - [TEST_STEP][PASSED] - Statement - If (radioDOB.toLowerCase() == "true"): null

2018-07-24 15:05:09 - [TEST_STEP][PASSED] - Statement - If (verifyDOB == true): null

2018-07-24 15:05:09 - [TEST_STEP][PASSED] - Statement - Else If (verifyDOB == false): Object 'Object Repository/Campaign_OR/input_datepicker' is NOT visible

2018-07-24 15:05:09 - [TEST_STEP][PASSED] - Statement - If (com.kms.katalon.core.webui.keyword.WebUiBuiltInKeywords.verifyElementChecked(com.kms.katalon.core.testobject.ObjectRepository.findTestObject(Campaign_OR/Fields/g.checkbox_dob), 1, OPTIONAL)): Object 'Object Repository/Campaign_OR/input_datepicker' is NOT visible

2018-07-24 15:05:09 - [MESSAGE][PASSED] - Object 'Object Repository/Campaign_OR/Fields/g.checkbox_dob' is checked

2018-07-24 15:05:09 - [TEST_STEP][PASSED] - delay: Delayed 1 second(s)

2018-07-24 15:05:10 - [MESSAGE][PASSED] - Delayed 1 second(s)

2018-07-24 15:05:10 - [TEST_STEP][PASSED] - click: Object: 'Object Repository/Campaign_OR/Fields/g.checkbox_dob' is clicked on

2018-07-24 15:05:10 - [MESSAGE][PASSED] - Object: 'Object Repository/Campaign_OR/Fields/g.checkbox_dob' is clicked on

2018-07-24 15:05:10 - [TEST_STEP][PASSED] - verifyElementNotVisible: Object 'Object Repository/Campaign_OR/input_datepicker' is NOT visible

2018-07-24 15:05:10 - [MESSAGE][PASSED] - Object 'Object Repository/Campaign_OR/input_datepicker' is NOT visible

2018-07-24 15:05:10 - [TEST_STEP][PASSED] - Statement - filepath = "": null

2018-07-24 15:05:10 - [TEST_STEP][PASSED] - Statement - If (os == "Windows"): null

2018-07-24 15:05:10 - [TEST_STEP][PASSED] - Statement - filepath = campaignImagePath: null

2018-07-24 15:05:10 - [TEST_STEP][PASSED] - Statement - verifyImgName = "": null

2018-07-24 15:05:10 - [TEST_STEP][PASSED] - Statement - uploadedImg = false: null

2018-07-24 15:05:10 - [TEST_STEP][PASSED] - Statement - If (filepath.trim() != "" && campaignImage.trim() != ""): null

2018-07-24 15:05:10 - [TEST_STEP][PASSED] - sendKeys: Keys 'C:\Users\kl.chan\Katalon Studio\boldreward\Images\Campaign Image\390 x 201.jpg' sent to object: 'Object Repository/Campaign_OR/Fields/h.button_campaign_image_1'

2018-07-24 15:05:10 - [MESSAGE][PASSED] - Keys 'C:\Users\kl.chan\Katalon Studio\boldreward\Images\Campaign Image\390 x 201.jpg' sent to object: 'Object Repository/Campaign_OR/Fields/h.button_campaign_image_1'

2018-07-24 15:05:10 - [TEST_STEP][PASSED] - delay: Delayed 1 second(s)

2018-07-24 15:05:11 - [MESSAGE][PASSED] - Delayed 1 second(s)

2018-07-24 15:05:11 - [TEST_STEP][PASSED] - Statement - If (com.kms.katalon.core.webui.keyword.WebUiBuiltInKeywords.waitForElementVisible(com.kms.katalon.core.testobject.ObjectRepository.findTestObject(Campaign_OR/uploadedCampaignImg), 30)): null

2018-07-24 15:05:11 - [MESSAGE][PASSED] - Object 'Object Repository/Campaign_OR/uploadedCampaignImg' is visible

2018-07-24 15:05:11 - [TEST_STEP][PASSED] - Statement - verifyImgName = com.kms.katalon.core.webui.keyword.WebUiBuiltInKeywords.getText(com.kms.katalon.core.testobject.ObjectRepository.findTestObject(Campaign_OR/uploadedCampaignImg)): Text of object 'Object Repository/Campaign_OR/uploadedCampaignImg' is: '390 x 201.jpg'

2018-07-24 15:05:11 - [MESSAGE][PASSED] - Text of object 'Object Repository/Campaign_OR/uploadedCampaignImg' is: '390 x 201.jpg'

2018-07-24 15:05:11 - [TEST_STEP][PASSED] - Statement - If (verifyImgName.equals(campaignImage) == true): null

2018-07-24 15:05:11 - [TEST_STEP][PASSED] - Statement - uploadedImg = true: null

2018-07-24 15:05:11 - [TEST_STEP][PASSED] - setText: Text 'http://www.starbucks.com.my/' is set on object 'Object Repository/Campaign_OR/Fields/i.k.input_tnc'

2018-07-24 15:05:11 - [MESSAGE][PASSED] - Text 'http://www.starbucks.com.my/' is set on object 'Object Repository/Campaign_OR/Fields/i.k.input_tnc'

2018-07-24 15:05:11 - [TEST_STEP][PASSED] - setText: Text 'kl.chan6QIc@macrokiosk.com' is set on object 'Object Repository/Campaign_OR/Fields/j.input_sender'

2018-07-24 15:05:11 - [MESSAGE][PASSED] - Text 'kl.chan6QIc@macrokiosk.com' is set on object 'Object Repository/Campaign_OR/Fields/j.input_sender'

2018-07-24 15:05:11 - [TEST_STEP][PASSED] - setText: Text 'Starbucks Reserve @ SIT6QIc' is set on object 'Object Repository/Campaign_OR/Fields/k.input_subject'

2018-07-24 15:05:12 - [MESSAGE][PASSED] - Text 'Starbucks Reserve @ SIT6QIc' is set on object 'Object Repository/Campaign_OR/Fields/k.input_subject'

2018-07-24 15:05:12 - [TEST_STEP][PASSED] - setText: Text 'Hello User, Welcome to our Starbucks Reserve @ SIT. Come subscribe with us and redeem more rewards.6QIc' is set on object 'Object Repository/Campaign_OR/Fields/l.textarea_content'

2018-07-24 15:05:12 - [MESSAGE][PASSED] - Text 'Hello User, Welcome to our Starbucks Reserve @ SIT. Come subscribe with us and redeem more rewards.6QIc' is set on object 'Object Repository/Campaign_OR/Fields/l.textarea_content'

2018-07-24 15:05:12 - [TEST_STEP][PASSED] - Statement - filepath = "": null

2018-07-24 15:05:12 - [TEST_STEP][PASSED] - Statement - If (os == "Windows"): null

2018-07-24 15:05:12 - [TEST_STEP][PASSED] - Statement - filepath = companyLogoPath: null

2018-07-24 15:05:12 - [TEST_STEP][PASSED] - Statement - verifyImgName = "": null

2018-07-24 15:05:12 - [TEST_STEP][PASSED] - Statement - uploadedImg = false: null

2018-07-24 15:05:12 - [TEST_STEP][PASSED] - Statement - reuploadCount = 0: null

2018-07-24 15:05:12 - [TEST_STEP][PASSED] - Statement - If (filepath.trim() != "" && companyLogo.trim() != ""): null

2018-07-24 15:05:12 - [TEST_STEP][PASSED] - sendKeys: Keys 'C:\Users\kl.chan\Katalon Studio\boldreward\Images\Company Logo\starbucks logo.jpg' sent to object: 'Object Repository/Campaign_OR/Fields/m.button_company_logo_1'

2018-07-24 15:05:12 - [MESSAGE][PASSED] - Keys 'C:\Users\kl.chan\Katalon Studio\boldreward\Images\Company Logo\starbucks logo.jpg' sent to object: 'Object Repository/Campaign_OR/Fields/m.button_company_logo_1'

2018-07-24 15:05:12 - [TEST_STEP][PASSED] - delay: Delayed 1 second(s)

2018-07-24 15:05:13 - [MESSAGE][PASSED] - Delayed 1 second(s)

2018-07-24 15:05:13 - [TEST_STEP][PASSED] - Statement - If (com.kms.katalon.core.webui.keyword.WebUiBuiltInKeywords.waitForElementVisible(com.kms.katalon.core.testobject.ObjectRepository.findTestObject(Campaign_OR/uploadedCompanyLogo), 30)): null

2018-07-24 15:05:13 - [MESSAGE][PASSED] - Object 'Object Repository/Campaign_OR/uploadedCompanyLogo' is visible

2018-07-24 15:05:13 - [TEST_STEP][PASSED] - Statement - verifyImgName = com.kms.katalon.core.webui.keyword.WebUiBuiltInKeywords.getText(com.kms.katalon.core.testobject.ObjectRepository.findTestObject(Campaign_OR/uploadedCompanyLogo)): Text of object 'Object Repository/Campaign_OR/uploadedCompanyLogo' is: 'starbucks logo.jpg'

2018-07-24 15:05:13 - [MESSAGE][PASSED] - Text of object 'Object Repository/Campaign_OR/uploadedCompanyLogo' is: 'starbucks logo.jpg'

2018-07-24 15:05:13 - [TEST_STEP][PASSED] - Statement - If (verifyImgName.equals(companyLogo) == true): null

2018-07-24 15:05:13 - [TEST_STEP][PASSED] - Statement - uploadedImg = true: null

2018-07-24 15:05:13 - [TEST_STEP][PASSED] - Statement - If (rewardCode == true): null

2018-07-24 15:05:13 - [TEST_STEP][PASSED] - Statement - Else If (rewardCode == false): Object: 'Object Repository/Campaign_OR/Fields/n.label_No' is clicked on

2018-07-24 15:05:13 - [TEST_STEP][PASSED] - click: Object: 'Object Repository/Campaign_OR/Fields/n.label_No' is clicked on

2018-07-24 15:05:13 - [MESSAGE][PASSED] - Object: 'Object Repository/Campaign_OR/Fields/n.label_No' is clicked on

2018-07-24 15:05:13 - [TEST_STEP][PASSED] - verifyElementChecked: Object 'Object Repository/Campaign_OR/Fields/radio_No' is checked

2018-07-24 15:05:13 - [MESSAGE][PASSED] - Object 'Object Repository/Campaign_OR/Fields/radio_No' is checked

2018-07-24 15:05:13 - [TEST_STEP][PASSED] - verifyElementChecked: Object 'Object Repository/Campaign_OR/Fields/radio_Yes' is not checked

2018-07-24 15:05:14 - [MESSAGE][WARNING] - Object 'Object Repository/Campaign_OR/Fields/radio_Yes' is not checked
[[ATTACHMENT|C:\\Users\\kl.chan\\Katalon Studio\\boldreward\\Reports\\TS_Create_Campaign\\TS002 Edit Campaign with negative testing\\20180724_145748\\1532415913800.png]]

2018-07-24 15:05:14 - [TEST_STEP][PASSED] - click: Object: 'Object Repository/Campaign_OR/button_Save' is clicked on

2018-07-24 15:05:14 - [MESSAGE][PASSED] - Object: 'Object Repository/Campaign_OR/button_Save' is clicked on

2018-07-24 15:05:14 - [TEST_STEP][PASSED] - delay: Delayed 2 second(s)

2018-07-24 15:05:16 - [MESSAGE][PASSED] - Delayed 2 second(s)

2018-07-24 15:05:16 - [MESSAGE][PASSED] - Call Test Case 'Test Cases/Merchant Portal/Campaign/Campagin Modules/create campaign' successfully

2018-07-24 15:05:16 - [TEST_STEP][PASSED] - Statement - updateFailed = false: null

2018-07-24 15:05:16 - [TEST_STEP][PASSED] - Statement - If (com.kms.katalon.core.webui.keyword.WebUiBuiltInKeywords.waitForElementVisible(com.kms.katalon.core.testobject.ObjectRepository.findTestObject(a.Not_Assigned_OR/alert_msg_top), 3)): null

2018-07-24 15:05:16 - [MESSAGE][PASSED] - Object 'Object Repository/a.Not_Assigned_OR/alert_msg_top' is visible

2018-07-24 15:05:16 - [TEST_STEP][PASSED] - Statement - verifyPopoutMsg = com.kms.katalon.core.webui.keyword.WebUiBuiltInKeywords.getText(com.kms.katalon.core.testobject.ObjectRepository.findTestObject(a.Not_Assigned_OR/alert_msg_top)): Text of object 'Object Repository/a.Not_Assigned_OR/alert_msg_top' is: 'Oops! Invalid inputs, please try again.'

2018-07-24 15:05:16 - [MESSAGE][PASSED] - Text of object 'Object Repository/a.Not_Assigned_OR/alert_msg_top' is: 'Oops! Invalid inputs, please try again.'

2018-07-24 15:05:16 - [TEST_STEP][PASSED] - Statement - If (verifyPopoutMsg.equals(msgServer) == true): null

2018-07-24 15:05:16 - [TEST_STEP][PASSED] - Statement - updateFailed = true: null

2018-07-24 15:05:16 - [TEST_STEP][PASSED] - Statement - updateSuccess = false: null

2018-07-24 15:05:16 - [TEST_STEP][PASSED] - Statement - If (com.kms.katalon.core.webui.keyword.WebUiBuiltInKeywords.waitForElementVisible(com.kms.katalon.core.testobject.ObjectRepository.findTestObject(Campaign_OR/Error Message/msg_edit_success), 3)): Web element with id: 'Object Repository/Campaign_OR/Error Message/msg_edit_success' located by 'By.xpath: id("errorMessage")/p[@class="error-block"]' not found

2018-07-24 15:05:19 - [MESSAGE][WARNING] - Web element with id: 'Object Repository/Campaign_OR/Error Message/msg_edit_success' located by 'By.xpath: id("errorMessage")/p[@class="error-block"]' not found

2018-07-24 15:05:19 - [TEST_STEP][PASSED] - Statement - createSuccess = false: null

2018-07-24 15:05:19 - [TEST_STEP][PASSED] - Statement - If (com.kms.katalon.core.webui.keyword.WebUiBuiltInKeywords.waitForElementVisible(com.kms.katalon.core.testobject.ObjectRepository.findTestObject(Home_OR/label_home), 3)): Web element with id: 'Object Repository/Home_OR/label_home' located by 'By.xpath: id("wrapper")/div[@class="content-page"]/div[@class="content"]/div[@class="ng-scope"]/div[@class="ng-scope"]/div[@class="page-heading"]/h1[1][count(. | //h1[(text() = ' Home' or . = ' Home')]) = count(//h1[(text() = ' Home' or . = ' Home')])]' not found

2018-07-24 15:05:22 - [MESSAGE][WARNING] - Web element with id: 'Object Repository/Home_OR/label_home' located by 'By.xpath: id("wrapper")/div[@class="content-page"]/div[@class="content"]/div[@class="ng-scope"]/div[@class="ng-scope"]/div[@class="page-heading"]/h1[1][count(. | //h1[(text() = ' Home' or . = ' Home')]) = count(//h1[(text() = ' Home' or . = ' Home')])]' not found

2018-07-24 15:05:22 - [TEST_STEP][PASSED] - Statement - If (updateSuccess == true): null

2018-07-24 15:05:22 - [TEST_STEP][PASSED] - Statement - Else If (updateFailed == true): null

2018-07-24 15:05:22 - [TEST_STEP][PASSED] - Statement - verifyError = false: null

2018-07-24 15:05:22 - [TEST_STEP][PASSED] - Statement - If (companyName.trim() == ""): null

2018-07-24 15:05:22 - [TEST_STEP][PASSED] - Statement - If (campaignInstruc.trim() == ""): null

2018-07-24 15:05:22 - [TEST_STEP][PASSED] - Statement - If (radioEmail.toLowerCase() == "false"): null

2018-07-24 15:05:22 - [TEST_STEP][PASSED] - Statement - campaignImgName = com.kms.katalon.core.webui.keyword.WebUiBuiltInKeywords.getText(com.kms.katalon.core.testobject.ObjectRepository.findTestObject(Campaign_OR/uploadedCampaignImg)): Text of object 'Object Repository/Campaign_OR/uploadedCampaignImg' is: '390 x 201.jpg'

2018-07-24 15:05:22 - [MESSAGE][PASSED] - Text of object 'Object Repository/Campaign_OR/uploadedCampaignImg' is: '390 x 201.jpg'

2018-07-24 15:05:22 - [TEST_STEP][PASSED] - Statement - If (campaignImgName == ""): null

2018-07-24 15:05:22 - [TEST_STEP][PASSED] - Statement - If (emailSender.trim() == ""): null

2018-07-24 15:05:22 - [TEST_STEP][PASSED] - Statement - If (emailSubject.trim() == ""): null

2018-07-24 15:05:22 - [TEST_STEP][PASSED] - Statement - If (emailContent.trim() == ""): null

2018-07-24 15:05:22 - [TEST_STEP][PASSED] - Statement - companyLogoName = com.kms.katalon.core.webui.keyword.WebUiBuiltInKeywords.getText(com.kms.katalon.core.testobject.ObjectRepository.findTestObject(Campaign_OR/uploadedCompanyLogo)): Text of object 'Object Repository/Campaign_OR/uploadedCompanyLogo' is: 'starbucks logo.jpg'

2018-07-24 15:05:22 - [MESSAGE][PASSED] - Text of object 'Object Repository/Campaign_OR/uploadedCompanyLogo' is: 'starbucks logo.jpg'

2018-07-24 15:05:22 - [TEST_STEP][PASSED] - Statement - If (companyLogoName == ""): null

2018-07-24 15:05:22 - [TEST_STEP][PASSED] - Statement - If (com.kms.katalon.core.webui.keyword.WebUiBuiltInKeywords.waitForElementVisible(com.kms.katalon.core.testobject.ObjectRepository.findTestObject(Campaign_OR/Error Message/msg_cpgn_image2), 2)): null

2018-07-24 15:05:22 - [MESSAGE][PASSED] - Object 'Object Repository/Campaign_OR/Error Message/msg_cpgn_image2' is visible

2018-07-24 15:05:22 - [TEST_STEP][PASSED] - Statement - verifyCampaignImgError = com.kms.katalon.core.webui.keyword.WebUiBuiltInKeywords.getText(com.kms.katalon.core.testobject.ObjectRepository.findTestObject(Campaign_OR/Error Message/msg_cpgn_image2)): Text of object 'Object Repository/Campaign_OR/Error Message/msg_cpgn_image2' is: 'Invalid image dimension'

2018-07-24 15:05:22 - [MESSAGE][PASSED] - Text of object 'Object Repository/Campaign_OR/Error Message/msg_cpgn_image2' is: 'Invalid image dimension'

2018-07-24 15:05:22 - [TEST_STEP][PASSED] - Statement - If (verifyCampaignImgError.equals(msgInvalidSize)): null

2018-07-24 15:05:22 - [TEST_STEP][PASSED] - Statement - Else If (verifyCampaignImgError.equals(msgInvalidDi)): null

2018-07-24 15:05:22 - [TEST_STEP][PASSED] - Statement - verifyError = true: null

2018-07-24 15:05:22 - [TEST_STEP][PASSED] - Statement - If (com.kms.katalon.core.webui.keyword.WebUiBuiltInKeywords.waitForElementVisible(com.kms.katalon.core.testobject.ObjectRepository.findTestObject(Campaign_OR/Error Message/msg_TCURL), 2)): Web element with id: 'Object Repository/Campaign_OR/Error Message/msg_TCURL' located by 'By.xpath: id("wrapper")/div[@class="content-page"]/div[@class="content"]/div[@class="ng-scope"]/div[@class="row ng-scope"]/div[@class="col-md-7"]/div[@class="widget"]/div[@class="widget-content padding"]/div[@class="form-horizontal"]/div[@class="form-group"]/div[@id="tncUrl"]/p[@class="error-block"][count(. | //p[(text() = 'Invalid format, please follow as http://wwww.example.com' or . = 'Invalid format, please follow as http://wwww.example.com')]) = count(//p[(text() = 'Invalid format, please follow as http://wwww.example.com' or . = 'Invalid format, please follow as http://wwww.example.com')])]' not found

2018-07-24 15:05:24 - [MESSAGE][WARNING] - Web element with id: 'Object Repository/Campaign_OR/Error Message/msg_TCURL' located by 'By.xpath: id("wrapper")/div[@class="content-page"]/div[@class="content"]/div[@class="ng-scope"]/div[@class="row ng-scope"]/div[@class="col-md-7"]/div[@class="widget"]/div[@class="widget-content padding"]/div[@class="form-horizontal"]/div[@class="form-group"]/div[@id="tncUrl"]/p[@class="error-block"][count(. | //p[(text() = 'Invalid format, please follow as http://wwww.example.com' or . = 'Invalid format, please follow as http://wwww.example.com')]) = count(//p[(text() = 'Invalid format, please follow as http://wwww.example.com' or . = 'Invalid format, please follow as http://wwww.example.com')])]' not found

2018-07-24 15:05:24 - [TEST_STEP][PASSED] - Statement - If (emailSender.trim() != ""): Web element with id: 'Object Repository/Campaign_OR/Error Message/msg_sender' located by 'By.xpath: id("emailSender")/p[@class="error-block"]' not found

2018-07-24 15:05:24 - [TEST_STEP][PASSED] - Statement - If (com.kms.katalon.core.webui.keyword.WebUiBuiltInKeywords.waitForElementVisible(com.kms.katalon.core.testobject.ObjectRepository.findTestObject(Campaign_OR/Error Message/msg_sender), 2)): Web element with id: 'Object Repository/Campaign_OR/Error Message/msg_sender' located by 'By.xpath: id("emailSender")/p[@class="error-block"]' not found

2018-07-24 15:05:26 - [MESSAGE][WARNING] - Web element with id: 'Object Repository/Campaign_OR/Error Message/msg_sender' located by 'By.xpath: id("emailSender")/p[@class="error-block"]' not found

2018-07-24 15:05:26 - [TEST_STEP][PASSED] - Statement - If (com.kms.katalon.core.webui.keyword.WebUiBuiltInKeywords.waitForElementVisible(com.kms.katalon.core.testobject.ObjectRepository.findTestObject(Campaign_OR/Error Message/msg_company_logo), 2)): Web element with id: 'Object Repository/Campaign_OR/Error Message/msg_company_logo' located by 'By.xpath: id("companyLogo")/p[@class="error-block ng-binding"][count(. | //p[@class = 'error-block ng-binding' and @ng-hide = 'CC.errorLogo == 200 || CC.errorLogo == undefined']) = count(//p[@class = 'error-block ng-binding' and @ng-hide = 'CC.errorLogo == 200 || CC.errorLogo == undefined'])]' not found

2018-07-24 15:05:28 - [MESSAGE][WARNING] - Web element with id: 'Object Repository/Campaign_OR/Error Message/msg_company_logo' located by 'By.xpath: id("companyLogo")/p[@class="error-block ng-binding"][count(. | //p[@class = 'error-block ng-binding' and @ng-hide = 'CC.errorLogo == 200 || CC.errorLogo == undefined']) = count(//p[@class = 'error-block ng-binding' and @ng-hide = 'CC.errorLogo == 200 || CC.errorLogo == undefined'])]' not found

2018-07-24 15:05:28 - [TEST_STEP][PASSED] - refresh: Refresh successfully

2018-07-24 15:05:29 - [MESSAGE][PASSED] - Refresh successfully

2018-07-24 15:05:29 - [TEST_STEP][PASSED] - Statement - If (verifyError == false): null]]></system-out>
         <system-err><![CDATA[]]></system-err>
      </testcase>
      <testcase name="Test Cases/Merchant Portal/Campaign/TC001 Campaign - verify all case" classname="Test Cases/Merchant Portal/Campaign/TC001 Campaign - verify all case" status="PASSED">
         <system-out><![CDATA[2018-07-24 15:05:29 - [TEST_CASE][PASSED] - Test Cases/Merchant Portal/Campaign/TC001 Campaign - verify all case: Test Cases/Merchant Portal/Campaign/TC001 Campaign - verify all case

2018-07-24 15:05:29 - [TEST_STEP][PASSED] - Statement - randomWords = CustomKeywords.randomWords.GenerateNumber.randomString(4): randomWords.GenerateNumber.randomString is PASSED

2018-07-24 15:05:29 - [MESSAGE][PASSED] - randomWords.GenerateNumber.randomString is PASSED

2018-07-24 15:05:29 - [TEST_STEP][PASSED] - Statement - If (companyName.trim() != ""): null

2018-07-24 15:05:29 - [TEST_STEP][PASSED] - Statement - companyName = companyName + randomWords: null

2018-07-24 15:05:29 - [TEST_STEP][PASSED] - Statement - If (campaignInstruc.trim() != ""): null

2018-07-24 15:05:29 - [TEST_STEP][PASSED] - Statement - campaignInstruc = campaignInstruc + randomWords: null

2018-07-24 15:05:29 - [TEST_STEP][PASSED] - Statement - If (emailSender.trim() != ""): null

2018-07-24 15:05:29 - [TEST_STEP][PASSED] - Statement - email = emailSender: null

2018-07-24 15:05:29 - [TEST_STEP][PASSED] - Statement - splitEmail = email.split("@"): null

2018-07-24 15:05:29 - [TEST_STEP][PASSED] - Statement - numb = length: null

2018-07-24 15:05:29 - [TEST_STEP][PASSED] - Statement - If (numb > 1): null

2018-07-24 15:05:29 - [TEST_STEP][PASSED] - Statement - emailSender = splitEmail[0] + randomWords + "@" + splitEmail[1]: null

2018-07-24 15:05:29 - [TEST_STEP][PASSED] - Statement - If (emailSubject.trim() != ""): null

2018-07-24 15:05:29 - [TEST_STEP][PASSED] - Statement - emailSubject = emailSubject + randomWords: null

2018-07-24 15:05:29 - [TEST_STEP][PASSED] - Statement - If (emailContent.trim() != ""): null

2018-07-24 15:05:29 - [TEST_STEP][PASSED] - Statement - emailContent = emailContent + randomWords: null

2018-07-24 15:05:29 - [TEST_STEP][PASSED] - callTestCase: Call Test Case 'Test Cases/Merchant Portal/Campaign/Campagin Modules/create campaign' successfully

2018-07-24 15:05:29 - [TEST_CASE][PASSED] - Test Cases/Merchant Portal/Campaign/Campagin Modules/create campaign: Test Cases/Merchant Portal/Campaign/Campagin Modules/create campaign

2018-07-24 15:05:29 - [TEST_STEP][PASSED] - Statement - osName = "": null

2018-07-24 15:05:29 - [TEST_STEP][PASSED] - Statement - osName = CustomKeywords.os.DetectOS.getOperatingSystem(osName): os.DetectOS.getOperatingSystem is PASSED

2018-07-24 15:05:29 - [MESSAGE][PASSED] - os.DetectOS.getOperatingSystem is PASSED

2018-07-24 15:05:29 - [TEST_STEP][PASSED] - Statement - splitString = osName.split(): null

2018-07-24 15:05:29 - [TEST_STEP][PASSED] - Statement - os = splitString[0].toString(): null

2018-07-24 15:05:29 - [TEST_STEP][PASSED] - Statement - If (loggedin == false): null

2018-07-24 15:05:29 - [TEST_STEP][PASSED] - Statement - If (accessModule == false): null

2018-07-24 15:05:29 - [TEST_STEP][PASSED] - delay: Delayed 5 second(s)

2018-07-24 15:05:34 - [MESSAGE][PASSED] - Delayed 5 second(s)

2018-07-24 15:05:34 - [TEST_STEP][PASSED] - setText: Text 'Starbucks Reserve LtdoiFG' is set on object 'Object Repository/Campaign_OR/Fields/a.input_company_name'

2018-07-24 15:05:34 - [MESSAGE][PASSED] - Text 'Starbucks Reserve LtdoiFG' is set on object 'Object Repository/Campaign_OR/Fields/a.input_company_name'

2018-07-24 15:05:34 - [TEST_STEP][PASSED] - setText: Text 'Please subscribe with us and redeem a free coffee. Come join us now!oiFG' is set on object 'Object Repository/Campaign_OR/Fields/b.textarea_campaign_instruction'

2018-07-24 15:05:35 - [MESSAGE][PASSED] - Text 'Please subscribe with us and redeem a free coffee. Come join us now!oiFG' is set on object 'Object Repository/Campaign_OR/Fields/b.textarea_campaign_instruction'

2018-07-24 15:05:35 - [TEST_STEP][PASSED] - Statement - verifyEmail = false: null

2018-07-24 15:05:35 - [TEST_STEP][PASSED] - Statement - If (radioEmail.toLowerCase() == "true"): null

2018-07-24 15:05:35 - [TEST_STEP][PASSED] - Statement - verifyEmail = true: null

2018-07-24 15:05:35 - [TEST_STEP][PASSED] - Statement - If (verifyEmail == true): Object 'Object Repository/Campaign_OR/input_email' is visible

2018-07-24 15:05:35 - [TEST_STEP][PASSED] - Statement - If (com.kms.katalon.core.webui.keyword.WebUiBuiltInKeywords.verifyElementNotChecked(com.kms.katalon.core.testobject.ObjectRepository.findTestObject(Campaign_OR/Fields/c.checkbox_email), 1, OPTIONAL)): Object 'Object Repository/Campaign_OR/Fields/c.checkbox_email' is checked

2018-07-24 15:05:35 - [MESSAGE][WARNING] - Object 'Object Repository/Campaign_OR/Fields/c.checkbox_email' is checked
[[ATTACHMENT|C:\\Users\\kl.chan\\Katalon Studio\\boldreward\\Reports\\TS_Create_Campaign\\TS002 Edit Campaign with negative testing\\20180724_145748\\1532415935080.png]]

2018-07-24 15:05:35 - [TEST_STEP][PASSED] - Statement - Else: Object 'Object Repository/Campaign_OR/input_email' is visible

2018-07-24 15:05:35 - [TEST_STEP][PASSED] - verifyElementVisible: Object 'Object Repository/Campaign_OR/input_email' is visible

2018-07-24 15:05:35 - [MESSAGE][PASSED] - Object 'Object Repository/Campaign_OR/input_email' is visible

2018-07-24 15:05:35 - [TEST_STEP][PASSED] - Statement - verifyMobileno = false: null

2018-07-24 15:05:35 - [TEST_STEP][PASSED] - Statement - If (radioMobileno.toLowerCase() == "true"): null

2018-07-24 15:05:35 - [TEST_STEP][PASSED] - Statement - If (verifyMobileno == true): null

2018-07-24 15:05:35 - [TEST_STEP][PASSED] - Statement - Else If (verifyMobileno == false): Object 'Object Repository/Campaign_OR/input_mobileno' is NOT visible

2018-07-24 15:05:35 - [TEST_STEP][PASSED] - Statement - If (com.kms.katalon.core.webui.keyword.WebUiBuiltInKeywords.verifyElementChecked(com.kms.katalon.core.testobject.ObjectRepository.findTestObject(Campaign_OR/Fields/d.checkbox_mobile_number), 1, OPTIONAL)): Object 'Object Repository/Campaign_OR/input_mobileno' is NOT visible

2018-07-24 15:05:35 - [MESSAGE][PASSED] - Object 'Object Repository/Campaign_OR/Fields/d.checkbox_mobile_number' is checked

2018-07-24 15:05:35 - [TEST_STEP][PASSED] - delay: Delayed 1 second(s)

2018-07-24 15:05:36 - [MESSAGE][PASSED] - Delayed 1 second(s)

2018-07-24 15:05:36 - [TEST_STEP][PASSED] - click: Object: 'Object Repository/Campaign_OR/Fields/d.checkbox_mobile_number' is clicked on

2018-07-24 15:05:36 - [MESSAGE][PASSED] - Object: 'Object Repository/Campaign_OR/Fields/d.checkbox_mobile_number' is clicked on

2018-07-24 15:05:36 - [TEST_STEP][PASSED] - verifyElementNotVisible: Object 'Object Repository/Campaign_OR/input_mobileno' is NOT visible

2018-07-24 15:05:36 - [MESSAGE][PASSED] - Object 'Object Repository/Campaign_OR/input_mobileno' is NOT visible

2018-07-24 15:05:36 - [TEST_STEP][PASSED] - Statement - verifyName = false: null

2018-07-24 15:05:36 - [TEST_STEP][PASSED] - Statement - If (radioName.toLowerCase() == "true"): null

2018-07-24 15:05:36 - [TEST_STEP][PASSED] - Statement - If (verifyName == true): null

2018-07-24 15:05:36 - [TEST_STEP][PASSED] - Statement - Else If (verifyName == false): Object 'Object Repository/Campaign_OR/input_name' is NOT visible

2018-07-24 15:05:36 - [TEST_STEP][PASSED] - Statement - If (com.kms.katalon.core.webui.keyword.WebUiBuiltInKeywords.verifyElementChecked(com.kms.katalon.core.testobject.ObjectRepository.findTestObject(Campaign_OR/Fields/e.checkbox_name), 1, OPTIONAL)): Object 'Object Repository/Campaign_OR/input_name' is NOT visible

2018-07-24 15:05:36 - [MESSAGE][PASSED] - Object 'Object Repository/Campaign_OR/Fields/e.checkbox_name' is checked

2018-07-24 15:05:36 - [TEST_STEP][PASSED] - delay: Delayed 1 second(s)

2018-07-24 15:05:37 - [MESSAGE][PASSED] - Delayed 1 second(s)

2018-07-24 15:05:37 - [TEST_STEP][PASSED] - click: Object: 'Object Repository/Campaign_OR/Fields/e.checkbox_name' is clicked on

2018-07-24 15:05:37 - [MESSAGE][PASSED] - Object: 'Object Repository/Campaign_OR/Fields/e.checkbox_name' is clicked on

2018-07-24 15:05:37 - [TEST_STEP][PASSED] - verifyElementNotVisible: Object 'Object Repository/Campaign_OR/input_name' is NOT visible

2018-07-24 15:05:37 - [MESSAGE][PASSED] - Object 'Object Repository/Campaign_OR/input_name' is NOT visible

2018-07-24 15:05:37 - [TEST_STEP][PASSED] - Statement - verifyGender = false: null

2018-07-24 15:05:37 - [TEST_STEP][PASSED] - Statement - If (radioGender.toLowerCase() == "true"): null

2018-07-24 15:05:37 - [TEST_STEP][PASSED] - Statement - If (verifyGender == true): null

2018-07-24 15:05:37 - [TEST_STEP][PASSED] - Statement - Else If (verifyGender == false): Object 'Object Repository/Campaign_OR/label_Female' is NOT visible

2018-07-24 15:05:37 - [TEST_STEP][PASSED] - Statement - If (com.kms.katalon.core.webui.keyword.WebUiBuiltInKeywords.verifyElementChecked(com.kms.katalon.core.testobject.ObjectRepository.findTestObject(Campaign_OR/Fields/f.checkbox_gender), 1, OPTIONAL)): Object 'Object Repository/Campaign_OR/label_Female' is NOT visible

2018-07-24 15:05:37 - [MESSAGE][PASSED] - Object 'Object Repository/Campaign_OR/Fields/f.checkbox_gender' is checked

2018-07-24 15:05:37 - [TEST_STEP][PASSED] - delay: Delayed 1 second(s)

2018-07-24 15:05:38 - [MESSAGE][PASSED] - Delayed 1 second(s)

2018-07-24 15:05:38 - [TEST_STEP][PASSED] - click: Object: 'Object Repository/Campaign_OR/Fields/f.checkbox_gender' is clicked on

2018-07-24 15:05:38 - [MESSAGE][PASSED] - Object: 'Object Repository/Campaign_OR/Fields/f.checkbox_gender' is clicked on

2018-07-24 15:05:38 - [TEST_STEP][PASSED] - verifyElementNotVisible: Object 'Object Repository/Campaign_OR/label_Male' is NOT visible

2018-07-24 15:05:38 - [MESSAGE][PASSED] - Object 'Object Repository/Campaign_OR/label_Male' is NOT visible

2018-07-24 15:05:38 - [TEST_STEP][PASSED] - verifyElementNotVisible: Object 'Object Repository/Campaign_OR/label_Female' is NOT visible

2018-07-24 15:05:38 - [MESSAGE][PASSED] - Object 'Object Repository/Campaign_OR/label_Female' is NOT visible

2018-07-24 15:05:38 - [TEST_STEP][PASSED] - Statement - verifyDOB = false: null

2018-07-24 15:05:38 - [TEST_STEP][PASSED] - Statement - If (radioDOB.toLowerCase() == "true"): null

2018-07-24 15:05:38 - [TEST_STEP][PASSED] - Statement - If (verifyDOB == true): null

2018-07-24 15:05:38 - [TEST_STEP][PASSED] - Statement - Else If (verifyDOB == false): Object 'Object Repository/Campaign_OR/input_datepicker' is NOT visible

2018-07-24 15:05:38 - [TEST_STEP][PASSED] - Statement - If (com.kms.katalon.core.webui.keyword.WebUiBuiltInKeywords.verifyElementChecked(com.kms.katalon.core.testobject.ObjectRepository.findTestObject(Campaign_OR/Fields/g.checkbox_dob), 1, OPTIONAL)): Object 'Object Repository/Campaign_OR/input_datepicker' is NOT visible

2018-07-24 15:05:38 - [MESSAGE][PASSED] - Object 'Object Repository/Campaign_OR/Fields/g.checkbox_dob' is checked

2018-07-24 15:05:38 - [TEST_STEP][PASSED] - delay: Delayed 1 second(s)

2018-07-24 15:05:39 - [MESSAGE][PASSED] - Delayed 1 second(s)

2018-07-24 15:05:39 - [TEST_STEP][PASSED] - click: Object: 'Object Repository/Campaign_OR/Fields/g.checkbox_dob' is clicked on

2018-07-24 15:05:39 - [MESSAGE][PASSED] - Object: 'Object Repository/Campaign_OR/Fields/g.checkbox_dob' is clicked on

2018-07-24 15:05:39 - [TEST_STEP][PASSED] - verifyElementNotVisible: Object 'Object Repository/Campaign_OR/input_datepicker' is NOT visible

2018-07-24 15:05:39 - [MESSAGE][PASSED] - Object 'Object Repository/Campaign_OR/input_datepicker' is NOT visible

2018-07-24 15:05:39 - [TEST_STEP][PASSED] - Statement - filepath = "": null

2018-07-24 15:05:39 - [TEST_STEP][PASSED] - Statement - If (os == "Windows"): null

2018-07-24 15:05:39 - [TEST_STEP][PASSED] - Statement - filepath = campaignImagePath: null

2018-07-24 15:05:39 - [TEST_STEP][PASSED] - Statement - verifyImgName = "": null

2018-07-24 15:05:39 - [TEST_STEP][PASSED] - Statement - uploadedImg = false: null

2018-07-24 15:05:39 - [TEST_STEP][PASSED] - Statement - If (filepath.trim() != "" && campaignImage.trim() != ""): null

2018-07-24 15:05:39 - [TEST_STEP][PASSED] - sendKeys: Keys 'C:\Users\kl.chan\Katalon Studio\boldreward\Images\Campaign Image\391 x 200.jpg' sent to object: 'Object Repository/Campaign_OR/Fields/h.button_campaign_image_1'

2018-07-24 15:05:39 - [MESSAGE][PASSED] - Keys 'C:\Users\kl.chan\Katalon Studio\boldreward\Images\Campaign Image\391 x 200.jpg' sent to object: 'Object Repository/Campaign_OR/Fields/h.button_campaign_image_1'

2018-07-24 15:05:39 - [TEST_STEP][PASSED] - delay: Delayed 1 second(s)

2018-07-24 15:05:40 - [MESSAGE][PASSED] - Delayed 1 second(s)

2018-07-24 15:05:40 - [TEST_STEP][PASSED] - Statement - If (com.kms.katalon.core.webui.keyword.WebUiBuiltInKeywords.waitForElementVisible(com.kms.katalon.core.testobject.ObjectRepository.findTestObject(Campaign_OR/uploadedCampaignImg), 30)): null

2018-07-24 15:05:41 - [MESSAGE][PASSED] - Object 'Object Repository/Campaign_OR/uploadedCampaignImg' is visible

2018-07-24 15:05:41 - [TEST_STEP][PASSED] - Statement - verifyImgName = com.kms.katalon.core.webui.keyword.WebUiBuiltInKeywords.getText(com.kms.katalon.core.testobject.ObjectRepository.findTestObject(Campaign_OR/uploadedCampaignImg)): Text of object 'Object Repository/Campaign_OR/uploadedCampaignImg' is: '391 x 200.jpg'

2018-07-24 15:05:41 - [MESSAGE][PASSED] - Text of object 'Object Repository/Campaign_OR/uploadedCampaignImg' is: '391 x 200.jpg'

2018-07-24 15:05:41 - [TEST_STEP][PASSED] - Statement - If (verifyImgName.equals(campaignImage) == true): null

2018-07-24 15:05:41 - [TEST_STEP][PASSED] - Statement - uploadedImg = true: null

2018-07-24 15:05:41 - [TEST_STEP][PASSED] - setText: Text 'http://www.starbucks.com.my/' is set on object 'Object Repository/Campaign_OR/Fields/i.k.input_tnc'

2018-07-24 15:05:41 - [MESSAGE][PASSED] - Text 'http://www.starbucks.com.my/' is set on object 'Object Repository/Campaign_OR/Fields/i.k.input_tnc'

2018-07-24 15:05:41 - [TEST_STEP][PASSED] - setText: Text 'kl.chanoiFG@macrokiosk.com' is set on object 'Object Repository/Campaign_OR/Fields/j.input_sender'

2018-07-24 15:05:41 - [MESSAGE][PASSED] - Text 'kl.chanoiFG@macrokiosk.com' is set on object 'Object Repository/Campaign_OR/Fields/j.input_sender'

2018-07-24 15:05:41 - [TEST_STEP][PASSED] - setText: Text 'Starbucks Reserve @ SIToiFG' is set on object 'Object Repository/Campaign_OR/Fields/k.input_subject'

2018-07-24 15:05:41 - [MESSAGE][PASSED] - Text 'Starbucks Reserve @ SIToiFG' is set on object 'Object Repository/Campaign_OR/Fields/k.input_subject'

2018-07-24 15:05:41 - [TEST_STEP][PASSED] - setText: Text 'Hello User, Welcome to our Starbucks Reserve @ SIT. Come subscribe with us and redeem more rewards.oiFG' is set on object 'Object Repository/Campaign_OR/Fields/l.textarea_content'

2018-07-24 15:05:42 - [MESSAGE][PASSED] - Text 'Hello User, Welcome to our Starbucks Reserve @ SIT. Come subscribe with us and redeem more rewards.oiFG' is set on object 'Object Repository/Campaign_OR/Fields/l.textarea_content'

2018-07-24 15:05:42 - [TEST_STEP][PASSED] - Statement - filepath = "": null

2018-07-24 15:05:42 - [TEST_STEP][PASSED] - Statement - If (os == "Windows"): null

2018-07-24 15:05:42 - [TEST_STEP][PASSED] - Statement - filepath = companyLogoPath: null

2018-07-24 15:05:42 - [TEST_STEP][PASSED] - Statement - verifyImgName = "": null

2018-07-24 15:05:42 - [TEST_STEP][PASSED] - Statement - uploadedImg = false: null

2018-07-24 15:05:42 - [TEST_STEP][PASSED] - Statement - reuploadCount = 0: null

2018-07-24 15:05:42 - [TEST_STEP][PASSED] - Statement - If (filepath.trim() != "" && companyLogo.trim() != ""): null

2018-07-24 15:05:42 - [TEST_STEP][PASSED] - sendKeys: Keys 'C:\Users\kl.chan\Katalon Studio\boldreward\Images\Company Logo\starbucks logo.jpg' sent to object: 'Object Repository/Campaign_OR/Fields/m.button_company_logo_1'

2018-07-24 15:05:42 - [MESSAGE][PASSED] - Keys 'C:\Users\kl.chan\Katalon Studio\boldreward\Images\Company Logo\starbucks logo.jpg' sent to object: 'Object Repository/Campaign_OR/Fields/m.button_company_logo_1'

2018-07-24 15:05:42 - [TEST_STEP][PASSED] - delay: Delayed 1 second(s)

2018-07-24 15:05:43 - [MESSAGE][PASSED] - Delayed 1 second(s)

2018-07-24 15:05:43 - [TEST_STEP][PASSED] - Statement - If (com.kms.katalon.core.webui.keyword.WebUiBuiltInKeywords.waitForElementVisible(com.kms.katalon.core.testobject.ObjectRepository.findTestObject(Campaign_OR/uploadedCompanyLogo), 30)): null

2018-07-24 15:05:43 - [MESSAGE][PASSED] - Object 'Object Repository/Campaign_OR/uploadedCompanyLogo' is visible

2018-07-24 15:05:43 - [TEST_STEP][PASSED] - Statement - verifyImgName = com.kms.katalon.core.webui.keyword.WebUiBuiltInKeywords.getText(com.kms.katalon.core.testobject.ObjectRepository.findTestObject(Campaign_OR/uploadedCompanyLogo)): Text of object 'Object Repository/Campaign_OR/uploadedCompanyLogo' is: 'starbucks logo.jpg'

2018-07-24 15:05:43 - [MESSAGE][PASSED] - Text of object 'Object Repository/Campaign_OR/uploadedCompanyLogo' is: 'starbucks logo.jpg'

2018-07-24 15:05:43 - [TEST_STEP][PASSED] - Statement - If (verifyImgName.equals(companyLogo) == true): null

2018-07-24 15:05:43 - [TEST_STEP][PASSED] - Statement - uploadedImg = true: null

2018-07-24 15:05:43 - [TEST_STEP][PASSED] - Statement - If (rewardCode == true): null

2018-07-24 15:05:43 - [TEST_STEP][PASSED] - Statement - Else If (rewardCode == false): Object: 'Object Repository/Campaign_OR/Fields/n.label_No' is clicked on

2018-07-24 15:05:43 - [TEST_STEP][PASSED] - click: Object: 'Object Repository/Campaign_OR/Fields/n.label_No' is clicked on

2018-07-24 15:05:43 - [MESSAGE][PASSED] - Object: 'Object Repository/Campaign_OR/Fields/n.label_No' is clicked on

2018-07-24 15:05:43 - [TEST_STEP][PASSED] - verifyElementChecked: Object 'Object Repository/Campaign_OR/Fields/radio_No' is checked

2018-07-24 15:05:43 - [MESSAGE][PASSED] - Object 'Object Repository/Campaign_OR/Fields/radio_No' is checked

2018-07-24 15:05:43 - [TEST_STEP][PASSED] - verifyElementChecked: Object 'Object Repository/Campaign_OR/Fields/radio_Yes' is not checked

2018-07-24 15:05:43 - [MESSAGE][WARNING] - Object 'Object Repository/Campaign_OR/Fields/radio_Yes' is not checked
[[ATTACHMENT|C:\\Users\\kl.chan\\Katalon Studio\\boldreward\\Reports\\TS_Create_Campaign\\TS002 Edit Campaign with negative testing\\20180724_145748\\1532415943538.png]]

2018-07-24 15:05:43 - [TEST_STEP][PASSED] - click: Object: 'Object Repository/Campaign_OR/button_Save' is clicked on

2018-07-24 15:05:43 - [MESSAGE][PASSED] - Object: 'Object Repository/Campaign_OR/button_Save' is clicked on

2018-07-24 15:05:43 - [TEST_STEP][PASSED] - delay: Delayed 2 second(s)

2018-07-24 15:05:45 - [MESSAGE][PASSED] - Delayed 2 second(s)

2018-07-24 15:05:45 - [MESSAGE][PASSED] - Call Test Case 'Test Cases/Merchant Portal/Campaign/Campagin Modules/create campaign' successfully

2018-07-24 15:05:45 - [TEST_STEP][PASSED] - Statement - updateFailed = false: null

2018-07-24 15:05:45 - [TEST_STEP][PASSED] - Statement - If (com.kms.katalon.core.webui.keyword.WebUiBuiltInKeywords.waitForElementVisible(com.kms.katalon.core.testobject.ObjectRepository.findTestObject(a.Not_Assigned_OR/alert_msg_top), 3)): null

2018-07-24 15:05:45 - [MESSAGE][PASSED] - Object 'Object Repository/a.Not_Assigned_OR/alert_msg_top' is visible

2018-07-24 15:05:45 - [TEST_STEP][PASSED] - Statement - verifyPopoutMsg = com.kms.katalon.core.webui.keyword.WebUiBuiltInKeywords.getText(com.kms.katalon.core.testobject.ObjectRepository.findTestObject(a.Not_Assigned_OR/alert_msg_top)): Text of object 'Object Repository/a.Not_Assigned_OR/alert_msg_top' is: 'Oops! Invalid inputs, please try again.'

2018-07-24 15:05:45 - [MESSAGE][PASSED] - Text of object 'Object Repository/a.Not_Assigned_OR/alert_msg_top' is: 'Oops! Invalid inputs, please try again.'

2018-07-24 15:05:45 - [TEST_STEP][PASSED] - Statement - If (verifyPopoutMsg.equals(msgServer) == true): null

2018-07-24 15:05:45 - [TEST_STEP][PASSED] - Statement - updateFailed = true: null

2018-07-24 15:05:45 - [TEST_STEP][PASSED] - Statement - updateSuccess = false: null

2018-07-24 15:05:45 - [TEST_STEP][PASSED] - Statement - If (com.kms.katalon.core.webui.keyword.WebUiBuiltInKeywords.waitForElementVisible(com.kms.katalon.core.testobject.ObjectRepository.findTestObject(Campaign_OR/Error Message/msg_edit_success), 3)): Web element with id: 'Object Repository/Campaign_OR/Error Message/msg_edit_success' located by 'By.xpath: id("errorMessage")/p[@class="error-block"]' not found

2018-07-24 15:05:49 - [MESSAGE][WARNING] - Web element with id: 'Object Repository/Campaign_OR/Error Message/msg_edit_success' located by 'By.xpath: id("errorMessage")/p[@class="error-block"]' not found

2018-07-24 15:05:49 - [TEST_STEP][PASSED] - Statement - createSuccess = false: null

2018-07-24 15:05:49 - [TEST_STEP][PASSED] - Statement - If (com.kms.katalon.core.webui.keyword.WebUiBuiltInKeywords.waitForElementVisible(com.kms.katalon.core.testobject.ObjectRepository.findTestObject(Home_OR/label_home), 3)): Web element with id: 'Object Repository/Home_OR/label_home' located by 'By.xpath: id("wrapper")/div[@class="content-page"]/div[@class="content"]/div[@class="ng-scope"]/div[@class="ng-scope"]/div[@class="page-heading"]/h1[1][count(. | //h1[(text() = ' Home' or . = ' Home')]) = count(//h1[(text() = ' Home' or . = ' Home')])]' not found

2018-07-24 15:05:52 - [MESSAGE][WARNING] - Web element with id: 'Object Repository/Home_OR/label_home' located by 'By.xpath: id("wrapper")/div[@class="content-page"]/div[@class="content"]/div[@class="ng-scope"]/div[@class="ng-scope"]/div[@class="page-heading"]/h1[1][count(. | //h1[(text() = ' Home' or . = ' Home')]) = count(//h1[(text() = ' Home' or . = ' Home')])]' not found

2018-07-24 15:05:52 - [TEST_STEP][PASSED] - Statement - If (updateSuccess == true): null

2018-07-24 15:05:52 - [TEST_STEP][PASSED] - Statement - Else If (updateFailed == true): null

2018-07-24 15:05:52 - [TEST_STEP][PASSED] - Statement - verifyError = false: null

2018-07-24 15:05:52 - [TEST_STEP][PASSED] - Statement - If (companyName.trim() == ""): null

2018-07-24 15:05:52 - [TEST_STEP][PASSED] - Statement - If (campaignInstruc.trim() == ""): null

2018-07-24 15:05:52 - [TEST_STEP][PASSED] - Statement - If (radioEmail.toLowerCase() == "false"): null

2018-07-24 15:05:52 - [TEST_STEP][PASSED] - Statement - campaignImgName = com.kms.katalon.core.webui.keyword.WebUiBuiltInKeywords.getText(com.kms.katalon.core.testobject.ObjectRepository.findTestObject(Campaign_OR/uploadedCampaignImg)): Text of object 'Object Repository/Campaign_OR/uploadedCampaignImg' is: '391 x 200.jpg'

2018-07-24 15:05:52 - [MESSAGE][PASSED] - Text of object 'Object Repository/Campaign_OR/uploadedCampaignImg' is: '391 x 200.jpg'

2018-07-24 15:05:52 - [TEST_STEP][PASSED] - Statement - If (campaignImgName == ""): null

2018-07-24 15:05:52 - [TEST_STEP][PASSED] - Statement - If (emailSender.trim() == ""): null

2018-07-24 15:05:52 - [TEST_STEP][PASSED] - Statement - If (emailSubject.trim() == ""): null

2018-07-24 15:05:52 - [TEST_STEP][PASSED] - Statement - If (emailContent.trim() == ""): null

2018-07-24 15:05:52 - [TEST_STEP][PASSED] - Statement - companyLogoName = com.kms.katalon.core.webui.keyword.WebUiBuiltInKeywords.getText(com.kms.katalon.core.testobject.ObjectRepository.findTestObject(Campaign_OR/uploadedCompanyLogo)): Text of object 'Object Repository/Campaign_OR/uploadedCompanyLogo' is: 'starbucks logo.jpg'

2018-07-24 15:05:52 - [MESSAGE][PASSED] - Text of object 'Object Repository/Campaign_OR/uploadedCompanyLogo' is: 'starbucks logo.jpg'

2018-07-24 15:05:52 - [TEST_STEP][PASSED] - Statement - If (companyLogoName == ""): null

2018-07-24 15:05:52 - [TEST_STEP][PASSED] - Statement - If (com.kms.katalon.core.webui.keyword.WebUiBuiltInKeywords.waitForElementVisible(com.kms.katalon.core.testobject.ObjectRepository.findTestObject(Campaign_OR/Error Message/msg_cpgn_image2), 2)): null

2018-07-24 15:05:52 - [MESSAGE][PASSED] - Object 'Object Repository/Campaign_OR/Error Message/msg_cpgn_image2' is visible

2018-07-24 15:05:52 - [TEST_STEP][PASSED] - Statement - verifyCampaignImgError = com.kms.katalon.core.webui.keyword.WebUiBuiltInKeywords.getText(com.kms.katalon.core.testobject.ObjectRepository.findTestObject(Campaign_OR/Error Message/msg_cpgn_image2)): Text of object 'Object Repository/Campaign_OR/Error Message/msg_cpgn_image2' is: 'Invalid image dimension'

2018-07-24 15:05:52 - [MESSAGE][PASSED] - Text of object 'Object Repository/Campaign_OR/Error Message/msg_cpgn_image2' is: 'Invalid image dimension'

2018-07-24 15:05:52 - [TEST_STEP][PASSED] - Statement - If (verifyCampaignImgError.equals(msgInvalidSize)): null

2018-07-24 15:05:52 - [TEST_STEP][PASSED] - Statement - Else If (verifyCampaignImgError.equals(msgInvalidDi)): null

2018-07-24 15:05:52 - [TEST_STEP][PASSED] - Statement - verifyError = true: null

2018-07-24 15:05:52 - [TEST_STEP][PASSED] - Statement - If (com.kms.katalon.core.webui.keyword.WebUiBuiltInKeywords.waitForElementVisible(com.kms.katalon.core.testobject.ObjectRepository.findTestObject(Campaign_OR/Error Message/msg_TCURL), 2)): Web element with id: 'Object Repository/Campaign_OR/Error Message/msg_TCURL' located by 'By.xpath: id("wrapper")/div[@class="content-page"]/div[@class="content"]/div[@class="ng-scope"]/div[@class="row ng-scope"]/div[@class="col-md-7"]/div[@class="widget"]/div[@class="widget-content padding"]/div[@class="form-horizontal"]/div[@class="form-group"]/div[@id="tncUrl"]/p[@class="error-block"][count(. | //p[(text() = 'Invalid format, please follow as http://wwww.example.com' or . = 'Invalid format, please follow as http://wwww.example.com')]) = count(//p[(text() = 'Invalid format, please follow as http://wwww.example.com' or . = 'Invalid format, please follow as http://wwww.example.com')])]' not found

2018-07-24 15:05:54 - [MESSAGE][WARNING] - Web element with id: 'Object Repository/Campaign_OR/Error Message/msg_TCURL' located by 'By.xpath: id("wrapper")/div[@class="content-page"]/div[@class="content"]/div[@class="ng-scope"]/div[@class="row ng-scope"]/div[@class="col-md-7"]/div[@class="widget"]/div[@class="widget-content padding"]/div[@class="form-horizontal"]/div[@class="form-group"]/div[@id="tncUrl"]/p[@class="error-block"][count(. | //p[(text() = 'Invalid format, please follow as http://wwww.example.com' or . = 'Invalid format, please follow as http://wwww.example.com')]) = count(//p[(text() = 'Invalid format, please follow as http://wwww.example.com' or . = 'Invalid format, please follow as http://wwww.example.com')])]' not found

2018-07-24 15:05:54 - [TEST_STEP][PASSED] - Statement - If (emailSender.trim() != ""): Web element with id: 'Object Repository/Campaign_OR/Error Message/msg_sender' located by 'By.xpath: id("emailSender")/p[@class="error-block"]' not found

2018-07-24 15:05:54 - [TEST_STEP][PASSED] - Statement - If (com.kms.katalon.core.webui.keyword.WebUiBuiltInKeywords.waitForElementVisible(com.kms.katalon.core.testobject.ObjectRepository.findTestObject(Campaign_OR/Error Message/msg_sender), 2)): Web element with id: 'Object Repository/Campaign_OR/Error Message/msg_sender' located by 'By.xpath: id("emailSender")/p[@class="error-block"]' not found

2018-07-24 15:05:56 - [MESSAGE][WARNING] - Web element with id: 'Object Repository/Campaign_OR/Error Message/msg_sender' located by 'By.xpath: id("emailSender")/p[@class="error-block"]' not found

2018-07-24 15:05:56 - [TEST_STEP][PASSED] - Statement - If (com.kms.katalon.core.webui.keyword.WebUiBuiltInKeywords.waitForElementVisible(com.kms.katalon.core.testobject.ObjectRepository.findTestObject(Campaign_OR/Error Message/msg_company_logo), 2)): Web element with id: 'Object Repository/Campaign_OR/Error Message/msg_company_logo' located by 'By.xpath: id("companyLogo")/p[@class="error-block ng-binding"][count(. | //p[@class = 'error-block ng-binding' and @ng-hide = 'CC.errorLogo == 200 || CC.errorLogo == undefined']) = count(//p[@class = 'error-block ng-binding' and @ng-hide = 'CC.errorLogo == 200 || CC.errorLogo == undefined'])]' not found

2018-07-24 15:05:58 - [MESSAGE][WARNING] - Web element with id: 'Object Repository/Campaign_OR/Error Message/msg_company_logo' located by 'By.xpath: id("companyLogo")/p[@class="error-block ng-binding"][count(. | //p[@class = 'error-block ng-binding' and @ng-hide = 'CC.errorLogo == 200 || CC.errorLogo == undefined']) = count(//p[@class = 'error-block ng-binding' and @ng-hide = 'CC.errorLogo == 200 || CC.errorLogo == undefined'])]' not found

2018-07-24 15:05:58 - [TEST_STEP][PASSED] - refresh: Refresh successfully

2018-07-24 15:05:58 - [MESSAGE][PASSED] - Refresh successfully

2018-07-24 15:05:58 - [TEST_STEP][PASSED] - Statement - If (verifyError == false): null]]></system-out>
         <system-err><![CDATA[]]></system-err>
      </testcase>
      <testcase name="Test Cases/Merchant Portal/Campaign/TC001 Campaign - verify all case" classname="Test Cases/Merchant Portal/Campaign/TC001 Campaign - verify all case" status="PASSED">
         <system-out><![CDATA[2018-07-24 15:05:58 - [TEST_CASE][PASSED] - Test Cases/Merchant Portal/Campaign/TC001 Campaign - verify all case: Test Cases/Merchant Portal/Campaign/TC001 Campaign - verify all case

2018-07-24 15:05:58 - [TEST_STEP][PASSED] - Statement - randomWords = CustomKeywords.randomWords.GenerateNumber.randomString(4): randomWords.GenerateNumber.randomString is PASSED

2018-07-24 15:05:58 - [MESSAGE][PASSED] - randomWords.GenerateNumber.randomString is PASSED

2018-07-24 15:05:58 - [TEST_STEP][PASSED] - Statement - If (companyName.trim() != ""): null

2018-07-24 15:05:58 - [TEST_STEP][PASSED] - Statement - companyName = companyName + randomWords: null

2018-07-24 15:05:58 - [TEST_STEP][PASSED] - Statement - If (campaignInstruc.trim() != ""): null

2018-07-24 15:05:58 - [TEST_STEP][PASSED] - Statement - campaignInstruc = campaignInstruc + randomWords: null

2018-07-24 15:05:58 - [TEST_STEP][PASSED] - Statement - If (emailSender.trim() != ""): null

2018-07-24 15:05:58 - [TEST_STEP][PASSED] - Statement - email = emailSender: null

2018-07-24 15:05:58 - [TEST_STEP][PASSED] - Statement - splitEmail = email.split("@"): null

2018-07-24 15:05:58 - [TEST_STEP][PASSED] - Statement - numb = length: null

2018-07-24 15:05:58 - [TEST_STEP][PASSED] - Statement - If (numb > 1): null

2018-07-24 15:05:58 - [TEST_STEP][PASSED] - Statement - emailSender = splitEmail[0] + randomWords + "@" + splitEmail[1]: null

2018-07-24 15:05:58 - [TEST_STEP][PASSED] - Statement - If (emailSubject.trim() != ""): null

2018-07-24 15:05:58 - [TEST_STEP][PASSED] - Statement - emailSubject = emailSubject + randomWords: null

2018-07-24 15:05:58 - [TEST_STEP][PASSED] - Statement - If (emailContent.trim() != ""): null

2018-07-24 15:05:58 - [TEST_STEP][PASSED] - Statement - emailContent = emailContent + randomWords: null

2018-07-24 15:05:58 - [TEST_STEP][PASSED] - callTestCase: Call Test Case 'Test Cases/Merchant Portal/Campaign/Campagin Modules/create campaign' successfully

2018-07-24 15:05:59 - [TEST_CASE][PASSED] - Test Cases/Merchant Portal/Campaign/Campagin Modules/create campaign: Test Cases/Merchant Portal/Campaign/Campagin Modules/create campaign

2018-07-24 15:05:59 - [TEST_STEP][PASSED] - Statement - osName = "": null

2018-07-24 15:05:59 - [TEST_STEP][PASSED] - Statement - osName = CustomKeywords.os.DetectOS.getOperatingSystem(osName): os.DetectOS.getOperatingSystem is PASSED

2018-07-24 15:05:59 - [MESSAGE][PASSED] - os.DetectOS.getOperatingSystem is PASSED

2018-07-24 15:05:59 - [TEST_STEP][PASSED] - Statement - splitString = osName.split(): null

2018-07-24 15:05:59 - [TEST_STEP][PASSED] - Statement - os = splitString[0].toString(): null

2018-07-24 15:05:59 - [TEST_STEP][PASSED] - Statement - If (loggedin == false): null

2018-07-24 15:05:59 - [TEST_STEP][PASSED] - Statement - If (accessModule == false): null

2018-07-24 15:05:59 - [TEST_STEP][PASSED] - delay: Delayed 5 second(s)

2018-07-24 15:06:04 - [MESSAGE][PASSED] - Delayed 5 second(s)

2018-07-24 15:06:04 - [TEST_STEP][PASSED] - setText: Text 'Starbucks Reserve LtdRnEM' is set on object 'Object Repository/Campaign_OR/Fields/a.input_company_name'

2018-07-24 15:06:04 - [MESSAGE][PASSED] - Text 'Starbucks Reserve LtdRnEM' is set on object 'Object Repository/Campaign_OR/Fields/a.input_company_name'

2018-07-24 15:06:04 - [TEST_STEP][PASSED] - setText: Text 'Please subscribe with us and redeem a free coffee. Come join us now!RnEM' is set on object 'Object Repository/Campaign_OR/Fields/b.textarea_campaign_instruction'

2018-07-24 15:06:04 - [MESSAGE][PASSED] - Text 'Please subscribe with us and redeem a free coffee. Come join us now!RnEM' is set on object 'Object Repository/Campaign_OR/Fields/b.textarea_campaign_instruction'

2018-07-24 15:06:04 - [TEST_STEP][PASSED] - Statement - verifyEmail = false: null

2018-07-24 15:06:04 - [TEST_STEP][PASSED] - Statement - If (radioEmail.toLowerCase() == "true"): null

2018-07-24 15:06:04 - [TEST_STEP][PASSED] - Statement - verifyEmail = true: null

2018-07-24 15:06:04 - [TEST_STEP][PASSED] - Statement - If (verifyEmail == true): Object 'Object Repository/Campaign_OR/input_email' is visible

2018-07-24 15:06:04 - [TEST_STEP][PASSED] - Statement - If (com.kms.katalon.core.webui.keyword.WebUiBuiltInKeywords.verifyElementNotChecked(com.kms.katalon.core.testobject.ObjectRepository.findTestObject(Campaign_OR/Fields/c.checkbox_email), 1, OPTIONAL)): Object 'Object Repository/Campaign_OR/Fields/c.checkbox_email' is checked

2018-07-24 15:06:05 - [MESSAGE][WARNING] - Object 'Object Repository/Campaign_OR/Fields/c.checkbox_email' is checked
[[ATTACHMENT|C:\\Users\\kl.chan\\Katalon Studio\\boldreward\\Reports\\TS_Create_Campaign\\TS002 Edit Campaign with negative testing\\20180724_145748\\1532415964828.png]]

2018-07-24 15:06:05 - [TEST_STEP][PASSED] - Statement - Else: Object 'Object Repository/Campaign_OR/input_email' is visible

2018-07-24 15:06:05 - [TEST_STEP][PASSED] - verifyElementVisible: Object 'Object Repository/Campaign_OR/input_email' is visible

2018-07-24 15:06:05 - [MESSAGE][PASSED] - Object 'Object Repository/Campaign_OR/input_email' is visible

2018-07-24 15:06:05 - [TEST_STEP][PASSED] - Statement - verifyMobileno = false: null

2018-07-24 15:06:05 - [TEST_STEP][PASSED] - Statement - If (radioMobileno.toLowerCase() == "true"): null

2018-07-24 15:06:05 - [TEST_STEP][PASSED] - Statement - If (verifyMobileno == true): null

2018-07-24 15:06:05 - [TEST_STEP][PASSED] - Statement - Else If (verifyMobileno == false): Object 'Object Repository/Campaign_OR/input_mobileno' is NOT visible

2018-07-24 15:06:05 - [TEST_STEP][PASSED] - Statement - If (com.kms.katalon.core.webui.keyword.WebUiBuiltInKeywords.verifyElementChecked(com.kms.katalon.core.testobject.ObjectRepository.findTestObject(Campaign_OR/Fields/d.checkbox_mobile_number), 1, OPTIONAL)): Object 'Object Repository/Campaign_OR/input_mobileno' is NOT visible

2018-07-24 15:06:05 - [MESSAGE][PASSED] - Object 'Object Repository/Campaign_OR/Fields/d.checkbox_mobile_number' is checked

2018-07-24 15:06:05 - [TEST_STEP][PASSED] - delay: Delayed 1 second(s)

2018-07-24 15:06:06 - [MESSAGE][PASSED] - Delayed 1 second(s)

2018-07-24 15:06:06 - [TEST_STEP][PASSED] - click: Object: 'Object Repository/Campaign_OR/Fields/d.checkbox_mobile_number' is clicked on

2018-07-24 15:06:06 - [MESSAGE][PASSED] - Object: 'Object Repository/Campaign_OR/Fields/d.checkbox_mobile_number' is clicked on

2018-07-24 15:06:06 - [TEST_STEP][PASSED] - verifyElementNotVisible: Object 'Object Repository/Campaign_OR/input_mobileno' is NOT visible

2018-07-24 15:06:06 - [MESSAGE][PASSED] - Object 'Object Repository/Campaign_OR/input_mobileno' is NOT visible

2018-07-24 15:06:06 - [TEST_STEP][PASSED] - Statement - verifyName = false: null

2018-07-24 15:06:06 - [TEST_STEP][PASSED] - Statement - If (radioName.toLowerCase() == "true"): null

2018-07-24 15:06:06 - [TEST_STEP][PASSED] - Statement - If (verifyName == true): null

2018-07-24 15:06:06 - [TEST_STEP][PASSED] - Statement - Else If (verifyName == false): Object 'Object Repository/Campaign_OR/input_name' is NOT visible

2018-07-24 15:06:06 - [TEST_STEP][PASSED] - Statement - If (com.kms.katalon.core.webui.keyword.WebUiBuiltInKeywords.verifyElementChecked(com.kms.katalon.core.testobject.ObjectRepository.findTestObject(Campaign_OR/Fields/e.checkbox_name), 1, OPTIONAL)): Object 'Object Repository/Campaign_OR/input_name' is NOT visible

2018-07-24 15:06:06 - [MESSAGE][PASSED] - Object 'Object Repository/Campaign_OR/Fields/e.checkbox_name' is checked

2018-07-24 15:06:06 - [TEST_STEP][PASSED] - delay: Delayed 1 second(s)

2018-07-24 15:06:07 - [MESSAGE][PASSED] - Delayed 1 second(s)

2018-07-24 15:06:07 - [TEST_STEP][PASSED] - click: Object: 'Object Repository/Campaign_OR/Fields/e.checkbox_name' is clicked on

2018-07-24 15:06:07 - [MESSAGE][PASSED] - Object: 'Object Repository/Campaign_OR/Fields/e.checkbox_name' is clicked on

2018-07-24 15:06:07 - [TEST_STEP][PASSED] - verifyElementNotVisible: Object 'Object Repository/Campaign_OR/input_name' is NOT visible

2018-07-24 15:06:07 - [MESSAGE][PASSED] - Object 'Object Repository/Campaign_OR/input_name' is NOT visible

2018-07-24 15:06:07 - [TEST_STEP][PASSED] - Statement - verifyGender = false: null

2018-07-24 15:06:07 - [TEST_STEP][PASSED] - Statement - If (radioGender.toLowerCase() == "true"): null

2018-07-24 15:06:07 - [TEST_STEP][PASSED] - Statement - If (verifyGender == true): null

2018-07-24 15:06:07 - [TEST_STEP][PASSED] - Statement - Else If (verifyGender == false): Object 'Object Repository/Campaign_OR/label_Female' is NOT visible

2018-07-24 15:06:07 - [TEST_STEP][PASSED] - Statement - If (com.kms.katalon.core.webui.keyword.WebUiBuiltInKeywords.verifyElementChecked(com.kms.katalon.core.testobject.ObjectRepository.findTestObject(Campaign_OR/Fields/f.checkbox_gender), 1, OPTIONAL)): Object 'Object Repository/Campaign_OR/label_Female' is NOT visible

2018-07-24 15:06:07 - [MESSAGE][PASSED] - Object 'Object Repository/Campaign_OR/Fields/f.checkbox_gender' is checked

2018-07-24 15:06:07 - [TEST_STEP][PASSED] - delay: Delayed 1 second(s)

2018-07-24 15:06:08 - [MESSAGE][PASSED] - Delayed 1 second(s)

2018-07-24 15:06:08 - [TEST_STEP][PASSED] - click: Object: 'Object Repository/Campaign_OR/Fields/f.checkbox_gender' is clicked on

2018-07-24 15:06:08 - [MESSAGE][PASSED] - Object: 'Object Repository/Campaign_OR/Fields/f.checkbox_gender' is clicked on

2018-07-24 15:06:08 - [TEST_STEP][PASSED] - verifyElementNotVisible: Object 'Object Repository/Campaign_OR/label_Male' is NOT visible

2018-07-24 15:06:08 - [MESSAGE][PASSED] - Object 'Object Repository/Campaign_OR/label_Male' is NOT visible

2018-07-24 15:06:08 - [TEST_STEP][PASSED] - verifyElementNotVisible: Object 'Object Repository/Campaign_OR/label_Female' is NOT visible

2018-07-24 15:06:08 - [MESSAGE][PASSED] - Object 'Object Repository/Campaign_OR/label_Female' is NOT visible

2018-07-24 15:06:08 - [TEST_STEP][PASSED] - Statement - verifyDOB = false: null

2018-07-24 15:06:08 - [TEST_STEP][PASSED] - Statement - If (radioDOB.toLowerCase() == "true"): null

2018-07-24 15:06:08 - [TEST_STEP][PASSED] - Statement - If (verifyDOB == true): null

2018-07-24 15:06:08 - [TEST_STEP][PASSED] - Statement - Else If (verifyDOB == false): Object 'Object Repository/Campaign_OR/input_datepicker' is NOT visible

2018-07-24 15:06:08 - [TEST_STEP][PASSED] - Statement - If (com.kms.katalon.core.webui.keyword.WebUiBuiltInKeywords.verifyElementChecked(com.kms.katalon.core.testobject.ObjectRepository.findTestObject(Campaign_OR/Fields/g.checkbox_dob), 1, OPTIONAL)): Object 'Object Repository/Campaign_OR/input_datepicker' is NOT visible

2018-07-24 15:06:08 - [MESSAGE][PASSED] - Object 'Object Repository/Campaign_OR/Fields/g.checkbox_dob' is checked

2018-07-24 15:06:08 - [TEST_STEP][PASSED] - delay: Delayed 1 second(s)

2018-07-24 15:06:09 - [MESSAGE][PASSED] - Delayed 1 second(s)

2018-07-24 15:06:09 - [TEST_STEP][PASSED] - click: Object: 'Object Repository/Campaign_OR/Fields/g.checkbox_dob' is clicked on

2018-07-24 15:06:09 - [MESSAGE][PASSED] - Object: 'Object Repository/Campaign_OR/Fields/g.checkbox_dob' is clicked on

2018-07-24 15:06:09 - [TEST_STEP][PASSED] - verifyElementNotVisible: Object 'Object Repository/Campaign_OR/input_datepicker' is NOT visible

2018-07-24 15:06:09 - [MESSAGE][PASSED] - Object 'Object Repository/Campaign_OR/input_datepicker' is NOT visible

2018-07-24 15:06:09 - [TEST_STEP][PASSED] - Statement - filepath = "": null

2018-07-24 15:06:09 - [TEST_STEP][PASSED] - Statement - If (os == "Windows"): null

2018-07-24 15:06:09 - [TEST_STEP][PASSED] - Statement - filepath = campaignImagePath: null

2018-07-24 15:06:09 - [TEST_STEP][PASSED] - Statement - verifyImgName = "": null

2018-07-24 15:06:09 - [TEST_STEP][PASSED] - Statement - uploadedImg = false: null

2018-07-24 15:06:09 - [TEST_STEP][PASSED] - Statement - If (filepath.trim() != "" && campaignImage.trim() != ""): null

2018-07-24 15:06:09 - [TEST_STEP][PASSED] - sendKeys: Keys 'C:\Users\kl.chan\Katalon Studio\boldreward\Images\Campaign Image\Oversize.png' sent to object: 'Object Repository/Campaign_OR/Fields/h.button_campaign_image_1'

2018-07-24 15:06:09 - [MESSAGE][PASSED] - Keys 'C:\Users\kl.chan\Katalon Studio\boldreward\Images\Campaign Image\Oversize.png' sent to object: 'Object Repository/Campaign_OR/Fields/h.button_campaign_image_1'

2018-07-24 15:06:09 - [TEST_STEP][PASSED] - delay: Delayed 1 second(s)

2018-07-24 15:06:10 - [MESSAGE][PASSED] - Delayed 1 second(s)

2018-07-24 15:06:10 - [TEST_STEP][PASSED] - Statement - If (com.kms.katalon.core.webui.keyword.WebUiBuiltInKeywords.waitForElementVisible(com.kms.katalon.core.testobject.ObjectRepository.findTestObject(Campaign_OR/uploadedCampaignImg), 30)): null

2018-07-24 15:06:10 - [MESSAGE][PASSED] - Object 'Object Repository/Campaign_OR/uploadedCampaignImg' is visible

2018-07-24 15:06:10 - [TEST_STEP][PASSED] - Statement - verifyImgName = com.kms.katalon.core.webui.keyword.WebUiBuiltInKeywords.getText(com.kms.katalon.core.testobject.ObjectRepository.findTestObject(Campaign_OR/uploadedCampaignImg)): Text of object 'Object Repository/Campaign_OR/uploadedCampaignImg' is: 'Oversize.png'

2018-07-24 15:06:10 - [MESSAGE][PASSED] - Text of object 'Object Repository/Campaign_OR/uploadedCampaignImg' is: 'Oversize.png'

2018-07-24 15:06:10 - [TEST_STEP][PASSED] - Statement - If (verifyImgName.equals(campaignImage) == true): null

2018-07-24 15:06:10 - [TEST_STEP][PASSED] - Statement - uploadedImg = true: null

2018-07-24 15:06:10 - [TEST_STEP][PASSED] - setText: Text 'http://www.starbucks.com.my/' is set on object 'Object Repository/Campaign_OR/Fields/i.k.input_tnc'

2018-07-24 15:06:11 - [MESSAGE][PASSED] - Text 'http://www.starbucks.com.my/' is set on object 'Object Repository/Campaign_OR/Fields/i.k.input_tnc'

2018-07-24 15:06:11 - [TEST_STEP][PASSED] - setText: Text 'kl.chanRnEM@macrokiosk.com' is set on object 'Object Repository/Campaign_OR/Fields/j.input_sender'

2018-07-24 15:06:11 - [MESSAGE][PASSED] - Text 'kl.chanRnEM@macrokiosk.com' is set on object 'Object Repository/Campaign_OR/Fields/j.input_sender'

2018-07-24 15:06:11 - [TEST_STEP][PASSED] - setText: Text 'Starbucks Reserve @ SITRnEM' is set on object 'Object Repository/Campaign_OR/Fields/k.input_subject'

2018-07-24 15:06:11 - [MESSAGE][PASSED] - Text 'Starbucks Reserve @ SITRnEM' is set on object 'Object Repository/Campaign_OR/Fields/k.input_subject'

2018-07-24 15:06:11 - [TEST_STEP][PASSED] - setText: Text 'Hello User, Welcome to our Starbucks Reserve @ SIT. Come subscribe with us and redeem more rewards.RnEM' is set on object 'Object Repository/Campaign_OR/Fields/l.textarea_content'

2018-07-24 15:06:12 - [MESSAGE][PASSED] - Text 'Hello User, Welcome to our Starbucks Reserve @ SIT. Come subscribe with us and redeem more rewards.RnEM' is set on object 'Object Repository/Campaign_OR/Fields/l.textarea_content'

2018-07-24 15:06:12 - [TEST_STEP][PASSED] - Statement - filepath = "": null

2018-07-24 15:06:12 - [TEST_STEP][PASSED] - Statement - If (os == "Windows"): null

2018-07-24 15:06:12 - [TEST_STEP][PASSED] - Statement - filepath = companyLogoPath: null

2018-07-24 15:06:12 - [TEST_STEP][PASSED] - Statement - verifyImgName = "": null

2018-07-24 15:06:12 - [TEST_STEP][PASSED] - Statement - uploadedImg = false: null

2018-07-24 15:06:12 - [TEST_STEP][PASSED] - Statement - reuploadCount = 0: null

2018-07-24 15:06:12 - [TEST_STEP][PASSED] - Statement - If (filepath.trim() != "" && companyLogo.trim() != ""): null

2018-07-24 15:06:12 - [TEST_STEP][PASSED] - sendKeys: Keys 'C:\Users\kl.chan\Katalon Studio\boldreward\Images\Company Logo\starbucks logo.jpg' sent to object: 'Object Repository/Campaign_OR/Fields/m.button_company_logo_1'

2018-07-24 15:06:12 - [MESSAGE][PASSED] - Keys 'C:\Users\kl.chan\Katalon Studio\boldreward\Images\Company Logo\starbucks logo.jpg' sent to object: 'Object Repository/Campaign_OR/Fields/m.button_company_logo_1'

2018-07-24 15:06:12 - [TEST_STEP][PASSED] - delay: Delayed 1 second(s)

2018-07-24 15:06:13 - [MESSAGE][PASSED] - Delayed 1 second(s)

2018-07-24 15:06:13 - [TEST_STEP][PASSED] - Statement - If (com.kms.katalon.core.webui.keyword.WebUiBuiltInKeywords.waitForElementVisible(com.kms.katalon.core.testobject.ObjectRepository.findTestObject(Campaign_OR/uploadedCompanyLogo), 30)): null

2018-07-24 15:06:13 - [MESSAGE][PASSED] - Object 'Object Repository/Campaign_OR/uploadedCompanyLogo' is visible

2018-07-24 15:06:13 - [TEST_STEP][PASSED] - Statement - verifyImgName = com.kms.katalon.core.webui.keyword.WebUiBuiltInKeywords.getText(com.kms.katalon.core.testobject.ObjectRepository.findTestObject(Campaign_OR/uploadedCompanyLogo)): Text of object 'Object Repository/Campaign_OR/uploadedCompanyLogo' is: 'starbucks logo.jpg'

2018-07-24 15:06:13 - [MESSAGE][PASSED] - Text of object 'Object Repository/Campaign_OR/uploadedCompanyLogo' is: 'starbucks logo.jpg'

2018-07-24 15:06:13 - [TEST_STEP][PASSED] - Statement - If (verifyImgName.equals(companyLogo) == true): null

2018-07-24 15:06:13 - [TEST_STEP][PASSED] - Statement - uploadedImg = true: null

2018-07-24 15:06:13 - [TEST_STEP][PASSED] - Statement - If (rewardCode == true): null

2018-07-24 15:06:13 - [TEST_STEP][PASSED] - Statement - Else If (rewardCode == false): Object: 'Object Repository/Campaign_OR/Fields/n.label_No' is clicked on

2018-07-24 15:06:13 - [TEST_STEP][PASSED] - click: Object: 'Object Repository/Campaign_OR/Fields/n.label_No' is clicked on

2018-07-24 15:06:13 - [MESSAGE][PASSED] - Object: 'Object Repository/Campaign_OR/Fields/n.label_No' is clicked on

2018-07-24 15:06:13 - [TEST_STEP][PASSED] - verifyElementChecked: Object 'Object Repository/Campaign_OR/Fields/radio_No' is checked

2018-07-24 15:06:13 - [MESSAGE][PASSED] - Object 'Object Repository/Campaign_OR/Fields/radio_No' is checked

2018-07-24 15:06:13 - [TEST_STEP][PASSED] - verifyElementChecked: Object 'Object Repository/Campaign_OR/Fields/radio_Yes' is not checked

2018-07-24 15:06:13 - [MESSAGE][WARNING] - Object 'Object Repository/Campaign_OR/Fields/radio_Yes' is not checked
[[ATTACHMENT|C:\\Users\\kl.chan\\Katalon Studio\\boldreward\\Reports\\TS_Create_Campaign\\TS002 Edit Campaign with negative testing\\20180724_145748\\1532415973297.png]]

2018-07-24 15:06:13 - [TEST_STEP][PASSED] - click: Object: 'Object Repository/Campaign_OR/button_Save' is clicked on

2018-07-24 15:06:13 - [MESSAGE][PASSED] - Object: 'Object Repository/Campaign_OR/button_Save' is clicked on

2018-07-24 15:06:13 - [TEST_STEP][PASSED] - delay: Delayed 2 second(s)

2018-07-24 15:06:15 - [MESSAGE][PASSED] - Delayed 2 second(s)

2018-07-24 15:06:15 - [MESSAGE][PASSED] - Call Test Case 'Test Cases/Merchant Portal/Campaign/Campagin Modules/create campaign' successfully

2018-07-24 15:06:15 - [TEST_STEP][PASSED] - Statement - updateFailed = false: null

2018-07-24 15:06:15 - [TEST_STEP][PASSED] - Statement - If (com.kms.katalon.core.webui.keyword.WebUiBuiltInKeywords.waitForElementVisible(com.kms.katalon.core.testobject.ObjectRepository.findTestObject(a.Not_Assigned_OR/alert_msg_top), 3)): null

2018-07-24 15:06:15 - [MESSAGE][PASSED] - Object 'Object Repository/a.Not_Assigned_OR/alert_msg_top' is visible

2018-07-24 15:06:15 - [TEST_STEP][PASSED] - Statement - verifyPopoutMsg = com.kms.katalon.core.webui.keyword.WebUiBuiltInKeywords.getText(com.kms.katalon.core.testobject.ObjectRepository.findTestObject(a.Not_Assigned_OR/alert_msg_top)): Text of object 'Object Repository/a.Not_Assigned_OR/alert_msg_top' is: 'Oops! Invalid inputs, please try again.'

2018-07-24 15:06:15 - [MESSAGE][PASSED] - Text of object 'Object Repository/a.Not_Assigned_OR/alert_msg_top' is: 'Oops! Invalid inputs, please try again.'

2018-07-24 15:06:15 - [TEST_STEP][PASSED] - Statement - If (verifyPopoutMsg.equals(msgServer) == true): null

2018-07-24 15:06:15 - [TEST_STEP][PASSED] - Statement - updateFailed = true: null

2018-07-24 15:06:15 - [TEST_STEP][PASSED] - Statement - updateSuccess = false: null

2018-07-24 15:06:15 - [TEST_STEP][PASSED] - Statement - If (com.kms.katalon.core.webui.keyword.WebUiBuiltInKeywords.waitForElementVisible(com.kms.katalon.core.testobject.ObjectRepository.findTestObject(Campaign_OR/Error Message/msg_edit_success), 3)): Web element with id: 'Object Repository/Campaign_OR/Error Message/msg_edit_success' located by 'By.xpath: id("errorMessage")/p[@class="error-block"]' not found

2018-07-24 15:06:18 - [MESSAGE][WARNING] - Web element with id: 'Object Repository/Campaign_OR/Error Message/msg_edit_success' located by 'By.xpath: id("errorMessage")/p[@class="error-block"]' not found

2018-07-24 15:06:18 - [TEST_STEP][PASSED] - Statement - createSuccess = false: null

2018-07-24 15:06:18 - [TEST_STEP][PASSED] - Statement - If (com.kms.katalon.core.webui.keyword.WebUiBuiltInKeywords.waitForElementVisible(com.kms.katalon.core.testobject.ObjectRepository.findTestObject(Home_OR/label_home), 3)): Web element with id: 'Object Repository/Home_OR/label_home' located by 'By.xpath: id("wrapper")/div[@class="content-page"]/div[@class="content"]/div[@class="ng-scope"]/div[@class="ng-scope"]/div[@class="page-heading"]/h1[1][count(. | //h1[(text() = ' Home' or . = ' Home')]) = count(//h1[(text() = ' Home' or . = ' Home')])]' not found

2018-07-24 15:06:21 - [MESSAGE][WARNING] - Web element with id: 'Object Repository/Home_OR/label_home' located by 'By.xpath: id("wrapper")/div[@class="content-page"]/div[@class="content"]/div[@class="ng-scope"]/div[@class="ng-scope"]/div[@class="page-heading"]/h1[1][count(. | //h1[(text() = ' Home' or . = ' Home')]) = count(//h1[(text() = ' Home' or . = ' Home')])]' not found

2018-07-24 15:06:21 - [TEST_STEP][PASSED] - Statement - If (updateSuccess == true): null

2018-07-24 15:06:21 - [TEST_STEP][PASSED] - Statement - Else If (updateFailed == true): null

2018-07-24 15:06:21 - [TEST_STEP][PASSED] - Statement - verifyError = false: null

2018-07-24 15:06:21 - [TEST_STEP][PASSED] - Statement - If (companyName.trim() == ""): null

2018-07-24 15:06:21 - [TEST_STEP][PASSED] - Statement - If (campaignInstruc.trim() == ""): null

2018-07-24 15:06:21 - [TEST_STEP][PASSED] - Statement - If (radioEmail.toLowerCase() == "false"): null

2018-07-24 15:06:21 - [TEST_STEP][PASSED] - Statement - campaignImgName = com.kms.katalon.core.webui.keyword.WebUiBuiltInKeywords.getText(com.kms.katalon.core.testobject.ObjectRepository.findTestObject(Campaign_OR/uploadedCampaignImg)): Text of object 'Object Repository/Campaign_OR/uploadedCampaignImg' is: 'Oversize.png'

2018-07-24 15:06:21 - [MESSAGE][PASSED] - Text of object 'Object Repository/Campaign_OR/uploadedCampaignImg' is: 'Oversize.png'

2018-07-24 15:06:21 - [TEST_STEP][PASSED] - Statement - If (campaignImgName == ""): null

2018-07-24 15:06:21 - [TEST_STEP][PASSED] - Statement - If (emailSender.trim() == ""): null

2018-07-24 15:06:21 - [TEST_STEP][PASSED] - Statement - If (emailSubject.trim() == ""): null

2018-07-24 15:06:21 - [TEST_STEP][PASSED] - Statement - If (emailContent.trim() == ""): null

2018-07-24 15:06:21 - [TEST_STEP][PASSED] - Statement - companyLogoName = com.kms.katalon.core.webui.keyword.WebUiBuiltInKeywords.getText(com.kms.katalon.core.testobject.ObjectRepository.findTestObject(Campaign_OR/uploadedCompanyLogo)): Text of object 'Object Repository/Campaign_OR/uploadedCompanyLogo' is: 'starbucks logo.jpg'

2018-07-24 15:06:21 - [MESSAGE][PASSED] - Text of object 'Object Repository/Campaign_OR/uploadedCompanyLogo' is: 'starbucks logo.jpg'

2018-07-24 15:06:21 - [TEST_STEP][PASSED] - Statement - If (companyLogoName == ""): null

2018-07-24 15:06:21 - [TEST_STEP][PASSED] - Statement - If (com.kms.katalon.core.webui.keyword.WebUiBuiltInKeywords.waitForElementVisible(com.kms.katalon.core.testobject.ObjectRepository.findTestObject(Campaign_OR/Error Message/msg_cpgn_image2), 2)): null

2018-07-24 15:06:21 - [MESSAGE][PASSED] - Object 'Object Repository/Campaign_OR/Error Message/msg_cpgn_image2' is visible

2018-07-24 15:06:21 - [TEST_STEP][PASSED] - Statement - verifyCampaignImgError = com.kms.katalon.core.webui.keyword.WebUiBuiltInKeywords.getText(com.kms.katalon.core.testobject.ObjectRepository.findTestObject(Campaign_OR/Error Message/msg_cpgn_image2)): Text of object 'Object Repository/Campaign_OR/Error Message/msg_cpgn_image2' is: 'Invalid image size'

2018-07-24 15:06:21 - [MESSAGE][PASSED] - Text of object 'Object Repository/Campaign_OR/Error Message/msg_cpgn_image2' is: 'Invalid image size'

2018-07-24 15:06:21 - [TEST_STEP][PASSED] - Statement - If (verifyCampaignImgError.equals(msgInvalidSize)): null

2018-07-24 15:06:21 - [TEST_STEP][PASSED] - Statement - verifyError = true: null

2018-07-24 15:06:21 - [TEST_STEP][PASSED] - Statement - If (com.kms.katalon.core.webui.keyword.WebUiBuiltInKeywords.waitForElementVisible(com.kms.katalon.core.testobject.ObjectRepository.findTestObject(Campaign_OR/Error Message/msg_TCURL), 2)): Web element with id: 'Object Repository/Campaign_OR/Error Message/msg_TCURL' located by 'By.xpath: id("wrapper")/div[@class="content-page"]/div[@class="content"]/div[@class="ng-scope"]/div[@class="row ng-scope"]/div[@class="col-md-7"]/div[@class="widget"]/div[@class="widget-content padding"]/div[@class="form-horizontal"]/div[@class="form-group"]/div[@id="tncUrl"]/p[@class="error-block"][count(. | //p[(text() = 'Invalid format, please follow as http://wwww.example.com' or . = 'Invalid format, please follow as http://wwww.example.com')]) = count(//p[(text() = 'Invalid format, please follow as http://wwww.example.com' or . = 'Invalid format, please follow as http://wwww.example.com')])]' not found

2018-07-24 15:06:23 - [MESSAGE][WARNING] - Web element with id: 'Object Repository/Campaign_OR/Error Message/msg_TCURL' located by 'By.xpath: id("wrapper")/div[@class="content-page"]/div[@class="content"]/div[@class="ng-scope"]/div[@class="row ng-scope"]/div[@class="col-md-7"]/div[@class="widget"]/div[@class="widget-content padding"]/div[@class="form-horizontal"]/div[@class="form-group"]/div[@id="tncUrl"]/p[@class="error-block"][count(. | //p[(text() = 'Invalid format, please follow as http://wwww.example.com' or . = 'Invalid format, please follow as http://wwww.example.com')]) = count(//p[(text() = 'Invalid format, please follow as http://wwww.example.com' or . = 'Invalid format, please follow as http://wwww.example.com')])]' not found

2018-07-24 15:06:23 - [TEST_STEP][PASSED] - Statement - If (emailSender.trim() != ""): Web element with id: 'Object Repository/Campaign_OR/Error Message/msg_sender' located by 'By.xpath: id("emailSender")/p[@class="error-block"]' not found

2018-07-24 15:06:23 - [TEST_STEP][PASSED] - Statement - If (com.kms.katalon.core.webui.keyword.WebUiBuiltInKeywords.waitForElementVisible(com.kms.katalon.core.testobject.ObjectRepository.findTestObject(Campaign_OR/Error Message/msg_sender), 2)): Web element with id: 'Object Repository/Campaign_OR/Error Message/msg_sender' located by 'By.xpath: id("emailSender")/p[@class="error-block"]' not found

2018-07-24 15:06:25 - [MESSAGE][WARNING] - Web element with id: 'Object Repository/Campaign_OR/Error Message/msg_sender' located by 'By.xpath: id("emailSender")/p[@class="error-block"]' not found

2018-07-24 15:06:25 - [TEST_STEP][PASSED] - Statement - If (com.kms.katalon.core.webui.keyword.WebUiBuiltInKeywords.waitForElementVisible(com.kms.katalon.core.testobject.ObjectRepository.findTestObject(Campaign_OR/Error Message/msg_company_logo), 2)): Web element with id: 'Object Repository/Campaign_OR/Error Message/msg_company_logo' located by 'By.xpath: id("companyLogo")/p[@class="error-block ng-binding"][count(. | //p[@class = 'error-block ng-binding' and @ng-hide = 'CC.errorLogo == 200 || CC.errorLogo == undefined']) = count(//p[@class = 'error-block ng-binding' and @ng-hide = 'CC.errorLogo == 200 || CC.errorLogo == undefined'])]' not found

2018-07-24 15:06:28 - [MESSAGE][WARNING] - Web element with id: 'Object Repository/Campaign_OR/Error Message/msg_company_logo' located by 'By.xpath: id("companyLogo")/p[@class="error-block ng-binding"][count(. | //p[@class = 'error-block ng-binding' and @ng-hide = 'CC.errorLogo == 200 || CC.errorLogo == undefined']) = count(//p[@class = 'error-block ng-binding' and @ng-hide = 'CC.errorLogo == 200 || CC.errorLogo == undefined'])]' not found

2018-07-24 15:06:28 - [TEST_STEP][PASSED] - refresh: Refresh successfully

2018-07-24 15:06:28 - [MESSAGE][PASSED] - Refresh successfully

2018-07-24 15:06:28 - [TEST_STEP][PASSED] - Statement - If (verifyError == false): null]]></system-out>
         <system-err><![CDATA[]]></system-err>
      </testcase>
      <testcase name="Test Cases/Merchant Portal/Campaign/TC001 Campaign - verify all case" classname="Test Cases/Merchant Portal/Campaign/TC001 Campaign - verify all case" status="PASSED">
         <system-out><![CDATA[2018-07-24 15:06:28 - [TEST_CASE][PASSED] - Test Cases/Merchant Portal/Campaign/TC001 Campaign - verify all case: Test Cases/Merchant Portal/Campaign/TC001 Campaign - verify all case

2018-07-24 15:06:28 - [TEST_STEP][PASSED] - Statement - randomWords = CustomKeywords.randomWords.GenerateNumber.randomString(4): randomWords.GenerateNumber.randomString is PASSED

2018-07-24 15:06:28 - [MESSAGE][PASSED] - randomWords.GenerateNumber.randomString is PASSED

2018-07-24 15:06:28 - [TEST_STEP][PASSED] - Statement - If (companyName.trim() != ""): null

2018-07-24 15:06:28 - [TEST_STEP][PASSED] - Statement - companyName = companyName + randomWords: null

2018-07-24 15:06:28 - [TEST_STEP][PASSED] - Statement - If (campaignInstruc.trim() != ""): null

2018-07-24 15:06:28 - [TEST_STEP][PASSED] - Statement - campaignInstruc = campaignInstruc + randomWords: null

2018-07-24 15:06:28 - [TEST_STEP][PASSED] - Statement - If (emailSender.trim() != ""): null

2018-07-24 15:06:28 - [TEST_STEP][PASSED] - Statement - email = emailSender: null

2018-07-24 15:06:28 - [TEST_STEP][PASSED] - Statement - splitEmail = email.split("@"): null

2018-07-24 15:06:28 - [TEST_STEP][PASSED] - Statement - numb = length: null

2018-07-24 15:06:28 - [TEST_STEP][PASSED] - Statement - If (numb > 1): null

2018-07-24 15:06:28 - [TEST_STEP][PASSED] - Statement - emailSender = splitEmail[0] + randomWords + "@" + splitEmail[1]: null

2018-07-24 15:06:28 - [TEST_STEP][PASSED] - Statement - If (emailSubject.trim() != ""): null

2018-07-24 15:06:28 - [TEST_STEP][PASSED] - Statement - emailSubject = emailSubject + randomWords: null

2018-07-24 15:06:28 - [TEST_STEP][PASSED] - Statement - If (emailContent.trim() != ""): null

2018-07-24 15:06:28 - [TEST_STEP][PASSED] - Statement - emailContent = emailContent + randomWords: null

2018-07-24 15:06:28 - [TEST_STEP][PASSED] - callTestCase: Call Test Case 'Test Cases/Merchant Portal/Campaign/Campagin Modules/create campaign' successfully

2018-07-24 15:06:28 - [TEST_CASE][PASSED] - Test Cases/Merchant Portal/Campaign/Campagin Modules/create campaign: Test Cases/Merchant Portal/Campaign/Campagin Modules/create campaign

2018-07-24 15:06:28 - [TEST_STEP][PASSED] - Statement - osName = "": null

2018-07-24 15:06:28 - [TEST_STEP][PASSED] - Statement - osName = CustomKeywords.os.DetectOS.getOperatingSystem(osName): os.DetectOS.getOperatingSystem is PASSED

2018-07-24 15:06:28 - [MESSAGE][PASSED] - os.DetectOS.getOperatingSystem is PASSED

2018-07-24 15:06:28 - [TEST_STEP][PASSED] - Statement - splitString = osName.split(): null

2018-07-24 15:06:28 - [TEST_STEP][PASSED] - Statement - os = splitString[0].toString(): null

2018-07-24 15:06:28 - [TEST_STEP][PASSED] - Statement - If (loggedin == false): null

2018-07-24 15:06:28 - [TEST_STEP][PASSED] - Statement - If (accessModule == false): null

2018-07-24 15:06:28 - [TEST_STEP][PASSED] - delay: Delayed 5 second(s)

2018-07-24 15:06:33 - [MESSAGE][PASSED] - Delayed 5 second(s)

2018-07-24 15:06:33 - [TEST_STEP][PASSED] - setText: Text 'Starbucks Reserve Ltd5dVN' is set on object 'Object Repository/Campaign_OR/Fields/a.input_company_name'

2018-07-24 15:06:34 - [MESSAGE][PASSED] - Text 'Starbucks Reserve Ltd5dVN' is set on object 'Object Repository/Campaign_OR/Fields/a.input_company_name'

2018-07-24 15:06:34 - [TEST_STEP][PASSED] - setText: Text 'Please subscribe with us and redeem a free coffee. Come join us now!5dVN' is set on object 'Object Repository/Campaign_OR/Fields/b.textarea_campaign_instruction'

2018-07-24 15:06:34 - [MESSAGE][PASSED] - Text 'Please subscribe with us and redeem a free coffee. Come join us now!5dVN' is set on object 'Object Repository/Campaign_OR/Fields/b.textarea_campaign_instruction'

2018-07-24 15:06:34 - [TEST_STEP][PASSED] - Statement - verifyEmail = false: null

2018-07-24 15:06:34 - [TEST_STEP][PASSED] - Statement - If (radioEmail.toLowerCase() == "true"): null

2018-07-24 15:06:34 - [TEST_STEP][PASSED] - Statement - verifyEmail = true: null

2018-07-24 15:06:34 - [TEST_STEP][PASSED] - Statement - If (verifyEmail == true): Object 'Object Repository/Campaign_OR/input_email' is visible

2018-07-24 15:06:34 - [TEST_STEP][PASSED] - Statement - If (com.kms.katalon.core.webui.keyword.WebUiBuiltInKeywords.verifyElementNotChecked(com.kms.katalon.core.testobject.ObjectRepository.findTestObject(Campaign_OR/Fields/c.checkbox_email), 1, OPTIONAL)): Object 'Object Repository/Campaign_OR/Fields/c.checkbox_email' is checked

2018-07-24 15:06:34 - [MESSAGE][WARNING] - Object 'Object Repository/Campaign_OR/Fields/c.checkbox_email' is checked
[[ATTACHMENT|C:\\Users\\kl.chan\\Katalon Studio\\boldreward\\Reports\\TS_Create_Campaign\\TS002 Edit Campaign with negative testing\\20180724_145748\\1532415994627.png]]

2018-07-24 15:06:34 - [TEST_STEP][PASSED] - Statement - Else: Object 'Object Repository/Campaign_OR/input_email' is visible

2018-07-24 15:06:34 - [TEST_STEP][PASSED] - verifyElementVisible: Object 'Object Repository/Campaign_OR/input_email' is visible

2018-07-24 15:06:34 - [MESSAGE][PASSED] - Object 'Object Repository/Campaign_OR/input_email' is visible

2018-07-24 15:06:34 - [TEST_STEP][PASSED] - Statement - verifyMobileno = false: null

2018-07-24 15:06:34 - [TEST_STEP][PASSED] - Statement - If (radioMobileno.toLowerCase() == "true"): null

2018-07-24 15:06:34 - [TEST_STEP][PASSED] - Statement - If (verifyMobileno == true): null

2018-07-24 15:06:34 - [TEST_STEP][PASSED] - Statement - Else If (verifyMobileno == false): Object 'Object Repository/Campaign_OR/input_mobileno' is NOT visible

2018-07-24 15:06:34 - [TEST_STEP][PASSED] - Statement - If (com.kms.katalon.core.webui.keyword.WebUiBuiltInKeywords.verifyElementChecked(com.kms.katalon.core.testobject.ObjectRepository.findTestObject(Campaign_OR/Fields/d.checkbox_mobile_number), 1, OPTIONAL)): Object 'Object Repository/Campaign_OR/input_mobileno' is NOT visible

2018-07-24 15:06:34 - [MESSAGE][PASSED] - Object 'Object Repository/Campaign_OR/Fields/d.checkbox_mobile_number' is checked

2018-07-24 15:06:34 - [TEST_STEP][PASSED] - delay: Delayed 1 second(s)

2018-07-24 15:06:35 - [MESSAGE][PASSED] - Delayed 1 second(s)

2018-07-24 15:06:35 - [TEST_STEP][PASSED] - click: Object: 'Object Repository/Campaign_OR/Fields/d.checkbox_mobile_number' is clicked on

2018-07-24 15:06:36 - [MESSAGE][PASSED] - Object: 'Object Repository/Campaign_OR/Fields/d.checkbox_mobile_number' is clicked on

2018-07-24 15:06:36 - [TEST_STEP][PASSED] - verifyElementNotVisible: Object 'Object Repository/Campaign_OR/input_mobileno' is NOT visible

2018-07-24 15:06:36 - [MESSAGE][PASSED] - Object 'Object Repository/Campaign_OR/input_mobileno' is NOT visible

2018-07-24 15:06:36 - [TEST_STEP][PASSED] - Statement - verifyName = false: null

2018-07-24 15:06:36 - [TEST_STEP][PASSED] - Statement - If (radioName.toLowerCase() == "true"): null

2018-07-24 15:06:36 - [TEST_STEP][PASSED] - Statement - If (verifyName == true): null

2018-07-24 15:06:36 - [TEST_STEP][PASSED] - Statement - Else If (verifyName == false): Object 'Object Repository/Campaign_OR/input_name' is NOT visible

2018-07-24 15:06:36 - [TEST_STEP][PASSED] - Statement - If (com.kms.katalon.core.webui.keyword.WebUiBuiltInKeywords.verifyElementChecked(com.kms.katalon.core.testobject.ObjectRepository.findTestObject(Campaign_OR/Fields/e.checkbox_name), 1, OPTIONAL)): Object 'Object Repository/Campaign_OR/input_name' is NOT visible

2018-07-24 15:06:36 - [MESSAGE][PASSED] - Object 'Object Repository/Campaign_OR/Fields/e.checkbox_name' is checked

2018-07-24 15:06:36 - [TEST_STEP][PASSED] - delay: Delayed 1 second(s)

2018-07-24 15:06:37 - [MESSAGE][PASSED] - Delayed 1 second(s)

2018-07-24 15:06:37 - [TEST_STEP][PASSED] - click: Object: 'Object Repository/Campaign_OR/Fields/e.checkbox_name' is clicked on

2018-07-24 15:06:37 - [MESSAGE][PASSED] - Object: 'Object Repository/Campaign_OR/Fields/e.checkbox_name' is clicked on

2018-07-24 15:06:37 - [TEST_STEP][PASSED] - verifyElementNotVisible: Object 'Object Repository/Campaign_OR/input_name' is NOT visible

2018-07-24 15:06:37 - [MESSAGE][PASSED] - Object 'Object Repository/Campaign_OR/input_name' is NOT visible

2018-07-24 15:06:37 - [TEST_STEP][PASSED] - Statement - verifyGender = false: null

2018-07-24 15:06:37 - [TEST_STEP][PASSED] - Statement - If (radioGender.toLowerCase() == "true"): null

2018-07-24 15:06:37 - [TEST_STEP][PASSED] - Statement - If (verifyGender == true): null

2018-07-24 15:06:37 - [TEST_STEP][PASSED] - Statement - Else If (verifyGender == false): Object 'Object Repository/Campaign_OR/label_Female' is NOT visible

2018-07-24 15:06:37 - [TEST_STEP][PASSED] - Statement - If (com.kms.katalon.core.webui.keyword.WebUiBuiltInKeywords.verifyElementChecked(com.kms.katalon.core.testobject.ObjectRepository.findTestObject(Campaign_OR/Fields/f.checkbox_gender), 1, OPTIONAL)): Object 'Object Repository/Campaign_OR/label_Female' is NOT visible

2018-07-24 15:06:37 - [MESSAGE][PASSED] - Object 'Object Repository/Campaign_OR/Fields/f.checkbox_gender' is checked

2018-07-24 15:06:37 - [TEST_STEP][PASSED] - delay: Delayed 1 second(s)

2018-07-24 15:06:38 - [MESSAGE][PASSED] - Delayed 1 second(s)

2018-07-24 15:06:38 - [TEST_STEP][PASSED] - click: Object: 'Object Repository/Campaign_OR/Fields/f.checkbox_gender' is clicked on

2018-07-24 15:06:38 - [MESSAGE][PASSED] - Object: 'Object Repository/Campaign_OR/Fields/f.checkbox_gender' is clicked on

2018-07-24 15:06:38 - [TEST_STEP][PASSED] - verifyElementNotVisible: Object 'Object Repository/Campaign_OR/label_Male' is NOT visible

2018-07-24 15:06:38 - [MESSAGE][PASSED] - Object 'Object Repository/Campaign_OR/label_Male' is NOT visible

2018-07-24 15:06:38 - [TEST_STEP][PASSED] - verifyElementNotVisible: Object 'Object Repository/Campaign_OR/label_Female' is NOT visible

2018-07-24 15:06:38 - [MESSAGE][PASSED] - Object 'Object Repository/Campaign_OR/label_Female' is NOT visible

2018-07-24 15:06:38 - [TEST_STEP][PASSED] - Statement - verifyDOB = false: null

2018-07-24 15:06:38 - [TEST_STEP][PASSED] - Statement - If (radioDOB.toLowerCase() == "true"): null

2018-07-24 15:06:38 - [TEST_STEP][PASSED] - Statement - If (verifyDOB == true): null

2018-07-24 15:06:38 - [TEST_STEP][PASSED] - Statement - Else If (verifyDOB == false): Object 'Object Repository/Campaign_OR/input_datepicker' is NOT visible

2018-07-24 15:06:38 - [TEST_STEP][PASSED] - Statement - If (com.kms.katalon.core.webui.keyword.WebUiBuiltInKeywords.verifyElementChecked(com.kms.katalon.core.testobject.ObjectRepository.findTestObject(Campaign_OR/Fields/g.checkbox_dob), 1, OPTIONAL)): Object 'Object Repository/Campaign_OR/input_datepicker' is NOT visible

2018-07-24 15:06:38 - [MESSAGE][PASSED] - Object 'Object Repository/Campaign_OR/Fields/g.checkbox_dob' is checked

2018-07-24 15:06:38 - [TEST_STEP][PASSED] - delay: Delayed 1 second(s)

2018-07-24 15:06:39 - [MESSAGE][PASSED] - Delayed 1 second(s)

2018-07-24 15:06:39 - [TEST_STEP][PASSED] - click: Object: 'Object Repository/Campaign_OR/Fields/g.checkbox_dob' is clicked on

2018-07-24 15:06:39 - [MESSAGE][PASSED] - Object: 'Object Repository/Campaign_OR/Fields/g.checkbox_dob' is clicked on

2018-07-24 15:06:39 - [TEST_STEP][PASSED] - verifyElementNotVisible: Object 'Object Repository/Campaign_OR/input_datepicker' is NOT visible

2018-07-24 15:06:39 - [MESSAGE][PASSED] - Object 'Object Repository/Campaign_OR/input_datepicker' is NOT visible

2018-07-24 15:06:39 - [TEST_STEP][PASSED] - Statement - filepath = "": null

2018-07-24 15:06:39 - [TEST_STEP][PASSED] - Statement - If (os == "Windows"): null

2018-07-24 15:06:39 - [TEST_STEP][PASSED] - Statement - filepath = campaignImagePath: null

2018-07-24 15:06:39 - [TEST_STEP][PASSED] - Statement - verifyImgName = "": null

2018-07-24 15:06:39 - [TEST_STEP][PASSED] - Statement - uploadedImg = false: null

2018-07-24 15:06:39 - [TEST_STEP][PASSED] - Statement - If (filepath.trim() != "" && campaignImage.trim() != ""): null

2018-07-24 15:06:39 - [TEST_STEP][PASSED] - sendKeys: Keys 'C:\Users\kl.chan\Katalon Studio\boldreward\Images\Campaign Image\Boldtag.txt' sent to object: 'Object Repository/Campaign_OR/Fields/h.button_campaign_image_1'

2018-07-24 15:06:39 - [MESSAGE][PASSED] - Keys 'C:\Users\kl.chan\Katalon Studio\boldreward\Images\Campaign Image\Boldtag.txt' sent to object: 'Object Repository/Campaign_OR/Fields/h.button_campaign_image_1'

2018-07-24 15:06:39 - [TEST_STEP][PASSED] - delay: Delayed 1 second(s)

2018-07-24 15:06:40 - [MESSAGE][PASSED] - Delayed 1 second(s)

2018-07-24 15:06:40 - [TEST_STEP][PASSED] - Statement - If (com.kms.katalon.core.webui.keyword.WebUiBuiltInKeywords.waitForElementVisible(com.kms.katalon.core.testobject.ObjectRepository.findTestObject(Campaign_OR/uploadedCampaignImg), 30)): null

2018-07-24 15:06:40 - [MESSAGE][PASSED] - Object 'Object Repository/Campaign_OR/uploadedCampaignImg' is visible

2018-07-24 15:06:40 - [TEST_STEP][PASSED] - Statement - verifyImgName = com.kms.katalon.core.webui.keyword.WebUiBuiltInKeywords.getText(com.kms.katalon.core.testobject.ObjectRepository.findTestObject(Campaign_OR/uploadedCampaignImg)): Text of object 'Object Repository/Campaign_OR/uploadedCampaignImg' is: 'Boldtag.txt'

2018-07-24 15:06:40 - [MESSAGE][PASSED] - Text of object 'Object Repository/Campaign_OR/uploadedCampaignImg' is: 'Boldtag.txt'

2018-07-24 15:06:40 - [TEST_STEP][PASSED] - Statement - If (verifyImgName.equals(campaignImage) == true): null

2018-07-24 15:06:40 - [TEST_STEP][PASSED] - Statement - uploadedImg = true: null

2018-07-24 15:06:40 - [TEST_STEP][PASSED] - setText: Text 'http://www.starbucks.com.my/' is set on object 'Object Repository/Campaign_OR/Fields/i.k.input_tnc'

2018-07-24 15:06:40 - [MESSAGE][PASSED] - Text 'http://www.starbucks.com.my/' is set on object 'Object Repository/Campaign_OR/Fields/i.k.input_tnc'

2018-07-24 15:06:40 - [TEST_STEP][PASSED] - setText: Text 'kl.chan5dVN@macrokiosk.com' is set on object 'Object Repository/Campaign_OR/Fields/j.input_sender'

2018-07-24 15:06:41 - [MESSAGE][PASSED] - Text 'kl.chan5dVN@macrokiosk.com' is set on object 'Object Repository/Campaign_OR/Fields/j.input_sender'

2018-07-24 15:06:41 - [TEST_STEP][PASSED] - setText: Text 'Starbucks Reserve @ SIT5dVN' is set on object 'Object Repository/Campaign_OR/Fields/k.input_subject'

2018-07-24 15:06:41 - [MESSAGE][PASSED] - Text 'Starbucks Reserve @ SIT5dVN' is set on object 'Object Repository/Campaign_OR/Fields/k.input_subject'

2018-07-24 15:06:41 - [TEST_STEP][PASSED] - setText: Text 'Hello User, Welcome to our Starbucks Reserve @ SIT. Come subscribe with us and redeem more rewards.5dVN' is set on object 'Object Repository/Campaign_OR/Fields/l.textarea_content'

2018-07-24 15:06:41 - [MESSAGE][PASSED] - Text 'Hello User, Welcome to our Starbucks Reserve @ SIT. Come subscribe with us and redeem more rewards.5dVN' is set on object 'Object Repository/Campaign_OR/Fields/l.textarea_content'

2018-07-24 15:06:41 - [TEST_STEP][PASSED] - Statement - filepath = "": null

2018-07-24 15:06:41 - [TEST_STEP][PASSED] - Statement - If (os == "Windows"): null

2018-07-24 15:06:41 - [TEST_STEP][PASSED] - Statement - filepath = companyLogoPath: null

2018-07-24 15:06:41 - [TEST_STEP][PASSED] - Statement - verifyImgName = "": null

2018-07-24 15:06:41 - [TEST_STEP][PASSED] - Statement - uploadedImg = false: null

2018-07-24 15:06:41 - [TEST_STEP][PASSED] - Statement - reuploadCount = 0: null

2018-07-24 15:06:41 - [TEST_STEP][PASSED] - Statement - If (filepath.trim() != "" && companyLogo.trim() != ""): null

2018-07-24 15:06:41 - [TEST_STEP][PASSED] - sendKeys: Keys 'C:\Users\kl.chan\Katalon Studio\boldreward\Images\Company Logo\starbucks logo.jpg' sent to object: 'Object Repository/Campaign_OR/Fields/m.button_company_logo_1'

2018-07-24 15:06:41 - [MESSAGE][PASSED] - Keys 'C:\Users\kl.chan\Katalon Studio\boldreward\Images\Company Logo\starbucks logo.jpg' sent to object: 'Object Repository/Campaign_OR/Fields/m.button_company_logo_1'

2018-07-24 15:06:41 - [TEST_STEP][PASSED] - delay: Delayed 1 second(s)

2018-07-24 15:06:42 - [MESSAGE][PASSED] - Delayed 1 second(s)

2018-07-24 15:06:42 - [TEST_STEP][PASSED] - Statement - If (com.kms.katalon.core.webui.keyword.WebUiBuiltInKeywords.waitForElementVisible(com.kms.katalon.core.testobject.ObjectRepository.findTestObject(Campaign_OR/uploadedCompanyLogo), 30)): null

2018-07-24 15:06:42 - [MESSAGE][PASSED] - Object 'Object Repository/Campaign_OR/uploadedCompanyLogo' is visible

2018-07-24 15:06:42 - [TEST_STEP][PASSED] - Statement - verifyImgName = com.kms.katalon.core.webui.keyword.WebUiBuiltInKeywords.getText(com.kms.katalon.core.testobject.ObjectRepository.findTestObject(Campaign_OR/uploadedCompanyLogo)): Text of object 'Object Repository/Campaign_OR/uploadedCompanyLogo' is: 'starbucks logo.jpg'

2018-07-24 15:06:42 - [MESSAGE][PASSED] - Text of object 'Object Repository/Campaign_OR/uploadedCompanyLogo' is: 'starbucks logo.jpg'

2018-07-24 15:06:42 - [TEST_STEP][PASSED] - Statement - If (verifyImgName.equals(companyLogo) == true): null

2018-07-24 15:06:42 - [TEST_STEP][PASSED] - Statement - uploadedImg = true: null

2018-07-24 15:06:42 - [TEST_STEP][PASSED] - Statement - If (rewardCode == true): null

2018-07-24 15:06:42 - [TEST_STEP][PASSED] - Statement - Else If (rewardCode == false): Object: 'Object Repository/Campaign_OR/Fields/n.label_No' is clicked on

2018-07-24 15:06:42 - [TEST_STEP][PASSED] - click: Object: 'Object Repository/Campaign_OR/Fields/n.label_No' is clicked on

2018-07-24 15:06:42 - [MESSAGE][PASSED] - Object: 'Object Repository/Campaign_OR/Fields/n.label_No' is clicked on

2018-07-24 15:06:42 - [TEST_STEP][PASSED] - verifyElementChecked: Object 'Object Repository/Campaign_OR/Fields/radio_No' is checked

2018-07-24 15:06:43 - [MESSAGE][PASSED] - Object 'Object Repository/Campaign_OR/Fields/radio_No' is checked

2018-07-24 15:06:43 - [TEST_STEP][PASSED] - verifyElementChecked: Object 'Object Repository/Campaign_OR/Fields/radio_Yes' is not checked

2018-07-24 15:06:43 - [MESSAGE][WARNING] - Object 'Object Repository/Campaign_OR/Fields/radio_Yes' is not checked
[[ATTACHMENT|C:\\Users\\kl.chan\\Katalon Studio\\boldreward\\Reports\\TS_Create_Campaign\\TS002 Edit Campaign with negative testing\\20180724_145748\\1532416003050.png]]

2018-07-24 15:06:43 - [TEST_STEP][PASSED] - click: Object: 'Object Repository/Campaign_OR/button_Save' is clicked on

2018-07-24 15:06:43 - [MESSAGE][PASSED] - Object: 'Object Repository/Campaign_OR/button_Save' is clicked on

2018-07-24 15:06:43 - [TEST_STEP][PASSED] - delay: Delayed 2 second(s)

2018-07-24 15:06:45 - [MESSAGE][PASSED] - Delayed 2 second(s)

2018-07-24 15:06:45 - [MESSAGE][PASSED] - Call Test Case 'Test Cases/Merchant Portal/Campaign/Campagin Modules/create campaign' successfully

2018-07-24 15:06:45 - [TEST_STEP][PASSED] - Statement - updateFailed = false: null

2018-07-24 15:06:45 - [TEST_STEP][PASSED] - Statement - If (com.kms.katalon.core.webui.keyword.WebUiBuiltInKeywords.waitForElementVisible(com.kms.katalon.core.testobject.ObjectRepository.findTestObject(a.Not_Assigned_OR/alert_msg_top), 3)): null

2018-07-24 15:06:45 - [MESSAGE][PASSED] - Object 'Object Repository/a.Not_Assigned_OR/alert_msg_top' is visible

2018-07-24 15:06:45 - [TEST_STEP][PASSED] - Statement - verifyPopoutMsg = com.kms.katalon.core.webui.keyword.WebUiBuiltInKeywords.getText(com.kms.katalon.core.testobject.ObjectRepository.findTestObject(a.Not_Assigned_OR/alert_msg_top)): Text of object 'Object Repository/a.Not_Assigned_OR/alert_msg_top' is: 'Oops! Invalid inputs, please try again.'

2018-07-24 15:06:45 - [MESSAGE][PASSED] - Text of object 'Object Repository/a.Not_Assigned_OR/alert_msg_top' is: 'Oops! Invalid inputs, please try again.'

2018-07-24 15:06:45 - [TEST_STEP][PASSED] - Statement - If (verifyPopoutMsg.equals(msgServer) == true): null

2018-07-24 15:06:45 - [TEST_STEP][PASSED] - Statement - updateFailed = true: null

2018-07-24 15:06:45 - [TEST_STEP][PASSED] - Statement - updateSuccess = false: null

2018-07-24 15:06:45 - [TEST_STEP][PASSED] - Statement - If (com.kms.katalon.core.webui.keyword.WebUiBuiltInKeywords.waitForElementVisible(com.kms.katalon.core.testobject.ObjectRepository.findTestObject(Campaign_OR/Error Message/msg_edit_success), 3)): Web element with id: 'Object Repository/Campaign_OR/Error Message/msg_edit_success' located by 'By.xpath: id("errorMessage")/p[@class="error-block"]' not found

2018-07-24 15:06:48 - [MESSAGE][WARNING] - Web element with id: 'Object Repository/Campaign_OR/Error Message/msg_edit_success' located by 'By.xpath: id("errorMessage")/p[@class="error-block"]' not found

2018-07-24 15:06:48 - [TEST_STEP][PASSED] - Statement - createSuccess = false: null

2018-07-24 15:06:48 - [TEST_STEP][PASSED] - Statement - If (com.kms.katalon.core.webui.keyword.WebUiBuiltInKeywords.waitForElementVisible(com.kms.katalon.core.testobject.ObjectRepository.findTestObject(Home_OR/label_home), 3)): Web element with id: 'Object Repository/Home_OR/label_home' located by 'By.xpath: id("wrapper")/div[@class="content-page"]/div[@class="content"]/div[@class="ng-scope"]/div[@class="ng-scope"]/div[@class="page-heading"]/h1[1][count(. | //h1[(text() = ' Home' or . = ' Home')]) = count(//h1[(text() = ' Home' or . = ' Home')])]' not found

2018-07-24 15:06:51 - [MESSAGE][WARNING] - Web element with id: 'Object Repository/Home_OR/label_home' located by 'By.xpath: id("wrapper")/div[@class="content-page"]/div[@class="content"]/div[@class="ng-scope"]/div[@class="ng-scope"]/div[@class="page-heading"]/h1[1][count(. | //h1[(text() = ' Home' or . = ' Home')]) = count(//h1[(text() = ' Home' or . = ' Home')])]' not found

2018-07-24 15:06:51 - [TEST_STEP][PASSED] - Statement - If (updateSuccess == true): null

2018-07-24 15:06:51 - [TEST_STEP][PASSED] - Statement - Else If (updateFailed == true): null

2018-07-24 15:06:51 - [TEST_STEP][PASSED] - Statement - verifyError = false: null

2018-07-24 15:06:51 - [TEST_STEP][PASSED] - Statement - If (companyName.trim() == ""): null

2018-07-24 15:06:51 - [TEST_STEP][PASSED] - Statement - If (campaignInstruc.trim() == ""): null

2018-07-24 15:06:51 - [TEST_STEP][PASSED] - Statement - If (radioEmail.toLowerCase() == "false"): null

2018-07-24 15:06:51 - [TEST_STEP][PASSED] - Statement - campaignImgName = com.kms.katalon.core.webui.keyword.WebUiBuiltInKeywords.getText(com.kms.katalon.core.testobject.ObjectRepository.findTestObject(Campaign_OR/uploadedCampaignImg)): Text of object 'Object Repository/Campaign_OR/uploadedCampaignImg' is: 'Boldtag.txt'

2018-07-24 15:06:51 - [MESSAGE][PASSED] - Text of object 'Object Repository/Campaign_OR/uploadedCampaignImg' is: 'Boldtag.txt'

2018-07-24 15:06:51 - [TEST_STEP][PASSED] - Statement - If (campaignImgName == ""): null

2018-07-24 15:06:51 - [TEST_STEP][PASSED] - Statement - If (emailSender.trim() == ""): null

2018-07-24 15:06:51 - [TEST_STEP][PASSED] - Statement - If (emailSubject.trim() == ""): null

2018-07-24 15:06:51 - [TEST_STEP][PASSED] - Statement - If (emailContent.trim() == ""): null

2018-07-24 15:06:51 - [TEST_STEP][PASSED] - Statement - companyLogoName = com.kms.katalon.core.webui.keyword.WebUiBuiltInKeywords.getText(com.kms.katalon.core.testobject.ObjectRepository.findTestObject(Campaign_OR/uploadedCompanyLogo)): Text of object 'Object Repository/Campaign_OR/uploadedCompanyLogo' is: 'starbucks logo.jpg'

2018-07-24 15:06:51 - [MESSAGE][PASSED] - Text of object 'Object Repository/Campaign_OR/uploadedCompanyLogo' is: 'starbucks logo.jpg'

2018-07-24 15:06:51 - [TEST_STEP][PASSED] - Statement - If (companyLogoName == ""): null

2018-07-24 15:06:51 - [TEST_STEP][PASSED] - Statement - If (com.kms.katalon.core.webui.keyword.WebUiBuiltInKeywords.waitForElementVisible(com.kms.katalon.core.testobject.ObjectRepository.findTestObject(Campaign_OR/Error Message/msg_cpgn_image2), 2)): null

2018-07-24 15:06:51 - [MESSAGE][PASSED] - Object 'Object Repository/Campaign_OR/Error Message/msg_cpgn_image2' is visible

2018-07-24 15:06:51 - [TEST_STEP][PASSED] - Statement - verifyCampaignImgError = com.kms.katalon.core.webui.keyword.WebUiBuiltInKeywords.getText(com.kms.katalon.core.testobject.ObjectRepository.findTestObject(Campaign_OR/Error Message/msg_cpgn_image2)): Text of object 'Object Repository/Campaign_OR/Error Message/msg_cpgn_image2' is: 'Invalid file format'

2018-07-24 15:06:51 - [MESSAGE][PASSED] - Text of object 'Object Repository/Campaign_OR/Error Message/msg_cpgn_image2' is: 'Invalid file format'

2018-07-24 15:06:51 - [TEST_STEP][PASSED] - Statement - If (verifyCampaignImgError.equals(msgInvalidSize)): null

2018-07-24 15:06:51 - [TEST_STEP][PASSED] - Statement - Else If (verifyCampaignImgError.equals(msgInvalidDi)): null

2018-07-24 15:06:51 - [TEST_STEP][PASSED] - Statement - Else If (verifyCampaignImgError.equals(msgFileFormat)): null

2018-07-24 15:06:51 - [TEST_STEP][PASSED] - Statement - verifyError = true: null

2018-07-24 15:06:51 - [TEST_STEP][PASSED] - Statement - If (com.kms.katalon.core.webui.keyword.WebUiBuiltInKeywords.waitForElementVisible(com.kms.katalon.core.testobject.ObjectRepository.findTestObject(Campaign_OR/Error Message/msg_TCURL), 2)): Web element with id: 'Object Repository/Campaign_OR/Error Message/msg_TCURL' located by 'By.xpath: id("wrapper")/div[@class="content-page"]/div[@class="content"]/div[@class="ng-scope"]/div[@class="row ng-scope"]/div[@class="col-md-7"]/div[@class="widget"]/div[@class="widget-content padding"]/div[@class="form-horizontal"]/div[@class="form-group"]/div[@id="tncUrl"]/p[@class="error-block"][count(. | //p[(text() = 'Invalid format, please follow as http://wwww.example.com' or . = 'Invalid format, please follow as http://wwww.example.com')]) = count(//p[(text() = 'Invalid format, please follow as http://wwww.example.com' or . = 'Invalid format, please follow as http://wwww.example.com')])]' not found

2018-07-24 15:06:53 - [MESSAGE][WARNING] - Web element with id: 'Object Repository/Campaign_OR/Error Message/msg_TCURL' located by 'By.xpath: id("wrapper")/div[@class="content-page"]/div[@class="content"]/div[@class="ng-scope"]/div[@class="row ng-scope"]/div[@class="col-md-7"]/div[@class="widget"]/div[@class="widget-content padding"]/div[@class="form-horizontal"]/div[@class="form-group"]/div[@id="tncUrl"]/p[@class="error-block"][count(. | //p[(text() = 'Invalid format, please follow as http://wwww.example.com' or . = 'Invalid format, please follow as http://wwww.example.com')]) = count(//p[(text() = 'Invalid format, please follow as http://wwww.example.com' or . = 'Invalid format, please follow as http://wwww.example.com')])]' not found

2018-07-24 15:06:53 - [TEST_STEP][PASSED] - Statement - If (emailSender.trim() != ""): Web element with id: 'Object Repository/Campaign_OR/Error Message/msg_sender' located by 'By.xpath: id("emailSender")/p[@class="error-block"]' not found

2018-07-24 15:06:53 - [TEST_STEP][PASSED] - Statement - If (com.kms.katalon.core.webui.keyword.WebUiBuiltInKeywords.waitForElementVisible(com.kms.katalon.core.testobject.ObjectRepository.findTestObject(Campaign_OR/Error Message/msg_sender), 2)): Web element with id: 'Object Repository/Campaign_OR/Error Message/msg_sender' located by 'By.xpath: id("emailSender")/p[@class="error-block"]' not found

2018-07-24 15:06:55 - [MESSAGE][WARNING] - Web element with id: 'Object Repository/Campaign_OR/Error Message/msg_sender' located by 'By.xpath: id("emailSender")/p[@class="error-block"]' not found

2018-07-24 15:06:55 - [TEST_STEP][PASSED] - Statement - If (com.kms.katalon.core.webui.keyword.WebUiBuiltInKeywords.waitForElementVisible(com.kms.katalon.core.testobject.ObjectRepository.findTestObject(Campaign_OR/Error Message/msg_company_logo), 2)): Web element with id: 'Object Repository/Campaign_OR/Error Message/msg_company_logo' located by 'By.xpath: id("companyLogo")/p[@class="error-block ng-binding"][count(. | //p[@class = 'error-block ng-binding' and @ng-hide = 'CC.errorLogo == 200 || CC.errorLogo == undefined']) = count(//p[@class = 'error-block ng-binding' and @ng-hide = 'CC.errorLogo == 200 || CC.errorLogo == undefined'])]' not found

2018-07-24 15:06:57 - [MESSAGE][WARNING] - Web element with id: 'Object Repository/Campaign_OR/Error Message/msg_company_logo' located by 'By.xpath: id("companyLogo")/p[@class="error-block ng-binding"][count(. | //p[@class = 'error-block ng-binding' and @ng-hide = 'CC.errorLogo == 200 || CC.errorLogo == undefined']) = count(//p[@class = 'error-block ng-binding' and @ng-hide = 'CC.errorLogo == 200 || CC.errorLogo == undefined'])]' not found

2018-07-24 15:06:57 - [TEST_STEP][PASSED] - refresh: Refresh successfully

2018-07-24 15:06:58 - [MESSAGE][PASSED] - Refresh successfully

2018-07-24 15:06:58 - [TEST_STEP][PASSED] - Statement - If (verifyError == false): null]]></system-out>
         <system-err><![CDATA[]]></system-err>
      </testcase>
      <testcase name="Test Cases/Merchant Portal/Campaign/TC001 Campaign - verify all case" classname="Test Cases/Merchant Portal/Campaign/TC001 Campaign - verify all case" status="PASSED">
         <system-out><![CDATA[2018-07-24 15:06:58 - [TEST_CASE][PASSED] - Test Cases/Merchant Portal/Campaign/TC001 Campaign - verify all case: Test Cases/Merchant Portal/Campaign/TC001 Campaign - verify all case

2018-07-24 15:06:58 - [TEST_STEP][PASSED] - Statement - randomWords = CustomKeywords.randomWords.GenerateNumber.randomString(4): randomWords.GenerateNumber.randomString is PASSED

2018-07-24 15:06:58 - [MESSAGE][PASSED] - randomWords.GenerateNumber.randomString is PASSED

2018-07-24 15:06:58 - [TEST_STEP][PASSED] - Statement - If (companyName.trim() != ""): null

2018-07-24 15:06:58 - [TEST_STEP][PASSED] - Statement - companyName = companyName + randomWords: null

2018-07-24 15:06:58 - [TEST_STEP][PASSED] - Statement - If (campaignInstruc.trim() != ""): null

2018-07-24 15:06:58 - [TEST_STEP][PASSED] - Statement - campaignInstruc = campaignInstruc + randomWords: null

2018-07-24 15:06:58 - [TEST_STEP][PASSED] - Statement - If (emailSender.trim() != ""): null

2018-07-24 15:06:58 - [TEST_STEP][PASSED] - Statement - email = emailSender: null

2018-07-24 15:06:58 - [TEST_STEP][PASSED] - Statement - splitEmail = email.split("@"): null

2018-07-24 15:06:58 - [TEST_STEP][PASSED] - Statement - numb = length: null

2018-07-24 15:06:58 - [TEST_STEP][PASSED] - Statement - If (numb > 1): null

2018-07-24 15:06:58 - [TEST_STEP][PASSED] - Statement - emailSender = splitEmail[0] + randomWords + "@" + splitEmail[1]: null

2018-07-24 15:06:58 - [TEST_STEP][PASSED] - Statement - If (emailSubject.trim() != ""): null

2018-07-24 15:06:58 - [TEST_STEP][PASSED] - Statement - emailSubject = emailSubject + randomWords: null

2018-07-24 15:06:58 - [TEST_STEP][PASSED] - Statement - If (emailContent.trim() != ""): null

2018-07-24 15:06:58 - [TEST_STEP][PASSED] - Statement - emailContent = emailContent + randomWords: null

2018-07-24 15:06:58 - [TEST_STEP][PASSED] - callTestCase: Call Test Case 'Test Cases/Merchant Portal/Campaign/Campagin Modules/create campaign' successfully

2018-07-24 15:06:58 - [TEST_CASE][PASSED] - Test Cases/Merchant Portal/Campaign/Campagin Modules/create campaign: Test Cases/Merchant Portal/Campaign/Campagin Modules/create campaign

2018-07-24 15:06:58 - [TEST_STEP][PASSED] - Statement - osName = "": null

2018-07-24 15:06:58 - [TEST_STEP][PASSED] - Statement - osName = CustomKeywords.os.DetectOS.getOperatingSystem(osName): os.DetectOS.getOperatingSystem is PASSED

2018-07-24 15:06:58 - [MESSAGE][PASSED] - os.DetectOS.getOperatingSystem is PASSED

2018-07-24 15:06:58 - [TEST_STEP][PASSED] - Statement - splitString = osName.split(): null

2018-07-24 15:06:58 - [TEST_STEP][PASSED] - Statement - os = splitString[0].toString(): null

2018-07-24 15:06:58 - [TEST_STEP][PASSED] - Statement - If (loggedin == false): null

2018-07-24 15:06:58 - [TEST_STEP][PASSED] - Statement - If (accessModule == false): null

2018-07-24 15:06:58 - [TEST_STEP][PASSED] - delay: Delayed 5 second(s)

2018-07-24 15:07:03 - [MESSAGE][PASSED] - Delayed 5 second(s)

2018-07-24 15:07:03 - [TEST_STEP][PASSED] - setText: Text 'Starbucks Reserve LtdFUUY' is set on object 'Object Repository/Campaign_OR/Fields/a.input_company_name'

2018-07-24 15:07:03 - [MESSAGE][PASSED] - Text 'Starbucks Reserve LtdFUUY' is set on object 'Object Repository/Campaign_OR/Fields/a.input_company_name'

2018-07-24 15:07:03 - [TEST_STEP][PASSED] - setText: Text 'Please subscribe with us and redeem a free coffee. Come join us now!FUUY' is set on object 'Object Repository/Campaign_OR/Fields/b.textarea_campaign_instruction'

2018-07-24 15:07:04 - [MESSAGE][PASSED] - Text 'Please subscribe with us and redeem a free coffee. Come join us now!FUUY' is set on object 'Object Repository/Campaign_OR/Fields/b.textarea_campaign_instruction'

2018-07-24 15:07:04 - [TEST_STEP][PASSED] - Statement - verifyEmail = false: null

2018-07-24 15:07:04 - [TEST_STEP][PASSED] - Statement - If (radioEmail.toLowerCase() == "true"): null

2018-07-24 15:07:04 - [TEST_STEP][PASSED] - Statement - verifyEmail = true: null

2018-07-24 15:07:04 - [TEST_STEP][PASSED] - Statement - If (verifyEmail == true): Object 'Object Repository/Campaign_OR/input_email' is visible

2018-07-24 15:07:04 - [TEST_STEP][PASSED] - Statement - If (com.kms.katalon.core.webui.keyword.WebUiBuiltInKeywords.verifyElementNotChecked(com.kms.katalon.core.testobject.ObjectRepository.findTestObject(Campaign_OR/Fields/c.checkbox_email), 1, OPTIONAL)): Object 'Object Repository/Campaign_OR/Fields/c.checkbox_email' is checked

2018-07-24 15:07:04 - [MESSAGE][WARNING] - Object 'Object Repository/Campaign_OR/Fields/c.checkbox_email' is checked
[[ATTACHMENT|C:\\Users\\kl.chan\\Katalon Studio\\boldreward\\Reports\\TS_Create_Campaign\\TS002 Edit Campaign with negative testing\\20180724_145748\\1532416024231.png]]

2018-07-24 15:07:04 - [TEST_STEP][PASSED] - Statement - Else: Object 'Object Repository/Campaign_OR/input_email' is visible

2018-07-24 15:07:04 - [TEST_STEP][PASSED] - verifyElementVisible: Object 'Object Repository/Campaign_OR/input_email' is visible

2018-07-24 15:07:04 - [MESSAGE][PASSED] - Object 'Object Repository/Campaign_OR/input_email' is visible

2018-07-24 15:07:04 - [TEST_STEP][PASSED] - Statement - verifyMobileno = false: null

2018-07-24 15:07:04 - [TEST_STEP][PASSED] - Statement - If (radioMobileno.toLowerCase() == "true"): null

2018-07-24 15:07:04 - [TEST_STEP][PASSED] - Statement - If (verifyMobileno == true): null

2018-07-24 15:07:04 - [TEST_STEP][PASSED] - Statement - Else If (verifyMobileno == false): Object 'Object Repository/Campaign_OR/input_mobileno' is NOT visible

2018-07-24 15:07:04 - [TEST_STEP][PASSED] - Statement - If (com.kms.katalon.core.webui.keyword.WebUiBuiltInKeywords.verifyElementChecked(com.kms.katalon.core.testobject.ObjectRepository.findTestObject(Campaign_OR/Fields/d.checkbox_mobile_number), 1, OPTIONAL)): Object 'Object Repository/Campaign_OR/input_mobileno' is NOT visible

2018-07-24 15:07:04 - [MESSAGE][PASSED] - Object 'Object Repository/Campaign_OR/Fields/d.checkbox_mobile_number' is checked

2018-07-24 15:07:04 - [TEST_STEP][PASSED] - delay: Delayed 1 second(s)

2018-07-24 15:07:05 - [MESSAGE][PASSED] - Delayed 1 second(s)

2018-07-24 15:07:05 - [TEST_STEP][PASSED] - click: Object: 'Object Repository/Campaign_OR/Fields/d.checkbox_mobile_number' is clicked on

2018-07-24 15:07:05 - [MESSAGE][PASSED] - Object: 'Object Repository/Campaign_OR/Fields/d.checkbox_mobile_number' is clicked on

2018-07-24 15:07:05 - [TEST_STEP][PASSED] - verifyElementNotVisible: Object 'Object Repository/Campaign_OR/input_mobileno' is NOT visible

2018-07-24 15:07:05 - [MESSAGE][PASSED] - Object 'Object Repository/Campaign_OR/input_mobileno' is NOT visible

2018-07-24 15:07:05 - [TEST_STEP][PASSED] - Statement - verifyName = false: null

2018-07-24 15:07:05 - [TEST_STEP][PASSED] - Statement - If (radioName.toLowerCase() == "true"): null

2018-07-24 15:07:05 - [TEST_STEP][PASSED] - Statement - If (verifyName == true): null

2018-07-24 15:07:05 - [TEST_STEP][PASSED] - Statement - Else If (verifyName == false): Object 'Object Repository/Campaign_OR/input_name' is NOT visible

2018-07-24 15:07:05 - [TEST_STEP][PASSED] - Statement - If (com.kms.katalon.core.webui.keyword.WebUiBuiltInKeywords.verifyElementChecked(com.kms.katalon.core.testobject.ObjectRepository.findTestObject(Campaign_OR/Fields/e.checkbox_name), 1, OPTIONAL)): Object 'Object Repository/Campaign_OR/input_name' is NOT visible

2018-07-24 15:07:05 - [MESSAGE][PASSED] - Object 'Object Repository/Campaign_OR/Fields/e.checkbox_name' is checked

2018-07-24 15:07:05 - [TEST_STEP][PASSED] - delay: Delayed 1 second(s)

2018-07-24 15:07:06 - [MESSAGE][PASSED] - Delayed 1 second(s)

2018-07-24 15:07:06 - [TEST_STEP][PASSED] - click: Object: 'Object Repository/Campaign_OR/Fields/e.checkbox_name' is clicked on

2018-07-24 15:07:06 - [MESSAGE][PASSED] - Object: 'Object Repository/Campaign_OR/Fields/e.checkbox_name' is clicked on

2018-07-24 15:07:06 - [TEST_STEP][PASSED] - verifyElementNotVisible: Object 'Object Repository/Campaign_OR/input_name' is NOT visible

2018-07-24 15:07:06 - [MESSAGE][PASSED] - Object 'Object Repository/Campaign_OR/input_name' is NOT visible

2018-07-24 15:07:06 - [TEST_STEP][PASSED] - Statement - verifyGender = false: null

2018-07-24 15:07:06 - [TEST_STEP][PASSED] - Statement - If (radioGender.toLowerCase() == "true"): null

2018-07-24 15:07:06 - [TEST_STEP][PASSED] - Statement - If (verifyGender == true): null

2018-07-24 15:07:06 - [TEST_STEP][PASSED] - Statement - Else If (verifyGender == false): Object 'Object Repository/Campaign_OR/label_Female' is NOT visible

2018-07-24 15:07:06 - [TEST_STEP][PASSED] - Statement - If (com.kms.katalon.core.webui.keyword.WebUiBuiltInKeywords.verifyElementChecked(com.kms.katalon.core.testobject.ObjectRepository.findTestObject(Campaign_OR/Fields/f.checkbox_gender), 1, OPTIONAL)): Object 'Object Repository/Campaign_OR/label_Female' is NOT visible

2018-07-24 15:07:06 - [MESSAGE][PASSED] - Object 'Object Repository/Campaign_OR/Fields/f.checkbox_gender' is checked

2018-07-24 15:07:06 - [TEST_STEP][PASSED] - delay: Delayed 1 second(s)

2018-07-24 15:07:07 - [MESSAGE][PASSED] - Delayed 1 second(s)

2018-07-24 15:07:07 - [TEST_STEP][PASSED] - click: Object: 'Object Repository/Campaign_OR/Fields/f.checkbox_gender' is clicked on

2018-07-24 15:07:07 - [MESSAGE][PASSED] - Object: 'Object Repository/Campaign_OR/Fields/f.checkbox_gender' is clicked on

2018-07-24 15:07:07 - [TEST_STEP][PASSED] - verifyElementNotVisible: Object 'Object Repository/Campaign_OR/label_Male' is NOT visible

2018-07-24 15:07:07 - [MESSAGE][PASSED] - Object 'Object Repository/Campaign_OR/label_Male' is NOT visible

2018-07-24 15:07:07 - [TEST_STEP][PASSED] - verifyElementNotVisible: Object 'Object Repository/Campaign_OR/label_Female' is NOT visible

2018-07-24 15:07:07 - [MESSAGE][PASSED] - Object 'Object Repository/Campaign_OR/label_Female' is NOT visible

2018-07-24 15:07:07 - [TEST_STEP][PASSED] - Statement - verifyDOB = false: null

2018-07-24 15:07:07 - [TEST_STEP][PASSED] - Statement - If (radioDOB.toLowerCase() == "true"): null

2018-07-24 15:07:07 - [TEST_STEP][PASSED] - Statement - If (verifyDOB == true): null

2018-07-24 15:07:07 - [TEST_STEP][PASSED] - Statement - Else If (verifyDOB == false): Object 'Object Repository/Campaign_OR/input_datepicker' is NOT visible

2018-07-24 15:07:07 - [TEST_STEP][PASSED] - Statement - If (com.kms.katalon.core.webui.keyword.WebUiBuiltInKeywords.verifyElementChecked(com.kms.katalon.core.testobject.ObjectRepository.findTestObject(Campaign_OR/Fields/g.checkbox_dob), 1, OPTIONAL)): Object 'Object Repository/Campaign_OR/input_datepicker' is NOT visible

2018-07-24 15:07:07 - [MESSAGE][PASSED] - Object 'Object Repository/Campaign_OR/Fields/g.checkbox_dob' is checked

2018-07-24 15:07:07 - [TEST_STEP][PASSED] - delay: Delayed 1 second(s)

2018-07-24 15:07:08 - [MESSAGE][PASSED] - Delayed 1 second(s)

2018-07-24 15:07:08 - [TEST_STEP][PASSED] - click: Object: 'Object Repository/Campaign_OR/Fields/g.checkbox_dob' is clicked on

2018-07-24 15:07:09 - [MESSAGE][PASSED] - Object: 'Object Repository/Campaign_OR/Fields/g.checkbox_dob' is clicked on

2018-07-24 15:07:09 - [TEST_STEP][PASSED] - verifyElementNotVisible: Object 'Object Repository/Campaign_OR/input_datepicker' is NOT visible

2018-07-24 15:07:09 - [MESSAGE][PASSED] - Object 'Object Repository/Campaign_OR/input_datepicker' is NOT visible

2018-07-24 15:07:09 - [TEST_STEP][PASSED] - Statement - filepath = "": null

2018-07-24 15:07:09 - [TEST_STEP][PASSED] - Statement - If (os == "Windows"): null

2018-07-24 15:07:09 - [TEST_STEP][PASSED] - Statement - filepath = campaignImagePath: null

2018-07-24 15:07:09 - [TEST_STEP][PASSED] - Statement - verifyImgName = "": null

2018-07-24 15:07:09 - [TEST_STEP][PASSED] - Statement - uploadedImg = false: null

2018-07-24 15:07:09 - [TEST_STEP][PASSED] - Statement - If (filepath.trim() != "" && campaignImage.trim() != ""): null

2018-07-24 15:07:09 - [TEST_STEP][PASSED] - sendKeys: Keys 'C:\Users\kl.chan\Katalon Studio\boldreward\Images\Campaign Image\starbucks copy.jpg' sent to object: 'Object Repository/Campaign_OR/Fields/h.button_campaign_image_1'

2018-07-24 15:07:09 - [MESSAGE][PASSED] - Keys 'C:\Users\kl.chan\Katalon Studio\boldreward\Images\Campaign Image\starbucks copy.jpg' sent to object: 'Object Repository/Campaign_OR/Fields/h.button_campaign_image_1'

2018-07-24 15:07:09 - [TEST_STEP][PASSED] - delay: Delayed 1 second(s)

2018-07-24 15:07:10 - [MESSAGE][PASSED] - Delayed 1 second(s)

2018-07-24 15:07:10 - [TEST_STEP][PASSED] - Statement - If (com.kms.katalon.core.webui.keyword.WebUiBuiltInKeywords.waitForElementVisible(com.kms.katalon.core.testobject.ObjectRepository.findTestObject(Campaign_OR/uploadedCampaignImg), 30)): null

2018-07-24 15:07:10 - [MESSAGE][PASSED] - Object 'Object Repository/Campaign_OR/uploadedCampaignImg' is visible

2018-07-24 15:07:10 - [TEST_STEP][PASSED] - Statement - verifyImgName = com.kms.katalon.core.webui.keyword.WebUiBuiltInKeywords.getText(com.kms.katalon.core.testobject.ObjectRepository.findTestObject(Campaign_OR/uploadedCampaignImg)): Text of object 'Object Repository/Campaign_OR/uploadedCampaignImg' is: 'starbucks copy.jpg'

2018-07-24 15:07:10 - [MESSAGE][PASSED] - Text of object 'Object Repository/Campaign_OR/uploadedCampaignImg' is: 'starbucks copy.jpg'

2018-07-24 15:07:10 - [TEST_STEP][PASSED] - Statement - If (verifyImgName.equals(campaignImage) == true): null

2018-07-24 15:07:10 - [TEST_STEP][PASSED] - Statement - uploadedImg = true: null

2018-07-24 15:07:10 - [TEST_STEP][PASSED] - setText: Text 'starbucks.com.my' is set on object 'Object Repository/Campaign_OR/Fields/i.k.input_tnc'

2018-07-24 15:07:10 - [MESSAGE][PASSED] - Text 'starbucks.com.my' is set on object 'Object Repository/Campaign_OR/Fields/i.k.input_tnc'

2018-07-24 15:07:10 - [TEST_STEP][PASSED] - setText: Text 'kl.chanFUUY@macrokiosk.com' is set on object 'Object Repository/Campaign_OR/Fields/j.input_sender'

2018-07-24 15:07:10 - [MESSAGE][PASSED] - Text 'kl.chanFUUY@macrokiosk.com' is set on object 'Object Repository/Campaign_OR/Fields/j.input_sender'

2018-07-24 15:07:10 - [TEST_STEP][PASSED] - setText: Text 'Starbucks Reserve @ SITFUUY' is set on object 'Object Repository/Campaign_OR/Fields/k.input_subject'

2018-07-24 15:07:10 - [MESSAGE][PASSED] - Text 'Starbucks Reserve @ SITFUUY' is set on object 'Object Repository/Campaign_OR/Fields/k.input_subject'

2018-07-24 15:07:10 - [TEST_STEP][PASSED] - setText: Text 'Hello User, Welcome to our Starbucks Reserve @ SIT. Come subscribe with us and redeem more rewards.FUUY' is set on object 'Object Repository/Campaign_OR/Fields/l.textarea_content'

2018-07-24 15:07:11 - [MESSAGE][PASSED] - Text 'Hello User, Welcome to our Starbucks Reserve @ SIT. Come subscribe with us and redeem more rewards.FUUY' is set on object 'Object Repository/Campaign_OR/Fields/l.textarea_content'

2018-07-24 15:07:11 - [TEST_STEP][PASSED] - Statement - filepath = "": null

2018-07-24 15:07:11 - [TEST_STEP][PASSED] - Statement - If (os == "Windows"): null

2018-07-24 15:07:11 - [TEST_STEP][PASSED] - Statement - filepath = companyLogoPath: null

2018-07-24 15:07:11 - [TEST_STEP][PASSED] - Statement - verifyImgName = "": null

2018-07-24 15:07:11 - [TEST_STEP][PASSED] - Statement - uploadedImg = false: null

2018-07-24 15:07:11 - [TEST_STEP][PASSED] - Statement - reuploadCount = 0: null

2018-07-24 15:07:11 - [TEST_STEP][PASSED] - Statement - If (filepath.trim() != "" && companyLogo.trim() != ""): null

2018-07-24 15:07:11 - [TEST_STEP][PASSED] - sendKeys: Keys 'C:\Users\kl.chan\Katalon Studio\boldreward\Images\Company Logo\starbucks logo.jpg' sent to object: 'Object Repository/Campaign_OR/Fields/m.button_company_logo_1'

2018-07-24 15:07:11 - [MESSAGE][PASSED] - Keys 'C:\Users\kl.chan\Katalon Studio\boldreward\Images\Company Logo\starbucks logo.jpg' sent to object: 'Object Repository/Campaign_OR/Fields/m.button_company_logo_1'

2018-07-24 15:07:11 - [TEST_STEP][PASSED] - delay: Delayed 1 second(s)

2018-07-24 15:07:12 - [MESSAGE][PASSED] - Delayed 1 second(s)

2018-07-24 15:07:12 - [TEST_STEP][PASSED] - Statement - If (com.kms.katalon.core.webui.keyword.WebUiBuiltInKeywords.waitForElementVisible(com.kms.katalon.core.testobject.ObjectRepository.findTestObject(Campaign_OR/uploadedCompanyLogo), 30)): null

2018-07-24 15:07:12 - [MESSAGE][PASSED] - Object 'Object Repository/Campaign_OR/uploadedCompanyLogo' is visible

2018-07-24 15:07:12 - [TEST_STEP][PASSED] - Statement - verifyImgName = com.kms.katalon.core.webui.keyword.WebUiBuiltInKeywords.getText(com.kms.katalon.core.testobject.ObjectRepository.findTestObject(Campaign_OR/uploadedCompanyLogo)): Text of object 'Object Repository/Campaign_OR/uploadedCompanyLogo' is: 'starbucks logo.jpg'

2018-07-24 15:07:12 - [MESSAGE][PASSED] - Text of object 'Object Repository/Campaign_OR/uploadedCompanyLogo' is: 'starbucks logo.jpg'

2018-07-24 15:07:12 - [TEST_STEP][PASSED] - Statement - If (verifyImgName.equals(companyLogo) == true): null

2018-07-24 15:07:12 - [TEST_STEP][PASSED] - Statement - uploadedImg = true: null

2018-07-24 15:07:12 - [TEST_STEP][PASSED] - Statement - If (rewardCode == true): null

2018-07-24 15:07:12 - [TEST_STEP][PASSED] - Statement - Else If (rewardCode == false): Object: 'Object Repository/Campaign_OR/Fields/n.label_No' is clicked on

2018-07-24 15:07:12 - [TEST_STEP][PASSED] - click: Object: 'Object Repository/Campaign_OR/Fields/n.label_No' is clicked on

2018-07-24 15:07:12 - [MESSAGE][PASSED] - Object: 'Object Repository/Campaign_OR/Fields/n.label_No' is clicked on

2018-07-24 15:07:12 - [TEST_STEP][PASSED] - verifyElementChecked: Object 'Object Repository/Campaign_OR/Fields/radio_No' is checked

2018-07-24 15:07:12 - [MESSAGE][PASSED] - Object 'Object Repository/Campaign_OR/Fields/radio_No' is checked

2018-07-24 15:07:12 - [TEST_STEP][PASSED] - verifyElementChecked: Object 'Object Repository/Campaign_OR/Fields/radio_Yes' is not checked

2018-07-24 15:07:12 - [MESSAGE][WARNING] - Object 'Object Repository/Campaign_OR/Fields/radio_Yes' is not checked
[[ATTACHMENT|C:\\Users\\kl.chan\\Katalon Studio\\boldreward\\Reports\\TS_Create_Campaign\\TS002 Edit Campaign with negative testing\\20180724_145748\\1532416032609.png]]

2018-07-24 15:07:12 - [TEST_STEP][PASSED] - click: Object: 'Object Repository/Campaign_OR/button_Save' is clicked on

2018-07-24 15:07:12 - [MESSAGE][PASSED] - Object: 'Object Repository/Campaign_OR/button_Save' is clicked on

2018-07-24 15:07:12 - [TEST_STEP][PASSED] - delay: Delayed 2 second(s)

2018-07-24 15:07:14 - [MESSAGE][PASSED] - Delayed 2 second(s)

2018-07-24 15:07:14 - [MESSAGE][PASSED] - Call Test Case 'Test Cases/Merchant Portal/Campaign/Campagin Modules/create campaign' successfully

2018-07-24 15:07:14 - [TEST_STEP][PASSED] - Statement - updateFailed = false: null

2018-07-24 15:07:14 - [TEST_STEP][PASSED] - Statement - If (com.kms.katalon.core.webui.keyword.WebUiBuiltInKeywords.waitForElementVisible(com.kms.katalon.core.testobject.ObjectRepository.findTestObject(a.Not_Assigned_OR/alert_msg_top), 3)): null

2018-07-24 15:07:14 - [MESSAGE][PASSED] - Object 'Object Repository/a.Not_Assigned_OR/alert_msg_top' is visible

2018-07-24 15:07:14 - [TEST_STEP][PASSED] - Statement - verifyPopoutMsg = com.kms.katalon.core.webui.keyword.WebUiBuiltInKeywords.getText(com.kms.katalon.core.testobject.ObjectRepository.findTestObject(a.Not_Assigned_OR/alert_msg_top)): Text of object 'Object Repository/a.Not_Assigned_OR/alert_msg_top' is: 'Oops! Invalid inputs, please try again.'

2018-07-24 15:07:14 - [MESSAGE][PASSED] - Text of object 'Object Repository/a.Not_Assigned_OR/alert_msg_top' is: 'Oops! Invalid inputs, please try again.'

2018-07-24 15:07:14 - [TEST_STEP][PASSED] - Statement - If (verifyPopoutMsg.equals(msgServer) == true): null

2018-07-24 15:07:14 - [TEST_STEP][PASSED] - Statement - updateFailed = true: null

2018-07-24 15:07:14 - [TEST_STEP][PASSED] - Statement - updateSuccess = false: null

2018-07-24 15:07:14 - [TEST_STEP][PASSED] - Statement - If (com.kms.katalon.core.webui.keyword.WebUiBuiltInKeywords.waitForElementVisible(com.kms.katalon.core.testobject.ObjectRepository.findTestObject(Campaign_OR/Error Message/msg_edit_success), 3)): Web element with id: 'Object Repository/Campaign_OR/Error Message/msg_edit_success' located by 'By.xpath: id("errorMessage")/p[@class="error-block"]' not found

2018-07-24 15:07:18 - [MESSAGE][WARNING] - Web element with id: 'Object Repository/Campaign_OR/Error Message/msg_edit_success' located by 'By.xpath: id("errorMessage")/p[@class="error-block"]' not found

2018-07-24 15:07:18 - [TEST_STEP][PASSED] - Statement - createSuccess = false: null

2018-07-24 15:07:18 - [TEST_STEP][PASSED] - Statement - If (com.kms.katalon.core.webui.keyword.WebUiBuiltInKeywords.waitForElementVisible(com.kms.katalon.core.testobject.ObjectRepository.findTestObject(Home_OR/label_home), 3)): Web element with id: 'Object Repository/Home_OR/label_home' located by 'By.xpath: id("wrapper")/div[@class="content-page"]/div[@class="content"]/div[@class="ng-scope"]/div[@class="ng-scope"]/div[@class="page-heading"]/h1[1][count(. | //h1[(text() = ' Home' or . = ' Home')]) = count(//h1[(text() = ' Home' or . = ' Home')])]' not found

2018-07-24 15:07:21 - [MESSAGE][WARNING] - Web element with id: 'Object Repository/Home_OR/label_home' located by 'By.xpath: id("wrapper")/div[@class="content-page"]/div[@class="content"]/div[@class="ng-scope"]/div[@class="ng-scope"]/div[@class="page-heading"]/h1[1][count(. | //h1[(text() = ' Home' or . = ' Home')]) = count(//h1[(text() = ' Home' or . = ' Home')])]' not found

2018-07-24 15:07:21 - [TEST_STEP][PASSED] - Statement - If (updateSuccess == true): null

2018-07-24 15:07:21 - [TEST_STEP][PASSED] - Statement - Else If (updateFailed == true): null

2018-07-24 15:07:21 - [TEST_STEP][PASSED] - Statement - verifyError = false: null

2018-07-24 15:07:21 - [TEST_STEP][PASSED] - Statement - If (companyName.trim() == ""): null

2018-07-24 15:07:21 - [TEST_STEP][PASSED] - Statement - If (campaignInstruc.trim() == ""): null

2018-07-24 15:07:21 - [TEST_STEP][PASSED] - Statement - If (radioEmail.toLowerCase() == "false"): null

2018-07-24 15:07:21 - [TEST_STEP][PASSED] - Statement - campaignImgName = com.kms.katalon.core.webui.keyword.WebUiBuiltInKeywords.getText(com.kms.katalon.core.testobject.ObjectRepository.findTestObject(Campaign_OR/uploadedCampaignImg)): Text of object 'Object Repository/Campaign_OR/uploadedCampaignImg' is: 'starbucks copy.jpg'

2018-07-24 15:07:21 - [MESSAGE][PASSED] - Text of object 'Object Repository/Campaign_OR/uploadedCampaignImg' is: 'starbucks copy.jpg'

2018-07-24 15:07:21 - [TEST_STEP][PASSED] - Statement - If (campaignImgName == ""): null

2018-07-24 15:07:21 - [TEST_STEP][PASSED] - Statement - If (emailSender.trim() == ""): null

2018-07-24 15:07:21 - [TEST_STEP][PASSED] - Statement - If (emailSubject.trim() == ""): null

2018-07-24 15:07:21 - [TEST_STEP][PASSED] - Statement - If (emailContent.trim() == ""): null

2018-07-24 15:07:21 - [TEST_STEP][PASSED] - Statement - companyLogoName = com.kms.katalon.core.webui.keyword.WebUiBuiltInKeywords.getText(com.kms.katalon.core.testobject.ObjectRepository.findTestObject(Campaign_OR/uploadedCompanyLogo)): Text of object 'Object Repository/Campaign_OR/uploadedCompanyLogo' is: 'starbucks logo.jpg'

2018-07-24 15:07:21 - [MESSAGE][PASSED] - Text of object 'Object Repository/Campaign_OR/uploadedCompanyLogo' is: 'starbucks logo.jpg'

2018-07-24 15:07:21 - [TEST_STEP][PASSED] - Statement - If (companyLogoName == ""): null

2018-07-24 15:07:21 - [TEST_STEP][PASSED] - Statement - If (com.kms.katalon.core.webui.keyword.WebUiBuiltInKeywords.waitForElementVisible(com.kms.katalon.core.testobject.ObjectRepository.findTestObject(Campaign_OR/Error Message/msg_cpgn_image2), 2)): Web element with id: 'Object Repository/Campaign_OR/Error Message/msg_cpgn_image2' located by 'By.xpath: id("campaignImage")/p[@class="error-block ng-binding"][count(. | //p[@class = 'error-block ng-binding' and @ng-hide = 'CC.errorImage == 200 || CC.errorImage == undefined']) = count(//p[@class = 'error-block ng-binding' and @ng-hide = 'CC.errorImage == 200 || CC.errorImage == undefined'])]' not found

2018-07-24 15:07:23 - [MESSAGE][WARNING] - Web element with id: 'Object Repository/Campaign_OR/Error Message/msg_cpgn_image2' located by 'By.xpath: id("campaignImage")/p[@class="error-block ng-binding"][count(. | //p[@class = 'error-block ng-binding' and @ng-hide = 'CC.errorImage == 200 || CC.errorImage == undefined']) = count(//p[@class = 'error-block ng-binding' and @ng-hide = 'CC.errorImage == 200 || CC.errorImage == undefined'])]' not found

2018-07-24 15:07:23 - [TEST_STEP][PASSED] - Statement - If (com.kms.katalon.core.webui.keyword.WebUiBuiltInKeywords.waitForElementVisible(com.kms.katalon.core.testobject.ObjectRepository.findTestObject(Campaign_OR/Error Message/msg_TCURL), 2)): null

2018-07-24 15:07:23 - [MESSAGE][PASSED] - Object 'Object Repository/Campaign_OR/Error Message/msg_TCURL' is visible

2018-07-24 15:07:23 - [TEST_STEP][PASSED] - Statement - verifyURL = com.kms.katalon.core.webui.keyword.WebUiBuiltInKeywords.getText(com.kms.katalon.core.testobject.ObjectRepository.findTestObject(Campaign_OR/Error Message/msg_TCURL)): Text of object 'Object Repository/Campaign_OR/Error Message/msg_TCURL' is: 'Invalid format, please follow as http://wwww.example.com'

2018-07-24 15:07:23 - [MESSAGE][PASSED] - Text of object 'Object Repository/Campaign_OR/Error Message/msg_TCURL' is: 'Invalid format, please follow as http://wwww.example.com'

2018-07-24 15:07:23 - [TEST_STEP][PASSED] - Statement - If (verifyURL.equals(msgTC) == true): null

2018-07-24 15:07:23 - [TEST_STEP][PASSED] - Statement - verifyError = true: null

2018-07-24 15:07:23 - [TEST_STEP][PASSED] - Statement - If (emailSender.trim() != ""): Web element with id: 'Object Repository/Campaign_OR/Error Message/msg_sender' located by 'By.xpath: id("emailSender")/p[@class="error-block"]' not found

2018-07-24 15:07:23 - [TEST_STEP][PASSED] - Statement - If (com.kms.katalon.core.webui.keyword.WebUiBuiltInKeywords.waitForElementVisible(com.kms.katalon.core.testobject.ObjectRepository.findTestObject(Campaign_OR/Error Message/msg_sender), 2)): Web element with id: 'Object Repository/Campaign_OR/Error Message/msg_sender' located by 'By.xpath: id("emailSender")/p[@class="error-block"]' not found

2018-07-24 15:07:25 - [MESSAGE][WARNING] - Web element with id: 'Object Repository/Campaign_OR/Error Message/msg_sender' located by 'By.xpath: id("emailSender")/p[@class="error-block"]' not found

2018-07-24 15:07:25 - [TEST_STEP][PASSED] - Statement - If (com.kms.katalon.core.webui.keyword.WebUiBuiltInKeywords.waitForElementVisible(com.kms.katalon.core.testobject.ObjectRepository.findTestObject(Campaign_OR/Error Message/msg_company_logo), 2)): Web element with id: 'Object Repository/Campaign_OR/Error Message/msg_company_logo' located by 'By.xpath: id("companyLogo")/p[@class="error-block ng-binding"][count(. | //p[@class = 'error-block ng-binding' and @ng-hide = 'CC.errorLogo == 200 || CC.errorLogo == undefined']) = count(//p[@class = 'error-block ng-binding' and @ng-hide = 'CC.errorLogo == 200 || CC.errorLogo == undefined'])]' not found

2018-07-24 15:07:27 - [MESSAGE][WARNING] - Web element with id: 'Object Repository/Campaign_OR/Error Message/msg_company_logo' located by 'By.xpath: id("companyLogo")/p[@class="error-block ng-binding"][count(. | //p[@class = 'error-block ng-binding' and @ng-hide = 'CC.errorLogo == 200 || CC.errorLogo == undefined']) = count(//p[@class = 'error-block ng-binding' and @ng-hide = 'CC.errorLogo == 200 || CC.errorLogo == undefined'])]' not found

2018-07-24 15:07:27 - [TEST_STEP][PASSED] - refresh: Refresh successfully

2018-07-24 15:07:27 - [MESSAGE][PASSED] - Refresh successfully

2018-07-24 15:07:27 - [TEST_STEP][PASSED] - Statement - If (verifyError == false): null]]></system-out>
         <system-err><![CDATA[]]></system-err>
      </testcase>
      <testcase name="Test Cases/Merchant Portal/Campaign/TC001 Campaign - verify all case" classname="Test Cases/Merchant Portal/Campaign/TC001 Campaign - verify all case" status="PASSED">
         <system-out><![CDATA[2018-07-24 15:07:27 - [TEST_CASE][PASSED] - Test Cases/Merchant Portal/Campaign/TC001 Campaign - verify all case: Test Cases/Merchant Portal/Campaign/TC001 Campaign - verify all case

2018-07-24 15:07:27 - [TEST_STEP][PASSED] - Statement - randomWords = CustomKeywords.randomWords.GenerateNumber.randomString(4): randomWords.GenerateNumber.randomString is PASSED

2018-07-24 15:07:27 - [MESSAGE][PASSED] - randomWords.GenerateNumber.randomString is PASSED

2018-07-24 15:07:27 - [TEST_STEP][PASSED] - Statement - If (companyName.trim() != ""): null

2018-07-24 15:07:27 - [TEST_STEP][PASSED] - Statement - companyName = companyName + randomWords: null

2018-07-24 15:07:27 - [TEST_STEP][PASSED] - Statement - If (campaignInstruc.trim() != ""): null

2018-07-24 15:07:27 - [TEST_STEP][PASSED] - Statement - campaignInstruc = campaignInstruc + randomWords: null

2018-07-24 15:07:27 - [TEST_STEP][PASSED] - Statement - If (emailSender.trim() != ""): null

2018-07-24 15:07:27 - [TEST_STEP][PASSED] - Statement - email = emailSender: null

2018-07-24 15:07:27 - [TEST_STEP][PASSED] - Statement - splitEmail = email.split("@"): null

2018-07-24 15:07:27 - [TEST_STEP][PASSED] - Statement - numb = length: null

2018-07-24 15:07:27 - [TEST_STEP][PASSED] - Statement - If (numb > 1): null

2018-07-24 15:07:27 - [TEST_STEP][PASSED] - Statement - If (emailSubject.trim() != ""): null

2018-07-24 15:07:27 - [TEST_STEP][PASSED] - Statement - emailSubject = emailSubject + randomWords: null

2018-07-24 15:07:27 - [TEST_STEP][PASSED] - Statement - If (emailContent.trim() != ""): null

2018-07-24 15:07:27 - [TEST_STEP][PASSED] - Statement - emailContent = emailContent + randomWords: null

2018-07-24 15:07:27 - [TEST_STEP][PASSED] - callTestCase: Call Test Case 'Test Cases/Merchant Portal/Campaign/Campagin Modules/create campaign' successfully

2018-07-24 15:07:28 - [TEST_CASE][PASSED] - Test Cases/Merchant Portal/Campaign/Campagin Modules/create campaign: Test Cases/Merchant Portal/Campaign/Campagin Modules/create campaign

2018-07-24 15:07:28 - [TEST_STEP][PASSED] - Statement - osName = "": null

2018-07-24 15:07:28 - [TEST_STEP][PASSED] - Statement - osName = CustomKeywords.os.DetectOS.getOperatingSystem(osName): os.DetectOS.getOperatingSystem is PASSED

2018-07-24 15:07:28 - [MESSAGE][PASSED] - os.DetectOS.getOperatingSystem is PASSED

2018-07-24 15:07:28 - [TEST_STEP][PASSED] - Statement - splitString = osName.split(): null

2018-07-24 15:07:28 - [TEST_STEP][PASSED] - Statement - os = splitString[0].toString(): null

2018-07-24 15:07:28 - [TEST_STEP][PASSED] - Statement - If (loggedin == false): null

2018-07-24 15:07:28 - [TEST_STEP][PASSED] - Statement - If (accessModule == false): null

2018-07-24 15:07:28 - [TEST_STEP][PASSED] - delay: Delayed 5 second(s)

2018-07-24 15:07:33 - [MESSAGE][PASSED] - Delayed 5 second(s)

2018-07-24 15:07:33 - [TEST_STEP][PASSED] - setText: Text 'Starbucks Reserve Ltddhkm' is set on object 'Object Repository/Campaign_OR/Fields/a.input_company_name'

2018-07-24 15:07:33 - [MESSAGE][PASSED] - Text 'Starbucks Reserve Ltddhkm' is set on object 'Object Repository/Campaign_OR/Fields/a.input_company_name'

2018-07-24 15:07:33 - [TEST_STEP][PASSED] - setText: Text 'Please subscribe with us and redeem a free coffee. Come join us now!dhkm' is set on object 'Object Repository/Campaign_OR/Fields/b.textarea_campaign_instruction'

2018-07-24 15:07:33 - [MESSAGE][PASSED] - Text 'Please subscribe with us and redeem a free coffee. Come join us now!dhkm' is set on object 'Object Repository/Campaign_OR/Fields/b.textarea_campaign_instruction'

2018-07-24 15:07:33 - [TEST_STEP][PASSED] - Statement - verifyEmail = false: null

2018-07-24 15:07:33 - [TEST_STEP][PASSED] - Statement - If (radioEmail.toLowerCase() == "true"): null

2018-07-24 15:07:33 - [TEST_STEP][PASSED] - Statement - verifyEmail = true: null

2018-07-24 15:07:33 - [TEST_STEP][PASSED] - Statement - If (verifyEmail == true): Object 'Object Repository/Campaign_OR/input_email' is visible

2018-07-24 15:07:33 - [TEST_STEP][PASSED] - Statement - If (com.kms.katalon.core.webui.keyword.WebUiBuiltInKeywords.verifyElementNotChecked(com.kms.katalon.core.testobject.ObjectRepository.findTestObject(Campaign_OR/Fields/c.checkbox_email), 1, OPTIONAL)): Object 'Object Repository/Campaign_OR/Fields/c.checkbox_email' is checked

2018-07-24 15:07:34 - [MESSAGE][WARNING] - Object 'Object Repository/Campaign_OR/Fields/c.checkbox_email' is checked
[[ATTACHMENT|C:\\Users\\kl.chan\\Katalon Studio\\boldreward\\Reports\\TS_Create_Campaign\\TS002 Edit Campaign with negative testing\\20180724_145748\\1532416053749.png]]

2018-07-24 15:07:34 - [TEST_STEP][PASSED] - Statement - Else: Object 'Object Repository/Campaign_OR/input_email' is visible

2018-07-24 15:07:34 - [TEST_STEP][PASSED] - verifyElementVisible: Object 'Object Repository/Campaign_OR/input_email' is visible

2018-07-24 15:07:34 - [MESSAGE][PASSED] - Object 'Object Repository/Campaign_OR/input_email' is visible

2018-07-24 15:07:34 - [TEST_STEP][PASSED] - Statement - verifyMobileno = false: null

2018-07-24 15:07:34 - [TEST_STEP][PASSED] - Statement - If (radioMobileno.toLowerCase() == "true"): null

2018-07-24 15:07:34 - [TEST_STEP][PASSED] - Statement - If (verifyMobileno == true): null

2018-07-24 15:07:34 - [TEST_STEP][PASSED] - Statement - Else If (verifyMobileno == false): Object 'Object Repository/Campaign_OR/input_mobileno' is NOT visible

2018-07-24 15:07:34 - [TEST_STEP][PASSED] - Statement - If (com.kms.katalon.core.webui.keyword.WebUiBuiltInKeywords.verifyElementChecked(com.kms.katalon.core.testobject.ObjectRepository.findTestObject(Campaign_OR/Fields/d.checkbox_mobile_number), 1, OPTIONAL)): Object 'Object Repository/Campaign_OR/input_mobileno' is NOT visible

2018-07-24 15:07:34 - [MESSAGE][PASSED] - Object 'Object Repository/Campaign_OR/Fields/d.checkbox_mobile_number' is checked

2018-07-24 15:07:34 - [TEST_STEP][PASSED] - delay: Delayed 1 second(s)

2018-07-24 15:07:35 - [MESSAGE][PASSED] - Delayed 1 second(s)

2018-07-24 15:07:35 - [TEST_STEP][PASSED] - click: Object: 'Object Repository/Campaign_OR/Fields/d.checkbox_mobile_number' is clicked on

2018-07-24 15:07:35 - [MESSAGE][PASSED] - Object: 'Object Repository/Campaign_OR/Fields/d.checkbox_mobile_number' is clicked on

2018-07-24 15:07:35 - [TEST_STEP][PASSED] - verifyElementNotVisible: Object 'Object Repository/Campaign_OR/input_mobileno' is NOT visible

2018-07-24 15:07:35 - [MESSAGE][PASSED] - Object 'Object Repository/Campaign_OR/input_mobileno' is NOT visible

2018-07-24 15:07:35 - [TEST_STEP][PASSED] - Statement - verifyName = false: null

2018-07-24 15:07:35 - [TEST_STEP][PASSED] - Statement - If (radioName.toLowerCase() == "true"): null

2018-07-24 15:07:35 - [TEST_STEP][PASSED] - Statement - If (verifyName == true): null

2018-07-24 15:07:35 - [TEST_STEP][PASSED] - Statement - Else If (verifyName == false): Object 'Object Repository/Campaign_OR/input_name' is NOT visible

2018-07-24 15:07:35 - [TEST_STEP][PASSED] - Statement - If (com.kms.katalon.core.webui.keyword.WebUiBuiltInKeywords.verifyElementChecked(com.kms.katalon.core.testobject.ObjectRepository.findTestObject(Campaign_OR/Fields/e.checkbox_name), 1, OPTIONAL)): Object 'Object Repository/Campaign_OR/input_name' is NOT visible

2018-07-24 15:07:35 - [MESSAGE][PASSED] - Object 'Object Repository/Campaign_OR/Fields/e.checkbox_name' is checked

2018-07-24 15:07:35 - [TEST_STEP][PASSED] - delay: Delayed 1 second(s)

2018-07-24 15:07:36 - [MESSAGE][PASSED] - Delayed 1 second(s)

2018-07-24 15:07:36 - [TEST_STEP][PASSED] - click: Object: 'Object Repository/Campaign_OR/Fields/e.checkbox_name' is clicked on

2018-07-24 15:07:36 - [MESSAGE][PASSED] - Object: 'Object Repository/Campaign_OR/Fields/e.checkbox_name' is clicked on

2018-07-24 15:07:36 - [TEST_STEP][PASSED] - verifyElementNotVisible: Object 'Object Repository/Campaign_OR/input_name' is NOT visible

2018-07-24 15:07:36 - [MESSAGE][PASSED] - Object 'Object Repository/Campaign_OR/input_name' is NOT visible

2018-07-24 15:07:36 - [TEST_STEP][PASSED] - Statement - verifyGender = false: null

2018-07-24 15:07:36 - [TEST_STEP][PASSED] - Statement - If (radioGender.toLowerCase() == "true"): null

2018-07-24 15:07:36 - [TEST_STEP][PASSED] - Statement - If (verifyGender == true): null

2018-07-24 15:07:36 - [TEST_STEP][PASSED] - Statement - Else If (verifyGender == false): Object 'Object Repository/Campaign_OR/label_Female' is NOT visible

2018-07-24 15:07:36 - [TEST_STEP][PASSED] - Statement - If (com.kms.katalon.core.webui.keyword.WebUiBuiltInKeywords.verifyElementChecked(com.kms.katalon.core.testobject.ObjectRepository.findTestObject(Campaign_OR/Fields/f.checkbox_gender), 1, OPTIONAL)): Object 'Object Repository/Campaign_OR/label_Female' is NOT visible

2018-07-24 15:07:36 - [MESSAGE][PASSED] - Object 'Object Repository/Campaign_OR/Fields/f.checkbox_gender' is checked

2018-07-24 15:07:36 - [TEST_STEP][PASSED] - delay: Delayed 1 second(s)

2018-07-24 15:07:37 - [MESSAGE][PASSED] - Delayed 1 second(s)

2018-07-24 15:07:37 - [TEST_STEP][PASSED] - click: Object: 'Object Repository/Campaign_OR/Fields/f.checkbox_gender' is clicked on

2018-07-24 15:07:37 - [MESSAGE][PASSED] - Object: 'Object Repository/Campaign_OR/Fields/f.checkbox_gender' is clicked on

2018-07-24 15:07:37 - [TEST_STEP][PASSED] - verifyElementNotVisible: Object 'Object Repository/Campaign_OR/label_Male' is NOT visible

2018-07-24 15:07:37 - [MESSAGE][PASSED] - Object 'Object Repository/Campaign_OR/label_Male' is NOT visible

2018-07-24 15:07:37 - [TEST_STEP][PASSED] - verifyElementNotVisible: Object 'Object Repository/Campaign_OR/label_Female' is NOT visible

2018-07-24 15:07:37 - [MESSAGE][PASSED] - Object 'Object Repository/Campaign_OR/label_Female' is NOT visible

2018-07-24 15:07:37 - [TEST_STEP][PASSED] - Statement - verifyDOB = false: null

2018-07-24 15:07:37 - [TEST_STEP][PASSED] - Statement - If (radioDOB.toLowerCase() == "true"): null

2018-07-24 15:07:37 - [TEST_STEP][PASSED] - Statement - If (verifyDOB == true): null

2018-07-24 15:07:37 - [TEST_STEP][PASSED] - Statement - Else If (verifyDOB == false): Object 'Object Repository/Campaign_OR/input_datepicker' is NOT visible

2018-07-24 15:07:37 - [TEST_STEP][PASSED] - Statement - If (com.kms.katalon.core.webui.keyword.WebUiBuiltInKeywords.verifyElementChecked(com.kms.katalon.core.testobject.ObjectRepository.findTestObject(Campaign_OR/Fields/g.checkbox_dob), 1, OPTIONAL)): Object 'Object Repository/Campaign_OR/input_datepicker' is NOT visible

2018-07-24 15:07:37 - [MESSAGE][PASSED] - Object 'Object Repository/Campaign_OR/Fields/g.checkbox_dob' is checked

2018-07-24 15:07:37 - [TEST_STEP][PASSED] - delay: Delayed 1 second(s)

2018-07-24 15:07:38 - [MESSAGE][PASSED] - Delayed 1 second(s)

2018-07-24 15:07:38 - [TEST_STEP][PASSED] - click: Object: 'Object Repository/Campaign_OR/Fields/g.checkbox_dob' is clicked on

2018-07-24 15:07:38 - [MESSAGE][PASSED] - Object: 'Object Repository/Campaign_OR/Fields/g.checkbox_dob' is clicked on

2018-07-24 15:07:38 - [TEST_STEP][PASSED] - verifyElementNotVisible: Object 'Object Repository/Campaign_OR/input_datepicker' is NOT visible

2018-07-24 15:07:38 - [MESSAGE][PASSED] - Object 'Object Repository/Campaign_OR/input_datepicker' is NOT visible

2018-07-24 15:07:38 - [TEST_STEP][PASSED] - Statement - filepath = "": null

2018-07-24 15:07:38 - [TEST_STEP][PASSED] - Statement - If (os == "Windows"): null

2018-07-24 15:07:38 - [TEST_STEP][PASSED] - Statement - filepath = campaignImagePath: null

2018-07-24 15:07:38 - [TEST_STEP][PASSED] - Statement - verifyImgName = "": null

2018-07-24 15:07:38 - [TEST_STEP][PASSED] - Statement - uploadedImg = false: null

2018-07-24 15:07:38 - [TEST_STEP][PASSED] - Statement - If (filepath.trim() != "" && campaignImage.trim() != ""): null

2018-07-24 15:07:38 - [TEST_STEP][PASSED] - sendKeys: Keys 'C:\Users\kl.chan\Katalon Studio\boldreward\Images\Campaign Image\starbucks copy.jpg' sent to object: 'Object Repository/Campaign_OR/Fields/h.button_campaign_image_1'

2018-07-24 15:07:38 - [MESSAGE][PASSED] - Keys 'C:\Users\kl.chan\Katalon Studio\boldreward\Images\Campaign Image\starbucks copy.jpg' sent to object: 'Object Repository/Campaign_OR/Fields/h.button_campaign_image_1'

2018-07-24 15:07:38 - [TEST_STEP][PASSED] - delay: Delayed 1 second(s)

2018-07-24 15:07:39 - [MESSAGE][PASSED] - Delayed 1 second(s)

2018-07-24 15:07:39 - [TEST_STEP][PASSED] - Statement - If (com.kms.katalon.core.webui.keyword.WebUiBuiltInKeywords.waitForElementVisible(com.kms.katalon.core.testobject.ObjectRepository.findTestObject(Campaign_OR/uploadedCampaignImg), 30)): null

2018-07-24 15:07:39 - [MESSAGE][PASSED] - Object 'Object Repository/Campaign_OR/uploadedCampaignImg' is visible

2018-07-24 15:07:39 - [TEST_STEP][PASSED] - Statement - verifyImgName = com.kms.katalon.core.webui.keyword.WebUiBuiltInKeywords.getText(com.kms.katalon.core.testobject.ObjectRepository.findTestObject(Campaign_OR/uploadedCampaignImg)): Text of object 'Object Repository/Campaign_OR/uploadedCampaignImg' is: 'starbucks copy.jpg'

2018-07-24 15:07:39 - [MESSAGE][PASSED] - Text of object 'Object Repository/Campaign_OR/uploadedCampaignImg' is: 'starbucks copy.jpg'

2018-07-24 15:07:39 - [TEST_STEP][PASSED] - Statement - If (verifyImgName.equals(campaignImage) == true): null

2018-07-24 15:07:39 - [TEST_STEP][PASSED] - Statement - uploadedImg = true: null

2018-07-24 15:07:39 - [TEST_STEP][PASSED] - setText: Text 'http://www.starbucks.com.my/' is set on object 'Object Repository/Campaign_OR/Fields/i.k.input_tnc'

2018-07-24 15:07:39 - [MESSAGE][PASSED] - Text 'http://www.starbucks.com.my/' is set on object 'Object Repository/Campaign_OR/Fields/i.k.input_tnc'

2018-07-24 15:07:39 - [TEST_STEP][PASSED] - setText: Text 'kl.chanmacrokiosk.com' is set on object 'Object Repository/Campaign_OR/Fields/j.input_sender'

2018-07-24 15:07:40 - [MESSAGE][PASSED] - Text 'kl.chanmacrokiosk.com' is set on object 'Object Repository/Campaign_OR/Fields/j.input_sender'

2018-07-24 15:07:40 - [TEST_STEP][PASSED] - setText: Text 'Starbucks Reserve @ SITdhkm' is set on object 'Object Repository/Campaign_OR/Fields/k.input_subject'

2018-07-24 15:07:40 - [MESSAGE][PASSED] - Text 'Starbucks Reserve @ SITdhkm' is set on object 'Object Repository/Campaign_OR/Fields/k.input_subject'

2018-07-24 15:07:40 - [TEST_STEP][PASSED] - setText: Text 'Hello User, Welcome to our Starbucks Reserve @ SIT. Come subscribe with us and redeem more rewards.dhkm' is set on object 'Object Repository/Campaign_OR/Fields/l.textarea_content'

2018-07-24 15:07:40 - [MESSAGE][PASSED] - Text 'Hello User, Welcome to our Starbucks Reserve @ SIT. Come subscribe with us and redeem more rewards.dhkm' is set on object 'Object Repository/Campaign_OR/Fields/l.textarea_content'

2018-07-24 15:07:40 - [TEST_STEP][PASSED] - Statement - filepath = "": null

2018-07-24 15:07:40 - [TEST_STEP][PASSED] - Statement - If (os == "Windows"): null

2018-07-24 15:07:40 - [TEST_STEP][PASSED] - Statement - filepath = companyLogoPath: null

2018-07-24 15:07:40 - [TEST_STEP][PASSED] - Statement - verifyImgName = "": null

2018-07-24 15:07:40 - [TEST_STEP][PASSED] - Statement - uploadedImg = false: null

2018-07-24 15:07:40 - [TEST_STEP][PASSED] - Statement - reuploadCount = 0: null

2018-07-24 15:07:40 - [TEST_STEP][PASSED] - Statement - If (filepath.trim() != "" && companyLogo.trim() != ""): null

2018-07-24 15:07:40 - [TEST_STEP][PASSED] - sendKeys: Keys 'C:\Users\kl.chan\Katalon Studio\boldreward\Images\Company Logo\starbucks logo.jpg' sent to object: 'Object Repository/Campaign_OR/Fields/m.button_company_logo_1'

2018-07-24 15:07:40 - [MESSAGE][PASSED] - Keys 'C:\Users\kl.chan\Katalon Studio\boldreward\Images\Company Logo\starbucks logo.jpg' sent to object: 'Object Repository/Campaign_OR/Fields/m.button_company_logo_1'

2018-07-24 15:07:40 - [TEST_STEP][PASSED] - delay: Delayed 1 second(s)

2018-07-24 15:07:41 - [MESSAGE][PASSED] - Delayed 1 second(s)

2018-07-24 15:07:41 - [TEST_STEP][PASSED] - Statement - If (com.kms.katalon.core.webui.keyword.WebUiBuiltInKeywords.waitForElementVisible(com.kms.katalon.core.testobject.ObjectRepository.findTestObject(Campaign_OR/uploadedCompanyLogo), 30)): null

2018-07-24 15:07:41 - [MESSAGE][PASSED] - Object 'Object Repository/Campaign_OR/uploadedCompanyLogo' is visible

2018-07-24 15:07:41 - [TEST_STEP][PASSED] - Statement - verifyImgName = com.kms.katalon.core.webui.keyword.WebUiBuiltInKeywords.getText(com.kms.katalon.core.testobject.ObjectRepository.findTestObject(Campaign_OR/uploadedCompanyLogo)): Text of object 'Object Repository/Campaign_OR/uploadedCompanyLogo' is: 'starbucks logo.jpg'

2018-07-24 15:07:41 - [MESSAGE][PASSED] - Text of object 'Object Repository/Campaign_OR/uploadedCompanyLogo' is: 'starbucks logo.jpg'

2018-07-24 15:07:41 - [TEST_STEP][PASSED] - Statement - If (verifyImgName.equals(companyLogo) == true): null

2018-07-24 15:07:41 - [TEST_STEP][PASSED] - Statement - uploadedImg = true: null

2018-07-24 15:07:41 - [TEST_STEP][PASSED] - Statement - If (rewardCode == true): null

2018-07-24 15:07:41 - [TEST_STEP][PASSED] - Statement - Else If (rewardCode == false): Object: 'Object Repository/Campaign_OR/Fields/n.label_No' is clicked on

2018-07-24 15:07:41 - [TEST_STEP][PASSED] - click: Object: 'Object Repository/Campaign_OR/Fields/n.label_No' is clicked on

2018-07-24 15:07:42 - [MESSAGE][PASSED] - Object: 'Object Repository/Campaign_OR/Fields/n.label_No' is clicked on

2018-07-24 15:07:42 - [TEST_STEP][PASSED] - verifyElementChecked: Object 'Object Repository/Campaign_OR/Fields/radio_No' is checked

2018-07-24 15:07:42 - [MESSAGE][PASSED] - Object 'Object Repository/Campaign_OR/Fields/radio_No' is checked

2018-07-24 15:07:42 - [TEST_STEP][PASSED] - verifyElementChecked: Object 'Object Repository/Campaign_OR/Fields/radio_Yes' is not checked

2018-07-24 15:07:42 - [MESSAGE][WARNING] - Object 'Object Repository/Campaign_OR/Fields/radio_Yes' is not checked
[[ATTACHMENT|C:\\Users\\kl.chan\\Katalon Studio\\boldreward\\Reports\\TS_Create_Campaign\\TS002 Edit Campaign with negative testing\\20180724_145748\\1532416062123.png]]

2018-07-24 15:07:42 - [TEST_STEP][PASSED] - click: Object: 'Object Repository/Campaign_OR/button_Save' is clicked on

2018-07-24 15:07:42 - [MESSAGE][PASSED] - Object: 'Object Repository/Campaign_OR/button_Save' is clicked on

2018-07-24 15:07:42 - [TEST_STEP][PASSED] - delay: Delayed 2 second(s)

2018-07-24 15:07:44 - [MESSAGE][PASSED] - Delayed 2 second(s)

2018-07-24 15:07:44 - [MESSAGE][PASSED] - Call Test Case 'Test Cases/Merchant Portal/Campaign/Campagin Modules/create campaign' successfully

2018-07-24 15:07:44 - [TEST_STEP][PASSED] - Statement - updateFailed = false: null

2018-07-24 15:07:44 - [TEST_STEP][PASSED] - Statement - If (com.kms.katalon.core.webui.keyword.WebUiBuiltInKeywords.waitForElementVisible(com.kms.katalon.core.testobject.ObjectRepository.findTestObject(a.Not_Assigned_OR/alert_msg_top), 3)): null

2018-07-24 15:07:44 - [MESSAGE][PASSED] - Object 'Object Repository/a.Not_Assigned_OR/alert_msg_top' is visible

2018-07-24 15:07:44 - [TEST_STEP][PASSED] - Statement - verifyPopoutMsg = com.kms.katalon.core.webui.keyword.WebUiBuiltInKeywords.getText(com.kms.katalon.core.testobject.ObjectRepository.findTestObject(a.Not_Assigned_OR/alert_msg_top)): Text of object 'Object Repository/a.Not_Assigned_OR/alert_msg_top' is: 'Oops! Invalid inputs, please try again.'

2018-07-24 15:07:44 - [MESSAGE][PASSED] - Text of object 'Object Repository/a.Not_Assigned_OR/alert_msg_top' is: 'Oops! Invalid inputs, please try again.'

2018-07-24 15:07:44 - [TEST_STEP][PASSED] - Statement - If (verifyPopoutMsg.equals(msgServer) == true): null

2018-07-24 15:07:44 - [TEST_STEP][PASSED] - Statement - updateFailed = true: null

2018-07-24 15:07:44 - [TEST_STEP][PASSED] - Statement - updateSuccess = false: null

2018-07-24 15:07:44 - [TEST_STEP][PASSED] - Statement - If (com.kms.katalon.core.webui.keyword.WebUiBuiltInKeywords.waitForElementVisible(com.kms.katalon.core.testobject.ObjectRepository.findTestObject(Campaign_OR/Error Message/msg_edit_success), 3)): Web element with id: 'Object Repository/Campaign_OR/Error Message/msg_edit_success' located by 'By.xpath: id("errorMessage")/p[@class="error-block"]' not found

2018-07-24 15:07:47 - [MESSAGE][WARNING] - Web element with id: 'Object Repository/Campaign_OR/Error Message/msg_edit_success' located by 'By.xpath: id("errorMessage")/p[@class="error-block"]' not found

2018-07-24 15:07:47 - [TEST_STEP][PASSED] - Statement - createSuccess = false: null

2018-07-24 15:07:47 - [TEST_STEP][PASSED] - Statement - If (com.kms.katalon.core.webui.keyword.WebUiBuiltInKeywords.waitForElementVisible(com.kms.katalon.core.testobject.ObjectRepository.findTestObject(Home_OR/label_home), 3)): Web element with id: 'Object Repository/Home_OR/label_home' located by 'By.xpath: id("wrapper")/div[@class="content-page"]/div[@class="content"]/div[@class="ng-scope"]/div[@class="ng-scope"]/div[@class="page-heading"]/h1[1][count(. | //h1[(text() = ' Home' or . = ' Home')]) = count(//h1[(text() = ' Home' or . = ' Home')])]' not found

2018-07-24 15:07:50 - [MESSAGE][WARNING] - Web element with id: 'Object Repository/Home_OR/label_home' located by 'By.xpath: id("wrapper")/div[@class="content-page"]/div[@class="content"]/div[@class="ng-scope"]/div[@class="ng-scope"]/div[@class="page-heading"]/h1[1][count(. | //h1[(text() = ' Home' or . = ' Home')]) = count(//h1[(text() = ' Home' or . = ' Home')])]' not found

2018-07-24 15:07:50 - [TEST_STEP][PASSED] - Statement - If (updateSuccess == true): null

2018-07-24 15:07:50 - [TEST_STEP][PASSED] - Statement - Else If (updateFailed == true): null

2018-07-24 15:07:50 - [TEST_STEP][PASSED] - Statement - verifyError = false: null

2018-07-24 15:07:50 - [TEST_STEP][PASSED] - Statement - If (companyName.trim() == ""): null

2018-07-24 15:07:50 - [TEST_STEP][PASSED] - Statement - If (campaignInstruc.trim() == ""): null

2018-07-24 15:07:50 - [TEST_STEP][PASSED] - Statement - If (radioEmail.toLowerCase() == "false"): null

2018-07-24 15:07:50 - [TEST_STEP][PASSED] - Statement - campaignImgName = com.kms.katalon.core.webui.keyword.WebUiBuiltInKeywords.getText(com.kms.katalon.core.testobject.ObjectRepository.findTestObject(Campaign_OR/uploadedCampaignImg)): Text of object 'Object Repository/Campaign_OR/uploadedCampaignImg' is: 'starbucks copy.jpg'

2018-07-24 15:07:50 - [MESSAGE][PASSED] - Text of object 'Object Repository/Campaign_OR/uploadedCampaignImg' is: 'starbucks copy.jpg'

2018-07-24 15:07:50 - [TEST_STEP][PASSED] - Statement - If (campaignImgName == ""): null

2018-07-24 15:07:50 - [TEST_STEP][PASSED] - Statement - If (emailSender.trim() == ""): null

2018-07-24 15:07:50 - [TEST_STEP][PASSED] - Statement - If (emailSubject.trim() == ""): null

2018-07-24 15:07:50 - [TEST_STEP][PASSED] - Statement - If (emailContent.trim() == ""): null

2018-07-24 15:07:50 - [TEST_STEP][PASSED] - Statement - companyLogoName = com.kms.katalon.core.webui.keyword.WebUiBuiltInKeywords.getText(com.kms.katalon.core.testobject.ObjectRepository.findTestObject(Campaign_OR/uploadedCompanyLogo)): Text of object 'Object Repository/Campaign_OR/uploadedCompanyLogo' is: 'starbucks logo.jpg'

2018-07-24 15:07:50 - [MESSAGE][PASSED] - Text of object 'Object Repository/Campaign_OR/uploadedCompanyLogo' is: 'starbucks logo.jpg'

2018-07-24 15:07:50 - [TEST_STEP][PASSED] - Statement - If (companyLogoName == ""): null

2018-07-24 15:07:50 - [TEST_STEP][PASSED] - Statement - If (com.kms.katalon.core.webui.keyword.WebUiBuiltInKeywords.waitForElementVisible(com.kms.katalon.core.testobject.ObjectRepository.findTestObject(Campaign_OR/Error Message/msg_cpgn_image2), 2)): Web element with id: 'Object Repository/Campaign_OR/Error Message/msg_cpgn_image2' located by 'By.xpath: id("campaignImage")/p[@class="error-block ng-binding"][count(. | //p[@class = 'error-block ng-binding' and @ng-hide = 'CC.errorImage == 200 || CC.errorImage == undefined']) = count(//p[@class = 'error-block ng-binding' and @ng-hide = 'CC.errorImage == 200 || CC.errorImage == undefined'])]' not found

2018-07-24 15:07:52 - [MESSAGE][WARNING] - Web element with id: 'Object Repository/Campaign_OR/Error Message/msg_cpgn_image2' located by 'By.xpath: id("campaignImage")/p[@class="error-block ng-binding"][count(. | //p[@class = 'error-block ng-binding' and @ng-hide = 'CC.errorImage == 200 || CC.errorImage == undefined']) = count(//p[@class = 'error-block ng-binding' and @ng-hide = 'CC.errorImage == 200 || CC.errorImage == undefined'])]' not found

2018-07-24 15:07:52 - [TEST_STEP][PASSED] - Statement - If (com.kms.katalon.core.webui.keyword.WebUiBuiltInKeywords.waitForElementVisible(com.kms.katalon.core.testobject.ObjectRepository.findTestObject(Campaign_OR/Error Message/msg_TCURL), 2)): Web element with id: 'Object Repository/Campaign_OR/Error Message/msg_TCURL' located by 'By.xpath: id("wrapper")/div[@class="content-page"]/div[@class="content"]/div[@class="ng-scope"]/div[@class="row ng-scope"]/div[@class="col-md-7"]/div[@class="widget"]/div[@class="widget-content padding"]/div[@class="form-horizontal"]/div[@class="form-group"]/div[@id="tncUrl"]/p[@class="error-block"][count(. | //p[(text() = 'Invalid format, please follow as http://wwww.example.com' or . = 'Invalid format, please follow as http://wwww.example.com')]) = count(//p[(text() = 'Invalid format, please follow as http://wwww.example.com' or . = 'Invalid format, please follow as http://wwww.example.com')])]' not found

2018-07-24 15:07:54 - [MESSAGE][WARNING] - Web element with id: 'Object Repository/Campaign_OR/Error Message/msg_TCURL' located by 'By.xpath: id("wrapper")/div[@class="content-page"]/div[@class="content"]/div[@class="ng-scope"]/div[@class="row ng-scope"]/div[@class="col-md-7"]/div[@class="widget"]/div[@class="widget-content padding"]/div[@class="form-horizontal"]/div[@class="form-group"]/div[@id="tncUrl"]/p[@class="error-block"][count(. | //p[(text() = 'Invalid format, please follow as http://wwww.example.com' or . = 'Invalid format, please follow as http://wwww.example.com')]) = count(//p[(text() = 'Invalid format, please follow as http://wwww.example.com' or . = 'Invalid format, please follow as http://wwww.example.com')])]' not found

2018-07-24 15:07:54 - [TEST_STEP][PASSED] - Statement - If (emailSender.trim() != ""): null

2018-07-24 15:07:54 - [TEST_STEP][PASSED] - Statement - If (com.kms.katalon.core.webui.keyword.WebUiBuiltInKeywords.waitForElementVisible(com.kms.katalon.core.testobject.ObjectRepository.findTestObject(Campaign_OR/Error Message/msg_sender), 2)): null

2018-07-24 15:07:54 - [MESSAGE][PASSED] - Object 'Object Repository/Campaign_OR/Error Message/msg_sender' is visible

2018-07-24 15:07:54 - [TEST_STEP][PASSED] - Statement - verifyEmail = com.kms.katalon.core.webui.keyword.WebUiBuiltInKeywords.getText(com.kms.katalon.core.testobject.ObjectRepository.findTestObject(Campaign_OR/Error Message/msg_sender)): Text of object 'Object Repository/Campaign_OR/Error Message/msg_sender' is: 'Invalid email address.'

2018-07-24 15:07:54 - [MESSAGE][PASSED] - Text of object 'Object Repository/Campaign_OR/Error Message/msg_sender' is: 'Invalid email address.'

2018-07-24 15:07:54 - [TEST_STEP][PASSED] - Statement - If (verifyEmail.equals(msgInvalidEmail)): null

2018-07-24 15:07:54 - [TEST_STEP][PASSED] - Statement - verifyError = true: null

2018-07-24 15:07:54 - [TEST_STEP][PASSED] - Statement - If (com.kms.katalon.core.webui.keyword.WebUiBuiltInKeywords.waitForElementVisible(com.kms.katalon.core.testobject.ObjectRepository.findTestObject(Campaign_OR/Error Message/msg_company_logo), 2)): Web element with id: 'Object Repository/Campaign_OR/Error Message/msg_company_logo' located by 'By.xpath: id("companyLogo")/p[@class="error-block ng-binding"][count(. | //p[@class = 'error-block ng-binding' and @ng-hide = 'CC.errorLogo == 200 || CC.errorLogo == undefined']) = count(//p[@class = 'error-block ng-binding' and @ng-hide = 'CC.errorLogo == 200 || CC.errorLogo == undefined'])]' not found

2018-07-24 15:07:56 - [MESSAGE][WARNING] - Web element with id: 'Object Repository/Campaign_OR/Error Message/msg_company_logo' located by 'By.xpath: id("companyLogo")/p[@class="error-block ng-binding"][count(. | //p[@class = 'error-block ng-binding' and @ng-hide = 'CC.errorLogo == 200 || CC.errorLogo == undefined']) = count(//p[@class = 'error-block ng-binding' and @ng-hide = 'CC.errorLogo == 200 || CC.errorLogo == undefined'])]' not found

2018-07-24 15:07:56 - [TEST_STEP][PASSED] - refresh: Refresh successfully

2018-07-24 15:07:57 - [MESSAGE][PASSED] - Refresh successfully

2018-07-24 15:07:57 - [TEST_STEP][PASSED] - Statement - If (verifyError == false): null]]></system-out>
         <system-err><![CDATA[]]></system-err>
      </testcase>
      <testcase name="Test Cases/Merchant Portal/Campaign/TC001 Campaign - verify all case" classname="Test Cases/Merchant Portal/Campaign/TC001 Campaign - verify all case" status="PASSED">
         <system-out><![CDATA[2018-07-24 15:07:57 - [TEST_CASE][PASSED] - Test Cases/Merchant Portal/Campaign/TC001 Campaign - verify all case: Test Cases/Merchant Portal/Campaign/TC001 Campaign - verify all case

2018-07-24 15:07:57 - [TEST_STEP][PASSED] - Statement - randomWords = CustomKeywords.randomWords.GenerateNumber.randomString(4): randomWords.GenerateNumber.randomString is PASSED

2018-07-24 15:07:57 - [MESSAGE][PASSED] - randomWords.GenerateNumber.randomString is PASSED

2018-07-24 15:07:57 - [TEST_STEP][PASSED] - Statement - If (companyName.trim() != ""): null

2018-07-24 15:07:57 - [TEST_STEP][PASSED] - Statement - companyName = companyName + randomWords: null

2018-07-24 15:07:57 - [TEST_STEP][PASSED] - Statement - If (campaignInstruc.trim() != ""): null

2018-07-24 15:07:57 - [TEST_STEP][PASSED] - Statement - campaignInstruc = campaignInstruc + randomWords: null

2018-07-24 15:07:57 - [TEST_STEP][PASSED] - Statement - If (emailSender.trim() != ""): null

2018-07-24 15:07:57 - [TEST_STEP][PASSED] - Statement - email = emailSender: null

2018-07-24 15:07:57 - [TEST_STEP][PASSED] - Statement - splitEmail = email.split("@"): null

2018-07-24 15:07:57 - [TEST_STEP][PASSED] - Statement - numb = length: null

2018-07-24 15:07:57 - [TEST_STEP][PASSED] - Statement - If (numb > 1): null

2018-07-24 15:07:57 - [TEST_STEP][PASSED] - Statement - emailSender = splitEmail[0] + randomWords + "@" + splitEmail[1]: null

2018-07-24 15:07:57 - [TEST_STEP][PASSED] - Statement - If (emailSubject.trim() != ""): null

2018-07-24 15:07:57 - [TEST_STEP][PASSED] - Statement - emailSubject = emailSubject + randomWords: null

2018-07-24 15:07:57 - [TEST_STEP][PASSED] - Statement - If (emailContent.trim() != ""): null

2018-07-24 15:07:57 - [TEST_STEP][PASSED] - Statement - emailContent = emailContent + randomWords: null

2018-07-24 15:07:57 - [TEST_STEP][PASSED] - callTestCase: Call Test Case 'Test Cases/Merchant Portal/Campaign/Campagin Modules/create campaign' successfully

2018-07-24 15:07:57 - [TEST_CASE][PASSED] - Test Cases/Merchant Portal/Campaign/Campagin Modules/create campaign: Test Cases/Merchant Portal/Campaign/Campagin Modules/create campaign

2018-07-24 15:07:57 - [TEST_STEP][PASSED] - Statement - osName = "": null

2018-07-24 15:07:57 - [TEST_STEP][PASSED] - Statement - osName = CustomKeywords.os.DetectOS.getOperatingSystem(osName): os.DetectOS.getOperatingSystem is PASSED

2018-07-24 15:07:57 - [MESSAGE][PASSED] - os.DetectOS.getOperatingSystem is PASSED

2018-07-24 15:07:57 - [TEST_STEP][PASSED] - Statement - splitString = osName.split(): null

2018-07-24 15:07:57 - [TEST_STEP][PASSED] - Statement - os = splitString[0].toString(): null

2018-07-24 15:07:57 - [TEST_STEP][PASSED] - Statement - If (loggedin == false): null

2018-07-24 15:07:57 - [TEST_STEP][PASSED] - Statement - If (accessModule == false): null

2018-07-24 15:07:57 - [TEST_STEP][PASSED] - delay: Delayed 5 second(s)

2018-07-24 15:08:02 - [MESSAGE][PASSED] - Delayed 5 second(s)

2018-07-24 15:08:02 - [TEST_STEP][PASSED] - setText: Text 'Starbucks Reserve LtdRD8i' is set on object 'Object Repository/Campaign_OR/Fields/a.input_company_name'

2018-07-24 15:08:03 - [MESSAGE][PASSED] - Text 'Starbucks Reserve LtdRD8i' is set on object 'Object Repository/Campaign_OR/Fields/a.input_company_name'

2018-07-24 15:08:03 - [TEST_STEP][PASSED] - setText: Text 'Please subscribe with us and redeem a free coffee. Come join us now!RD8i' is set on object 'Object Repository/Campaign_OR/Fields/b.textarea_campaign_instruction'

2018-07-24 15:08:03 - [MESSAGE][PASSED] - Text 'Please subscribe with us and redeem a free coffee. Come join us now!RD8i' is set on object 'Object Repository/Campaign_OR/Fields/b.textarea_campaign_instruction'

2018-07-24 15:08:03 - [TEST_STEP][PASSED] - Statement - verifyEmail = false: null

2018-07-24 15:08:03 - [TEST_STEP][PASSED] - Statement - If (radioEmail.toLowerCase() == "true"): null

2018-07-24 15:08:03 - [TEST_STEP][PASSED] - Statement - verifyEmail = true: null

2018-07-24 15:08:03 - [TEST_STEP][PASSED] - Statement - If (verifyEmail == true): Object 'Object Repository/Campaign_OR/input_email' is visible

2018-07-24 15:08:03 - [TEST_STEP][PASSED] - Statement - If (com.kms.katalon.core.webui.keyword.WebUiBuiltInKeywords.verifyElementNotChecked(com.kms.katalon.core.testobject.ObjectRepository.findTestObject(Campaign_OR/Fields/c.checkbox_email), 1, OPTIONAL)): Object 'Object Repository/Campaign_OR/Fields/c.checkbox_email' is checked

2018-07-24 15:08:03 - [MESSAGE][WARNING] - Object 'Object Repository/Campaign_OR/Fields/c.checkbox_email' is checked
[[ATTACHMENT|C:\\Users\\kl.chan\\Katalon Studio\\boldreward\\Reports\\TS_Create_Campaign\\TS002 Edit Campaign with negative testing\\20180724_145748\\1532416083516.png]]

2018-07-24 15:08:03 - [TEST_STEP][PASSED] - Statement - Else: Object 'Object Repository/Campaign_OR/input_email' is visible

2018-07-24 15:08:03 - [TEST_STEP][PASSED] - verifyElementVisible: Object 'Object Repository/Campaign_OR/input_email' is visible

2018-07-24 15:08:03 - [MESSAGE][PASSED] - Object 'Object Repository/Campaign_OR/input_email' is visible

2018-07-24 15:08:03 - [TEST_STEP][PASSED] - Statement - verifyMobileno = false: null

2018-07-24 15:08:03 - [TEST_STEP][PASSED] - Statement - If (radioMobileno.toLowerCase() == "true"): null

2018-07-24 15:08:03 - [TEST_STEP][PASSED] - Statement - If (verifyMobileno == true): null

2018-07-24 15:08:03 - [TEST_STEP][PASSED] - Statement - Else If (verifyMobileno == false): Object 'Object Repository/Campaign_OR/input_mobileno' is NOT visible

2018-07-24 15:08:03 - [TEST_STEP][PASSED] - Statement - If (com.kms.katalon.core.webui.keyword.WebUiBuiltInKeywords.verifyElementChecked(com.kms.katalon.core.testobject.ObjectRepository.findTestObject(Campaign_OR/Fields/d.checkbox_mobile_number), 1, OPTIONAL)): Object 'Object Repository/Campaign_OR/input_mobileno' is NOT visible

2018-07-24 15:08:03 - [MESSAGE][PASSED] - Object 'Object Repository/Campaign_OR/Fields/d.checkbox_mobile_number' is checked

2018-07-24 15:08:03 - [TEST_STEP][PASSED] - delay: Delayed 1 second(s)

2018-07-24 15:08:04 - [MESSAGE][PASSED] - Delayed 1 second(s)

2018-07-24 15:08:04 - [TEST_STEP][PASSED] - click: Object: 'Object Repository/Campaign_OR/Fields/d.checkbox_mobile_number' is clicked on

2018-07-24 15:08:04 - [MESSAGE][PASSED] - Object: 'Object Repository/Campaign_OR/Fields/d.checkbox_mobile_number' is clicked on

2018-07-24 15:08:04 - [TEST_STEP][PASSED] - verifyElementNotVisible: Object 'Object Repository/Campaign_OR/input_mobileno' is NOT visible

2018-07-24 15:08:04 - [MESSAGE][PASSED] - Object 'Object Repository/Campaign_OR/input_mobileno' is NOT visible

2018-07-24 15:08:04 - [TEST_STEP][PASSED] - Statement - verifyName = false: null

2018-07-24 15:08:04 - [TEST_STEP][PASSED] - Statement - If (radioName.toLowerCase() == "true"): null

2018-07-24 15:08:04 - [TEST_STEP][PASSED] - Statement - If (verifyName == true): null

2018-07-24 15:08:04 - [TEST_STEP][PASSED] - Statement - Else If (verifyName == false): Object 'Object Repository/Campaign_OR/input_name' is NOT visible

2018-07-24 15:08:04 - [TEST_STEP][PASSED] - Statement - If (com.kms.katalon.core.webui.keyword.WebUiBuiltInKeywords.verifyElementChecked(com.kms.katalon.core.testobject.ObjectRepository.findTestObject(Campaign_OR/Fields/e.checkbox_name), 1, OPTIONAL)): Object 'Object Repository/Campaign_OR/input_name' is NOT visible

2018-07-24 15:08:05 - [MESSAGE][PASSED] - Object 'Object Repository/Campaign_OR/Fields/e.checkbox_name' is checked

2018-07-24 15:08:05 - [TEST_STEP][PASSED] - delay: Delayed 1 second(s)

2018-07-24 15:08:06 - [MESSAGE][PASSED] - Delayed 1 second(s)

2018-07-24 15:08:06 - [TEST_STEP][PASSED] - click: Object: 'Object Repository/Campaign_OR/Fields/e.checkbox_name' is clicked on

2018-07-24 15:08:06 - [MESSAGE][PASSED] - Object: 'Object Repository/Campaign_OR/Fields/e.checkbox_name' is clicked on

2018-07-24 15:08:06 - [TEST_STEP][PASSED] - verifyElementNotVisible: Object 'Object Repository/Campaign_OR/input_name' is NOT visible

2018-07-24 15:08:06 - [MESSAGE][PASSED] - Object 'Object Repository/Campaign_OR/input_name' is NOT visible

2018-07-24 15:08:06 - [TEST_STEP][PASSED] - Statement - verifyGender = false: null

2018-07-24 15:08:06 - [TEST_STEP][PASSED] - Statement - If (radioGender.toLowerCase() == "true"): null

2018-07-24 15:08:06 - [TEST_STEP][PASSED] - Statement - If (verifyGender == true): null

2018-07-24 15:08:06 - [TEST_STEP][PASSED] - Statement - Else If (verifyGender == false): Object 'Object Repository/Campaign_OR/label_Female' is NOT visible

2018-07-24 15:08:06 - [TEST_STEP][PASSED] - Statement - If (com.kms.katalon.core.webui.keyword.WebUiBuiltInKeywords.verifyElementChecked(com.kms.katalon.core.testobject.ObjectRepository.findTestObject(Campaign_OR/Fields/f.checkbox_gender), 1, OPTIONAL)): Object 'Object Repository/Campaign_OR/label_Female' is NOT visible

2018-07-24 15:08:06 - [MESSAGE][PASSED] - Object 'Object Repository/Campaign_OR/Fields/f.checkbox_gender' is checked

2018-07-24 15:08:06 - [TEST_STEP][PASSED] - delay: Delayed 1 second(s)

2018-07-24 15:08:07 - [MESSAGE][PASSED] - Delayed 1 second(s)

2018-07-24 15:08:07 - [TEST_STEP][PASSED] - click: Object: 'Object Repository/Campaign_OR/Fields/f.checkbox_gender' is clicked on

2018-07-24 15:08:07 - [MESSAGE][PASSED] - Object: 'Object Repository/Campaign_OR/Fields/f.checkbox_gender' is clicked on

2018-07-24 15:08:07 - [TEST_STEP][PASSED] - verifyElementNotVisible: Object 'Object Repository/Campaign_OR/label_Male' is NOT visible

2018-07-24 15:08:07 - [MESSAGE][PASSED] - Object 'Object Repository/Campaign_OR/label_Male' is NOT visible

2018-07-24 15:08:07 - [TEST_STEP][PASSED] - verifyElementNotVisible: Object 'Object Repository/Campaign_OR/label_Female' is NOT visible

2018-07-24 15:08:07 - [MESSAGE][PASSED] - Object 'Object Repository/Campaign_OR/label_Female' is NOT visible

2018-07-24 15:08:07 - [TEST_STEP][PASSED] - Statement - verifyDOB = false: null

2018-07-24 15:08:07 - [TEST_STEP][PASSED] - Statement - If (radioDOB.toLowerCase() == "true"): null

2018-07-24 15:08:07 - [TEST_STEP][PASSED] - Statement - If (verifyDOB == true): null

2018-07-24 15:08:07 - [TEST_STEP][PASSED] - Statement - Else If (verifyDOB == false): Object 'Object Repository/Campaign_OR/input_datepicker' is NOT visible

2018-07-24 15:08:07 - [TEST_STEP][PASSED] - Statement - If (com.kms.katalon.core.webui.keyword.WebUiBuiltInKeywords.verifyElementChecked(com.kms.katalon.core.testobject.ObjectRepository.findTestObject(Campaign_OR/Fields/g.checkbox_dob), 1, OPTIONAL)): Object 'Object Repository/Campaign_OR/input_datepicker' is NOT visible

2018-07-24 15:08:07 - [MESSAGE][PASSED] - Object 'Object Repository/Campaign_OR/Fields/g.checkbox_dob' is checked

2018-07-24 15:08:07 - [TEST_STEP][PASSED] - delay: Delayed 1 second(s)

2018-07-24 15:08:08 - [MESSAGE][PASSED] - Delayed 1 second(s)

2018-07-24 15:08:08 - [TEST_STEP][PASSED] - click: Object: 'Object Repository/Campaign_OR/Fields/g.checkbox_dob' is clicked on

2018-07-24 15:08:08 - [MESSAGE][PASSED] - Object: 'Object Repository/Campaign_OR/Fields/g.checkbox_dob' is clicked on

2018-07-24 15:08:08 - [TEST_STEP][PASSED] - verifyElementNotVisible: Object 'Object Repository/Campaign_OR/input_datepicker' is NOT visible

2018-07-24 15:08:08 - [MESSAGE][PASSED] - Object 'Object Repository/Campaign_OR/input_datepicker' is NOT visible

2018-07-24 15:08:08 - [TEST_STEP][PASSED] - Statement - filepath = "": null

2018-07-24 15:08:08 - [TEST_STEP][PASSED] - Statement - If (os == "Windows"): null

2018-07-24 15:08:08 - [TEST_STEP][PASSED] - Statement - filepath = campaignImagePath: null

2018-07-24 15:08:08 - [TEST_STEP][PASSED] - Statement - verifyImgName = "": null

2018-07-24 15:08:08 - [TEST_STEP][PASSED] - Statement - uploadedImg = false: null

2018-07-24 15:08:08 - [TEST_STEP][PASSED] - Statement - If (filepath.trim() != "" && campaignImage.trim() != ""): null

2018-07-24 15:08:08 - [TEST_STEP][PASSED] - sendKeys: Keys 'C:\Users\kl.chan\Katalon Studio\boldreward\Images\Campaign Image\starbucks copy.jpg' sent to object: 'Object Repository/Campaign_OR/Fields/h.button_campaign_image_1'

2018-07-24 15:08:08 - [MESSAGE][PASSED] - Keys 'C:\Users\kl.chan\Katalon Studio\boldreward\Images\Campaign Image\starbucks copy.jpg' sent to object: 'Object Repository/Campaign_OR/Fields/h.button_campaign_image_1'

2018-07-24 15:08:08 - [TEST_STEP][PASSED] - delay: Delayed 1 second(s)

2018-07-24 15:08:09 - [MESSAGE][PASSED] - Delayed 1 second(s)

2018-07-24 15:08:09 - [TEST_STEP][PASSED] - Statement - If (com.kms.katalon.core.webui.keyword.WebUiBuiltInKeywords.waitForElementVisible(com.kms.katalon.core.testobject.ObjectRepository.findTestObject(Campaign_OR/uploadedCampaignImg), 30)): null

2018-07-24 15:08:09 - [MESSAGE][PASSED] - Object 'Object Repository/Campaign_OR/uploadedCampaignImg' is visible

2018-07-24 15:08:09 - [TEST_STEP][PASSED] - Statement - verifyImgName = com.kms.katalon.core.webui.keyword.WebUiBuiltInKeywords.getText(com.kms.katalon.core.testobject.ObjectRepository.findTestObject(Campaign_OR/uploadedCampaignImg)): Text of object 'Object Repository/Campaign_OR/uploadedCampaignImg' is: 'starbucks copy.jpg'

2018-07-24 15:08:09 - [MESSAGE][PASSED] - Text of object 'Object Repository/Campaign_OR/uploadedCampaignImg' is: 'starbucks copy.jpg'

2018-07-24 15:08:09 - [TEST_STEP][PASSED] - Statement - If (verifyImgName.equals(campaignImage) == true): null

2018-07-24 15:08:09 - [TEST_STEP][PASSED] - Statement - uploadedImg = true: null

2018-07-24 15:08:09 - [TEST_STEP][PASSED] - setText: Text 'http://www.starbucks.com.my/' is set on object 'Object Repository/Campaign_OR/Fields/i.k.input_tnc'

2018-07-24 15:08:09 - [MESSAGE][PASSED] - Text 'http://www.starbucks.com.my/' is set on object 'Object Repository/Campaign_OR/Fields/i.k.input_tnc'

2018-07-24 15:08:09 - [TEST_STEP][PASSED] - setText: Text 'kl.chanRD8i@macrokiosk.com' is set on object 'Object Repository/Campaign_OR/Fields/j.input_sender'

2018-07-24 15:08:10 - [MESSAGE][PASSED] - Text 'kl.chanRD8i@macrokiosk.com' is set on object 'Object Repository/Campaign_OR/Fields/j.input_sender'

2018-07-24 15:08:10 - [TEST_STEP][PASSED] - setText: Text 'Starbucks Reserve @ SITRD8i' is set on object 'Object Repository/Campaign_OR/Fields/k.input_subject'

2018-07-24 15:08:10 - [MESSAGE][PASSED] - Text 'Starbucks Reserve @ SITRD8i' is set on object 'Object Repository/Campaign_OR/Fields/k.input_subject'

2018-07-24 15:08:10 - [TEST_STEP][PASSED] - setText: Text 'Hello User, Welcome to our Starbucks Reserve @ SIT. Come subscribe with us and redeem more rewards.RD8i' is set on object 'Object Repository/Campaign_OR/Fields/l.textarea_content'

2018-07-24 15:08:10 - [MESSAGE][PASSED] - Text 'Hello User, Welcome to our Starbucks Reserve @ SIT. Come subscribe with us and redeem more rewards.RD8i' is set on object 'Object Repository/Campaign_OR/Fields/l.textarea_content'

2018-07-24 15:08:10 - [TEST_STEP][PASSED] - Statement - filepath = "": null

2018-07-24 15:08:10 - [TEST_STEP][PASSED] - Statement - If (os == "Windows"): null

2018-07-24 15:08:10 - [TEST_STEP][PASSED] - Statement - filepath = companyLogoPath: null

2018-07-24 15:08:10 - [TEST_STEP][PASSED] - Statement - verifyImgName = "": null

2018-07-24 15:08:10 - [TEST_STEP][PASSED] - Statement - uploadedImg = false: null

2018-07-24 15:08:10 - [TEST_STEP][PASSED] - Statement - reuploadCount = 0: null

2018-07-24 15:08:10 - [TEST_STEP][PASSED] - Statement - If (filepath.trim() != "" && companyLogo.trim() != ""): null

2018-07-24 15:08:10 - [TEST_STEP][PASSED] - sendKeys: Keys 'C:\Users\kl.chan\Katalon Studio\boldreward\Images\Company Logo\436_60.jpg' sent to object: 'Object Repository/Campaign_OR/Fields/m.button_company_logo_1'

2018-07-24 15:08:10 - [MESSAGE][PASSED] - Keys 'C:\Users\kl.chan\Katalon Studio\boldreward\Images\Company Logo\436_60.jpg' sent to object: 'Object Repository/Campaign_OR/Fields/m.button_company_logo_1'

2018-07-24 15:08:10 - [TEST_STEP][PASSED] - delay: Delayed 1 second(s)

2018-07-24 15:08:11 - [MESSAGE][PASSED] - Delayed 1 second(s)

2018-07-24 15:08:11 - [TEST_STEP][PASSED] - Statement - If (com.kms.katalon.core.webui.keyword.WebUiBuiltInKeywords.waitForElementVisible(com.kms.katalon.core.testobject.ObjectRepository.findTestObject(Campaign_OR/uploadedCompanyLogo), 30)): null

2018-07-24 15:08:12 - [MESSAGE][PASSED] - Object 'Object Repository/Campaign_OR/uploadedCompanyLogo' is visible

2018-07-24 15:08:12 - [TEST_STEP][PASSED] - Statement - verifyImgName = com.kms.katalon.core.webui.keyword.WebUiBuiltInKeywords.getText(com.kms.katalon.core.testobject.ObjectRepository.findTestObject(Campaign_OR/uploadedCompanyLogo)): Text of object 'Object Repository/Campaign_OR/uploadedCompanyLogo' is: '436_60.jpg'

2018-07-24 15:08:12 - [MESSAGE][PASSED] - Text of object 'Object Repository/Campaign_OR/uploadedCompanyLogo' is: '436_60.jpg'

2018-07-24 15:08:12 - [TEST_STEP][PASSED] - Statement - If (verifyImgName.equals(companyLogo) == true): null

2018-07-24 15:08:12 - [TEST_STEP][PASSED] - Statement - uploadedImg = true: null

2018-07-24 15:08:12 - [TEST_STEP][PASSED] - Statement - If (rewardCode == true): null

2018-07-24 15:08:12 - [TEST_STEP][PASSED] - Statement - Else If (rewardCode == false): Object: 'Object Repository/Campaign_OR/Fields/n.label_No' is clicked on

2018-07-24 15:08:12 - [TEST_STEP][PASSED] - click: Object: 'Object Repository/Campaign_OR/Fields/n.label_No' is clicked on

2018-07-24 15:08:12 - [MESSAGE][PASSED] - Object: 'Object Repository/Campaign_OR/Fields/n.label_No' is clicked on

2018-07-24 15:08:12 - [TEST_STEP][PASSED] - verifyElementChecked: Object 'Object Repository/Campaign_OR/Fields/radio_No' is checked

2018-07-24 15:08:12 - [MESSAGE][PASSED] - Object 'Object Repository/Campaign_OR/Fields/radio_No' is checked

2018-07-24 15:08:12 - [TEST_STEP][PASSED] - verifyElementChecked: Object 'Object Repository/Campaign_OR/Fields/radio_Yes' is not checked

2018-07-24 15:08:12 - [MESSAGE][WARNING] - Object 'Object Repository/Campaign_OR/Fields/radio_Yes' is not checked
[[ATTACHMENT|C:\\Users\\kl.chan\\Katalon Studio\\boldreward\\Reports\\TS_Create_Campaign\\TS002 Edit Campaign with negative testing\\20180724_145748\\1532416092173.png]]

2018-07-24 15:08:12 - [TEST_STEP][PASSED] - click: Object: 'Object Repository/Campaign_OR/button_Save' is clicked on

2018-07-24 15:08:12 - [MESSAGE][PASSED] - Object: 'Object Repository/Campaign_OR/button_Save' is clicked on

2018-07-24 15:08:12 - [TEST_STEP][PASSED] - delay: Delayed 2 second(s)

2018-07-24 15:08:14 - [MESSAGE][PASSED] - Delayed 2 second(s)

2018-07-24 15:08:14 - [MESSAGE][PASSED] - Call Test Case 'Test Cases/Merchant Portal/Campaign/Campagin Modules/create campaign' successfully

2018-07-24 15:08:14 - [TEST_STEP][PASSED] - Statement - updateFailed = false: null

2018-07-24 15:08:14 - [TEST_STEP][PASSED] - Statement - If (com.kms.katalon.core.webui.keyword.WebUiBuiltInKeywords.waitForElementVisible(com.kms.katalon.core.testobject.ObjectRepository.findTestObject(a.Not_Assigned_OR/alert_msg_top), 3)): null

2018-07-24 15:08:14 - [MESSAGE][PASSED] - Object 'Object Repository/a.Not_Assigned_OR/alert_msg_top' is visible

2018-07-24 15:08:14 - [TEST_STEP][PASSED] - Statement - verifyPopoutMsg = com.kms.katalon.core.webui.keyword.WebUiBuiltInKeywords.getText(com.kms.katalon.core.testobject.ObjectRepository.findTestObject(a.Not_Assigned_OR/alert_msg_top)): Text of object 'Object Repository/a.Not_Assigned_OR/alert_msg_top' is: 'Oops! Invalid inputs, please try again.'

2018-07-24 15:08:14 - [MESSAGE][PASSED] - Text of object 'Object Repository/a.Not_Assigned_OR/alert_msg_top' is: 'Oops! Invalid inputs, please try again.'

2018-07-24 15:08:14 - [TEST_STEP][PASSED] - Statement - If (verifyPopoutMsg.equals(msgServer) == true): null

2018-07-24 15:08:14 - [TEST_STEP][PASSED] - Statement - updateFailed = true: null

2018-07-24 15:08:14 - [TEST_STEP][PASSED] - Statement - updateSuccess = false: null

2018-07-24 15:08:14 - [TEST_STEP][PASSED] - Statement - If (com.kms.katalon.core.webui.keyword.WebUiBuiltInKeywords.waitForElementVisible(com.kms.katalon.core.testobject.ObjectRepository.findTestObject(Campaign_OR/Error Message/msg_edit_success), 3)): Web element with id: 'Object Repository/Campaign_OR/Error Message/msg_edit_success' located by 'By.xpath: id("errorMessage")/p[@class="error-block"]' not found

2018-07-24 15:08:17 - [MESSAGE][WARNING] - Web element with id: 'Object Repository/Campaign_OR/Error Message/msg_edit_success' located by 'By.xpath: id("errorMessage")/p[@class="error-block"]' not found

2018-07-24 15:08:17 - [TEST_STEP][PASSED] - Statement - createSuccess = false: null

2018-07-24 15:08:17 - [TEST_STEP][PASSED] - Statement - If (com.kms.katalon.core.webui.keyword.WebUiBuiltInKeywords.waitForElementVisible(com.kms.katalon.core.testobject.ObjectRepository.findTestObject(Home_OR/label_home), 3)): Web element with id: 'Object Repository/Home_OR/label_home' located by 'By.xpath: id("wrapper")/div[@class="content-page"]/div[@class="content"]/div[@class="ng-scope"]/div[@class="ng-scope"]/div[@class="page-heading"]/h1[1][count(. | //h1[(text() = ' Home' or . = ' Home')]) = count(//h1[(text() = ' Home' or . = ' Home')])]' not found

2018-07-24 15:08:20 - [MESSAGE][WARNING] - Web element with id: 'Object Repository/Home_OR/label_home' located by 'By.xpath: id("wrapper")/div[@class="content-page"]/div[@class="content"]/div[@class="ng-scope"]/div[@class="ng-scope"]/div[@class="page-heading"]/h1[1][count(. | //h1[(text() = ' Home' or . = ' Home')]) = count(//h1[(text() = ' Home' or . = ' Home')])]' not found

2018-07-24 15:08:20 - [TEST_STEP][PASSED] - Statement - If (updateSuccess == true): null

2018-07-24 15:08:20 - [TEST_STEP][PASSED] - Statement - Else If (updateFailed == true): null

2018-07-24 15:08:20 - [TEST_STEP][PASSED] - Statement - verifyError = false: null

2018-07-24 15:08:20 - [TEST_STEP][PASSED] - Statement - If (companyName.trim() == ""): null

2018-07-24 15:08:20 - [TEST_STEP][PASSED] - Statement - If (campaignInstruc.trim() == ""): null

2018-07-24 15:08:20 - [TEST_STEP][PASSED] - Statement - If (radioEmail.toLowerCase() == "false"): null

2018-07-24 15:08:20 - [TEST_STEP][PASSED] - Statement - campaignImgName = com.kms.katalon.core.webui.keyword.WebUiBuiltInKeywords.getText(com.kms.katalon.core.testobject.ObjectRepository.findTestObject(Campaign_OR/uploadedCampaignImg)): Text of object 'Object Repository/Campaign_OR/uploadedCampaignImg' is: 'starbucks copy.jpg'

2018-07-24 15:08:20 - [MESSAGE][PASSED] - Text of object 'Object Repository/Campaign_OR/uploadedCampaignImg' is: 'starbucks copy.jpg'

2018-07-24 15:08:20 - [TEST_STEP][PASSED] - Statement - If (campaignImgName == ""): null

2018-07-24 15:08:20 - [TEST_STEP][PASSED] - Statement - If (emailSender.trim() == ""): null

2018-07-24 15:08:20 - [TEST_STEP][PASSED] - Statement - If (emailSubject.trim() == ""): null

2018-07-24 15:08:20 - [TEST_STEP][PASSED] - Statement - If (emailContent.trim() == ""): null

2018-07-24 15:08:20 - [TEST_STEP][PASSED] - Statement - companyLogoName = com.kms.katalon.core.webui.keyword.WebUiBuiltInKeywords.getText(com.kms.katalon.core.testobject.ObjectRepository.findTestObject(Campaign_OR/uploadedCompanyLogo)): Text of object 'Object Repository/Campaign_OR/uploadedCompanyLogo' is: '436_60.jpg'

2018-07-24 15:08:20 - [MESSAGE][PASSED] - Text of object 'Object Repository/Campaign_OR/uploadedCompanyLogo' is: '436_60.jpg'

2018-07-24 15:08:20 - [TEST_STEP][PASSED] - Statement - If (companyLogoName == ""): null

2018-07-24 15:08:20 - [TEST_STEP][PASSED] - Statement - If (com.kms.katalon.core.webui.keyword.WebUiBuiltInKeywords.waitForElementVisible(com.kms.katalon.core.testobject.ObjectRepository.findTestObject(Campaign_OR/Error Message/msg_cpgn_image2), 2)): Web element with id: 'Object Repository/Campaign_OR/Error Message/msg_cpgn_image2' located by 'By.xpath: id("campaignImage")/p[@class="error-block ng-binding"][count(. | //p[@class = 'error-block ng-binding' and @ng-hide = 'CC.errorImage == 200 || CC.errorImage == undefined']) = count(//p[@class = 'error-block ng-binding' and @ng-hide = 'CC.errorImage == 200 || CC.errorImage == undefined'])]' not found

2018-07-24 15:08:22 - [MESSAGE][WARNING] - Web element with id: 'Object Repository/Campaign_OR/Error Message/msg_cpgn_image2' located by 'By.xpath: id("campaignImage")/p[@class="error-block ng-binding"][count(. | //p[@class = 'error-block ng-binding' and @ng-hide = 'CC.errorImage == 200 || CC.errorImage == undefined']) = count(//p[@class = 'error-block ng-binding' and @ng-hide = 'CC.errorImage == 200 || CC.errorImage == undefined'])]' not found

2018-07-24 15:08:22 - [TEST_STEP][PASSED] - Statement - If (com.kms.katalon.core.webui.keyword.WebUiBuiltInKeywords.waitForElementVisible(com.kms.katalon.core.testobject.ObjectRepository.findTestObject(Campaign_OR/Error Message/msg_TCURL), 2)): Web element with id: 'Object Repository/Campaign_OR/Error Message/msg_TCURL' located by 'By.xpath: id("wrapper")/div[@class="content-page"]/div[@class="content"]/div[@class="ng-scope"]/div[@class="row ng-scope"]/div[@class="col-md-7"]/div[@class="widget"]/div[@class="widget-content padding"]/div[@class="form-horizontal"]/div[@class="form-group"]/div[@id="tncUrl"]/p[@class="error-block"][count(. | //p[(text() = 'Invalid format, please follow as http://wwww.example.com' or . = 'Invalid format, please follow as http://wwww.example.com')]) = count(//p[(text() = 'Invalid format, please follow as http://wwww.example.com' or . = 'Invalid format, please follow as http://wwww.example.com')])]' not found

2018-07-24 15:08:24 - [MESSAGE][WARNING] - Web element with id: 'Object Repository/Campaign_OR/Error Message/msg_TCURL' located by 'By.xpath: id("wrapper")/div[@class="content-page"]/div[@class="content"]/div[@class="ng-scope"]/div[@class="row ng-scope"]/div[@class="col-md-7"]/div[@class="widget"]/div[@class="widget-content padding"]/div[@class="form-horizontal"]/div[@class="form-group"]/div[@id="tncUrl"]/p[@class="error-block"][count(. | //p[(text() = 'Invalid format, please follow as http://wwww.example.com' or . = 'Invalid format, please follow as http://wwww.example.com')]) = count(//p[(text() = 'Invalid format, please follow as http://wwww.example.com' or . = 'Invalid format, please follow as http://wwww.example.com')])]' not found

2018-07-24 15:08:24 - [TEST_STEP][PASSED] - Statement - If (emailSender.trim() != ""): Web element with id: 'Object Repository/Campaign_OR/Error Message/msg_sender' located by 'By.xpath: id("emailSender")/p[@class="error-block"]' not found

2018-07-24 15:08:24 - [TEST_STEP][PASSED] - Statement - If (com.kms.katalon.core.webui.keyword.WebUiBuiltInKeywords.waitForElementVisible(com.kms.katalon.core.testobject.ObjectRepository.findTestObject(Campaign_OR/Error Message/msg_sender), 2)): Web element with id: 'Object Repository/Campaign_OR/Error Message/msg_sender' located by 'By.xpath: id("emailSender")/p[@class="error-block"]' not found

2018-07-24 15:08:26 - [MESSAGE][WARNING] - Web element with id: 'Object Repository/Campaign_OR/Error Message/msg_sender' located by 'By.xpath: id("emailSender")/p[@class="error-block"]' not found

2018-07-24 15:08:26 - [TEST_STEP][PASSED] - Statement - If (com.kms.katalon.core.webui.keyword.WebUiBuiltInKeywords.waitForElementVisible(com.kms.katalon.core.testobject.ObjectRepository.findTestObject(Campaign_OR/Error Message/msg_company_logo), 2)): null

2018-07-24 15:08:26 - [MESSAGE][PASSED] - Object 'Object Repository/Campaign_OR/Error Message/msg_company_logo' is visible

2018-07-24 15:08:26 - [TEST_STEP][PASSED] - Statement - verifyCompanyLogo = com.kms.katalon.core.webui.keyword.WebUiBuiltInKeywords.getText(com.kms.katalon.core.testobject.ObjectRepository.findTestObject(Campaign_OR/Error Message/msg_company_logo)): Text of object 'Object Repository/Campaign_OR/Error Message/msg_company_logo' is: 'Invalid image dimension'

2018-07-24 15:08:26 - [MESSAGE][PASSED] - Text of object 'Object Repository/Campaign_OR/Error Message/msg_company_logo' is: 'Invalid image dimension'

2018-07-24 15:08:26 - [TEST_STEP][PASSED] - Statement - If (verifyCompanyLogo.equals(msgInvalidSize)): null

2018-07-24 15:08:26 - [TEST_STEP][PASSED] - Statement - Else If (verifyCompanyLogo.equals(msgInvalidDi)): null

2018-07-24 15:08:26 - [TEST_STEP][PASSED] - Statement - verifyError = true: null

2018-07-24 15:08:26 - [TEST_STEP][PASSED] - refresh: Refresh successfully

2018-07-24 15:08:27 - [MESSAGE][PASSED] - Refresh successfully

2018-07-24 15:08:27 - [TEST_STEP][PASSED] - Statement - If (verifyError == false): null]]></system-out>
         <system-err><![CDATA[]]></system-err>
      </testcase>
      <testcase name="Test Cases/Merchant Portal/Campaign/TC001 Campaign - verify all case" classname="Test Cases/Merchant Portal/Campaign/TC001 Campaign - verify all case" status="PASSED">
         <system-out><![CDATA[2018-07-24 15:08:27 - [TEST_CASE][PASSED] - Test Cases/Merchant Portal/Campaign/TC001 Campaign - verify all case: Test Cases/Merchant Portal/Campaign/TC001 Campaign - verify all case

2018-07-24 15:08:27 - [TEST_STEP][PASSED] - Statement - randomWords = CustomKeywords.randomWords.GenerateNumber.randomString(4): randomWords.GenerateNumber.randomString is PASSED

2018-07-24 15:08:27 - [MESSAGE][PASSED] - randomWords.GenerateNumber.randomString is PASSED

2018-07-24 15:08:27 - [TEST_STEP][PASSED] - Statement - If (companyName.trim() != ""): null

2018-07-24 15:08:27 - [TEST_STEP][PASSED] - Statement - companyName = companyName + randomWords: null

2018-07-24 15:08:27 - [TEST_STEP][PASSED] - Statement - If (campaignInstruc.trim() != ""): null

2018-07-24 15:08:27 - [TEST_STEP][PASSED] - Statement - campaignInstruc = campaignInstruc + randomWords: null

2018-07-24 15:08:27 - [TEST_STEP][PASSED] - Statement - If (emailSender.trim() != ""): null

2018-07-24 15:08:27 - [TEST_STEP][PASSED] - Statement - email = emailSender: null

2018-07-24 15:08:27 - [TEST_STEP][PASSED] - Statement - splitEmail = email.split("@"): null

2018-07-24 15:08:27 - [TEST_STEP][PASSED] - Statement - numb = length: null

2018-07-24 15:08:27 - [TEST_STEP][PASSED] - Statement - If (numb > 1): null

2018-07-24 15:08:27 - [TEST_STEP][PASSED] - Statement - emailSender = splitEmail[0] + randomWords + "@" + splitEmail[1]: null

2018-07-24 15:08:27 - [TEST_STEP][PASSED] - Statement - If (emailSubject.trim() != ""): null

2018-07-24 15:08:27 - [TEST_STEP][PASSED] - Statement - emailSubject = emailSubject + randomWords: null

2018-07-24 15:08:27 - [TEST_STEP][PASSED] - Statement - If (emailContent.trim() != ""): null

2018-07-24 15:08:27 - [TEST_STEP][PASSED] - Statement - emailContent = emailContent + randomWords: null

2018-07-24 15:08:27 - [TEST_STEP][PASSED] - callTestCase: Call Test Case 'Test Cases/Merchant Portal/Campaign/Campagin Modules/create campaign' successfully

2018-07-24 15:08:27 - [TEST_CASE][PASSED] - Test Cases/Merchant Portal/Campaign/Campagin Modules/create campaign: Test Cases/Merchant Portal/Campaign/Campagin Modules/create campaign

2018-07-24 15:08:27 - [TEST_STEP][PASSED] - Statement - osName = "": null

2018-07-24 15:08:27 - [TEST_STEP][PASSED] - Statement - osName = CustomKeywords.os.DetectOS.getOperatingSystem(osName): os.DetectOS.getOperatingSystem is PASSED

2018-07-24 15:08:27 - [MESSAGE][PASSED] - os.DetectOS.getOperatingSystem is PASSED

2018-07-24 15:08:27 - [TEST_STEP][PASSED] - Statement - splitString = osName.split(): null

2018-07-24 15:08:27 - [TEST_STEP][PASSED] - Statement - os = splitString[0].toString(): null

2018-07-24 15:08:27 - [TEST_STEP][PASSED] - Statement - If (loggedin == false): null

2018-07-24 15:08:27 - [TEST_STEP][PASSED] - Statement - If (accessModule == false): null

2018-07-24 15:08:27 - [TEST_STEP][PASSED] - delay: Delayed 5 second(s)

2018-07-24 15:08:32 - [MESSAGE][PASSED] - Delayed 5 second(s)

2018-07-24 15:08:32 - [TEST_STEP][PASSED] - setText: Text 'Starbucks Reserve LtdaEuG' is set on object 'Object Repository/Campaign_OR/Fields/a.input_company_name'

2018-07-24 15:08:33 - [MESSAGE][PASSED] - Text 'Starbucks Reserve LtdaEuG' is set on object 'Object Repository/Campaign_OR/Fields/a.input_company_name'

2018-07-24 15:08:33 - [TEST_STEP][PASSED] - setText: Text 'Please subscribe with us and redeem a free coffee. Come join us now!aEuG' is set on object 'Object Repository/Campaign_OR/Fields/b.textarea_campaign_instruction'

2018-07-24 15:08:33 - [MESSAGE][PASSED] - Text 'Please subscribe with us and redeem a free coffee. Come join us now!aEuG' is set on object 'Object Repository/Campaign_OR/Fields/b.textarea_campaign_instruction'

2018-07-24 15:08:33 - [TEST_STEP][PASSED] - Statement - verifyEmail = false: null

2018-07-24 15:08:33 - [TEST_STEP][PASSED] - Statement - If (radioEmail.toLowerCase() == "true"): null

2018-07-24 15:08:33 - [TEST_STEP][PASSED] - Statement - verifyEmail = true: null

2018-07-24 15:08:33 - [TEST_STEP][PASSED] - Statement - If (verifyEmail == true): Object 'Object Repository/Campaign_OR/input_email' is visible

2018-07-24 15:08:33 - [TEST_STEP][PASSED] - Statement - If (com.kms.katalon.core.webui.keyword.WebUiBuiltInKeywords.verifyElementNotChecked(com.kms.katalon.core.testobject.ObjectRepository.findTestObject(Campaign_OR/Fields/c.checkbox_email), 1, OPTIONAL)): Object 'Object Repository/Campaign_OR/Fields/c.checkbox_email' is checked

2018-07-24 15:08:33 - [MESSAGE][WARNING] - Object 'Object Repository/Campaign_OR/Fields/c.checkbox_email' is checked
[[ATTACHMENT|C:\\Users\\kl.chan\\Katalon Studio\\boldreward\\Reports\\TS_Create_Campaign\\TS002 Edit Campaign with negative testing\\20180724_145748\\1532416113509.png]]

2018-07-24 15:08:33 - [TEST_STEP][PASSED] - Statement - Else: Object 'Object Repository/Campaign_OR/input_email' is visible

2018-07-24 15:08:33 - [TEST_STEP][PASSED] - verifyElementVisible: Object 'Object Repository/Campaign_OR/input_email' is visible

2018-07-24 15:08:33 - [MESSAGE][PASSED] - Object 'Object Repository/Campaign_OR/input_email' is visible

2018-07-24 15:08:33 - [TEST_STEP][PASSED] - Statement - verifyMobileno = false: null

2018-07-24 15:08:33 - [TEST_STEP][PASSED] - Statement - If (radioMobileno.toLowerCase() == "true"): null

2018-07-24 15:08:33 - [TEST_STEP][PASSED] - Statement - If (verifyMobileno == true): null

2018-07-24 15:08:33 - [TEST_STEP][PASSED] - Statement - Else If (verifyMobileno == false): Object 'Object Repository/Campaign_OR/input_mobileno' is NOT visible

2018-07-24 15:08:33 - [TEST_STEP][PASSED] - Statement - If (com.kms.katalon.core.webui.keyword.WebUiBuiltInKeywords.verifyElementChecked(com.kms.katalon.core.testobject.ObjectRepository.findTestObject(Campaign_OR/Fields/d.checkbox_mobile_number), 1, OPTIONAL)): Object 'Object Repository/Campaign_OR/input_mobileno' is NOT visible

2018-07-24 15:08:33 - [MESSAGE][PASSED] - Object 'Object Repository/Campaign_OR/Fields/d.checkbox_mobile_number' is checked

2018-07-24 15:08:33 - [TEST_STEP][PASSED] - delay: Delayed 1 second(s)

2018-07-24 15:08:34 - [MESSAGE][PASSED] - Delayed 1 second(s)

2018-07-24 15:08:34 - [TEST_STEP][PASSED] - click: Object: 'Object Repository/Campaign_OR/Fields/d.checkbox_mobile_number' is clicked on

2018-07-24 15:08:34 - [MESSAGE][PASSED] - Object: 'Object Repository/Campaign_OR/Fields/d.checkbox_mobile_number' is clicked on

2018-07-24 15:08:34 - [TEST_STEP][PASSED] - verifyElementNotVisible: Object 'Object Repository/Campaign_OR/input_mobileno' is NOT visible

2018-07-24 15:08:34 - [MESSAGE][PASSED] - Object 'Object Repository/Campaign_OR/input_mobileno' is NOT visible

2018-07-24 15:08:34 - [TEST_STEP][PASSED] - Statement - verifyName = false: null

2018-07-24 15:08:34 - [TEST_STEP][PASSED] - Statement - If (radioName.toLowerCase() == "true"): null

2018-07-24 15:08:34 - [TEST_STEP][PASSED] - Statement - If (verifyName == true): null

2018-07-24 15:08:34 - [TEST_STEP][PASSED] - Statement - Else If (verifyName == false): Object 'Object Repository/Campaign_OR/input_name' is NOT visible

2018-07-24 15:08:34 - [TEST_STEP][PASSED] - Statement - If (com.kms.katalon.core.webui.keyword.WebUiBuiltInKeywords.verifyElementChecked(com.kms.katalon.core.testobject.ObjectRepository.findTestObject(Campaign_OR/Fields/e.checkbox_name), 1, OPTIONAL)): Object 'Object Repository/Campaign_OR/input_name' is NOT visible

2018-07-24 15:08:35 - [MESSAGE][PASSED] - Object 'Object Repository/Campaign_OR/Fields/e.checkbox_name' is checked

2018-07-24 15:08:35 - [TEST_STEP][PASSED] - delay: Delayed 1 second(s)

2018-07-24 15:08:36 - [MESSAGE][PASSED] - Delayed 1 second(s)

2018-07-24 15:08:36 - [TEST_STEP][PASSED] - click: Object: 'Object Repository/Campaign_OR/Fields/e.checkbox_name' is clicked on

2018-07-24 15:08:36 - [MESSAGE][PASSED] - Object: 'Object Repository/Campaign_OR/Fields/e.checkbox_name' is clicked on

2018-07-24 15:08:36 - [TEST_STEP][PASSED] - verifyElementNotVisible: Object 'Object Repository/Campaign_OR/input_name' is NOT visible

2018-07-24 15:08:36 - [MESSAGE][PASSED] - Object 'Object Repository/Campaign_OR/input_name' is NOT visible

2018-07-24 15:08:36 - [TEST_STEP][PASSED] - Statement - verifyGender = false: null

2018-07-24 15:08:36 - [TEST_STEP][PASSED] - Statement - If (radioGender.toLowerCase() == "true"): null

2018-07-24 15:08:36 - [TEST_STEP][PASSED] - Statement - If (verifyGender == true): null

2018-07-24 15:08:36 - [TEST_STEP][PASSED] - Statement - Else If (verifyGender == false): Object 'Object Repository/Campaign_OR/label_Female' is NOT visible

2018-07-24 15:08:36 - [TEST_STEP][PASSED] - Statement - If (com.kms.katalon.core.webui.keyword.WebUiBuiltInKeywords.verifyElementChecked(com.kms.katalon.core.testobject.ObjectRepository.findTestObject(Campaign_OR/Fields/f.checkbox_gender), 1, OPTIONAL)): Object 'Object Repository/Campaign_OR/label_Female' is NOT visible

2018-07-24 15:08:36 - [MESSAGE][PASSED] - Object 'Object Repository/Campaign_OR/Fields/f.checkbox_gender' is checked

2018-07-24 15:08:36 - [TEST_STEP][PASSED] - delay: Delayed 1 second(s)

2018-07-24 15:08:37 - [MESSAGE][PASSED] - Delayed 1 second(s)

2018-07-24 15:08:37 - [TEST_STEP][PASSED] - click: Object: 'Object Repository/Campaign_OR/Fields/f.checkbox_gender' is clicked on

2018-07-24 15:08:37 - [MESSAGE][PASSED] - Object: 'Object Repository/Campaign_OR/Fields/f.checkbox_gender' is clicked on

2018-07-24 15:08:37 - [TEST_STEP][PASSED] - verifyElementNotVisible: Object 'Object Repository/Campaign_OR/label_Male' is NOT visible

2018-07-24 15:08:37 - [MESSAGE][PASSED] - Object 'Object Repository/Campaign_OR/label_Male' is NOT visible

2018-07-24 15:08:37 - [TEST_STEP][PASSED] - verifyElementNotVisible: Object 'Object Repository/Campaign_OR/label_Female' is NOT visible

2018-07-24 15:08:37 - [MESSAGE][PASSED] - Object 'Object Repository/Campaign_OR/label_Female' is NOT visible

2018-07-24 15:08:37 - [TEST_STEP][PASSED] - Statement - verifyDOB = false: null

2018-07-24 15:08:37 - [TEST_STEP][PASSED] - Statement - If (radioDOB.toLowerCase() == "true"): null

2018-07-24 15:08:37 - [TEST_STEP][PASSED] - Statement - If (verifyDOB == true): null

2018-07-24 15:08:37 - [TEST_STEP][PASSED] - Statement - Else If (verifyDOB == false): Object 'Object Repository/Campaign_OR/input_datepicker' is NOT visible

2018-07-24 15:08:37 - [TEST_STEP][PASSED] - Statement - If (com.kms.katalon.core.webui.keyword.WebUiBuiltInKeywords.verifyElementChecked(com.kms.katalon.core.testobject.ObjectRepository.findTestObject(Campaign_OR/Fields/g.checkbox_dob), 1, OPTIONAL)): Object 'Object Repository/Campaign_OR/input_datepicker' is NOT visible

2018-07-24 15:08:37 - [MESSAGE][PASSED] - Object 'Object Repository/Campaign_OR/Fields/g.checkbox_dob' is checked

2018-07-24 15:08:37 - [TEST_STEP][PASSED] - delay: Delayed 1 second(s)

2018-07-24 15:08:38 - [MESSAGE][PASSED] - Delayed 1 second(s)

2018-07-24 15:08:38 - [TEST_STEP][PASSED] - click: Object: 'Object Repository/Campaign_OR/Fields/g.checkbox_dob' is clicked on

2018-07-24 15:08:38 - [MESSAGE][PASSED] - Object: 'Object Repository/Campaign_OR/Fields/g.checkbox_dob' is clicked on

2018-07-24 15:08:38 - [TEST_STEP][PASSED] - verifyElementNotVisible: Object 'Object Repository/Campaign_OR/input_datepicker' is NOT visible

2018-07-24 15:08:38 - [MESSAGE][PASSED] - Object 'Object Repository/Campaign_OR/input_datepicker' is NOT visible

2018-07-24 15:08:38 - [TEST_STEP][PASSED] - Statement - filepath = "": null

2018-07-24 15:08:38 - [TEST_STEP][PASSED] - Statement - If (os == "Windows"): null

2018-07-24 15:08:38 - [TEST_STEP][PASSED] - Statement - filepath = campaignImagePath: null

2018-07-24 15:08:38 - [TEST_STEP][PASSED] - Statement - verifyImgName = "": null

2018-07-24 15:08:38 - [TEST_STEP][PASSED] - Statement - uploadedImg = false: null

2018-07-24 15:08:38 - [TEST_STEP][PASSED] - Statement - If (filepath.trim() != "" && campaignImage.trim() != ""): null

2018-07-24 15:08:38 - [TEST_STEP][PASSED] - sendKeys: Keys 'C:\Users\kl.chan\Katalon Studio\boldreward\Images\Campaign Image\starbucks copy.jpg' sent to object: 'Object Repository/Campaign_OR/Fields/h.button_campaign_image_1'

2018-07-24 15:08:38 - [MESSAGE][PASSED] - Keys 'C:\Users\kl.chan\Katalon Studio\boldreward\Images\Campaign Image\starbucks copy.jpg' sent to object: 'Object Repository/Campaign_OR/Fields/h.button_campaign_image_1'

2018-07-24 15:08:38 - [TEST_STEP][PASSED] - delay: Delayed 1 second(s)

2018-07-24 15:08:39 - [MESSAGE][PASSED] - Delayed 1 second(s)

2018-07-24 15:08:39 - [TEST_STEP][PASSED] - Statement - If (com.kms.katalon.core.webui.keyword.WebUiBuiltInKeywords.waitForElementVisible(com.kms.katalon.core.testobject.ObjectRepository.findTestObject(Campaign_OR/uploadedCampaignImg), 30)): null

2018-07-24 15:08:39 - [MESSAGE][PASSED] - Object 'Object Repository/Campaign_OR/uploadedCampaignImg' is visible

2018-07-24 15:08:39 - [TEST_STEP][PASSED] - Statement - verifyImgName = com.kms.katalon.core.webui.keyword.WebUiBuiltInKeywords.getText(com.kms.katalon.core.testobject.ObjectRepository.findTestObject(Campaign_OR/uploadedCampaignImg)): Text of object 'Object Repository/Campaign_OR/uploadedCampaignImg' is: 'starbucks copy.jpg'

2018-07-24 15:08:39 - [MESSAGE][PASSED] - Text of object 'Object Repository/Campaign_OR/uploadedCampaignImg' is: 'starbucks copy.jpg'

2018-07-24 15:08:39 - [TEST_STEP][PASSED] - Statement - If (verifyImgName.equals(campaignImage) == true): null

2018-07-24 15:08:39 - [TEST_STEP][PASSED] - Statement - uploadedImg = true: null

2018-07-24 15:08:39 - [TEST_STEP][PASSED] - setText: Text 'http://www.starbucks.com.my/' is set on object 'Object Repository/Campaign_OR/Fields/i.k.input_tnc'

2018-07-24 15:08:39 - [MESSAGE][PASSED] - Text 'http://www.starbucks.com.my/' is set on object 'Object Repository/Campaign_OR/Fields/i.k.input_tnc'

2018-07-24 15:08:39 - [TEST_STEP][PASSED] - setText: Text 'kl.chanaEuG@macrokiosk.com' is set on object 'Object Repository/Campaign_OR/Fields/j.input_sender'

2018-07-24 15:08:40 - [MESSAGE][PASSED] - Text 'kl.chanaEuG@macrokiosk.com' is set on object 'Object Repository/Campaign_OR/Fields/j.input_sender'

2018-07-24 15:08:40 - [TEST_STEP][PASSED] - setText: Text 'Starbucks Reserve @ SITaEuG' is set on object 'Object Repository/Campaign_OR/Fields/k.input_subject'

2018-07-24 15:08:40 - [MESSAGE][PASSED] - Text 'Starbucks Reserve @ SITaEuG' is set on object 'Object Repository/Campaign_OR/Fields/k.input_subject'

2018-07-24 15:08:40 - [TEST_STEP][PASSED] - setText: Text 'Hello User, Welcome to our Starbucks Reserve @ SIT. Come subscribe with us and redeem more rewards.aEuG' is set on object 'Object Repository/Campaign_OR/Fields/l.textarea_content'

2018-07-24 15:08:40 - [MESSAGE][PASSED] - Text 'Hello User, Welcome to our Starbucks Reserve @ SIT. Come subscribe with us and redeem more rewards.aEuG' is set on object 'Object Repository/Campaign_OR/Fields/l.textarea_content'

2018-07-24 15:08:40 - [TEST_STEP][PASSED] - Statement - filepath = "": null

2018-07-24 15:08:40 - [TEST_STEP][PASSED] - Statement - If (os == "Windows"): null

2018-07-24 15:08:40 - [TEST_STEP][PASSED] - Statement - filepath = companyLogoPath: null

2018-07-24 15:08:40 - [TEST_STEP][PASSED] - Statement - verifyImgName = "": null

2018-07-24 15:08:40 - [TEST_STEP][PASSED] - Statement - uploadedImg = false: null

2018-07-24 15:08:40 - [TEST_STEP][PASSED] - Statement - reuploadCount = 0: null

2018-07-24 15:08:40 - [TEST_STEP][PASSED] - Statement - If (filepath.trim() != "" && companyLogo.trim() != ""): null

2018-07-24 15:08:40 - [TEST_STEP][PASSED] - sendKeys: Keys 'C:\Users\kl.chan\Katalon Studio\boldreward\Images\Company Logo\437_59.png' sent to object: 'Object Repository/Campaign_OR/Fields/m.button_company_logo_1'

2018-07-24 15:08:40 - [MESSAGE][PASSED] - Keys 'C:\Users\kl.chan\Katalon Studio\boldreward\Images\Company Logo\437_59.png' sent to object: 'Object Repository/Campaign_OR/Fields/m.button_company_logo_1'

2018-07-24 15:08:40 - [TEST_STEP][PASSED] - delay: Delayed 1 second(s)

2018-07-24 15:08:41 - [MESSAGE][PASSED] - Delayed 1 second(s)

2018-07-24 15:08:41 - [TEST_STEP][PASSED] - Statement - If (com.kms.katalon.core.webui.keyword.WebUiBuiltInKeywords.waitForElementVisible(com.kms.katalon.core.testobject.ObjectRepository.findTestObject(Campaign_OR/uploadedCompanyLogo), 30)): null

2018-07-24 15:08:41 - [MESSAGE][PASSED] - Object 'Object Repository/Campaign_OR/uploadedCompanyLogo' is visible

2018-07-24 15:08:41 - [TEST_STEP][PASSED] - Statement - verifyImgName = com.kms.katalon.core.webui.keyword.WebUiBuiltInKeywords.getText(com.kms.katalon.core.testobject.ObjectRepository.findTestObject(Campaign_OR/uploadedCompanyLogo)): Text of object 'Object Repository/Campaign_OR/uploadedCompanyLogo' is: '437_59.png'

2018-07-24 15:08:41 - [MESSAGE][PASSED] - Text of object 'Object Repository/Campaign_OR/uploadedCompanyLogo' is: '437_59.png'

2018-07-24 15:08:41 - [TEST_STEP][PASSED] - Statement - If (verifyImgName.equals(companyLogo) == true): null

2018-07-24 15:08:41 - [TEST_STEP][PASSED] - Statement - uploadedImg = true: null

2018-07-24 15:08:41 - [TEST_STEP][PASSED] - Statement - If (rewardCode == true): null

2018-07-24 15:08:41 - [TEST_STEP][PASSED] - Statement - Else If (rewardCode == false): Object: 'Object Repository/Campaign_OR/Fields/n.label_No' is clicked on

2018-07-24 15:08:41 - [TEST_STEP][PASSED] - click: Object: 'Object Repository/Campaign_OR/Fields/n.label_No' is clicked on

2018-07-24 15:08:42 - [MESSAGE][PASSED] - Object: 'Object Repository/Campaign_OR/Fields/n.label_No' is clicked on

2018-07-24 15:08:42 - [TEST_STEP][PASSED] - verifyElementChecked: Object 'Object Repository/Campaign_OR/Fields/radio_No' is checked

2018-07-24 15:08:42 - [MESSAGE][PASSED] - Object 'Object Repository/Campaign_OR/Fields/radio_No' is checked

2018-07-24 15:08:42 - [TEST_STEP][PASSED] - verifyElementChecked: Object 'Object Repository/Campaign_OR/Fields/radio_Yes' is not checked

2018-07-24 15:08:42 - [MESSAGE][WARNING] - Object 'Object Repository/Campaign_OR/Fields/radio_Yes' is not checked
[[ATTACHMENT|C:\\Users\\kl.chan\\Katalon Studio\\boldreward\\Reports\\TS_Create_Campaign\\TS002 Edit Campaign with negative testing\\20180724_145748\\1532416122142.png]]

2018-07-24 15:08:42 - [TEST_STEP][PASSED] - click: Object: 'Object Repository/Campaign_OR/button_Save' is clicked on

2018-07-24 15:08:42 - [MESSAGE][PASSED] - Object: 'Object Repository/Campaign_OR/button_Save' is clicked on

2018-07-24 15:08:42 - [TEST_STEP][PASSED] - delay: Delayed 2 second(s)

2018-07-24 15:08:44 - [MESSAGE][PASSED] - Delayed 2 second(s)

2018-07-24 15:08:44 - [MESSAGE][PASSED] - Call Test Case 'Test Cases/Merchant Portal/Campaign/Campagin Modules/create campaign' successfully

2018-07-24 15:08:44 - [TEST_STEP][PASSED] - Statement - updateFailed = false: null

2018-07-24 15:08:44 - [TEST_STEP][PASSED] - Statement - If (com.kms.katalon.core.webui.keyword.WebUiBuiltInKeywords.waitForElementVisible(com.kms.katalon.core.testobject.ObjectRepository.findTestObject(a.Not_Assigned_OR/alert_msg_top), 3)): null

2018-07-24 15:08:44 - [MESSAGE][PASSED] - Object 'Object Repository/a.Not_Assigned_OR/alert_msg_top' is visible

2018-07-24 15:08:44 - [TEST_STEP][PASSED] - Statement - verifyPopoutMsg = com.kms.katalon.core.webui.keyword.WebUiBuiltInKeywords.getText(com.kms.katalon.core.testobject.ObjectRepository.findTestObject(a.Not_Assigned_OR/alert_msg_top)): Text of object 'Object Repository/a.Not_Assigned_OR/alert_msg_top' is: 'Oops! Invalid inputs, please try again.'

2018-07-24 15:08:44 - [MESSAGE][PASSED] - Text of object 'Object Repository/a.Not_Assigned_OR/alert_msg_top' is: 'Oops! Invalid inputs, please try again.'

2018-07-24 15:08:44 - [TEST_STEP][PASSED] - Statement - If (verifyPopoutMsg.equals(msgServer) == true): null

2018-07-24 15:08:44 - [TEST_STEP][PASSED] - Statement - updateFailed = true: null

2018-07-24 15:08:44 - [TEST_STEP][PASSED] - Statement - updateSuccess = false: null

2018-07-24 15:08:44 - [TEST_STEP][PASSED] - Statement - If (com.kms.katalon.core.webui.keyword.WebUiBuiltInKeywords.waitForElementVisible(com.kms.katalon.core.testobject.ObjectRepository.findTestObject(Campaign_OR/Error Message/msg_edit_success), 3)): Web element with id: 'Object Repository/Campaign_OR/Error Message/msg_edit_success' located by 'By.xpath: id("errorMessage")/p[@class="error-block"]' not found

2018-07-24 15:08:47 - [MESSAGE][WARNING] - Web element with id: 'Object Repository/Campaign_OR/Error Message/msg_edit_success' located by 'By.xpath: id("errorMessage")/p[@class="error-block"]' not found

2018-07-24 15:08:47 - [TEST_STEP][PASSED] - Statement - createSuccess = false: null

2018-07-24 15:08:47 - [TEST_STEP][PASSED] - Statement - If (com.kms.katalon.core.webui.keyword.WebUiBuiltInKeywords.waitForElementVisible(com.kms.katalon.core.testobject.ObjectRepository.findTestObject(Home_OR/label_home), 3)): Web element with id: 'Object Repository/Home_OR/label_home' located by 'By.xpath: id("wrapper")/div[@class="content-page"]/div[@class="content"]/div[@class="ng-scope"]/div[@class="ng-scope"]/div[@class="page-heading"]/h1[1][count(. | //h1[(text() = ' Home' or . = ' Home')]) = count(//h1[(text() = ' Home' or . = ' Home')])]' not found

2018-07-24 15:08:50 - [MESSAGE][WARNING] - Web element with id: 'Object Repository/Home_OR/label_home' located by 'By.xpath: id("wrapper")/div[@class="content-page"]/div[@class="content"]/div[@class="ng-scope"]/div[@class="ng-scope"]/div[@class="page-heading"]/h1[1][count(. | //h1[(text() = ' Home' or . = ' Home')]) = count(//h1[(text() = ' Home' or . = ' Home')])]' not found

2018-07-24 15:08:50 - [TEST_STEP][PASSED] - Statement - If (updateSuccess == true): null

2018-07-24 15:08:50 - [TEST_STEP][PASSED] - Statement - Else If (updateFailed == true): null

2018-07-24 15:08:50 - [TEST_STEP][PASSED] - Statement - verifyError = false: null

2018-07-24 15:08:50 - [TEST_STEP][PASSED] - Statement - If (companyName.trim() == ""): null

2018-07-24 15:08:50 - [TEST_STEP][PASSED] - Statement - If (campaignInstruc.trim() == ""): null

2018-07-24 15:08:50 - [TEST_STEP][PASSED] - Statement - If (radioEmail.toLowerCase() == "false"): null

2018-07-24 15:08:50 - [TEST_STEP][PASSED] - Statement - campaignImgName = com.kms.katalon.core.webui.keyword.WebUiBuiltInKeywords.getText(com.kms.katalon.core.testobject.ObjectRepository.findTestObject(Campaign_OR/uploadedCampaignImg)): Text of object 'Object Repository/Campaign_OR/uploadedCampaignImg' is: 'starbucks copy.jpg'

2018-07-24 15:08:50 - [MESSAGE][PASSED] - Text of object 'Object Repository/Campaign_OR/uploadedCampaignImg' is: 'starbucks copy.jpg'

2018-07-24 15:08:50 - [TEST_STEP][PASSED] - Statement - If (campaignImgName == ""): null

2018-07-24 15:08:50 - [TEST_STEP][PASSED] - Statement - If (emailSender.trim() == ""): null

2018-07-24 15:08:50 - [TEST_STEP][PASSED] - Statement - If (emailSubject.trim() == ""): null

2018-07-24 15:08:50 - [TEST_STEP][PASSED] - Statement - If (emailContent.trim() == ""): null

2018-07-24 15:08:50 - [TEST_STEP][PASSED] - Statement - companyLogoName = com.kms.katalon.core.webui.keyword.WebUiBuiltInKeywords.getText(com.kms.katalon.core.testobject.ObjectRepository.findTestObject(Campaign_OR/uploadedCompanyLogo)): Text of object 'Object Repository/Campaign_OR/uploadedCompanyLogo' is: '437_59.png'

2018-07-24 15:08:50 - [MESSAGE][PASSED] - Text of object 'Object Repository/Campaign_OR/uploadedCompanyLogo' is: '437_59.png'

2018-07-24 15:08:50 - [TEST_STEP][PASSED] - Statement - If (companyLogoName == ""): null

2018-07-24 15:08:50 - [TEST_STEP][PASSED] - Statement - If (com.kms.katalon.core.webui.keyword.WebUiBuiltInKeywords.waitForElementVisible(com.kms.katalon.core.testobject.ObjectRepository.findTestObject(Campaign_OR/Error Message/msg_cpgn_image2), 2)): Web element with id: 'Object Repository/Campaign_OR/Error Message/msg_cpgn_image2' located by 'By.xpath: id("campaignImage")/p[@class="error-block ng-binding"][count(. | //p[@class = 'error-block ng-binding' and @ng-hide = 'CC.errorImage == 200 || CC.errorImage == undefined']) = count(//p[@class = 'error-block ng-binding' and @ng-hide = 'CC.errorImage == 200 || CC.errorImage == undefined'])]' not found

2018-07-24 15:08:52 - [MESSAGE][WARNING] - Web element with id: 'Object Repository/Campaign_OR/Error Message/msg_cpgn_image2' located by 'By.xpath: id("campaignImage")/p[@class="error-block ng-binding"][count(. | //p[@class = 'error-block ng-binding' and @ng-hide = 'CC.errorImage == 200 || CC.errorImage == undefined']) = count(//p[@class = 'error-block ng-binding' and @ng-hide = 'CC.errorImage == 200 || CC.errorImage == undefined'])]' not found

2018-07-24 15:08:52 - [TEST_STEP][PASSED] - Statement - If (com.kms.katalon.core.webui.keyword.WebUiBuiltInKeywords.waitForElementVisible(com.kms.katalon.core.testobject.ObjectRepository.findTestObject(Campaign_OR/Error Message/msg_TCURL), 2)): Web element with id: 'Object Repository/Campaign_OR/Error Message/msg_TCURL' located by 'By.xpath: id("wrapper")/div[@class="content-page"]/div[@class="content"]/div[@class="ng-scope"]/div[@class="row ng-scope"]/div[@class="col-md-7"]/div[@class="widget"]/div[@class="widget-content padding"]/div[@class="form-horizontal"]/div[@class="form-group"]/div[@id="tncUrl"]/p[@class="error-block"][count(. | //p[(text() = 'Invalid format, please follow as http://wwww.example.com' or . = 'Invalid format, please follow as http://wwww.example.com')]) = count(//p[(text() = 'Invalid format, please follow as http://wwww.example.com' or . = 'Invalid format, please follow as http://wwww.example.com')])]' not found

2018-07-24 15:08:54 - [MESSAGE][WARNING] - Web element with id: 'Object Repository/Campaign_OR/Error Message/msg_TCURL' located by 'By.xpath: id("wrapper")/div[@class="content-page"]/div[@class="content"]/div[@class="ng-scope"]/div[@class="row ng-scope"]/div[@class="col-md-7"]/div[@class="widget"]/div[@class="widget-content padding"]/div[@class="form-horizontal"]/div[@class="form-group"]/div[@id="tncUrl"]/p[@class="error-block"][count(. | //p[(text() = 'Invalid format, please follow as http://wwww.example.com' or . = 'Invalid format, please follow as http://wwww.example.com')]) = count(//p[(text() = 'Invalid format, please follow as http://wwww.example.com' or . = 'Invalid format, please follow as http://wwww.example.com')])]' not found

2018-07-24 15:08:54 - [TEST_STEP][PASSED] - Statement - If (emailSender.trim() != ""): Web element with id: 'Object Repository/Campaign_OR/Error Message/msg_sender' located by 'By.xpath: id("emailSender")/p[@class="error-block"]' not found

2018-07-24 15:08:54 - [TEST_STEP][PASSED] - Statement - If (com.kms.katalon.core.webui.keyword.WebUiBuiltInKeywords.waitForElementVisible(com.kms.katalon.core.testobject.ObjectRepository.findTestObject(Campaign_OR/Error Message/msg_sender), 2)): Web element with id: 'Object Repository/Campaign_OR/Error Message/msg_sender' located by 'By.xpath: id("emailSender")/p[@class="error-block"]' not found

2018-07-24 15:08:56 - [MESSAGE][WARNING] - Web element with id: 'Object Repository/Campaign_OR/Error Message/msg_sender' located by 'By.xpath: id("emailSender")/p[@class="error-block"]' not found

2018-07-24 15:08:56 - [TEST_STEP][PASSED] - Statement - If (com.kms.katalon.core.webui.keyword.WebUiBuiltInKeywords.waitForElementVisible(com.kms.katalon.core.testobject.ObjectRepository.findTestObject(Campaign_OR/Error Message/msg_company_logo), 2)): null

2018-07-24 15:08:56 - [MESSAGE][PASSED] - Object 'Object Repository/Campaign_OR/Error Message/msg_company_logo' is visible

2018-07-24 15:08:56 - [TEST_STEP][PASSED] - Statement - verifyCompanyLogo = com.kms.katalon.core.webui.keyword.WebUiBuiltInKeywords.getText(com.kms.katalon.core.testobject.ObjectRepository.findTestObject(Campaign_OR/Error Message/msg_company_logo)): Text of object 'Object Repository/Campaign_OR/Error Message/msg_company_logo' is: 'Invalid image dimension'

2018-07-24 15:08:56 - [MESSAGE][PASSED] - Text of object 'Object Repository/Campaign_OR/Error Message/msg_company_logo' is: 'Invalid image dimension'

2018-07-24 15:08:56 - [TEST_STEP][PASSED] - Statement - If (verifyCompanyLogo.equals(msgInvalidSize)): null

2018-07-24 15:08:56 - [TEST_STEP][PASSED] - Statement - Else If (verifyCompanyLogo.equals(msgInvalidDi)): null

2018-07-24 15:08:56 - [TEST_STEP][PASSED] - Statement - verifyError = true: null

2018-07-24 15:08:56 - [TEST_STEP][PASSED] - refresh: Refresh successfully

2018-07-24 15:08:57 - [MESSAGE][PASSED] - Refresh successfully

2018-07-24 15:08:57 - [TEST_STEP][PASSED] - Statement - If (verifyError == false): null]]></system-out>
         <system-err><![CDATA[]]></system-err>
      </testcase>
      <testcase name="Test Cases/Merchant Portal/Campaign/TC001 Campaign - verify all case" classname="Test Cases/Merchant Portal/Campaign/TC001 Campaign - verify all case" status="PASSED">
         <system-out><![CDATA[2018-07-24 15:08:57 - [TEST_CASE][PASSED] - Test Cases/Merchant Portal/Campaign/TC001 Campaign - verify all case: Test Cases/Merchant Portal/Campaign/TC001 Campaign - verify all case

2018-07-24 15:08:57 - [TEST_STEP][PASSED] - Statement - randomWords = CustomKeywords.randomWords.GenerateNumber.randomString(4): randomWords.GenerateNumber.randomString is PASSED

2018-07-24 15:08:57 - [MESSAGE][PASSED] - randomWords.GenerateNumber.randomString is PASSED

2018-07-24 15:08:57 - [TEST_STEP][PASSED] - Statement - If (companyName.trim() != ""): null

2018-07-24 15:08:57 - [TEST_STEP][PASSED] - Statement - companyName = companyName + randomWords: null

2018-07-24 15:08:57 - [TEST_STEP][PASSED] - Statement - If (campaignInstruc.trim() != ""): null

2018-07-24 15:08:57 - [TEST_STEP][PASSED] - Statement - campaignInstruc = campaignInstruc + randomWords: null

2018-07-24 15:08:57 - [TEST_STEP][PASSED] - Statement - If (emailSender.trim() != ""): null

2018-07-24 15:08:57 - [TEST_STEP][PASSED] - Statement - email = emailSender: null

2018-07-24 15:08:57 - [TEST_STEP][PASSED] - Statement - splitEmail = email.split("@"): null

2018-07-24 15:08:57 - [TEST_STEP][PASSED] - Statement - numb = length: null

2018-07-24 15:08:57 - [TEST_STEP][PASSED] - Statement - If (numb > 1): null

2018-07-24 15:08:57 - [TEST_STEP][PASSED] - Statement - emailSender = splitEmail[0] + randomWords + "@" + splitEmail[1]: null

2018-07-24 15:08:57 - [TEST_STEP][PASSED] - Statement - If (emailSubject.trim() != ""): null

2018-07-24 15:08:57 - [TEST_STEP][PASSED] - Statement - emailSubject = emailSubject + randomWords: null

2018-07-24 15:08:57 - [TEST_STEP][PASSED] - Statement - If (emailContent.trim() != ""): null

2018-07-24 15:08:57 - [TEST_STEP][PASSED] - Statement - emailContent = emailContent + randomWords: null

2018-07-24 15:08:57 - [TEST_STEP][PASSED] - callTestCase: Call Test Case 'Test Cases/Merchant Portal/Campaign/Campagin Modules/create campaign' successfully

2018-07-24 15:08:57 - [TEST_CASE][PASSED] - Test Cases/Merchant Portal/Campaign/Campagin Modules/create campaign: Test Cases/Merchant Portal/Campaign/Campagin Modules/create campaign

2018-07-24 15:08:57 - [TEST_STEP][PASSED] - Statement - osName = "": null

2018-07-24 15:08:57 - [TEST_STEP][PASSED] - Statement - osName = CustomKeywords.os.DetectOS.getOperatingSystem(osName): os.DetectOS.getOperatingSystem is PASSED

2018-07-24 15:08:57 - [MESSAGE][PASSED] - os.DetectOS.getOperatingSystem is PASSED

2018-07-24 15:08:57 - [TEST_STEP][PASSED] - Statement - splitString = osName.split(): null

2018-07-24 15:08:57 - [TEST_STEP][PASSED] - Statement - os = splitString[0].toString(): null

2018-07-24 15:08:57 - [TEST_STEP][PASSED] - Statement - If (loggedin == false): null

2018-07-24 15:08:57 - [TEST_STEP][PASSED] - Statement - If (accessModule == false): null

2018-07-24 15:08:57 - [TEST_STEP][PASSED] - delay: Delayed 5 second(s)

2018-07-24 15:09:02 - [MESSAGE][PASSED] - Delayed 5 second(s)

2018-07-24 15:09:02 - [TEST_STEP][PASSED] - setText: Text 'Starbucks Reserve LtdmXYN' is set on object 'Object Repository/Campaign_OR/Fields/a.input_company_name'

2018-07-24 15:09:02 - [MESSAGE][PASSED] - Text 'Starbucks Reserve LtdmXYN' is set on object 'Object Repository/Campaign_OR/Fields/a.input_company_name'

2018-07-24 15:09:02 - [TEST_STEP][PASSED] - setText: Text 'Please subscribe with us and redeem a free coffee. Come join us now!mXYN' is set on object 'Object Repository/Campaign_OR/Fields/b.textarea_campaign_instruction'

2018-07-24 15:09:03 - [MESSAGE][PASSED] - Text 'Please subscribe with us and redeem a free coffee. Come join us now!mXYN' is set on object 'Object Repository/Campaign_OR/Fields/b.textarea_campaign_instruction'

2018-07-24 15:09:03 - [TEST_STEP][PASSED] - Statement - verifyEmail = false: null

2018-07-24 15:09:03 - [TEST_STEP][PASSED] - Statement - If (radioEmail.toLowerCase() == "true"): null

2018-07-24 15:09:03 - [TEST_STEP][PASSED] - Statement - verifyEmail = true: null

2018-07-24 15:09:03 - [TEST_STEP][PASSED] - Statement - If (verifyEmail == true): Object 'Object Repository/Campaign_OR/input_email' is visible

2018-07-24 15:09:03 - [TEST_STEP][PASSED] - Statement - If (com.kms.katalon.core.webui.keyword.WebUiBuiltInKeywords.verifyElementNotChecked(com.kms.katalon.core.testobject.ObjectRepository.findTestObject(Campaign_OR/Fields/c.checkbox_email), 1, OPTIONAL)): Object 'Object Repository/Campaign_OR/Fields/c.checkbox_email' is checked

2018-07-24 15:09:03 - [MESSAGE][WARNING] - Object 'Object Repository/Campaign_OR/Fields/c.checkbox_email' is checked
[[ATTACHMENT|C:\\Users\\kl.chan\\Katalon Studio\\boldreward\\Reports\\TS_Create_Campaign\\TS002 Edit Campaign with negative testing\\20180724_145748\\1532416143348.png]]

2018-07-24 15:09:03 - [TEST_STEP][PASSED] - Statement - Else: Object 'Object Repository/Campaign_OR/input_email' is visible

2018-07-24 15:09:03 - [TEST_STEP][PASSED] - verifyElementVisible: Object 'Object Repository/Campaign_OR/input_email' is visible

2018-07-24 15:09:03 - [MESSAGE][PASSED] - Object 'Object Repository/Campaign_OR/input_email' is visible

2018-07-24 15:09:03 - [TEST_STEP][PASSED] - Statement - verifyMobileno = false: null

2018-07-24 15:09:03 - [TEST_STEP][PASSED] - Statement - If (radioMobileno.toLowerCase() == "true"): null

2018-07-24 15:09:03 - [TEST_STEP][PASSED] - Statement - If (verifyMobileno == true): null

2018-07-24 15:09:03 - [TEST_STEP][PASSED] - Statement - Else If (verifyMobileno == false): Object 'Object Repository/Campaign_OR/input_mobileno' is NOT visible

2018-07-24 15:09:03 - [TEST_STEP][PASSED] - Statement - If (com.kms.katalon.core.webui.keyword.WebUiBuiltInKeywords.verifyElementChecked(com.kms.katalon.core.testobject.ObjectRepository.findTestObject(Campaign_OR/Fields/d.checkbox_mobile_number), 1, OPTIONAL)): Object 'Object Repository/Campaign_OR/input_mobileno' is NOT visible

2018-07-24 15:09:03 - [MESSAGE][PASSED] - Object 'Object Repository/Campaign_OR/Fields/d.checkbox_mobile_number' is checked

2018-07-24 15:09:03 - [TEST_STEP][PASSED] - delay: Delayed 1 second(s)

2018-07-24 15:09:04 - [MESSAGE][PASSED] - Delayed 1 second(s)

2018-07-24 15:09:04 - [TEST_STEP][PASSED] - click: Object: 'Object Repository/Campaign_OR/Fields/d.checkbox_mobile_number' is clicked on

2018-07-24 15:09:04 - [MESSAGE][PASSED] - Object: 'Object Repository/Campaign_OR/Fields/d.checkbox_mobile_number' is clicked on

2018-07-24 15:09:04 - [TEST_STEP][PASSED] - verifyElementNotVisible: Object 'Object Repository/Campaign_OR/input_mobileno' is NOT visible

2018-07-24 15:09:04 - [MESSAGE][PASSED] - Object 'Object Repository/Campaign_OR/input_mobileno' is NOT visible

2018-07-24 15:09:04 - [TEST_STEP][PASSED] - Statement - verifyName = false: null

2018-07-24 15:09:04 - [TEST_STEP][PASSED] - Statement - If (radioName.toLowerCase() == "true"): null

2018-07-24 15:09:04 - [TEST_STEP][PASSED] - Statement - If (verifyName == true): null

2018-07-24 15:09:04 - [TEST_STEP][PASSED] - Statement - Else If (verifyName == false): Object 'Object Repository/Campaign_OR/input_name' is NOT visible

2018-07-24 15:09:04 - [TEST_STEP][PASSED] - Statement - If (com.kms.katalon.core.webui.keyword.WebUiBuiltInKeywords.verifyElementChecked(com.kms.katalon.core.testobject.ObjectRepository.findTestObject(Campaign_OR/Fields/e.checkbox_name), 1, OPTIONAL)): Object 'Object Repository/Campaign_OR/input_name' is NOT visible

2018-07-24 15:09:04 - [MESSAGE][PASSED] - Object 'Object Repository/Campaign_OR/Fields/e.checkbox_name' is checked

2018-07-24 15:09:04 - [TEST_STEP][PASSED] - delay: Delayed 1 second(s)

2018-07-24 15:09:05 - [MESSAGE][PASSED] - Delayed 1 second(s)

2018-07-24 15:09:05 - [TEST_STEP][PASSED] - click: Object: 'Object Repository/Campaign_OR/Fields/e.checkbox_name' is clicked on

2018-07-24 15:09:05 - [MESSAGE][PASSED] - Object: 'Object Repository/Campaign_OR/Fields/e.checkbox_name' is clicked on

2018-07-24 15:09:05 - [TEST_STEP][PASSED] - verifyElementNotVisible: Object 'Object Repository/Campaign_OR/input_name' is NOT visible

2018-07-24 15:09:05 - [MESSAGE][PASSED] - Object 'Object Repository/Campaign_OR/input_name' is NOT visible

2018-07-24 15:09:05 - [TEST_STEP][PASSED] - Statement - verifyGender = false: null

2018-07-24 15:09:05 - [TEST_STEP][PASSED] - Statement - If (radioGender.toLowerCase() == "true"): null

2018-07-24 15:09:05 - [TEST_STEP][PASSED] - Statement - If (verifyGender == true): null

2018-07-24 15:09:05 - [TEST_STEP][PASSED] - Statement - Else If (verifyGender == false): Object 'Object Repository/Campaign_OR/label_Female' is NOT visible

2018-07-24 15:09:05 - [TEST_STEP][PASSED] - Statement - If (com.kms.katalon.core.webui.keyword.WebUiBuiltInKeywords.verifyElementChecked(com.kms.katalon.core.testobject.ObjectRepository.findTestObject(Campaign_OR/Fields/f.checkbox_gender), 1, OPTIONAL)): Object 'Object Repository/Campaign_OR/label_Female' is NOT visible

2018-07-24 15:09:05 - [MESSAGE][PASSED] - Object 'Object Repository/Campaign_OR/Fields/f.checkbox_gender' is checked

2018-07-24 15:09:05 - [TEST_STEP][PASSED] - delay: Delayed 1 second(s)

2018-07-24 15:09:06 - [MESSAGE][PASSED] - Delayed 1 second(s)

2018-07-24 15:09:06 - [TEST_STEP][PASSED] - click: Object: 'Object Repository/Campaign_OR/Fields/f.checkbox_gender' is clicked on

2018-07-24 15:09:06 - [MESSAGE][PASSED] - Object: 'Object Repository/Campaign_OR/Fields/f.checkbox_gender' is clicked on

2018-07-24 15:09:06 - [TEST_STEP][PASSED] - verifyElementNotVisible: Object 'Object Repository/Campaign_OR/label_Male' is NOT visible

2018-07-24 15:09:07 - [MESSAGE][PASSED] - Object 'Object Repository/Campaign_OR/label_Male' is NOT visible

2018-07-24 15:09:07 - [TEST_STEP][PASSED] - verifyElementNotVisible: Object 'Object Repository/Campaign_OR/label_Female' is NOT visible

2018-07-24 15:09:07 - [MESSAGE][PASSED] - Object 'Object Repository/Campaign_OR/label_Female' is NOT visible

2018-07-24 15:09:07 - [TEST_STEP][PASSED] - Statement - verifyDOB = false: null

2018-07-24 15:09:07 - [TEST_STEP][PASSED] - Statement - If (radioDOB.toLowerCase() == "true"): null

2018-07-24 15:09:07 - [TEST_STEP][PASSED] - Statement - If (verifyDOB == true): null

2018-07-24 15:09:07 - [TEST_STEP][PASSED] - Statement - Else If (verifyDOB == false): Object 'Object Repository/Campaign_OR/input_datepicker' is NOT visible

2018-07-24 15:09:07 - [TEST_STEP][PASSED] - Statement - If (com.kms.katalon.core.webui.keyword.WebUiBuiltInKeywords.verifyElementChecked(com.kms.katalon.core.testobject.ObjectRepository.findTestObject(Campaign_OR/Fields/g.checkbox_dob), 1, OPTIONAL)): Object 'Object Repository/Campaign_OR/input_datepicker' is NOT visible

2018-07-24 15:09:07 - [MESSAGE][PASSED] - Object 'Object Repository/Campaign_OR/Fields/g.checkbox_dob' is checked

2018-07-24 15:09:07 - [TEST_STEP][PASSED] - delay: Delayed 1 second(s)

2018-07-24 15:09:08 - [MESSAGE][PASSED] - Delayed 1 second(s)

2018-07-24 15:09:08 - [TEST_STEP][PASSED] - click: Object: 'Object Repository/Campaign_OR/Fields/g.checkbox_dob' is clicked on

2018-07-24 15:09:08 - [MESSAGE][PASSED] - Object: 'Object Repository/Campaign_OR/Fields/g.checkbox_dob' is clicked on

2018-07-24 15:09:08 - [TEST_STEP][PASSED] - verifyElementNotVisible: Object 'Object Repository/Campaign_OR/input_datepicker' is NOT visible

2018-07-24 15:09:08 - [MESSAGE][PASSED] - Object 'Object Repository/Campaign_OR/input_datepicker' is NOT visible

2018-07-24 15:09:08 - [TEST_STEP][PASSED] - Statement - filepath = "": null

2018-07-24 15:09:08 - [TEST_STEP][PASSED] - Statement - If (os == "Windows"): null

2018-07-24 15:09:08 - [TEST_STEP][PASSED] - Statement - filepath = campaignImagePath: null

2018-07-24 15:09:08 - [TEST_STEP][PASSED] - Statement - verifyImgName = "": null

2018-07-24 15:09:08 - [TEST_STEP][PASSED] - Statement - uploadedImg = false: null

2018-07-24 15:09:08 - [TEST_STEP][PASSED] - Statement - If (filepath.trim() != "" && campaignImage.trim() != ""): null

2018-07-24 15:09:08 - [TEST_STEP][PASSED] - sendKeys: Keys 'C:\Users\kl.chan\Katalon Studio\boldreward\Images\Campaign Image\starbucks copy.jpg' sent to object: 'Object Repository/Campaign_OR/Fields/h.button_campaign_image_1'

2018-07-24 15:09:08 - [MESSAGE][PASSED] - Keys 'C:\Users\kl.chan\Katalon Studio\boldreward\Images\Campaign Image\starbucks copy.jpg' sent to object: 'Object Repository/Campaign_OR/Fields/h.button_campaign_image_1'

2018-07-24 15:09:08 - [TEST_STEP][PASSED] - delay: Delayed 1 second(s)

2018-07-24 15:09:09 - [MESSAGE][PASSED] - Delayed 1 second(s)

2018-07-24 15:09:09 - [TEST_STEP][PASSED] - Statement - If (com.kms.katalon.core.webui.keyword.WebUiBuiltInKeywords.waitForElementVisible(com.kms.katalon.core.testobject.ObjectRepository.findTestObject(Campaign_OR/uploadedCampaignImg), 30)): null

2018-07-24 15:09:09 - [MESSAGE][PASSED] - Object 'Object Repository/Campaign_OR/uploadedCampaignImg' is visible

2018-07-24 15:09:09 - [TEST_STEP][PASSED] - Statement - verifyImgName = com.kms.katalon.core.webui.keyword.WebUiBuiltInKeywords.getText(com.kms.katalon.core.testobject.ObjectRepository.findTestObject(Campaign_OR/uploadedCampaignImg)): Text of object 'Object Repository/Campaign_OR/uploadedCampaignImg' is: 'starbucks copy.jpg'

2018-07-24 15:09:09 - [MESSAGE][PASSED] - Text of object 'Object Repository/Campaign_OR/uploadedCampaignImg' is: 'starbucks copy.jpg'

2018-07-24 15:09:09 - [TEST_STEP][PASSED] - Statement - If (verifyImgName.equals(campaignImage) == true): null

2018-07-24 15:09:09 - [TEST_STEP][PASSED] - Statement - uploadedImg = true: null

2018-07-24 15:09:09 - [TEST_STEP][PASSED] - setText: Text 'http://www.starbucks.com.my/' is set on object 'Object Repository/Campaign_OR/Fields/i.k.input_tnc'

2018-07-24 15:09:09 - [MESSAGE][PASSED] - Text 'http://www.starbucks.com.my/' is set on object 'Object Repository/Campaign_OR/Fields/i.k.input_tnc'

2018-07-24 15:09:09 - [TEST_STEP][PASSED] - setText: Text 'kl.chanmXYN@macrokiosk.com' is set on object 'Object Repository/Campaign_OR/Fields/j.input_sender'

2018-07-24 15:09:09 - [MESSAGE][PASSED] - Text 'kl.chanmXYN@macrokiosk.com' is set on object 'Object Repository/Campaign_OR/Fields/j.input_sender'

2018-07-24 15:09:09 - [TEST_STEP][PASSED] - setText: Text 'Starbucks Reserve @ SITmXYN' is set on object 'Object Repository/Campaign_OR/Fields/k.input_subject'

2018-07-24 15:09:10 - [MESSAGE][PASSED] - Text 'Starbucks Reserve @ SITmXYN' is set on object 'Object Repository/Campaign_OR/Fields/k.input_subject'

2018-07-24 15:09:10 - [TEST_STEP][PASSED] - setText: Text 'Hello User, Welcome to our Starbucks Reserve @ SIT. Come subscribe with us and redeem more rewards.mXYN' is set on object 'Object Repository/Campaign_OR/Fields/l.textarea_content'

2018-07-24 15:09:10 - [MESSAGE][PASSED] - Text 'Hello User, Welcome to our Starbucks Reserve @ SIT. Come subscribe with us and redeem more rewards.mXYN' is set on object 'Object Repository/Campaign_OR/Fields/l.textarea_content'

2018-07-24 15:09:10 - [TEST_STEP][PASSED] - Statement - filepath = "": null

2018-07-24 15:09:10 - [TEST_STEP][PASSED] - Statement - If (os == "Windows"): null

2018-07-24 15:09:10 - [TEST_STEP][PASSED] - Statement - filepath = companyLogoPath: null

2018-07-24 15:09:10 - [TEST_STEP][PASSED] - Statement - verifyImgName = "": null

2018-07-24 15:09:10 - [TEST_STEP][PASSED] - Statement - uploadedImg = false: null

2018-07-24 15:09:10 - [TEST_STEP][PASSED] - Statement - reuploadCount = 0: null

2018-07-24 15:09:10 - [TEST_STEP][PASSED] - Statement - If (filepath.trim() != "" && companyLogo.trim() != ""): null

2018-07-24 15:09:10 - [TEST_STEP][PASSED] - sendKeys: Keys 'C:\Users\kl.chan\Katalon Studio\boldreward\Images\Company Logo\437_61.jpg' sent to object: 'Object Repository/Campaign_OR/Fields/m.button_company_logo_1'

2018-07-24 15:09:10 - [MESSAGE][PASSED] - Keys 'C:\Users\kl.chan\Katalon Studio\boldreward\Images\Company Logo\437_61.jpg' sent to object: 'Object Repository/Campaign_OR/Fields/m.button_company_logo_1'

2018-07-24 15:09:10 - [TEST_STEP][PASSED] - delay: Delayed 1 second(s)

2018-07-24 15:09:11 - [MESSAGE][PASSED] - Delayed 1 second(s)

2018-07-24 15:09:11 - [TEST_STEP][PASSED] - Statement - If (com.kms.katalon.core.webui.keyword.WebUiBuiltInKeywords.waitForElementVisible(com.kms.katalon.core.testobject.ObjectRepository.findTestObject(Campaign_OR/uploadedCompanyLogo), 30)): null

2018-07-24 15:09:11 - [MESSAGE][PASSED] - Object 'Object Repository/Campaign_OR/uploadedCompanyLogo' is visible

2018-07-24 15:09:11 - [TEST_STEP][PASSED] - Statement - verifyImgName = com.kms.katalon.core.webui.keyword.WebUiBuiltInKeywords.getText(com.kms.katalon.core.testobject.ObjectRepository.findTestObject(Campaign_OR/uploadedCompanyLogo)): Text of object 'Object Repository/Campaign_OR/uploadedCompanyLogo' is: '437_61.jpg'

2018-07-24 15:09:11 - [MESSAGE][PASSED] - Text of object 'Object Repository/Campaign_OR/uploadedCompanyLogo' is: '437_61.jpg'

2018-07-24 15:09:11 - [TEST_STEP][PASSED] - Statement - If (verifyImgName.equals(companyLogo) == true): null

2018-07-24 15:09:11 - [TEST_STEP][PASSED] - Statement - uploadedImg = true: null

2018-07-24 15:09:11 - [TEST_STEP][PASSED] - Statement - If (rewardCode == true): null

2018-07-24 15:09:11 - [TEST_STEP][PASSED] - Statement - Else If (rewardCode == false): Object: 'Object Repository/Campaign_OR/Fields/n.label_No' is clicked on

2018-07-24 15:09:11 - [TEST_STEP][PASSED] - click: Object: 'Object Repository/Campaign_OR/Fields/n.label_No' is clicked on

2018-07-24 15:09:11 - [MESSAGE][PASSED] - Object: 'Object Repository/Campaign_OR/Fields/n.label_No' is clicked on

2018-07-24 15:09:11 - [TEST_STEP][PASSED] - verifyElementChecked: Object 'Object Repository/Campaign_OR/Fields/radio_No' is checked

2018-07-24 15:09:11 - [MESSAGE][PASSED] - Object 'Object Repository/Campaign_OR/Fields/radio_No' is checked

2018-07-24 15:09:11 - [TEST_STEP][PASSED] - verifyElementChecked: Object 'Object Repository/Campaign_OR/Fields/radio_Yes' is not checked

2018-07-24 15:09:11 - [MESSAGE][WARNING] - Object 'Object Repository/Campaign_OR/Fields/radio_Yes' is not checked
[[ATTACHMENT|C:\\Users\\kl.chan\\Katalon Studio\\boldreward\\Reports\\TS_Create_Campaign\\TS002 Edit Campaign with negative testing\\20180724_145748\\1532416151734.png]]

2018-07-24 15:09:11 - [TEST_STEP][PASSED] - click: Object: 'Object Repository/Campaign_OR/button_Save' is clicked on

2018-07-24 15:09:12 - [MESSAGE][PASSED] - Object: 'Object Repository/Campaign_OR/button_Save' is clicked on

2018-07-24 15:09:12 - [TEST_STEP][PASSED] - delay: Delayed 2 second(s)

2018-07-24 15:09:14 - [MESSAGE][PASSED] - Delayed 2 second(s)

2018-07-24 15:09:14 - [MESSAGE][PASSED] - Call Test Case 'Test Cases/Merchant Portal/Campaign/Campagin Modules/create campaign' successfully

2018-07-24 15:09:14 - [TEST_STEP][PASSED] - Statement - updateFailed = false: null

2018-07-24 15:09:14 - [TEST_STEP][PASSED] - Statement - If (com.kms.katalon.core.webui.keyword.WebUiBuiltInKeywords.waitForElementVisible(com.kms.katalon.core.testobject.ObjectRepository.findTestObject(a.Not_Assigned_OR/alert_msg_top), 3)): null

2018-07-24 15:09:14 - [MESSAGE][PASSED] - Object 'Object Repository/a.Not_Assigned_OR/alert_msg_top' is visible

2018-07-24 15:09:14 - [TEST_STEP][PASSED] - Statement - verifyPopoutMsg = com.kms.katalon.core.webui.keyword.WebUiBuiltInKeywords.getText(com.kms.katalon.core.testobject.ObjectRepository.findTestObject(a.Not_Assigned_OR/alert_msg_top)): Text of object 'Object Repository/a.Not_Assigned_OR/alert_msg_top' is: 'Oops! Invalid inputs, please try again.'

2018-07-24 15:09:14 - [MESSAGE][PASSED] - Text of object 'Object Repository/a.Not_Assigned_OR/alert_msg_top' is: 'Oops! Invalid inputs, please try again.'

2018-07-24 15:09:14 - [TEST_STEP][PASSED] - Statement - If (verifyPopoutMsg.equals(msgServer) == true): null

2018-07-24 15:09:14 - [TEST_STEP][PASSED] - Statement - updateFailed = true: null

2018-07-24 15:09:14 - [TEST_STEP][PASSED] - Statement - updateSuccess = false: null

2018-07-24 15:09:14 - [TEST_STEP][PASSED] - Statement - If (com.kms.katalon.core.webui.keyword.WebUiBuiltInKeywords.waitForElementVisible(com.kms.katalon.core.testobject.ObjectRepository.findTestObject(Campaign_OR/Error Message/msg_edit_success), 3)): Web element with id: 'Object Repository/Campaign_OR/Error Message/msg_edit_success' located by 'By.xpath: id("errorMessage")/p[@class="error-block"]' not found

2018-07-24 15:09:17 - [MESSAGE][WARNING] - Web element with id: 'Object Repository/Campaign_OR/Error Message/msg_edit_success' located by 'By.xpath: id("errorMessage")/p[@class="error-block"]' not found

2018-07-24 15:09:17 - [TEST_STEP][PASSED] - Statement - createSuccess = false: null

2018-07-24 15:09:17 - [TEST_STEP][PASSED] - Statement - If (com.kms.katalon.core.webui.keyword.WebUiBuiltInKeywords.waitForElementVisible(com.kms.katalon.core.testobject.ObjectRepository.findTestObject(Home_OR/label_home), 3)): Web element with id: 'Object Repository/Home_OR/label_home' located by 'By.xpath: id("wrapper")/div[@class="content-page"]/div[@class="content"]/div[@class="ng-scope"]/div[@class="ng-scope"]/div[@class="page-heading"]/h1[1][count(. | //h1[(text() = ' Home' or . = ' Home')]) = count(//h1[(text() = ' Home' or . = ' Home')])]' not found

2018-07-24 15:09:20 - [MESSAGE][WARNING] - Web element with id: 'Object Repository/Home_OR/label_home' located by 'By.xpath: id("wrapper")/div[@class="content-page"]/div[@class="content"]/div[@class="ng-scope"]/div[@class="ng-scope"]/div[@class="page-heading"]/h1[1][count(. | //h1[(text() = ' Home' or . = ' Home')]) = count(//h1[(text() = ' Home' or . = ' Home')])]' not found

2018-07-24 15:09:20 - [TEST_STEP][PASSED] - Statement - If (updateSuccess == true): null

2018-07-24 15:09:20 - [TEST_STEP][PASSED] - Statement - Else If (updateFailed == true): null

2018-07-24 15:09:20 - [TEST_STEP][PASSED] - Statement - verifyError = false: null

2018-07-24 15:09:20 - [TEST_STEP][PASSED] - Statement - If (companyName.trim() == ""): null

2018-07-24 15:09:20 - [TEST_STEP][PASSED] - Statement - If (campaignInstruc.trim() == ""): null

2018-07-24 15:09:20 - [TEST_STEP][PASSED] - Statement - If (radioEmail.toLowerCase() == "false"): null

2018-07-24 15:09:20 - [TEST_STEP][PASSED] - Statement - campaignImgName = com.kms.katalon.core.webui.keyword.WebUiBuiltInKeywords.getText(com.kms.katalon.core.testobject.ObjectRepository.findTestObject(Campaign_OR/uploadedCampaignImg)): Text of object 'Object Repository/Campaign_OR/uploadedCampaignImg' is: 'starbucks copy.jpg'

2018-07-24 15:09:20 - [MESSAGE][PASSED] - Text of object 'Object Repository/Campaign_OR/uploadedCampaignImg' is: 'starbucks copy.jpg'

2018-07-24 15:09:20 - [TEST_STEP][PASSED] - Statement - If (campaignImgName == ""): null

2018-07-24 15:09:20 - [TEST_STEP][PASSED] - Statement - If (emailSender.trim() == ""): null

2018-07-24 15:09:20 - [TEST_STEP][PASSED] - Statement - If (emailSubject.trim() == ""): null

2018-07-24 15:09:20 - [TEST_STEP][PASSED] - Statement - If (emailContent.trim() == ""): null

2018-07-24 15:09:20 - [TEST_STEP][PASSED] - Statement - companyLogoName = com.kms.katalon.core.webui.keyword.WebUiBuiltInKeywords.getText(com.kms.katalon.core.testobject.ObjectRepository.findTestObject(Campaign_OR/uploadedCompanyLogo)): Text of object 'Object Repository/Campaign_OR/uploadedCompanyLogo' is: '437_61.jpg'

2018-07-24 15:09:20 - [MESSAGE][PASSED] - Text of object 'Object Repository/Campaign_OR/uploadedCompanyLogo' is: '437_61.jpg'

2018-07-24 15:09:20 - [TEST_STEP][PASSED] - Statement - If (companyLogoName == ""): null

2018-07-24 15:09:20 - [TEST_STEP][PASSED] - Statement - If (com.kms.katalon.core.webui.keyword.WebUiBuiltInKeywords.waitForElementVisible(com.kms.katalon.core.testobject.ObjectRepository.findTestObject(Campaign_OR/Error Message/msg_cpgn_image2), 2)): Web element with id: 'Object Repository/Campaign_OR/Error Message/msg_cpgn_image2' located by 'By.xpath: id("campaignImage")/p[@class="error-block ng-binding"][count(. | //p[@class = 'error-block ng-binding' and @ng-hide = 'CC.errorImage == 200 || CC.errorImage == undefined']) = count(//p[@class = 'error-block ng-binding' and @ng-hide = 'CC.errorImage == 200 || CC.errorImage == undefined'])]' not found

2018-07-24 15:09:22 - [MESSAGE][WARNING] - Web element with id: 'Object Repository/Campaign_OR/Error Message/msg_cpgn_image2' located by 'By.xpath: id("campaignImage")/p[@class="error-block ng-binding"][count(. | //p[@class = 'error-block ng-binding' and @ng-hide = 'CC.errorImage == 200 || CC.errorImage == undefined']) = count(//p[@class = 'error-block ng-binding' and @ng-hide = 'CC.errorImage == 200 || CC.errorImage == undefined'])]' not found

2018-07-24 15:09:22 - [TEST_STEP][PASSED] - Statement - If (com.kms.katalon.core.webui.keyword.WebUiBuiltInKeywords.waitForElementVisible(com.kms.katalon.core.testobject.ObjectRepository.findTestObject(Campaign_OR/Error Message/msg_TCURL), 2)): Web element with id: 'Object Repository/Campaign_OR/Error Message/msg_TCURL' located by 'By.xpath: id("wrapper")/div[@class="content-page"]/div[@class="content"]/div[@class="ng-scope"]/div[@class="row ng-scope"]/div[@class="col-md-7"]/div[@class="widget"]/div[@class="widget-content padding"]/div[@class="form-horizontal"]/div[@class="form-group"]/div[@id="tncUrl"]/p[@class="error-block"][count(. | //p[(text() = 'Invalid format, please follow as http://wwww.example.com' or . = 'Invalid format, please follow as http://wwww.example.com')]) = count(//p[(text() = 'Invalid format, please follow as http://wwww.example.com' or . = 'Invalid format, please follow as http://wwww.example.com')])]' not found

2018-07-24 15:09:24 - [MESSAGE][WARNING] - Web element with id: 'Object Repository/Campaign_OR/Error Message/msg_TCURL' located by 'By.xpath: id("wrapper")/div[@class="content-page"]/div[@class="content"]/div[@class="ng-scope"]/div[@class="row ng-scope"]/div[@class="col-md-7"]/div[@class="widget"]/div[@class="widget-content padding"]/div[@class="form-horizontal"]/div[@class="form-group"]/div[@id="tncUrl"]/p[@class="error-block"][count(. | //p[(text() = 'Invalid format, please follow as http://wwww.example.com' or . = 'Invalid format, please follow as http://wwww.example.com')]) = count(//p[(text() = 'Invalid format, please follow as http://wwww.example.com' or . = 'Invalid format, please follow as http://wwww.example.com')])]' not found

2018-07-24 15:09:24 - [TEST_STEP][PASSED] - Statement - If (emailSender.trim() != ""): Web element with id: 'Object Repository/Campaign_OR/Error Message/msg_sender' located by 'By.xpath: id("emailSender")/p[@class="error-block"]' not found

2018-07-24 15:09:24 - [TEST_STEP][PASSED] - Statement - If (com.kms.katalon.core.webui.keyword.WebUiBuiltInKeywords.waitForElementVisible(com.kms.katalon.core.testobject.ObjectRepository.findTestObject(Campaign_OR/Error Message/msg_sender), 2)): Web element with id: 'Object Repository/Campaign_OR/Error Message/msg_sender' located by 'By.xpath: id("emailSender")/p[@class="error-block"]' not found

2018-07-24 15:09:26 - [MESSAGE][WARNING] - Web element with id: 'Object Repository/Campaign_OR/Error Message/msg_sender' located by 'By.xpath: id("emailSender")/p[@class="error-block"]' not found

2018-07-24 15:09:26 - [TEST_STEP][PASSED] - Statement - If (com.kms.katalon.core.webui.keyword.WebUiBuiltInKeywords.waitForElementVisible(com.kms.katalon.core.testobject.ObjectRepository.findTestObject(Campaign_OR/Error Message/msg_company_logo), 2)): null

2018-07-24 15:09:26 - [MESSAGE][PASSED] - Object 'Object Repository/Campaign_OR/Error Message/msg_company_logo' is visible

2018-07-24 15:09:26 - [TEST_STEP][PASSED] - Statement - verifyCompanyLogo = com.kms.katalon.core.webui.keyword.WebUiBuiltInKeywords.getText(com.kms.katalon.core.testobject.ObjectRepository.findTestObject(Campaign_OR/Error Message/msg_company_logo)): Text of object 'Object Repository/Campaign_OR/Error Message/msg_company_logo' is: 'Invalid image dimension'

2018-07-24 15:09:26 - [MESSAGE][PASSED] - Text of object 'Object Repository/Campaign_OR/Error Message/msg_company_logo' is: 'Invalid image dimension'

2018-07-24 15:09:26 - [TEST_STEP][PASSED] - Statement - If (verifyCompanyLogo.equals(msgInvalidSize)): null

2018-07-24 15:09:26 - [TEST_STEP][PASSED] - Statement - Else If (verifyCompanyLogo.equals(msgInvalidDi)): null

2018-07-24 15:09:26 - [TEST_STEP][PASSED] - Statement - verifyError = true: null

2018-07-24 15:09:26 - [TEST_STEP][PASSED] - refresh: Refresh successfully

2018-07-24 15:09:26 - [MESSAGE][PASSED] - Refresh successfully

2018-07-24 15:09:26 - [TEST_STEP][PASSED] - Statement - If (verifyError == false): null]]></system-out>
         <system-err><![CDATA[]]></system-err>
      </testcase>
      <testcase name="Test Cases/Merchant Portal/Campaign/TC001 Campaign - verify all case" classname="Test Cases/Merchant Portal/Campaign/TC001 Campaign - verify all case" status="PASSED">
         <system-out><![CDATA[2018-07-24 15:09:26 - [TEST_CASE][PASSED] - Test Cases/Merchant Portal/Campaign/TC001 Campaign - verify all case: Test Cases/Merchant Portal/Campaign/TC001 Campaign - verify all case

2018-07-24 15:09:27 - [TEST_STEP][PASSED] - Statement - randomWords = CustomKeywords.randomWords.GenerateNumber.randomString(4): randomWords.GenerateNumber.randomString is PASSED

2018-07-24 15:09:27 - [MESSAGE][PASSED] - randomWords.GenerateNumber.randomString is PASSED

2018-07-24 15:09:27 - [TEST_STEP][PASSED] - Statement - If (companyName.trim() != ""): null

2018-07-24 15:09:27 - [TEST_STEP][PASSED] - Statement - companyName = companyName + randomWords: null

2018-07-24 15:09:27 - [TEST_STEP][PASSED] - Statement - If (campaignInstruc.trim() != ""): null

2018-07-24 15:09:27 - [TEST_STEP][PASSED] - Statement - campaignInstruc = campaignInstruc + randomWords: null

2018-07-24 15:09:27 - [TEST_STEP][PASSED] - Statement - If (emailSender.trim() != ""): null

2018-07-24 15:09:27 - [TEST_STEP][PASSED] - Statement - email = emailSender: null

2018-07-24 15:09:27 - [TEST_STEP][PASSED] - Statement - splitEmail = email.split("@"): null

2018-07-24 15:09:27 - [TEST_STEP][PASSED] - Statement - numb = length: null

2018-07-24 15:09:27 - [TEST_STEP][PASSED] - Statement - If (numb > 1): null

2018-07-24 15:09:27 - [TEST_STEP][PASSED] - Statement - emailSender = splitEmail[0] + randomWords + "@" + splitEmail[1]: null

2018-07-24 15:09:27 - [TEST_STEP][PASSED] - Statement - If (emailSubject.trim() != ""): null

2018-07-24 15:09:27 - [TEST_STEP][PASSED] - Statement - emailSubject = emailSubject + randomWords: null

2018-07-24 15:09:27 - [TEST_STEP][PASSED] - Statement - If (emailContent.trim() != ""): null

2018-07-24 15:09:27 - [TEST_STEP][PASSED] - Statement - emailContent = emailContent + randomWords: null

2018-07-24 15:09:27 - [TEST_STEP][PASSED] - callTestCase: Call Test Case 'Test Cases/Merchant Portal/Campaign/Campagin Modules/create campaign' successfully

2018-07-24 15:09:27 - [TEST_CASE][PASSED] - Test Cases/Merchant Portal/Campaign/Campagin Modules/create campaign: Test Cases/Merchant Portal/Campaign/Campagin Modules/create campaign

2018-07-24 15:09:27 - [TEST_STEP][PASSED] - Statement - osName = "": null

2018-07-24 15:09:27 - [TEST_STEP][PASSED] - Statement - osName = CustomKeywords.os.DetectOS.getOperatingSystem(osName): os.DetectOS.getOperatingSystem is PASSED

2018-07-24 15:09:27 - [MESSAGE][PASSED] - os.DetectOS.getOperatingSystem is PASSED

2018-07-24 15:09:27 - [TEST_STEP][PASSED] - Statement - splitString = osName.split(): null

2018-07-24 15:09:27 - [TEST_STEP][PASSED] - Statement - os = splitString[0].toString(): null

2018-07-24 15:09:27 - [TEST_STEP][PASSED] - Statement - If (loggedin == false): null

2018-07-24 15:09:27 - [TEST_STEP][PASSED] - Statement - If (accessModule == false): null

2018-07-24 15:09:27 - [TEST_STEP][PASSED] - delay: Delayed 5 second(s)

2018-07-24 15:09:32 - [MESSAGE][PASSED] - Delayed 5 second(s)

2018-07-24 15:09:32 - [TEST_STEP][PASSED] - setText: Text 'Starbucks Reserve Ltdeqhg' is set on object 'Object Repository/Campaign_OR/Fields/a.input_company_name'

2018-07-24 15:09:32 - [MESSAGE][PASSED] - Text 'Starbucks Reserve Ltdeqhg' is set on object 'Object Repository/Campaign_OR/Fields/a.input_company_name'

2018-07-24 15:09:32 - [TEST_STEP][PASSED] - setText: Text 'Please subscribe with us and redeem a free coffee. Come join us now!eqhg' is set on object 'Object Repository/Campaign_OR/Fields/b.textarea_campaign_instruction'

2018-07-24 15:09:32 - [MESSAGE][PASSED] - Text 'Please subscribe with us and redeem a free coffee. Come join us now!eqhg' is set on object 'Object Repository/Campaign_OR/Fields/b.textarea_campaign_instruction'

2018-07-24 15:09:32 - [TEST_STEP][PASSED] - Statement - verifyEmail = false: null

2018-07-24 15:09:32 - [TEST_STEP][PASSED] - Statement - If (radioEmail.toLowerCase() == "true"): null

2018-07-24 15:09:32 - [TEST_STEP][PASSED] - Statement - verifyEmail = true: null

2018-07-24 15:09:32 - [TEST_STEP][PASSED] - Statement - If (verifyEmail == true): Object 'Object Repository/Campaign_OR/input_email' is visible

2018-07-24 15:09:32 - [TEST_STEP][PASSED] - Statement - If (com.kms.katalon.core.webui.keyword.WebUiBuiltInKeywords.verifyElementNotChecked(com.kms.katalon.core.testobject.ObjectRepository.findTestObject(Campaign_OR/Fields/c.checkbox_email), 1, OPTIONAL)): Object 'Object Repository/Campaign_OR/Fields/c.checkbox_email' is checked

2018-07-24 15:09:33 - [MESSAGE][WARNING] - Object 'Object Repository/Campaign_OR/Fields/c.checkbox_email' is checked
[[ATTACHMENT|C:\\Users\\kl.chan\\Katalon Studio\\boldreward\\Reports\\TS_Create_Campaign\\TS002 Edit Campaign with negative testing\\20180724_145748\\1532416172918.png]]

2018-07-24 15:09:33 - [TEST_STEP][PASSED] - Statement - Else: Object 'Object Repository/Campaign_OR/input_email' is visible

2018-07-24 15:09:33 - [TEST_STEP][PASSED] - verifyElementVisible: Object 'Object Repository/Campaign_OR/input_email' is visible

2018-07-24 15:09:33 - [MESSAGE][PASSED] - Object 'Object Repository/Campaign_OR/input_email' is visible

2018-07-24 15:09:33 - [TEST_STEP][PASSED] - Statement - verifyMobileno = false: null

2018-07-24 15:09:33 - [TEST_STEP][PASSED] - Statement - If (radioMobileno.toLowerCase() == "true"): null

2018-07-24 15:09:33 - [TEST_STEP][PASSED] - Statement - If (verifyMobileno == true): null

2018-07-24 15:09:33 - [TEST_STEP][PASSED] - Statement - Else If (verifyMobileno == false): Object 'Object Repository/Campaign_OR/input_mobileno' is NOT visible

2018-07-24 15:09:33 - [TEST_STEP][PASSED] - Statement - If (com.kms.katalon.core.webui.keyword.WebUiBuiltInKeywords.verifyElementChecked(com.kms.katalon.core.testobject.ObjectRepository.findTestObject(Campaign_OR/Fields/d.checkbox_mobile_number), 1, OPTIONAL)): Object 'Object Repository/Campaign_OR/input_mobileno' is NOT visible

2018-07-24 15:09:33 - [MESSAGE][PASSED] - Object 'Object Repository/Campaign_OR/Fields/d.checkbox_mobile_number' is checked

2018-07-24 15:09:33 - [TEST_STEP][PASSED] - delay: Delayed 1 second(s)

2018-07-24 15:09:34 - [MESSAGE][PASSED] - Delayed 1 second(s)

2018-07-24 15:09:34 - [TEST_STEP][PASSED] - click: Object: 'Object Repository/Campaign_OR/Fields/d.checkbox_mobile_number' is clicked on

2018-07-24 15:09:34 - [MESSAGE][PASSED] - Object: 'Object Repository/Campaign_OR/Fields/d.checkbox_mobile_number' is clicked on

2018-07-24 15:09:34 - [TEST_STEP][PASSED] - verifyElementNotVisible: Object 'Object Repository/Campaign_OR/input_mobileno' is NOT visible

2018-07-24 15:09:34 - [MESSAGE][PASSED] - Object 'Object Repository/Campaign_OR/input_mobileno' is NOT visible

2018-07-24 15:09:34 - [TEST_STEP][PASSED] - Statement - verifyName = false: null

2018-07-24 15:09:34 - [TEST_STEP][PASSED] - Statement - If (radioName.toLowerCase() == "true"): null

2018-07-24 15:09:34 - [TEST_STEP][PASSED] - Statement - If (verifyName == true): null

2018-07-24 15:09:34 - [TEST_STEP][PASSED] - Statement - Else If (verifyName == false): Object 'Object Repository/Campaign_OR/input_name' is NOT visible

2018-07-24 15:09:34 - [TEST_STEP][PASSED] - Statement - If (com.kms.katalon.core.webui.keyword.WebUiBuiltInKeywords.verifyElementChecked(com.kms.katalon.core.testobject.ObjectRepository.findTestObject(Campaign_OR/Fields/e.checkbox_name), 1, OPTIONAL)): Object 'Object Repository/Campaign_OR/input_name' is NOT visible

2018-07-24 15:09:34 - [MESSAGE][PASSED] - Object 'Object Repository/Campaign_OR/Fields/e.checkbox_name' is checked

2018-07-24 15:09:34 - [TEST_STEP][PASSED] - delay: Delayed 1 second(s)

2018-07-24 15:09:35 - [MESSAGE][PASSED] - Delayed 1 second(s)

2018-07-24 15:09:35 - [TEST_STEP][PASSED] - click: Object: 'Object Repository/Campaign_OR/Fields/e.checkbox_name' is clicked on

2018-07-24 15:09:35 - [MESSAGE][PASSED] - Object: 'Object Repository/Campaign_OR/Fields/e.checkbox_name' is clicked on

2018-07-24 15:09:35 - [TEST_STEP][PASSED] - verifyElementNotVisible: Object 'Object Repository/Campaign_OR/input_name' is NOT visible

2018-07-24 15:09:35 - [MESSAGE][PASSED] - Object 'Object Repository/Campaign_OR/input_name' is NOT visible

2018-07-24 15:09:35 - [TEST_STEP][PASSED] - Statement - verifyGender = false: null

2018-07-24 15:09:35 - [TEST_STEP][PASSED] - Statement - If (radioGender.toLowerCase() == "true"): null

2018-07-24 15:09:35 - [TEST_STEP][PASSED] - Statement - If (verifyGender == true): null

2018-07-24 15:09:35 - [TEST_STEP][PASSED] - Statement - Else If (verifyGender == false): Object 'Object Repository/Campaign_OR/label_Female' is NOT visible

2018-07-24 15:09:35 - [TEST_STEP][PASSED] - Statement - If (com.kms.katalon.core.webui.keyword.WebUiBuiltInKeywords.verifyElementChecked(com.kms.katalon.core.testobject.ObjectRepository.findTestObject(Campaign_OR/Fields/f.checkbox_gender), 1, OPTIONAL)): Object 'Object Repository/Campaign_OR/label_Female' is NOT visible

2018-07-24 15:09:35 - [MESSAGE][PASSED] - Object 'Object Repository/Campaign_OR/Fields/f.checkbox_gender' is checked

2018-07-24 15:09:35 - [TEST_STEP][PASSED] - delay: Delayed 1 second(s)

2018-07-24 15:09:36 - [MESSAGE][PASSED] - Delayed 1 second(s)

2018-07-24 15:09:36 - [TEST_STEP][PASSED] - click: Object: 'Object Repository/Campaign_OR/Fields/f.checkbox_gender' is clicked on

2018-07-24 15:09:36 - [MESSAGE][PASSED] - Object: 'Object Repository/Campaign_OR/Fields/f.checkbox_gender' is clicked on

2018-07-24 15:09:36 - [TEST_STEP][PASSED] - verifyElementNotVisible: Object 'Object Repository/Campaign_OR/label_Male' is NOT visible

2018-07-24 15:09:36 - [MESSAGE][PASSED] - Object 'Object Repository/Campaign_OR/label_Male' is NOT visible

2018-07-24 15:09:36 - [TEST_STEP][PASSED] - verifyElementNotVisible: Object 'Object Repository/Campaign_OR/label_Female' is NOT visible

2018-07-24 15:09:36 - [MESSAGE][PASSED] - Object 'Object Repository/Campaign_OR/label_Female' is NOT visible

2018-07-24 15:09:36 - [TEST_STEP][PASSED] - Statement - verifyDOB = false: null

2018-07-24 15:09:36 - [TEST_STEP][PASSED] - Statement - If (radioDOB.toLowerCase() == "true"): null

2018-07-24 15:09:36 - [TEST_STEP][PASSED] - Statement - If (verifyDOB == true): null

2018-07-24 15:09:36 - [TEST_STEP][PASSED] - Statement - Else If (verifyDOB == false): Object 'Object Repository/Campaign_OR/input_datepicker' is NOT visible

2018-07-24 15:09:36 - [TEST_STEP][PASSED] - Statement - If (com.kms.katalon.core.webui.keyword.WebUiBuiltInKeywords.verifyElementChecked(com.kms.katalon.core.testobject.ObjectRepository.findTestObject(Campaign_OR/Fields/g.checkbox_dob), 1, OPTIONAL)): Object 'Object Repository/Campaign_OR/input_datepicker' is NOT visible

2018-07-24 15:09:36 - [MESSAGE][PASSED] - Object 'Object Repository/Campaign_OR/Fields/g.checkbox_dob' is checked

2018-07-24 15:09:36 - [TEST_STEP][PASSED] - delay: Delayed 1 second(s)

2018-07-24 15:09:37 - [MESSAGE][PASSED] - Delayed 1 second(s)

2018-07-24 15:09:37 - [TEST_STEP][PASSED] - click: Object: 'Object Repository/Campaign_OR/Fields/g.checkbox_dob' is clicked on

2018-07-24 15:09:37 - [MESSAGE][PASSED] - Object: 'Object Repository/Campaign_OR/Fields/g.checkbox_dob' is clicked on

2018-07-24 15:09:37 - [TEST_STEP][PASSED] - verifyElementNotVisible: Object 'Object Repository/Campaign_OR/input_datepicker' is NOT visible

2018-07-24 15:09:37 - [MESSAGE][PASSED] - Object 'Object Repository/Campaign_OR/input_datepicker' is NOT visible

2018-07-24 15:09:37 - [TEST_STEP][PASSED] - Statement - filepath = "": null

2018-07-24 15:09:37 - [TEST_STEP][PASSED] - Statement - If (os == "Windows"): null

2018-07-24 15:09:37 - [TEST_STEP][PASSED] - Statement - filepath = campaignImagePath: null

2018-07-24 15:09:37 - [TEST_STEP][PASSED] - Statement - verifyImgName = "": null

2018-07-24 15:09:37 - [TEST_STEP][PASSED] - Statement - uploadedImg = false: null

2018-07-24 15:09:37 - [TEST_STEP][PASSED] - Statement - If (filepath.trim() != "" && campaignImage.trim() != ""): null

2018-07-24 15:09:37 - [TEST_STEP][PASSED] - sendKeys: Keys 'C:\Users\kl.chan\Katalon Studio\boldreward\Images\Campaign Image\starbucks copy.jpg' sent to object: 'Object Repository/Campaign_OR/Fields/h.button_campaign_image_1'

2018-07-24 15:09:37 - [MESSAGE][PASSED] - Keys 'C:\Users\kl.chan\Katalon Studio\boldreward\Images\Campaign Image\starbucks copy.jpg' sent to object: 'Object Repository/Campaign_OR/Fields/h.button_campaign_image_1'

2018-07-24 15:09:37 - [TEST_STEP][PASSED] - delay: Delayed 1 second(s)

2018-07-24 15:09:38 - [MESSAGE][PASSED] - Delayed 1 second(s)

2018-07-24 15:09:38 - [TEST_STEP][PASSED] - Statement - If (com.kms.katalon.core.webui.keyword.WebUiBuiltInKeywords.waitForElementVisible(com.kms.katalon.core.testobject.ObjectRepository.findTestObject(Campaign_OR/uploadedCampaignImg), 30)): null

2018-07-24 15:09:38 - [MESSAGE][PASSED] - Object 'Object Repository/Campaign_OR/uploadedCampaignImg' is visible

2018-07-24 15:09:38 - [TEST_STEP][PASSED] - Statement - verifyImgName = com.kms.katalon.core.webui.keyword.WebUiBuiltInKeywords.getText(com.kms.katalon.core.testobject.ObjectRepository.findTestObject(Campaign_OR/uploadedCampaignImg)): Text of object 'Object Repository/Campaign_OR/uploadedCampaignImg' is: 'starbucks copy.jpg'

2018-07-24 15:09:38 - [MESSAGE][PASSED] - Text of object 'Object Repository/Campaign_OR/uploadedCampaignImg' is: 'starbucks copy.jpg'

2018-07-24 15:09:38 - [TEST_STEP][PASSED] - Statement - If (verifyImgName.equals(campaignImage) == true): null

2018-07-24 15:09:38 - [TEST_STEP][PASSED] - Statement - uploadedImg = true: null

2018-07-24 15:09:38 - [TEST_STEP][PASSED] - setText: Text 'http://www.starbucks.com.my/' is set on object 'Object Repository/Campaign_OR/Fields/i.k.input_tnc'

2018-07-24 15:09:39 - [MESSAGE][PASSED] - Text 'http://www.starbucks.com.my/' is set on object 'Object Repository/Campaign_OR/Fields/i.k.input_tnc'

2018-07-24 15:09:39 - [TEST_STEP][PASSED] - setText: Text 'kl.chaneqhg@macrokiosk.com' is set on object 'Object Repository/Campaign_OR/Fields/j.input_sender'

2018-07-24 15:09:39 - [MESSAGE][PASSED] - Text 'kl.chaneqhg@macrokiosk.com' is set on object 'Object Repository/Campaign_OR/Fields/j.input_sender'

2018-07-24 15:09:39 - [TEST_STEP][PASSED] - setText: Text 'Starbucks Reserve @ SITeqhg' is set on object 'Object Repository/Campaign_OR/Fields/k.input_subject'

2018-07-24 15:09:39 - [MESSAGE][PASSED] - Text 'Starbucks Reserve @ SITeqhg' is set on object 'Object Repository/Campaign_OR/Fields/k.input_subject'

2018-07-24 15:09:39 - [TEST_STEP][PASSED] - setText: Text 'Hello User, Welcome to our Starbucks Reserve @ SIT. Come subscribe with us and redeem more rewards.eqhg' is set on object 'Object Repository/Campaign_OR/Fields/l.textarea_content'

2018-07-24 15:09:40 - [MESSAGE][PASSED] - Text 'Hello User, Welcome to our Starbucks Reserve @ SIT. Come subscribe with us and redeem more rewards.eqhg' is set on object 'Object Repository/Campaign_OR/Fields/l.textarea_content'

2018-07-24 15:09:40 - [TEST_STEP][PASSED] - Statement - filepath = "": null

2018-07-24 15:09:40 - [TEST_STEP][PASSED] - Statement - If (os == "Windows"): null

2018-07-24 15:09:40 - [TEST_STEP][PASSED] - Statement - filepath = companyLogoPath: null

2018-07-24 15:09:40 - [TEST_STEP][PASSED] - Statement - verifyImgName = "": null

2018-07-24 15:09:40 - [TEST_STEP][PASSED] - Statement - uploadedImg = false: null

2018-07-24 15:09:40 - [TEST_STEP][PASSED] - Statement - reuploadCount = 0: null

2018-07-24 15:09:40 - [TEST_STEP][PASSED] - Statement - If (filepath.trim() != "" && companyLogo.trim() != ""): null

2018-07-24 15:09:40 - [TEST_STEP][PASSED] - sendKeys: Keys 'C:\Users\kl.chan\Katalon Studio\boldreward\Images\Company Logo\438_60.jpg' sent to object: 'Object Repository/Campaign_OR/Fields/m.button_company_logo_1'

2018-07-24 15:09:40 - [MESSAGE][PASSED] - Keys 'C:\Users\kl.chan\Katalon Studio\boldreward\Images\Company Logo\438_60.jpg' sent to object: 'Object Repository/Campaign_OR/Fields/m.button_company_logo_1'

2018-07-24 15:09:40 - [TEST_STEP][PASSED] - delay: Delayed 1 second(s)

2018-07-24 15:09:41 - [MESSAGE][PASSED] - Delayed 1 second(s)

2018-07-24 15:09:41 - [TEST_STEP][PASSED] - Statement - If (com.kms.katalon.core.webui.keyword.WebUiBuiltInKeywords.waitForElementVisible(com.kms.katalon.core.testobject.ObjectRepository.findTestObject(Campaign_OR/uploadedCompanyLogo), 30)): null

2018-07-24 15:09:41 - [MESSAGE][PASSED] - Object 'Object Repository/Campaign_OR/uploadedCompanyLogo' is visible

2018-07-24 15:09:41 - [TEST_STEP][PASSED] - Statement - verifyImgName = com.kms.katalon.core.webui.keyword.WebUiBuiltInKeywords.getText(com.kms.katalon.core.testobject.ObjectRepository.findTestObject(Campaign_OR/uploadedCompanyLogo)): Text of object 'Object Repository/Campaign_OR/uploadedCompanyLogo' is: '438_60.jpg'

2018-07-24 15:09:41 - [MESSAGE][PASSED] - Text of object 'Object Repository/Campaign_OR/uploadedCompanyLogo' is: '438_60.jpg'

2018-07-24 15:09:41 - [TEST_STEP][PASSED] - Statement - If (verifyImgName.equals(companyLogo) == true): null

2018-07-24 15:09:41 - [TEST_STEP][PASSED] - Statement - uploadedImg = true: null

2018-07-24 15:09:41 - [TEST_STEP][PASSED] - Statement - If (rewardCode == true): null

2018-07-24 15:09:41 - [TEST_STEP][PASSED] - Statement - Else If (rewardCode == false): Object: 'Object Repository/Campaign_OR/Fields/n.label_No' is clicked on

2018-07-24 15:09:41 - [TEST_STEP][PASSED] - click: Object: 'Object Repository/Campaign_OR/Fields/n.label_No' is clicked on

2018-07-24 15:09:41 - [MESSAGE][PASSED] - Object: 'Object Repository/Campaign_OR/Fields/n.label_No' is clicked on

2018-07-24 15:09:41 - [TEST_STEP][PASSED] - verifyElementChecked: Object 'Object Repository/Campaign_OR/Fields/radio_No' is checked

2018-07-24 15:09:41 - [MESSAGE][PASSED] - Object 'Object Repository/Campaign_OR/Fields/radio_No' is checked

2018-07-24 15:09:41 - [TEST_STEP][PASSED] - verifyElementChecked: Object 'Object Repository/Campaign_OR/Fields/radio_Yes' is not checked

2018-07-24 15:09:41 - [MESSAGE][WARNING] - Object 'Object Repository/Campaign_OR/Fields/radio_Yes' is not checked
[[ATTACHMENT|C:\\Users\\kl.chan\\Katalon Studio\\boldreward\\Reports\\TS_Create_Campaign\\TS002 Edit Campaign with negative testing\\20180724_145748\\1532416181322.png]]

2018-07-24 15:09:41 - [TEST_STEP][PASSED] - click: Object: 'Object Repository/Campaign_OR/button_Save' is clicked on

2018-07-24 15:09:41 - [MESSAGE][PASSED] - Object: 'Object Repository/Campaign_OR/button_Save' is clicked on

2018-07-24 15:09:41 - [TEST_STEP][PASSED] - delay: Delayed 2 second(s)

2018-07-24 15:09:43 - [MESSAGE][PASSED] - Delayed 2 second(s)

2018-07-24 15:09:43 - [MESSAGE][PASSED] - Call Test Case 'Test Cases/Merchant Portal/Campaign/Campagin Modules/create campaign' successfully

2018-07-24 15:09:43 - [TEST_STEP][PASSED] - Statement - updateFailed = false: null

2018-07-24 15:09:43 - [TEST_STEP][PASSED] - Statement - If (com.kms.katalon.core.webui.keyword.WebUiBuiltInKeywords.waitForElementVisible(com.kms.katalon.core.testobject.ObjectRepository.findTestObject(a.Not_Assigned_OR/alert_msg_top), 3)): null

2018-07-24 15:09:43 - [MESSAGE][PASSED] - Object 'Object Repository/a.Not_Assigned_OR/alert_msg_top' is visible

2018-07-24 15:09:43 - [TEST_STEP][PASSED] - Statement - verifyPopoutMsg = com.kms.katalon.core.webui.keyword.WebUiBuiltInKeywords.getText(com.kms.katalon.core.testobject.ObjectRepository.findTestObject(a.Not_Assigned_OR/alert_msg_top)): Text of object 'Object Repository/a.Not_Assigned_OR/alert_msg_top' is: 'Oops! Invalid inputs, please try again.'

2018-07-24 15:09:43 - [MESSAGE][PASSED] - Text of object 'Object Repository/a.Not_Assigned_OR/alert_msg_top' is: 'Oops! Invalid inputs, please try again.'

2018-07-24 15:09:43 - [TEST_STEP][PASSED] - Statement - If (verifyPopoutMsg.equals(msgServer) == true): null

2018-07-24 15:09:43 - [TEST_STEP][PASSED] - Statement - updateFailed = true: null

2018-07-24 15:09:43 - [TEST_STEP][PASSED] - Statement - updateSuccess = false: null

2018-07-24 15:09:43 - [TEST_STEP][PASSED] - Statement - If (com.kms.katalon.core.webui.keyword.WebUiBuiltInKeywords.waitForElementVisible(com.kms.katalon.core.testobject.ObjectRepository.findTestObject(Campaign_OR/Error Message/msg_edit_success), 3)): Web element with id: 'Object Repository/Campaign_OR/Error Message/msg_edit_success' located by 'By.xpath: id("errorMessage")/p[@class="error-block"]' not found

2018-07-24 15:09:46 - [MESSAGE][WARNING] - Web element with id: 'Object Repository/Campaign_OR/Error Message/msg_edit_success' located by 'By.xpath: id("errorMessage")/p[@class="error-block"]' not found

2018-07-24 15:09:46 - [TEST_STEP][PASSED] - Statement - createSuccess = false: null

2018-07-24 15:09:46 - [TEST_STEP][PASSED] - Statement - If (com.kms.katalon.core.webui.keyword.WebUiBuiltInKeywords.waitForElementVisible(com.kms.katalon.core.testobject.ObjectRepository.findTestObject(Home_OR/label_home), 3)): Web element with id: 'Object Repository/Home_OR/label_home' located by 'By.xpath: id("wrapper")/div[@class="content-page"]/div[@class="content"]/div[@class="ng-scope"]/div[@class="ng-scope"]/div[@class="page-heading"]/h1[1][count(. | //h1[(text() = ' Home' or . = ' Home')]) = count(//h1[(text() = ' Home' or . = ' Home')])]' not found

2018-07-24 15:09:49 - [MESSAGE][WARNING] - Web element with id: 'Object Repository/Home_OR/label_home' located by 'By.xpath: id("wrapper")/div[@class="content-page"]/div[@class="content"]/div[@class="ng-scope"]/div[@class="ng-scope"]/div[@class="page-heading"]/h1[1][count(. | //h1[(text() = ' Home' or . = ' Home')]) = count(//h1[(text() = ' Home' or . = ' Home')])]' not found

2018-07-24 15:09:49 - [TEST_STEP][PASSED] - Statement - If (updateSuccess == true): null

2018-07-24 15:09:49 - [TEST_STEP][PASSED] - Statement - Else If (updateFailed == true): null

2018-07-24 15:09:49 - [TEST_STEP][PASSED] - Statement - verifyError = false: null

2018-07-24 15:09:49 - [TEST_STEP][PASSED] - Statement - If (companyName.trim() == ""): null

2018-07-24 15:09:49 - [TEST_STEP][PASSED] - Statement - If (campaignInstruc.trim() == ""): null

2018-07-24 15:09:49 - [TEST_STEP][PASSED] - Statement - If (radioEmail.toLowerCase() == "false"): null

2018-07-24 15:09:49 - [TEST_STEP][PASSED] - Statement - campaignImgName = com.kms.katalon.core.webui.keyword.WebUiBuiltInKeywords.getText(com.kms.katalon.core.testobject.ObjectRepository.findTestObject(Campaign_OR/uploadedCampaignImg)): Text of object 'Object Repository/Campaign_OR/uploadedCampaignImg' is: 'starbucks copy.jpg'

2018-07-24 15:09:49 - [MESSAGE][PASSED] - Text of object 'Object Repository/Campaign_OR/uploadedCampaignImg' is: 'starbucks copy.jpg'

2018-07-24 15:09:49 - [TEST_STEP][PASSED] - Statement - If (campaignImgName == ""): null

2018-07-24 15:09:49 - [TEST_STEP][PASSED] - Statement - If (emailSender.trim() == ""): null

2018-07-24 15:09:49 - [TEST_STEP][PASSED] - Statement - If (emailSubject.trim() == ""): null

2018-07-24 15:09:49 - [TEST_STEP][PASSED] - Statement - If (emailContent.trim() == ""): null

2018-07-24 15:09:49 - [TEST_STEP][PASSED] - Statement - companyLogoName = com.kms.katalon.core.webui.keyword.WebUiBuiltInKeywords.getText(com.kms.katalon.core.testobject.ObjectRepository.findTestObject(Campaign_OR/uploadedCompanyLogo)): Text of object 'Object Repository/Campaign_OR/uploadedCompanyLogo' is: '438_60.jpg'

2018-07-24 15:09:49 - [MESSAGE][PASSED] - Text of object 'Object Repository/Campaign_OR/uploadedCompanyLogo' is: '438_60.jpg'

2018-07-24 15:09:49 - [TEST_STEP][PASSED] - Statement - If (companyLogoName == ""): null

2018-07-24 15:09:49 - [TEST_STEP][PASSED] - Statement - If (com.kms.katalon.core.webui.keyword.WebUiBuiltInKeywords.waitForElementVisible(com.kms.katalon.core.testobject.ObjectRepository.findTestObject(Campaign_OR/Error Message/msg_cpgn_image2), 2)): Web element with id: 'Object Repository/Campaign_OR/Error Message/msg_cpgn_image2' located by 'By.xpath: id("campaignImage")/p[@class="error-block ng-binding"][count(. | //p[@class = 'error-block ng-binding' and @ng-hide = 'CC.errorImage == 200 || CC.errorImage == undefined']) = count(//p[@class = 'error-block ng-binding' and @ng-hide = 'CC.errorImage == 200 || CC.errorImage == undefined'])]' not found

2018-07-24 15:09:51 - [MESSAGE][WARNING] - Web element with id: 'Object Repository/Campaign_OR/Error Message/msg_cpgn_image2' located by 'By.xpath: id("campaignImage")/p[@class="error-block ng-binding"][count(. | //p[@class = 'error-block ng-binding' and @ng-hide = 'CC.errorImage == 200 || CC.errorImage == undefined']) = count(//p[@class = 'error-block ng-binding' and @ng-hide = 'CC.errorImage == 200 || CC.errorImage == undefined'])]' not found

2018-07-24 15:09:51 - [TEST_STEP][PASSED] - Statement - If (com.kms.katalon.core.webui.keyword.WebUiBuiltInKeywords.waitForElementVisible(com.kms.katalon.core.testobject.ObjectRepository.findTestObject(Campaign_OR/Error Message/msg_TCURL), 2)): Web element with id: 'Object Repository/Campaign_OR/Error Message/msg_TCURL' located by 'By.xpath: id("wrapper")/div[@class="content-page"]/div[@class="content"]/div[@class="ng-scope"]/div[@class="row ng-scope"]/div[@class="col-md-7"]/div[@class="widget"]/div[@class="widget-content padding"]/div[@class="form-horizontal"]/div[@class="form-group"]/div[@id="tncUrl"]/p[@class="error-block"][count(. | //p[(text() = 'Invalid format, please follow as http://wwww.example.com' or . = 'Invalid format, please follow as http://wwww.example.com')]) = count(//p[(text() = 'Invalid format, please follow as http://wwww.example.com' or . = 'Invalid format, please follow as http://wwww.example.com')])]' not found

2018-07-24 15:09:53 - [MESSAGE][WARNING] - Web element with id: 'Object Repository/Campaign_OR/Error Message/msg_TCURL' located by 'By.xpath: id("wrapper")/div[@class="content-page"]/div[@class="content"]/div[@class="ng-scope"]/div[@class="row ng-scope"]/div[@class="col-md-7"]/div[@class="widget"]/div[@class="widget-content padding"]/div[@class="form-horizontal"]/div[@class="form-group"]/div[@id="tncUrl"]/p[@class="error-block"][count(. | //p[(text() = 'Invalid format, please follow as http://wwww.example.com' or . = 'Invalid format, please follow as http://wwww.example.com')]) = count(//p[(text() = 'Invalid format, please follow as http://wwww.example.com' or . = 'Invalid format, please follow as http://wwww.example.com')])]' not found

2018-07-24 15:09:53 - [TEST_STEP][PASSED] - Statement - If (emailSender.trim() != ""): Web element with id: 'Object Repository/Campaign_OR/Error Message/msg_sender' located by 'By.xpath: id("emailSender")/p[@class="error-block"]' not found

2018-07-24 15:09:53 - [TEST_STEP][PASSED] - Statement - If (com.kms.katalon.core.webui.keyword.WebUiBuiltInKeywords.waitForElementVisible(com.kms.katalon.core.testobject.ObjectRepository.findTestObject(Campaign_OR/Error Message/msg_sender), 2)): Web element with id: 'Object Repository/Campaign_OR/Error Message/msg_sender' located by 'By.xpath: id("emailSender")/p[@class="error-block"]' not found

2018-07-24 15:09:56 - [MESSAGE][WARNING] - Web element with id: 'Object Repository/Campaign_OR/Error Message/msg_sender' located by 'By.xpath: id("emailSender")/p[@class="error-block"]' not found

2018-07-24 15:09:56 - [TEST_STEP][PASSED] - Statement - If (com.kms.katalon.core.webui.keyword.WebUiBuiltInKeywords.waitForElementVisible(com.kms.katalon.core.testobject.ObjectRepository.findTestObject(Campaign_OR/Error Message/msg_company_logo), 2)): null

2018-07-24 15:09:56 - [MESSAGE][PASSED] - Object 'Object Repository/Campaign_OR/Error Message/msg_company_logo' is visible

2018-07-24 15:09:56 - [TEST_STEP][PASSED] - Statement - verifyCompanyLogo = com.kms.katalon.core.webui.keyword.WebUiBuiltInKeywords.getText(com.kms.katalon.core.testobject.ObjectRepository.findTestObject(Campaign_OR/Error Message/msg_company_logo)): Text of object 'Object Repository/Campaign_OR/Error Message/msg_company_logo' is: 'Invalid image dimension'

2018-07-24 15:09:56 - [MESSAGE][PASSED] - Text of object 'Object Repository/Campaign_OR/Error Message/msg_company_logo' is: 'Invalid image dimension'

2018-07-24 15:09:56 - [TEST_STEP][PASSED] - Statement - If (verifyCompanyLogo.equals(msgInvalidSize)): null

2018-07-24 15:09:56 - [TEST_STEP][PASSED] - Statement - Else If (verifyCompanyLogo.equals(msgInvalidDi)): null

2018-07-24 15:09:56 - [TEST_STEP][PASSED] - Statement - verifyError = true: null

2018-07-24 15:09:56 - [TEST_STEP][PASSED] - refresh: Refresh successfully

2018-07-24 15:09:56 - [MESSAGE][PASSED] - Refresh successfully

2018-07-24 15:09:56 - [TEST_STEP][PASSED] - Statement - If (verifyError == false): null]]></system-out>
         <system-err><![CDATA[]]></system-err>
      </testcase>
      <testcase name="Test Cases/Merchant Portal/Campaign/TC001 Campaign - verify all case" classname="Test Cases/Merchant Portal/Campaign/TC001 Campaign - verify all case" status="PASSED">
         <system-out><![CDATA[2018-07-24 15:09:56 - [TEST_CASE][PASSED] - Test Cases/Merchant Portal/Campaign/TC001 Campaign - verify all case: Test Cases/Merchant Portal/Campaign/TC001 Campaign - verify all case

2018-07-24 15:09:56 - [TEST_STEP][PASSED] - Statement - randomWords = CustomKeywords.randomWords.GenerateNumber.randomString(4): randomWords.GenerateNumber.randomString is PASSED

2018-07-24 15:09:56 - [MESSAGE][PASSED] - randomWords.GenerateNumber.randomString is PASSED

2018-07-24 15:09:56 - [TEST_STEP][PASSED] - Statement - If (companyName.trim() != ""): null

2018-07-24 15:09:56 - [TEST_STEP][PASSED] - Statement - companyName = companyName + randomWords: null

2018-07-24 15:09:56 - [TEST_STEP][PASSED] - Statement - If (campaignInstruc.trim() != ""): null

2018-07-24 15:09:56 - [TEST_STEP][PASSED] - Statement - campaignInstruc = campaignInstruc + randomWords: null

2018-07-24 15:09:56 - [TEST_STEP][PASSED] - Statement - If (emailSender.trim() != ""): null

2018-07-24 15:09:56 - [TEST_STEP][PASSED] - Statement - email = emailSender: null

2018-07-24 15:09:56 - [TEST_STEP][PASSED] - Statement - splitEmail = email.split("@"): null

2018-07-24 15:09:56 - [TEST_STEP][PASSED] - Statement - numb = length: null

2018-07-24 15:09:56 - [TEST_STEP][PASSED] - Statement - If (numb > 1): null

2018-07-24 15:09:56 - [TEST_STEP][PASSED] - Statement - emailSender = splitEmail[0] + randomWords + "@" + splitEmail[1]: null

2018-07-24 15:09:56 - [TEST_STEP][PASSED] - Statement - If (emailSubject.trim() != ""): null

2018-07-24 15:09:56 - [TEST_STEP][PASSED] - Statement - emailSubject = emailSubject + randomWords: null

2018-07-24 15:09:56 - [TEST_STEP][PASSED] - Statement - If (emailContent.trim() != ""): null

2018-07-24 15:09:56 - [TEST_STEP][PASSED] - Statement - emailContent = emailContent + randomWords: null

2018-07-24 15:09:56 - [TEST_STEP][PASSED] - callTestCase: Call Test Case 'Test Cases/Merchant Portal/Campaign/Campagin Modules/create campaign' successfully

2018-07-24 15:09:56 - [TEST_CASE][PASSED] - Test Cases/Merchant Portal/Campaign/Campagin Modules/create campaign: Test Cases/Merchant Portal/Campaign/Campagin Modules/create campaign

2018-07-24 15:09:56 - [TEST_STEP][PASSED] - Statement - osName = "": null

2018-07-24 15:09:56 - [TEST_STEP][PASSED] - Statement - osName = CustomKeywords.os.DetectOS.getOperatingSystem(osName): os.DetectOS.getOperatingSystem is PASSED

2018-07-24 15:09:56 - [MESSAGE][PASSED] - os.DetectOS.getOperatingSystem is PASSED

2018-07-24 15:09:56 - [TEST_STEP][PASSED] - Statement - splitString = osName.split(): null

2018-07-24 15:09:56 - [TEST_STEP][PASSED] - Statement - os = splitString[0].toString(): null

2018-07-24 15:09:56 - [TEST_STEP][PASSED] - Statement - If (loggedin == false): null

2018-07-24 15:09:56 - [TEST_STEP][PASSED] - Statement - If (accessModule == false): null

2018-07-24 15:09:56 - [TEST_STEP][PASSED] - delay: Delayed 5 second(s)

2018-07-24 15:10:01 - [MESSAGE][PASSED] - Delayed 5 second(s)

2018-07-24 15:10:01 - [TEST_STEP][PASSED] - setText: Text 'Starbucks Reserve Ltd45Kp' is set on object 'Object Repository/Campaign_OR/Fields/a.input_company_name'

2018-07-24 15:10:02 - [MESSAGE][PASSED] - Text 'Starbucks Reserve Ltd45Kp' is set on object 'Object Repository/Campaign_OR/Fields/a.input_company_name'

2018-07-24 15:10:02 - [TEST_STEP][PASSED] - setText: Text 'Please subscribe with us and redeem a free coffee. Come join us now!45Kp' is set on object 'Object Repository/Campaign_OR/Fields/b.textarea_campaign_instruction'

2018-07-24 15:10:02 - [MESSAGE][PASSED] - Text 'Please subscribe with us and redeem a free coffee. Come join us now!45Kp' is set on object 'Object Repository/Campaign_OR/Fields/b.textarea_campaign_instruction'

2018-07-24 15:10:02 - [TEST_STEP][PASSED] - Statement - verifyEmail = false: null

2018-07-24 15:10:02 - [TEST_STEP][PASSED] - Statement - If (radioEmail.toLowerCase() == "true"): null

2018-07-24 15:10:02 - [TEST_STEP][PASSED] - Statement - verifyEmail = true: null

2018-07-24 15:10:02 - [TEST_STEP][PASSED] - Statement - If (verifyEmail == true): Object 'Object Repository/Campaign_OR/input_email' is visible

2018-07-24 15:10:02 - [TEST_STEP][PASSED] - Statement - If (com.kms.katalon.core.webui.keyword.WebUiBuiltInKeywords.verifyElementNotChecked(com.kms.katalon.core.testobject.ObjectRepository.findTestObject(Campaign_OR/Fields/c.checkbox_email), 1, OPTIONAL)): Object 'Object Repository/Campaign_OR/Fields/c.checkbox_email' is checked

2018-07-24 15:10:02 - [MESSAGE][WARNING] - Object 'Object Repository/Campaign_OR/Fields/c.checkbox_email' is checked
[[ATTACHMENT|C:\\Users\\kl.chan\\Katalon Studio\\boldreward\\Reports\\TS_Create_Campaign\\TS002 Edit Campaign with negative testing\\20180724_145748\\1532416202665.png]]

2018-07-24 15:10:02 - [TEST_STEP][PASSED] - Statement - Else: Object 'Object Repository/Campaign_OR/input_email' is visible

2018-07-24 15:10:02 - [TEST_STEP][PASSED] - verifyElementVisible: Object 'Object Repository/Campaign_OR/input_email' is visible

2018-07-24 15:10:02 - [MESSAGE][PASSED] - Object 'Object Repository/Campaign_OR/input_email' is visible

2018-07-24 15:10:02 - [TEST_STEP][PASSED] - Statement - verifyMobileno = false: null

2018-07-24 15:10:02 - [TEST_STEP][PASSED] - Statement - If (radioMobileno.toLowerCase() == "true"): null

2018-07-24 15:10:02 - [TEST_STEP][PASSED] - Statement - If (verifyMobileno == true): null

2018-07-24 15:10:02 - [TEST_STEP][PASSED] - Statement - Else If (verifyMobileno == false): Object 'Object Repository/Campaign_OR/input_mobileno' is NOT visible

2018-07-24 15:10:02 - [TEST_STEP][PASSED] - Statement - If (com.kms.katalon.core.webui.keyword.WebUiBuiltInKeywords.verifyElementChecked(com.kms.katalon.core.testobject.ObjectRepository.findTestObject(Campaign_OR/Fields/d.checkbox_mobile_number), 1, OPTIONAL)): Object 'Object Repository/Campaign_OR/input_mobileno' is NOT visible

2018-07-24 15:10:03 - [MESSAGE][PASSED] - Object 'Object Repository/Campaign_OR/Fields/d.checkbox_mobile_number' is checked

2018-07-24 15:10:03 - [TEST_STEP][PASSED] - delay: Delayed 1 second(s)

2018-07-24 15:10:04 - [MESSAGE][PASSED] - Delayed 1 second(s)

2018-07-24 15:10:04 - [TEST_STEP][PASSED] - click: Object: 'Object Repository/Campaign_OR/Fields/d.checkbox_mobile_number' is clicked on

2018-07-24 15:10:04 - [MESSAGE][PASSED] - Object: 'Object Repository/Campaign_OR/Fields/d.checkbox_mobile_number' is clicked on

2018-07-24 15:10:04 - [TEST_STEP][PASSED] - verifyElementNotVisible: Object 'Object Repository/Campaign_OR/input_mobileno' is NOT visible

2018-07-24 15:10:04 - [MESSAGE][PASSED] - Object 'Object Repository/Campaign_OR/input_mobileno' is NOT visible

2018-07-24 15:10:04 - [TEST_STEP][PASSED] - Statement - verifyName = false: null

2018-07-24 15:10:04 - [TEST_STEP][PASSED] - Statement - If (radioName.toLowerCase() == "true"): null

2018-07-24 15:10:04 - [TEST_STEP][PASSED] - Statement - If (verifyName == true): null

2018-07-24 15:10:04 - [TEST_STEP][PASSED] - Statement - Else If (verifyName == false): Object 'Object Repository/Campaign_OR/input_name' is NOT visible

2018-07-24 15:10:04 - [TEST_STEP][PASSED] - Statement - If (com.kms.katalon.core.webui.keyword.WebUiBuiltInKeywords.verifyElementChecked(com.kms.katalon.core.testobject.ObjectRepository.findTestObject(Campaign_OR/Fields/e.checkbox_name), 1, OPTIONAL)): Object 'Object Repository/Campaign_OR/input_name' is NOT visible

2018-07-24 15:10:04 - [MESSAGE][PASSED] - Object 'Object Repository/Campaign_OR/Fields/e.checkbox_name' is checked

2018-07-24 15:10:04 - [TEST_STEP][PASSED] - delay: Delayed 1 second(s)

2018-07-24 15:10:05 - [MESSAGE][PASSED] - Delayed 1 second(s)

2018-07-24 15:10:05 - [TEST_STEP][PASSED] - click: Object: 'Object Repository/Campaign_OR/Fields/e.checkbox_name' is clicked on

2018-07-24 15:10:05 - [MESSAGE][PASSED] - Object: 'Object Repository/Campaign_OR/Fields/e.checkbox_name' is clicked on

2018-07-24 15:10:05 - [TEST_STEP][PASSED] - verifyElementNotVisible: Object 'Object Repository/Campaign_OR/input_name' is NOT visible

2018-07-24 15:10:05 - [MESSAGE][PASSED] - Object 'Object Repository/Campaign_OR/input_name' is NOT visible

2018-07-24 15:10:05 - [TEST_STEP][PASSED] - Statement - verifyGender = false: null

2018-07-24 15:10:05 - [TEST_STEP][PASSED] - Statement - If (radioGender.toLowerCase() == "true"): null

2018-07-24 15:10:05 - [TEST_STEP][PASSED] - Statement - If (verifyGender == true): null

2018-07-24 15:10:05 - [TEST_STEP][PASSED] - Statement - Else If (verifyGender == false): Object 'Object Repository/Campaign_OR/label_Female' is NOT visible

2018-07-24 15:10:05 - [TEST_STEP][PASSED] - Statement - If (com.kms.katalon.core.webui.keyword.WebUiBuiltInKeywords.verifyElementChecked(com.kms.katalon.core.testobject.ObjectRepository.findTestObject(Campaign_OR/Fields/f.checkbox_gender), 1, OPTIONAL)): Object 'Object Repository/Campaign_OR/label_Female' is NOT visible

2018-07-24 15:10:05 - [MESSAGE][PASSED] - Object 'Object Repository/Campaign_OR/Fields/f.checkbox_gender' is checked

2018-07-24 15:10:05 - [TEST_STEP][PASSED] - delay: Delayed 1 second(s)

2018-07-24 15:10:06 - [MESSAGE][PASSED] - Delayed 1 second(s)

2018-07-24 15:10:06 - [TEST_STEP][PASSED] - click: Object: 'Object Repository/Campaign_OR/Fields/f.checkbox_gender' is clicked on

2018-07-24 15:10:06 - [MESSAGE][PASSED] - Object: 'Object Repository/Campaign_OR/Fields/f.checkbox_gender' is clicked on

2018-07-24 15:10:06 - [TEST_STEP][PASSED] - verifyElementNotVisible: Object 'Object Repository/Campaign_OR/label_Male' is NOT visible

2018-07-24 15:10:06 - [MESSAGE][PASSED] - Object 'Object Repository/Campaign_OR/label_Male' is NOT visible

2018-07-24 15:10:06 - [TEST_STEP][PASSED] - verifyElementNotVisible: Object 'Object Repository/Campaign_OR/label_Female' is NOT visible

2018-07-24 15:10:06 - [MESSAGE][PASSED] - Object 'Object Repository/Campaign_OR/label_Female' is NOT visible

2018-07-24 15:10:06 - [TEST_STEP][PASSED] - Statement - verifyDOB = false: null

2018-07-24 15:10:06 - [TEST_STEP][PASSED] - Statement - If (radioDOB.toLowerCase() == "true"): null

2018-07-24 15:10:06 - [TEST_STEP][PASSED] - Statement - If (verifyDOB == true): null

2018-07-24 15:10:06 - [TEST_STEP][PASSED] - Statement - Else If (verifyDOB == false): Object 'Object Repository/Campaign_OR/input_datepicker' is NOT visible

2018-07-24 15:10:06 - [TEST_STEP][PASSED] - Statement - If (com.kms.katalon.core.webui.keyword.WebUiBuiltInKeywords.verifyElementChecked(com.kms.katalon.core.testobject.ObjectRepository.findTestObject(Campaign_OR/Fields/g.checkbox_dob), 1, OPTIONAL)): Object 'Object Repository/Campaign_OR/input_datepicker' is NOT visible

2018-07-24 15:10:06 - [MESSAGE][PASSED] - Object 'Object Repository/Campaign_OR/Fields/g.checkbox_dob' is checked

2018-07-24 15:10:06 - [TEST_STEP][PASSED] - delay: Delayed 1 second(s)

2018-07-24 15:10:07 - [MESSAGE][PASSED] - Delayed 1 second(s)

2018-07-24 15:10:07 - [TEST_STEP][PASSED] - click: Object: 'Object Repository/Campaign_OR/Fields/g.checkbox_dob' is clicked on

2018-07-24 15:10:07 - [MESSAGE][PASSED] - Object: 'Object Repository/Campaign_OR/Fields/g.checkbox_dob' is clicked on

2018-07-24 15:10:07 - [TEST_STEP][PASSED] - verifyElementNotVisible: Object 'Object Repository/Campaign_OR/input_datepicker' is NOT visible

2018-07-24 15:10:07 - [MESSAGE][PASSED] - Object 'Object Repository/Campaign_OR/input_datepicker' is NOT visible

2018-07-24 15:10:07 - [TEST_STEP][PASSED] - Statement - filepath = "": null

2018-07-24 15:10:07 - [TEST_STEP][PASSED] - Statement - If (os == "Windows"): null

2018-07-24 15:10:07 - [TEST_STEP][PASSED] - Statement - filepath = campaignImagePath: null

2018-07-24 15:10:07 - [TEST_STEP][PASSED] - Statement - verifyImgName = "": null

2018-07-24 15:10:07 - [TEST_STEP][PASSED] - Statement - uploadedImg = false: null

2018-07-24 15:10:07 - [TEST_STEP][PASSED] - Statement - If (filepath.trim() != "" && campaignImage.trim() != ""): null

2018-07-24 15:10:07 - [TEST_STEP][PASSED] - sendKeys: Keys 'C:\Users\kl.chan\Katalon Studio\boldreward\Images\Campaign Image\starbucks copy.jpg' sent to object: 'Object Repository/Campaign_OR/Fields/h.button_campaign_image_1'

2018-07-24 15:10:07 - [MESSAGE][PASSED] - Keys 'C:\Users\kl.chan\Katalon Studio\boldreward\Images\Campaign Image\starbucks copy.jpg' sent to object: 'Object Repository/Campaign_OR/Fields/h.button_campaign_image_1'

2018-07-24 15:10:07 - [TEST_STEP][PASSED] - delay: Delayed 1 second(s)

2018-07-24 15:10:08 - [MESSAGE][PASSED] - Delayed 1 second(s)

2018-07-24 15:10:08 - [TEST_STEP][PASSED] - Statement - If (com.kms.katalon.core.webui.keyword.WebUiBuiltInKeywords.waitForElementVisible(com.kms.katalon.core.testobject.ObjectRepository.findTestObject(Campaign_OR/uploadedCampaignImg), 30)): null

2018-07-24 15:10:08 - [MESSAGE][PASSED] - Object 'Object Repository/Campaign_OR/uploadedCampaignImg' is visible

2018-07-24 15:10:08 - [TEST_STEP][PASSED] - Statement - verifyImgName = com.kms.katalon.core.webui.keyword.WebUiBuiltInKeywords.getText(com.kms.katalon.core.testobject.ObjectRepository.findTestObject(Campaign_OR/uploadedCampaignImg)): Text of object 'Object Repository/Campaign_OR/uploadedCampaignImg' is: 'starbucks copy.jpg'

2018-07-24 15:10:08 - [MESSAGE][PASSED] - Text of object 'Object Repository/Campaign_OR/uploadedCampaignImg' is: 'starbucks copy.jpg'

2018-07-24 15:10:08 - [TEST_STEP][PASSED] - Statement - If (verifyImgName.equals(campaignImage) == true): null

2018-07-24 15:10:08 - [TEST_STEP][PASSED] - Statement - uploadedImg = true: null

2018-07-24 15:10:08 - [TEST_STEP][PASSED] - setText: Text 'http://www.starbucks.com.my/' is set on object 'Object Repository/Campaign_OR/Fields/i.k.input_tnc'

2018-07-24 15:10:08 - [MESSAGE][PASSED] - Text 'http://www.starbucks.com.my/' is set on object 'Object Repository/Campaign_OR/Fields/i.k.input_tnc'

2018-07-24 15:10:08 - [TEST_STEP][PASSED] - setText: Text 'kl.chan45Kp@macrokiosk.com' is set on object 'Object Repository/Campaign_OR/Fields/j.input_sender'

2018-07-24 15:10:09 - [MESSAGE][PASSED] - Text 'kl.chan45Kp@macrokiosk.com' is set on object 'Object Repository/Campaign_OR/Fields/j.input_sender'

2018-07-24 15:10:09 - [TEST_STEP][PASSED] - setText: Text 'Starbucks Reserve @ SIT45Kp' is set on object 'Object Repository/Campaign_OR/Fields/k.input_subject'

2018-07-24 15:10:09 - [MESSAGE][PASSED] - Text 'Starbucks Reserve @ SIT45Kp' is set on object 'Object Repository/Campaign_OR/Fields/k.input_subject'

2018-07-24 15:10:09 - [TEST_STEP][PASSED] - setText: Text 'Hello User, Welcome to our Starbucks Reserve @ SIT. Come subscribe with us and redeem more rewards.45Kp' is set on object 'Object Repository/Campaign_OR/Fields/l.textarea_content'

2018-07-24 15:10:09 - [MESSAGE][PASSED] - Text 'Hello User, Welcome to our Starbucks Reserve @ SIT. Come subscribe with us and redeem more rewards.45Kp' is set on object 'Object Repository/Campaign_OR/Fields/l.textarea_content'

2018-07-24 15:10:09 - [TEST_STEP][PASSED] - Statement - filepath = "": null

2018-07-24 15:10:09 - [TEST_STEP][PASSED] - Statement - If (os == "Windows"): null

2018-07-24 15:10:09 - [TEST_STEP][PASSED] - Statement - filepath = companyLogoPath: null

2018-07-24 15:10:09 - [TEST_STEP][PASSED] - Statement - verifyImgName = "": null

2018-07-24 15:10:09 - [TEST_STEP][PASSED] - Statement - uploadedImg = false: null

2018-07-24 15:10:09 - [TEST_STEP][PASSED] - Statement - reuploadCount = 0: null

2018-07-24 15:10:09 - [TEST_STEP][PASSED] - Statement - If (filepath.trim() != "" && companyLogo.trim() != ""): null

2018-07-24 15:10:09 - [TEST_STEP][PASSED] - sendKeys: Keys 'C:\Users\kl.chan\Katalon Studio\boldreward\Images\Company Logo\Oversize.png' sent to object: 'Object Repository/Campaign_OR/Fields/m.button_company_logo_1'

2018-07-24 15:10:09 - [MESSAGE][PASSED] - Keys 'C:\Users\kl.chan\Katalon Studio\boldreward\Images\Company Logo\Oversize.png' sent to object: 'Object Repository/Campaign_OR/Fields/m.button_company_logo_1'

2018-07-24 15:10:09 - [TEST_STEP][PASSED] - delay: Delayed 1 second(s)

2018-07-24 15:10:10 - [MESSAGE][PASSED] - Delayed 1 second(s)

2018-07-24 15:10:10 - [TEST_STEP][PASSED] - Statement - If (com.kms.katalon.core.webui.keyword.WebUiBuiltInKeywords.waitForElementVisible(com.kms.katalon.core.testobject.ObjectRepository.findTestObject(Campaign_OR/uploadedCompanyLogo), 30)): null

2018-07-24 15:10:10 - [MESSAGE][PASSED] - Object 'Object Repository/Campaign_OR/uploadedCompanyLogo' is visible

2018-07-24 15:10:10 - [TEST_STEP][PASSED] - Statement - verifyImgName = com.kms.katalon.core.webui.keyword.WebUiBuiltInKeywords.getText(com.kms.katalon.core.testobject.ObjectRepository.findTestObject(Campaign_OR/uploadedCompanyLogo)): Text of object 'Object Repository/Campaign_OR/uploadedCompanyLogo' is: 'Oversize.png'

2018-07-24 15:10:10 - [MESSAGE][PASSED] - Text of object 'Object Repository/Campaign_OR/uploadedCompanyLogo' is: 'Oversize.png'

2018-07-24 15:10:10 - [TEST_STEP][PASSED] - Statement - If (verifyImgName.equals(companyLogo) == true): null

2018-07-24 15:10:10 - [TEST_STEP][PASSED] - Statement - uploadedImg = true: null

2018-07-24 15:10:10 - [TEST_STEP][PASSED] - Statement - If (rewardCode == true): null

2018-07-24 15:10:10 - [TEST_STEP][PASSED] - Statement - Else If (rewardCode == false): Object: 'Object Repository/Campaign_OR/Fields/n.label_No' is clicked on

2018-07-24 15:10:10 - [TEST_STEP][PASSED] - click: Object: 'Object Repository/Campaign_OR/Fields/n.label_No' is clicked on

2018-07-24 15:10:11 - [MESSAGE][PASSED] - Object: 'Object Repository/Campaign_OR/Fields/n.label_No' is clicked on

2018-07-24 15:10:11 - [TEST_STEP][PASSED] - verifyElementChecked: Object 'Object Repository/Campaign_OR/Fields/radio_No' is checked

2018-07-24 15:10:11 - [MESSAGE][PASSED] - Object 'Object Repository/Campaign_OR/Fields/radio_No' is checked

2018-07-24 15:10:11 - [TEST_STEP][PASSED] - verifyElementChecked: Object 'Object Repository/Campaign_OR/Fields/radio_Yes' is not checked

2018-07-24 15:10:11 - [MESSAGE][WARNING] - Object 'Object Repository/Campaign_OR/Fields/radio_Yes' is not checked
[[ATTACHMENT|C:\\Users\\kl.chan\\Katalon Studio\\boldreward\\Reports\\TS_Create_Campaign\\TS002 Edit Campaign with negative testing\\20180724_145748\\1532416211089.png]]

2018-07-24 15:10:11 - [TEST_STEP][PASSED] - click: Object: 'Object Repository/Campaign_OR/button_Save' is clicked on

2018-07-24 15:10:11 - [MESSAGE][PASSED] - Object: 'Object Repository/Campaign_OR/button_Save' is clicked on

2018-07-24 15:10:11 - [TEST_STEP][PASSED] - delay: Delayed 2 second(s)

2018-07-24 15:10:13 - [MESSAGE][PASSED] - Delayed 2 second(s)

2018-07-24 15:10:13 - [MESSAGE][PASSED] - Call Test Case 'Test Cases/Merchant Portal/Campaign/Campagin Modules/create campaign' successfully

2018-07-24 15:10:13 - [TEST_STEP][PASSED] - Statement - updateFailed = false: null

2018-07-24 15:10:13 - [TEST_STEP][PASSED] - Statement - If (com.kms.katalon.core.webui.keyword.WebUiBuiltInKeywords.waitForElementVisible(com.kms.katalon.core.testobject.ObjectRepository.findTestObject(a.Not_Assigned_OR/alert_msg_top), 3)): null

2018-07-24 15:10:13 - [MESSAGE][PASSED] - Object 'Object Repository/a.Not_Assigned_OR/alert_msg_top' is visible

2018-07-24 15:10:13 - [TEST_STEP][PASSED] - Statement - verifyPopoutMsg = com.kms.katalon.core.webui.keyword.WebUiBuiltInKeywords.getText(com.kms.katalon.core.testobject.ObjectRepository.findTestObject(a.Not_Assigned_OR/alert_msg_top)): Text of object 'Object Repository/a.Not_Assigned_OR/alert_msg_top' is: 'Oops! Invalid inputs, please try again.'

2018-07-24 15:10:13 - [MESSAGE][PASSED] - Text of object 'Object Repository/a.Not_Assigned_OR/alert_msg_top' is: 'Oops! Invalid inputs, please try again.'

2018-07-24 15:10:13 - [TEST_STEP][PASSED] - Statement - If (verifyPopoutMsg.equals(msgServer) == true): null

2018-07-24 15:10:13 - [TEST_STEP][PASSED] - Statement - updateFailed = true: null

2018-07-24 15:10:13 - [TEST_STEP][PASSED] - Statement - updateSuccess = false: null

2018-07-24 15:10:13 - [TEST_STEP][PASSED] - Statement - If (com.kms.katalon.core.webui.keyword.WebUiBuiltInKeywords.waitForElementVisible(com.kms.katalon.core.testobject.ObjectRepository.findTestObject(Campaign_OR/Error Message/msg_edit_success), 3)): Web element with id: 'Object Repository/Campaign_OR/Error Message/msg_edit_success' located by 'By.xpath: id("errorMessage")/p[@class="error-block"]' not found

2018-07-24 15:10:16 - [MESSAGE][WARNING] - Web element with id: 'Object Repository/Campaign_OR/Error Message/msg_edit_success' located by 'By.xpath: id("errorMessage")/p[@class="error-block"]' not found

2018-07-24 15:10:16 - [TEST_STEP][PASSED] - Statement - createSuccess = false: null

2018-07-24 15:10:16 - [TEST_STEP][PASSED] - Statement - If (com.kms.katalon.core.webui.keyword.WebUiBuiltInKeywords.waitForElementVisible(com.kms.katalon.core.testobject.ObjectRepository.findTestObject(Home_OR/label_home), 3)): Web element with id: 'Object Repository/Home_OR/label_home' located by 'By.xpath: id("wrapper")/div[@class="content-page"]/div[@class="content"]/div[@class="ng-scope"]/div[@class="ng-scope"]/div[@class="page-heading"]/h1[1][count(. | //h1[(text() = ' Home' or . = ' Home')]) = count(//h1[(text() = ' Home' or . = ' Home')])]' not found

2018-07-24 15:10:19 - [MESSAGE][WARNING] - Web element with id: 'Object Repository/Home_OR/label_home' located by 'By.xpath: id("wrapper")/div[@class="content-page"]/div[@class="content"]/div[@class="ng-scope"]/div[@class="ng-scope"]/div[@class="page-heading"]/h1[1][count(. | //h1[(text() = ' Home' or . = ' Home')]) = count(//h1[(text() = ' Home' or . = ' Home')])]' not found

2018-07-24 15:10:19 - [TEST_STEP][PASSED] - Statement - If (updateSuccess == true): null

2018-07-24 15:10:19 - [TEST_STEP][PASSED] - Statement - Else If (updateFailed == true): null

2018-07-24 15:10:19 - [TEST_STEP][PASSED] - Statement - verifyError = false: null

2018-07-24 15:10:19 - [TEST_STEP][PASSED] - Statement - If (companyName.trim() == ""): null

2018-07-24 15:10:19 - [TEST_STEP][PASSED] - Statement - If (campaignInstruc.trim() == ""): null

2018-07-24 15:10:19 - [TEST_STEP][PASSED] - Statement - If (radioEmail.toLowerCase() == "false"): null

2018-07-24 15:10:19 - [TEST_STEP][PASSED] - Statement - campaignImgName = com.kms.katalon.core.webui.keyword.WebUiBuiltInKeywords.getText(com.kms.katalon.core.testobject.ObjectRepository.findTestObject(Campaign_OR/uploadedCampaignImg)): Text of object 'Object Repository/Campaign_OR/uploadedCampaignImg' is: 'starbucks copy.jpg'

2018-07-24 15:10:19 - [MESSAGE][PASSED] - Text of object 'Object Repository/Campaign_OR/uploadedCampaignImg' is: 'starbucks copy.jpg'

2018-07-24 15:10:19 - [TEST_STEP][PASSED] - Statement - If (campaignImgName == ""): null

2018-07-24 15:10:19 - [TEST_STEP][PASSED] - Statement - If (emailSender.trim() == ""): null

2018-07-24 15:10:19 - [TEST_STEP][PASSED] - Statement - If (emailSubject.trim() == ""): null

2018-07-24 15:10:19 - [TEST_STEP][PASSED] - Statement - If (emailContent.trim() == ""): null

2018-07-24 15:10:19 - [TEST_STEP][PASSED] - Statement - companyLogoName = com.kms.katalon.core.webui.keyword.WebUiBuiltInKeywords.getText(com.kms.katalon.core.testobject.ObjectRepository.findTestObject(Campaign_OR/uploadedCompanyLogo)): Text of object 'Object Repository/Campaign_OR/uploadedCompanyLogo' is: 'Oversize.png'

2018-07-24 15:10:19 - [MESSAGE][PASSED] - Text of object 'Object Repository/Campaign_OR/uploadedCompanyLogo' is: 'Oversize.png'

2018-07-24 15:10:19 - [TEST_STEP][PASSED] - Statement - If (companyLogoName == ""): null

2018-07-24 15:10:19 - [TEST_STEP][PASSED] - Statement - If (com.kms.katalon.core.webui.keyword.WebUiBuiltInKeywords.waitForElementVisible(com.kms.katalon.core.testobject.ObjectRepository.findTestObject(Campaign_OR/Error Message/msg_cpgn_image2), 2)): Web element with id: 'Object Repository/Campaign_OR/Error Message/msg_cpgn_image2' located by 'By.xpath: id("campaignImage")/p[@class="error-block ng-binding"][count(. | //p[@class = 'error-block ng-binding' and @ng-hide = 'CC.errorImage == 200 || CC.errorImage == undefined']) = count(//p[@class = 'error-block ng-binding' and @ng-hide = 'CC.errorImage == 200 || CC.errorImage == undefined'])]' not found

2018-07-24 15:10:21 - [MESSAGE][WARNING] - Web element with id: 'Object Repository/Campaign_OR/Error Message/msg_cpgn_image2' located by 'By.xpath: id("campaignImage")/p[@class="error-block ng-binding"][count(. | //p[@class = 'error-block ng-binding' and @ng-hide = 'CC.errorImage == 200 || CC.errorImage == undefined']) = count(//p[@class = 'error-block ng-binding' and @ng-hide = 'CC.errorImage == 200 || CC.errorImage == undefined'])]' not found

2018-07-24 15:10:21 - [TEST_STEP][PASSED] - Statement - If (com.kms.katalon.core.webui.keyword.WebUiBuiltInKeywords.waitForElementVisible(com.kms.katalon.core.testobject.ObjectRepository.findTestObject(Campaign_OR/Error Message/msg_TCURL), 2)): Web element with id: 'Object Repository/Campaign_OR/Error Message/msg_TCURL' located by 'By.xpath: id("wrapper")/div[@class="content-page"]/div[@class="content"]/div[@class="ng-scope"]/div[@class="row ng-scope"]/div[@class="col-md-7"]/div[@class="widget"]/div[@class="widget-content padding"]/div[@class="form-horizontal"]/div[@class="form-group"]/div[@id="tncUrl"]/p[@class="error-block"][count(. | //p[(text() = 'Invalid format, please follow as http://wwww.example.com' or . = 'Invalid format, please follow as http://wwww.example.com')]) = count(//p[(text() = 'Invalid format, please follow as http://wwww.example.com' or . = 'Invalid format, please follow as http://wwww.example.com')])]' not found

2018-07-24 15:10:23 - [MESSAGE][WARNING] - Web element with id: 'Object Repository/Campaign_OR/Error Message/msg_TCURL' located by 'By.xpath: id("wrapper")/div[@class="content-page"]/div[@class="content"]/div[@class="ng-scope"]/div[@class="row ng-scope"]/div[@class="col-md-7"]/div[@class="widget"]/div[@class="widget-content padding"]/div[@class="form-horizontal"]/div[@class="form-group"]/div[@id="tncUrl"]/p[@class="error-block"][count(. | //p[(text() = 'Invalid format, please follow as http://wwww.example.com' or . = 'Invalid format, please follow as http://wwww.example.com')]) = count(//p[(text() = 'Invalid format, please follow as http://wwww.example.com' or . = 'Invalid format, please follow as http://wwww.example.com')])]' not found

2018-07-24 15:10:23 - [TEST_STEP][PASSED] - Statement - If (emailSender.trim() != ""): Web element with id: 'Object Repository/Campaign_OR/Error Message/msg_sender' located by 'By.xpath: id("emailSender")/p[@class="error-block"]' not found

2018-07-24 15:10:23 - [TEST_STEP][PASSED] - Statement - If (com.kms.katalon.core.webui.keyword.WebUiBuiltInKeywords.waitForElementVisible(com.kms.katalon.core.testobject.ObjectRepository.findTestObject(Campaign_OR/Error Message/msg_sender), 2)): Web element with id: 'Object Repository/Campaign_OR/Error Message/msg_sender' located by 'By.xpath: id("emailSender")/p[@class="error-block"]' not found

2018-07-24 15:10:25 - [MESSAGE][WARNING] - Web element with id: 'Object Repository/Campaign_OR/Error Message/msg_sender' located by 'By.xpath: id("emailSender")/p[@class="error-block"]' not found

2018-07-24 15:10:25 - [TEST_STEP][PASSED] - Statement - If (com.kms.katalon.core.webui.keyword.WebUiBuiltInKeywords.waitForElementVisible(com.kms.katalon.core.testobject.ObjectRepository.findTestObject(Campaign_OR/Error Message/msg_company_logo), 2)): null

2018-07-24 15:10:25 - [MESSAGE][PASSED] - Object 'Object Repository/Campaign_OR/Error Message/msg_company_logo' is visible

2018-07-24 15:10:25 - [TEST_STEP][PASSED] - Statement - verifyCompanyLogo = com.kms.katalon.core.webui.keyword.WebUiBuiltInKeywords.getText(com.kms.katalon.core.testobject.ObjectRepository.findTestObject(Campaign_OR/Error Message/msg_company_logo)): Text of object 'Object Repository/Campaign_OR/Error Message/msg_company_logo' is: 'Invalid image size'

2018-07-24 15:10:25 - [MESSAGE][PASSED] - Text of object 'Object Repository/Campaign_OR/Error Message/msg_company_logo' is: 'Invalid image size'

2018-07-24 15:10:25 - [TEST_STEP][PASSED] - Statement - If (verifyCompanyLogo.equals(msgInvalidSize)): null

2018-07-24 15:10:25 - [TEST_STEP][PASSED] - Statement - verifyError = true: null

2018-07-24 15:10:25 - [TEST_STEP][PASSED] - refresh: Refresh successfully

2018-07-24 15:10:26 - [MESSAGE][PASSED] - Refresh successfully

2018-07-24 15:10:26 - [TEST_STEP][PASSED] - Statement - If (verifyError == false): null]]></system-out>
         <system-err><![CDATA[]]></system-err>
      </testcase>
      <testcase name="Test Cases/Merchant Portal/Campaign/TC001 Campaign - verify all case" classname="Test Cases/Merchant Portal/Campaign/TC001 Campaign - verify all case" status="PASSED">
         <system-out><![CDATA[2018-07-24 15:10:26 - [TEST_CASE][PASSED] - Test Cases/Merchant Portal/Campaign/TC001 Campaign - verify all case: Test Cases/Merchant Portal/Campaign/TC001 Campaign - verify all case

2018-07-24 15:10:26 - [TEST_STEP][PASSED] - Statement - randomWords = CustomKeywords.randomWords.GenerateNumber.randomString(4): randomWords.GenerateNumber.randomString is PASSED

2018-07-24 15:10:26 - [MESSAGE][PASSED] - randomWords.GenerateNumber.randomString is PASSED

2018-07-24 15:10:26 - [TEST_STEP][PASSED] - Statement - If (companyName.trim() != ""): null

2018-07-24 15:10:26 - [TEST_STEP][PASSED] - Statement - companyName = companyName + randomWords: null

2018-07-24 15:10:26 - [TEST_STEP][PASSED] - Statement - If (campaignInstruc.trim() != ""): null

2018-07-24 15:10:26 - [TEST_STEP][PASSED] - Statement - campaignInstruc = campaignInstruc + randomWords: null

2018-07-24 15:10:26 - [TEST_STEP][PASSED] - Statement - If (emailSender.trim() != ""): null

2018-07-24 15:10:26 - [TEST_STEP][PASSED] - Statement - email = emailSender: null

2018-07-24 15:10:26 - [TEST_STEP][PASSED] - Statement - splitEmail = email.split("@"): null

2018-07-24 15:10:26 - [TEST_STEP][PASSED] - Statement - numb = length: null

2018-07-24 15:10:26 - [TEST_STEP][PASSED] - Statement - If (numb > 1): null

2018-07-24 15:10:26 - [TEST_STEP][PASSED] - Statement - emailSender = splitEmail[0] + randomWords + "@" + splitEmail[1]: null

2018-07-24 15:10:26 - [TEST_STEP][PASSED] - Statement - If (emailSubject.trim() != ""): null

2018-07-24 15:10:26 - [TEST_STEP][PASSED] - Statement - emailSubject = emailSubject + randomWords: null

2018-07-24 15:10:26 - [TEST_STEP][PASSED] - Statement - If (emailContent.trim() != ""): null

2018-07-24 15:10:26 - [TEST_STEP][PASSED] - Statement - emailContent = emailContent + randomWords: null

2018-07-24 15:10:26 - [TEST_STEP][PASSED] - callTestCase: Call Test Case 'Test Cases/Merchant Portal/Campaign/Campagin Modules/create campaign' successfully

2018-07-24 15:10:26 - [TEST_CASE][PASSED] - Test Cases/Merchant Portal/Campaign/Campagin Modules/create campaign: Test Cases/Merchant Portal/Campaign/Campagin Modules/create campaign

2018-07-24 15:10:26 - [TEST_STEP][PASSED] - Statement - osName = "": null

2018-07-24 15:10:26 - [TEST_STEP][PASSED] - Statement - osName = CustomKeywords.os.DetectOS.getOperatingSystem(osName): os.DetectOS.getOperatingSystem is PASSED

2018-07-24 15:10:26 - [MESSAGE][PASSED] - os.DetectOS.getOperatingSystem is PASSED

2018-07-24 15:10:26 - [TEST_STEP][PASSED] - Statement - splitString = osName.split(): null

2018-07-24 15:10:26 - [TEST_STEP][PASSED] - Statement - os = splitString[0].toString(): null

2018-07-24 15:10:26 - [TEST_STEP][PASSED] - Statement - If (loggedin == false): null

2018-07-24 15:10:26 - [TEST_STEP][PASSED] - Statement - If (accessModule == false): null

2018-07-24 15:10:26 - [TEST_STEP][PASSED] - delay: Delayed 5 second(s)

2018-07-24 15:10:31 - [MESSAGE][PASSED] - Delayed 5 second(s)

2018-07-24 15:10:31 - [TEST_STEP][PASSED] - setText: Text 'Starbucks Reserve LtdXTZh' is set on object 'Object Repository/Campaign_OR/Fields/a.input_company_name'

2018-07-24 15:10:31 - [MESSAGE][PASSED] - Text 'Starbucks Reserve LtdXTZh' is set on object 'Object Repository/Campaign_OR/Fields/a.input_company_name'

2018-07-24 15:10:31 - [TEST_STEP][PASSED] - setText: Text 'Please subscribe with us and redeem a free coffee. Come join us now!XTZh' is set on object 'Object Repository/Campaign_OR/Fields/b.textarea_campaign_instruction'

2018-07-24 15:10:32 - [MESSAGE][PASSED] - Text 'Please subscribe with us and redeem a free coffee. Come join us now!XTZh' is set on object 'Object Repository/Campaign_OR/Fields/b.textarea_campaign_instruction'

2018-07-24 15:10:32 - [TEST_STEP][PASSED] - Statement - verifyEmail = false: null

2018-07-24 15:10:32 - [TEST_STEP][PASSED] - Statement - If (radioEmail.toLowerCase() == "true"): null

2018-07-24 15:10:32 - [TEST_STEP][PASSED] - Statement - verifyEmail = true: null

2018-07-24 15:10:32 - [TEST_STEP][PASSED] - Statement - If (verifyEmail == true): Object 'Object Repository/Campaign_OR/input_email' is visible

2018-07-24 15:10:32 - [TEST_STEP][PASSED] - Statement - If (com.kms.katalon.core.webui.keyword.WebUiBuiltInKeywords.verifyElementNotChecked(com.kms.katalon.core.testobject.ObjectRepository.findTestObject(Campaign_OR/Fields/c.checkbox_email), 1, OPTIONAL)): Object 'Object Repository/Campaign_OR/Fields/c.checkbox_email' is checked

2018-07-24 15:10:32 - [MESSAGE][WARNING] - Object 'Object Repository/Campaign_OR/Fields/c.checkbox_email' is checked
[[ATTACHMENT|C:\\Users\\kl.chan\\Katalon Studio\\boldreward\\Reports\\TS_Create_Campaign\\TS002 Edit Campaign with negative testing\\20180724_145748\\1532416232301.png]]

2018-07-24 15:10:32 - [TEST_STEP][PASSED] - Statement - Else: Object 'Object Repository/Campaign_OR/input_email' is visible

2018-07-24 15:10:32 - [TEST_STEP][PASSED] - verifyElementVisible: Object 'Object Repository/Campaign_OR/input_email' is visible

2018-07-24 15:10:32 - [MESSAGE][PASSED] - Object 'Object Repository/Campaign_OR/input_email' is visible

2018-07-24 15:10:32 - [TEST_STEP][PASSED] - Statement - verifyMobileno = false: null

2018-07-24 15:10:32 - [TEST_STEP][PASSED] - Statement - If (radioMobileno.toLowerCase() == "true"): null

2018-07-24 15:10:32 - [TEST_STEP][PASSED] - Statement - If (verifyMobileno == true): null

2018-07-24 15:10:32 - [TEST_STEP][PASSED] - Statement - Else If (verifyMobileno == false): Object 'Object Repository/Campaign_OR/input_mobileno' is NOT visible

2018-07-24 15:10:32 - [TEST_STEP][PASSED] - Statement - If (com.kms.katalon.core.webui.keyword.WebUiBuiltInKeywords.verifyElementChecked(com.kms.katalon.core.testobject.ObjectRepository.findTestObject(Campaign_OR/Fields/d.checkbox_mobile_number), 1, OPTIONAL)): Object 'Object Repository/Campaign_OR/input_mobileno' is NOT visible

2018-07-24 15:10:32 - [MESSAGE][PASSED] - Object 'Object Repository/Campaign_OR/Fields/d.checkbox_mobile_number' is checked

2018-07-24 15:10:32 - [TEST_STEP][PASSED] - delay: Delayed 1 second(s)

2018-07-24 15:10:33 - [MESSAGE][PASSED] - Delayed 1 second(s)

2018-07-24 15:10:33 - [TEST_STEP][PASSED] - click: Object: 'Object Repository/Campaign_OR/Fields/d.checkbox_mobile_number' is clicked on

2018-07-24 15:10:33 - [MESSAGE][PASSED] - Object: 'Object Repository/Campaign_OR/Fields/d.checkbox_mobile_number' is clicked on

2018-07-24 15:10:33 - [TEST_STEP][PASSED] - verifyElementNotVisible: Object 'Object Repository/Campaign_OR/input_mobileno' is NOT visible

2018-07-24 15:10:33 - [MESSAGE][PASSED] - Object 'Object Repository/Campaign_OR/input_mobileno' is NOT visible

2018-07-24 15:10:33 - [TEST_STEP][PASSED] - Statement - verifyName = false: null

2018-07-24 15:10:33 - [TEST_STEP][PASSED] - Statement - If (radioName.toLowerCase() == "true"): null

2018-07-24 15:10:33 - [TEST_STEP][PASSED] - Statement - If (verifyName == true): null

2018-07-24 15:10:33 - [TEST_STEP][PASSED] - Statement - Else If (verifyName == false): Object 'Object Repository/Campaign_OR/input_name' is NOT visible

2018-07-24 15:10:33 - [TEST_STEP][PASSED] - Statement - If (com.kms.katalon.core.webui.keyword.WebUiBuiltInKeywords.verifyElementChecked(com.kms.katalon.core.testobject.ObjectRepository.findTestObject(Campaign_OR/Fields/e.checkbox_name), 1, OPTIONAL)): Object 'Object Repository/Campaign_OR/input_name' is NOT visible

2018-07-24 15:10:33 - [MESSAGE][PASSED] - Object 'Object Repository/Campaign_OR/Fields/e.checkbox_name' is checked

2018-07-24 15:10:33 - [TEST_STEP][PASSED] - delay: Delayed 1 second(s)

2018-07-24 15:10:34 - [MESSAGE][PASSED] - Delayed 1 second(s)

2018-07-24 15:10:34 - [TEST_STEP][PASSED] - click: Object: 'Object Repository/Campaign_OR/Fields/e.checkbox_name' is clicked on

2018-07-24 15:10:34 - [MESSAGE][PASSED] - Object: 'Object Repository/Campaign_OR/Fields/e.checkbox_name' is clicked on

2018-07-24 15:10:34 - [TEST_STEP][PASSED] - verifyElementNotVisible: Object 'Object Repository/Campaign_OR/input_name' is NOT visible

2018-07-24 15:10:34 - [MESSAGE][PASSED] - Object 'Object Repository/Campaign_OR/input_name' is NOT visible

2018-07-24 15:10:34 - [TEST_STEP][PASSED] - Statement - verifyGender = false: null

2018-07-24 15:10:34 - [TEST_STEP][PASSED] - Statement - If (radioGender.toLowerCase() == "true"): null

2018-07-24 15:10:34 - [TEST_STEP][PASSED] - Statement - If (verifyGender == true): null

2018-07-24 15:10:34 - [TEST_STEP][PASSED] - Statement - Else If (verifyGender == false): Object 'Object Repository/Campaign_OR/label_Female' is NOT visible

2018-07-24 15:10:34 - [TEST_STEP][PASSED] - Statement - If (com.kms.katalon.core.webui.keyword.WebUiBuiltInKeywords.verifyElementChecked(com.kms.katalon.core.testobject.ObjectRepository.findTestObject(Campaign_OR/Fields/f.checkbox_gender), 1, OPTIONAL)): Object 'Object Repository/Campaign_OR/label_Female' is NOT visible

2018-07-24 15:10:34 - [MESSAGE][PASSED] - Object 'Object Repository/Campaign_OR/Fields/f.checkbox_gender' is checked

2018-07-24 15:10:34 - [TEST_STEP][PASSED] - delay: Delayed 1 second(s)

2018-07-24 15:10:35 - [MESSAGE][PASSED] - Delayed 1 second(s)

2018-07-24 15:10:35 - [TEST_STEP][PASSED] - click: Object: 'Object Repository/Campaign_OR/Fields/f.checkbox_gender' is clicked on

2018-07-24 15:10:35 - [MESSAGE][PASSED] - Object: 'Object Repository/Campaign_OR/Fields/f.checkbox_gender' is clicked on

2018-07-24 15:10:35 - [TEST_STEP][PASSED] - verifyElementNotVisible: Object 'Object Repository/Campaign_OR/label_Male' is NOT visible

2018-07-24 15:10:35 - [MESSAGE][PASSED] - Object 'Object Repository/Campaign_OR/label_Male' is NOT visible

2018-07-24 15:10:35 - [TEST_STEP][PASSED] - verifyElementNotVisible: Object 'Object Repository/Campaign_OR/label_Female' is NOT visible

2018-07-24 15:10:36 - [MESSAGE][PASSED] - Object 'Object Repository/Campaign_OR/label_Female' is NOT visible

2018-07-24 15:10:36 - [TEST_STEP][PASSED] - Statement - verifyDOB = false: null

2018-07-24 15:10:36 - [TEST_STEP][PASSED] - Statement - If (radioDOB.toLowerCase() == "true"): null

2018-07-24 15:10:36 - [TEST_STEP][PASSED] - Statement - If (verifyDOB == true): null

2018-07-24 15:10:36 - [TEST_STEP][PASSED] - Statement - Else If (verifyDOB == false): Object 'Object Repository/Campaign_OR/input_datepicker' is NOT visible

2018-07-24 15:10:36 - [TEST_STEP][PASSED] - Statement - If (com.kms.katalon.core.webui.keyword.WebUiBuiltInKeywords.verifyElementChecked(com.kms.katalon.core.testobject.ObjectRepository.findTestObject(Campaign_OR/Fields/g.checkbox_dob), 1, OPTIONAL)): Object 'Object Repository/Campaign_OR/input_datepicker' is NOT visible

2018-07-24 15:10:36 - [MESSAGE][PASSED] - Object 'Object Repository/Campaign_OR/Fields/g.checkbox_dob' is checked

2018-07-24 15:10:36 - [TEST_STEP][PASSED] - delay: Delayed 1 second(s)

2018-07-24 15:10:37 - [MESSAGE][PASSED] - Delayed 1 second(s)

2018-07-24 15:10:37 - [TEST_STEP][PASSED] - click: Object: 'Object Repository/Campaign_OR/Fields/g.checkbox_dob' is clicked on

2018-07-24 15:10:37 - [MESSAGE][PASSED] - Object: 'Object Repository/Campaign_OR/Fields/g.checkbox_dob' is clicked on

2018-07-24 15:10:37 - [TEST_STEP][PASSED] - verifyElementNotVisible: Object 'Object Repository/Campaign_OR/input_datepicker' is NOT visible

2018-07-24 15:10:37 - [MESSAGE][PASSED] - Object 'Object Repository/Campaign_OR/input_datepicker' is NOT visible

2018-07-24 15:10:37 - [TEST_STEP][PASSED] - Statement - filepath = "": null

2018-07-24 15:10:37 - [TEST_STEP][PASSED] - Statement - If (os == "Windows"): null

2018-07-24 15:10:37 - [TEST_STEP][PASSED] - Statement - filepath = campaignImagePath: null

2018-07-24 15:10:37 - [TEST_STEP][PASSED] - Statement - verifyImgName = "": null

2018-07-24 15:10:37 - [TEST_STEP][PASSED] - Statement - uploadedImg = false: null

2018-07-24 15:10:37 - [TEST_STEP][PASSED] - Statement - If (filepath.trim() != "" && campaignImage.trim() != ""): null

2018-07-24 15:10:37 - [TEST_STEP][PASSED] - sendKeys: Keys 'C:\Users\kl.chan\Katalon Studio\boldreward\Images\Campaign Image\starbucks copy.jpg' sent to object: 'Object Repository/Campaign_OR/Fields/h.button_campaign_image_1'

2018-07-24 15:10:37 - [MESSAGE][PASSED] - Keys 'C:\Users\kl.chan\Katalon Studio\boldreward\Images\Campaign Image\starbucks copy.jpg' sent to object: 'Object Repository/Campaign_OR/Fields/h.button_campaign_image_1'

2018-07-24 15:10:37 - [TEST_STEP][PASSED] - delay: Delayed 1 second(s)

2018-07-24 15:10:38 - [MESSAGE][PASSED] - Delayed 1 second(s)

2018-07-24 15:10:38 - [TEST_STEP][PASSED] - Statement - If (com.kms.katalon.core.webui.keyword.WebUiBuiltInKeywords.waitForElementVisible(com.kms.katalon.core.testobject.ObjectRepository.findTestObject(Campaign_OR/uploadedCampaignImg), 30)): null

2018-07-24 15:10:38 - [MESSAGE][PASSED] - Object 'Object Repository/Campaign_OR/uploadedCampaignImg' is visible

2018-07-24 15:10:38 - [TEST_STEP][PASSED] - Statement - verifyImgName = com.kms.katalon.core.webui.keyword.WebUiBuiltInKeywords.getText(com.kms.katalon.core.testobject.ObjectRepository.findTestObject(Campaign_OR/uploadedCampaignImg)): Text of object 'Object Repository/Campaign_OR/uploadedCampaignImg' is: 'starbucks copy.jpg'

2018-07-24 15:10:38 - [MESSAGE][PASSED] - Text of object 'Object Repository/Campaign_OR/uploadedCampaignImg' is: 'starbucks copy.jpg'

2018-07-24 15:10:38 - [TEST_STEP][PASSED] - Statement - If (verifyImgName.equals(campaignImage) == true): null

2018-07-24 15:10:38 - [TEST_STEP][PASSED] - Statement - uploadedImg = true: null

2018-07-24 15:10:38 - [TEST_STEP][PASSED] - setText: Text 'http://www.starbucks.com.my/' is set on object 'Object Repository/Campaign_OR/Fields/i.k.input_tnc'

2018-07-24 15:10:38 - [MESSAGE][PASSED] - Text 'http://www.starbucks.com.my/' is set on object 'Object Repository/Campaign_OR/Fields/i.k.input_tnc'

2018-07-24 15:10:38 - [TEST_STEP][PASSED] - setText: Text 'kl.chanXTZh@macrokiosk.com' is set on object 'Object Repository/Campaign_OR/Fields/j.input_sender'

2018-07-24 15:10:38 - [MESSAGE][PASSED] - Text 'kl.chanXTZh@macrokiosk.com' is set on object 'Object Repository/Campaign_OR/Fields/j.input_sender'

2018-07-24 15:10:38 - [TEST_STEP][PASSED] - setText: Text 'Starbucks Reserve @ SITXTZh' is set on object 'Object Repository/Campaign_OR/Fields/k.input_subject'

2018-07-24 15:10:39 - [MESSAGE][PASSED] - Text 'Starbucks Reserve @ SITXTZh' is set on object 'Object Repository/Campaign_OR/Fields/k.input_subject'

2018-07-24 15:10:39 - [TEST_STEP][PASSED] - setText: Text 'Hello User, Welcome to our Starbucks Reserve @ SIT. Come subscribe with us and redeem more rewards.XTZh' is set on object 'Object Repository/Campaign_OR/Fields/l.textarea_content'

2018-07-24 15:10:39 - [MESSAGE][PASSED] - Text 'Hello User, Welcome to our Starbucks Reserve @ SIT. Come subscribe with us and redeem more rewards.XTZh' is set on object 'Object Repository/Campaign_OR/Fields/l.textarea_content'

2018-07-24 15:10:39 - [TEST_STEP][PASSED] - Statement - filepath = "": null

2018-07-24 15:10:39 - [TEST_STEP][PASSED] - Statement - If (os == "Windows"): null

2018-07-24 15:10:39 - [TEST_STEP][PASSED] - Statement - filepath = companyLogoPath: null

2018-07-24 15:10:39 - [TEST_STEP][PASSED] - Statement - verifyImgName = "": null

2018-07-24 15:10:39 - [TEST_STEP][PASSED] - Statement - uploadedImg = false: null

2018-07-24 15:10:39 - [TEST_STEP][PASSED] - Statement - reuploadCount = 0: null

2018-07-24 15:10:39 - [TEST_STEP][PASSED] - Statement - If (filepath.trim() != "" && companyLogo.trim() != ""): null

2018-07-24 15:10:39 - [TEST_STEP][PASSED] - sendKeys: Keys 'C:\Users\kl.chan\Katalon Studio\boldreward\Images\Company Logo\Boldtag.txt' sent to object: 'Object Repository/Campaign_OR/Fields/m.button_company_logo_1'

2018-07-24 15:10:39 - [MESSAGE][PASSED] - Keys 'C:\Users\kl.chan\Katalon Studio\boldreward\Images\Company Logo\Boldtag.txt' sent to object: 'Object Repository/Campaign_OR/Fields/m.button_company_logo_1'

2018-07-24 15:10:39 - [TEST_STEP][PASSED] - delay: Delayed 1 second(s)

2018-07-24 15:10:40 - [MESSAGE][PASSED] - Delayed 1 second(s)

2018-07-24 15:10:40 - [TEST_STEP][PASSED] - Statement - If (com.kms.katalon.core.webui.keyword.WebUiBuiltInKeywords.waitForElementVisible(com.kms.katalon.core.testobject.ObjectRepository.findTestObject(Campaign_OR/uploadedCompanyLogo), 30)): null

2018-07-24 15:10:40 - [MESSAGE][PASSED] - Object 'Object Repository/Campaign_OR/uploadedCompanyLogo' is visible

2018-07-24 15:10:40 - [TEST_STEP][PASSED] - Statement - verifyImgName = com.kms.katalon.core.webui.keyword.WebUiBuiltInKeywords.getText(com.kms.katalon.core.testobject.ObjectRepository.findTestObject(Campaign_OR/uploadedCompanyLogo)): Text of object 'Object Repository/Campaign_OR/uploadedCompanyLogo' is: 'Boldtag.txt'

2018-07-24 15:10:40 - [MESSAGE][PASSED] - Text of object 'Object Repository/Campaign_OR/uploadedCompanyLogo' is: 'Boldtag.txt'

2018-07-24 15:10:40 - [TEST_STEP][PASSED] - Statement - If (verifyImgName.equals(companyLogo) == true): null

2018-07-24 15:10:40 - [TEST_STEP][PASSED] - Statement - uploadedImg = true: null

2018-07-24 15:10:40 - [TEST_STEP][PASSED] - Statement - If (rewardCode == true): null

2018-07-24 15:10:40 - [TEST_STEP][PASSED] - Statement - Else If (rewardCode == false): Object: 'Object Repository/Campaign_OR/Fields/n.label_No' is clicked on

2018-07-24 15:10:40 - [TEST_STEP][PASSED] - click: Object: 'Object Repository/Campaign_OR/Fields/n.label_No' is clicked on

2018-07-24 15:10:40 - [MESSAGE][PASSED] - Object: 'Object Repository/Campaign_OR/Fields/n.label_No' is clicked on

2018-07-24 15:10:40 - [TEST_STEP][PASSED] - verifyElementChecked: Object 'Object Repository/Campaign_OR/Fields/radio_No' is checked

2018-07-24 15:10:40 - [MESSAGE][PASSED] - Object 'Object Repository/Campaign_OR/Fields/radio_No' is checked

2018-07-24 15:10:40 - [TEST_STEP][PASSED] - verifyElementChecked: Object 'Object Repository/Campaign_OR/Fields/radio_Yes' is not checked

2018-07-24 15:10:41 - [MESSAGE][WARNING] - Object 'Object Repository/Campaign_OR/Fields/radio_Yes' is not checked
[[ATTACHMENT|C:\\Users\\kl.chan\\Katalon Studio\\boldreward\\Reports\\TS_Create_Campaign\\TS002 Edit Campaign with negative testing\\20180724_145748\\1532416240766.png]]

2018-07-24 15:10:41 - [TEST_STEP][PASSED] - click: Object: 'Object Repository/Campaign_OR/button_Save' is clicked on

2018-07-24 15:10:41 - [MESSAGE][PASSED] - Object: 'Object Repository/Campaign_OR/button_Save' is clicked on

2018-07-24 15:10:41 - [TEST_STEP][PASSED] - delay: Delayed 2 second(s)

2018-07-24 15:10:43 - [MESSAGE][PASSED] - Delayed 2 second(s)

2018-07-24 15:10:43 - [MESSAGE][PASSED] - Call Test Case 'Test Cases/Merchant Portal/Campaign/Campagin Modules/create campaign' successfully

2018-07-24 15:10:43 - [TEST_STEP][PASSED] - Statement - updateFailed = false: null

2018-07-24 15:10:43 - [TEST_STEP][PASSED] - Statement - If (com.kms.katalon.core.webui.keyword.WebUiBuiltInKeywords.waitForElementVisible(com.kms.katalon.core.testobject.ObjectRepository.findTestObject(a.Not_Assigned_OR/alert_msg_top), 3)): null

2018-07-24 15:10:43 - [MESSAGE][PASSED] - Object 'Object Repository/a.Not_Assigned_OR/alert_msg_top' is visible

2018-07-24 15:10:43 - [TEST_STEP][PASSED] - Statement - verifyPopoutMsg = com.kms.katalon.core.webui.keyword.WebUiBuiltInKeywords.getText(com.kms.katalon.core.testobject.ObjectRepository.findTestObject(a.Not_Assigned_OR/alert_msg_top)): Text of object 'Object Repository/a.Not_Assigned_OR/alert_msg_top' is: 'Oops! Invalid inputs, please try again.'

2018-07-24 15:10:43 - [MESSAGE][PASSED] - Text of object 'Object Repository/a.Not_Assigned_OR/alert_msg_top' is: 'Oops! Invalid inputs, please try again.'

2018-07-24 15:10:43 - [TEST_STEP][PASSED] - Statement - If (verifyPopoutMsg.equals(msgServer) == true): null

2018-07-24 15:10:43 - [TEST_STEP][PASSED] - Statement - updateFailed = true: null

2018-07-24 15:10:43 - [TEST_STEP][PASSED] - Statement - updateSuccess = false: null

2018-07-24 15:10:43 - [TEST_STEP][PASSED] - Statement - If (com.kms.katalon.core.webui.keyword.WebUiBuiltInKeywords.waitForElementVisible(com.kms.katalon.core.testobject.ObjectRepository.findTestObject(Campaign_OR/Error Message/msg_edit_success), 3)): Web element with id: 'Object Repository/Campaign_OR/Error Message/msg_edit_success' located by 'By.xpath: id("errorMessage")/p[@class="error-block"]' not found

2018-07-24 15:10:46 - [MESSAGE][WARNING] - Web element with id: 'Object Repository/Campaign_OR/Error Message/msg_edit_success' located by 'By.xpath: id("errorMessage")/p[@class="error-block"]' not found

2018-07-24 15:10:46 - [TEST_STEP][PASSED] - Statement - createSuccess = false: null

2018-07-24 15:10:46 - [TEST_STEP][PASSED] - Statement - If (com.kms.katalon.core.webui.keyword.WebUiBuiltInKeywords.waitForElementVisible(com.kms.katalon.core.testobject.ObjectRepository.findTestObject(Home_OR/label_home), 3)): Web element with id: 'Object Repository/Home_OR/label_home' located by 'By.xpath: id("wrapper")/div[@class="content-page"]/div[@class="content"]/div[@class="ng-scope"]/div[@class="ng-scope"]/div[@class="page-heading"]/h1[1][count(. | //h1[(text() = ' Home' or . = ' Home')]) = count(//h1[(text() = ' Home' or . = ' Home')])]' not found

2018-07-24 15:10:49 - [MESSAGE][WARNING] - Web element with id: 'Object Repository/Home_OR/label_home' located by 'By.xpath: id("wrapper")/div[@class="content-page"]/div[@class="content"]/div[@class="ng-scope"]/div[@class="ng-scope"]/div[@class="page-heading"]/h1[1][count(. | //h1[(text() = ' Home' or . = ' Home')]) = count(//h1[(text() = ' Home' or . = ' Home')])]' not found

2018-07-24 15:10:49 - [TEST_STEP][PASSED] - Statement - If (updateSuccess == true): null

2018-07-24 15:10:49 - [TEST_STEP][PASSED] - Statement - Else If (updateFailed == true): null

2018-07-24 15:10:49 - [TEST_STEP][PASSED] - Statement - verifyError = false: null

2018-07-24 15:10:49 - [TEST_STEP][PASSED] - Statement - If (companyName.trim() == ""): null

2018-07-24 15:10:49 - [TEST_STEP][PASSED] - Statement - If (campaignInstruc.trim() == ""): null

2018-07-24 15:10:49 - [TEST_STEP][PASSED] - Statement - If (radioEmail.toLowerCase() == "false"): null

2018-07-24 15:10:49 - [TEST_STEP][PASSED] - Statement - campaignImgName = com.kms.katalon.core.webui.keyword.WebUiBuiltInKeywords.getText(com.kms.katalon.core.testobject.ObjectRepository.findTestObject(Campaign_OR/uploadedCampaignImg)): Text of object 'Object Repository/Campaign_OR/uploadedCampaignImg' is: 'starbucks copy.jpg'

2018-07-24 15:10:49 - [MESSAGE][PASSED] - Text of object 'Object Repository/Campaign_OR/uploadedCampaignImg' is: 'starbucks copy.jpg'

2018-07-24 15:10:49 - [TEST_STEP][PASSED] - Statement - If (campaignImgName == ""): null

2018-07-24 15:10:49 - [TEST_STEP][PASSED] - Statement - If (emailSender.trim() == ""): null

2018-07-24 15:10:49 - [TEST_STEP][PASSED] - Statement - If (emailSubject.trim() == ""): null

2018-07-24 15:10:49 - [TEST_STEP][PASSED] - Statement - If (emailContent.trim() == ""): null

2018-07-24 15:10:49 - [TEST_STEP][PASSED] - Statement - companyLogoName = com.kms.katalon.core.webui.keyword.WebUiBuiltInKeywords.getText(com.kms.katalon.core.testobject.ObjectRepository.findTestObject(Campaign_OR/uploadedCompanyLogo)): Text of object 'Object Repository/Campaign_OR/uploadedCompanyLogo' is: 'Boldtag.txt'

2018-07-24 15:10:49 - [MESSAGE][PASSED] - Text of object 'Object Repository/Campaign_OR/uploadedCompanyLogo' is: 'Boldtag.txt'

2018-07-24 15:10:49 - [TEST_STEP][PASSED] - Statement - If (companyLogoName == ""): null

2018-07-24 15:10:49 - [TEST_STEP][PASSED] - Statement - If (com.kms.katalon.core.webui.keyword.WebUiBuiltInKeywords.waitForElementVisible(com.kms.katalon.core.testobject.ObjectRepository.findTestObject(Campaign_OR/Error Message/msg_cpgn_image2), 2)): Web element with id: 'Object Repository/Campaign_OR/Error Message/msg_cpgn_image2' located by 'By.xpath: id("campaignImage")/p[@class="error-block ng-binding"][count(. | //p[@class = 'error-block ng-binding' and @ng-hide = 'CC.errorImage == 200 || CC.errorImage == undefined']) = count(//p[@class = 'error-block ng-binding' and @ng-hide = 'CC.errorImage == 200 || CC.errorImage == undefined'])]' not found

2018-07-24 15:10:51 - [MESSAGE][WARNING] - Web element with id: 'Object Repository/Campaign_OR/Error Message/msg_cpgn_image2' located by 'By.xpath: id("campaignImage")/p[@class="error-block ng-binding"][count(. | //p[@class = 'error-block ng-binding' and @ng-hide = 'CC.errorImage == 200 || CC.errorImage == undefined']) = count(//p[@class = 'error-block ng-binding' and @ng-hide = 'CC.errorImage == 200 || CC.errorImage == undefined'])]' not found

2018-07-24 15:10:51 - [TEST_STEP][PASSED] - Statement - If (com.kms.katalon.core.webui.keyword.WebUiBuiltInKeywords.waitForElementVisible(com.kms.katalon.core.testobject.ObjectRepository.findTestObject(Campaign_OR/Error Message/msg_TCURL), 2)): Web element with id: 'Object Repository/Campaign_OR/Error Message/msg_TCURL' located by 'By.xpath: id("wrapper")/div[@class="content-page"]/div[@class="content"]/div[@class="ng-scope"]/div[@class="row ng-scope"]/div[@class="col-md-7"]/div[@class="widget"]/div[@class="widget-content padding"]/div[@class="form-horizontal"]/div[@class="form-group"]/div[@id="tncUrl"]/p[@class="error-block"][count(. | //p[(text() = 'Invalid format, please follow as http://wwww.example.com' or . = 'Invalid format, please follow as http://wwww.example.com')]) = count(//p[(text() = 'Invalid format, please follow as http://wwww.example.com' or . = 'Invalid format, please follow as http://wwww.example.com')])]' not found

2018-07-24 15:10:53 - [MESSAGE][WARNING] - Web element with id: 'Object Repository/Campaign_OR/Error Message/msg_TCURL' located by 'By.xpath: id("wrapper")/div[@class="content-page"]/div[@class="content"]/div[@class="ng-scope"]/div[@class="row ng-scope"]/div[@class="col-md-7"]/div[@class="widget"]/div[@class="widget-content padding"]/div[@class="form-horizontal"]/div[@class="form-group"]/div[@id="tncUrl"]/p[@class="error-block"][count(. | //p[(text() = 'Invalid format, please follow as http://wwww.example.com' or . = 'Invalid format, please follow as http://wwww.example.com')]) = count(//p[(text() = 'Invalid format, please follow as http://wwww.example.com' or . = 'Invalid format, please follow as http://wwww.example.com')])]' not found

2018-07-24 15:10:53 - [TEST_STEP][PASSED] - Statement - If (emailSender.trim() != ""): Web element with id: 'Object Repository/Campaign_OR/Error Message/msg_sender' located by 'By.xpath: id("emailSender")/p[@class="error-block"]' not found

2018-07-24 15:10:53 - [TEST_STEP][PASSED] - Statement - If (com.kms.katalon.core.webui.keyword.WebUiBuiltInKeywords.waitForElementVisible(com.kms.katalon.core.testobject.ObjectRepository.findTestObject(Campaign_OR/Error Message/msg_sender), 2)): Web element with id: 'Object Repository/Campaign_OR/Error Message/msg_sender' located by 'By.xpath: id("emailSender")/p[@class="error-block"]' not found

2018-07-24 15:10:55 - [MESSAGE][WARNING] - Web element with id: 'Object Repository/Campaign_OR/Error Message/msg_sender' located by 'By.xpath: id("emailSender")/p[@class="error-block"]' not found

2018-07-24 15:10:55 - [TEST_STEP][PASSED] - Statement - If (com.kms.katalon.core.webui.keyword.WebUiBuiltInKeywords.waitForElementVisible(com.kms.katalon.core.testobject.ObjectRepository.findTestObject(Campaign_OR/Error Message/msg_company_logo), 2)): null

2018-07-24 15:10:55 - [MESSAGE][PASSED] - Object 'Object Repository/Campaign_OR/Error Message/msg_company_logo' is visible

2018-07-24 15:10:55 - [TEST_STEP][PASSED] - Statement - verifyCompanyLogo = com.kms.katalon.core.webui.keyword.WebUiBuiltInKeywords.getText(com.kms.katalon.core.testobject.ObjectRepository.findTestObject(Campaign_OR/Error Message/msg_company_logo)): Text of object 'Object Repository/Campaign_OR/Error Message/msg_company_logo' is: 'Invalid file format'

2018-07-24 15:10:55 - [MESSAGE][PASSED] - Text of object 'Object Repository/Campaign_OR/Error Message/msg_company_logo' is: 'Invalid file format'

2018-07-24 15:10:55 - [TEST_STEP][PASSED] - Statement - If (verifyCompanyLogo.equals(msgInvalidSize)): null

2018-07-24 15:10:55 - [TEST_STEP][PASSED] - Statement - Else If (verifyCompanyLogo.equals(msgInvalidDi)): null

2018-07-24 15:10:55 - [TEST_STEP][PASSED] - Statement - Else If (verifyCompanyLogo.equals(msgFileFormat)): null

2018-07-24 15:10:55 - [TEST_STEP][PASSED] - Statement - verifyError = true: null

2018-07-24 15:10:55 - [TEST_STEP][PASSED] - refresh: Refresh successfully

2018-07-24 15:10:56 - [MESSAGE][PASSED] - Refresh successfully

2018-07-24 15:10:56 - [TEST_STEP][PASSED] - Statement - If (verifyError == false): null]]></system-out>
         <system-err><![CDATA[]]></system-err>
      </testcase>
      <testcase name="Test Cases/Merchant Portal/Campaign/TC001 Campaign - verify all case" classname="Test Cases/Merchant Portal/Campaign/TC001 Campaign - verify all case" status="PASSED">
         <system-out><![CDATA[2018-07-24 15:10:56 - [TEST_CASE][PASSED] - Test Cases/Merchant Portal/Campaign/TC001 Campaign - verify all case: Test Cases/Merchant Portal/Campaign/TC001 Campaign - verify all case

2018-07-24 15:10:56 - [TEST_STEP][PASSED] - Statement - randomWords = CustomKeywords.randomWords.GenerateNumber.randomString(4): randomWords.GenerateNumber.randomString is PASSED

2018-07-24 15:10:56 - [MESSAGE][PASSED] - randomWords.GenerateNumber.randomString is PASSED

2018-07-24 15:10:56 - [TEST_STEP][PASSED] - Statement - If (companyName.trim() != ""): null

2018-07-24 15:10:56 - [TEST_STEP][PASSED] - Statement - companyName = companyName + randomWords: null

2018-07-24 15:10:56 - [TEST_STEP][PASSED] - Statement - If (campaignInstruc.trim() != ""): null

2018-07-24 15:10:56 - [TEST_STEP][PASSED] - Statement - campaignInstruc = campaignInstruc + randomWords: null

2018-07-24 15:10:56 - [TEST_STEP][PASSED] - Statement - If (emailSender.trim() != ""): null

2018-07-24 15:10:56 - [TEST_STEP][PASSED] - Statement - email = emailSender: null

2018-07-24 15:10:56 - [TEST_STEP][PASSED] - Statement - splitEmail = email.split("@"): null

2018-07-24 15:10:56 - [TEST_STEP][PASSED] - Statement - numb = length: null

2018-07-24 15:10:56 - [TEST_STEP][PASSED] - Statement - If (numb > 1): null

2018-07-24 15:10:56 - [TEST_STEP][PASSED] - Statement - emailSender = splitEmail[0] + randomWords + "@" + splitEmail[1]: null

2018-07-24 15:10:56 - [TEST_STEP][PASSED] - Statement - If (emailSubject.trim() != ""): null

2018-07-24 15:10:56 - [TEST_STEP][PASSED] - Statement - emailSubject = emailSubject + randomWords: null

2018-07-24 15:10:56 - [TEST_STEP][PASSED] - Statement - If (emailContent.trim() != ""): null

2018-07-24 15:10:56 - [TEST_STEP][PASSED] - Statement - emailContent = emailContent + randomWords: null

2018-07-24 15:10:56 - [TEST_STEP][PASSED] - callTestCase: Call Test Case 'Test Cases/Merchant Portal/Campaign/Campagin Modules/create campaign' successfully

2018-07-24 15:10:56 - [TEST_CASE][PASSED] - Test Cases/Merchant Portal/Campaign/Campagin Modules/create campaign: Test Cases/Merchant Portal/Campaign/Campagin Modules/create campaign

2018-07-24 15:10:56 - [TEST_STEP][PASSED] - Statement - osName = "": null

2018-07-24 15:10:56 - [TEST_STEP][PASSED] - Statement - osName = CustomKeywords.os.DetectOS.getOperatingSystem(osName): os.DetectOS.getOperatingSystem is PASSED

2018-07-24 15:10:56 - [MESSAGE][PASSED] - os.DetectOS.getOperatingSystem is PASSED

2018-07-24 15:10:56 - [TEST_STEP][PASSED] - Statement - splitString = osName.split(): null

2018-07-24 15:10:56 - [TEST_STEP][PASSED] - Statement - os = splitString[0].toString(): null

2018-07-24 15:10:56 - [TEST_STEP][PASSED] - Statement - If (loggedin == false): null

2018-07-24 15:10:56 - [TEST_STEP][PASSED] - Statement - If (accessModule == false): null

2018-07-24 15:10:56 - [TEST_STEP][PASSED] - delay: Delayed 5 second(s)

2018-07-24 15:11:01 - [MESSAGE][PASSED] - Delayed 5 second(s)

2018-07-24 15:11:01 - [TEST_STEP][PASSED] - setText: Text 'Starbucks Reserve LtdV3wx' is set on object 'Object Repository/Campaign_OR/Fields/a.input_company_name'

2018-07-24 15:11:01 - [MESSAGE][PASSED] - Text 'Starbucks Reserve LtdV3wx' is set on object 'Object Repository/Campaign_OR/Fields/a.input_company_name'

2018-07-24 15:11:01 - [TEST_STEP][PASSED] - setText: Text 'Please subscribe with us and redeem a free coffee. Come join us now!V3wx' is set on object 'Object Repository/Campaign_OR/Fields/b.textarea_campaign_instruction'

2018-07-24 15:11:01 - [MESSAGE][PASSED] - Text 'Please subscribe with us and redeem a free coffee. Come join us now!V3wx' is set on object 'Object Repository/Campaign_OR/Fields/b.textarea_campaign_instruction'

2018-07-24 15:11:01 - [TEST_STEP][PASSED] - Statement - verifyEmail = false: null

2018-07-24 15:11:01 - [TEST_STEP][PASSED] - Statement - If (radioEmail.toLowerCase() == "true"): null

2018-07-24 15:11:01 - [TEST_STEP][PASSED] - Statement - verifyEmail = true: null

2018-07-24 15:11:01 - [TEST_STEP][PASSED] - Statement - If (verifyEmail == true): Object 'Object Repository/Campaign_OR/input_email' is visible

2018-07-24 15:11:01 - [TEST_STEP][PASSED] - Statement - If (com.kms.katalon.core.webui.keyword.WebUiBuiltInKeywords.verifyElementNotChecked(com.kms.katalon.core.testobject.ObjectRepository.findTestObject(Campaign_OR/Fields/c.checkbox_email), 1, OPTIONAL)): Object 'Object Repository/Campaign_OR/Fields/c.checkbox_email' is checked

2018-07-24 15:11:02 - [MESSAGE][WARNING] - Object 'Object Repository/Campaign_OR/Fields/c.checkbox_email' is checked
[[ATTACHMENT|C:\\Users\\kl.chan\\Katalon Studio\\boldreward\\Reports\\TS_Create_Campaign\\TS002 Edit Campaign with negative testing\\20180724_145748\\1532416261981.png]]

2018-07-24 15:11:02 - [TEST_STEP][PASSED] - Statement - Else: Object 'Object Repository/Campaign_OR/input_email' is visible

2018-07-24 15:11:02 - [TEST_STEP][PASSED] - verifyElementVisible: Object 'Object Repository/Campaign_OR/input_email' is visible

2018-07-24 15:11:02 - [MESSAGE][PASSED] - Object 'Object Repository/Campaign_OR/input_email' is visible

2018-07-24 15:11:02 - [TEST_STEP][PASSED] - Statement - verifyMobileno = false: null

2018-07-24 15:11:02 - [TEST_STEP][PASSED] - Statement - If (radioMobileno.toLowerCase() == "true"): null

2018-07-24 15:11:02 - [TEST_STEP][PASSED] - Statement - If (verifyMobileno == true): null

2018-07-24 15:11:02 - [TEST_STEP][PASSED] - Statement - Else If (verifyMobileno == false): Object 'Object Repository/Campaign_OR/input_mobileno' is NOT visible

2018-07-24 15:11:02 - [TEST_STEP][PASSED] - Statement - If (com.kms.katalon.core.webui.keyword.WebUiBuiltInKeywords.verifyElementChecked(com.kms.katalon.core.testobject.ObjectRepository.findTestObject(Campaign_OR/Fields/d.checkbox_mobile_number), 1, OPTIONAL)): Object 'Object Repository/Campaign_OR/input_mobileno' is NOT visible

2018-07-24 15:11:02 - [MESSAGE][PASSED] - Object 'Object Repository/Campaign_OR/Fields/d.checkbox_mobile_number' is checked

2018-07-24 15:11:02 - [TEST_STEP][PASSED] - delay: Delayed 1 second(s)

2018-07-24 15:11:03 - [MESSAGE][PASSED] - Delayed 1 second(s)

2018-07-24 15:11:03 - [TEST_STEP][PASSED] - click: Object: 'Object Repository/Campaign_OR/Fields/d.checkbox_mobile_number' is clicked on

2018-07-24 15:11:03 - [MESSAGE][PASSED] - Object: 'Object Repository/Campaign_OR/Fields/d.checkbox_mobile_number' is clicked on

2018-07-24 15:11:03 - [TEST_STEP][PASSED] - verifyElementNotVisible: Object 'Object Repository/Campaign_OR/input_mobileno' is NOT visible

2018-07-24 15:11:03 - [MESSAGE][PASSED] - Object 'Object Repository/Campaign_OR/input_mobileno' is NOT visible

2018-07-24 15:11:03 - [TEST_STEP][PASSED] - Statement - verifyName = false: null

2018-07-24 15:11:03 - [TEST_STEP][PASSED] - Statement - If (radioName.toLowerCase() == "true"): null

2018-07-24 15:11:03 - [TEST_STEP][PASSED] - Statement - If (verifyName == true): null

2018-07-24 15:11:03 - [TEST_STEP][PASSED] - Statement - Else If (verifyName == false): Object 'Object Repository/Campaign_OR/input_name' is NOT visible

2018-07-24 15:11:03 - [TEST_STEP][PASSED] - Statement - If (com.kms.katalon.core.webui.keyword.WebUiBuiltInKeywords.verifyElementChecked(com.kms.katalon.core.testobject.ObjectRepository.findTestObject(Campaign_OR/Fields/e.checkbox_name), 1, OPTIONAL)): Object 'Object Repository/Campaign_OR/input_name' is NOT visible

2018-07-24 15:11:03 - [MESSAGE][PASSED] - Object 'Object Repository/Campaign_OR/Fields/e.checkbox_name' is checked

2018-07-24 15:11:03 - [TEST_STEP][PASSED] - delay: Delayed 1 second(s)

2018-07-24 15:11:04 - [MESSAGE][PASSED] - Delayed 1 second(s)

2018-07-24 15:11:04 - [TEST_STEP][PASSED] - click: Object: 'Object Repository/Campaign_OR/Fields/e.checkbox_name' is clicked on

2018-07-24 15:11:04 - [MESSAGE][PASSED] - Object: 'Object Repository/Campaign_OR/Fields/e.checkbox_name' is clicked on

2018-07-24 15:11:04 - [TEST_STEP][PASSED] - verifyElementNotVisible: Object 'Object Repository/Campaign_OR/input_name' is NOT visible

2018-07-24 15:11:04 - [MESSAGE][PASSED] - Object 'Object Repository/Campaign_OR/input_name' is NOT visible

2018-07-24 15:11:04 - [TEST_STEP][PASSED] - Statement - verifyGender = false: null

2018-07-24 15:11:04 - [TEST_STEP][PASSED] - Statement - If (radioGender.toLowerCase() == "true"): null

2018-07-24 15:11:04 - [TEST_STEP][PASSED] - Statement - If (verifyGender == true): null

2018-07-24 15:11:04 - [TEST_STEP][PASSED] - Statement - Else If (verifyGender == false): Object 'Object Repository/Campaign_OR/label_Female' is NOT visible

2018-07-24 15:11:04 - [TEST_STEP][PASSED] - Statement - If (com.kms.katalon.core.webui.keyword.WebUiBuiltInKeywords.verifyElementChecked(com.kms.katalon.core.testobject.ObjectRepository.findTestObject(Campaign_OR/Fields/f.checkbox_gender), 1, OPTIONAL)): Object 'Object Repository/Campaign_OR/label_Female' is NOT visible

2018-07-24 15:11:04 - [MESSAGE][PASSED] - Object 'Object Repository/Campaign_OR/Fields/f.checkbox_gender' is checked

2018-07-24 15:11:04 - [TEST_STEP][PASSED] - delay: Delayed 1 second(s)

2018-07-24 15:11:05 - [MESSAGE][PASSED] - Delayed 1 second(s)

2018-07-24 15:11:05 - [TEST_STEP][PASSED] - click: Object: 'Object Repository/Campaign_OR/Fields/f.checkbox_gender' is clicked on

2018-07-24 15:11:05 - [MESSAGE][PASSED] - Object: 'Object Repository/Campaign_OR/Fields/f.checkbox_gender' is clicked on

2018-07-24 15:11:05 - [TEST_STEP][PASSED] - verifyElementNotVisible: Object 'Object Repository/Campaign_OR/label_Male' is NOT visible

2018-07-24 15:11:05 - [MESSAGE][PASSED] - Object 'Object Repository/Campaign_OR/label_Male' is NOT visible

2018-07-24 15:11:05 - [TEST_STEP][PASSED] - verifyElementNotVisible: Object 'Object Repository/Campaign_OR/label_Female' is NOT visible

2018-07-24 15:11:05 - [MESSAGE][PASSED] - Object 'Object Repository/Campaign_OR/label_Female' is NOT visible

2018-07-24 15:11:05 - [TEST_STEP][PASSED] - Statement - verifyDOB = false: null

2018-07-24 15:11:05 - [TEST_STEP][PASSED] - Statement - If (radioDOB.toLowerCase() == "true"): null

2018-07-24 15:11:05 - [TEST_STEP][PASSED] - Statement - If (verifyDOB == true): null

2018-07-24 15:11:05 - [TEST_STEP][PASSED] - Statement - Else If (verifyDOB == false): Object 'Object Repository/Campaign_OR/input_datepicker' is NOT visible

2018-07-24 15:11:05 - [TEST_STEP][PASSED] - Statement - If (com.kms.katalon.core.webui.keyword.WebUiBuiltInKeywords.verifyElementChecked(com.kms.katalon.core.testobject.ObjectRepository.findTestObject(Campaign_OR/Fields/g.checkbox_dob), 1, OPTIONAL)): Object 'Object Repository/Campaign_OR/input_datepicker' is NOT visible

2018-07-24 15:11:05 - [MESSAGE][PASSED] - Object 'Object Repository/Campaign_OR/Fields/g.checkbox_dob' is checked

2018-07-24 15:11:05 - [TEST_STEP][PASSED] - delay: Delayed 1 second(s)

2018-07-24 15:11:06 - [MESSAGE][PASSED] - Delayed 1 second(s)

2018-07-24 15:11:06 - [TEST_STEP][PASSED] - click: Object: 'Object Repository/Campaign_OR/Fields/g.checkbox_dob' is clicked on

2018-07-24 15:11:06 - [MESSAGE][PASSED] - Object: 'Object Repository/Campaign_OR/Fields/g.checkbox_dob' is clicked on

2018-07-24 15:11:06 - [TEST_STEP][PASSED] - verifyElementNotVisible: Object 'Object Repository/Campaign_OR/input_datepicker' is NOT visible

2018-07-24 15:11:06 - [MESSAGE][PASSED] - Object 'Object Repository/Campaign_OR/input_datepicker' is NOT visible

2018-07-24 15:11:06 - [TEST_STEP][PASSED] - Statement - filepath = "": null

2018-07-24 15:11:06 - [TEST_STEP][PASSED] - Statement - If (os == "Windows"): null

2018-07-24 15:11:06 - [TEST_STEP][PASSED] - Statement - filepath = campaignImagePath: null

2018-07-24 15:11:06 - [TEST_STEP][PASSED] - Statement - verifyImgName = "": null

2018-07-24 15:11:06 - [TEST_STEP][PASSED] - Statement - uploadedImg = false: null

2018-07-24 15:11:06 - [TEST_STEP][PASSED] - Statement - If (filepath.trim() != "" && campaignImage.trim() != ""): null

2018-07-24 15:11:06 - [TEST_STEP][PASSED] - sendKeys: Keys 'C:\Users\kl.chan\Katalon Studio\boldreward\Images\Campaign Image\starbucks copy.jpg' sent to object: 'Object Repository/Campaign_OR/Fields/h.button_campaign_image_1'

2018-07-24 15:11:06 - [MESSAGE][PASSED] - Keys 'C:\Users\kl.chan\Katalon Studio\boldreward\Images\Campaign Image\starbucks copy.jpg' sent to object: 'Object Repository/Campaign_OR/Fields/h.button_campaign_image_1'

2018-07-24 15:11:06 - [TEST_STEP][PASSED] - delay: Delayed 1 second(s)

2018-07-24 15:11:07 - [MESSAGE][PASSED] - Delayed 1 second(s)

2018-07-24 15:11:07 - [TEST_STEP][PASSED] - Statement - If (com.kms.katalon.core.webui.keyword.WebUiBuiltInKeywords.waitForElementVisible(com.kms.katalon.core.testobject.ObjectRepository.findTestObject(Campaign_OR/uploadedCampaignImg), 30)): null

2018-07-24 15:11:07 - [MESSAGE][PASSED] - Object 'Object Repository/Campaign_OR/uploadedCampaignImg' is visible

2018-07-24 15:11:07 - [TEST_STEP][PASSED] - Statement - verifyImgName = com.kms.katalon.core.webui.keyword.WebUiBuiltInKeywords.getText(com.kms.katalon.core.testobject.ObjectRepository.findTestObject(Campaign_OR/uploadedCampaignImg)): Text of object 'Object Repository/Campaign_OR/uploadedCampaignImg' is: 'starbucks copy.jpg'

2018-07-24 15:11:07 - [MESSAGE][PASSED] - Text of object 'Object Repository/Campaign_OR/uploadedCampaignImg' is: 'starbucks copy.jpg'

2018-07-24 15:11:07 - [TEST_STEP][PASSED] - Statement - If (verifyImgName.equals(campaignImage) == true): null

2018-07-24 15:11:07 - [TEST_STEP][PASSED] - Statement - uploadedImg = true: null

2018-07-24 15:11:07 - [TEST_STEP][PASSED] - setText: Text 'http://www.starbucks.com.my/' is set on object 'Object Repository/Campaign_OR/Fields/i.k.input_tnc'

2018-07-24 15:11:08 - [MESSAGE][PASSED] - Text 'http://www.starbucks.com.my/' is set on object 'Object Repository/Campaign_OR/Fields/i.k.input_tnc'

2018-07-24 15:11:08 - [TEST_STEP][PASSED] - setText: Text 'kl.chanV3wx@macrokiosk.com' is set on object 'Object Repository/Campaign_OR/Fields/j.input_sender'

2018-07-24 15:11:08 - [MESSAGE][PASSED] - Text 'kl.chanV3wx@macrokiosk.com' is set on object 'Object Repository/Campaign_OR/Fields/j.input_sender'

2018-07-24 15:11:08 - [TEST_STEP][PASSED] - setText: Text 'Starbucks Reserve @ SITV3wx' is set on object 'Object Repository/Campaign_OR/Fields/k.input_subject'

2018-07-24 15:11:08 - [MESSAGE][PASSED] - Text 'Starbucks Reserve @ SITV3wx' is set on object 'Object Repository/Campaign_OR/Fields/k.input_subject'

2018-07-24 15:11:08 - [TEST_STEP][PASSED] - setText: Text 'Hello User, Welcome to our Starbucks Reserve @ SIT. Come subscribe with us and redeem more rewards.V3wx' is set on object 'Object Repository/Campaign_OR/Fields/l.textarea_content'

2018-07-24 15:11:09 - [MESSAGE][PASSED] - Text 'Hello User, Welcome to our Starbucks Reserve @ SIT. Come subscribe with us and redeem more rewards.V3wx' is set on object 'Object Repository/Campaign_OR/Fields/l.textarea_content'

2018-07-24 15:11:09 - [TEST_STEP][PASSED] - Statement - filepath = "": null

2018-07-24 15:11:09 - [TEST_STEP][PASSED] - Statement - If (os == "Windows"): null

2018-07-24 15:11:09 - [TEST_STEP][PASSED] - Statement - filepath = companyLogoPath: null

2018-07-24 15:11:09 - [TEST_STEP][PASSED] - Statement - verifyImgName = "": null

2018-07-24 15:11:09 - [TEST_STEP][PASSED] - Statement - uploadedImg = false: null

2018-07-24 15:11:09 - [TEST_STEP][PASSED] - Statement - reuploadCount = 0: null

2018-07-24 15:11:09 - [TEST_STEP][PASSED] - Statement - If (filepath.trim() != "" && companyLogo.trim() != ""): null

2018-07-24 15:11:09 - [TEST_STEP][PASSED] - sendKeys: Keys 'C:\Users\kl.chan\Katalon Studio\boldreward\Images\Company Logo\starbucks logo.jpg' sent to object: 'Object Repository/Campaign_OR/Fields/m.button_company_logo_1'

2018-07-24 15:11:09 - [MESSAGE][PASSED] - Keys 'C:\Users\kl.chan\Katalon Studio\boldreward\Images\Company Logo\starbucks logo.jpg' sent to object: 'Object Repository/Campaign_OR/Fields/m.button_company_logo_1'

2018-07-24 15:11:09 - [TEST_STEP][PASSED] - delay: Delayed 1 second(s)

2018-07-24 15:11:10 - [MESSAGE][PASSED] - Delayed 1 second(s)

2018-07-24 15:11:10 - [TEST_STEP][PASSED] - Statement - If (com.kms.katalon.core.webui.keyword.WebUiBuiltInKeywords.waitForElementVisible(com.kms.katalon.core.testobject.ObjectRepository.findTestObject(Campaign_OR/uploadedCompanyLogo), 30)): null

2018-07-24 15:11:10 - [MESSAGE][PASSED] - Object 'Object Repository/Campaign_OR/uploadedCompanyLogo' is visible

2018-07-24 15:11:10 - [TEST_STEP][PASSED] - Statement - verifyImgName = com.kms.katalon.core.webui.keyword.WebUiBuiltInKeywords.getText(com.kms.katalon.core.testobject.ObjectRepository.findTestObject(Campaign_OR/uploadedCompanyLogo)): Text of object 'Object Repository/Campaign_OR/uploadedCompanyLogo' is: 'starbucks logo.jpg'

2018-07-24 15:11:10 - [MESSAGE][PASSED] - Text of object 'Object Repository/Campaign_OR/uploadedCompanyLogo' is: 'starbucks logo.jpg'

2018-07-24 15:11:10 - [TEST_STEP][PASSED] - Statement - If (verifyImgName.equals(companyLogo) == true): null

2018-07-24 15:11:10 - [TEST_STEP][PASSED] - Statement - uploadedImg = true: null

2018-07-24 15:11:10 - [TEST_STEP][PASSED] - Statement - If (rewardCode == true): null

2018-07-24 15:11:10 - [TEST_STEP][PASSED] - Statement - Else If (rewardCode == false): Object: 'Object Repository/Campaign_OR/Fields/n.label_No' is clicked on

2018-07-24 15:11:10 - [TEST_STEP][PASSED] - click: Object: 'Object Repository/Campaign_OR/Fields/n.label_No' is clicked on

2018-07-24 15:11:10 - [MESSAGE][PASSED] - Object: 'Object Repository/Campaign_OR/Fields/n.label_No' is clicked on

2018-07-24 15:11:10 - [TEST_STEP][PASSED] - verifyElementChecked: Object 'Object Repository/Campaign_OR/Fields/radio_No' is checked

2018-07-24 15:11:10 - [MESSAGE][PASSED] - Object 'Object Repository/Campaign_OR/Fields/radio_No' is checked

2018-07-24 15:11:10 - [TEST_STEP][PASSED] - verifyElementChecked: Object 'Object Repository/Campaign_OR/Fields/radio_Yes' is not checked

2018-07-24 15:11:10 - [MESSAGE][WARNING] - Object 'Object Repository/Campaign_OR/Fields/radio_Yes' is not checked
[[ATTACHMENT|C:\\Users\\kl.chan\\Katalon Studio\\boldreward\\Reports\\TS_Create_Campaign\\TS002 Edit Campaign with negative testing\\20180724_145748\\1532416270400.png]]

2018-07-24 15:11:10 - [TEST_STEP][PASSED] - click: Object: 'Object Repository/Campaign_OR/button_Save' is clicked on

2018-07-24 15:11:10 - [MESSAGE][PASSED] - Object: 'Object Repository/Campaign_OR/button_Save' is clicked on

2018-07-24 15:11:10 - [TEST_STEP][PASSED] - delay: Delayed 2 second(s)

2018-07-24 15:11:12 - [MESSAGE][PASSED] - Delayed 2 second(s)

2018-07-24 15:11:12 - [MESSAGE][PASSED] - Call Test Case 'Test Cases/Merchant Portal/Campaign/Campagin Modules/create campaign' successfully

2018-07-24 15:11:12 - [TEST_STEP][PASSED] - Statement - updateFailed = false: null

2018-07-24 15:11:12 - [TEST_STEP][PASSED] - Statement - If (com.kms.katalon.core.webui.keyword.WebUiBuiltInKeywords.waitForElementVisible(com.kms.katalon.core.testobject.ObjectRepository.findTestObject(a.Not_Assigned_OR/alert_msg_top), 3)): null

2018-07-24 15:11:12 - [MESSAGE][PASSED] - Object 'Object Repository/a.Not_Assigned_OR/alert_msg_top' is visible

2018-07-24 15:11:12 - [TEST_STEP][PASSED] - Statement - verifyPopoutMsg = com.kms.katalon.core.webui.keyword.WebUiBuiltInKeywords.getText(com.kms.katalon.core.testobject.ObjectRepository.findTestObject(a.Not_Assigned_OR/alert_msg_top)): Text of object 'Object Repository/a.Not_Assigned_OR/alert_msg_top' is: 'Campaign is updated successfully.'

2018-07-24 15:11:12 - [MESSAGE][PASSED] - Text of object 'Object Repository/a.Not_Assigned_OR/alert_msg_top' is: 'Campaign is updated successfully.'

2018-07-24 15:11:12 - [TEST_STEP][PASSED] - Statement - If (verifyPopoutMsg.equals(msgServer) == true): null

2018-07-24 15:11:12 - [TEST_STEP][PASSED] - Statement - updateSuccess = false: null

2018-07-24 15:11:12 - [TEST_STEP][PASSED] - Statement - If (com.kms.katalon.core.webui.keyword.WebUiBuiltInKeywords.waitForElementVisible(com.kms.katalon.core.testobject.ObjectRepository.findTestObject(Campaign_OR/Error Message/msg_edit_success), 3)): null

2018-07-24 15:11:12 - [MESSAGE][PASSED] - Object 'Object Repository/Campaign_OR/Error Message/msg_edit_success' is visible

2018-07-24 15:11:12 - [TEST_STEP][PASSED] - Statement - verifyUpdateMsg = com.kms.katalon.core.webui.keyword.WebUiBuiltInKeywords.getText(com.kms.katalon.core.testobject.ObjectRepository.findTestObject(Campaign_OR/Error Message/msg_edit_success)): Text of object 'Object Repository/Campaign_OR/Error Message/msg_edit_success' is: 'Campaign is updated successfully.'

2018-07-24 15:11:12 - [MESSAGE][PASSED] - Text of object 'Object Repository/Campaign_OR/Error Message/msg_edit_success' is: 'Campaign is updated successfully.'

2018-07-24 15:11:12 - [TEST_STEP][PASSED] - Statement - If (verifyUpdateMsg.equals(msg_success_update) == true): null

2018-07-24 15:11:12 - [TEST_STEP][PASSED] - Statement - updateSuccess = true: null

2018-07-24 15:11:12 - [TEST_STEP][PASSED] - Statement - createSuccess = false: null

2018-07-24 15:11:12 - [TEST_STEP][PASSED] - Statement - If (com.kms.katalon.core.webui.keyword.WebUiBuiltInKeywords.waitForElementVisible(com.kms.katalon.core.testobject.ObjectRepository.findTestObject(Home_OR/label_home), 3)): Web element with id: 'Object Repository/Home_OR/label_home' located by 'By.xpath: id("wrapper")/div[@class="content-page"]/div[@class="content"]/div[@class="ng-scope"]/div[@class="ng-scope"]/div[@class="page-heading"]/h1[1][count(. | //h1[(text() = ' Home' or . = ' Home')]) = count(//h1[(text() = ' Home' or . = ' Home')])]' not found

2018-07-24 15:11:15 - [MESSAGE][WARNING] - Web element with id: 'Object Repository/Home_OR/label_home' located by 'By.xpath: id("wrapper")/div[@class="content-page"]/div[@class="content"]/div[@class="ng-scope"]/div[@class="ng-scope"]/div[@class="page-heading"]/h1[1][count(. | //h1[(text() = ' Home' or . = ' Home')]) = count(//h1[(text() = ' Home' or . = ' Home')])]' not found

2018-07-24 15:11:15 - [TEST_STEP][PASSED] - Statement - If (updateSuccess == true): Call Test Case 'Test Cases/Merchant Portal/Campaign/Campagin Modules/verify campaign' successfully

2018-07-24 15:11:15 - [TEST_STEP][PASSED] - callTestCase: Call Test Case 'Test Cases/Merchant Portal/Module Access/Home' successfully

2018-07-24 15:11:15 - [TEST_CASE][PASSED] - Test Cases/Merchant Portal/Module Access/Home: Test Cases/Merchant Portal/Module Access/Home

2018-07-24 15:11:16 - [TEST_STEP][PASSED] - Statement - If (viewport_width <= 1007): null

2018-07-24 15:11:16 - [TEST_STEP][PASSED] - click: Object: 'Object Repository/Home_OR/home_link_sidebar' is clicked on

2018-07-24 15:11:16 - [MESSAGE][PASSED] - Object: 'Object Repository/Home_OR/home_link_sidebar' is clicked on

2018-07-24 15:11:16 - [TEST_STEP][PASSED] - Statement - If (viewport_width <= 1007): null

2018-07-24 15:11:16 - [TEST_STEP][PASSED] - Statement - accessModule = true: null

2018-07-24 15:11:16 - [MESSAGE][PASSED] - Call Test Case 'Test Cases/Merchant Portal/Module Access/Home' successfully

2018-07-24 15:11:16 - [TEST_STEP][PASSED] - delay: Delayed 2 second(s)

2018-07-24 15:11:18 - [MESSAGE][PASSED] - Delayed 2 second(s)

2018-07-24 15:11:18 - [TEST_STEP][PASSED] - callTestCase: Call Test Case 'Test Cases/Merchant Portal/Campaign/Campagin Modules/verify campaign' successfully

2018-07-24 15:11:18 - [TEST_CASE][PASSED] - Test Cases/Merchant Portal/Campaign/Campagin Modules/verify campaign: Test Cases/Merchant Portal/Campaign/Campagin Modules/verify campaign

2018-07-24 15:11:18 - [TEST_STEP][PASSED] - verifyElementNotVisible: Object 'Object Repository/Home_OR/msg_campaign_banner' is NOT visible

2018-07-24 15:11:18 - [MESSAGE][PASSED] - Object 'Object Repository/Home_OR/msg_campaign_banner' is NOT visible

2018-07-24 15:11:18 - [TEST_STEP][PASSED] - waitForElementVisible: Object 'Object Repository/Home_OR/preview_img' is visible

2018-07-24 15:11:18 - [MESSAGE][PASSED] - Object 'Object Repository/Home_OR/preview_img' is visible

2018-07-24 15:11:18 - [TEST_STEP][PASSED] - verifyElementVisible: Object 'Object Repository/Home_OR/preview_img' is visible

2018-07-24 15:11:18 - [MESSAGE][PASSED] - Object 'Object Repository/Home_OR/preview_img' is visible

2018-07-24 15:11:18 - [TEST_STEP][PASSED] - verifyElementVisible: Object 'Object Repository/Home_OR/preview_company_name' is visible

2018-07-24 15:11:18 - [MESSAGE][PASSED] - Object 'Object Repository/Home_OR/preview_company_name' is visible

2018-07-24 15:11:18 - [TEST_STEP][PASSED] - Statement - verifyPreviewCompanyName = com.kms.katalon.core.webui.keyword.WebUiBuiltInKeywords.getText(com.kms.katalon.core.testobject.ObjectRepository.findTestObject(Home_OR/preview_company_name)): Text of object 'Object Repository/Home_OR/preview_company_name' is: 'Starbucks Reserve LtdV3wx'

2018-07-24 15:11:18 - [MESSAGE][PASSED] - Text of object 'Object Repository/Home_OR/preview_company_name' is: 'Starbucks Reserve LtdV3wx'

2018-07-24 15:11:18 - [TEST_STEP][PASSED] - verifyMatch: Actual text 'Starbucks Reserve LtdV3wx' and expected text 'Starbucks Reserve LtdV3wx' are matched  using regular expression

2018-07-24 15:11:18 - [MESSAGE][PASSED] - Actual text 'Starbucks Reserve LtdV3wx' and expected text 'Starbucks Reserve LtdV3wx' are matched  using regular expression

2018-07-24 15:11:18 - [TEST_STEP][PASSED] - verifyElementVisible: Object 'Object Repository/Home_OR/preview_campaign_instruction' is visible

2018-07-24 15:11:18 - [MESSAGE][PASSED] - Object 'Object Repository/Home_OR/preview_campaign_instruction' is visible

2018-07-24 15:11:18 - [TEST_STEP][PASSED] - Statement - verifyPreviewCampaignInstruc = com.kms.katalon.core.webui.keyword.WebUiBuiltInKeywords.getText(com.kms.katalon.core.testobject.ObjectRepository.findTestObject(Home_OR/preview_campaign_instruction)): Text of object 'Object Repository/Home_OR/preview_campaign_instruction' is: 'Please subscribe with us and redeem a free coffee. Come join us now!V3wx'

2018-07-24 15:11:18 - [MESSAGE][PASSED] - Text of object 'Object Repository/Home_OR/preview_campaign_instruction' is: 'Please subscribe with us and redeem a free coffee. Come join us now!V3wx'

2018-07-24 15:11:18 - [TEST_STEP][PASSED] - verifyMatch: Actual text 'Please subscribe with us and redeem a free coffee. Come join us now!V3wx' and expected text 'Please subscribe with us and redeem a free coffee. Come join us now!V3wx' are matched 

2018-07-24 15:11:18 - [MESSAGE][PASSED] - Actual text 'Please subscribe with us and redeem a free coffee. Come join us now!V3wx' and expected text 'Please subscribe with us and redeem a free coffee. Come join us now!V3wx' are matched 

2018-07-24 15:11:18 - [TEST_STEP][PASSED] - Statement - verifyEmail = false: null

2018-07-24 15:11:18 - [TEST_STEP][PASSED] - Statement - If (radioEmail.toLowerCase() == "true"): null

2018-07-24 15:11:18 - [TEST_STEP][PASSED] - Statement - verifyEmail = true: null

2018-07-24 15:11:18 - [TEST_STEP][PASSED] - Statement - If (verifyEmail == true): Object 'Object Repository/Home_OR/preview_email' is visible

2018-07-24 15:11:18 - [TEST_STEP][PASSED] - verifyElementVisible: Object 'Object Repository/Home_OR/preview_label_email' is visible

2018-07-24 15:11:18 - [MESSAGE][PASSED] - Object 'Object Repository/Home_OR/preview_label_email' is visible

2018-07-24 15:11:18 - [TEST_STEP][PASSED] - verifyElementVisible: Object 'Object Repository/Home_OR/preview_email' is visible

2018-07-24 15:11:18 - [MESSAGE][PASSED] - Object 'Object Repository/Home_OR/preview_email' is visible

2018-07-24 15:11:18 - [TEST_STEP][PASSED] - Statement - verifyMobileno = false: null

2018-07-24 15:11:18 - [TEST_STEP][PASSED] - Statement - If (radioMobileno.toLowerCase() == "true"): null

2018-07-24 15:11:18 - [TEST_STEP][PASSED] - Statement - Else If (radioMobileno.toLowerCase() == "false"): null

2018-07-24 15:11:18 - [TEST_STEP][PASSED] - Statement - verifyMobileno = false: null

2018-07-24 15:11:18 - [TEST_STEP][PASSED] - Statement - If (verifyMobileno == true): null

2018-07-24 15:11:18 - [TEST_STEP][PASSED] - Statement - Else If (verifyMobileno == false): Object 'Object Repository/Home_OR/preview_mobileno' is NOT visible

2018-07-24 15:11:18 - [TEST_STEP][PASSED] - verifyElementNotVisible: Object 'Object Repository/Home_OR/preview_countrycode' is NOT visible

2018-07-24 15:11:18 - [MESSAGE][PASSED] - Object 'Object Repository/Home_OR/preview_countrycode' is NOT visible

2018-07-24 15:11:18 - [TEST_STEP][PASSED] - verifyElementNotVisible: Object 'Object Repository/Home_OR/preview_mobileno' is NOT visible

2018-07-24 15:11:19 - [MESSAGE][PASSED] - Object 'Object Repository/Home_OR/preview_mobileno' is NOT visible

2018-07-24 15:11:19 - [TEST_STEP][PASSED] - Statement - verifyName = false: null

2018-07-24 15:11:19 - [TEST_STEP][PASSED] - Statement - If (radioName.toLowerCase() == "true"): null

2018-07-24 15:11:19 - [TEST_STEP][PASSED] - Statement - Else If (radioName.toLowerCase() == "false"): null

2018-07-24 15:11:19 - [TEST_STEP][PASSED] - Statement - verifyName = false: null

2018-07-24 15:11:19 - [TEST_STEP][PASSED] - Statement - If (verifyName == true): null

2018-07-24 15:11:19 - [TEST_STEP][PASSED] - Statement - Else If (verifyName == false): Object 'Object Repository/Home_OR/preview_name' is NOT visible

2018-07-24 15:11:19 - [TEST_STEP][PASSED] - verifyElementNotVisible: Object 'Object Repository/Home_OR/preview_label_name' is NOT visible

2018-07-24 15:11:19 - [MESSAGE][PASSED] - Object 'Object Repository/Home_OR/preview_label_name' is NOT visible

2018-07-24 15:11:19 - [TEST_STEP][PASSED] - verifyElementNotVisible: Object 'Object Repository/Home_OR/preview_name' is NOT visible

2018-07-24 15:11:19 - [MESSAGE][PASSED] - Object 'Object Repository/Home_OR/preview_name' is NOT visible

2018-07-24 15:11:19 - [TEST_STEP][PASSED] - Statement - verifyGender = false: null

2018-07-24 15:11:19 - [TEST_STEP][PASSED] - Statement - If (radioGender.toLowerCase() == "true"): null

2018-07-24 15:11:19 - [TEST_STEP][PASSED] - Statement - Else If (radioGender.toLowerCase() == "false"): null

2018-07-24 15:11:19 - [TEST_STEP][PASSED] - Statement - verifyGender = false: null

2018-07-24 15:11:19 - [TEST_STEP][PASSED] - Statement - If (verifyGender == true): null

2018-07-24 15:11:19 - [TEST_STEP][PASSED] - Statement - Else If (verifyGender == false): Object 'Object Repository/Home_OR/preview_gender_female' is NOT visible

2018-07-24 15:11:19 - [TEST_STEP][PASSED] - verifyElementNotVisible: Object 'Object Repository/Home_OR/preview_gender_male' is NOT visible

2018-07-24 15:11:19 - [MESSAGE][PASSED] - Object 'Object Repository/Home_OR/preview_gender_male' is NOT visible

2018-07-24 15:11:19 - [TEST_STEP][PASSED] - verifyElementNotVisible: Object 'Object Repository/Home_OR/preview_gender_female' is NOT visible

2018-07-24 15:11:19 - [MESSAGE][PASSED] - Object 'Object Repository/Home_OR/preview_gender_female' is NOT visible

2018-07-24 15:11:19 - [TEST_STEP][PASSED] - Statement - verifyDOB = false: null

2018-07-24 15:11:19 - [TEST_STEP][PASSED] - Statement - If (radioDOB.toLowerCase() == "true"): null

2018-07-24 15:11:19 - [TEST_STEP][PASSED] - Statement - Else If (radioDOB.toLowerCase() == "false"): null

2018-07-24 15:11:19 - [TEST_STEP][PASSED] - Statement - verifyDOB = false: null

2018-07-24 15:11:19 - [TEST_STEP][PASSED] - Statement - If (verifyDOB == true): null

2018-07-24 15:11:19 - [TEST_STEP][PASSED] - Statement - Else If (verifyDOB == false): Object 'Object Repository/Home_OR/preview_dob' is NOT visible

2018-07-24 15:11:19 - [TEST_STEP][PASSED] - verifyElementNotVisible: Object 'Object Repository/Home_OR/preview_label_dob' is NOT visible

2018-07-24 15:11:19 - [MESSAGE][PASSED] - Object 'Object Repository/Home_OR/preview_label_dob' is NOT visible

2018-07-24 15:11:19 - [TEST_STEP][PASSED] - verifyElementNotVisible: Object 'Object Repository/Home_OR/preview_dob' is NOT visible

2018-07-24 15:11:19 - [MESSAGE][PASSED] - Object 'Object Repository/Home_OR/preview_dob' is NOT visible

2018-07-24 15:11:19 - [TEST_STEP][PASSED] - Statement - currentWindow = com.kms.katalon.core.webui.keyword.WebUiBuiltInKeywords.getWindowIndex(): Current window's index is: 0

2018-07-24 15:11:19 - [MESSAGE][PASSED] - Current window's index is: 0

2018-07-24 15:11:19 - [TEST_STEP][PASSED] - Statement - nextTabIndex = currentWindow + 1: null

2018-07-24 15:11:19 - [TEST_STEP][PASSED] - Statement - If (viewport_width <= 1007): null

2018-07-24 15:11:19 - [TEST_STEP][PASSED] - click: Object: 'Object Repository/Home_OR/button_URL' is clicked on

2018-07-24 15:11:19 - [MESSAGE][PASSED] - Object: 'Object Repository/Home_OR/button_URL' is clicked on

2018-07-24 15:11:19 - [TEST_STEP][PASSED] - waitForElementVisible: Object 'Object Repository/Home_OR/campaign_url' is visible

2018-07-24 15:11:20 - [MESSAGE][PASSED] - Object 'Object Repository/Home_OR/campaign_url' is visible

2018-07-24 15:11:20 - [TEST_STEP][PASSED] - waitForElementVisible: Object 'Object Repository/Home_OR/button_Preview URL' is visible

2018-07-24 15:11:20 - [MESSAGE][PASSED] - Object 'Object Repository/Home_OR/button_Preview URL' is visible

2018-07-24 15:11:20 - [TEST_STEP][PASSED] - click: Object: 'Object Repository/Home_OR/button_Preview URL' is clicked on

2018-07-24 15:11:20 - [MESSAGE][PASSED] - Object: 'Object Repository/Home_OR/button_Preview URL' is clicked on

2018-07-24 15:11:20 - [TEST_STEP][PASSED] - switchToWindowIndex: Switched to window with index: '1'

2018-07-24 15:11:20 - [MESSAGE][PASSED] - Switched to window with index: '1'

2018-07-24 15:11:20 - [TEST_STEP][PASSED] - waitForElementVisible: Object 'Object Repository/Campaign_Subscribe/campaign_img' is visible

2018-07-24 15:11:21 - [MESSAGE][PASSED] - Object 'Object Repository/Campaign_Subscribe/campaign_img' is visible

2018-07-24 15:11:21 - [TEST_STEP][PASSED] - verifyElementVisible: Object 'Object Repository/Campaign_Subscribe/campaign_img' is visible

2018-07-24 15:11:21 - [MESSAGE][PASSED] - Object 'Object Repository/Campaign_Subscribe/campaign_img' is visible

2018-07-24 15:11:21 - [TEST_STEP][PASSED] - verifyElementVisible: Object 'Object Repository/Campaign_Subscribe/company_name' is visible

2018-07-24 15:11:21 - [MESSAGE][PASSED] - Object 'Object Repository/Campaign_Subscribe/company_name' is visible

2018-07-24 15:11:21 - [TEST_STEP][PASSED] - Statement - verifyCompanyName = com.kms.katalon.core.webui.keyword.WebUiBuiltInKeywords.getText(com.kms.katalon.core.testobject.ObjectRepository.findTestObject(Campaign_Subscribe/company_name)): Text of object 'Object Repository/Campaign_Subscribe/company_name' is: 'Starbucks Reserve LtdV3wx'

2018-07-24 15:11:21 - [MESSAGE][PASSED] - Text of object 'Object Repository/Campaign_Subscribe/company_name' is: 'Starbucks Reserve LtdV3wx'

2018-07-24 15:11:21 - [TEST_STEP][PASSED] - verifyMatch: Actual text 'Starbucks Reserve LtdV3wx' and expected text 'Starbucks Reserve LtdV3wx' are matched  using regular expression

2018-07-24 15:11:21 - [MESSAGE][PASSED] - Actual text 'Starbucks Reserve LtdV3wx' and expected text 'Starbucks Reserve LtdV3wx' are matched  using regular expression

2018-07-24 15:11:21 - [TEST_STEP][PASSED] - verifyElementVisible: Object 'Object Repository/Campaign_Subscribe/campaign_instruction' is visible

2018-07-24 15:11:21 - [MESSAGE][PASSED] - Object 'Object Repository/Campaign_Subscribe/campaign_instruction' is visible

2018-07-24 15:11:21 - [TEST_STEP][PASSED] - Statement - verifyCampaignInstruction = com.kms.katalon.core.webui.keyword.WebUiBuiltInKeywords.getText(com.kms.katalon.core.testobject.ObjectRepository.findTestObject(Campaign_Subscribe/campaign_instruction)): Text of object 'Object Repository/Campaign_Subscribe/campaign_instruction' is: 'Please subscribe with us and redeem a free coffee. Come join us now!V3wx'

2018-07-24 15:11:21 - [MESSAGE][PASSED] - Text of object 'Object Repository/Campaign_Subscribe/campaign_instruction' is: 'Please subscribe with us and redeem a free coffee. Come join us now!V3wx'

2018-07-24 15:11:21 - [TEST_STEP][PASSED] - verifyMatch: Actual text 'Please subscribe with us and redeem a free coffee. Come join us now!V3wx' and expected text 'Please subscribe with us and redeem a free coffee. Come join us now!V3wx' are matched  using regular expression

2018-07-24 15:11:21 - [MESSAGE][PASSED] - Actual text 'Please subscribe with us and redeem a free coffee. Come join us now!V3wx' and expected text 'Please subscribe with us and redeem a free coffee. Come join us now!V3wx' are matched  using regular expression

2018-07-24 15:11:21 - [TEST_STEP][PASSED] - Statement - If (verifyEmail == true): Object 'Object Repository/Campaign_Subscribe/input_email' is visible

2018-07-24 15:11:21 - [TEST_STEP][PASSED] - verifyElementVisible: Object 'Object Repository/Campaign_Subscribe/input_email' is visible

2018-07-24 15:11:21 - [MESSAGE][PASSED] - Object 'Object Repository/Campaign_Subscribe/input_email' is visible

2018-07-24 15:11:21 - [TEST_STEP][PASSED] - Statement - If (verifyMobileno == true): null

2018-07-24 15:11:21 - [TEST_STEP][PASSED] - Statement - Else If (verifyMobileno == false): Object 'Object Repository/Campaign_Subscribe/input_mobileno' is NOT visible

2018-07-24 15:11:21 - [TEST_STEP][PASSED] - verifyElementNotVisible: Object 'Object Repository/Campaign_Subscribe/country_code' is NOT visible

2018-07-24 15:11:21 - [MESSAGE][PASSED] - Object 'Object Repository/Campaign_Subscribe/country_code' is NOT visible

2018-07-24 15:11:21 - [TEST_STEP][PASSED] - verifyElementNotVisible: Object 'Object Repository/Campaign_Subscribe/input_mobileno' is NOT visible

2018-07-24 15:11:21 - [MESSAGE][PASSED] - Object 'Object Repository/Campaign_Subscribe/input_mobileno' is NOT visible

2018-07-24 15:11:21 - [TEST_STEP][PASSED] - Statement - If (verifyName == true): null

2018-07-24 15:11:21 - [TEST_STEP][PASSED] - Statement - Else If (verifyName == false): Object 'Object Repository/Campaign_Subscribe/input_name' is NOT visible

2018-07-24 15:11:21 - [TEST_STEP][PASSED] - verifyElementNotVisible: Object 'Object Repository/Campaign_Subscribe/input_name' is NOT visible

2018-07-24 15:11:21 - [MESSAGE][PASSED] - Object 'Object Repository/Campaign_Subscribe/input_name' is NOT visible

2018-07-24 15:11:21 - [TEST_STEP][PASSED] - Statement - If (verifyGender == true): null

2018-07-24 15:11:21 - [TEST_STEP][PASSED] - Statement - Else If (verifyGender == false): Object 'Object Repository/Campaign_Subscribe/radio_female' is NOT visible

2018-07-24 15:11:21 - [TEST_STEP][PASSED] - verifyElementNotVisible: Object 'Object Repository/Campaign_Subscribe/radio_male' is NOT visible

2018-07-24 15:11:21 - [MESSAGE][PASSED] - Object 'Object Repository/Campaign_Subscribe/radio_male' is NOT visible

2018-07-24 15:11:21 - [TEST_STEP][PASSED] - verifyElementNotVisible: Object 'Object Repository/Campaign_Subscribe/radio_female' is NOT visible

2018-07-24 15:11:21 - [MESSAGE][PASSED] - Object 'Object Repository/Campaign_Subscribe/radio_female' is NOT visible

2018-07-24 15:11:21 - [TEST_STEP][PASSED] - Statement - If (verifyDOB == true): null

2018-07-24 15:11:21 - [TEST_STEP][PASSED] - Statement - Else If (verifyDOB == false): Object 'Object Repository/Campaign_Subscribe/input_dob' is NOT visible

2018-07-24 15:11:21 - [TEST_STEP][PASSED] - verifyElementNotVisible: Object 'Object Repository/Campaign_Subscribe/input_dob' is NOT visible

2018-07-24 15:11:21 - [MESSAGE][PASSED] - Object 'Object Repository/Campaign_Subscribe/input_dob' is NOT visible

2018-07-24 15:11:21 - [TEST_STEP][PASSED] - closeWindowIndex: Window with index 1 is closed

2018-07-24 15:11:21 - [MESSAGE][PASSED] - Window with index 1 is closed

2018-07-24 15:11:21 - [TEST_STEP][PASSED] - switchToWindowIndex: Switched to window with index: '0'

2018-07-24 15:11:21 - [MESSAGE][PASSED] - Switched to window with index: '0'

2018-07-24 15:11:21 - [TEST_STEP][PASSED] - scrollToElement: Scroll to object 'Object Repository/Home_OR/button_Close' successfully

2018-07-24 15:11:22 - [MESSAGE][PASSED] - Scroll to object 'Object Repository/Home_OR/button_Close' successfully

2018-07-24 15:11:22 - [TEST_STEP][PASSED] - click: Object: 'Object Repository/Home_OR/button_Close' is clicked on

2018-07-24 15:11:22 - [MESSAGE][PASSED] - Object: 'Object Repository/Home_OR/button_Close' is clicked on

2018-07-24 15:11:22 - [TEST_STEP][PASSED] - Statement - accessModule = false: null

2018-07-24 15:11:22 - [MESSAGE][PASSED] - Call Test Case 'Test Cases/Merchant Portal/Campaign/Campagin Modules/verify campaign' successfully]]></system-out>
         <system-err><![CDATA[]]></system-err>
      </testcase>
      <testcase name="Test Cases/Merchant Portal/Campaign/TC001 Campaign - verify all case" classname="Test Cases/Merchant Portal/Campaign/TC001 Campaign - verify all case" status="PASSED">
         <system-out><![CDATA[2018-07-24 15:11:22 - [TEST_CASE][PASSED] - Test Cases/Merchant Portal/Campaign/TC001 Campaign - verify all case: Test Cases/Merchant Portal/Campaign/TC001 Campaign - verify all case

2018-07-24 15:11:22 - [TEST_STEP][PASSED] - Statement - randomWords = CustomKeywords.randomWords.GenerateNumber.randomString(4): randomWords.GenerateNumber.randomString is PASSED

2018-07-24 15:11:22 - [MESSAGE][PASSED] - randomWords.GenerateNumber.randomString is PASSED

2018-07-24 15:11:22 - [TEST_STEP][PASSED] - Statement - If (companyName.trim() != ""): null

2018-07-24 15:11:22 - [TEST_STEP][PASSED] - Statement - companyName = companyName + randomWords: null

2018-07-24 15:11:22 - [TEST_STEP][PASSED] - Statement - If (campaignInstruc.trim() != ""): null

2018-07-24 15:11:22 - [TEST_STEP][PASSED] - Statement - campaignInstruc = campaignInstruc + randomWords: null

2018-07-24 15:11:22 - [TEST_STEP][PASSED] - Statement - If (emailSender.trim() != ""): null

2018-07-24 15:11:22 - [TEST_STEP][PASSED] - Statement - email = emailSender: null

2018-07-24 15:11:22 - [TEST_STEP][PASSED] - Statement - splitEmail = email.split("@"): null

2018-07-24 15:11:22 - [TEST_STEP][PASSED] - Statement - numb = length: null

2018-07-24 15:11:22 - [TEST_STEP][PASSED] - Statement - If (numb > 1): null

2018-07-24 15:11:22 - [TEST_STEP][PASSED] - Statement - emailSender = splitEmail[0] + randomWords + "@" + splitEmail[1]: null

2018-07-24 15:11:22 - [TEST_STEP][PASSED] - Statement - If (emailSubject.trim() != ""): null

2018-07-24 15:11:22 - [TEST_STEP][PASSED] - Statement - emailSubject = emailSubject + randomWords: null

2018-07-24 15:11:22 - [TEST_STEP][PASSED] - Statement - If (emailContent.trim() != ""): null

2018-07-24 15:11:22 - [TEST_STEP][PASSED] - Statement - emailContent = emailContent + randomWords: null

2018-07-24 15:11:22 - [TEST_STEP][PASSED] - callTestCase: Call Test Case 'Test Cases/Merchant Portal/Campaign/Campagin Modules/create campaign' successfully

2018-07-24 15:11:22 - [TEST_CASE][PASSED] - Test Cases/Merchant Portal/Campaign/Campagin Modules/create campaign: Test Cases/Merchant Portal/Campaign/Campagin Modules/create campaign

2018-07-24 15:11:22 - [TEST_STEP][PASSED] - Statement - osName = "": null

2018-07-24 15:11:22 - [TEST_STEP][PASSED] - Statement - osName = CustomKeywords.os.DetectOS.getOperatingSystem(osName): os.DetectOS.getOperatingSystem is PASSED

2018-07-24 15:11:22 - [MESSAGE][PASSED] - os.DetectOS.getOperatingSystem is PASSED

2018-07-24 15:11:22 - [TEST_STEP][PASSED] - Statement - splitString = osName.split(): null

2018-07-24 15:11:22 - [TEST_STEP][PASSED] - Statement - os = splitString[0].toString(): null

2018-07-24 15:11:22 - [TEST_STEP][PASSED] - Statement - If (loggedin == false): null

2018-07-24 15:11:22 - [TEST_STEP][PASSED] - Statement - If (accessModule == false): Call Test Case 'Test Cases/Merchant Portal/Module Access/Campaign' successfully

2018-07-24 15:11:22 - [TEST_STEP][PASSED] - callTestCase: Call Test Case 'Test Cases/Merchant Portal/Module Access/Campaign' successfully

2018-07-24 15:11:22 - [TEST_CASE][PASSED] - Test Cases/Merchant Portal/Module Access/Campaign: Test Cases/Merchant Portal/Module Access/Campaign

2018-07-24 15:11:22 - [TEST_STEP][PASSED] - Statement - If (viewport_width <= 1007): null

2018-07-24 15:11:22 - [TEST_STEP][PASSED] - click: Object: 'Object Repository/Campaign_OR/campaign_link_sidebar' is clicked on

2018-07-24 15:11:22 - [MESSAGE][PASSED] - Object: 'Object Repository/Campaign_OR/campaign_link_sidebar' is clicked on

2018-07-24 15:11:22 - [TEST_STEP][PASSED] - Statement - If (viewport_width <= 1007): null

2018-07-24 15:11:22 - [TEST_STEP][PASSED] - Statement - accessModule = true: null

2018-07-24 15:11:22 - [MESSAGE][PASSED] - Call Test Case 'Test Cases/Merchant Portal/Module Access/Campaign' successfully

2018-07-24 15:11:22 - [TEST_STEP][PASSED] - delay: Delayed 5 second(s)

2018-07-24 15:11:27 - [MESSAGE][PASSED] - Delayed 5 second(s)

2018-07-24 15:11:27 - [TEST_STEP][PASSED] - setText: Text 'Starbucks Reserve Ltduksx' is set on object 'Object Repository/Campaign_OR/Fields/a.input_company_name'

2018-07-24 15:11:27 - [MESSAGE][PASSED] - Text 'Starbucks Reserve Ltduksx' is set on object 'Object Repository/Campaign_OR/Fields/a.input_company_name'

2018-07-24 15:11:27 - [TEST_STEP][PASSED] - setText: Text 'Please subscribe with us and redeem a free coffee. Come join us now!uksx' is set on object 'Object Repository/Campaign_OR/Fields/b.textarea_campaign_instruction'

2018-07-24 15:11:28 - [MESSAGE][PASSED] - Text 'Please subscribe with us and redeem a free coffee. Come join us now!uksx' is set on object 'Object Repository/Campaign_OR/Fields/b.textarea_campaign_instruction'

2018-07-24 15:11:28 - [TEST_STEP][PASSED] - Statement - verifyEmail = false: null

2018-07-24 15:11:28 - [TEST_STEP][PASSED] - Statement - If (radioEmail.toLowerCase() == "true"): null

2018-07-24 15:11:28 - [TEST_STEP][PASSED] - Statement - verifyEmail = true: null

2018-07-24 15:11:28 - [TEST_STEP][PASSED] - Statement - If (verifyEmail == true): Object 'Object Repository/Campaign_OR/input_email' is visible

2018-07-24 15:11:28 - [TEST_STEP][PASSED] - Statement - If (com.kms.katalon.core.webui.keyword.WebUiBuiltInKeywords.verifyElementNotChecked(com.kms.katalon.core.testobject.ObjectRepository.findTestObject(Campaign_OR/Fields/c.checkbox_email), 1, OPTIONAL)): Object 'Object Repository/Campaign_OR/Fields/c.checkbox_email' is checked

2018-07-24 15:11:28 - [MESSAGE][WARNING] - Object 'Object Repository/Campaign_OR/Fields/c.checkbox_email' is checked
[[ATTACHMENT|C:\\Users\\kl.chan\\Katalon Studio\\boldreward\\Reports\\TS_Create_Campaign\\TS002 Edit Campaign with negative testing\\20180724_145748\\1532416288085.png]]

2018-07-24 15:11:28 - [TEST_STEP][PASSED] - Statement - Else: Object 'Object Repository/Campaign_OR/input_email' is visible

2018-07-24 15:11:28 - [TEST_STEP][PASSED] - verifyElementVisible: Object 'Object Repository/Campaign_OR/input_email' is visible

2018-07-24 15:11:28 - [MESSAGE][PASSED] - Object 'Object Repository/Campaign_OR/input_email' is visible

2018-07-24 15:11:28 - [TEST_STEP][PASSED] - Statement - verifyMobileno = false: null

2018-07-24 15:11:28 - [TEST_STEP][PASSED] - Statement - If (radioMobileno.toLowerCase() == "true"): null

2018-07-24 15:11:28 - [TEST_STEP][PASSED] - Statement - verifyMobileno = true: null

2018-07-24 15:11:28 - [TEST_STEP][PASSED] - Statement - If (verifyMobileno == true): Object 'Object Repository/Campaign_OR/input_mobileno' is visible

2018-07-24 15:11:28 - [TEST_STEP][PASSED] - Statement - If (com.kms.katalon.core.webui.keyword.WebUiBuiltInKeywords.verifyElementNotChecked(com.kms.katalon.core.testobject.ObjectRepository.findTestObject(Campaign_OR/Fields/d.checkbox_mobile_number), 1, OPTIONAL)): Object 'Object Repository/Campaign_OR/input_mobileno' is visible

2018-07-24 15:11:28 - [MESSAGE][PASSED] - Object 'Object Repository/Campaign_OR/Fields/d.checkbox_mobile_number' is not checked

2018-07-24 15:11:28 - [TEST_STEP][PASSED] - delay: Delayed 1 second(s)

2018-07-24 15:11:29 - [MESSAGE][PASSED] - Delayed 1 second(s)

2018-07-24 15:11:29 - [TEST_STEP][PASSED] - click: Object: 'Object Repository/Campaign_OR/Fields/d.checkbox_mobile_number' is clicked on

2018-07-24 15:11:29 - [MESSAGE][PASSED] - Object: 'Object Repository/Campaign_OR/Fields/d.checkbox_mobile_number' is clicked on

2018-07-24 15:11:29 - [TEST_STEP][PASSED] - verifyElementVisible: Object 'Object Repository/Campaign_OR/input_mobileno' is visible

2018-07-24 15:11:29 - [MESSAGE][PASSED] - Object 'Object Repository/Campaign_OR/input_mobileno' is visible

2018-07-24 15:11:29 - [TEST_STEP][PASSED] - Statement - verifyName = false: null

2018-07-24 15:11:29 - [TEST_STEP][PASSED] - Statement - If (radioName.toLowerCase() == "true"): null

2018-07-24 15:11:29 - [TEST_STEP][PASSED] - Statement - verifyName = true: null

2018-07-24 15:11:29 - [TEST_STEP][PASSED] - Statement - If (verifyName == true): Object 'Object Repository/Campaign_OR/input_name' is visible

2018-07-24 15:11:29 - [TEST_STEP][PASSED] - Statement - If (com.kms.katalon.core.webui.keyword.WebUiBuiltInKeywords.verifyElementNotChecked(com.kms.katalon.core.testobject.ObjectRepository.findTestObject(Campaign_OR/Fields/e.checkbox_name), 1, OPTIONAL)): Object 'Object Repository/Campaign_OR/input_name' is visible

2018-07-24 15:11:29 - [MESSAGE][PASSED] - Object 'Object Repository/Campaign_OR/Fields/e.checkbox_name' is not checked

2018-07-24 15:11:29 - [TEST_STEP][PASSED] - delay: Delayed 1 second(s)

2018-07-24 15:11:30 - [MESSAGE][PASSED] - Delayed 1 second(s)

2018-07-24 15:11:30 - [TEST_STEP][PASSED] - click: Object: 'Object Repository/Campaign_OR/Fields/e.checkbox_name' is clicked on

2018-07-24 15:11:30 - [MESSAGE][PASSED] - Object: 'Object Repository/Campaign_OR/Fields/e.checkbox_name' is clicked on

2018-07-24 15:11:30 - [TEST_STEP][PASSED] - verifyElementVisible: Object 'Object Repository/Campaign_OR/input_name' is visible

2018-07-24 15:11:30 - [MESSAGE][PASSED] - Object 'Object Repository/Campaign_OR/input_name' is visible

2018-07-24 15:11:30 - [TEST_STEP][PASSED] - Statement - verifyGender = false: null

2018-07-24 15:11:30 - [TEST_STEP][PASSED] - Statement - If (radioGender.toLowerCase() == "true"): null

2018-07-24 15:11:30 - [TEST_STEP][PASSED] - Statement - verifyGender = true: null

2018-07-24 15:11:30 - [TEST_STEP][PASSED] - Statement - If (verifyGender == true): Object 'Object Repository/Campaign_OR/label_Female' is visible

2018-07-24 15:11:30 - [TEST_STEP][PASSED] - Statement - If (com.kms.katalon.core.webui.keyword.WebUiBuiltInKeywords.verifyElementNotChecked(com.kms.katalon.core.testobject.ObjectRepository.findTestObject(Campaign_OR/Fields/f.checkbox_gender), 1, OPTIONAL)): Object 'Object Repository/Campaign_OR/label_Female' is visible

2018-07-24 15:11:30 - [MESSAGE][PASSED] - Object 'Object Repository/Campaign_OR/Fields/f.checkbox_gender' is not checked

2018-07-24 15:11:30 - [TEST_STEP][PASSED] - delay: Delayed 1 second(s)

2018-07-24 15:11:31 - [MESSAGE][PASSED] - Delayed 1 second(s)

2018-07-24 15:11:31 - [TEST_STEP][PASSED] - click: Object: 'Object Repository/Campaign_OR/Fields/f.checkbox_gender' is clicked on

2018-07-24 15:11:31 - [MESSAGE][PASSED] - Object: 'Object Repository/Campaign_OR/Fields/f.checkbox_gender' is clicked on

2018-07-24 15:11:31 - [TEST_STEP][PASSED] - verifyElementVisible: Object 'Object Repository/Campaign_OR/label_Male' is visible

2018-07-24 15:11:31 - [MESSAGE][PASSED] - Object 'Object Repository/Campaign_OR/label_Male' is visible

2018-07-24 15:11:31 - [TEST_STEP][PASSED] - verifyElementVisible: Object 'Object Repository/Campaign_OR/label_Female' is visible

2018-07-24 15:11:31 - [MESSAGE][PASSED] - Object 'Object Repository/Campaign_OR/label_Female' is visible

2018-07-24 15:11:31 - [TEST_STEP][PASSED] - Statement - verifyDOB = false: null

2018-07-24 15:11:31 - [TEST_STEP][PASSED] - Statement - If (radioDOB.toLowerCase() == "true"): null

2018-07-24 15:11:31 - [TEST_STEP][PASSED] - Statement - verifyDOB = true: null

2018-07-24 15:11:31 - [TEST_STEP][PASSED] - Statement - If (verifyDOB == true): Object 'Object Repository/Campaign_OR/input_datepicker' is visible

2018-07-24 15:11:31 - [TEST_STEP][PASSED] - Statement - If (com.kms.katalon.core.webui.keyword.WebUiBuiltInKeywords.verifyElementNotChecked(com.kms.katalon.core.testobject.ObjectRepository.findTestObject(Campaign_OR/Fields/g.checkbox_dob), 1, OPTIONAL)): Object 'Object Repository/Campaign_OR/input_datepicker' is visible

2018-07-24 15:11:31 - [MESSAGE][PASSED] - Object 'Object Repository/Campaign_OR/Fields/g.checkbox_dob' is not checked

2018-07-24 15:11:31 - [TEST_STEP][PASSED] - delay: Delayed 1 second(s)

2018-07-24 15:11:32 - [MESSAGE][PASSED] - Delayed 1 second(s)

2018-07-24 15:11:32 - [TEST_STEP][PASSED] - click: Object: 'Object Repository/Campaign_OR/Fields/g.checkbox_dob' is clicked on

2018-07-24 15:11:32 - [MESSAGE][PASSED] - Object: 'Object Repository/Campaign_OR/Fields/g.checkbox_dob' is clicked on

2018-07-24 15:11:32 - [TEST_STEP][PASSED] - verifyElementVisible: Object 'Object Repository/Campaign_OR/input_datepicker' is visible

2018-07-24 15:11:32 - [MESSAGE][PASSED] - Object 'Object Repository/Campaign_OR/input_datepicker' is visible

2018-07-24 15:11:32 - [TEST_STEP][PASSED] - Statement - filepath = "": null

2018-07-24 15:11:32 - [TEST_STEP][PASSED] - Statement - If (os == "Windows"): null

2018-07-24 15:11:32 - [TEST_STEP][PASSED] - Statement - filepath = campaignImagePath: null

2018-07-24 15:11:32 - [TEST_STEP][PASSED] - Statement - verifyImgName = "": null

2018-07-24 15:11:32 - [TEST_STEP][PASSED] - Statement - uploadedImg = false: null

2018-07-24 15:11:32 - [TEST_STEP][PASSED] - Statement - If (filepath.trim() != "" && campaignImage.trim() != ""): null

2018-07-24 15:11:32 - [TEST_STEP][PASSED] - sendKeys: Keys 'C:\Users\kl.chan\Katalon Studio\boldreward\Images\Campaign Image\Starbucks_banner.png' sent to object: 'Object Repository/Campaign_OR/Fields/h.button_campaign_image_1'

2018-07-24 15:11:32 - [MESSAGE][PASSED] - Keys 'C:\Users\kl.chan\Katalon Studio\boldreward\Images\Campaign Image\Starbucks_banner.png' sent to object: 'Object Repository/Campaign_OR/Fields/h.button_campaign_image_1'

2018-07-24 15:11:32 - [TEST_STEP][PASSED] - delay: Delayed 1 second(s)

2018-07-24 15:11:33 - [MESSAGE][PASSED] - Delayed 1 second(s)

2018-07-24 15:11:33 - [TEST_STEP][PASSED] - Statement - If (com.kms.katalon.core.webui.keyword.WebUiBuiltInKeywords.waitForElementVisible(com.kms.katalon.core.testobject.ObjectRepository.findTestObject(Campaign_OR/uploadedCampaignImg), 30)): null

2018-07-24 15:11:34 - [MESSAGE][PASSED] - Object 'Object Repository/Campaign_OR/uploadedCampaignImg' is visible

2018-07-24 15:11:34 - [TEST_STEP][PASSED] - Statement - verifyImgName = com.kms.katalon.core.webui.keyword.WebUiBuiltInKeywords.getText(com.kms.katalon.core.testobject.ObjectRepository.findTestObject(Campaign_OR/uploadedCampaignImg)): Text of object 'Object Repository/Campaign_OR/uploadedCampaignImg' is: 'Starbucks_banner.png'

2018-07-24 15:11:34 - [MESSAGE][PASSED] - Text of object 'Object Repository/Campaign_OR/uploadedCampaignImg' is: 'Starbucks_banner.png'

2018-07-24 15:11:34 - [TEST_STEP][PASSED] - Statement - If (verifyImgName.equals(campaignImage) == true): null

2018-07-24 15:11:34 - [TEST_STEP][PASSED] - Statement - uploadedImg = true: null

2018-07-24 15:11:34 - [TEST_STEP][PASSED] - setText: Text 'http://www.starbucks.com.my/' is set on object 'Object Repository/Campaign_OR/Fields/i.k.input_tnc'

2018-07-24 15:11:34 - [MESSAGE][PASSED] - Text 'http://www.starbucks.com.my/' is set on object 'Object Repository/Campaign_OR/Fields/i.k.input_tnc'

2018-07-24 15:11:34 - [TEST_STEP][PASSED] - setText: Text 'kl.chanuksx@macrokiosk.com' is set on object 'Object Repository/Campaign_OR/Fields/j.input_sender'

2018-07-24 15:11:34 - [MESSAGE][PASSED] - Text 'kl.chanuksx@macrokiosk.com' is set on object 'Object Repository/Campaign_OR/Fields/j.input_sender'

2018-07-24 15:11:34 - [TEST_STEP][PASSED] - setText: Text 'Starbucks Reserve @ SITuksx' is set on object 'Object Repository/Campaign_OR/Fields/k.input_subject'

2018-07-24 15:11:34 - [MESSAGE][PASSED] - Text 'Starbucks Reserve @ SITuksx' is set on object 'Object Repository/Campaign_OR/Fields/k.input_subject'

2018-07-24 15:11:34 - [TEST_STEP][PASSED] - setText: Text 'Hello User, Welcome to our Starbucks Reserve @ SIT. Come subscribe with us and redeem more rewards.uksx' is set on object 'Object Repository/Campaign_OR/Fields/l.textarea_content'

2018-07-24 15:11:35 - [MESSAGE][PASSED] - Text 'Hello User, Welcome to our Starbucks Reserve @ SIT. Come subscribe with us and redeem more rewards.uksx' is set on object 'Object Repository/Campaign_OR/Fields/l.textarea_content'

2018-07-24 15:11:35 - [TEST_STEP][PASSED] - Statement - filepath = "": null

2018-07-24 15:11:35 - [TEST_STEP][PASSED] - Statement - If (os == "Windows"): null

2018-07-24 15:11:35 - [TEST_STEP][PASSED] - Statement - filepath = companyLogoPath: null

2018-07-24 15:11:35 - [TEST_STEP][PASSED] - Statement - verifyImgName = "": null

2018-07-24 15:11:35 - [TEST_STEP][PASSED] - Statement - uploadedImg = false: null

2018-07-24 15:11:35 - [TEST_STEP][PASSED] - Statement - reuploadCount = 0: null

2018-07-24 15:11:35 - [TEST_STEP][PASSED] - Statement - If (filepath.trim() != "" && companyLogo.trim() != ""): null

2018-07-24 15:11:35 - [TEST_STEP][PASSED] - sendKeys: Keys 'C:\Users\kl.chan\Katalon Studio\boldreward\Images\Company Logo\adidaslogo.png' sent to object: 'Object Repository/Campaign_OR/Fields/m.button_company_logo_1'

2018-07-24 15:11:35 - [MESSAGE][PASSED] - Keys 'C:\Users\kl.chan\Katalon Studio\boldreward\Images\Company Logo\adidaslogo.png' sent to object: 'Object Repository/Campaign_OR/Fields/m.button_company_logo_1'

2018-07-24 15:11:35 - [TEST_STEP][PASSED] - delay: Delayed 1 second(s)

2018-07-24 15:11:36 - [MESSAGE][PASSED] - Delayed 1 second(s)

2018-07-24 15:11:36 - [TEST_STEP][PASSED] - Statement - If (com.kms.katalon.core.webui.keyword.WebUiBuiltInKeywords.waitForElementVisible(com.kms.katalon.core.testobject.ObjectRepository.findTestObject(Campaign_OR/uploadedCompanyLogo), 30)): null

2018-07-24 15:11:36 - [MESSAGE][PASSED] - Object 'Object Repository/Campaign_OR/uploadedCompanyLogo' is visible

2018-07-24 15:11:36 - [TEST_STEP][PASSED] - Statement - verifyImgName = com.kms.katalon.core.webui.keyword.WebUiBuiltInKeywords.getText(com.kms.katalon.core.testobject.ObjectRepository.findTestObject(Campaign_OR/uploadedCompanyLogo)): Text of object 'Object Repository/Campaign_OR/uploadedCompanyLogo' is: 'adidaslogo.png'

2018-07-24 15:11:36 - [MESSAGE][PASSED] - Text of object 'Object Repository/Campaign_OR/uploadedCompanyLogo' is: 'adidaslogo.png'

2018-07-24 15:11:36 - [TEST_STEP][PASSED] - Statement - If (verifyImgName.equals(companyLogo) == true): null

2018-07-24 15:11:36 - [TEST_STEP][PASSED] - Statement - uploadedImg = true: null

2018-07-24 15:11:36 - [TEST_STEP][PASSED] - Statement - If (rewardCode == true): null

2018-07-24 15:11:36 - [TEST_STEP][PASSED] - Statement - Else If (rewardCode == false): Object: 'Object Repository/Campaign_OR/Fields/n.label_No' is clicked on

2018-07-24 15:11:36 - [TEST_STEP][PASSED] - click: Object: 'Object Repository/Campaign_OR/Fields/n.label_No' is clicked on

2018-07-24 15:11:36 - [MESSAGE][PASSED] - Object: 'Object Repository/Campaign_OR/Fields/n.label_No' is clicked on

2018-07-24 15:11:36 - [TEST_STEP][PASSED] - verifyElementChecked: Object 'Object Repository/Campaign_OR/Fields/radio_No' is checked

2018-07-24 15:11:36 - [MESSAGE][PASSED] - Object 'Object Repository/Campaign_OR/Fields/radio_No' is checked

2018-07-24 15:11:36 - [TEST_STEP][PASSED] - verifyElementChecked: Object 'Object Repository/Campaign_OR/Fields/radio_Yes' is not checked

2018-07-24 15:11:36 - [MESSAGE][WARNING] - Object 'Object Repository/Campaign_OR/Fields/radio_Yes' is not checked
[[ATTACHMENT|C:\\Users\\kl.chan\\Katalon Studio\\boldreward\\Reports\\TS_Create_Campaign\\TS002 Edit Campaign with negative testing\\20180724_145748\\1532416296471.png]]

2018-07-24 15:11:36 - [TEST_STEP][PASSED] - click: Object: 'Object Repository/Campaign_OR/button_Save' is clicked on

2018-07-24 15:11:36 - [MESSAGE][PASSED] - Object: 'Object Repository/Campaign_OR/button_Save' is clicked on

2018-07-24 15:11:36 - [TEST_STEP][PASSED] - delay: Delayed 2 second(s)

2018-07-24 15:11:38 - [MESSAGE][PASSED] - Delayed 2 second(s)

2018-07-24 15:11:38 - [MESSAGE][PASSED] - Call Test Case 'Test Cases/Merchant Portal/Campaign/Campagin Modules/create campaign' successfully

2018-07-24 15:11:38 - [TEST_STEP][PASSED] - Statement - updateFailed = false: null

2018-07-24 15:11:38 - [TEST_STEP][PASSED] - Statement - If (com.kms.katalon.core.webui.keyword.WebUiBuiltInKeywords.waitForElementVisible(com.kms.katalon.core.testobject.ObjectRepository.findTestObject(a.Not_Assigned_OR/alert_msg_top), 3)): Object 'Object Repository/a.Not_Assigned_OR/alert_msg_top' is not visible after 3 second(s)

2018-07-24 15:11:41 - [MESSAGE][WARNING] - Object 'Object Repository/a.Not_Assigned_OR/alert_msg_top' is not visible after 3 second(s)

2018-07-24 15:11:41 - [TEST_STEP][PASSED] - Statement - updateSuccess = false: null

2018-07-24 15:11:41 - [TEST_STEP][PASSED] - Statement - If (com.kms.katalon.core.webui.keyword.WebUiBuiltInKeywords.waitForElementVisible(com.kms.katalon.core.testobject.ObjectRepository.findTestObject(Campaign_OR/Error Message/msg_edit_success), 3)): null

2018-07-24 15:11:42 - [MESSAGE][PASSED] - Object 'Object Repository/Campaign_OR/Error Message/msg_edit_success' is visible

2018-07-24 15:11:42 - [TEST_STEP][PASSED] - Statement - verifyUpdateMsg = com.kms.katalon.core.webui.keyword.WebUiBuiltInKeywords.getText(com.kms.katalon.core.testobject.ObjectRepository.findTestObject(Campaign_OR/Error Message/msg_edit_success)): Text of object 'Object Repository/Campaign_OR/Error Message/msg_edit_success' is: 'Campaign is updated successfully.'

2018-07-24 15:11:42 - [MESSAGE][PASSED] - Text of object 'Object Repository/Campaign_OR/Error Message/msg_edit_success' is: 'Campaign is updated successfully.'

2018-07-24 15:11:42 - [TEST_STEP][PASSED] - Statement - If (verifyUpdateMsg.equals(msg_success_update) == true): null

2018-07-24 15:11:42 - [TEST_STEP][PASSED] - Statement - updateSuccess = true: null

2018-07-24 15:11:42 - [TEST_STEP][PASSED] - Statement - createSuccess = false: null

2018-07-24 15:11:42 - [TEST_STEP][PASSED] - Statement - If (com.kms.katalon.core.webui.keyword.WebUiBuiltInKeywords.waitForElementVisible(com.kms.katalon.core.testobject.ObjectRepository.findTestObject(Home_OR/label_home), 3)): Web element with id: 'Object Repository/Home_OR/label_home' located by 'By.xpath: id("wrapper")/div[@class="content-page"]/div[@class="content"]/div[@class="ng-scope"]/div[@class="ng-scope"]/div[@class="page-heading"]/h1[1][count(. | //h1[(text() = ' Home' or . = ' Home')]) = count(//h1[(text() = ' Home' or . = ' Home')])]' not found

2018-07-24 15:11:46 - [MESSAGE][WARNING] - Web element with id: 'Object Repository/Home_OR/label_home' located by 'By.xpath: id("wrapper")/div[@class="content-page"]/div[@class="content"]/div[@class="ng-scope"]/div[@class="ng-scope"]/div[@class="page-heading"]/h1[1][count(. | //h1[(text() = ' Home' or . = ' Home')]) = count(//h1[(text() = ' Home' or . = ' Home')])]' not found

2018-07-24 15:11:46 - [TEST_STEP][PASSED] - Statement - If (updateSuccess == true): Call Test Case 'Test Cases/Merchant Portal/Campaign/Campagin Modules/verify campaign' successfully

2018-07-24 15:11:46 - [TEST_STEP][PASSED] - callTestCase: Call Test Case 'Test Cases/Merchant Portal/Module Access/Home' successfully

2018-07-24 15:11:46 - [TEST_CASE][PASSED] - Test Cases/Merchant Portal/Module Access/Home: Test Cases/Merchant Portal/Module Access/Home

2018-07-24 15:11:46 - [TEST_STEP][PASSED] - Statement - If (viewport_width <= 1007): null

2018-07-24 15:11:46 - [TEST_STEP][PASSED] - click: Object: 'Object Repository/Home_OR/home_link_sidebar' is clicked on

2018-07-24 15:11:46 - [MESSAGE][PASSED] - Object: 'Object Repository/Home_OR/home_link_sidebar' is clicked on

2018-07-24 15:11:46 - [TEST_STEP][PASSED] - Statement - If (viewport_width <= 1007): null

2018-07-24 15:11:46 - [TEST_STEP][PASSED] - Statement - accessModule = true: null

2018-07-24 15:11:46 - [MESSAGE][PASSED] - Call Test Case 'Test Cases/Merchant Portal/Module Access/Home' successfully

2018-07-24 15:11:46 - [TEST_STEP][PASSED] - delay: Delayed 2 second(s)

2018-07-24 15:11:48 - [MESSAGE][PASSED] - Delayed 2 second(s)

2018-07-24 15:11:48 - [TEST_STEP][PASSED] - callTestCase: Call Test Case 'Test Cases/Merchant Portal/Campaign/Campagin Modules/verify campaign' successfully

2018-07-24 15:11:48 - [TEST_CASE][PASSED] - Test Cases/Merchant Portal/Campaign/Campagin Modules/verify campaign: Test Cases/Merchant Portal/Campaign/Campagin Modules/verify campaign

2018-07-24 15:11:48 - [TEST_STEP][PASSED] - verifyElementNotVisible: Object 'Object Repository/Home_OR/msg_campaign_banner' is NOT visible

2018-07-24 15:11:48 - [MESSAGE][PASSED] - Object 'Object Repository/Home_OR/msg_campaign_banner' is NOT visible

2018-07-24 15:11:48 - [TEST_STEP][PASSED] - waitForElementVisible: Object 'Object Repository/Home_OR/preview_img' is visible

2018-07-24 15:11:49 - [MESSAGE][PASSED] - Object 'Object Repository/Home_OR/preview_img' is visible

2018-07-24 15:11:49 - [TEST_STEP][PASSED] - verifyElementVisible: Object 'Object Repository/Home_OR/preview_img' is visible

2018-07-24 15:11:49 - [MESSAGE][PASSED] - Object 'Object Repository/Home_OR/preview_img' is visible

2018-07-24 15:11:49 - [TEST_STEP][PASSED] - verifyElementVisible: Object 'Object Repository/Home_OR/preview_company_name' is visible

2018-07-24 15:11:49 - [MESSAGE][PASSED] - Object 'Object Repository/Home_OR/preview_company_name' is visible

2018-07-24 15:11:49 - [TEST_STEP][PASSED] - Statement - verifyPreviewCompanyName = com.kms.katalon.core.webui.keyword.WebUiBuiltInKeywords.getText(com.kms.katalon.core.testobject.ObjectRepository.findTestObject(Home_OR/preview_company_name)): Text of object 'Object Repository/Home_OR/preview_company_name' is: 'Starbucks Reserve Ltduksx'

2018-07-24 15:11:49 - [MESSAGE][PASSED] - Text of object 'Object Repository/Home_OR/preview_company_name' is: 'Starbucks Reserve Ltduksx'

2018-07-24 15:11:49 - [TEST_STEP][PASSED] - verifyMatch: Actual text 'Starbucks Reserve Ltduksx' and expected text 'Starbucks Reserve Ltduksx' are matched  using regular expression

2018-07-24 15:11:49 - [MESSAGE][PASSED] - Actual text 'Starbucks Reserve Ltduksx' and expected text 'Starbucks Reserve Ltduksx' are matched  using regular expression

2018-07-24 15:11:49 - [TEST_STEP][PASSED] - verifyElementVisible: Object 'Object Repository/Home_OR/preview_campaign_instruction' is visible

2018-07-24 15:11:50 - [MESSAGE][PASSED] - Object 'Object Repository/Home_OR/preview_campaign_instruction' is visible

2018-07-24 15:11:50 - [TEST_STEP][PASSED] - Statement - verifyPreviewCampaignInstruc = com.kms.katalon.core.webui.keyword.WebUiBuiltInKeywords.getText(com.kms.katalon.core.testobject.ObjectRepository.findTestObject(Home_OR/preview_campaign_instruction)): Text of object 'Object Repository/Home_OR/preview_campaign_instruction' is: 'Please subscribe with us and redeem a free coffee. Come join us now!uksx'

2018-07-24 15:11:50 - [MESSAGE][PASSED] - Text of object 'Object Repository/Home_OR/preview_campaign_instruction' is: 'Please subscribe with us and redeem a free coffee. Come join us now!uksx'

2018-07-24 15:11:50 - [TEST_STEP][PASSED] - verifyMatch: Actual text 'Please subscribe with us and redeem a free coffee. Come join us now!uksx' and expected text 'Please subscribe with us and redeem a free coffee. Come join us now!uksx' are matched 

2018-07-24 15:11:50 - [MESSAGE][PASSED] - Actual text 'Please subscribe with us and redeem a free coffee. Come join us now!uksx' and expected text 'Please subscribe with us and redeem a free coffee. Come join us now!uksx' are matched 

2018-07-24 15:11:50 - [TEST_STEP][PASSED] - Statement - verifyEmail = false: null

2018-07-24 15:11:50 - [TEST_STEP][PASSED] - Statement - If (radioEmail.toLowerCase() == "true"): null

2018-07-24 15:11:50 - [TEST_STEP][PASSED] - Statement - verifyEmail = true: null

2018-07-24 15:11:50 - [TEST_STEP][PASSED] - Statement - If (verifyEmail == true): Object 'Object Repository/Home_OR/preview_email' is visible

2018-07-24 15:11:50 - [TEST_STEP][PASSED] - verifyElementVisible: Object 'Object Repository/Home_OR/preview_label_email' is visible

2018-07-24 15:11:50 - [MESSAGE][PASSED] - Object 'Object Repository/Home_OR/preview_label_email' is visible

2018-07-24 15:11:50 - [TEST_STEP][PASSED] - verifyElementVisible: Object 'Object Repository/Home_OR/preview_email' is visible

2018-07-24 15:11:50 - [MESSAGE][PASSED] - Object 'Object Repository/Home_OR/preview_email' is visible

2018-07-24 15:11:50 - [TEST_STEP][PASSED] - Statement - verifyMobileno = false: null

2018-07-24 15:11:50 - [TEST_STEP][PASSED] - Statement - If (radioMobileno.toLowerCase() == "true"): null

2018-07-24 15:11:50 - [TEST_STEP][PASSED] - Statement - verifyMobileno = true: null

2018-07-24 15:11:50 - [TEST_STEP][PASSED] - Statement - If (verifyMobileno == true): Object 'Object Repository/Home_OR/preview_mobileno' is visible

2018-07-24 15:11:50 - [TEST_STEP][PASSED] - verifyElementVisible: Object 'Object Repository/Home_OR/preview_countrycode' is visible

2018-07-24 15:11:50 - [MESSAGE][PASSED] - Object 'Object Repository/Home_OR/preview_countrycode' is visible

2018-07-24 15:11:50 - [TEST_STEP][PASSED] - getText: Text of object 'Object Repository/Home_OR/preview_countrycode' is: '60'

2018-07-24 15:11:50 - [MESSAGE][PASSED] - Text of object 'Object Repository/Home_OR/preview_countrycode' is: '60'

2018-07-24 15:11:50 - [TEST_STEP][PASSED] - verifyElementVisible: Object 'Object Repository/Home_OR/preview_mobileno' is visible

2018-07-24 15:11:50 - [MESSAGE][PASSED] - Object 'Object Repository/Home_OR/preview_mobileno' is visible

2018-07-24 15:11:50 - [TEST_STEP][PASSED] - Statement - verifyName = false: null

2018-07-24 15:11:50 - [TEST_STEP][PASSED] - Statement - If (radioName.toLowerCase() == "true"): null

2018-07-24 15:11:50 - [TEST_STEP][PASSED] - Statement - verifyName = true: null

2018-07-24 15:11:50 - [TEST_STEP][PASSED] - Statement - If (verifyName == true): Object 'Object Repository/Home_OR/preview_name' is visible

2018-07-24 15:11:50 - [TEST_STEP][PASSED] - verifyElementVisible: Object 'Object Repository/Home_OR/preview_label_name' is visible

2018-07-24 15:11:50 - [MESSAGE][PASSED] - Object 'Object Repository/Home_OR/preview_label_name' is visible

2018-07-24 15:11:50 - [TEST_STEP][PASSED] - getText: Text of object 'Object Repository/Home_OR/preview_label_name' is: 'Name'

2018-07-24 15:11:50 - [MESSAGE][PASSED] - Text of object 'Object Repository/Home_OR/preview_label_name' is: 'Name'

2018-07-24 15:11:50 - [TEST_STEP][PASSED] - verifyElementVisible: Object 'Object Repository/Home_OR/preview_name' is visible

2018-07-24 15:11:50 - [MESSAGE][PASSED] - Object 'Object Repository/Home_OR/preview_name' is visible

2018-07-24 15:11:50 - [TEST_STEP][PASSED] - Statement - verifyGender = false: null

2018-07-24 15:11:50 - [TEST_STEP][PASSED] - Statement - If (radioGender.toLowerCase() == "true"): null

2018-07-24 15:11:50 - [TEST_STEP][PASSED] - Statement - verifyGender = true: null

2018-07-24 15:11:50 - [TEST_STEP][PASSED] - Statement - If (verifyGender == true): Text of object 'Object Repository/Home_OR/preview_gender_female' is: 'Female'

2018-07-24 15:11:50 - [TEST_STEP][PASSED] - verifyElementVisible: Object 'Object Repository/Home_OR/preview_gender_male' is visible

2018-07-24 15:11:50 - [MESSAGE][PASSED] - Object 'Object Repository/Home_OR/preview_gender_male' is visible

2018-07-24 15:11:50 - [TEST_STEP][PASSED] - getText: Text of object 'Object Repository/Home_OR/preview_gender_male' is: 'Male'

2018-07-24 15:11:50 - [MESSAGE][PASSED] - Text of object 'Object Repository/Home_OR/preview_gender_male' is: 'Male'

2018-07-24 15:11:50 - [TEST_STEP][PASSED] - verifyElementVisible: Object 'Object Repository/Home_OR/preview_gender_female' is visible

2018-07-24 15:11:50 - [MESSAGE][PASSED] - Object 'Object Repository/Home_OR/preview_gender_female' is visible

2018-07-24 15:11:50 - [TEST_STEP][PASSED] - getText: Text of object 'Object Repository/Home_OR/preview_gender_female' is: 'Female'

2018-07-24 15:11:50 - [MESSAGE][PASSED] - Text of object 'Object Repository/Home_OR/preview_gender_female' is: 'Female'

2018-07-24 15:11:50 - [TEST_STEP][PASSED] - Statement - verifyDOB = false: null

2018-07-24 15:11:50 - [TEST_STEP][PASSED] - Statement - If (radioDOB.toLowerCase() == "true"): null

2018-07-24 15:11:50 - [TEST_STEP][PASSED] - Statement - verifyDOB = true: null

2018-07-24 15:11:50 - [TEST_STEP][PASSED] - Statement - If (verifyDOB == true): Object 'Object Repository/Home_OR/preview_dob' is visible

2018-07-24 15:11:50 - [TEST_STEP][PASSED] - verifyElementVisible: Object 'Object Repository/Home_OR/preview_label_dob' is visible

2018-07-24 15:11:50 - [MESSAGE][PASSED] - Object 'Object Repository/Home_OR/preview_label_dob' is visible

2018-07-24 15:11:50 - [TEST_STEP][PASSED] - getText: Text of object 'Object Repository/Home_OR/preview_label_dob' is: 'DOB'

2018-07-24 15:11:50 - [MESSAGE][PASSED] - Text of object 'Object Repository/Home_OR/preview_label_dob' is: 'DOB'

2018-07-24 15:11:50 - [TEST_STEP][PASSED] - verifyElementVisible: Object 'Object Repository/Home_OR/preview_dob' is visible

2018-07-24 15:11:50 - [MESSAGE][PASSED] - Object 'Object Repository/Home_OR/preview_dob' is visible

2018-07-24 15:11:50 - [TEST_STEP][PASSED] - Statement - currentWindow = com.kms.katalon.core.webui.keyword.WebUiBuiltInKeywords.getWindowIndex(): Current window's index is: 0

2018-07-24 15:11:50 - [MESSAGE][PASSED] - Current window's index is: 0

2018-07-24 15:11:50 - [TEST_STEP][PASSED] - Statement - nextTabIndex = currentWindow + 1: null

2018-07-24 15:11:50 - [TEST_STEP][PASSED] - Statement - If (viewport_width <= 1007): null

2018-07-24 15:11:50 - [TEST_STEP][PASSED] - click: Object: 'Object Repository/Home_OR/button_URL' is clicked on

2018-07-24 15:11:50 - [MESSAGE][PASSED] - Object: 'Object Repository/Home_OR/button_URL' is clicked on

2018-07-24 15:11:50 - [TEST_STEP][PASSED] - waitForElementVisible: Object 'Object Repository/Home_OR/campaign_url' is visible

2018-07-24 15:11:51 - [MESSAGE][PASSED] - Object 'Object Repository/Home_OR/campaign_url' is visible

2018-07-24 15:11:51 - [TEST_STEP][PASSED] - waitForElementVisible: Object 'Object Repository/Home_OR/button_Preview URL' is visible

2018-07-24 15:11:51 - [MESSAGE][PASSED] - Object 'Object Repository/Home_OR/button_Preview URL' is visible

2018-07-24 15:11:51 - [TEST_STEP][PASSED] - click: Object: 'Object Repository/Home_OR/button_Preview URL' is clicked on

2018-07-24 15:11:51 - [MESSAGE][PASSED] - Object: 'Object Repository/Home_OR/button_Preview URL' is clicked on

2018-07-24 15:11:51 - [TEST_STEP][PASSED] - switchToWindowIndex: Switched to window with index: '1'

2018-07-24 15:11:51 - [MESSAGE][PASSED] - Switched to window with index: '1'

2018-07-24 15:11:51 - [TEST_STEP][PASSED] - waitForElementVisible: Object 'Object Repository/Campaign_Subscribe/campaign_img' is visible

2018-07-24 15:11:52 - [MESSAGE][PASSED] - Object 'Object Repository/Campaign_Subscribe/campaign_img' is visible

2018-07-24 15:11:52 - [TEST_STEP][PASSED] - verifyElementVisible: Object 'Object Repository/Campaign_Subscribe/campaign_img' is visible

2018-07-24 15:11:52 - [MESSAGE][PASSED] - Object 'Object Repository/Campaign_Subscribe/campaign_img' is visible

2018-07-24 15:11:52 - [TEST_STEP][PASSED] - verifyElementVisible: Object 'Object Repository/Campaign_Subscribe/company_name' is visible

2018-07-24 15:11:52 - [MESSAGE][PASSED] - Object 'Object Repository/Campaign_Subscribe/company_name' is visible

2018-07-24 15:11:52 - [TEST_STEP][PASSED] - Statement - verifyCompanyName = com.kms.katalon.core.webui.keyword.WebUiBuiltInKeywords.getText(com.kms.katalon.core.testobject.ObjectRepository.findTestObject(Campaign_Subscribe/company_name)): Text of object 'Object Repository/Campaign_Subscribe/company_name' is: 'Starbucks Reserve Ltduksx'

2018-07-24 15:11:53 - [MESSAGE][PASSED] - Text of object 'Object Repository/Campaign_Subscribe/company_name' is: 'Starbucks Reserve Ltduksx'

2018-07-24 15:11:53 - [TEST_STEP][PASSED] - verifyMatch: Actual text 'Starbucks Reserve Ltduksx' and expected text 'Starbucks Reserve Ltduksx' are matched  using regular expression

2018-07-24 15:11:53 - [MESSAGE][PASSED] - Actual text 'Starbucks Reserve Ltduksx' and expected text 'Starbucks Reserve Ltduksx' are matched  using regular expression

2018-07-24 15:11:53 - [TEST_STEP][PASSED] - verifyElementVisible: Object 'Object Repository/Campaign_Subscribe/campaign_instruction' is visible

2018-07-24 15:11:53 - [MESSAGE][PASSED] - Object 'Object Repository/Campaign_Subscribe/campaign_instruction' is visible

2018-07-24 15:11:53 - [TEST_STEP][PASSED] - Statement - verifyCampaignInstruction = com.kms.katalon.core.webui.keyword.WebUiBuiltInKeywords.getText(com.kms.katalon.core.testobject.ObjectRepository.findTestObject(Campaign_Subscribe/campaign_instruction)): Text of object 'Object Repository/Campaign_Subscribe/campaign_instruction' is: 'Please subscribe with us and redeem a free coffee. Come join us now!uksx'

2018-07-24 15:11:53 - [MESSAGE][PASSED] - Text of object 'Object Repository/Campaign_Subscribe/campaign_instruction' is: 'Please subscribe with us and redeem a free coffee. Come join us now!uksx'

2018-07-24 15:11:53 - [TEST_STEP][PASSED] - verifyMatch: Actual text 'Please subscribe with us and redeem a free coffee. Come join us now!uksx' and expected text 'Please subscribe with us and redeem a free coffee. Come join us now!uksx' are matched  using regular expression

2018-07-24 15:11:53 - [MESSAGE][PASSED] - Actual text 'Please subscribe with us and redeem a free coffee. Come join us now!uksx' and expected text 'Please subscribe with us and redeem a free coffee. Come join us now!uksx' are matched  using regular expression

2018-07-24 15:11:53 - [TEST_STEP][PASSED] - Statement - If (verifyEmail == true): Object 'Object Repository/Campaign_Subscribe/input_email' is visible

2018-07-24 15:11:53 - [TEST_STEP][PASSED] - verifyElementVisible: Object 'Object Repository/Campaign_Subscribe/input_email' is visible

2018-07-24 15:11:53 - [MESSAGE][PASSED] - Object 'Object Repository/Campaign_Subscribe/input_email' is visible

2018-07-24 15:11:53 - [TEST_STEP][PASSED] - Statement - If (verifyMobileno == true): Object 'Object Repository/Campaign_Subscribe/input_mobileno' is visible

2018-07-24 15:11:53 - [TEST_STEP][PASSED] - verifyElementVisible: Object 'Object Repository/Campaign_Subscribe/country_code' is visible

2018-07-24 15:11:53 - [MESSAGE][PASSED] - Object 'Object Repository/Campaign_Subscribe/country_code' is visible

2018-07-24 15:11:53 - [TEST_STEP][PASSED] - verifyElementVisible: Object 'Object Repository/Campaign_Subscribe/input_mobileno' is visible

2018-07-24 15:11:53 - [MESSAGE][PASSED] - Object 'Object Repository/Campaign_Subscribe/input_mobileno' is visible

2018-07-24 15:11:53 - [TEST_STEP][PASSED] - Statement - If (verifyName == true): Object 'Object Repository/Campaign_Subscribe/input_name' is visible

2018-07-24 15:11:53 - [TEST_STEP][PASSED] - verifyElementVisible: Object 'Object Repository/Campaign_Subscribe/input_name' is visible

2018-07-24 15:11:53 - [MESSAGE][PASSED] - Object 'Object Repository/Campaign_Subscribe/input_name' is visible

2018-07-24 15:11:53 - [TEST_STEP][PASSED] - Statement - If (verifyGender == true): Object 'Object Repository/Campaign_Subscribe/radio_female' is visible

2018-07-24 15:11:53 - [TEST_STEP][PASSED] - verifyElementVisible: Object 'Object Repository/Campaign_Subscribe/radio_male' is visible

2018-07-24 15:11:53 - [MESSAGE][PASSED] - Object 'Object Repository/Campaign_Subscribe/radio_male' is visible

2018-07-24 15:11:53 - [TEST_STEP][PASSED] - verifyElementVisible: Object 'Object Repository/Campaign_Subscribe/radio_female' is visible

2018-07-24 15:11:53 - [MESSAGE][PASSED] - Object 'Object Repository/Campaign_Subscribe/radio_female' is visible

2018-07-24 15:11:53 - [TEST_STEP][PASSED] - Statement - If (verifyDOB == true): Object 'Object Repository/Campaign_Subscribe/input_dob' is visible

2018-07-24 15:11:53 - [TEST_STEP][PASSED] - verifyElementVisible: Object 'Object Repository/Campaign_Subscribe/input_dob' is visible

2018-07-24 15:11:53 - [MESSAGE][PASSED] - Object 'Object Repository/Campaign_Subscribe/input_dob' is visible

2018-07-24 15:11:53 - [TEST_STEP][PASSED] - closeWindowIndex: Window with index 1 is closed

2018-07-24 15:11:53 - [MESSAGE][PASSED] - Window with index 1 is closed

2018-07-24 15:11:53 - [TEST_STEP][PASSED] - switchToWindowIndex: Switched to window with index: '0'

2018-07-24 15:11:53 - [MESSAGE][PASSED] - Switched to window with index: '0'

2018-07-24 15:11:53 - [TEST_STEP][PASSED] - scrollToElement: Scroll to object 'Object Repository/Home_OR/button_Close' successfully

2018-07-24 15:11:53 - [MESSAGE][PASSED] - Scroll to object 'Object Repository/Home_OR/button_Close' successfully

2018-07-24 15:11:53 - [TEST_STEP][PASSED] - click: Object: 'Object Repository/Home_OR/button_Close' is clicked on

2018-07-24 15:11:53 - [MESSAGE][PASSED] - Object: 'Object Repository/Home_OR/button_Close' is clicked on

2018-07-24 15:11:53 - [TEST_STEP][PASSED] - Statement - accessModule = false: null

2018-07-24 15:11:53 - [MESSAGE][PASSED] - Call Test Case 'Test Cases/Merchant Portal/Campaign/Campagin Modules/verify campaign' successfully]]></system-out>
         <system-err><![CDATA[]]></system-err>
      </testcase>
      <testcase name="Test Cases/Merchant Portal/Login_Logout/Login Modules/logout" classname="Test Cases/Merchant Portal/Login_Logout/Login Modules/logout" status="PASSED">
         <system-out><![CDATA[2018-07-24 15:11:53 - [TEST_CASE][PASSED] - Test Cases/Merchant Portal/Login_Logout/Login Modules/logout: Test Cases/Merchant Portal/Login_Logout/Login Modules/logout

2018-07-24 15:11:53 - [TEST_STEP][PASSED] - Statement - If (loggedin == false): null

2018-07-24 15:11:53 - [TEST_STEP][PASSED] - Statement - If (checkPointer == false): Object 'Object Repository/Login_OR/topbar_username' is visible

2018-07-24 15:11:53 - [TEST_STEP][PASSED] - waitForElementPresent: Object 'Object Repository/Login_OR/topbar_username' is present

2018-07-24 15:11:53 - [MESSAGE][PASSED] - Object 'Object Repository/Login_OR/topbar_username' is present

2018-07-24 15:11:53 - [TEST_STEP][PASSED] - waitForElementVisible: Object 'Object Repository/Login_OR/topbar_username' is visible

2018-07-24 15:11:53 - [MESSAGE][PASSED] - Object 'Object Repository/Login_OR/topbar_username' is visible

2018-07-24 15:11:53 - [TEST_STEP][PASSED] - Statement - If (loggedout == false): null

2018-07-24 15:11:53 - [TEST_STEP][PASSED] - waitForElementNotVisible: Object 'Object Repository/a.Not_Assigned_OR/alert_msg_top' is NOT visible

2018-07-24 15:11:53 - [MESSAGE][PASSED] - Object 'Object Repository/a.Not_Assigned_OR/alert_msg_top' is NOT visible

2018-07-24 15:11:53 - [TEST_STEP][PASSED] - click: Object: 'Object Repository/Logout_OR/a.username_link' is clicked on

2018-07-24 15:11:54 - [MESSAGE][PASSED] - Object: 'Object Repository/Logout_OR/a.username_link' is clicked on

2018-07-24 15:11:54 - [TEST_STEP][PASSED] - click: Object: 'Object Repository/Logout_OR/b.logout_selection' is clicked on

2018-07-24 15:11:54 - [MESSAGE][PASSED] - Object: 'Object Repository/Logout_OR/b.logout_selection' is clicked on

2018-07-24 15:11:54 - [TEST_STEP][PASSED] - waitForElementVisible: Object 'Object Repository/Logout_OR/c.yes_button' is visible

2018-07-24 15:11:54 - [MESSAGE][PASSED] - Object 'Object Repository/Logout_OR/c.yes_button' is visible

2018-07-24 15:11:54 - [TEST_STEP][PASSED] - click: Object: 'Object Repository/Logout_OR/c.yes_button' is clicked on

2018-07-24 15:11:54 - [MESSAGE][PASSED] - Object: 'Object Repository/Logout_OR/c.yes_button' is clicked on

2018-07-24 15:11:54 - [TEST_STEP][PASSED] - Statement - loggedout = true: null]]></system-out>
         <system-err><![CDATA[]]></system-err>
      </testcase>
      <system-out><![CDATA[2018-07-24 14:57:50 - [TEST_SUITE][PASSED] - TS002 Edit Campaign with negative testing: Test Cases/Merchant Portal/Login_Logout/Login Modules/logout]]></system-out>
      <system-err><![CDATA[]]></system-err>
   </testsuite>
</testsuites>
